
[1;4;93mStarting Polypolish polish[0m [2m(2026-03-22 17:59:24)[0m
[2m    Polypolish is a tool for polishing genome assemblies with short reads.
Unlike other tools in this category, Polypolish uses SAM files where each read
has been aligned to all possible locations (not just a single best location).
This allows it to repair errors in repeat regions that other alignment-based
polishers cannot fix.[0m

Polypolish version: 0.6.1

Input assembly:
  hybracter-hybrid/processing/complete/medaka_rd_2/NCPPB_1231/consensus.fasta

Input short-read alignments:
  hybracter-hybrid/processing/complete/bwa/NCPPB_1231_1.sam
  hybracter-hybrid/processing/complete/bwa/NCPPB_1231_2.sam

Settings:
  --fraction_invalid 0.2
  --fraction_valid 0.5
  --max_errors 10
  --min_depth 5
  not logging debugging information


[1;4;93mLoading assembly[0m [2m(2026-03-22 17:59:24)[0m
contig_1 (4,891,174 bp)


[1;4;93mLoading alignments[0m [2m(2026-03-22 17:59:24)[0m
hybracter-hybrid/processing/complete/bwa/NCPPB_1231_1.sam: 10,117,565 alignments from 9,439,182 reads
hybracter-hybrid/processing/complete/bwa/NCPPB_1231_2.sam: 10,120,685 alignments from 9,440,636 reads

Filtering for high-quality end-to-end alignments:
  19,541,364 alignments kept
  696,886 alignments discarded


[1;4;93mPolishing assembly sequences[0m [2m(2026-03-22 18:00:33)[0m
[2m    For each position in the assembly, Polypolish determines the read depth
at that position and collects all aligned bases. It then polishes the assembly
by looking for positions where the pileup unambiguously supports a different
sequence than the assembly.[0m

Polishing contig_1 (4,891,174 bp):
  mean read depth: 495.5x
  3 bp have a depth of zero (99.9999% coverage)
  1 position changed (0.0000% of total positions)
  estimated pre-polishing sequence accuracy: 100.0000% (Q66.89)


[1;4;93mFinished![0m [2m(2026-03-22 18:00:34)[0m
Polished sequence (to stdout):
  contig_1_polypolish (4,891,174 bp)

Time to run: 0:01:10.470377

