/data/djs217/miniconda3/envs/hybracter_env/lib/python3.11/site-packages/hybracter/workflow/conda/78019da34467f1ccbd2a1e2321558605_/lib/python3.12/site-packages/click/core.py:1213: UserWarning: The parameter --flye_directory is used more than once. Remove its duplicate as parameters should be unique.
  parser = self.make_parser(ctx)
/data/djs217/miniconda3/envs/hybracter_env/lib/python3.11/site-packages/hybracter/workflow/conda/78019da34467f1ccbd2a1e2321558605_/lib/python3.12/site-packages/click/core.py:1206: UserWarning: The parameter --flye_directory is used more than once. Remove its duplicate as parameters should be unique.
  self.parse_args(ctx, args)
2026-03-28 20:33:19.241 | INFO     | plassembler:begin_plassembler:101 - You are using Plassembler version 1.8.1

2026-03-28 20:33:19.241 | INFO     | plassembler:begin_plassembler:102 - Repository homepage is https://github.com/gbouras13/plassembler
2026-03-28 20:33:19.241 | INFO     | plassembler:begin_plassembler:103 - Written by George Bouras: george.bouras@adelaide.edu.au
2026-03-28 20:33:19.241 | INFO     | plassembler:run:412 - Database directory is /data/djs217/miniconda3/envs/hybracter_env/lib/python3.11/site-packages/hybracter/workflow/../databases
2026-03-28 20:33:19.241 | INFO     | plassembler:run:413 - Longreads file is hybracter-hybrid-misc/processing/qc/NCPPB_2439_zinniae_filt_trim.fastq.gz
2026-03-28 20:33:19.241 | INFO     | plassembler:run:414 - R1 fasta file is hybracter-hybrid-misc/processing/qc/fastp/NCPPB_2439_zinniae_1.fastq.gz
2026-03-28 20:33:19.241 | INFO     | plassembler:run:415 - R2 fasta file is hybracter-hybrid-misc/processing/qc/fastp/NCPPB_2439_zinniae_2.fastq.gz
2026-03-28 20:33:19.241 | INFO     | plassembler:run:416 - Chromosome length threshold is 4500000
2026-03-28 20:33:19.241 | INFO     | plassembler:run:417 - Output directory is hybracter-hybrid-misc/processing/plassembler/NCPPB_2439_zinniae
2026-03-28 20:33:19.241 | INFO     | plassembler:run:418 - Min long read length is 500
2026-03-28 20:33:19.241 | INFO     | plassembler:run:419 - Min long read quality is 9
2026-03-28 20:33:19.242 | INFO     | plassembler:run:420 - Thread count is 12
2026-03-28 20:33:19.242 | INFO     | plassembler:run:421 - --force is True
2026-03-28 20:33:19.242 | INFO     | plassembler:run:422 - --skip_qc is True
2026-03-28 20:33:19.242 | INFO     | plassembler:run:423 - --raw_flag is False
2026-03-28 20:33:19.242 | INFO     | plassembler:run:424 - --pacbio_model is nothing
2026-03-28 20:33:19.242 | INFO     | plassembler:run:425 - --keep_fastqs is False
2026-03-28 20:33:19.242 | INFO     | plassembler:run:426 - --keep_chromosome is False
2026-03-28 20:33:19.242 | INFO     | plassembler:run:427 - --flye_directory is hybracter-hybrid-misc/processing/assemblies/NCPPB_2439_zinniae
2026-03-28 20:33:19.242 | INFO     | plassembler:run:428 - --flye_assembly is nothing
2026-03-28 20:33:19.242 | INFO     | plassembler:run:429 - --flye_info is nothing
2026-03-28 20:33:19.242 | INFO     | plassembler:run:430 - --no_chromosome is False
2026-03-28 20:33:19.242 | INFO     | plassembler:run:431 - --use_raven is False
2026-03-28 20:33:19.243 | INFO     | plassembler:run:432 - --depth_filter is 0.25
2026-03-28 20:33:19.243 | INFO     | plassembler:run:433 - --unicycler_options is None
2026-03-28 20:33:19.243 | INFO     | plassembler:run:434 - --spades_options is None
2026-03-28 20:33:19.243 | INFO     | plassembler:run:435 - --skip_mash is False
2026-03-28 20:33:19.243 | INFO     | plassembler:run:439 - Checking dependencies
2026-03-28 20:33:19.329 | INFO     | plassembler.utils.input_commands:check_dependencies:199 - Flye version found is v2.9.6-b1802.
2026-03-28 20:33:19.329 | INFO     | plassembler.utils.input_commands:check_dependencies:209 - Flye version is ok.
2026-03-28 20:33:19.332 | INFO     | plassembler.utils.input_commands:check_dependencies:218 - Raven v1.8.3 found.
2026-03-28 20:33:19.332 | INFO     | plassembler.utils.input_commands:check_dependencies:220 - Raven version is ok.
2026-03-28 20:33:19.421 | INFO     | plassembler.utils.input_commands:check_dependencies:242 - Unicycler version found is v0.5.1.
2026-03-28 20:33:19.421 | INFO     | plassembler.utils.input_commands:check_dependencies:255 - Unicycler version is ok.
2026-03-28 20:33:19.533 | INFO     | plassembler.utils.input_commands:check_dependencies:265 - SPAdes v4.2.0 found.
2026-03-28 20:33:19.549 | INFO     | plassembler.utils.input_commands:check_dependencies:278 - Samtools v1.22.1 found.
2026-03-28 20:33:19.551 | INFO     | plassembler.utils.input_commands:check_dependencies:289 - minimap2 v2.30-r1287 found.
2026-03-28 20:33:19.555 | INFO     | plassembler.utils.input_commands:check_dependencies:300 - fastp v1.0.1 found.
2026-03-28 20:33:19.557 | INFO     | plassembler.utils.input_commands:check_dependencies:311 - chopper v0.11.0 found.
2026-03-28 20:33:19.566 | INFO     | plassembler.utils.input_commands:check_dependencies:326 - mash v2.3 found.
2026-03-28 20:33:20.622 | INFO     | plassembler.utils.input_commands:check_dependencies:337 - canu v2.2 found.
2026-03-28 20:33:21.581 | INFO     | plassembler.utils.input_commands:check_dependencies:348 - dnaapler v1.3.0 found.
2026-03-28 20:33:21.720 | INFO     | plassembler.utils.input_commands:check_dependencies:365 - BLAST version found is v2.17.0.
2026-03-28 20:33:21.720 | INFO     | plassembler.utils.input_commands:check_dependencies:371 - All dependencies found.
2026-03-28 20:33:21.721 | INFO     | plassembler:run:448 - Checking database installation.
2026-03-28 20:33:21.721 | INFO     | plassembler.utils.db:check_db_installation:52 - PLSDB Database mash sketch at /data/djs217/miniconda3/envs/hybracter_env/lib/python3.11/site-packages/hybracter/workflow/../databases/plsdb_2023_11_03_v2.msh exists.
2026-03-28 20:33:21.721 | INFO     | plassembler.utils.db:check_db_installation:53 - PLSDB Database tsv metadata file at /data/djs217/miniconda3/envs/hybracter_env/lib/python3.11/site-packages/hybracter/workflow/../databases/plsdb_2023_11_03_v2.tsv exists.
2026-03-28 20:33:21.721 | INFO     | plassembler.utils.db:check_db_installation:54 - PLSDB Database at /data/djs217/miniconda3/envs/hybracter_env/lib/python3.11/site-packages/hybracter/workflow/../databases has already been downloaded
2026-03-28 20:33:21.721 | INFO     | plassembler:run:456 - Database successfully checked.
2026-03-28 20:33:21.722 | INFO     | plassembler:run:459 - Checking input fastqs.
2026-03-28 20:33:21.724 | INFO     | plassembler.utils.input_commands:validate_fastq:24 - FASTQ hybracter-hybrid-misc/processing/qc/NCPPB_2439_zinniae_filt_trim.fastq.gz checked
2026-03-28 20:33:21.771 | INFO     | plassembler.utils.input_commands:validate_fastq:24 - FASTQ hybracter-hybrid-misc/processing/qc/fastp/NCPPB_2439_zinniae_1.fastq.gz checked
2026-03-28 20:33:21.816 | INFO     | plassembler.utils.input_commands:validate_fastq:24 - FASTQ hybracter-hybrid-misc/processing/qc/fastp/NCPPB_2439_zinniae_2.fastq.gz checked
2026-03-28 20:33:21.816 | INFO     | plassembler:run:467 - FASTQ file hybracter-hybrid-misc/processing/qc/NCPPB_2439_zinniae_filt_trim.fastq.gz compression is True
2026-03-28 20:33:21.817 | INFO     | plassembler:run:468 - FASTQ file hybracter-hybrid-misc/processing/qc/fastp/NCPPB_2439_zinniae_1.fastq.gz compression is True
2026-03-28 20:33:21.817 | INFO     | plassembler:run:469 - FASTQ file hybracter-hybrid-misc/processing/qc/fastp/NCPPB_2439_zinniae_2.fastq.gz compression is True
2026-03-28 20:33:22.132 | INFO     | plassembler:run:518 - You have specified a hybracter-hybrid-misc/processing/assemblies/NCPPB_2439_zinniae with an existing flye assembly.
2026-03-28 20:33:22.132 | INFO     | plassembler:run:521 - Copying files.
2026-03-28 20:33:22.138 | INFO     | plassembler:run:562 - Counting Contigs.
2026-03-28 20:33:22.175 | INFO     | plassembler.utils.plass_class:get_contig_count:87 - Assembled 1 contigs.
2026-03-28 20:33:22.175 | INFO     | plassembler:run:578 - Only one contig was assembled with Flye.
2026-03-28 20:33:22.250 | INFO     | plassembler:run:605 - Chromosome Identified. Plassembler will now use long and short reads to assemble plasmids accurately.
2026-03-28 20:33:22.250 | INFO     | plassembler:run:610 - Skipping short read trimming as --skip_qc was specified
2026-03-28 20:34:26.058 | INFO     | plassembler:run:619 - Mapping long reads.
2026-03-28 20:34:26.059 | INFO     | plassembler.utils.external_tools:run_to_stdout:67 - Started running minimap2 -ax map-ont -t 12 hybracter-hybrid-misc/processing/plassembler/NCPPB_2439_zinniae/flye_renamed.fasta hybracter-hybrid-misc/processing/plassembler/NCPPB_2439_zinniae/chopper_long_reads.fastq.gz ...
2026-03-28 20:34:45.651 | INFO     | plassembler.utils.external_tools:run_to_stdout:69 - Done running minimap2 -ax map-ont -t 12 hybracter-hybrid-misc/processing/plassembler/NCPPB_2439_zinniae/flye_renamed.fasta hybracter-hybrid-misc/processing/plassembler/NCPPB_2439_zinniae/chopper_long_reads.fastq.gz
2026-03-28 20:34:45.651 | INFO     | plassembler:run:631 - Mapping short reads.
2026-03-28 20:34:45.652 | INFO     | plassembler.utils.external_tools:run_to_stdout:67 - Started running minimap2 -ax sr -t 12 hybracter-hybrid-misc/processing/plassembler/NCPPB_2439_zinniae/flye_renamed.fasta hybracter-hybrid-misc/processing/plassembler/NCPPB_2439_zinniae/trimmed_R1.fastq hybracter-hybrid-misc/processing/plassembler/NCPPB_2439_zinniae/trimmed_R2.fastq ...
2026-03-28 20:35:20.693 | INFO     | plassembler.utils.external_tools:run_to_stdout:69 - Done running minimap2 -ax sr -t 12 hybracter-hybrid-misc/processing/plassembler/NCPPB_2439_zinniae/flye_renamed.fasta hybracter-hybrid-misc/processing/plassembler/NCPPB_2439_zinniae/trimmed_R1.fastq hybracter-hybrid-misc/processing/plassembler/NCPPB_2439_zinniae/trimmed_R2.fastq
2026-03-28 20:35:20.693 | INFO     | plassembler:run:635 - Processing Sam/Bam Files and extracting Fastqs.
2026-03-28 20:35:21.488 | INFO     | plassembler.utils.external_tools:run_to_stdout:67 - Started running samtools view -h -@ 12 -b hybracter-hybrid-misc/processing/plassembler/NCPPB_2439_zinniae/short_read.sam ...
2026-03-28 20:35:57.503 | INFO     | plassembler.utils.external_tools:run_to_stdout:69 - Done running samtools view -h -@ 12 -b hybracter-hybrid-misc/processing/plassembler/NCPPB_2439_zinniae/short_read.sam
2026-03-28 20:35:57.505 | INFO     | plassembler.utils.external_tools:run_to_stdout:67 - Started running samtools view -b -h -@ 12 -L hybracter-hybrid-misc/processing/plassembler/NCPPB_2439_zinniae/non_chromosome.bed hybracter-hybrid-misc/processing/plassembler/NCPPB_2439_zinniae/short_read.bam ...
2026-03-28 20:35:59.980 | INFO     | plassembler.utils.external_tools:run_to_stdout:69 - Done running samtools view -b -h -@ 12 -L hybracter-hybrid-misc/processing/plassembler/NCPPB_2439_zinniae/non_chromosome.bed hybracter-hybrid-misc/processing/plassembler/NCPPB_2439_zinniae/short_read.bam
2026-03-28 20:35:59.981 | INFO     | plassembler.utils.external_tools:run_to_stdout:67 - Started running samtools view -b -h -f 4 -@ 12 hybracter-hybrid-misc/processing/plassembler/NCPPB_2439_zinniae/short_read.bam ...
2026-03-28 20:36:03.118 | INFO     | plassembler.utils.external_tools:run_to_stdout:69 - Done running samtools view -b -h -f 4 -@ 12 hybracter-hybrid-misc/processing/plassembler/NCPPB_2439_zinniae/short_read.bam
2026-03-28 20:36:03.120 | INFO     | plassembler.utils.external_tools:run_to_stdout:67 - Started running samtools view -b -h -@ 12 -L hybracter-hybrid-misc/processing/plassembler/NCPPB_2439_zinniae/chromosome.bed hybracter-hybrid-misc/processing/plassembler/NCPPB_2439_zinniae/short_read.bam ...
2026-03-28 20:36:38.291 | INFO     | plassembler.utils.external_tools:run_to_stdout:69 - Done running samtools view -b -h -@ 12 -L hybracter-hybrid-misc/processing/plassembler/NCPPB_2439_zinniae/chromosome.bed hybracter-hybrid-misc/processing/plassembler/NCPPB_2439_zinniae/short_read.bam
2026-03-28 20:36:38.292 | INFO     | plassembler.utils.external_tools:run:58 - Started running samtools fastq -@ 12 hybracter-hybrid-misc/processing/plassembler/NCPPB_2439_zinniae/unmapped_bam_file.bam -1 hybracter-hybrid-misc/processing/plassembler/NCPPB_2439_zinniae/unmapped_R1.fastq -2 hybracter-hybrid-misc/processing/plassembler/NCPPB_2439_zinniae/unmapped_R2.fastq -0 /dev/null -s /dev/null -n ...
2026-03-28 20:36:38.475 | INFO     | plassembler.utils.external_tools:run:60 - Done running samtools fastq -@ 12 hybracter-hybrid-misc/processing/plassembler/NCPPB_2439_zinniae/unmapped_bam_file.bam -1 hybracter-hybrid-misc/processing/plassembler/NCPPB_2439_zinniae/unmapped_R1.fastq -2 hybracter-hybrid-misc/processing/plassembler/NCPPB_2439_zinniae/unmapped_R2.fastq -0 /dev/null -s /dev/null -n
2026-03-28 20:36:38.477 | INFO     | plassembler.utils.external_tools:run:58 - Started running samtools fastq -@ 12 hybracter-hybrid-misc/processing/plassembler/NCPPB_2439_zinniae/non_chromosome.bam -1 hybracter-hybrid-misc/processing/plassembler/NCPPB_2439_zinniae/mapped_non_chromosome_R1.fastq -2 hybracter-hybrid-misc/processing/plassembler/NCPPB_2439_zinniae/mapped_non_chromosome_R2.fastq -0 /dev/null -s /dev/null -n ...
2026-03-28 20:36:38.485 | INFO     | plassembler.utils.external_tools:run:60 - Done running samtools fastq -@ 12 hybracter-hybrid-misc/processing/plassembler/NCPPB_2439_zinniae/non_chromosome.bam -1 hybracter-hybrid-misc/processing/plassembler/NCPPB_2439_zinniae/mapped_non_chromosome_R1.fastq -2 hybracter-hybrid-misc/processing/plassembler/NCPPB_2439_zinniae/mapped_non_chromosome_R2.fastq -0 /dev/null -s /dev/null -n
2026-03-28 20:36:39.284 | INFO     | plassembler:run:652 - Running Unicycler.
2026-03-28 20:36:39.285 | INFO     | plassembler.utils.external_tools:run:58 - Started running unicycler -1 hybracter-hybrid-misc/processing/plassembler/NCPPB_2439_zinniae/short_read_concat_R1.fastq -2 hybracter-hybrid-misc/processing/plassembler/NCPPB_2439_zinniae/short_read_concat_R2.fastq -l hybracter-hybrid-misc/processing/plassembler/NCPPB_2439_zinniae/plasmid_long.fastq -t 12 -o hybracter-hybrid-misc/processing/plassembler/NCPPB_2439_zinniae/unicycler_output ...
2026-03-28 20:38:55.395 | INFO     | plassembler.utils.external_tools:run:60 - Done running unicycler -1 hybracter-hybrid-misc/processing/plassembler/NCPPB_2439_zinniae/short_read_concat_R1.fastq -2 hybracter-hybrid-misc/processing/plassembler/NCPPB_2439_zinniae/short_read_concat_R2.fastq -l hybracter-hybrid-misc/processing/plassembler/NCPPB_2439_zinniae/plasmid_long.fastq -t 12 -o hybracter-hybrid-misc/processing/plassembler/NCPPB_2439_zinniae/unicycler_output
2026-03-28 20:38:57.200 | INFO     | plassembler.utils.external_tools:run_to_stdout:67 - Started running minimap2 -ax map-ont -t 12 hybracter-hybrid-misc/processing/plassembler/NCPPB_2439_zinniae/combined.fasta hybracter-hybrid-misc/processing/plassembler/NCPPB_2439_zinniae/chopper_long_reads.fastq.gz ...
2026-03-28 20:39:24.950 | INFO     | plassembler.utils.external_tools:run_to_stdout:69 - Done running minimap2 -ax map-ont -t 12 hybracter-hybrid-misc/processing/plassembler/NCPPB_2439_zinniae/combined.fasta hybracter-hybrid-misc/processing/plassembler/NCPPB_2439_zinniae/chopper_long_reads.fastq.gz
2026-03-28 20:39:24.951 | INFO     | plassembler.utils.external_tools:run:58 - Started running samtools sort -@ 12 hybracter-hybrid-misc/processing/plassembler/NCPPB_2439_zinniae/combined_long.sam -o hybracter-hybrid-misc/processing/plassembler/NCPPB_2439_zinniae/combined_sorted_long.bam ...
2026-03-28 20:39:31.740 | INFO     | plassembler.utils.external_tools:run:60 - Done running samtools sort -@ 12 hybracter-hybrid-misc/processing/plassembler/NCPPB_2439_zinniae/combined_long.sam -o hybracter-hybrid-misc/processing/plassembler/NCPPB_2439_zinniae/combined_sorted_long.bam
2026-03-28 20:39:31.742 | INFO     | plassembler.utils.external_tools:run_to_stdout:67 - Started running minimap2 -ax sr -t 12 hybracter-hybrid-misc/processing/plassembler/NCPPB_2439_zinniae/combined.fasta hybracter-hybrid-misc/processing/plassembler/NCPPB_2439_zinniae/trimmed_R1.fastq hybracter-hybrid-misc/processing/plassembler/NCPPB_2439_zinniae/trimmed_R2.fastq ...
2026-03-28 20:42:14.113 | INFO     | plassembler.utils.external_tools:run_to_stdout:69 - Done running minimap2 -ax sr -t 12 hybracter-hybrid-misc/processing/plassembler/NCPPB_2439_zinniae/combined.fasta hybracter-hybrid-misc/processing/plassembler/NCPPB_2439_zinniae/trimmed_R1.fastq hybracter-hybrid-misc/processing/plassembler/NCPPB_2439_zinniae/trimmed_R2.fastq
2026-03-28 20:42:14.132 | INFO     | plassembler.utils.external_tools:run:58 - Started running samtools sort -@ 12 hybracter-hybrid-misc/processing/plassembler/NCPPB_2439_zinniae/combined_short.sam -o hybracter-hybrid-misc/processing/plassembler/NCPPB_2439_zinniae/combined_sorted_short.bam ...
2026-03-28 20:43:50.656 | INFO     | plassembler.utils.external_tools:run:60 - Done running samtools sort -@ 12 hybracter-hybrid-misc/processing/plassembler/NCPPB_2439_zinniae/combined_short.sam -o hybracter-hybrid-misc/processing/plassembler/NCPPB_2439_zinniae/combined_sorted_short.bam
2026-03-28 20:44:19.334 | INFO     | plassembler:run:683 - Calculating mash distances to PLSDB.
2026-03-28 20:44:19.390 | INFO     | plassembler.utils.external_tools:run:58 - Started running mash sketch hybracter-hybrid-misc/processing/plassembler/NCPPB_2439_zinniae/plasmids.fasta -i ...
2026-03-28 20:44:19.433 | INFO     | plassembler.utils.external_tools:run:60 - Done running mash sketch hybracter-hybrid-misc/processing/plassembler/NCPPB_2439_zinniae/plasmids.fasta -i
2026-03-28 20:44:19.434 | INFO     | plassembler.utils.external_tools:run_to_stdout:67 - Started running mash dist hybracter-hybrid-misc/processing/plassembler/NCPPB_2439_zinniae/plasmids.fasta.msh /data/djs217/miniconda3/envs/hybracter_env/lib/python3.11/site-packages/hybracter/workflow/../databases/plsdb_2023_11_03_v2.msh -v 0.1 -d 0.1 -i ...
2026-03-28 20:44:39.951 | INFO     | plassembler.utils.external_tools:run_to_stdout:69 - Done running mash dist hybracter-hybrid-misc/processing/plassembler/NCPPB_2439_zinniae/plasmids.fasta.msh /data/djs217/miniconda3/envs/hybracter_env/lib/python3.11/site-packages/hybracter/workflow/../databases/plsdb_2023_11_03_v2.msh -v 0.1 -d 0.1 -i
2026-03-28 20:44:40.665 | INFO     | plassembler.utils.plass_class:combine_depth_mash_tsvs:754 - Filtering contigs below depth filter: 0.25.
2026-03-28 20:44:40.665 | INFO     | plassembler.utils.plass_class:combine_depth_mash_tsvs:756 - All plasmids whose short and long read copy numbers are both below 0.25 will be removed.
2026-03-28 20:44:40.665 | WARNING  | plassembler.utils.plass_class:combine_depth_mash_tsvs:766 - There are 0 plasmids left after depth filtering.
2026-03-28 20:44:42.156 | INFO     | plassembler:end_plassembler:118 - Plassembler has finished
2026-03-28 20:44:42.156 | INFO     | plassembler:end_plassembler:119 - Elapsed time: 682.93 seconds
