[M::bwa_idx_load_from_disk] read 0 ALT contigs
[M::process] read 607264 sequences (80000067 bp)...
[M::process] read 603898 sequences (80000123 bp)...
[M::mem_process_seqs] Processed 607264 reads in 22.767 CPU sec, 3.695 real sec
[M::process] read 601706 sequences (80000215 bp)...
[M::mem_process_seqs] Processed 603898 reads in 21.032 CPU sec, 2.673 real sec
[M::process] read 605112 sequences (80000084 bp)...
[M::mem_process_seqs] Processed 601706 reads in 21.050 CPU sec, 2.566 real sec
[M::process] read 603386 sequences (80000041 bp)...
[M::mem_process_seqs] Processed 605112 reads in 21.236 CPU sec, 2.572 real sec
[M::process] read 600990 sequences (80000082 bp)...
[M::mem_process_seqs] Processed 603386 reads in 22.475 CPU sec, 2.694 real sec
[M::process] read 601832 sequences (80000095 bp)...
[M::mem_process_seqs] Processed 600990 reads in 23.037 CPU sec, 2.762 real sec
[M::process] read 602698 sequences (80000241 bp)...
[M::mem_process_seqs] Processed 601832 reads in 22.746 CPU sec, 2.757 real sec
[M::process] read 600548 sequences (80000250 bp)...
[M::mem_process_seqs] Processed 602698 reads in 22.980 CPU sec, 2.805 real sec
[M::process] read 600050 sequences (80000064 bp)...
[M::mem_process_seqs] Processed 600548 reads in 23.249 CPU sec, 2.798 real sec
[M::process] read 601244 sequences (80000010 bp)...
[M::mem_process_seqs] Processed 600050 reads in 23.010 CPU sec, 2.771 real sec
[M::process] read 599560 sequences (80000103 bp)...
[M::mem_process_seqs] Processed 601244 reads in 22.341 CPU sec, 2.723 real sec
[M::process] read 598476 sequences (80000127 bp)...
[M::mem_process_seqs] Processed 599560 reads in 21.899 CPU sec, 2.658 real sec
[M::process] read 611100 sequences (80000142 bp)...
[M::mem_process_seqs] Processed 598476 reads in 23.387 CPU sec, 2.812 real sec
[M::process] read 611306 sequences (80000092 bp)...
[M::mem_process_seqs] Processed 611100 reads in 22.966 CPU sec, 2.778 real sec
[M::process] read 608824 sequences (80000070 bp)...
[M::mem_process_seqs] Processed 611306 reads in 23.884 CPU sec, 2.896 real sec
[M::process] read 176448 sequences (23238053 bp)...
[M::mem_process_seqs] Processed 608824 reads in 22.608 CPU sec, 2.798 real sec
[M::mem_process_seqs] Processed 176448 reads in 7.869 CPU sec, 1.012 real sec
[main] Version: 0.7.19-r1273
[main] CMD: bwa mem -t 8 -a hybracter-hybrid-misc/processing/complete/medaka_rd_2/NCPPB_151_papavericola/consensus.fasta hybracter-hybrid-misc/processing/qc/fastp/NCPPB_151_papavericola_2.fastq.gz
[main] Real time: 48.630 sec; CPU: 369.728 sec
