[M::bwa_idx_load_from_disk] read 0 ALT contigs
[M::process] read 596112 sequences (80000228 bp)...
[M::process] read 592980 sequences (80000115 bp)...
[M::mem_process_seqs] Processed 596112 reads in 26.496 CPU sec, 3.261 real sec
[M::process] read 591104 sequences (80000146 bp)...
[M::mem_process_seqs] Processed 592980 reads in 25.721 CPU sec, 3.093 real sec
[M::process] read 594550 sequences (80000109 bp)...
[M::mem_process_seqs] Processed 591104 reads in 24.902 CPU sec, 3.032 real sec
[M::process] read 591828 sequences (80000136 bp)...
[M::mem_process_seqs] Processed 594550 reads in 25.546 CPU sec, 3.079 real sec
[M::process] read 590260 sequences (80000014 bp)...
[M::mem_process_seqs] Processed 591828 reads in 23.965 CPU sec, 2.879 real sec
[M::process] read 592526 sequences (80000055 bp)...
[M::mem_process_seqs] Processed 590260 reads in 25.029 CPU sec, 3.019 real sec
[M::process] read 590444 sequences (80000041 bp)...
[M::mem_process_seqs] Processed 592526 reads in 24.317 CPU sec, 2.927 real sec
[M::process] read 589454 sequences (80000207 bp)...
[M::mem_process_seqs] Processed 590444 reads in 23.887 CPU sec, 2.861 real sec
[M::process] read 591034 sequences (80000028 bp)...
[M::mem_process_seqs] Processed 589454 reads in 24.352 CPU sec, 2.912 real sec
[M::process] read 589348 sequences (80000237 bp)...
[M::mem_process_seqs] Processed 591034 reads in 26.840 CPU sec, 3.237 real sec
[M::process] read 588678 sequences (80000032 bp)...
[M::mem_process_seqs] Processed 589348 reads in 26.016 CPU sec, 3.141 real sec
[M::process] read 600508 sequences (80000163 bp)...
[M::mem_process_seqs] Processed 588678 reads in 24.919 CPU sec, 2.989 real sec
[M::process] read 597876 sequences (80000229 bp)...
[M::mem_process_seqs] Processed 600508 reads in 24.896 CPU sec, 3.004 real sec
[M::process] read 460553 sequences (61704284 bp)...
[M::mem_process_seqs] Processed 597876 reads in 25.027 CPU sec, 3.029 real sec
[M::mem_process_seqs] Processed 460553 reads in 19.568 CPU sec, 2.449 real sec
[main] Version: 0.7.19-r1273
[main] CMD: bwa mem -t 8 -a hybracter-hybrid-misc/processing/complete/medaka_rd_2/NCPPB_1932_guizotiae/consensus.fasta hybracter-hybrid-misc/processing/qc/fastp/NCPPB_1932_guizotiae_2.fastq.gz
[main] Real time: 47.982 sec; CPU: 373.199 sec
