[M::bwa_idx_load_from_disk] read 0 ALT contigs
[M::process] read 610438 sequences (80000117 bp)...
[M::process] read 607202 sequences (80000108 bp)...
[M::mem_process_seqs] Processed 610438 reads in 27.332 CPU sec, 3.355 real sec
[M::process] read 604622 sequences (80000109 bp)...
[M::mem_process_seqs] Processed 607202 reads in 26.479 CPU sec, 3.175 real sec
[M::process] read 607862 sequences (80000105 bp)...
[M::mem_process_seqs] Processed 604622 reads in 25.448 CPU sec, 3.084 real sec
[M::process] read 606334 sequences (80000249 bp)...
[M::mem_process_seqs] Processed 607862 reads in 25.088 CPU sec, 3.014 real sec
[M::process] read 604022 sequences (80000114 bp)...
[M::mem_process_seqs] Processed 606334 reads in 24.752 CPU sec, 3.015 real sec
[M::process] read 604370 sequences (80000134 bp)...
[M::mem_process_seqs] Processed 604022 reads in 23.956 CPU sec, 2.878 real sec
[M::process] read 606074 sequences (80000048 bp)...
[M::mem_process_seqs] Processed 604370 reads in 25.954 CPU sec, 3.120 real sec
[M::process] read 603854 sequences (80000263 bp)...
[M::mem_process_seqs] Processed 606074 reads in 25.310 CPU sec, 3.036 real sec
[M::process] read 602586 sequences (80000138 bp)...
[M::mem_process_seqs] Processed 603854 reads in 24.720 CPU sec, 2.975 real sec
[M::process] read 604604 sequences (80000131 bp)...
[M::mem_process_seqs] Processed 602586 reads in 25.015 CPU sec, 3.046 real sec
[M::process] read 602306 sequences (80000046 bp)...
[M::mem_process_seqs] Processed 604604 reads in 24.761 CPU sec, 2.954 real sec
[M::process] read 601482 sequences (80000166 bp)...
[M::mem_process_seqs] Processed 602306 reads in 24.532 CPU sec, 2.931 real sec
[M::process] read 612022 sequences (80000029 bp)...
[M::mem_process_seqs] Processed 601482 reads in 24.567 CPU sec, 2.940 real sec
[M::process] read 614406 sequences (80000041 bp)...
[M::mem_process_seqs] Processed 612022 reads in 26.385 CPU sec, 3.158 real sec
[M::process] read 612228 sequences (80000149 bp)...
[M::mem_process_seqs] Processed 614406 reads in 24.919 CPU sec, 3.399 real sec
[M::process] read 204978 sequences (26882852 bp)...
[M::mem_process_seqs] Processed 612228 reads in 23.495 CPU sec, 3.379 real sec
[M::mem_process_seqs] Processed 204978 reads in 8.115 CPU sec, 1.508 real sec
[main] Version: 0.7.19-r1273
[main] CMD: bwa mem -t 8 -a hybracter-hybrid-misc/processing/complete/medaka_rd_2/NCPPB_1337_nakataecorchorii/consensus.fasta hybracter-hybrid-misc/processing/qc/fastp/NCPPB_1337_nakataecorchorii_2.fastq.gz
[main] Real time: 53.273 sec; CPU: 412.377 sec
