[M::bwa_idx_load_from_disk] read 0 ALT contigs
[M::process] read 579152 sequences (80000281 bp)...
[M::process] read 575784 sequences (80000033 bp)...
[M::mem_process_seqs] Processed 579152 reads in 29.686 CPU sec, 3.652 real sec
[M::process] read 577390 sequences (80000126 bp)...
[M::mem_process_seqs] Processed 575784 reads in 24.394 CPU sec, 2.932 real sec
[M::process] read 575032 sequences (80000135 bp)...
[M::mem_process_seqs] Processed 577390 reads in 23.477 CPU sec, 2.818 real sec
[M::process] read 575228 sequences (80000172 bp)...
[M::mem_process_seqs] Processed 575032 reads in 23.713 CPU sec, 2.841 real sec
[M::process] read 574324 sequences (80000036 bp)...
[M::mem_process_seqs] Processed 575228 reads in 22.121 CPU sec, 2.643 real sec
[M::process] read 573586 sequences (80000209 bp)...
[M::mem_process_seqs] Processed 574324 reads in 22.478 CPU sec, 2.680 real sec
[M::process] read 573538 sequences (80000101 bp)...
[M::mem_process_seqs] Processed 573586 reads in 22.489 CPU sec, 2.692 real sec
[M::process] read 572708 sequences (80000273 bp)...
[M::mem_process_seqs] Processed 573538 reads in 23.981 CPU sec, 2.882 real sec
[M::process] read 583856 sequences (80000035 bp)...
[M::mem_process_seqs] Processed 572708 reads in 23.814 CPU sec, 2.864 real sec
[M::process] read 580872 sequences (80000166 bp)...
[M::mem_process_seqs] Processed 583856 reads in 23.512 CPU sec, 2.827 real sec
[M::process] read 445 sequences (61541 bp)...
[M::mem_process_seqs] Processed 580872 reads in 22.943 CPU sec, 2.875 real sec
[M::mem_process_seqs] Processed 445 reads in 0.038 CPU sec, 0.007 real sec
[main] Version: 0.7.19-r1273
[main] CMD: bwa mem -t 8 -a hybracter-hybrid-misc/processing/complete/medaka_rd_2/NCPPB_4630_dyei/consensus.fasta hybracter-hybrid-misc/processing/qc/fastp/NCPPB_4630_dyei_2.fastq.gz
[main] Real time: 38.905 sec; CPU: 264.912 sec
