/data/djs217/miniconda3/envs/hybracter_env/lib/python3.11/site-packages/hybracter/workflow/conda/7aafc1085ca44eee01942c03ca74ecad_/lib/python3.11/site-packages/medaka/common.py:16: UserWarning: pkg_resources is deprecated as an API. See https://setuptools.pypa.io/en/latest/pkg_resources.html. The pkg_resources package is slated for removal as early as 2025-11-30. Refrain from using this package or pin to Setuptools<81.
  from pkg_resources import resource_filename
/data/djs217/miniconda3/envs/hybracter_env/lib/python3.11/site-packages/hybracter/workflow/conda/7aafc1085ca44eee01942c03ca74ecad_/lib/python3.11/site-packages/medaka/common.py:16: UserWarning: pkg_resources is deprecated as an API. See https://setuptools.pypa.io/en/latest/pkg_resources.html. The pkg_resources package is slated for removal as early as 2025-11-30. Refrain from using this package or pin to Setuptools<81.
  from pkg_resources import resource_filename
/data/djs217/miniconda3/envs/hybracter_env/lib/python3.11/site-packages/hybracter/workflow/conda/7aafc1085ca44eee01942c03ca74ecad_/lib/python3.11/site-packages/medaka/common.py:16: UserWarning: pkg_resources is deprecated as an API. See https://setuptools.pypa.io/en/latest/pkg_resources.html. The pkg_resources package is slated for removal as early as 2025-11-30. Refrain from using this package or pin to Setuptools<81.
  from pkg_resources import resource_filename
[16:43:47 - MdlStrTGZ] Successfully removed temporary files from /tmp/tmp05se7g4n.
/data/djs217/miniconda3/envs/hybracter_env/lib/python3.11/site-packages/hybracter/workflow/conda/7aafc1085ca44eee01942c03ca74ecad_/lib/python3.11/site-packages/medaka/common.py:16: UserWarning: pkg_resources is deprecated as an API. See https://setuptools.pypa.io/en/latest/pkg_resources.html. The pkg_resources package is slated for removal as early as 2025-11-30. Refrain from using this package or pin to Setuptools<81.
  from pkg_resources import resource_filename
[16:43:49 - MdlStrTGZ] Successfully removed temporary files from /tmp/tmpmeystz4s.
Creating fai index file /data/djs217/PROJECTS/xanthomonas-genome-assemblies/pectobacterium/hybracter-hybrid/processing/pre_polish/NCPPB_355_chromosome_plus_plasmids.fasta.fai
Creating mmi index file /data/djs217/PROJECTS/xanthomonas-genome-assemblies/pectobacterium/hybracter-hybrid/processing/pre_polish/NCPPB_355_chromosome_plus_plasmids.fasta.map-ont.mmi
[M::mm_idx_gen::0.179*1.02] collected minimizers
[M::mm_idx_gen::0.257*1.51] sorted minimizers
[M::main::0.320*1.41] loaded/built the index for 1 target sequence(s)
[M::mm_idx_stat] kmer size: 15; skip: 10; is_hpc: 0; #seq: 1
[M::mm_idx_stat::0.333*1.40] distinct minimizers: 864525 (97.99% are singletons); average occurrences: 1.036; average spacing: 5.348; total length: 4787791
[M::main] Version: 2.30-r1287
[M::main] CMD: minimap2 -I 16G -x map-ont -d /data/djs217/PROJECTS/xanthomonas-genome-assemblies/pectobacterium/hybracter-hybrid/processing/pre_polish/NCPPB_355_chromosome_plus_plasmids.fasta.map-ont.mmi /data/djs217/PROJECTS/xanthomonas-genome-assemblies/pectobacterium/hybracter-hybrid/processing/pre_polish/NCPPB_355_chromosome_plus_plasmids.fasta
[M::main] Real time: 0.342 sec; CPU: 0.473 sec; Peak RSS: 0.050 GB
[M::main::0.062*1.03] loaded/built the index for 1 target sequence(s)
[M::mm_mapopt_update::0.080*1.02] mid_occ = 13
[M::mm_idx_stat] kmer size: 15; skip: 10; is_hpc: 0; #seq: 1
[M::mm_idx_stat::0.093*1.02] distinct minimizers: 864525 (97.99% are singletons); average occurrences: 1.036; average spacing: 5.348; total length: 4787791
[M::worker_pipeline::18.339*6.99] mapped 21304 sequences
[M::main] Version: 2.30-r1287
[M::main] CMD: minimap2 -x map-ont --secondary=no -L --MD -A 2 -B 4 -O 4,24 -E 2,1 -t 12 -a /data/djs217/PROJECTS/xanthomonas-genome-assemblies/pectobacterium/hybracter-hybrid/processing/pre_polish/NCPPB_355_chromosome_plus_plasmids.fasta.map-ont.mmi /data/djs217/PROJECTS/xanthomonas-genome-assemblies/pectobacterium/hybracter-hybrid/processing/qc/NCPPB_355_filt_trim.fastq.gz
[M::main] Real time: 18.355 sec; CPU: 128.252 sec; Peak RSS: 1.162 GB
[bam_sort_core] merging from 0 files and 12 in-memory blocks...
/data/djs217/miniconda3/envs/hybracter_env/lib/python3.11/site-packages/hybracter/workflow/conda/7aafc1085ca44eee01942c03ca74ecad_/lib/python3.11/site-packages/medaka/common.py:16: UserWarning: pkg_resources is deprecated as an API. See https://setuptools.pypa.io/en/latest/pkg_resources.html. The pkg_resources package is slated for removal as early as 2025-11-30. Refrain from using this package or pin to Setuptools<81.
  from pkg_resources import resource_filename
[16:44:17 - Predict] Processing region(s): contig_1:0-4787791
[16:44:17 - Predict] Using model: /data/djs217/miniconda3/envs/hybracter_env/lib/python3.11/site-packages/hybracter/workflow/conda/7aafc1085ca44eee01942c03ca74ecad_/lib/python3.11/site-packages/medaka/data/r1041_e82_400bps_sup_v5.0.0_model_pt.tar.gz.
[16:44:17 - Predict] Using minimum mapQ threshold of 1 for read filtering.
[16:44:17 - MdlStrTGZ] Model GRUModel(
  (gru): GRU(10, 128, num_layers=2, batch_first=True, bidirectional=True)
  (linear): Linear(in_features=256, out_features=5, bias=True)
)
[16:44:17 - MdlStrTGZ] loading weights from /tmp/tmp0s3ozjoz/model/weights.pt
[16:44:17 - MdlStrTGZ] Successfully removed temporary files from /tmp/tmp0s3ozjoz.
[16:44:17 - Predict] Model device: cpu
[16:44:17 - Predict] Running prediction at full precision
[16:44:17 - BAMFile] Creating pool of 16 BAM file sets.
[16:44:17 - Predict] Processing 5 long region(s) with batching.
[16:44:17 - Sampler] Initializing sampler for consensus of region contig_1:0-1000000.
[16:44:17 - Sampler] Initializing sampler for consensus of region contig_1:999000-1999000.
[16:44:17 - PWorker] Running inference for 4.8M draft bases.
[16:44:20 - Feature] Processed contig_1:0.0-999999.0 (median depth 81.0)
[16:44:20 - Sampler] Took 2.33s to make features.
[16:44:20 - Sampler] Initializing sampler for consensus of region contig_1:1998000-2998000.
[16:44:20 - Feature] Processed contig_1:999000.0-1998999.0 (median depth 79.0)
[16:44:20 - Sampler] Took 2.51s to make features.
[16:44:20 - Sampler] Initializing sampler for consensus of region contig_1:2997000-3997000.
[16:44:21 - Feature] Processed contig_1:1998000.0-2997999.0 (median depth 82.0)
[16:44:21 - Sampler] Took 1.10s to make features.
[16:44:21 - Sampler] Initializing sampler for consensus of region contig_1:3996000-4787791.
[16:44:21 - Feature] Processed contig_1:2997000.0-3996999.0 (median depth 78.0)
[16:44:21 - Sampler] Took 1.21s to make features.
[16:44:22 - Feature] Processed contig_1:3996000.0-4787790.0 (median depth 82.0)
[16:44:22 - Sampler] Took 1.13s to make features.
[16:44:30 - PWorker] Batches in cache: 6.
[16:44:30 - PWorker] 17.0% Done (0.8/4.8 Mbases) in 12.6s
[16:44:37 - PWorker] Batches in cache: 5.
[16:44:44 - PWorker] Batches in cache: 4.
[16:44:44 - PWorker] 51.2% Done (2.5/4.8 Mbases) in 27.0s
[16:44:51 - PWorker] Batches in cache: 3.
[16:44:59 - PWorker] Batches in cache: 2.
[16:44:59 - PWorker] 85.8% Done (4.1/4.8 Mbases) in 41.5s
[16:45:05 - PWorker] Batches in cache: 1.
[16:45:05 - PWorker] Processed 6 batches
[16:45:05 - PWorker] All done, 0 remainder regions.
[16:45:05 - Predict] Finished processing all regions.
/data/djs217/miniconda3/envs/hybracter_env/lib/python3.11/site-packages/hybracter/workflow/conda/7aafc1085ca44eee01942c03ca74ecad_/lib/python3.11/site-packages/medaka/common.py:16: UserWarning: pkg_resources is deprecated as an API. See https://setuptools.pypa.io/en/latest/pkg_resources.html. The pkg_resources package is slated for removal as early as 2025-11-30. Refrain from using this package or pin to Setuptools<81.
  from pkg_resources import resource_filename
[16:45:07 - DataIndx] Loaded 1/1 (100.00%) sample files.
[16:45:08 - DataIndx] Loaded 1/1 (100.00%) sample files.
[16:45:08 - DataIndx] Loaded 1/1 (100.00%) sample files.
[16:45:08 - DataIndx] Loaded 1/1 (100.00%) sample files.
[16:45:08 - DataIndx] Loaded 1/1 (100.00%) sample files.
[16:45:08 - DataIndx] Loaded 1/1 (100.00%) sample files.
