/data/djs217/miniconda3/envs/hybracter_env/lib/python3.11/site-packages/hybracter/workflow/conda/7aafc1085ca44eee01942c03ca74ecad_/lib/python3.11/site-packages/medaka/common.py:16: UserWarning: pkg_resources is deprecated as an API. See https://setuptools.pypa.io/en/latest/pkg_resources.html. The pkg_resources package is slated for removal as early as 2025-11-30. Refrain from using this package or pin to Setuptools<81.
  from pkg_resources import resource_filename
/data/djs217/miniconda3/envs/hybracter_env/lib/python3.11/site-packages/hybracter/workflow/conda/7aafc1085ca44eee01942c03ca74ecad_/lib/python3.11/site-packages/medaka/common.py:16: UserWarning: pkg_resources is deprecated as an API. See https://setuptools.pypa.io/en/latest/pkg_resources.html. The pkg_resources package is slated for removal as early as 2025-11-30. Refrain from using this package or pin to Setuptools<81.
  from pkg_resources import resource_filename
/data/djs217/miniconda3/envs/hybracter_env/lib/python3.11/site-packages/hybracter/workflow/conda/7aafc1085ca44eee01942c03ca74ecad_/lib/python3.11/site-packages/medaka/common.py:16: UserWarning: pkg_resources is deprecated as an API. See https://setuptools.pypa.io/en/latest/pkg_resources.html. The pkg_resources package is slated for removal as early as 2025-11-30. Refrain from using this package or pin to Setuptools<81.
  from pkg_resources import resource_filename
[16:14:33 - MdlStrTGZ] Successfully removed temporary files from /tmp/tmpwd74d1ys.
/data/djs217/miniconda3/envs/hybracter_env/lib/python3.11/site-packages/hybracter/workflow/conda/7aafc1085ca44eee01942c03ca74ecad_/lib/python3.11/site-packages/medaka/common.py:16: UserWarning: pkg_resources is deprecated as an API. See https://setuptools.pypa.io/en/latest/pkg_resources.html. The pkg_resources package is slated for removal as early as 2025-11-30. Refrain from using this package or pin to Setuptools<81.
  from pkg_resources import resource_filename
[16:14:35 - MdlStrTGZ] Successfully removed temporary files from /tmp/tmp0quzxid9.
Creating fai index file /data/djs217/PROJECTS/xanthomonas-genome-assemblies/ralstonia_march_2026/hybracter-hybrid/processing/pre_polish/NCPPB_3219_chromosome_plus_plasmids.fasta.fai
Creating mmi index file /data/djs217/PROJECTS/xanthomonas-genome-assemblies/ralstonia_march_2026/hybracter-hybrid/processing/pre_polish/NCPPB_3219_chromosome_plus_plasmids.fasta.map-ont.mmi
[M::mm_idx_gen::0.128*1.01] collected minimizers
[M::mm_idx_gen::0.185*1.27] sorted minimizers
[M::main::0.225*1.21] loaded/built the index for 2 target sequence(s)
[M::mm_idx_stat] kmer size: 15; skip: 10; is_hpc: 0; #seq: 2
[M::mm_idx_stat::0.236*1.20] distinct minimizers: 933636 (93.35% are singletons); average occurrences: 1.091; average spacing: 5.358; total length: 5458277
[M::main] Version: 2.30-r1287
[M::main] CMD: minimap2 -I 16G -x map-ont -d /data/djs217/PROJECTS/xanthomonas-genome-assemblies/ralstonia_march_2026/hybracter-hybrid/processing/pre_polish/NCPPB_3219_chromosome_plus_plasmids.fasta.map-ont.mmi /data/djs217/PROJECTS/xanthomonas-genome-assemblies/ralstonia_march_2026/hybracter-hybrid/processing/pre_polish/NCPPB_3219_chromosome_plus_plasmids.fasta
[M::main] Real time: 0.242 sec; CPU: 0.289 sec; Peak RSS: 0.053 GB
[M::main::0.055*0.95] loaded/built the index for 2 target sequence(s)
[M::mm_mapopt_update::0.071*0.96] mid_occ = 10
[M::mm_idx_stat] kmer size: 15; skip: 10; is_hpc: 0; #seq: 2
[M::mm_idx_stat::0.082*0.96] distinct minimizers: 933636 (93.35% are singletons); average occurrences: 1.091; average spacing: 5.358; total length: 5458277
[M::worker_pipeline::19.800*4.62] mapped 10943 sequences
[M::main] Version: 2.30-r1287
[M::main] CMD: minimap2 -x map-ont --secondary=no -L --MD -A 2 -B 4 -O 4,24 -E 2,1 -t 12 -a /data/djs217/PROJECTS/xanthomonas-genome-assemblies/ralstonia_march_2026/hybracter-hybrid/processing/pre_polish/NCPPB_3219_chromosome_plus_plasmids.fasta.map-ont.mmi /data/djs217/PROJECTS/xanthomonas-genome-assemblies/ralstonia_march_2026/hybracter-hybrid/processing/qc/NCPPB_3219_filt_trim.fastq.gz
[M::main] Real time: 19.831 sec; CPU: 91.506 sec; Peak RSS: 0.762 GB
[bam_sort_core] merging from 0 files and 12 in-memory blocks...
/data/djs217/miniconda3/envs/hybracter_env/lib/python3.11/site-packages/hybracter/workflow/conda/7aafc1085ca44eee01942c03ca74ecad_/lib/python3.11/site-packages/medaka/common.py:16: UserWarning: pkg_resources is deprecated as an API. See https://setuptools.pypa.io/en/latest/pkg_resources.html. The pkg_resources package is slated for removal as early as 2025-11-30. Refrain from using this package or pin to Setuptools<81.
  from pkg_resources import resource_filename
[16:15:02 - Predict] Processing region(s): contig_2:0-3708383 1:0-1749894
[16:15:02 - Predict] Using model: /data/djs217/miniconda3/envs/hybracter_env/lib/python3.11/site-packages/hybracter/workflow/conda/7aafc1085ca44eee01942c03ca74ecad_/lib/python3.11/site-packages/medaka/data/r1041_e82_400bps_sup_v5.0.0_model_pt.tar.gz.
[16:15:02 - Predict] Using minimum mapQ threshold of 1 for read filtering.
[16:15:02 - MdlStrTGZ] Model GRUModel(
  (gru): GRU(10, 128, num_layers=2, batch_first=True, bidirectional=True)
  (linear): Linear(in_features=256, out_features=5, bias=True)
)
[16:15:02 - MdlStrTGZ] loading weights from /tmp/tmpkjms20jd/model/weights.pt
[16:15:02 - MdlStrTGZ] Successfully removed temporary files from /tmp/tmpkjms20jd.
[16:15:02 - Predict] Model device: cpu
[16:15:02 - Predict] Running prediction at full precision
[16:15:02 - BAMFile] Creating pool of 16 BAM file sets.
[16:15:02 - Predict] Processing 6 long region(s) with batching.
[16:15:02 - Sampler] Initializing sampler for consensus of region contig_2:0-1000000.
[16:15:02 - Sampler] Initializing sampler for consensus of region contig_2:999000-1999000.
[16:15:02 - PWorker] Running inference for 5.5M draft bases.
[16:15:04 - Feature] Processed contig_2:999000.0-1998999.0 (median depth 52.0)
[16:15:04 - Sampler] Took 1.50s to make features.
[16:15:04 - Feature] Processed contig_2:0.0-999999.0 (median depth 56.0)
[16:15:04 - Sampler] Took 1.53s to make features.
[16:15:04 - Sampler] Initializing sampler for consensus of region contig_2:1998000-2998000.
[16:15:04 - Sampler] Initializing sampler for consensus of region contig_2:2997000-3708383.
[16:15:05 - Feature] Processed contig_2:2997000.0-3708382.0 (median depth 51.0)
[16:15:05 - Sampler] Took 1.19s to make features.
[16:15:05 - Sampler] Initializing sampler for consensus of region 1:0-1000000.
[16:15:05 - Feature] Processed contig_2:1998000.0-2997999.0 (median depth 54.0)
[16:15:05 - Sampler] Took 1.47s to make features.
[16:15:05 - Sampler] Initializing sampler for consensus of region 1:999000-1749894.
[16:15:06 - Feature] Processed 1:999000.0-1749893.0 (median depth 53.0)
[16:15:06 - Sampler] Took 1.25s to make features.
[16:15:07 - Feature] Processed 1:0.0-999999.0 (median depth 53.0)
[16:15:07 - Sampler] Took 1.56s to make features.
[16:33:15 - PWorker] Batches in cache: 7.
[16:33:15 - PWorker] 15.9% Done (0.9/5.5 Mbases) in 1093.2s
[16:33:53 - PWorker] Batches in cache: 6.
[16:33:53 - PWorker] 31.8% Done (1.7/5.5 Mbases) in 1130.9s
[16:34:01 - PWorker] Batches in cache: 5.
[16:34:08 - PWorker] Batches in cache: 4.
[16:34:08 - PWorker] 63.6% Done (3.5/5.5 Mbases) in 1145.7s
[16:34:16 - PWorker] Batches in cache: 3.
[16:37:39 - PWorker] Batches in cache: 2.
[16:37:39 - PWorker] 95.5% Done (5.2/5.5 Mbases) in 1357.1s
[16:37:52 - PWorker] Batches in cache: 1.
[16:37:52 - PWorker] 100.0% Done (5.5/5.5 Mbases) in 1369.4s
[16:37:52 - PWorker] Processed 7 batches
[16:37:52 - PWorker] All done, 0 remainder regions.
[16:37:52 - Predict] Finished processing all regions.
/data/djs217/miniconda3/envs/hybracter_env/lib/python3.11/site-packages/hybracter/workflow/conda/7aafc1085ca44eee01942c03ca74ecad_/lib/python3.11/site-packages/medaka/common.py:16: UserWarning: pkg_resources is deprecated as an API. See https://setuptools.pypa.io/en/latest/pkg_resources.html. The pkg_resources package is slated for removal as early as 2025-11-30. Refrain from using this package or pin to Setuptools<81.
  from pkg_resources import resource_filename
[16:38:04 - DataIndx] Loaded 1/1 (100.00%) sample files.
[16:38:04 - DataIndx] Loaded 1/1 (100.00%) sample files.
[16:38:04 - DataIndx] Loaded 1/1 (100.00%) sample files.
[16:38:04 - DataIndx] Loaded 1/1 (100.00%) sample files.
[16:38:04 - DataIndx] Loaded 1/1 (100.00%) sample files.
[16:38:04 - DataIndx] Loaded 1/1 (100.00%) sample files.
[16:38:04 - DataIndx] Loaded 1/1 (100.00%) sample files.
