[2026-03-23 11:47:24] INFO: Starting Flye 2.9.6-b1802
[2026-03-23 11:47:24] INFO: >>>STAGE: configure
[2026-03-23 11:47:24] INFO: Configuring run
[2026-03-23 11:47:29] INFO: Total read length: 296376827
[2026-03-23 11:47:29] INFO: Reads N50/N90: 27081 / 20328
[2026-03-23 11:47:29] INFO: Minimum overlap set to 10000
[2026-03-23 11:47:29] INFO: >>>STAGE: assembly
[2026-03-23 11:47:29] INFO: Assembling disjointigs
[2026-03-23 11:47:29] INFO: Reading sequences
[2026-03-23 11:47:33] INFO: Building minimizer index
[2026-03-23 11:47:33] INFO: Pre-calculating index storage
0% 10% 20% 30% 40% 50% 60% 70% 80% 90% 100% 
[2026-03-23 11:47:36] INFO: Filling index
0% 10% 20% 30% 40% 50% 60% 70% 80% 90% 100% 
[2026-03-23 11:47:51] INFO: Extending reads
[2026-03-23 11:49:45] INFO: Overlap-based coverage: 52
[2026-03-23 11:49:45] INFO: Median overlap divergence: 0.00453662
0% 30% 90% 100% 
[2026-03-23 11:50:26] INFO: Assembled 2 disjointigs
[2026-03-23 11:50:26] INFO: Generating sequence
0% 10% 20% 30% 40% 50% 60% 70% 80% 90% 100% 
[2026-03-23 11:50:27] INFO: Filtering contained disjointigs
0% 50% 100% 
[2026-03-23 11:50:28] INFO: Contained seqs: 0
[2026-03-23 11:50:28] INFO: >>>STAGE: consensus
[2026-03-23 11:50:28] INFO: Running Minimap2
[2026-03-23 11:50:51] INFO: Computing consensus
[2026-03-23 11:51:23] INFO: Alignment error rate: 0.006492
[2026-03-23 11:51:23] INFO: >>>STAGE: repeat
[2026-03-23 11:51:23] INFO: Building and resolving repeat graph
[2026-03-23 11:51:23] INFO: Parsing disjointigs
[2026-03-23 11:51:23] INFO: Building repeat graph
0% 50% 100% 
[2026-03-23 11:51:25] INFO: Median overlap divergence: 0.000551496
[2026-03-23 11:51:25] INFO: Parsing reads
[2026-03-23 11:51:28] INFO: Aligning reads to the graph
0% 10% 20% 30% 40% 50% 60% 70% 80% 90% 100% 
[2026-03-23 11:51:45] INFO: Aligned read sequence: 294824722 / 296376827 (0.994763)
[2026-03-23 11:51:45] INFO: Median overlap divergence: 0.00206435
[2026-03-23 11:51:45] INFO: Mean edge coverage: 53
[2026-03-23 11:51:45] INFO: Simplifying the graph
[2026-03-23 11:51:45] INFO: >>>STAGE: contigger
[2026-03-23 11:51:45] INFO: Generating contigs
[2026-03-23 11:51:45] INFO: Reading sequences
[2026-03-23 11:51:48] INFO: Generated 2 contigs
[2026-03-23 11:51:48] INFO: Added 0 scaffold connections
[2026-03-23 11:51:48] INFO: >>>STAGE: polishing
[2026-03-23 11:51:48] INFO: Polishing genome (1/1)
[2026-03-23 11:51:48] INFO: Running minimap2
[2026-03-23 11:52:12] INFO: Separating alignment into bubbles
[2026-03-23 11:52:56] INFO: Alignment error rate: 0.003227
[2026-03-23 11:52:56] INFO: Correcting bubbles
0% 10% 20% 30% 40% 50% 60% 70% 80% 90% 100% 
[2026-03-23 11:53:37] INFO: >>>STAGE: finalize
[2026-03-23 11:53:37] INFO: Assembly statistics:

	Total length:	5457982
	Fragments:	2
	Fragments N50:	3708383
	Largest frg:	3708383
	Scaffolds:	0
	Mean coverage:	54

[2026-03-23 11:53:37] INFO: Final assembly: /data/djs217/PROJECTS/xanthomonas-genome-assemblies/ralstonia_march_2026/hybracter-hybrid/processing/assemblies/NCPPB_3219/assembly.fasta
