/data/djs217/miniconda3/envs/hybracter_env/lib/python3.11/site-packages/hybracter/workflow/conda/78019da34467f1ccbd2a1e2321558605_/lib/python3.12/site-packages/click/core.py:1213: UserWarning: The parameter --flye_directory is used more than once. Remove its duplicate as parameters should be unique.
  parser = self.make_parser(ctx)
/data/djs217/miniconda3/envs/hybracter_env/lib/python3.11/site-packages/hybracter/workflow/conda/78019da34467f1ccbd2a1e2321558605_/lib/python3.12/site-packages/click/core.py:1206: UserWarning: The parameter --flye_directory is used more than once. Remove its duplicate as parameters should be unique.
  self.parse_args(ctx, args)
2025-11-08 05:40:45.090 | INFO     | plassembler:begin_plassembler:101 - You are using Plassembler version 1.8.1

2025-11-08 05:40:45.090 | INFO     | plassembler:begin_plassembler:102 - Repository homepage is https://github.com/gbouras13/plassembler
2025-11-08 05:40:45.090 | INFO     | plassembler:begin_plassembler:103 - Written by George Bouras: george.bouras@adelaide.edu.au
2025-11-08 05:40:45.090 | INFO     | plassembler:run:412 - Database directory is /data/djs217/miniconda3/envs/hybracter_env/lib/python3.11/site-packages/hybracter/workflow/../databases
2025-11-08 05:40:45.090 | INFO     | plassembler:run:413 - Longreads file is hybracter-hybrid/processing/qc/NCPPB_1062_filt_trim.fastq.gz
2025-11-08 05:40:45.090 | INFO     | plassembler:run:414 - R1 fasta file is hybracter-hybrid/processing/qc/fastp/NCPPB_1062_1.fastq.gz
2025-11-08 05:40:45.090 | INFO     | plassembler:run:415 - R2 fasta file is hybracter-hybrid/processing/qc/fastp/NCPPB_1062_2.fastq.gz
2025-11-08 05:40:45.090 | INFO     | plassembler:run:416 - Chromosome length threshold is 4500000
2025-11-08 05:40:45.090 | INFO     | plassembler:run:417 - Output directory is hybracter-hybrid/processing/plassembler/NCPPB_1062
2025-11-08 05:40:45.090 | INFO     | plassembler:run:418 - Min long read length is 500
2025-11-08 05:40:45.090 | INFO     | plassembler:run:419 - Min long read quality is 9
2025-11-08 05:40:45.090 | INFO     | plassembler:run:420 - Thread count is 12
2025-11-08 05:40:45.090 | INFO     | plassembler:run:421 - --force is True
2025-11-08 05:40:45.090 | INFO     | plassembler:run:422 - --skip_qc is True
2025-11-08 05:40:45.090 | INFO     | plassembler:run:423 - --raw_flag is False
2025-11-08 05:40:45.090 | INFO     | plassembler:run:424 - --pacbio_model is nothing
2025-11-08 05:40:45.090 | INFO     | plassembler:run:425 - --keep_fastqs is False
2025-11-08 05:40:45.090 | INFO     | plassembler:run:426 - --keep_chromosome is False
2025-11-08 05:40:45.090 | INFO     | plassembler:run:427 - --flye_directory is hybracter-hybrid/processing/assemblies/NCPPB_1062
2025-11-08 05:40:45.090 | INFO     | plassembler:run:428 - --flye_assembly is nothing
2025-11-08 05:40:45.090 | INFO     | plassembler:run:429 - --flye_info is nothing
2025-11-08 05:40:45.090 | INFO     | plassembler:run:430 - --no_chromosome is False
2025-11-08 05:40:45.090 | INFO     | plassembler:run:431 - --use_raven is False
2025-11-08 05:40:45.090 | INFO     | plassembler:run:432 - --depth_filter is 0.25
2025-11-08 05:40:45.090 | INFO     | plassembler:run:433 - --unicycler_options is None
2025-11-08 05:40:45.090 | INFO     | plassembler:run:434 - --spades_options is None
2025-11-08 05:40:45.090 | INFO     | plassembler:run:435 - --skip_mash is False
2025-11-08 05:40:45.090 | INFO     | plassembler:run:439 - Checking dependencies
2025-11-08 05:40:45.172 | INFO     | plassembler.utils.input_commands:check_dependencies:199 - Flye version found is v2.9.6-b1802.
2025-11-08 05:40:45.172 | INFO     | plassembler.utils.input_commands:check_dependencies:209 - Flye version is ok.
2025-11-08 05:40:45.178 | INFO     | plassembler.utils.input_commands:check_dependencies:218 - Raven v1.8.3 found.
2025-11-08 05:40:45.178 | INFO     | plassembler.utils.input_commands:check_dependencies:220 - Raven version is ok.
2025-11-08 05:40:45.263 | INFO     | plassembler.utils.input_commands:check_dependencies:242 - Unicycler version found is v0.5.1.
2025-11-08 05:40:45.263 | INFO     | plassembler.utils.input_commands:check_dependencies:255 - Unicycler version is ok.
2025-11-08 05:40:45.364 | INFO     | plassembler.utils.input_commands:check_dependencies:265 - SPAdes v4.2.0 found.
2025-11-08 05:40:45.371 | INFO     | plassembler.utils.input_commands:check_dependencies:278 - Samtools v1.22.1 found.
2025-11-08 05:40:45.374 | INFO     | plassembler.utils.input_commands:check_dependencies:289 - minimap2 v2.30-r1287 found.
2025-11-08 05:40:45.380 | INFO     | plassembler.utils.input_commands:check_dependencies:300 - fastp v1.0.1 found.
2025-11-08 05:40:45.384 | INFO     | plassembler.utils.input_commands:check_dependencies:311 - chopper v0.11.0 found.
2025-11-08 05:40:45.402 | INFO     | plassembler.utils.input_commands:check_dependencies:326 - mash v2.3 found.
2025-11-08 05:40:45.504 | INFO     | plassembler.utils.input_commands:check_dependencies:337 - canu v2.2 found.
2025-11-08 05:40:46.041 | INFO     | plassembler.utils.input_commands:check_dependencies:348 - dnaapler v1.3.0 found.
2025-11-08 05:40:46.152 | INFO     | plassembler.utils.input_commands:check_dependencies:365 - BLAST version found is v2.17.0.
2025-11-08 05:40:46.152 | INFO     | plassembler.utils.input_commands:check_dependencies:371 - All dependencies found.
2025-11-08 05:40:46.152 | INFO     | plassembler:run:448 - Checking database installation.
2025-11-08 05:40:46.153 | INFO     | plassembler.utils.db:check_db_installation:52 - PLSDB Database mash sketch at /data/djs217/miniconda3/envs/hybracter_env/lib/python3.11/site-packages/hybracter/workflow/../databases/plsdb_2023_11_03_v2.msh exists.
2025-11-08 05:40:46.153 | INFO     | plassembler.utils.db:check_db_installation:53 - PLSDB Database tsv metadata file at /data/djs217/miniconda3/envs/hybracter_env/lib/python3.11/site-packages/hybracter/workflow/../databases/plsdb_2023_11_03_v2.tsv exists.
2025-11-08 05:40:46.153 | INFO     | plassembler.utils.db:check_db_installation:54 - PLSDB Database at /data/djs217/miniconda3/envs/hybracter_env/lib/python3.11/site-packages/hybracter/workflow/../databases has already been downloaded
2025-11-08 05:40:46.153 | INFO     | plassembler:run:456 - Database successfully checked.
2025-11-08 05:40:46.153 | INFO     | plassembler:run:459 - Checking input fastqs.
2025-11-08 05:40:46.155 | INFO     | plassembler.utils.input_commands:validate_fastq:24 - FASTQ hybracter-hybrid/processing/qc/NCPPB_1062_filt_trim.fastq.gz checked
2025-11-08 05:40:46.248 | INFO     | plassembler.utils.input_commands:validate_fastq:24 - FASTQ hybracter-hybrid/processing/qc/fastp/NCPPB_1062_1.fastq.gz checked
2025-11-08 05:40:46.268 | INFO     | plassembler.utils.input_commands:validate_fastq:24 - FASTQ hybracter-hybrid/processing/qc/fastp/NCPPB_1062_2.fastq.gz checked
2025-11-08 05:40:46.268 | INFO     | plassembler:run:467 - FASTQ file hybracter-hybrid/processing/qc/NCPPB_1062_filt_trim.fastq.gz compression is True
2025-11-08 05:40:46.268 | INFO     | plassembler:run:468 - FASTQ file hybracter-hybrid/processing/qc/fastp/NCPPB_1062_1.fastq.gz compression is True
2025-11-08 05:40:46.268 | INFO     | plassembler:run:469 - FASTQ file hybracter-hybrid/processing/qc/fastp/NCPPB_1062_2.fastq.gz compression is True
2025-11-08 05:40:46.532 | INFO     | plassembler:run:518 - You have specified a hybracter-hybrid/processing/assemblies/NCPPB_1062 with an existing flye assembly.
2025-11-08 05:40:46.532 | INFO     | plassembler:run:521 - Copying files.
2025-11-08 05:40:46.535 | INFO     | plassembler:run:562 - Counting Contigs.
2025-11-08 05:40:46.565 | INFO     | plassembler.utils.plass_class:get_contig_count:87 - Assembled 1 contigs.
2025-11-08 05:40:46.565 | INFO     | plassembler:run:578 - Only one contig was assembled with Flye.
2025-11-08 05:40:46.629 | INFO     | plassembler:run:605 - Chromosome Identified. Plassembler will now use long and short reads to assemble plasmids accurately.
2025-11-08 05:40:46.629 | INFO     | plassembler:run:610 - Skipping short read trimming as --skip_qc was specified
2025-11-08 05:41:16.099 | INFO     | plassembler:run:619 - Mapping long reads.
2025-11-08 05:41:16.099 | INFO     | plassembler.utils.external_tools:run_to_stdout:67 - Started running minimap2 -ax map-ont -t 12 hybracter-hybrid/processing/plassembler/NCPPB_1062/flye_renamed.fasta hybracter-hybrid/processing/plassembler/NCPPB_1062/chopper_long_reads.fastq.gz ...
2025-11-08 05:41:33.698 | INFO     | plassembler.utils.external_tools:run_to_stdout:69 - Done running minimap2 -ax map-ont -t 12 hybracter-hybrid/processing/plassembler/NCPPB_1062/flye_renamed.fasta hybracter-hybrid/processing/plassembler/NCPPB_1062/chopper_long_reads.fastq.gz
2025-11-08 05:41:33.698 | INFO     | plassembler:run:631 - Mapping short reads.
2025-11-08 05:41:33.700 | INFO     | plassembler.utils.external_tools:run_to_stdout:67 - Started running minimap2 -ax sr -t 12 hybracter-hybrid/processing/plassembler/NCPPB_1062/flye_renamed.fasta hybracter-hybrid/processing/plassembler/NCPPB_1062/trimmed_R1.fastq hybracter-hybrid/processing/plassembler/NCPPB_1062/trimmed_R2.fastq ...
2025-11-08 05:41:53.763 | INFO     | plassembler.utils.external_tools:run_to_stdout:69 - Done running minimap2 -ax sr -t 12 hybracter-hybrid/processing/plassembler/NCPPB_1062/flye_renamed.fasta hybracter-hybrid/processing/plassembler/NCPPB_1062/trimmed_R1.fastq hybracter-hybrid/processing/plassembler/NCPPB_1062/trimmed_R2.fastq
2025-11-08 05:41:53.764 | INFO     | plassembler:run:635 - Processing Sam/Bam Files and extracting Fastqs.
2025-11-08 05:41:54.403 | INFO     | plassembler.utils.external_tools:run_to_stdout:67 - Started running samtools view -h -@ 12 -b hybracter-hybrid/processing/plassembler/NCPPB_1062/short_read.sam ...
2025-11-08 05:42:09.846 | INFO     | plassembler.utils.external_tools:run_to_stdout:69 - Done running samtools view -h -@ 12 -b hybracter-hybrid/processing/plassembler/NCPPB_1062/short_read.sam
2025-11-08 05:42:09.848 | INFO     | plassembler.utils.external_tools:run_to_stdout:67 - Started running samtools view -b -h -@ 12 -L hybracter-hybrid/processing/plassembler/NCPPB_1062/non_chromosome.bed hybracter-hybrid/processing/plassembler/NCPPB_1062/short_read.bam ...
2025-11-08 05:42:10.875 | INFO     | plassembler.utils.external_tools:run_to_stdout:69 - Done running samtools view -b -h -@ 12 -L hybracter-hybrid/processing/plassembler/NCPPB_1062/non_chromosome.bed hybracter-hybrid/processing/plassembler/NCPPB_1062/short_read.bam
2025-11-08 05:42:10.877 | INFO     | plassembler.utils.external_tools:run_to_stdout:67 - Started running samtools view -b -h -f 4 -@ 12 hybracter-hybrid/processing/plassembler/NCPPB_1062/short_read.bam ...
2025-11-08 05:42:11.963 | INFO     | plassembler.utils.external_tools:run_to_stdout:69 - Done running samtools view -b -h -f 4 -@ 12 hybracter-hybrid/processing/plassembler/NCPPB_1062/short_read.bam
2025-11-08 05:42:11.964 | INFO     | plassembler.utils.external_tools:run_to_stdout:67 - Started running samtools view -b -h -@ 12 -L hybracter-hybrid/processing/plassembler/NCPPB_1062/chromosome.bed hybracter-hybrid/processing/plassembler/NCPPB_1062/short_read.bam ...
2025-11-08 05:42:21.814 | INFO     | plassembler.utils.external_tools:run_to_stdout:69 - Done running samtools view -b -h -@ 12 -L hybracter-hybrid/processing/plassembler/NCPPB_1062/chromosome.bed hybracter-hybrid/processing/plassembler/NCPPB_1062/short_read.bam
2025-11-08 05:42:21.816 | INFO     | plassembler.utils.external_tools:run:58 - Started running samtools fastq -@ 12 hybracter-hybrid/processing/plassembler/NCPPB_1062/unmapped_bam_file.bam -1 hybracter-hybrid/processing/plassembler/NCPPB_1062/unmapped_R1.fastq -2 hybracter-hybrid/processing/plassembler/NCPPB_1062/unmapped_R2.fastq -0 /dev/null -s /dev/null -n ...
2025-11-08 05:42:21.960 | INFO     | plassembler.utils.external_tools:run:60 - Done running samtools fastq -@ 12 hybracter-hybrid/processing/plassembler/NCPPB_1062/unmapped_bam_file.bam -1 hybracter-hybrid/processing/plassembler/NCPPB_1062/unmapped_R1.fastq -2 hybracter-hybrid/processing/plassembler/NCPPB_1062/unmapped_R2.fastq -0 /dev/null -s /dev/null -n
2025-11-08 05:42:21.962 | INFO     | plassembler.utils.external_tools:run:58 - Started running samtools fastq -@ 12 hybracter-hybrid/processing/plassembler/NCPPB_1062/non_chromosome.bam -1 hybracter-hybrid/processing/plassembler/NCPPB_1062/mapped_non_chromosome_R1.fastq -2 hybracter-hybrid/processing/plassembler/NCPPB_1062/mapped_non_chromosome_R2.fastq -0 /dev/null -s /dev/null -n ...
2025-11-08 05:42:21.972 | INFO     | plassembler.utils.external_tools:run:60 - Done running samtools fastq -@ 12 hybracter-hybrid/processing/plassembler/NCPPB_1062/non_chromosome.bam -1 hybracter-hybrid/processing/plassembler/NCPPB_1062/mapped_non_chromosome_R1.fastq -2 hybracter-hybrid/processing/plassembler/NCPPB_1062/mapped_non_chromosome_R2.fastq -0 /dev/null -s /dev/null -n
2025-11-08 05:42:22.238 | INFO     | plassembler:run:652 - Running Unicycler.
2025-11-08 05:42:22.239 | INFO     | plassembler.utils.external_tools:run:58 - Started running unicycler -1 hybracter-hybrid/processing/plassembler/NCPPB_1062/short_read_concat_R1.fastq -2 hybracter-hybrid/processing/plassembler/NCPPB_1062/short_read_concat_R2.fastq -l hybracter-hybrid/processing/plassembler/NCPPB_1062/plasmid_long.fastq -t 12 -o hybracter-hybrid/processing/plassembler/NCPPB_1062/unicycler_output ...
2025-11-08 05:50:48.835 | INFO     | plassembler.utils.external_tools:run:60 - Done running unicycler -1 hybracter-hybrid/processing/plassembler/NCPPB_1062/short_read_concat_R1.fastq -2 hybracter-hybrid/processing/plassembler/NCPPB_1062/short_read_concat_R2.fastq -l hybracter-hybrid/processing/plassembler/NCPPB_1062/plasmid_long.fastq -t 12 -o hybracter-hybrid/processing/plassembler/NCPPB_1062/unicycler_output
2025-11-08 05:50:48.838 | INFO     | plassembler:run:733 - No plasmids found.
2025-11-08 05:50:48.838 | INFO     | plassembler:run:734 - Your sample probably has no plasmids.
2025-11-08 05:50:48.838 | INFO     | plassembler:run:735 - Check the hybracter-hybrid/processing/plassembler/NCPPB_1062/plasmid_fastqs/long_plasmid.fastq file.
2025-11-08 05:50:48.838 | INFO     | plassembler:run:738 - If this is small (indicating few unmapped reads and therefore Unicycler failed due to low depth), then your sample likely has no plasmids.
2025-11-08 05:50:49.671 | INFO     | plassembler:end_plassembler:118 - Plassembler has finished
2025-11-08 05:50:49.671 | INFO     | plassembler:end_plassembler:119 - Elapsed time: 604.59 seconds
