
[1;4;93mStarting Polypolish polish[0m [2m(2026-03-30 20:20:07)[0m
[2m    Polypolish is a tool for polishing genome assemblies with short reads.
Unlike other tools in this category, Polypolish uses SAM files where each read
has been aligned to all possible locations (not just a single best location).
This allows it to repair errors in repeat regions that other alignment-based
polishers cannot fix.[0m

Polypolish version: 0.6.1

Input assembly:
  hybracter-hybrid-misc2/processing/complete/medaka_rd_2/NCPPB_4364_dyei/consensus.fasta

Input short-read alignments:
  hybracter-hybrid-misc2/processing/complete/bwa/NCPPB_4364_dyei_1.sam
  hybracter-hybrid-misc2/processing/complete/bwa/NCPPB_4364_dyei_2.sam

Settings:
  --fraction_invalid 0.2
  --fraction_valid 0.5
  --max_errors 10
  --min_depth 5
  not logging debugging information


[1;4;93mLoading assembly[0m [2m(2026-03-30 20:20:07)[0m
2 (98,267 bp)
3 (94,558 bp)
1 (190,893 bp)
contig_1 (5,328,690 bp)


[1;4;93mLoading alignments[0m [2m(2026-03-30 20:20:07)[0m
hybracter-hybrid-misc2/processing/complete/bwa/NCPPB_4364_dyei_1.sam: 32,023,040 alignments from 7,018,723 reads
hybracter-hybrid-misc2/processing/complete/bwa/NCPPB_4364_dyei_2.sam: 32,067,345 alignments from 7,019,218 reads

Filtering for high-quality end-to-end alignments:
  61,616,906 alignments kept
  2,473,479 alignments discarded


[1;4;93mPolishing assembly sequences[0m [2m(2026-03-30 20:23:01)[0m
[2m    For each position in the assembly, Polypolish determines the read depth
at that position and collects all aligned bases. It then polishes the assembly
by looking for positions where the pileup unambiguously supports a different
sequence than the assembly.[0m

Polishing 2 (98,267 bp):
  mean read depth: 169.2x
  2 bp have a depth of zero (99.9980% coverage)
  4 positions changed (0.0041% of total positions)
  estimated pre-polishing sequence accuracy: 99.9959% (Q43.90)

Polishing 3 (94,558 bp):
  mean read depth: 462.4x
  2 bp have a depth of zero (99.9979% coverage)
  0 positions changed (0.0000% of total positions)
  estimated pre-polishing sequence accuracy: 100.0000% (Q‚ąě)

Polishing 1 (190,893 bp):
  mean read depth: 338.1x
  3 bp have a depth of zero (99.9984% coverage)
  0 positions changed (0.0000% of total positions)
  estimated pre-polishing sequence accuracy: 100.0000% (Q‚ąě)

Polishing contig_1 (5,328,690 bp):
  mean read depth: 324.2x
  2 bp have a depth of zero (100.0000% coverage)
  3 positions changed (0.0001% of total positions)
  estimated pre-polishing sequence accuracy: 99.9999% (Q62.49)


[1;4;93mFinished![0m [2m(2026-03-30 20:23:02)[0m
Polished sequence (to stdout):
  2_polypolish (98,263 bp)
  3_polypolish (94,558 bp)
  1_polypolish (190,893 bp)
  contig_1_polypolish (5,328,689 bp)

Time to run: 0:02:54.908834

