
[1;4;93mStarting Polypolish polish[0m [2m(2026-03-30 19:50:11)[0m
[2m    Polypolish is a tool for polishing genome assemblies with short reads.
Unlike other tools in this category, Polypolish uses SAM files where each read
has been aligned to all possible locations (not just a single best location).
This allows it to repair errors in repeat regions that other alignment-based
polishers cannot fix.[0m

Polypolish version: 0.6.1

Input assembly:
  hybracter-hybrid-misc2/processing/complete/medaka_rd_2/NCPPB_1061_plantaginis/consensus.fasta

Input short-read alignments:
  hybracter-hybrid-misc2/processing/complete/bwa/NCPPB_1061_plantaginis_1.sam
  hybracter-hybrid-misc2/processing/complete/bwa/NCPPB_1061_plantaginis_2.sam

Settings:
  --fraction_invalid 0.2
  --fraction_valid 0.5
  --max_errors 10
  --min_depth 5
  not logging debugging information


[1;4;93mLoading assembly[0m [2m(2026-03-30 19:50:11)[0m
contig_1 (5,333,787 bp)


[1;4;93mLoading alignments[0m [2m(2026-03-30 19:50:11)[0m
hybracter-hybrid-misc2/processing/complete/bwa/NCPPB_1061_plantaginis_1.sam: 13,083,571 alignments from 11,088,062 reads
hybracter-hybrid-misc2/processing/complete/bwa/NCPPB_1061_plantaginis_2.sam: 13,085,034 alignments from 11,089,308 reads

Filtering for high-quality end-to-end alignments:
  25,041,545 alignments kept
  1,127,060 alignments discarded


[1;4;93mPolishing assembly sequences[0m [2m(2026-03-30 19:51:37)[0m
[2m    For each position in the assembly, Polypolish determines the read depth
at that position and collects all aligned bases. It then polishes the assembly
by looking for positions where the pileup unambiguously supports a different
sequence than the assembly.[0m

Polishing contig_1 (5,333,787 bp):
  mean read depth: 530.6x
  2 bp have a depth of zero (100.0000% coverage)
  0 positions changed (0.0000% of total positions)
  estimated pre-polishing sequence accuracy: 100.0000% (Q∞)


[1;4;93mFinished![0m [2m(2026-03-30 19:51:38)[0m
Polished sequence (to stdout):
  contig_1_polypolish (5,333,787 bp)

Time to run: 0:01:26.993533

