
[1;4;93mStarting Polypolish polish[0m [2m(2026-03-30 23:13:01)[0m
[2m    Polypolish is a tool for polishing genome assemblies with short reads.
Unlike other tools in this category, Polypolish uses SAM files where each read
has been aligned to all possible locations (not just a single best location).
This allows it to repair errors in repeat regions that other alignment-based
polishers cannot fix.[0m

Polypolish version: 0.6.1

Input assembly:
  hybracter-hybrid-misc2/processing/complete/medaka_rd_2/NCPPB_4629_dyei/consensus.fasta

Input short-read alignments:
  hybracter-hybrid-misc2/processing/complete/bwa/NCPPB_4629_dyei_1.sam
  hybracter-hybrid-misc2/processing/complete/bwa/NCPPB_4629_dyei_2.sam

Settings:
  --fraction_invalid 0.2
  --fraction_valid 0.5
  --max_errors 10
  --min_depth 5
  not logging debugging information


[1;4;93mLoading assembly[0m [2m(2026-03-30 23:13:01)[0m
contig_1 (5,261,224 bp)
1 (38,487 bp)


[1;4;93mLoading alignments[0m [2m(2026-03-30 23:13:02)[0m
hybracter-hybrid-misc2/processing/complete/bwa/NCPPB_4629_dyei_1.sam: 9,349,145 alignments from 8,452,511 reads
hybracter-hybrid-misc2/processing/complete/bwa/NCPPB_4629_dyei_2.sam: 9,351,095 alignments from 8,453,851 reads

Filtering for high-quality end-to-end alignments:
  18,113,370 alignments kept
  586,870 alignments discarded


[1;4;93mPolishing assembly sequences[0m [2m(2026-03-30 23:14:05)[0m
[2m    For each position in the assembly, Polypolish determines the read depth
at that position and collects all aligned bases. It then polishes the assembly
by looking for positions where the pileup unambiguously supports a different
sequence than the assembly.[0m

Polishing contig_1 (5,261,224 bp):
  mean read depth: 407.6x
  2 bp have a depth of zero (100.0000% coverage)
  2 positions changed (0.0000% of total positions)
  estimated pre-polishing sequence accuracy: 100.0000% (Q64.20)

Polishing 1 (38,487 bp):
  mean read depth: 2014.8x
  2 bp have a depth of zero (99.9948% coverage)
  0 positions changed (0.0000% of total positions)
  estimated pre-polishing sequence accuracy: 100.0000% (Q∞)


[1;4;93mFinished![0m [2m(2026-03-30 23:14:05)[0m
Polished sequence (to stdout):
  contig_1_polypolish (5,261,222 bp)
  1_polypolish (38,487 bp)

Time to run: 0:01:03.991988

