
[1;4;93mStarting Polypolish polish[0m [2m(2026-03-30 23:38:14)[0m
[2m    Polypolish is a tool for polishing genome assemblies with short reads.
Unlike other tools in this category, Polypolish uses SAM files where each read
has been aligned to all possible locations (not just a single best location).
This allows it to repair errors in repeat regions that other alignment-based
polishers cannot fix.[0m

Polypolish version: 0.6.1

Input assembly:
  hybracter-hybrid-misc2/processing/complete/medaka_rd_2/NCPPB_4367_dyei/consensus.fasta

Input short-read alignments:
  hybracter-hybrid-misc2/processing/complete/bwa/NCPPB_4367_dyei_1.sam
  hybracter-hybrid-misc2/processing/complete/bwa/NCPPB_4367_dyei_2.sam

Settings:
  --fraction_invalid 0.2
  --fraction_valid 0.5
  --max_errors 10
  --min_depth 5
  not logging debugging information


[1;4;93mLoading assembly[0m [2m(2026-03-30 23:38:14)[0m
contig_1 (4,998,908 bp)


[1;4;93mLoading alignments[0m [2m(2026-03-30 23:38:15)[0m
hybracter-hybrid-misc2/processing/complete/bwa/NCPPB_4367_dyei_1.sam: 9,404,265 alignments from 9,182,166 reads
hybracter-hybrid-misc2/processing/complete/bwa/NCPPB_4367_dyei_2.sam: 9,403,919 alignments from 9,181,937 reads

Filtering for high-quality end-to-end alignments:
  18,283,001 alignments kept
  525,183 alignments discarded


[1;4;93mPolishing assembly sequences[0m [2m(2026-03-30 23:39:19)[0m
[2m    For each position in the assembly, Polypolish determines the read depth
at that position and collects all aligned bases. It then polishes the assembly
by looking for positions where the pileup unambiguously supports a different
sequence than the assembly.[0m

Polishing contig_1 (4,998,908 bp):
  mean read depth: 477.8x
  2 bp have a depth of zero (100.0000% coverage)
  1 position changed (0.0000% of total positions)
  estimated pre-polishing sequence accuracy: 100.0000% (Q66.99)


[1;4;93mFinished![0m [2m(2026-03-30 23:39:20)[0m
Polished sequence (to stdout):
  contig_1_polypolish (4,998,907 bp)

Time to run: 0:01:05.581764

