[2026-03-27 12:29:11] INFO: Starting Flye 2.9.6-b1802
[2026-03-27 12:29:11] INFO: >>>STAGE: configure
[2026-03-27 12:29:11] INFO: Configuring run
[2026-03-27 12:29:12] INFO: Total read length: 44592015
[2026-03-27 12:29:12] INFO: Reads N50/N90: 35281 / 29602
[2026-03-27 12:29:12] INFO: Minimum overlap set to 10000
[2026-03-27 12:29:12] INFO: >>>STAGE: assembly
[2026-03-27 12:29:12] INFO: Assembling disjointigs
[2026-03-27 12:29:12] INFO: Reading sequences
[2026-03-27 12:29:13] INFO: Building minimizer index
[2026-03-27 12:29:13] INFO: Pre-calculating index storage
0% 10% 20% 30% 40% 50% 60% 70% 80% 90% 100% 
[2026-03-27 12:29:13] INFO: Filling index
0% 10% 20% 30% 40% 50% 60% 70% 80% 90% 100% 
[2026-03-27 12:29:18] INFO: Extending reads
[2026-03-27 12:29:47] INFO: Overlap-based coverage: 8
[2026-03-27 12:29:47] INFO: Median overlap divergence: 0.00346477
0% 60% 90% 100% 
[2026-03-27 12:29:49] INFO: Assembled 3 disjointigs
[2026-03-27 12:29:49] INFO: Generating sequence
0% 10% 20% 30% 40% 50% 60% 70% 80% 90% 100% 
[2026-03-27 12:29:50] INFO: Filtering contained disjointigs
0% 30% 60% 100% 
[2026-03-27 12:29:51] INFO: Contained seqs: 0
[2026-03-27 12:29:51] INFO: >>>STAGE: consensus
[2026-03-27 12:29:51] INFO: Running Minimap2
[2026-03-27 12:29:55] INFO: Computing consensus
[2026-03-27 12:30:05] INFO: Alignment error rate: 0.004284
[2026-03-27 12:30:05] INFO: >>>STAGE: repeat
[2026-03-27 12:30:05] INFO: Building and resolving repeat graph
[2026-03-27 12:30:05] INFO: Parsing disjointigs
[2026-03-27 12:30:05] INFO: Building repeat graph
0% 30% 60% 100% 
[2026-03-27 12:30:08] INFO: Median overlap divergence: 0.0021951
[2026-03-27 12:30:08] INFO: Parsing reads
[2026-03-27 12:30:08] INFO: Aligning reads to the graph
0% 10% 20% 30% 40% 50% 60% 70% 80% 90% 100% 
[2026-03-27 12:30:11] INFO: Aligned read sequence: 44354308 / 44592015 (0.994669)
[2026-03-27 12:30:11] INFO: Median overlap divergence: 0.00161368
[2026-03-27 12:30:11] INFO: Mean edge coverage: 8
[2026-03-27 12:30:11] INFO: Simplifying the graph
[2026-03-27 12:30:11] INFO: >>>STAGE: contigger
[2026-03-27 12:30:11] INFO: Generating contigs
[2026-03-27 12:30:11] INFO: Reading sequences
[2026-03-27 12:30:12] INFO: Generated 2 contigs
[2026-03-27 12:30:12] INFO: Added 0 scaffold connections
[2026-03-27 12:30:12] INFO: >>>STAGE: polishing
[2026-03-27 12:30:12] INFO: Polishing genome (1/1)
[2026-03-27 12:30:12] INFO: Running minimap2
[2026-03-27 12:30:16] INFO: Separating alignment into bubbles
[2026-03-27 12:30:24] INFO: Alignment error rate: 0.002472
[2026-03-27 12:30:24] INFO: Correcting bubbles
0% 10% 20% 30% 40% 50% 60% 70% 80% 90% 100% 
[2026-03-27 12:30:35] INFO: >>>STAGE: finalize
[2026-03-27 12:30:35] INFO: Assembly statistics:

	Total length:	5184627
	Fragments:	2
	Fragments N50:	5136974
	Largest frg:	5136974
	Scaffolds:	0
	Mean coverage:	7

[2026-03-27 12:30:35] INFO: Final assembly: /data/djs217/PROJECTS/xanthomonas-genome-assemblies/xanthomonas_march_2026/hybracter-hybrid/processing/assemblies/NCPPB_881_gardneri/assembly.fasta
