[2026-03-27 12:22:11] INFO: Starting Flye 2.9.6-b1802
[2026-03-27 12:22:11] INFO: >>>STAGE: configure
[2026-03-27 12:22:11] INFO: Configuring run
[2026-03-27 12:22:12] INFO: Total read length: 44484052
[2026-03-27 12:22:12] INFO: Reads N50/N90: 32459 / 26358
[2026-03-27 12:22:12] INFO: Minimum overlap set to 10000
[2026-03-27 12:22:12] INFO: >>>STAGE: assembly
[2026-03-27 12:22:12] INFO: Assembling disjointigs
[2026-03-27 12:22:12] INFO: Reading sequences
[2026-03-27 12:22:13] INFO: Building minimizer index
[2026-03-27 12:22:13] INFO: Pre-calculating index storage
0% 10% 20% 30% 40% 50% 60% 70% 80% 90% 100% 
[2026-03-27 12:22:13] INFO: Filling index
0% 10% 20% 30% 40% 50% 60% 70% 80% 90% 100% 
[2026-03-27 12:22:17] INFO: Extending reads
[2026-03-27 12:22:46] INFO: Overlap-based coverage: 8
[2026-03-27 12:22:46] INFO: Median overlap divergence: 0.00409615
0% 20% 90% 100% 
[2026-03-27 12:22:48] INFO: Assembled 2 disjointigs
[2026-03-27 12:22:48] INFO: Generating sequence
0% 10% 20% 30% 40% 50% 60% 70% 80% 90% 100% 
[2026-03-27 12:22:49] INFO: Filtering contained disjointigs
0% 50% 100% 
[2026-03-27 12:22:50] INFO: Contained seqs: 0
[2026-03-27 12:22:50] INFO: >>>STAGE: consensus
[2026-03-27 12:22:50] INFO: Running Minimap2
[2026-03-27 12:22:54] INFO: Computing consensus
[2026-03-27 12:23:05] INFO: Alignment error rate: 0.004881
[2026-03-27 12:23:05] INFO: >>>STAGE: repeat
[2026-03-27 12:23:05] INFO: Building and resolving repeat graph
[2026-03-27 12:23:05] INFO: Parsing disjointigs
[2026-03-27 12:23:06] INFO: Building repeat graph
0% 50% 100% 
[2026-03-27 12:23:08] INFO: Median overlap divergence: 0.00180077
[2026-03-27 12:23:08] INFO: Parsing reads
[2026-03-27 12:23:08] INFO: Aligning reads to the graph
0% 10% 20% 30% 40% 50% 60% 70% 80% 90% 100% 
[2026-03-27 12:23:10] INFO: Aligned read sequence: 44287654 / 44484052 (0.995585)
[2026-03-27 12:23:10] INFO: Median overlap divergence: 0.00193268
[2026-03-27 12:23:10] INFO: Mean edge coverage: 8
[2026-03-27 12:23:10] INFO: Simplifying the graph
[2026-03-27 12:23:10] INFO: >>>STAGE: contigger
[2026-03-27 12:23:10] INFO: Generating contigs
[2026-03-27 12:23:10] INFO: Reading sequences
[2026-03-27 12:23:11] INFO: Generated 1 contigs
[2026-03-27 12:23:11] INFO: Added 0 scaffold connections
[2026-03-27 12:23:11] INFO: >>>STAGE: polishing
[2026-03-27 12:23:11] INFO: Polishing genome (1/1)
[2026-03-27 12:23:11] INFO: Running minimap2
[2026-03-27 12:23:14] INFO: Separating alignment into bubbles
[2026-03-27 12:23:23] INFO: Alignment error rate: 0.002728
[2026-03-27 12:23:23] INFO: Correcting bubbles
0% 10% 20% 30% 40% 50% 60% 70% 80% 90% 100% 
[2026-03-27 12:23:35] INFO: >>>STAGE: finalize
[2026-03-27 12:23:35] INFO: Assembly statistics:

	Total length:	5128447
	Fragments:	1
	Fragments N50:	5128447
	Largest frg:	5128447
	Scaffolds:	0
	Mean coverage:	8

[2026-03-27 12:23:35] INFO: Final assembly: /data/djs217/PROJECTS/xanthomonas-genome-assemblies/xanthomonas_march_2026/hybracter-hybrid/processing/assemblies/NCPPB_2439/assembly.fasta
