[2026-03-26 20:43:32] INFO: Starting Flye 2.9.6-b1802
[2026-03-26 20:43:32] INFO: >>>STAGE: configure
[2026-03-26 20:43:32] INFO: Configuring run
[2026-03-26 20:43:32] INFO: Total read length: 44815524
[2026-03-26 20:43:32] INFO: Reads N50/N90: 36049 / 30852
[2026-03-26 20:43:32] INFO: Minimum overlap set to 10000
[2026-03-26 20:43:32] INFO: >>>STAGE: assembly
[2026-03-26 20:43:32] INFO: Assembling disjointigs
[2026-03-26 20:43:32] INFO: Reading sequences
[2026-03-26 20:43:33] INFO: Building minimizer index
[2026-03-26 20:43:33] INFO: Pre-calculating index storage
0% 10% 20% 30% 40% 50% 60% 70% 80% 90% 100% 
[2026-03-26 20:43:33] INFO: Filling index
0% 10% 20% 30% 40% 50% 60% 70% 80% 90% 100% 
[2026-03-26 20:43:38] INFO: Extending reads
[2026-03-26 20:44:08] INFO: Overlap-based coverage: 8
[2026-03-26 20:44:08] INFO: Median overlap divergence: 0.0032517
0% 90% 100% 
[2026-03-26 20:44:09] INFO: Assembled 1 disjointigs
[2026-03-26 20:44:09] INFO: Generating sequence
0% 10% 20% 30% 40% 50% 60% 70% 80% 90% 100% 
[2026-03-26 20:44:11] INFO: Filtering contained disjointigs
0% 100% 
[2026-03-26 20:44:12] INFO: Contained seqs: 0
[2026-03-26 20:44:12] INFO: >>>STAGE: consensus
[2026-03-26 20:44:12] INFO: Running Minimap2
[2026-03-26 20:44:16] INFO: Computing consensus
[2026-03-26 20:44:27] INFO: Alignment error rate: 0.011347
[2026-03-26 20:44:27] INFO: >>>STAGE: repeat
[2026-03-26 20:44:27] INFO: Building and resolving repeat graph
[2026-03-26 20:44:27] INFO: Parsing disjointigs
[2026-03-26 20:44:27] INFO: Building repeat graph
0% 100% 
[2026-03-26 20:44:29] INFO: Median overlap divergence: 0
[2026-03-26 20:44:29] INFO: Parsing reads
[2026-03-26 20:44:30] INFO: Aligning reads to the graph
0% 10% 20% 30% 40% 50% 60% 70% 80% 90% 100% 
[2026-03-26 20:44:32] INFO: Aligned read sequence: 43868987 / 44815524 (0.978879)
[2026-03-26 20:44:32] INFO: Median overlap divergence: 0.00149393
[2026-03-26 20:44:32] INFO: Mean edge coverage: 8
[2026-03-26 20:44:32] INFO: Simplifying the graph
[2026-03-26 20:44:32] INFO: >>>STAGE: contigger
[2026-03-26 20:44:32] INFO: Generating contigs
[2026-03-26 20:44:32] INFO: Reading sequences
[2026-03-26 20:44:33] INFO: Generated 1 contigs
[2026-03-26 20:44:33] INFO: Added 0 scaffold connections
[2026-03-26 20:44:33] INFO: >>>STAGE: polishing
[2026-03-26 20:44:33] INFO: Polishing genome (1/1)
[2026-03-26 20:44:33] INFO: Running minimap2
[2026-03-26 20:44:37] INFO: Separating alignment into bubbles
[2026-03-26 20:44:49] INFO: Alignment error rate: 0.009030
[2026-03-26 20:44:49] INFO: Correcting bubbles
0% 10% 20% 30% 40% 50% 60% 70% 80% 90% 100% 
[2026-03-26 20:44:59] INFO: >>>STAGE: finalize
[2026-03-26 20:44:59] INFO: Assembly statistics:

	Total length:	4869543
	Fragments:	1
	Fragments N50:	4869543
	Largest frg:	4869543
	Scaffolds:	0
	Mean coverage:	9

[2026-03-26 20:44:59] INFO: Final assembly: /data/djs217/PROJECTS/xanthomonas-genome-assemblies/xanthomonas_march_2026/hybracter-hybrid/processing/assemblies/NCPPB_1131/assembly.fasta
