[2026-03-27 15:00:18] INFO: Starting Flye 2.9.6-b1802
[2026-03-27 15:00:18] INFO: >>>STAGE: configure
[2026-03-27 15:00:18] INFO: Configuring run
[2026-03-27 15:00:20] INFO: Total read length: 44420587
[2026-03-27 15:00:20] INFO: Reads N50/N90: 40047 / 33657
[2026-03-27 15:00:20] INFO: Minimum overlap set to 10000
[2026-03-27 15:00:20] INFO: >>>STAGE: assembly
[2026-03-27 15:00:20] INFO: Assembling disjointigs
[2026-03-27 15:00:20] INFO: Reading sequences
[2026-03-27 15:00:20] INFO: Building minimizer index
[2026-03-27 15:00:20] INFO: Pre-calculating index storage
0% 10% 20% 30% 40% 50% 60% 70% 80% 90% 100% 
[2026-03-27 15:00:21] INFO: Filling index
0% 10% 20% 30% 40% 50% 60% 70% 80% 90% 100% 
[2026-03-27 15:00:26] INFO: Extending reads
[2026-03-27 15:00:56] INFO: Overlap-based coverage: 8
[2026-03-27 15:00:56] INFO: Median overlap divergence: 0.00336269
0% 70% 90% 100% 
[2026-03-27 15:00:59] INFO: Assembled 5 disjointigs
[2026-03-27 15:00:59] INFO: Generating sequence
0% 10% 20% 30% 40% 50% 60% 70% 80% 90% 100% 
[2026-03-27 15:01:00] INFO: Filtering contained disjointigs
0% 20% 40% 60% 80% 100% 
[2026-03-27 15:01:01] INFO: Contained seqs: 0
[2026-03-27 15:01:01] INFO: >>>STAGE: consensus
[2026-03-27 15:01:01] INFO: Running Minimap2
[2026-03-27 15:01:05] INFO: Computing consensus
[2026-03-27 15:01:15] INFO: Alignment error rate: 0.004076
[2026-03-27 15:01:15] INFO: >>>STAGE: repeat
[2026-03-27 15:01:15] INFO: Building and resolving repeat graph
[2026-03-27 15:01:15] INFO: Parsing disjointigs
[2026-03-27 15:01:15] INFO: Building repeat graph
0% 20% 40% 60% 80% 100% 
[2026-03-27 15:01:17] INFO: Median overlap divergence: 0.00222839
[2026-03-27 15:01:17] INFO: Parsing reads
[2026-03-27 15:01:18] INFO: Aligning reads to the graph
0% 10% 20% 30% 40% 50% 60% 70% 80% 90% 100% 
[2026-03-27 15:01:21] INFO: Aligned read sequence: 44242257 / 44420587 (0.995985)
[2026-03-27 15:01:21] INFO: Median overlap divergence: 0.00164717
[2026-03-27 15:01:21] INFO: Mean edge coverage: 8
[2026-03-27 15:01:21] INFO: Simplifying the graph
[2026-03-27 15:01:21] INFO: >>>STAGE: contigger
[2026-03-27 15:01:21] INFO: Generating contigs
[2026-03-27 15:01:21] INFO: Reading sequences
[2026-03-27 15:01:22] INFO: Generated 3 contigs
[2026-03-27 15:01:22] INFO: Added 0 scaffold connections
[2026-03-27 15:01:22] INFO: >>>STAGE: polishing
[2026-03-27 15:01:22] INFO: Polishing genome (1/1)
[2026-03-27 15:01:22] INFO: Running minimap2
[2026-03-27 15:01:26] INFO: Separating alignment into bubbles
[2026-03-27 15:01:34] INFO: Alignment error rate: 0.002196
[2026-03-27 15:01:34] INFO: Correcting bubbles
0% 10% 20% 30% 40% 50% 60% 70% 80% 90% 100% 
[2026-03-27 15:01:46] INFO: >>>STAGE: finalize
[2026-03-27 15:01:47] INFO: Assembly statistics:

	Total length:	5232691
	Fragments:	3
	Fragments N50:	5125775
	Largest frg:	5125775
	Scaffolds:	0
	Mean coverage:	7

[2026-03-27 15:01:47] INFO: Final assembly: /data/djs217/PROJECTS/xanthomonas-genome-assemblies/xanthomonas_march_2026/hybracter-hybrid/processing/assemblies/NCPPB_4680_xcc/assembly.fasta
