[2026-03-26 22:56:26] INFO: Starting Flye 2.9.6-b1802
[2026-03-26 22:56:26] INFO: >>>STAGE: configure
[2026-03-26 22:56:26] INFO: Configuring run
[2026-03-26 22:56:27] INFO: Total read length: 44831474
[2026-03-26 22:56:27] INFO: Reads N50/N90: 36385 / 30365
[2026-03-26 22:56:27] INFO: Minimum overlap set to 10000
[2026-03-26 22:56:27] INFO: >>>STAGE: assembly
[2026-03-26 22:56:27] INFO: Assembling disjointigs
[2026-03-26 22:56:27] INFO: Reading sequences
[2026-03-26 22:56:27] INFO: Building minimizer index
[2026-03-26 22:56:27] INFO: Pre-calculating index storage
0% 10% 20% 30% 40% 50% 60% 70% 80% 90% 100% 
[2026-03-26 22:56:28] INFO: Filling index
0% 10% 20% 30% 40% 50% 60% 70% 80% 90% 100% 
[2026-03-26 22:56:32] INFO: Extending reads
[2026-03-26 22:57:01] INFO: Overlap-based coverage: 8
[2026-03-26 22:57:01] INFO: Median overlap divergence: 0.00349484
0% 90% 100% 
[2026-03-26 22:57:03] INFO: Assembled 2 disjointigs
[2026-03-26 22:57:03] INFO: Generating sequence
0% 10% 20% 30% 40% 50% 60% 70% 80% 90% 100% 
[2026-03-26 22:57:04] INFO: Filtering contained disjointigs
0% 50% 100% 
[2026-03-26 22:57:05] INFO: Contained seqs: 0
[2026-03-26 22:57:06] INFO: >>>STAGE: consensus
[2026-03-26 22:57:06] INFO: Running Minimap2
[2026-03-26 22:57:09] INFO: Computing consensus
[2026-03-26 22:57:18] INFO: Alignment error rate: 0.004334
[2026-03-26 22:57:18] INFO: >>>STAGE: repeat
[2026-03-26 22:57:18] INFO: Building and resolving repeat graph
[2026-03-26 22:57:18] INFO: Parsing disjointigs
[2026-03-26 22:57:18] INFO: Building repeat graph
0% 50% 100% 
[2026-03-26 22:57:20] INFO: Median overlap divergence: 0.00157331
[2026-03-26 22:57:20] INFO: Parsing reads
[2026-03-26 22:57:21] INFO: Aligning reads to the graph
0% 10% 20% 30% 40% 50% 60% 70% 80% 90% 100% 
[2026-03-26 22:57:24] INFO: Aligned read sequence: 44623162 / 44831474 (0.995353)
[2026-03-26 22:57:24] INFO: Median overlap divergence: 0.00169474
[2026-03-26 22:57:24] INFO: Mean edge coverage: 8
[2026-03-26 22:57:24] INFO: Simplifying the graph
[2026-03-26 22:57:24] INFO: >>>STAGE: contigger
[2026-03-26 22:57:24] INFO: Generating contigs
[2026-03-26 22:57:24] INFO: Reading sequences
[2026-03-26 22:57:25] INFO: Generated 2 contigs
[2026-03-26 22:57:25] INFO: Added 0 scaffold connections
[2026-03-26 22:57:25] INFO: >>>STAGE: polishing
[2026-03-26 22:57:25] INFO: Polishing genome (1/1)
[2026-03-26 22:57:25] INFO: Running minimap2
[2026-03-26 22:57:28] INFO: Separating alignment into bubbles
[2026-03-26 22:57:38] INFO: Alignment error rate: 0.002445
[2026-03-26 22:57:38] INFO: Correcting bubbles
0% 10% 20% 30% 40% 50% 60% 70% 80% 90% 100% 
[2026-03-26 22:57:52] INFO: >>>STAGE: finalize
[2026-03-26 22:57:52] INFO: Assembly statistics:

	Total length:	5397300
	Fragments:	2
	Fragments N50:	5356959
	Largest frg:	5356959
	Scaffolds:	0
	Mean coverage:	8

[2026-03-26 22:57:52] INFO: Final assembly: /data/djs217/PROJECTS/xanthomonas-genome-assemblies/xanthomonas_march_2026/hybracter-hybrid/processing/assemblies/NCPPB_1713/assembly.fasta
