
[1;4;93mStarting Polypolish polish[0m [2m(2026-03-26 20:58:37)[0m
[2m    Polypolish is a tool for polishing genome assemblies with short reads.
Unlike other tools in this category, Polypolish uses SAM files where each read
has been aligned to all possible locations (not just a single best location).
This allows it to repair errors in repeat regions that other alignment-based
polishers cannot fix.[0m

Polypolish version: 0.6.1

Input assembly:
  hybracter-hybrid/processing/complete/medaka_rd_2/NCPPB_1131/consensus.fasta

Input short-read alignments:
  hybracter-hybrid/processing/complete/bwa/NCPPB_1131_1.sam
  hybracter-hybrid/processing/complete/bwa/NCPPB_1131_2.sam

Settings:
  --fraction_invalid 0.2
  --fraction_valid 0.5
  --max_errors 10
  --min_depth 5
  not logging debugging information


[1;4;93mLoading assembly[0m [2m(2026-03-26 20:58:37)[0m
contig_1 (4,869,438 bp)


[1;4;93mLoading alignments[0m [2m(2026-03-26 20:58:37)[0m
hybracter-hybrid/processing/complete/bwa/NCPPB_1131_1.sam: 8,860,973 alignments from 8,689,524 reads
hybracter-hybrid/processing/complete/bwa/NCPPB_1131_2.sam: 8,861,527 alignments from 8,689,903 reads

Filtering for high-quality end-to-end alignments:
  17,295,709 alignments kept
  426,791 alignments discarded


[1;4;93mPolishing assembly sequences[0m [2m(2026-03-26 21:00:27)[0m
[2m    For each position in the assembly, Polypolish determines the read depth
at that position and collects all aligned bases. It then polishes the assembly
by looking for positions where the pileup unambiguously supports a different
sequence than the assembly.[0m

Polishing contig_1 (4,869,438 bp):
  mean read depth: 464.7x
  330 bp have a depth of zero (99.9932% coverage)
  533 positions changed (0.0109% of total positions)
  estimated pre-polishing sequence accuracy: 99.9891% (Q39.61)


[1;4;93mFinished![0m [2m(2026-03-26 21:00:28)[0m
Polished sequence (to stdout):
  contig_1_polypolish (4,869,426 bp)

Time to run: 0:01:51.127570

