
Starting Unicycler (2025-11-11 01:05:47)
----------------------------------------
    Welcome to Unicycler, an assembly pipeline for bacterial genomes. Since you provided both short and long reads, Unicycler will perform a hybrid assembly. It will first use SPAdes to make a short-read assembly graph, and then it will use various methods to scaffold that graph with the long reads.
    For more information, please see https://github.com/rrwick/Unicycler

Command: /data/djs217/miniconda3/envs/unicycler_env/bin/unicycler -1 SRR29655370_1_val_1.fq.gz -2 SRR29655370_2_val_2.fq.gz -l SRR30037968_1.fastq.gz -o NCPPB_2060.unicycler

Unicycler version: v0.4.8
Using 8 threads

Making output directory:
  /data/djs217/PROJECTS/xanthomonas-genome-assemblies/PRJNA1130015-rhynchosiae/NCPPB_2060.unicycler

Dependencies:
  Program         Version   Status  
  spades.py       3.13.1    good    
  racon           1.4.20    good    
  makeblastdb     2.12.0+   good    
  tblastn         2.12.0+   good    
  bowtie2-build   2.3.5.1   good    
  bowtie2         2.3.5.1   good    
  samtools        1.6       good    
  java            21.0.6    good    
  pilon           1.24      good    
  bcftools                  not used


SPAdes read error correction (2025-11-11 01:06:18)
--------------------------------------------------
    Unicycler uses the SPAdes read error correction module to reduce the number of errors in the short read before SPAdes assembly. This can make the assembly faster and simplify the assembly graph structure.

Command: /data/djs217/miniconda3/envs/unicycler_env/bin/spades.py -1 /data/djs217/PROJECTS/xanthomonas-genome-assemblies/PRJNA1130015-rhynchosiae/SRR29655370_1_val_1.fq.gz -2 /data/djs217/PROJECTS/xanthomonas-genome-assemblies/PRJNA1130015-rhynchosiae/SRR29655370_2_val_2.fq.gz -o /data/djs217/PROJECTS/xanthomonas-genome-assemblies/PRJNA1130015-rhynchosiae/NCPPB_2060.unicycler/spades_assembly/read_correction --threads 8 --only-error-correction

Corrected reads:
  /data/djs217/PROJECTS/xanthomonas-genome-assemblies/PRJNA1130015-rhynchosiae/NCPPB_2060.unicycler/spades_assembly/corrected_1.fastq.gz
  /data/djs217/PROJECTS/xanthomonas-genome-assemblies/PRJNA1130015-rhynchosiae/NCPPB_2060.unicycler/spades_assembly/corrected_2.fastq.gz


Choosing k-mer range for assembly (2025-11-11 01:21:57)
-------------------------------------------------------
    Unicycler chooses a k-mer range for SPAdes based on the length of the input reads. It uses a wide range of many k-mer sizes to maximise the chance of finding an ideal assembly.

SPAdes maximum k-mer: 127
Median read length: 249
K-mer range: 27, 47, 63, 77, 89, 99, 107, 115, 121, 127


SPAdes assemblies (2025-11-11 01:22:20)
---------------------------------------
    Unicycler now uses SPAdes to assemble the short reads. It scores the assembly graph for each k-mer using the number of contigs (fewer is better) and the number of dead ends (fewer is better). The score function is 1/(c*(d+2)), where c is the contig count and d is the dead end count.

K-mer   Contigs   Dead ends   Score   
   27                           failed
   47                           failed
   63                           failed
   77                           failed
   89                           failed
   99                           failed
  107                           failed
  115                           failed
  121                           failed
  127       586           1   5.69e-04 <-best

Read depth filter: removed 3 contigs totalling 1012 bp
Deleting /data/djs217/PROJECTS/xanthomonas-genome-assemblies/PRJNA1130015-rhynchosiae/NCPPB_2060.unicycler/spades_assembly/


Determining graph multiplicity (2025-11-11 01:45:31)
----------------------------------------------------
    Multiplicity is the number of times a sequence occurs in the underlying sequence. Single-copy contigs (those with a multiplicity of one, occurring only once in the underlying sequence) are particularly useful.

Saving /data/djs217/PROJECTS/xanthomonas-genome-assemblies/PRJNA1130015-rhynchosiae/NCPPB_2060.unicycler/001_best_spades_graph.gfa


Cleaning graph (2025-11-11 01:45:32)
------------------------------------
    Unicycler now performs various cleaning procedures on the graph to remove overlaps and simplify the graph structure. The end result is a graph ready for bridging.

Graph overlaps removed

Removed zero-length segments:
    198, 215, 217, 220, 224, 226, 229, 241, 245, 247, 251, 256, 257, 258, 259, 260, 262, 263, 264, 268, 269, 270, 272, 274, 275, 276, 277, 278, 280, 282, 283, 285, 286, 287, 290, 296, 299, 301, 310, 311, 312, 313, 317, 318, 320, 321, 324, 327, 329, 330, 331, 332, 335, 336, 337, 338, 339, 340, 342, 343, 348, 350, 356, 359, 360, 361, 362, 363, 364, 366, 367, 368, 369, 370, 372, 373, 374, 375, 379, 381, 382, 383, 384, 385, 386, 390, 391, 392, 393, 395, 397, 398, 401, 402, 408, 409, 410, 411, 414, 418, 420, 422, 434, 435, 436, 439, 440, 441, 445, 448, 452, 460, 466, 472, 473, 477, 487, 488, 489, 490, 491, 492, 493, 494, 495, 499, 505, 506, 510, 519, 520, 531, 541, 560, 566, 573, 579

Removed zero-length segments:
    199, 443, 446, 456, 458, 463, 464, 471, 482, 485, 496, 509, 515, 554

Removed zero-length segments:
    453, 461, 522, 532, 570, 580

Removed zero-length segments:
    529, 564

Removed zero-length segments:
    527, 558

Removed zero-length segments:
    549

Removed zero-length segments:
    561

Merged small segments:
    486, 497, 503, 512, 514, 516, 517, 521, 524, 528, 533, 534, 535, 538, 540, 542, 544, 545, 546, 548, 550, 551, 555, 557, 559, 562, 563, 565, 569, 571, 572, 574, 577, 578, 583, 584

Saving /data/djs217/PROJECTS/xanthomonas-genome-assemblies/PRJNA1130015-rhynchosiae/NCPPB_2060.unicycler/002_overlaps_removed.gfa

    Unicycler now selects a set of anchor contigs from the single-copy contigs. These are the contigs which will be connected via bridges to form the final assembly.

87 anchor segments (4,840,727 bp) out of 399 total segments (5,168,273 bp)


Creating SPAdes contig bridges (2025-11-11 01:45:32)
----------------------------------------------------
    SPAdes uses paired-end information to perform repeat resolution (RR) and produce contigs from the assembly graph. SPAdes saves the graph paths corresponding to these contigs in the contigs.paths file. When one of these paths contains two or more anchor contigs, Unicycler can create a bridge from the path.

                                        Bridge
Start           Path           End     quality
  -68       -142 -> -142       95         27.3
  -64           155            84         56.8
  -51   -148 -> 143 -> -148    54         18.9
  -16           -168           33         55.1
   -9           -200           32         36.5
   -7           162            22         61.5
   -4           -156           53         63.1
   12           -176           -18        57.7
   14           -171           8          59.7
   22           188            43         61.7
   23           -110           63         22.7
   30           156            101        31.8
   31           110            -63        21.1
   44           192            -64        38.5
   48           -188           1          63.1
   93   -127 -> -109 -> -165   49         12.1


Creating loop unrolling bridges (2025-11-11 01:45:32)
-----------------------------------------------------
    When a SPAdes contig path connects an anchor contig with the middle contig of a simple loop, Unicycler concludes that the sequences are contiguous (i.e. the loop is not a separate piece of DNA). It then uses the read depth of the middle and repeat contigs to guess the number of times to traverse the loop and makes a bridge.

                                  Loop count   Loop count    Loop    Bridge
Start   Repeat   Middle     End    by repeat    by middle   count   quality
  -51     -148      143      54         0.69         0.75       1      36.5
   71     -166      337      -9         1.01         0.95       1      44.5
   23     -110       63     -31         1.02         1.10       1      39.0


Loading reads (2025-11-11 01:45:32)
-----------------------------------
8,085 / 8,085 (100.0%) - 21,497,503 bp


Assembling contigs and long reads with miniasm (2025-11-11 01:45:33)
--------------------------------------------------------------------
    Unicycler uses miniasm to construct a string graph assembly using both the short read contigs and the long reads. It will then use the resulting string graph to produce bridges between contigs. This method requires decent coverage of long reads and therefore may not be fruitful if long reads are sparse. However, it does not rely on the short read assembly graph having good connectivity and is able to bridge an assembly graph even when it contains many dead ends.
    Unicycler uses two types of "reads" as assembly input: anchor contigs from the short-read assembly and actual long reads which overlap two or more of these contigs. It then assembles them with miniasm.

Aligning long reads to graph using minimap

Saving to /data/djs217/PROJECTS/xanthomonas-genome-assemblies/PRJNA1130015-rhynchosiae/NCPPB_2060.unicycler/miniasm_assembly/01_assembly_reads.fastq:
  87 short-read contigs
  830 long reads

Finding overlaps with minimap... 
success
  7,377 overlaps

Assembling reads with miniasm... 
empty result


Creating simple long read bridges (2025-11-11 01:45:35)
-------------------------------------------------------
    Unicycler uses long read alignments (from minimap) to resolve simple repeat structures in the graph. This takes care of some "low-hanging fruit" of the graph simplification.

Aligning long reads to graph using minimap

    Two-way junctions are defined as cases where two graph contigs (A and B) join together (C) and then split apart again (D and E). This usually represents a simple 2-copy repeat, and there are two possible options for its resolution: (A->C->D and B->C->E) or (A->C->E and B->C->D). Each read which spans such a junction gets to "vote" for option 1, option 2 or neither. Unicycler creates a bridge at each junction for the most voted for option.

                                                     Op. 1   Op. 2   Neither   Final    Bridge
Junction        Option 1             Option 2        votes   votes     votes     op.   quality
     131   -31 -> 131 -> -40,   -31 -> 131 -> -33,       0       8         4       2      56.6
            8 -> 131 -> -33      8 -> 131 -> -40                                              
     156    -53 -> 156 -> 4,    -53 -> 156 -> 101,       2       0         1       1      25.1
            30 -> 156 -> 101      30 -> 156 -> 4                                              
     110   -63 -> 110 -> -63,   -63 -> 110 -> -23,       0       1         4       2       0.0
            31 -> 110 -> -23     31 -> 110 -> -63                                             
     132   -52 -> 132 -> -73,   -52 -> 132 -> 44,        2       0         4       1       0.0
            52 -> 132 -> 44      52 -> 132 -> -73                                             
     107   -37 -> 107 -> 39,    -37 -> 107 -> 88,        2       1         0       1      33.9
            53 -> 107 -> 88      53 -> 107 -> 39                                              

    Simple loops are parts of the graph where two contigs (A and B) are connected via a repeat (C) which loops back to itself (via D). It is possible to traverse the loop zero times (A->C->B), one time (A->C->D->C->B), two times (A->C->D->C->D->C->B), etc. Long reads which span the loop inform which is the correct number of times through. In this step, such reads are found and each is aligned against alternative loop counts. A reads casts its "vote" for the loop count it agrees best with, and Unicycler creates a bridge using the most voted for count.

                                   Read                         Loop    Bridge
Start   Repeat   Middle     End   count   Read votes           count   quality
  -95      142               68       0                           no          
                                                               reads          
  -51     -148      143      54       4   0 loops: 2 votes       tie          
                                          1 loop: 2 votes       vote          
   16      245              -61       3   2 loops: 2 votes         2      49.1
                                          9 loops: 1 vote                     
   23     -110       63     -31       0                           no          
                                                               reads          
   71     -166      337      -9       2   2 loops: 2 votes         2      86.6
   85      220               -6       3   6 loops: 2 votes         6      49.0
                                          12 loops: 1 vote                    


Determining low score threshold (2025-11-11 01:45:41)
-----------------------------------------------------
    Before conducting semi-global alignment of the long reads to the assembly graph, Unicycler must determine a minimum alignment score threshold such that nonsense alignments are excluded. To choose a threshold automatically, it examines alignments between random sequences and selects a score a few standard deviations above the mean.

Automatically choosing a threshold using random alignment scores.

Random alignment mean score: 61.66
         standard deviation:  1.31
        Low score threshold: 61.66 + (7 x 1.31) = 70.86


Aligning reads (2025-11-11 01:45:41)
------------------------------------
8,085 / 8,085 (100.0%)


Read alignment summary (2025-11-11 01:50:16)
--------------------------------------------
Total read count:             8,085
Fully aligned reads:          6,609
Partially aligned reads:        581
Unaligned reads:                895
Total bases aligned:     17,399,417 bp
Mean alignment identity:         86.2%

Deleting /data/djs217/PROJECTS/xanthomonas-genome-assemblies/PRJNA1130015-rhynchosiae/NCPPB_2060.unicycler/read_alignment/


Building long read bridges (2025-11-11 01:50:17)
------------------------------------------------
    Unicycler uses the long read alignments to produce bridges between anchor segments. These bridges can be formed using as few as one long read, giving Unicycler the ability to bridge the graph even when long-read depth is low.

       Start -> end    Best path                                 Quality
 1/55    85 -> 74                                                 10.129
 2/55    36 -> 42      83                                         87.157
 3/55    93 -> 93                                                 15.362
 4/55   -28 -> 30      83, 119, 377, 174, 260, -304, -276, 159,   56.686
                       286, -353                                        
 5/55   -36 -> 51                                                  9.582
 6/55    93 -> 49      -127, -109, -165                           55.079
 7/55    65 -> 12                                                 21.277
 8/55    30 -> -11     156, 101, 377, 174, 317, 385, 383, -332,   68.676
                       -246, -333, -229, 329, 241, 304, -285,           
                       -345, -255, -169, -278, -190, -177,              
                       -281, -323, 159, 286, -353                       
 9/55    89 -> -86     353, -286, -159, 323, 281, 177, 190,       26.691
                       278, 169, 254, 345, 311, -283, -241,             
                       -329, 229, 333, 246, 332, -383, -385,            
                       -317, -174, -377, 330, 302, -173, 123,           
                       -144                                             
10/55   -46 -> 47      -335, 364, 214, -266, 346, -312, -360,     72.774
                       178, -263, 355, 315, -399, 301, 349,             
                       -257, 373, -207, -235, 218, -303, -173,          
                       -328, -267, 106, 362, -256, 201, -181,           
                       331, 172, 240, -322, 151, -215, 187,             
                       -299, -372                                       
11/55    42 -> -39     377, 174, 317, 385, 383, -332, -246,       81.705
                       -333, -229, 329, 241, 304, -285, -345,           
                       -255, -169, -278, -190, -177, -281,              
                       -323, 159, 286, -353, 367, 270, -198             
12/55    58 -> 66      -375, 174, 317, 385, 383, -332, -246,      84.201
                       -333, -229, 329, 241, 283, -311, -345,           
                       -255, -169, -278, -190, -177, -281,              
                       -323, 159, 286, -353, 359                        
13/55    21 -> 85      376, 377, 174, 317, 385, 383, -332,        81.611
                       -246, -333, -229, 329, 241, 283, -311,           
                       -345, -255, -169, -278, -190, -177,              
                       -281, -323, 159, 286, -353                       
14/55    98 -> 6       357, -256, 203, -183, 331, 172, 240,       13.209
                       -322, 151, -215, 187, -299, -372, 369,           
                       233, -375, 174, 317, 385, 383, -332,             
                       -246, -333, -229, 329, 241, 304, -285,           
                       -345, -255, -169, -278, -190, -177,              
                       -281, -323, 159, 286, -353                       
15/55    84 -> -7      153, -163, 155, 114                        37.465
16/55   -48 -> 79      -114, 138, -153                            25.062
17/55   -37 -> 39      107                                        76.092
18/55    67 -> 86      366, 353, -286, -159, 323, 281, 177,       41.730
                       190, 278, 169, 254, 345, 285, -304,              
                       -241, -329, 229, 333, 246, 332, -383,            
                       -385, -317, -174, -377                           
19/55     2 -> 92      -368, 141, -136, 134                       77.849
20/55   101 -> -11     377, 174, 317, 385, 383, -332, -246,       25.509
                       -333, -229, 329, 241, 304, -285, -345,           
                       -255, -169, -278, -190, -177, -281,              
                       -323, 159, 286, -353                             
21/55    79 -> -65     377, 174, 317, 385, 383, -332, -246,       29.831
                       -333, -229, 329, 241, 304, -285, -345,           
                       -255, -169, -278, -190, -177, -281,              
                       -323, 159, 286, -353                             
22/55    81 -> 73      174, 317, 385, 383, -332, -246, -333,      80.558
                       -229, 329, 241, 304, -285, -345, -255,           
                       -169, -278, -190, -177, -281, -323, 159,         
                       286, -353, -370                                  
23/55    68 -> 74      353, -286, -159, 323, 281, 177, 190,       51.569
                       278, 169, 255, 345, 285, -304, -241,             
                       -329, 229, 333, 246, 332, -383, -385,            
                       -317, -174, -377                                 
24/55    96 -> 98      -369, 372, 299, -187, 215, -151, 322,      64.417
                       -240, -172, -331, 183, -203, 256, 361            
25/55    63 -> -31     -110                                       56.159
26/55    37 -> -20     -374, 377, 174, 317, 385, 383, -332,       72.015
                       -246, -333, -229, 329, 241, 304, -285,           
                       -345, -255, -169, -278, -190, -177,              
                       -281, -323, 159, 286, -353, -370, -386,          
                       -310, -343, -187, 215, -151, 322, -240,          
                       -172, -331, 183, -203, 102, 334, 364,            
                       214, -266, 346, -312, -360, 178, -263,           
                       355, 315, -399, 301, 349, -257, 373,             
                       -207, -235, 218, -303, -173, -328, 273           
27/55    88 -> 41      -361, -256, 201, -181, 331, 172, 240,      29.998
                       -322, 151, -215, 187, -299, -372                 
28/55     4 -> 65      -189, -266, 346, -312, -360, 178, -263,    85.256
                       355, 315, -399, 301, 349, -257, 373,             
                       -207, -235, 218, -303, -173, -328, 269           
29/55    19 -> 80      -343, -187, 215, -151, 322, -240, -172,    56.817
                       -331, 181, -201, 256, -362                       
30/55    85 -> -6                                                 32.948
31/55   -78 -> 93      -127                                       81.059
32/55   -51 -> 54      -148, 143, -148                            83.123
33/55    -6 -> 98                                                  6.444
34/55    40 -> -8      -131                                       60.626
35/55    33 -> 31      -131                                       87.127
36/55    73 -> 52      -132                                       37.280
37/55    72 -> 24      -133                                       40.288
38/55    30 -> 101     156                                        30.649
39/55    61 -> -16     -245, -245, -245                           76.372
40/55    71 -> -9      -166, 337, -166, 337, -166                 72.871
41/55    14 -> 8       -171                                        7.375
42/55   -16 -> 33      -168                                       51.172
43/55    -7 -> 22      162                                        58.015
44/55    48 -> 1       -188                                       84.283
45/55    22 -> 43      188                                        70.333
46/55    64 -> -44     -192                                       40.215
47/55    18 -> -12     176                                        33.231
48/55    17 -> 5                                                  40.002
49/55    -9 -> 32      -200                                       86.213
50/55    54 -> 36      267, 328, 173, 303, -218, 235, 207,        84.492
                       -373, 257, -349, -301, 399, -315, -355,          
                       263, -178, 360, 312, -346, 266, -214,            
                       -364, -338                                       
51/55    80 -> 89      353, -286, -159, 323, 281, 177, 190,       35.482
                       278, 169, 255, 345, 285, -304, -241,             
                       -329, 229, 333, 246, 332, -383, -385,            
                       -317, -174, -377, -376, 191, -227, 267,          
                       328, 173, 303, -218, 235, 207, -373,             
                       257, -349, -301, 399, -315, -355, 263,           
                       -178, 360, 312, -346, 266, -214, -364,           
                       335, 157, -186, 212, 120, -128, -117,            
                       -149, -140                                       
52/55    29 -> 61      -269, 328, 173, 303, -218, 235, 207,       47.500
                       -373, 257, -349, -301, 399, -315, -355,          
                       263, -178, 360, 312, -346, 266, 189              
53/55   -11 -> 72      -335, 364, 214, -266, 346, -312, -360,     81.615
                       178, -263, 355, 315, -399, 301, 349,             
                       -257, 373, -207, -235, 218, -303, -173,          
                       -328, 273                                        
54/55    46 -> 62      -269, 328, 173, 303, -218, 235, 207,       41.694
                       -373, 257, -349, -301, 399, -315, -355,          
                       263, -178, 360, 312, -346, 266, -214,            
                       -364, -336                                       
55/55     1 -> 100     -368, 141, -136, 134, -87, -314, -359,     14.562
                       353, -286, -159, 323, 281, 177, 190,             
                       278, 169, 255, 345, 285, -304, -241,             
                       -329, 229, 333, 246, 332, -383, -385,            
                       -317, -174, -377, 251, -112                      


Applying bridges (2025-11-11 01:50:33)
--------------------------------------
    Unicycler now applies to the graph in decreasing order of quality. This ensures that when multiple, contradictory bridges exist, the most supported option is used.

Bridge type        Start -> end   Path                                       Quality
long read            36 -> 42     83                                          87.157
long read            33 -> 31     -131                                        87.127
simple long read     71 -> -9     -166, 337, -166, 337, -166                  86.597
long read            -9 -> 32     -200                                        86.213
long read             4 -> 65     -189, -266, 346, -312, -360, 178, -263,     85.256
                                  355, 315, -399, 301, 349, -257, 373,              
                                  -207, -235, 218, -303, -173, -328, 269            
long read            54 -> 36     267, 328, 173, 303, -218, 235, 207,         84.492
                                  -373, 257, -349, -301, 399, -315, -355,           
                                  263, -178, 360, 312, -346, 266, -214,             
                                  -364, -338                                        
long read            48 -> 1      -188                                        84.283
long read            58 -> 66     -375, 174, 317, 385, 383, -332, -246,       84.201
                                  -333, -229, 329, 241, 283, -311, -345,            
                                  -255, -169, -278, -190, -177, -281,               
                                  -323, 159, 286, -353, 359                         
long read           -51 -> 54     -148, 143, -148                             83.123
long read            42 -> -39    377, 174, 317, 385, 383, -332, -246,        81.705
                                  -333, -229, 329, 241, 304, -285, -345,            
                                  -255, -169, -278, -190, -177, -281,               
                                  -323, 159, 286, -353, 367, 270, -198              
long read           -11 -> 72     -335, 364, 214, -266, 346, -312, -360,      81.615
                                  178, -263, 355, 315, -399, 301, 349,              
                                  -257, 373, -207, -235, 218, -303, -173,           
                                  -328, 273                                         
long read            21 -> 85     376, 377, 174, 317, 385, 383, -332,         81.611
                                  -246, -333, -229, 329, 241, 283, -311,            
                                  -345, -255, -169, -278, -190, -177,               
                                  -281, -323, 159, 286, -353                        
long read           -78 -> 93     -127                                        81.059
long read            81 -> 73     174, 317, 385, 383, -332, -246, -333,       80.558
                                  -229, 329, 241, 304, -285, -345, -255,            
                                  -169, -278, -190, -177, -281, -323, 159,          
                                  286, -353, -370                                   
long read             2 -> 92     -368, 141, -136, 134                        77.849
long read            61 -> -16    -245, -245, -245                            76.372
long read           -37 -> 39     107                                         76.092
long read           -46 -> 47     -335, 364, 214, -266, 346, -312, -360,      72.774
                                  178, -263, 355, 315, -399, 301, 349,              
                                  -257, 373, -207, -235, 218, -303, -173,           
                                  -328, -267, 106, 362, -256, 201, -181,            
                                  331, 172, 240, -322, 151, -215, 187,              
                                  -299, -372                                        
long read            37 -> -20    -374, 377, 174, 317, 385, 383, -332,        72.015
                                  -246, -333, -229, 329, 241, 304, -285,            
                                  -345, -255, -169, -278, -190, -177,               
                                  -281, -323, 159, 286, -353, -370, -386,           
                                  -310, -343, -187, 215, -151, 322, -240,           
                                  -172, -331, 183, -203, 102, 334, 364,             
                                  214, -266, 346, -312, -360, 178, -263,            
                                  355, 315, -399, 301, 349, -257, 373,              
                                  -207, -235, 218, -303, -173, -328, 273            
long read            22 -> 43     188                                         70.333
long read            30 -> 101    156                                         68.676
long read           101 -> -11    377, 174, 317, 385, 383, -332, -246,        68.676
                                  -333, -229, 329, 241, 304, -285, -345,            
                                  -255, -169, -278, -190, -177, -281,               
                                  -323, 159, 286, -353                              
long read            96 -> 98     -369, 372, 299, -187, 215, -151, 322,       64.417
                                  -240, -172, -331, 183, -203, 256, 361             
long read            40 -> -8     -131                                        60.626
long read            -7 -> 22     162                                         58.015
long read            19 -> 80     -343, -187, 215, -151, 322, -240, -172,     56.817
                                  -331, 181, -201, 256, -362                        
long read           -28 -> 30     83, 119, 377, 174, 260, -304, -276, 159,    56.686
                                  286, -353                                         
long read            63 -> -31    -110                                        56.159
long read            93 -> 49     -127, -109, -165                            55.079
long read            68 -> 74     353, -286, -159, 323, 281, 177, 190,        51.569
                                  278, 169, 255, 345, 285, -304, -241,              
                                  -329, 229, 333, 246, 332, -383, -385,             
                                  -317, -174, -377                                  
long read           -16 -> 33     -168                                        51.172
simple long read    -53 -> 4      156                                         49.856
simple long read     85 -> -6     220, 220, 220, 220, 220, 220, 220           48.967
long read            29 -> 61     -269, 328, 173, 303, -218, 235, 207,        47.500
                                  -373, 257, -349, -301, 399, -315, -355,           
                                  263, -178, 360, 312, -346, 266, 189               
long read            67 -> 86     366, 353, -286, -159, 323, 281, 177,        41.730
                                  190, 278, 169, 254, 345, 285, -304,               
                                  -241, -329, 229, 333, 246, 332, -383,             
                                  -385, -317, -174, -377                            
long read            46 -> 62     -269, 328, 173, 303, -218, 235, 207,        41.694
                                  -373, 257, -349, -301, 399, -315, -355,           
                                  263, -178, 360, 312, -346, 266, -214,             
                                  -364, -336                                        
long read            72 -> 24     -133                                        40.288
long read            64 -> -44    -192                                        40.215
long read            17 -> 5                                                  40.002
long read            84 -> -7     153, -163, 155, 114                         37.465
long read            73 -> 52     -132                                        37.280
long read            80 -> 89     353, -286, -159, 323, 281, 177, 190,        35.482
                                  278, 169, 255, 345, 285, -304, -241,              
                                  -329, 229, 333, 246, 332, -383, -385,             
                                  -317, -174, -377, -376, 191, -227, 267,           
                                  328, 173, 303, -218, 235, 207, -373,              
                                  257, -349, -301, 399, -315, -355, 263,            
                                  -178, 360, 312, -346, 266, -214, -364,            
                                  335, 157, -186, 212, 120, -128, -117,             
                                  -149, -140                                        
simple long read     53 -> 88     107                                         33.932
long read            18 -> -12    176                                         33.231
long read            88 -> 41     -361, -256, 201, -181, 331, 172, 240,       29.998
                                  -322, 151, -215, 187, -299, -372                  
long read            79 -> -65    377, 174, 317, 385, 383, -332, -246,        29.831
                                  -333, -229, 329, 241, 304, -285, -345,            
                                  -255, -169, -278, -190, -177, -281,               
                                  -323, 159, 286, -353                              
long read            89 -> -86    353, -286, -159, 323, 281, 177, 190,        26.691
                                  278, 169, 254, 345, 311, -283, -241,              
                                  -329, 229, 333, 246, 332, -383, -385,             
                                  -317, -174, -377, 330, 302, -173, 123,            
                                  -144                                              
long read           -48 -> 79     -114, 138, -153                             25.062
long read             1 -> 100    -368, 141, -136, 134, -87, -314, -359,      14.562
                                  353, -286, -159, 323, 281, 177, 190,              
                                  278, 169, 255, 345, 285, -304, -241,              
                                  -329, 229, 333, 246, 332, -383, -385,             
                                  -317, -174, -377, 251, -112                       
long read            98 -> 6      357, -256, 203, -183, 331, 172, 240,        13.209
                                  -322, 151, -215, 187, -299, -372, 369,            
                                  233, -375, 174, 317, 385, 383, -332,              
                                  -246, -333, -229, 329, 241, 304, -285,            
                                  -345, -255, -169, -278, -190, -177,               
                                  -281, -323, 159, 286, -353                        
SPAdes               14 -> 8      -171                                        59.673
SPAdes              -64 -> 84     155                                         56.780
SPAdes              -68 -> 95     -142, -142                                  27.280
SPAdes               23 -> 63     -110                                        22.673

Saving /data/djs217/PROJECTS/xanthomonas-genome-assemblies/PRJNA1130015-rhynchosiae/NCPPB_2060.unicycler/003_bridges_applied.gfa


Bridged assembly graph (2025-11-11 01:50:34)
--------------------------------------------
    The assembly is now mostly finished and no more structural changes will be made. Ideally the assembly graph should now have one contig per replicon and no erroneous contigs (i.e a complete assembly). If there are more contigs, then the assembly is not complete.

Saving /data/djs217/PROJECTS/xanthomonas-genome-assemblies/PRJNA1130015-rhynchosiae/NCPPB_2060.unicycler/004_final_clean.gfa

Component   Segments   Links   Length      N50       Longest segment   Status    
        1        265     381   5,227,441   285,980           818,501   incomplete


Polishing assembly with Pilon (2025-11-11 01:50:34)
---------------------------------------------------
    Unicycler now conducts multiple rounds of Pilon in an attempt to repair any remaining small-scale errors with the assembly.

Aligning reads to find appropriate insert size range...
Insert size 1st percentile:  68
Insert size 99th percentile: 788

Pilon polish round 1
Total number of changes: 10

Pilon polish round 2
Total number of changes: 18

Pilon polish round 3
Total number of changes: 6

Pilon polish round 4
No Pilon changes

Pilon polish round 5
No Pilon changes

Saving /data/djs217/PROJECTS/xanthomonas-genome-assemblies/PRJNA1130015-rhynchosiae/NCPPB_2060.unicycler/005_polished.gfa


Assembly complete (2025-11-11 03:17:05)
---------------------------------------
Saving /data/djs217/PROJECTS/xanthomonas-genome-assemblies/PRJNA1130015-rhynchosiae/NCPPB_2060.unicycler/assembly.gfa
Saving /data/djs217/PROJECTS/xanthomonas-genome-assemblies/PRJNA1130015-rhynchosiae/NCPPB_2060.unicycler/assembly.fasta

