/data/djs217/miniconda3/envs/hybracter_env/lib/python3.11/site-packages/hybracter/workflow/conda/7aafc1085ca44eee01942c03ca74ecad_/lib/python3.11/site-packages/medaka/common.py:16: UserWarning: pkg_resources is deprecated as an API. See https://setuptools.pypa.io/en/latest/pkg_resources.html. The pkg_resources package is slated for removal as early as 2025-11-30. Refrain from using this package or pin to Setuptools<81.
  from pkg_resources import resource_filename
/data/djs217/miniconda3/envs/hybracter_env/lib/python3.11/site-packages/hybracter/workflow/conda/7aafc1085ca44eee01942c03ca74ecad_/lib/python3.11/site-packages/medaka/common.py:16: UserWarning: pkg_resources is deprecated as an API. See https://setuptools.pypa.io/en/latest/pkg_resources.html. The pkg_resources package is slated for removal as early as 2025-11-30. Refrain from using this package or pin to Setuptools<81.
  from pkg_resources import resource_filename
/data/djs217/miniconda3/envs/hybracter_env/lib/python3.11/site-packages/hybracter/workflow/conda/7aafc1085ca44eee01942c03ca74ecad_/lib/python3.11/site-packages/medaka/common.py:16: UserWarning: pkg_resources is deprecated as an API. See https://setuptools.pypa.io/en/latest/pkg_resources.html. The pkg_resources package is slated for removal as early as 2025-11-30. Refrain from using this package or pin to Setuptools<81.
  from pkg_resources import resource_filename
[21:33:30 - MdlStrTGZ] Successfully removed temporary files from /tmp/tmpwki6eps1.
/data/djs217/miniconda3/envs/hybracter_env/lib/python3.11/site-packages/hybracter/workflow/conda/7aafc1085ca44eee01942c03ca74ecad_/lib/python3.11/site-packages/medaka/common.py:16: UserWarning: pkg_resources is deprecated as an API. See https://setuptools.pypa.io/en/latest/pkg_resources.html. The pkg_resources package is slated for removal as early as 2025-11-30. Refrain from using this package or pin to Setuptools<81.
  from pkg_resources import resource_filename
[21:33:32 - MdlStrTGZ] Successfully removed temporary files from /tmp/tmprb_66glx.
Creating fai index file /data/djs217/PROJECTS/xanthomonas-genome-assemblies/xanthomonas_march_2026/hybracter-hybrid-Xcc/processing/pre_polish/NCPPB_4678_xcc_chromosome_plus_plasmids.fasta.fai
Creating mmi index file /data/djs217/PROJECTS/xanthomonas-genome-assemblies/xanthomonas_march_2026/hybracter-hybrid-Xcc/processing/pre_polish/NCPPB_4678_xcc_chromosome_plus_plasmids.fasta.map-ont.mmi
[M::mm_idx_gen::0.179*1.02] collected minimizers
[M::mm_idx_gen::0.225*1.40] sorted minimizers
[M::main::0.282*1.32] loaded/built the index for 2 target sequence(s)
[M::mm_idx_stat] kmer size: 15; skip: 10; is_hpc: 0; #seq: 2
[M::mm_idx_stat::0.298*1.31] distinct minimizers: 893156 (94.44% are singletons); average occurrences: 1.082; average spacing: 5.359; total length: 5177717
[M::main] Version: 2.30-r1287
[M::main] CMD: minimap2 -I 16G -x map-ont -d /data/djs217/PROJECTS/xanthomonas-genome-assemblies/xanthomonas_march_2026/hybracter-hybrid-Xcc/processing/pre_polish/NCPPB_4678_xcc_chromosome_plus_plasmids.fasta.map-ont.mmi /data/djs217/PROJECTS/xanthomonas-genome-assemblies/xanthomonas_march_2026/hybracter-hybrid-Xcc/processing/pre_polish/NCPPB_4678_xcc_chromosome_plus_plasmids.fasta
[M::main] Real time: 0.305 sec; CPU: 0.396 sec; Peak RSS: 0.051 GB
[M::main::0.081*1.01] loaded/built the index for 2 target sequence(s)
[M::mm_mapopt_update::0.101*1.01] mid_occ = 13
[M::mm_idx_stat] kmer size: 15; skip: 10; is_hpc: 0; #seq: 2
[M::mm_idx_stat::0.115*1.01] distinct minimizers: 893156 (94.44% are singletons); average occurrences: 1.082; average spacing: 5.359; total length: 5177717
[M::worker_pipeline::21.578*7.37] mapped 18746 sequences
[M::main] Version: 2.30-r1287
[M::main] CMD: minimap2 -x map-ont --secondary=no -L --MD -A 2 -B 4 -O 4,24 -E 2,1 -t 12 -a /data/djs217/PROJECTS/xanthomonas-genome-assemblies/xanthomonas_march_2026/hybracter-hybrid-Xcc/processing/pre_polish/NCPPB_4678_xcc_chromosome_plus_plasmids.fasta.map-ont.mmi /data/djs217/PROJECTS/xanthomonas-genome-assemblies/xanthomonas_march_2026/hybracter-hybrid-Xcc/processing/qc/NCPPB_4678_xcc_filt_trim.fastq.gz
[M::main] Real time: 21.596 sec; CPU: 159.101 sec; Peak RSS: 1.150 GB
[bam_sort_core] merging from 0 files and 12 in-memory blocks...
/data/djs217/miniconda3/envs/hybracter_env/lib/python3.11/site-packages/hybracter/workflow/conda/7aafc1085ca44eee01942c03ca74ecad_/lib/python3.11/site-packages/medaka/common.py:16: UserWarning: pkg_resources is deprecated as an API. See https://setuptools.pypa.io/en/latest/pkg_resources.html. The pkg_resources package is slated for removal as early as 2025-11-30. Refrain from using this package or pin to Setuptools<81.
  from pkg_resources import resource_filename
[21:34:06 - Predict] Processing region(s): contig_2:0-5129343 1:0-48374
[21:34:06 - Predict] Using model: /data/djs217/miniconda3/envs/hybracter_env/lib/python3.11/site-packages/hybracter/workflow/conda/7aafc1085ca44eee01942c03ca74ecad_/lib/python3.11/site-packages/medaka/data/r1041_e82_400bps_sup_v5.0.0_model_pt.tar.gz.
[21:34:06 - Predict] Using minimum mapQ threshold of 1 for read filtering.
[21:34:06 - MdlStrTGZ] Model GRUModel(
  (gru): GRU(10, 128, num_layers=2, batch_first=True, bidirectional=True)
  (linear): Linear(in_features=256, out_features=5, bias=True)
)
[21:34:06 - MdlStrTGZ] loading weights from /tmp/tmpdpkuxp2i/model/weights.pt
[21:34:06 - MdlStrTGZ] Successfully removed temporary files from /tmp/tmpdpkuxp2i.
[21:34:06 - Predict] Model device: cpu
[21:34:06 - Predict] Running prediction at full precision
[21:34:06 - BAMFile] Creating pool of 16 BAM file sets.
[21:34:06 - Predict] Processing 7 long region(s) with batching.
[21:34:06 - Sampler] Initializing sampler for consensus of region contig_2:0-1000000.
[21:34:06 - Sampler] Initializing sampler for consensus of region contig_2:999000-1999000.
[21:34:06 - PWorker] Running inference for 5.2M draft bases.
[21:34:08 - Feature] Processed contig_2:0.0-999999.0 (median depth 75.0)
[21:34:08 - Sampler] Took 1.67s to make features.
[21:34:08 - Sampler] Initializing sampler for consensus of region contig_2:1998000-2998000.
[21:34:08 - Feature] Processed contig_2:999000.0-1998999.0 (median depth 81.0)
[21:34:08 - Sampler] Took 1.82s to make features.
[21:34:08 - Sampler] Initializing sampler for consensus of region contig_2:2997000-3997000.
[21:34:09 - Feature] Processed contig_2:1998000.0-2997999.0 (median depth 87.0)
[21:34:09 - Sampler] Took 1.12s to make features.
[21:34:09 - Sampler] Initializing sampler for consensus of region contig_2:3996000-4996000.
[21:34:09 - Feature] Processed contig_2:2997000.0-3996999.0 (median depth 92.0)
[21:34:09 - Sampler] Took 1.18s to make features.
[21:34:09 - Sampler] Initializing sampler for consensus of region contig_2:4995000-5129343.
[21:34:10 - Feature] Processed contig_2:4995000.0-5129342.0 (median depth 92.0)
[21:34:10 - Sampler] Took 0.52s to make features.
[21:34:10 - Sampler] Initializing sampler for consensus of region 1:0-48374.
[21:34:10 - Feature] Processed 1:0.0-48373.0 (median depth 192.0)
[21:34:10 - Sampler] Took 0.26s to make features.
[21:34:11 - Feature] Processed contig_2:3996000.0-4995999.1 (median depth 83.0)
[21:34:11 - Sampler] Took 1.64s to make features.
[21:34:30 - PWorker] Batches in cache: 7.
[21:34:30 - PWorker] 16.4% Done (0.8/5.2 Mbases) in 23.4s
[21:34:45 - PWorker] Batches in cache: 6.
[21:34:45 - PWorker] 32.8% Done (1.7/5.2 Mbases) in 39.2s
[21:35:09 - PWorker] Batches in cache: 5.
[21:35:09 - PWorker] 49.2% Done (2.5/5.2 Mbases) in 63.3s
[21:35:26 - PWorker] Batches in cache: 4.
[21:35:26 - PWorker] 65.4% Done (3.4/5.2 Mbases) in 80.0s
[21:35:34 - PWorker] Batches in cache: 3.
[21:35:42 - PWorker] Batches in cache: 2.
[21:35:42 - PWorker] 97.7% Done (5.1/5.2 Mbases) in 95.5s
[21:35:57 - PWorker] Batches in cache: 1.
[21:35:57 - PWorker] 100.0% Done (5.2/5.2 Mbases) in 110.5s
[21:35:57 - PWorker] Processed 7 batches
[21:35:57 - PWorker] All done, 0 remainder regions.
[21:35:57 - Predict] Finished processing all regions.
/data/djs217/miniconda3/envs/hybracter_env/lib/python3.11/site-packages/hybracter/workflow/conda/7aafc1085ca44eee01942c03ca74ecad_/lib/python3.11/site-packages/medaka/common.py:16: UserWarning: pkg_resources is deprecated as an API. See https://setuptools.pypa.io/en/latest/pkg_resources.html. The pkg_resources package is slated for removal as early as 2025-11-30. Refrain from using this package or pin to Setuptools<81.
  from pkg_resources import resource_filename
[21:35:59 - DataIndx] Loaded 1/1 (100.00%) sample files.
[21:35:59 - DataIndx] Loaded 1/1 (100.00%) sample files.
[21:35:59 - DataIndx] Loaded 1/1 (100.00%) sample files.
[21:35:59 - DataIndx] Loaded 1/1 (100.00%) sample files.
[21:35:59 - DataIndx] Loaded 1/1 (100.00%) sample files.
[21:35:59 - DataIndx] Loaded 1/1 (100.00%) sample files.
[21:35:59 - DataIndx] Loaded 1/1 (100.00%) sample files.
[21:35:59 - DataIndx] Loaded 1/1 (100.00%) sample files.
