[M::bwa_idx_load_from_disk] read 0 ALT contigs
[M::process] read 592060 sequences (80000167 bp)...
[M::process] read 589770 sequences (80000213 bp)...
[M::mem_process_seqs] Processed 592060 reads in 21.767 CPU sec, 5.155 real sec
[M::process] read 587566 sequences (80000195 bp)...
[M::mem_process_seqs] Processed 589770 reads in 22.128 CPU sec, 4.471 real sec
[M::process] read 588988 sequences (80000249 bp)...
[M::mem_process_seqs] Processed 587566 reads in 21.882 CPU sec, 4.693 real sec
[M::process] read 589796 sequences (80000163 bp)...
[M::mem_process_seqs] Processed 588988 reads in 21.921 CPU sec, 4.592 real sec
[M::process] read 587796 sequences (80000291 bp)...
[M::mem_process_seqs] Processed 589796 reads in 21.922 CPU sec, 5.074 real sec
[M::process] read 585816 sequences (80000073 bp)...
[M::mem_process_seqs] Processed 587796 reads in 21.796 CPU sec, 4.837 real sec
[M::process] read 588182 sequences (80000290 bp)...
[M::mem_process_seqs] Processed 585816 reads in 22.175 CPU sec, 4.272 real sec
[M::process] read 587118 sequences (80000026 bp)...
[M::mem_process_seqs] Processed 588182 reads in 22.440 CPU sec, 2.864 real sec
[M::process] read 585564 sequences (80000169 bp)...
[M::mem_process_seqs] Processed 587118 reads in 22.706 CPU sec, 2.988 real sec
[M::process] read 586502 sequences (80000163 bp)...
[M::mem_process_seqs] Processed 585564 reads in 22.426 CPU sec, 2.878 real sec
[M::process] read 587026 sequences (80000147 bp)...
[M::mem_process_seqs] Processed 586502 reads in 22.367 CPU sec, 2.901 real sec
[M::process] read 585784 sequences (80000018 bp)...
[M::mem_process_seqs] Processed 587026 reads in 22.278 CPU sec, 2.842 real sec
[M::process] read 584746 sequences (80000076 bp)...
[M::mem_process_seqs] Processed 585784 reads in 22.886 CPU sec, 3.108 real sec
[M::process] read 595302 sequences (80000041 bp)...
[M::mem_process_seqs] Processed 584746 reads in 22.208 CPU sec, 2.829 real sec
[M::process] read 593286 sequences (80000169 bp)...
[M::mem_process_seqs] Processed 595302 reads in 22.155 CPU sec, 2.898 real sec
[M::process] read 591480 sequences (80000202 bp)...
[M::mem_process_seqs] Processed 593286 reads in 22.210 CPU sec, 2.902 real sec
[M::process] read 147270 sequences (19999965 bp)...
[M::mem_process_seqs] Processed 591480 reads in 21.680 CPU sec, 2.892 real sec
[M::mem_process_seqs] Processed 147270 reads in 5.861 CPU sec, 0.816 real sec
[main] Version: 0.7.19-r1273
[main] CMD: bwa mem -t 8 -a hybracter-hybrid/processing/complete/medaka_rd_2/NCPPB_2217/consensus.fasta hybracter-hybrid/processing/qc/fastp/NCPPB_2217_2.fastq.gz
[main] Real time: 69.274 sec; CPU: 384.350 sec
