Read1 before filtering:
total reads: 10352947
total bases: 1359047727
Q20 bases: 1355067208(99.7071%)
Q30 bases: 1333413673(98.1138%)
Q40 bases: 1333413673(98.1138%)

Read2 before filtering:
total reads: 10352947
total bases: 1360016894
Q20 bases: 1355865667(99.6948%)
Q30 bases: 1336025816(98.236%)
Q40 bases: 1336025816(98.236%)

Read1 after filtering:
total reads: 10352731
total bases: 1359020908
Q20 bases: 1355045640(99.7075%)
Q30 bases: 1333400510(98.1148%)
Q40 bases: 1333400510(98.1148%)

Read2 after filtering:
total reads: 10352731
total bases: 1359988067
Q20 bases: 1355846948(99.6955%)
Q30 bases: 1336019192(98.2376%)
Q40 bases: 1336019192(98.2376%)

Filtering result:
reads passed filter: 20705462
reads failed due to low quality: 432
reads failed due to too many N: 0
reads failed due to too short: 0
reads with adapter trimmed: 58
bases trimmed due to adapters: 2316

Duplication rate: 6.7723%

Insert size peak (evaluated by paired-end reads): 128

JSON report: hybracter-hybrid/processing/qc/fastp/NCPPB_1236.json
HTML report: hybracter-hybrid/processing/qc/fastp/NCPPB_1236.html

fastp --in1 12037_1236_S69_R1_001_fastp_val_1.fq.gz --in2 12037_1236_S69_R2_001_fastp_val_2.fq.gz --out1 hybracter-hybrid/processing/qc/fastp/NCPPB_1236_1.fastq.gz --out2 hybracter-hybrid/processing/qc/fastp/NCPPB_1236_2.fastq.gz --html hybracter-hybrid/processing/qc/fastp/NCPPB_1236.html --json hybracter-hybrid/processing/qc/fastp/NCPPB_1236.json --thread 1 
fastp v1.0.1, time used: 82 seconds
