[M::bwa_idx_load_from_disk] read 0 ALT contigs
[M::process] read 616012 sequences (80000121 bp)...
[M::process] read 612260 sequences (80000038 bp)...
[M::mem_process_seqs] Processed 616012 reads in 30.531 CPU sec, 3.796 real sec
[M::process] read 609938 sequences (80000142 bp)...
[M::mem_process_seqs] Processed 612260 reads in 25.373 CPU sec, 3.062 real sec
[M::process] read 613134 sequences (80000094 bp)...
[M::mem_process_seqs] Processed 609938 reads in 25.891 CPU sec, 3.113 real sec
[M::process] read 611914 sequences (80000270 bp)...
[M::mem_process_seqs] Processed 613134 reads in 25.263 CPU sec, 3.036 real sec
[M::process] read 609276 sequences (80000058 bp)...
[M::mem_process_seqs] Processed 611914 reads in 23.519 CPU sec, 2.840 real sec
[M::process] read 610060 sequences (80000026 bp)...
[M::mem_process_seqs] Processed 609276 reads in 23.954 CPU sec, 2.866 real sec
[M::process] read 611482 sequences (80000027 bp)...
[M::mem_process_seqs] Processed 610060 reads in 25.254 CPU sec, 3.046 real sec
[M::process] read 609028 sequences (80000028 bp)...
[M::mem_process_seqs] Processed 611482 reads in 24.677 CPU sec, 2.969 real sec
[M::process] read 608406 sequences (80000047 bp)...
[M::mem_process_seqs] Processed 609028 reads in 25.833 CPU sec, 3.122 real sec
[M::process] read 610254 sequences (80000189 bp)...
[M::mem_process_seqs] Processed 608406 reads in 25.352 CPU sec, 3.044 real sec
[M::process] read 607922 sequences (80000099 bp)...
[M::mem_process_seqs] Processed 610254 reads in 24.986 CPU sec, 3.041 real sec
[M::process] read 607162 sequences (80000069 bp)...
[M::mem_process_seqs] Processed 607922 reads in 25.535 CPU sec, 3.077 real sec
[M::process] read 619242 sequences (80000167 bp)...
[M::mem_process_seqs] Processed 607162 reads in 25.006 CPU sec, 2.994 real sec
[M::process] read 619850 sequences (80000177 bp)...
[M::mem_process_seqs] Processed 619242 reads in 25.461 CPU sec, 3.048 real sec
[M::process] read 617500 sequences (80000094 bp)...
[M::mem_process_seqs] Processed 619850 reads in 25.896 CPU sec, 3.119 real sec
[M::process] read 115388 sequences (14991842 bp)...
[M::mem_process_seqs] Processed 617500 reads in 24.483 CPU sec, 3.042 real sec
[M::mem_process_seqs] Processed 115388 reads in 5.284 CPU sec, 0.641 real sec
[main] Version: 0.7.19-r1273
[main] CMD: bwa mem -t 8 -a hybracter-hybrid/processing/complete/medaka_rd_2/NCPPB_1594/consensus.fasta hybracter-hybrid/processing/qc/fastp/NCPPB_1594_2.fastq.gz
[main] Real time: 53.789 sec; CPU: 414.037 sec
