[M::bwa_idx_load_from_disk] read 0 ALT contigs
[M::process] read 597702 sequences (80000041 bp)...
[M::process] read 594110 sequences (80000085 bp)...
[M::mem_process_seqs] Processed 597702 reads in 23.010 CPU sec, 2.843 real sec
[M::process] read 592796 sequences (80000184 bp)...
[M::mem_process_seqs] Processed 594110 reads in 23.613 CPU sec, 2.874 real sec
[M::process] read 595566 sequences (80000156 bp)...
[M::mem_process_seqs] Processed 592796 reads in 22.727 CPU sec, 2.754 real sec
[M::process] read 592708 sequences (80000227 bp)...
[M::mem_process_seqs] Processed 595566 reads in 22.381 CPU sec, 2.728 real sec
[M::process] read 591742 sequences (80000115 bp)...
[M::mem_process_seqs] Processed 592708 reads in 22.412 CPU sec, 2.703 real sec
[M::process] read 593246 sequences (80000135 bp)...
[M::mem_process_seqs] Processed 591742 reads in 22.722 CPU sec, 2.765 real sec
[M::process] read 590932 sequences (80000199 bp)...
[M::mem_process_seqs] Processed 593246 reads in 23.102 CPU sec, 2.824 real sec
[M::process] read 591124 sequences (80000163 bp)...
[M::mem_process_seqs] Processed 590932 reads in 23.396 CPU sec, 2.816 real sec
[M::process] read 591664 sequences (80000156 bp)...
[M::mem_process_seqs] Processed 591124 reads in 24.295 CPU sec, 2.915 real sec
[M::process] read 589906 sequences (80000176 bp)...
[M::mem_process_seqs] Processed 591664 reads in 23.438 CPU sec, 2.806 real sec
[M::process] read 595536 sequences (80000119 bp)...
[M::mem_process_seqs] Processed 589906 reads in 22.801 CPU sec, 2.722 real sec
[M::process] read 600084 sequences (80000061 bp)...
[M::mem_process_seqs] Processed 595536 reads in 24.021 CPU sec, 2.892 real sec
[M::process] read 598628 sequences (80000161 bp)...
[M::mem_process_seqs] Processed 600084 reads in 23.461 CPU sec, 2.805 real sec
[M::process] read 222138 sequences (29766884 bp)...
[M::mem_process_seqs] Processed 598628 reads in 23.099 CPU sec, 2.851 real sec
[M::mem_process_seqs] Processed 222138 reads in 9.357 CPU sec, 1.119 real sec
[main] Version: 0.7.19-r1273
[main] CMD: bwa mem -t 8 -a hybracter-hybrid/processing/complete/medaka_rd_2/NCPPB_4678_xcc/consensus.fasta hybracter-hybrid/processing/qc/fastp/NCPPB_4678_xcc_2.fastq.gz
[main] Real time: 42.531 sec; CPU: 335.079 sec
