[M::bwa_idx_load_from_disk] read 0 ALT contigs
[M::process] read 614334 sequences (80000013 bp)...
[M::process] read 610896 sequences (80000033 bp)...
[M::mem_process_seqs] Processed 614334 reads in 22.854 CPU sec, 3.992 real sec
[M::process] read 608206 sequences (80000199 bp)...
[M::mem_process_seqs] Processed 610896 reads in 22.301 CPU sec, 3.642 real sec
[M::process] read 610590 sequences (80000082 bp)...
[M::mem_process_seqs] Processed 608206 reads in 22.053 CPU sec, 3.541 real sec
[M::process] read 610700 sequences (80000268 bp)...
[M::mem_process_seqs] Processed 610590 reads in 21.999 CPU sec, 3.438 real sec
[M::process] read 607730 sequences (80000179 bp)...
[M::mem_process_seqs] Processed 610700 reads in 22.783 CPU sec, 3.545 real sec
[M::process] read 606306 sequences (80000184 bp)...
[M::mem_process_seqs] Processed 607730 reads in 22.482 CPU sec, 3.323 real sec
[M::process] read 610314 sequences (80000145 bp)...
[M::mem_process_seqs] Processed 606306 reads in 22.877 CPU sec, 2.763 real sec
[M::process] read 607874 sequences (80000164 bp)...
[M::mem_process_seqs] Processed 610314 reads in 23.181 CPU sec, 2.811 real sec
[M::process] read 606142 sequences (80000109 bp)...
[M::mem_process_seqs] Processed 607874 reads in 24.432 CPU sec, 2.954 real sec
[M::process] read 608046 sequences (80000049 bp)...
[M::mem_process_seqs] Processed 606142 reads in 23.255 CPU sec, 2.808 real sec
[M::process] read 607122 sequences (80000179 bp)...
[M::mem_process_seqs] Processed 608046 reads in 22.866 CPU sec, 2.776 real sec
[M::process] read 605852 sequences (80000213 bp)...
[M::mem_process_seqs] Processed 607122 reads in 22.799 CPU sec, 2.738 real sec
[M::process] read 608408 sequences (80000183 bp)...
[M::mem_process_seqs] Processed 605852 reads in 23.956 CPU sec, 2.916 real sec
[M::process] read 617316 sequences (80000125 bp)...
[M::mem_process_seqs] Processed 608408 reads in 23.257 CPU sec, 2.797 real sec
[M::process] read 615506 sequences (80000248 bp)...
[M::mem_process_seqs] Processed 617316 reads in 23.493 CPU sec, 2.802 real sec
[M::process] read 614510 sequences (80000247 bp)...
[M::mem_process_seqs] Processed 615506 reads in 23.088 CPU sec, 2.784 real sec
[M::process] read 41266 sequences (5396723 bp)...
[M::mem_process_seqs] Processed 614510 reads in 23.347 CPU sec, 2.916 real sec
[M::mem_process_seqs] Processed 41266 reads in 1.941 CPU sec, 0.231 real sec
[main] Version: 0.7.19-r1273
[main] CMD: bwa mem -t 8 -a hybracter-hybrid/processing/complete/medaka_rd_2/NCPPB_4681_xcc/consensus.fasta hybracter-hybrid/processing/qc/fastp/NCPPB_4681_xcc_2.fastq.gz
[main] Real time: 54.981 sec; CPU: 394.280 sec
