[M::bwa_idx_load_from_disk] read 0 ALT contigs
[M::process] read 600990 sequences (80000139 bp)...
[M::process] read 598076 sequences (80000013 bp)...
[M::mem_process_seqs] Processed 600990 reads in 28.224 CPU sec, 3.480 real sec
[M::process] read 595698 sequences (80000226 bp)...
[M::mem_process_seqs] Processed 598076 reads in 27.039 CPU sec, 3.291 real sec
[M::process] read 598872 sequences (80000255 bp)...
[M::mem_process_seqs] Processed 595698 reads in 26.205 CPU sec, 3.149 real sec
[M::process] read 597474 sequences (80000141 bp)...
[M::mem_process_seqs] Processed 598872 reads in 26.590 CPU sec, 3.215 real sec
[M::process] read 595246 sequences (80000169 bp)...
[M::mem_process_seqs] Processed 597474 reads in 25.846 CPU sec, 3.151 real sec
[M::process] read 595982 sequences (80000011 bp)...
[M::mem_process_seqs] Processed 595246 reads in 25.967 CPU sec, 3.125 real sec
[M::process] read 596486 sequences (80000153 bp)...
[M::mem_process_seqs] Processed 595982 reads in 26.040 CPU sec, 3.155 real sec
[M::process] read 594398 sequences (80000133 bp)...
[M::mem_process_seqs] Processed 596486 reads in 25.495 CPU sec, 3.053 real sec
[M::process] read 594018 sequences (80000145 bp)...
[M::mem_process_seqs] Processed 594398 reads in 26.331 CPU sec, 3.173 real sec
[M::process] read 595706 sequences (80000093 bp)...
[M::mem_process_seqs] Processed 594018 reads in 25.338 CPU sec, 3.028 real sec
[M::process] read 593510 sequences (80000081 bp)...
[M::mem_process_seqs] Processed 595706 reads in 25.388 CPU sec, 3.088 real sec
[M::process] read 592802 sequences (80000042 bp)...
[M::mem_process_seqs] Processed 593510 reads in 24.975 CPU sec, 3.016 real sec
[M::process] read 604814 sequences (80000190 bp)...
[M::mem_process_seqs] Processed 592802 reads in 26.199 CPU sec, 3.192 real sec
[M::process] read 604138 sequences (80000010 bp)...
[M::mem_process_seqs] Processed 604814 reads in 26.048 CPU sec, 3.121 real sec
[M::process] read 602122 sequences (80000255 bp)...
[M::mem_process_seqs] Processed 604138 reads in 26.534 CPU sec, 3.193 real sec
[M::process] read 61454 sequences (8191690 bp)...
[M::mem_process_seqs] Processed 602122 reads in 25.887 CPU sec, 3.236 real sec
[M::mem_process_seqs] Processed 61454 reads in 3.139 CPU sec, 0.378 real sec
[main] Version: 0.7.19-r1273
[main] CMD: bwa mem -t 8 -a hybracter-hybrid/processing/complete/medaka_rd_2/NCPPB_1713/consensus.fasta hybracter-hybrid/processing/qc/fastp/NCPPB_1713_2.fastq.gz
[main] Real time: 55.610 sec; CPU: 423.186 sec
