[M::bwa_idx_load_from_disk] read 0 ALT contigs
[M::process] read 607078 sequences (80000150 bp)...
[M::process] read 603682 sequences (80000032 bp)...
[M::mem_process_seqs] Processed 607078 reads in 28.864 CPU sec, 3.548 real sec
[M::process] read 601134 sequences (80000058 bp)...
[M::mem_process_seqs] Processed 603682 reads in 23.598 CPU sec, 2.820 real sec
[M::process] read 604634 sequences (80000187 bp)...
[M::mem_process_seqs] Processed 601134 reads in 24.429 CPU sec, 2.942 real sec
[M::process] read 602792 sequences (80000233 bp)...
[M::mem_process_seqs] Processed 604634 reads in 24.355 CPU sec, 2.932 real sec
[M::process] read 600456 sequences (80000057 bp)...
[M::mem_process_seqs] Processed 602792 reads in 22.575 CPU sec, 2.705 real sec
[M::process] read 601640 sequences (80000015 bp)...
[M::mem_process_seqs] Processed 600456 reads in 24.234 CPU sec, 2.906 real sec
[M::process] read 601962 sequences (80000237 bp)...
[M::mem_process_seqs] Processed 601640 reads in 24.536 CPU sec, 2.940 real sec
[M::process] read 600210 sequences (80000082 bp)...
[M::mem_process_seqs] Processed 601962 reads in 24.014 CPU sec, 2.873 real sec
[M::process] read 599968 sequences (80000120 bp)...
[M::mem_process_seqs] Processed 600210 reads in 23.844 CPU sec, 2.877 real sec
[M::process] read 600640 sequences (80000165 bp)...
[M::mem_process_seqs] Processed 599968 reads in 22.943 CPU sec, 2.735 real sec
[M::process] read 598894 sequences (80000261 bp)...
[M::mem_process_seqs] Processed 600640 reads in 24.231 CPU sec, 2.919 real sec
[M::process] read 597996 sequences (80000160 bp)...
[M::mem_process_seqs] Processed 598894 reads in 22.757 CPU sec, 2.714 real sec
[M::process] read 611734 sequences (80000010 bp)...
[M::mem_process_seqs] Processed 597996 reads in 22.786 CPU sec, 2.697 real sec
[M::process] read 610428 sequences (80000090 bp)...
[M::mem_process_seqs] Processed 611734 reads in 25.402 CPU sec, 3.059 real sec
[M::process] read 608054 sequences (80000244 bp)...
[M::mem_process_seqs] Processed 610428 reads in 23.951 CPU sec, 2.866 real sec
[M::process] read 100079 sequences (13201195 bp)...
[M::mem_process_seqs] Processed 608054 reads in 23.901 CPU sec, 2.977 real sec
[M::mem_process_seqs] Processed 100079 reads in 4.431 CPU sec, 0.526 real sec
[main] Version: 0.7.19-r1273
[main] CMD: bwa mem -t 8 -a hybracter-hybrid/processing/complete/medaka_rd_2/NCPPB_2338/consensus.fasta hybracter-hybrid/processing/qc/fastp/NCPPB_2338_2.fastq.gz
[main] Real time: 50.193 sec; CPU: 392.603 sec
