/data/djs217/miniconda3/envs/hybracter_env/lib/python3.11/site-packages/hybracter/workflow/conda/7aafc1085ca44eee01942c03ca74ecad_/lib/python3.11/site-packages/medaka/common.py:16: UserWarning: pkg_resources is deprecated as an API. See https://setuptools.pypa.io/en/latest/pkg_resources.html. The pkg_resources package is slated for removal as early as 2025-11-30. Refrain from using this package or pin to Setuptools<81.
  from pkg_resources import resource_filename
/data/djs217/miniconda3/envs/hybracter_env/lib/python3.11/site-packages/hybracter/workflow/conda/7aafc1085ca44eee01942c03ca74ecad_/lib/python3.11/site-packages/medaka/common.py:16: UserWarning: pkg_resources is deprecated as an API. See https://setuptools.pypa.io/en/latest/pkg_resources.html. The pkg_resources package is slated for removal as early as 2025-11-30. Refrain from using this package or pin to Setuptools<81.
  from pkg_resources import resource_filename
/data/djs217/miniconda3/envs/hybracter_env/lib/python3.11/site-packages/hybracter/workflow/conda/7aafc1085ca44eee01942c03ca74ecad_/lib/python3.11/site-packages/medaka/common.py:16: UserWarning: pkg_resources is deprecated as an API. See https://setuptools.pypa.io/en/latest/pkg_resources.html. The pkg_resources package is slated for removal as early as 2025-11-30. Refrain from using this package or pin to Setuptools<81.
  from pkg_resources import resource_filename
[04:59:50 - MdlStrTGZ] Successfully removed temporary files from /tmp/tmpemo0ez46.
/data/djs217/miniconda3/envs/hybracter_env/lib/python3.11/site-packages/hybracter/workflow/conda/7aafc1085ca44eee01942c03ca74ecad_/lib/python3.11/site-packages/medaka/common.py:16: UserWarning: pkg_resources is deprecated as an API. See https://setuptools.pypa.io/en/latest/pkg_resources.html. The pkg_resources package is slated for removal as early as 2025-11-30. Refrain from using this package or pin to Setuptools<81.
  from pkg_resources import resource_filename
[04:59:51 - MdlStrTGZ] Successfully removed temporary files from /tmp/tmpiszpdaat.
Creating fai index file /data/djs217/PROJECTS/PRJNA1129555/hybracter-hybrid/processing/pre_polish/NCPPB_2933_chromosome_plus_plasmids.fasta.fai
Creating mmi index file /data/djs217/PROJECTS/PRJNA1129555/hybracter-hybrid/processing/pre_polish/NCPPB_2933_chromosome_plus_plasmids.fasta.map-ont.mmi
[M::mm_idx_gen::0.181*1.02] collected minimizers
[M::mm_idx_gen::0.239*1.50] sorted minimizers
[M::main::0.305*1.39] loaded/built the index for 1 target sequence(s)
[M::mm_idx_stat] kmer size: 15; skip: 10; is_hpc: 0; #seq: 1
[M::mm_idx_stat::0.319*1.37] distinct minimizers: 945373 (94.92% are singletons); average occurrences: 1.068; average spacing: 5.361; total length: 5411569
[M::main] Version: 2.30-r1287
[M::main] CMD: minimap2 -I 16G -x map-ont -d /data/djs217/PROJECTS/PRJNA1129555/hybracter-hybrid/processing/pre_polish/NCPPB_2933_chromosome_plus_plasmids.fasta.map-ont.mmi /data/djs217/PROJECTS/PRJNA1129555/hybracter-hybrid/processing/pre_polish/NCPPB_2933_chromosome_plus_plasmids.fasta
[M::main] Real time: 0.325 sec; CPU: 0.444 sec; Peak RSS: 0.055 GB
[M::main::0.063*1.03] loaded/built the index for 1 target sequence(s)
[M::mm_mapopt_update::0.082*1.02] mid_occ = 11
[M::mm_idx_stat] kmer size: 15; skip: 10; is_hpc: 0; #seq: 1
[M::mm_idx_stat::0.096*1.02] distinct minimizers: 945373 (94.92% are singletons); average occurrences: 1.068; average spacing: 5.361; total length: 5411569
[M::worker_pipeline::20.341*6.96] mapped 39274 sequences
[M::main] Version: 2.30-r1287
[M::main] CMD: minimap2 -x map-ont --secondary=no -L --MD -A 2 -B 4 -O 4,24 -E 2,1 -t 12 -a /data/djs217/PROJECTS/PRJNA1129555/hybracter-hybrid/processing/pre_polish/NCPPB_2933_chromosome_plus_plasmids.fasta.map-ont.mmi /data/djs217/PROJECTS/PRJNA1129555/hybracter-hybrid/processing/qc/NCPPB_2933_filt_trim.fastq.gz
[M::main] Real time: 20.353 sec; CPU: 141.548 sec; Peak RSS: 2.734 GB
[bam_sort_core] merging from 0 files and 12 in-memory blocks...
/data/djs217/miniconda3/envs/hybracter_env/lib/python3.11/site-packages/hybracter/workflow/conda/7aafc1085ca44eee01942c03ca74ecad_/lib/python3.11/site-packages/medaka/common.py:16: UserWarning: pkg_resources is deprecated as an API. See https://setuptools.pypa.io/en/latest/pkg_resources.html. The pkg_resources package is slated for removal as early as 2025-11-30. Refrain from using this package or pin to Setuptools<81.
  from pkg_resources import resource_filename
[05:00:20 - Predict] Processing region(s): contig_1:0-5411569
[05:00:20 - Predict] Using model: /data/djs217/miniconda3/envs/hybracter_env/lib/python3.11/site-packages/hybracter/workflow/conda/7aafc1085ca44eee01942c03ca74ecad_/lib/python3.11/site-packages/medaka/data/r1041_e82_400bps_sup_v5.0.0_model_pt.tar.gz.
[05:00:20 - Predict] Using minimum mapQ threshold of 1 for read filtering.
[05:00:20 - MdlStrTGZ] Model GRUModel(
  (gru): GRU(10, 128, num_layers=2, batch_first=True, bidirectional=True)
  (linear): Linear(in_features=256, out_features=5, bias=True)
)
[05:00:20 - MdlStrTGZ] loading weights from /tmp/tmp7j33dg8p/model/weights.pt
[05:00:20 - MdlStrTGZ] Successfully removed temporary files from /tmp/tmp7j33dg8p.
[05:00:20 - Predict] Model device: cpu
[05:00:20 - Predict] Running prediction at full precision
[05:00:20 - BAMFile] Creating pool of 16 BAM file sets.
[05:00:20 - Predict] Processing 6 long region(s) with batching.
[05:00:20 - Sampler] Initializing sampler for consensus of region contig_1:0-1000000.
[05:00:20 - Sampler] Initializing sampler for consensus of region contig_1:999000-1999000.
[05:00:20 - PWorker] Running inference for 5.4M draft bases.
[05:00:22 - Feature] Processed contig_1:0.0-999999.0 (median depth 64.0)
[05:00:22 - Sampler] Took 1.64s to make features.
[05:00:22 - Sampler] Initializing sampler for consensus of region contig_1:1998000-2998000.
[05:00:22 - Feature] Processed contig_1:999000.0-1998999.1 (median depth 69.0)
[05:00:22 - Sampler] Took 1.78s to make features.
[05:00:22 - Sampler] Initializing sampler for consensus of region contig_1:2997000-3997000.
[05:00:23 - Feature] Processed contig_1:1998000.0-2997999.0 (median depth 84.0)
[05:00:23 - Sampler] Took 1.40s to make features.
[05:00:23 - Sampler] Initializing sampler for consensus of region contig_1:3996000-4996000.
[05:00:23 - Feature] Processed contig_1:2997000.0-3996999.0 (median depth 95.0)
[05:00:23 - Sampler] Took 1.52s to make features.
[05:00:23 - Sampler] Initializing sampler for consensus of region contig_1:4995000-5411569.
[05:00:24 - Feature] Processed contig_1:4995000.0-5411568.0 (median depth 68.0)
[05:00:24 - Sampler] Took 1.01s to make features.
[05:00:24 - Feature] Processed contig_1:3996000.0-4995999.0 (median depth 79.0)
[05:00:24 - Sampler] Took 1.44s to make features.
[05:00:33 - PWorker] Batches in cache: 8.
[05:00:33 - PWorker] 14.1% Done (0.8/5.4 Mbases) in 12.7s
[05:00:40 - PWorker] Batches in cache: 7.
[05:00:47 - PWorker] Batches in cache: 6.
[05:00:47 - PWorker] 41.5% Done (2.2/5.4 Mbases) in 27.5s
[05:00:55 - PWorker] Batches in cache: 5.
[05:01:02 - PWorker] Batches in cache: 4.
[05:01:02 - PWorker] 67.4% Done (3.6/5.4 Mbases) in 42.4s
[05:01:10 - PWorker] Batches in cache: 3.
[05:01:17 - PWorker] Batches in cache: 2.
[05:01:17 - PWorker] 94.2% Done (5.1/5.4 Mbases) in 57.5s
[05:01:22 - PWorker] Processed 8 batches
[05:01:22 - PWorker] All done, 0 remainder regions.
[05:01:22 - Predict] Finished processing all regions.
/data/djs217/miniconda3/envs/hybracter_env/lib/python3.11/site-packages/hybracter/workflow/conda/7aafc1085ca44eee01942c03ca74ecad_/lib/python3.11/site-packages/medaka/common.py:16: UserWarning: pkg_resources is deprecated as an API. See https://setuptools.pypa.io/en/latest/pkg_resources.html. The pkg_resources package is slated for removal as early as 2025-11-30. Refrain from using this package or pin to Setuptools<81.
  from pkg_resources import resource_filename
[05:01:24 - DataIndx] Loaded 1/1 (100.00%) sample files.
[05:01:24 - DataIndx] Loaded 1/1 (100.00%) sample files.
[05:01:24 - DataIndx] Loaded 1/1 (100.00%) sample files.
[05:01:24 - DataIndx] Loaded 1/1 (100.00%) sample files.
[05:01:24 - DataIndx] Loaded 1/1 (100.00%) sample files.
[05:01:24 - DataIndx] Loaded 1/1 (100.00%) sample files.
[05:01:24 - DataIndx] Loaded 1/1 (100.00%) sample files.
