/data/djs217/miniconda3/envs/hybracter_env/lib/python3.11/site-packages/hybracter/workflow/conda/7aafc1085ca44eee01942c03ca74ecad_/lib/python3.11/site-packages/medaka/common.py:16: UserWarning: pkg_resources is deprecated as an API. See https://setuptools.pypa.io/en/latest/pkg_resources.html. The pkg_resources package is slated for removal as early as 2025-11-30. Refrain from using this package or pin to Setuptools<81.
  from pkg_resources import resource_filename
/data/djs217/miniconda3/envs/hybracter_env/lib/python3.11/site-packages/hybracter/workflow/conda/7aafc1085ca44eee01942c03ca74ecad_/lib/python3.11/site-packages/medaka/common.py:16: UserWarning: pkg_resources is deprecated as an API. See https://setuptools.pypa.io/en/latest/pkg_resources.html. The pkg_resources package is slated for removal as early as 2025-11-30. Refrain from using this package or pin to Setuptools<81.
  from pkg_resources import resource_filename
/data/djs217/miniconda3/envs/hybracter_env/lib/python3.11/site-packages/hybracter/workflow/conda/7aafc1085ca44eee01942c03ca74ecad_/lib/python3.11/site-packages/medaka/common.py:16: UserWarning: pkg_resources is deprecated as an API. See https://setuptools.pypa.io/en/latest/pkg_resources.html. The pkg_resources package is slated for removal as early as 2025-11-30. Refrain from using this package or pin to Setuptools<81.
  from pkg_resources import resource_filename
[06:06:21 - MdlStrTGZ] Successfully removed temporary files from /tmp/tmp2wuznc_7.
/data/djs217/miniconda3/envs/hybracter_env/lib/python3.11/site-packages/hybracter/workflow/conda/7aafc1085ca44eee01942c03ca74ecad_/lib/python3.11/site-packages/medaka/common.py:16: UserWarning: pkg_resources is deprecated as an API. See https://setuptools.pypa.io/en/latest/pkg_resources.html. The pkg_resources package is slated for removal as early as 2025-11-30. Refrain from using this package or pin to Setuptools<81.
  from pkg_resources import resource_filename
[06:06:22 - MdlStrTGZ] Successfully removed temporary files from /tmp/tmplsqkigln.
Creating fai index file /data/djs217/PROJECTS/PRJNA1129555/hybracter-hybrid/processing/pre_polish/NCPPB_1062_chromosome_plus_plasmids.fasta.fai
Creating mmi index file /data/djs217/PROJECTS/PRJNA1129555/hybracter-hybrid/processing/pre_polish/NCPPB_1062_chromosome_plus_plasmids.fasta.map-ont.mmi
[M::mm_idx_gen::0.164*1.02] collected minimizers
[M::mm_idx_gen::0.216*1.47] sorted minimizers
[M::main::0.276*1.37] loaded/built the index for 1 target sequence(s)
[M::mm_idx_stat] kmer size: 15; skip: 10; is_hpc: 0; #seq: 1
[M::mm_idx_stat::0.289*1.35] distinct minimizers: 862170 (94.94% are singletons); average occurrences: 1.065; average spacing: 5.356; total length: 4917794
[M::main] Version: 2.30-r1287
[M::main] CMD: minimap2 -I 16G -x map-ont -d /data/djs217/PROJECTS/PRJNA1129555/hybracter-hybrid/processing/pre_polish/NCPPB_1062_chromosome_plus_plasmids.fasta.map-ont.mmi /data/djs217/PROJECTS/PRJNA1129555/hybracter-hybrid/processing/pre_polish/NCPPB_1062_chromosome_plus_plasmids.fasta
[M::main] Real time: 0.294 sec; CPU: 0.396 sec; Peak RSS: 0.050 GB
[M::main::0.058*1.02] loaded/built the index for 1 target sequence(s)
[M::mm_mapopt_update::0.075*1.01] mid_occ = 17
[M::mm_idx_stat] kmer size: 15; skip: 10; is_hpc: 0; #seq: 1
[M::mm_idx_stat::0.087*1.01] distinct minimizers: 862170 (94.94% are singletons); average occurrences: 1.065; average spacing: 5.356; total length: 4917794
[M::worker_pipeline::18.898*6.86] mapped 41110 sequences
[M::main] Version: 2.30-r1287
[M::main] CMD: minimap2 -x map-ont --secondary=no -L --MD -A 2 -B 4 -O 4,24 -E 2,1 -t 12 -a /data/djs217/PROJECTS/PRJNA1129555/hybracter-hybrid/processing/pre_polish/NCPPB_1062_chromosome_plus_plasmids.fasta.map-ont.mmi /data/djs217/PROJECTS/PRJNA1129555/hybracter-hybrid/processing/qc/NCPPB_1062_filt_trim.fastq.gz
[M::main] Real time: 18.910 sec; CPU: 129.582 sec; Peak RSS: 2.382 GB
[bam_sort_core] merging from 0 files and 12 in-memory blocks...
/data/djs217/miniconda3/envs/hybracter_env/lib/python3.11/site-packages/hybracter/workflow/conda/7aafc1085ca44eee01942c03ca74ecad_/lib/python3.11/site-packages/medaka/common.py:16: UserWarning: pkg_resources is deprecated as an API. See https://setuptools.pypa.io/en/latest/pkg_resources.html. The pkg_resources package is slated for removal as early as 2025-11-30. Refrain from using this package or pin to Setuptools<81.
  from pkg_resources import resource_filename
[06:06:49 - Predict] Processing region(s): contig_1:0-4917794
[06:06:49 - Predict] Using model: /data/djs217/miniconda3/envs/hybracter_env/lib/python3.11/site-packages/hybracter/workflow/conda/7aafc1085ca44eee01942c03ca74ecad_/lib/python3.11/site-packages/medaka/data/r1041_e82_400bps_sup_v5.0.0_model_pt.tar.gz.
[06:06:49 - Predict] Using minimum mapQ threshold of 1 for read filtering.
[06:06:49 - MdlStrTGZ] Model GRUModel(
  (gru): GRU(10, 128, num_layers=2, batch_first=True, bidirectional=True)
  (linear): Linear(in_features=256, out_features=5, bias=True)
)
[06:06:49 - MdlStrTGZ] loading weights from /tmp/tmpyoakoooe/model/weights.pt
[06:06:49 - MdlStrTGZ] Successfully removed temporary files from /tmp/tmpyoakoooe.
[06:06:49 - Predict] Model device: cpu
[06:06:49 - Predict] Running prediction at full precision
[06:06:49 - BAMFile] Creating pool of 16 BAM file sets.
[06:06:49 - Predict] Processing 5 long region(s) with batching.
[06:06:49 - Sampler] Initializing sampler for consensus of region contig_1:0-1000000.
[06:06:49 - Sampler] Initializing sampler for consensus of region contig_1:999000-1999000.
[06:06:49 - PWorker] Running inference for 4.9M draft bases.
[06:06:51 - Feature] Processed contig_1:0.0-999999.0 (median depth 95.0)
[06:06:51 - Sampler] Took 2.09s to make features.
[06:06:51 - Sampler] Initializing sampler for consensus of region contig_1:1998000-2998000.
[06:06:51 - Feature] Processed contig_1:999000.0-1998999.0 (median depth 75.0)
[06:06:51 - Sampler] Took 2.10s to make features.
[06:06:51 - Sampler] Initializing sampler for consensus of region contig_1:2997000-3997000.
[06:06:52 - Feature] Processed contig_1:2997000.0-3996999.0 (median depth 71.0)
[06:06:52 - Sampler] Took 1.12s to make features.
[06:06:52 - Sampler] Initializing sampler for consensus of region contig_1:3996000-4917794.
[06:06:52 - Feature] Processed contig_1:1998000.0-2997999.0 (median depth 66.0)
[06:06:52 - Sampler] Took 1.18s to make features.
[06:06:54 - Feature] Processed contig_1:3996000.0-4917793.0 (median depth 91.0)
[06:06:54 - Sampler] Took 1.32s to make features.
[06:07:01 - PWorker] Batches in cache: 7.
[06:07:01 - PWorker] 14.1% Done (0.7/4.9 Mbases) in 11.9s
[06:07:09 - PWorker] Batches in cache: 6.
[06:07:16 - PWorker] Batches in cache: 5.
[06:07:16 - PWorker] 44.1% Done (2.2/4.9 Mbases) in 26.9s
[06:07:23 - PWorker] Batches in cache: 4.
[06:07:31 - PWorker] Batches in cache: 3.
[06:07:31 - PWorker] 74.7% Done (3.7/4.9 Mbases) in 41.8s
[06:07:38 - PWorker] Batches in cache: 2.
[06:07:43 - PWorker] Batches in cache: 1.
[06:07:43 - PWorker] 100.0% Done (4.9/4.9 Mbases) in 54.3s
[06:07:44 - PWorker] Processed 7 batches
[06:07:44 - PWorker] All done, 0 remainder regions.
[06:07:44 - Predict] Finished processing all regions.
/data/djs217/miniconda3/envs/hybracter_env/lib/python3.11/site-packages/hybracter/workflow/conda/7aafc1085ca44eee01942c03ca74ecad_/lib/python3.11/site-packages/medaka/common.py:16: UserWarning: pkg_resources is deprecated as an API. See https://setuptools.pypa.io/en/latest/pkg_resources.html. The pkg_resources package is slated for removal as early as 2025-11-30. Refrain from using this package or pin to Setuptools<81.
  from pkg_resources import resource_filename
[06:07:46 - DataIndx] Loaded 1/1 (100.00%) sample files.
[06:07:46 - DataIndx] Loaded 1/1 (100.00%) sample files.
[06:07:46 - DataIndx] Loaded 1/1 (100.00%) sample files.
[06:07:46 - DataIndx] Loaded 1/1 (100.00%) sample files.
[06:07:46 - DataIndx] Loaded 1/1 (100.00%) sample files.
[06:07:46 - DataIndx] Loaded 1/1 (100.00%) sample files.
