/data/djs217/miniconda3/envs/hybracter_env/lib/python3.11/site-packages/hybracter/workflow/conda/7aafc1085ca44eee01942c03ca74ecad_/lib/python3.11/site-packages/medaka/common.py:16: UserWarning: pkg_resources is deprecated as an API. See https://setuptools.pypa.io/en/latest/pkg_resources.html. The pkg_resources package is slated for removal as early as 2025-11-30. Refrain from using this package or pin to Setuptools<81.
  from pkg_resources import resource_filename
/data/djs217/miniconda3/envs/hybracter_env/lib/python3.11/site-packages/hybracter/workflow/conda/7aafc1085ca44eee01942c03ca74ecad_/lib/python3.11/site-packages/medaka/common.py:16: UserWarning: pkg_resources is deprecated as an API. See https://setuptools.pypa.io/en/latest/pkg_resources.html. The pkg_resources package is slated for removal as early as 2025-11-30. Refrain from using this package or pin to Setuptools<81.
  from pkg_resources import resource_filename
/data/djs217/miniconda3/envs/hybracter_env/lib/python3.11/site-packages/hybracter/workflow/conda/7aafc1085ca44eee01942c03ca74ecad_/lib/python3.11/site-packages/medaka/common.py:16: UserWarning: pkg_resources is deprecated as an API. See https://setuptools.pypa.io/en/latest/pkg_resources.html. The pkg_resources package is slated for removal as early as 2025-11-30. Refrain from using this package or pin to Setuptools<81.
  from pkg_resources import resource_filename
[03:23:56 - MdlStrTGZ] Successfully removed temporary files from /tmp/tmppuxhjnjh.
/data/djs217/miniconda3/envs/hybracter_env/lib/python3.11/site-packages/hybracter/workflow/conda/7aafc1085ca44eee01942c03ca74ecad_/lib/python3.11/site-packages/medaka/common.py:16: UserWarning: pkg_resources is deprecated as an API. See https://setuptools.pypa.io/en/latest/pkg_resources.html. The pkg_resources package is slated for removal as early as 2025-11-30. Refrain from using this package or pin to Setuptools<81.
  from pkg_resources import resource_filename
[03:23:58 - MdlStrTGZ] Successfully removed temporary files from /tmp/tmppxdg6wd6.
Creating fai index file /data/djs217/PROJECTS/PRJNA1129555/hybracter-hybrid/processing/pre_polish/NCPPB_3174_chromosome_plus_plasmids.fasta.fai
Creating mmi index file /data/djs217/PROJECTS/PRJNA1129555/hybracter-hybrid/processing/pre_polish/NCPPB_3174_chromosome_plus_plasmids.fasta.map-ont.mmi
[M::mm_idx_gen::0.167*1.01] collected minimizers
[M::mm_idx_gen::0.215*1.43] sorted minimizers
[M::main::0.276*1.34] loaded/built the index for 1 target sequence(s)
[M::mm_idx_stat] kmer size: 15; skip: 10; is_hpc: 0; #seq: 1
[M::mm_idx_stat::0.287*1.32] distinct minimizers: 809091 (90.69% are singletons); average occurrences: 1.141; average spacing: 5.361; total length: 4949314
[M::main] Version: 2.30-r1287
[M::main] CMD: minimap2 -I 16G -x map-ont -d /data/djs217/PROJECTS/PRJNA1129555/hybracter-hybrid/processing/pre_polish/NCPPB_3174_chromosome_plus_plasmids.fasta.map-ont.mmi /data/djs217/PROJECTS/PRJNA1129555/hybracter-hybrid/processing/pre_polish/NCPPB_3174_chromosome_plus_plasmids.fasta
[M::main] Real time: 0.293 sec; CPU: 0.386 sec; Peak RSS: 0.051 GB
[M::main::0.071*1.04] loaded/built the index for 1 target sequence(s)
[M::mm_mapopt_update::0.087*1.03] mid_occ = 14
[M::mm_idx_stat] kmer size: 15; skip: 10; is_hpc: 0; #seq: 1
[M::mm_idx_stat::0.098*1.03] distinct minimizers: 809091 (90.69% are singletons); average occurrences: 1.141; average spacing: 5.361; total length: 4949314
[M::worker_pipeline::23.315*6.29] mapped 19685 sequences
[M::main] Version: 2.30-r1287
[M::main] CMD: minimap2 -x map-ont --secondary=no -L --MD -A 2 -B 4 -O 4,24 -E 2,1 -t 12 -a /data/djs217/PROJECTS/PRJNA1129555/hybracter-hybrid/processing/pre_polish/NCPPB_3174_chromosome_plus_plasmids.fasta.map-ont.mmi /data/djs217/PROJECTS/PRJNA1129555/hybracter-hybrid/processing/qc/NCPPB_3174_filt_trim.fastq.gz
[M::main] Real time: 23.327 sec; CPU: 146.693 sec; Peak RSS: 2.216 GB
[bam_sort_core] merging from 0 files and 12 in-memory blocks...
/data/djs217/miniconda3/envs/hybracter_env/lib/python3.11/site-packages/hybracter/workflow/conda/7aafc1085ca44eee01942c03ca74ecad_/lib/python3.11/site-packages/medaka/common.py:16: UserWarning: pkg_resources is deprecated as an API. See https://setuptools.pypa.io/en/latest/pkg_resources.html. The pkg_resources package is slated for removal as early as 2025-11-30. Refrain from using this package or pin to Setuptools<81.
  from pkg_resources import resource_filename
[03:24:30 - Predict] Processing region(s): contig_1:0-4949314
[03:24:30 - Predict] Using model: /data/djs217/miniconda3/envs/hybracter_env/lib/python3.11/site-packages/hybracter/workflow/conda/7aafc1085ca44eee01942c03ca74ecad_/lib/python3.11/site-packages/medaka/data/r1041_e82_400bps_sup_v5.0.0_model_pt.tar.gz.
[03:24:30 - Predict] Using minimum mapQ threshold of 1 for read filtering.
[03:24:30 - MdlStrTGZ] Model GRUModel(
  (gru): GRU(10, 128, num_layers=2, batch_first=True, bidirectional=True)
  (linear): Linear(in_features=256, out_features=5, bias=True)
)
[03:24:30 - MdlStrTGZ] loading weights from /tmp/tmpp4s288x3/model/weights.pt
[03:24:30 - MdlStrTGZ] Successfully removed temporary files from /tmp/tmpp4s288x3.
[03:24:30 - Predict] Model device: cpu
[03:24:30 - Predict] Running prediction at full precision
[03:24:30 - BAMFile] Creating pool of 16 BAM file sets.
[03:24:30 - Predict] Processing 5 long region(s) with batching.
[03:24:30 - Sampler] Initializing sampler for consensus of region contig_1:0-1000000.
[03:24:30 - Sampler] Initializing sampler for consensus of region contig_1:999000-1999000.
[03:24:30 - PWorker] Running inference for 5.0M draft bases.
[03:24:32 - Feature] Processed contig_1:0.0-999999.0 (median depth 80.0)
[03:24:32 - Sampler] Took 2.06s to make features.
[03:24:32 - Sampler] Initializing sampler for consensus of region contig_1:1998000-2998000.
[03:24:32 - Feature] Processed contig_1:999000.0-1998999.0 (median depth 87.0)
[03:24:32 - Sampler] Took 2.15s to make features.
[03:24:32 - Sampler] Initializing sampler for consensus of region contig_1:2997000-3997000.
[03:24:33 - Feature] Processed contig_1:1998000.0-2997999.0 (median depth 95.0)
[03:24:33 - Sampler] Took 1.54s to make features.
[03:24:33 - Sampler] Initializing sampler for consensus of region contig_1:3996000-4949314.
[03:24:33 - Feature] Processed contig_1:2997000.0-3996999.0 (median depth 95.0)
[03:24:33 - Sampler] Took 1.49s to make features.
[03:24:35 - Feature] Processed contig_1:3996000.0-4949313.0 (median depth 83.0)
[03:24:35 - Sampler] Took 1.43s to make features.
[03:24:43 - PWorker] Batches in cache: 7.
[03:24:43 - PWorker] 16.0% Done (0.8/5.0 Mbases) in 13.1s
[03:24:50 - PWorker] Batches in cache: 6.
[03:24:58 - PWorker] Batches in cache: 5.
[03:24:58 - PWorker] 47.9% Done (2.4/5.0 Mbases) in 28.0s
[03:25:05 - PWorker] Batches in cache: 4.
[03:25:12 - PWorker] Batches in cache: 3.
[03:25:12 - PWorker] 79.5% Done (3.9/5.0 Mbases) in 42.4s
[03:25:19 - PWorker] Batches in cache: 2.
[03:25:22 - PWorker] Processed 7 batches
[03:25:22 - PWorker] All done, 0 remainder regions.
[03:25:22 - Predict] Finished processing all regions.
/data/djs217/miniconda3/envs/hybracter_env/lib/python3.11/site-packages/hybracter/workflow/conda/7aafc1085ca44eee01942c03ca74ecad_/lib/python3.11/site-packages/medaka/common.py:16: UserWarning: pkg_resources is deprecated as an API. See https://setuptools.pypa.io/en/latest/pkg_resources.html. The pkg_resources package is slated for removal as early as 2025-11-30. Refrain from using this package or pin to Setuptools<81.
  from pkg_resources import resource_filename
[03:25:24 - DataIndx] Loaded 1/1 (100.00%) sample files.
[03:25:24 - DataIndx] Loaded 1/1 (100.00%) sample files.
[03:25:24 - DataIndx] Loaded 1/1 (100.00%) sample files.
[03:25:24 - DataIndx] Loaded 1/1 (100.00%) sample files.
[03:25:24 - DataIndx] Loaded 1/1 (100.00%) sample files.
[03:25:24 - DataIndx] Loaded 1/1 (100.00%) sample files.
