/data/djs217/miniconda3/envs/hybracter_env/lib/python3.11/site-packages/hybracter/workflow/conda/7aafc1085ca44eee01942c03ca74ecad_/lib/python3.11/site-packages/medaka/common.py:16: UserWarning: pkg_resources is deprecated as an API. See https://setuptools.pypa.io/en/latest/pkg_resources.html. The pkg_resources package is slated for removal as early as 2025-11-30. Refrain from using this package or pin to Setuptools<81.
  from pkg_resources import resource_filename
/data/djs217/miniconda3/envs/hybracter_env/lib/python3.11/site-packages/hybracter/workflow/conda/7aafc1085ca44eee01942c03ca74ecad_/lib/python3.11/site-packages/medaka/common.py:16: UserWarning: pkg_resources is deprecated as an API. See https://setuptools.pypa.io/en/latest/pkg_resources.html. The pkg_resources package is slated for removal as early as 2025-11-30. Refrain from using this package or pin to Setuptools<81.
  from pkg_resources import resource_filename
/data/djs217/miniconda3/envs/hybracter_env/lib/python3.11/site-packages/hybracter/workflow/conda/7aafc1085ca44eee01942c03ca74ecad_/lib/python3.11/site-packages/medaka/common.py:16: UserWarning: pkg_resources is deprecated as an API. See https://setuptools.pypa.io/en/latest/pkg_resources.html. The pkg_resources package is slated for removal as early as 2025-11-30. Refrain from using this package or pin to Setuptools<81.
  from pkg_resources import resource_filename
[21:04:55 - MdlStrTGZ] Successfully removed temporary files from /tmp/tmpjhudgaf5.
/data/djs217/miniconda3/envs/hybracter_env/lib/python3.11/site-packages/hybracter/workflow/conda/7aafc1085ca44eee01942c03ca74ecad_/lib/python3.11/site-packages/medaka/common.py:16: UserWarning: pkg_resources is deprecated as an API. See https://setuptools.pypa.io/en/latest/pkg_resources.html. The pkg_resources package is slated for removal as early as 2025-11-30. Refrain from using this package or pin to Setuptools<81.
  from pkg_resources import resource_filename
[21:04:57 - MdlStrTGZ] Successfully removed temporary files from /tmp/tmpfkurp46k.
Creating fai index file /data/djs217/PROJECTS/PRJNA1129555/hybracter-hybrid/processing/pre_polish/NCPPB_3443_chromosome_plus_plasmids.fasta.fai
Creating mmi index file /data/djs217/PROJECTS/PRJNA1129555/hybracter-hybrid/processing/pre_polish/NCPPB_3443_chromosome_plus_plasmids.fasta.map-ont.mmi
[M::mm_idx_gen::0.140*1.02] collected minimizers
[M::mm_idx_gen::0.193*1.54] sorted minimizers
[M::main::0.257*1.41] loaded/built the index for 2 target sequence(s)
[M::mm_idx_stat] kmer size: 15; skip: 10; is_hpc: 0; #seq: 2
[M::mm_idx_stat::0.272*1.39] distinct minimizers: 899072 (94.86% are singletons); average occurrences: 1.068; average spacing: 5.354; total length: 5140327
[M::main] Version: 2.30-r1287
[M::main] CMD: minimap2 -I 16G -x map-ont -d /data/djs217/PROJECTS/PRJNA1129555/hybracter-hybrid/processing/pre_polish/NCPPB_3443_chromosome_plus_plasmids.fasta.map-ont.mmi /data/djs217/PROJECTS/PRJNA1129555/hybracter-hybrid/processing/pre_polish/NCPPB_3443_chromosome_plus_plasmids.fasta
[M::main] Real time: 0.279 sec; CPU: 0.384 sec; Peak RSS: 0.052 GB
[M::main::0.066*1.03] loaded/built the index for 2 target sequence(s)
[M::mm_mapopt_update::0.085*1.02] mid_occ = 21
[M::mm_idx_stat] kmer size: 15; skip: 10; is_hpc: 0; #seq: 2
[M::mm_idx_stat::0.098*1.02] distinct minimizers: 899072 (94.86% are singletons); average occurrences: 1.068; average spacing: 5.354; total length: 5140327
[M::worker_pipeline::20.519*6.92] mapped 20969 sequences
[M::main] Version: 2.30-r1287
[M::main] CMD: minimap2 -x map-ont --secondary=no -L --MD -A 2 -B 4 -O 4,24 -E 2,1 -t 12 -a /data/djs217/PROJECTS/PRJNA1129555/hybracter-hybrid/processing/pre_polish/NCPPB_3443_chromosome_plus_plasmids.fasta.map-ont.mmi /data/djs217/PROJECTS/PRJNA1129555/hybracter-hybrid/processing/qc/NCPPB_3443_filt_trim.fastq.gz
[M::main] Real time: 20.531 sec; CPU: 141.923 sec; Peak RSS: 1.689 GB
[bam_sort_core] merging from 0 files and 12 in-memory blocks...
/data/djs217/miniconda3/envs/hybracter_env/lib/python3.11/site-packages/hybracter/workflow/conda/7aafc1085ca44eee01942c03ca74ecad_/lib/python3.11/site-packages/medaka/common.py:16: UserWarning: pkg_resources is deprecated as an API. See https://setuptools.pypa.io/en/latest/pkg_resources.html. The pkg_resources package is slated for removal as early as 2025-11-30. Refrain from using this package or pin to Setuptools<81.
  from pkg_resources import resource_filename
[21:05:26 - Predict] Processing region(s): contig_1:0-5087395 1:0-52932
[21:05:26 - Predict] Using model: /data/djs217/miniconda3/envs/hybracter_env/lib/python3.11/site-packages/hybracter/workflow/conda/7aafc1085ca44eee01942c03ca74ecad_/lib/python3.11/site-packages/medaka/data/r1041_e82_400bps_sup_v5.0.0_model_pt.tar.gz.
[21:05:26 - Predict] Using minimum mapQ threshold of 1 for read filtering.
[21:05:26 - MdlStrTGZ] Model GRUModel(
  (gru): GRU(10, 128, num_layers=2, batch_first=True, bidirectional=True)
  (linear): Linear(in_features=256, out_features=5, bias=True)
)
[21:05:26 - MdlStrTGZ] loading weights from /tmp/tmpcpgy0k72/model/weights.pt
[21:05:26 - MdlStrTGZ] Successfully removed temporary files from /tmp/tmpcpgy0k72.
[21:05:26 - Predict] Model device: cpu
[21:05:26 - Predict] Running prediction at full precision
[21:05:26 - BAMFile] Creating pool of 16 BAM file sets.
[21:05:26 - Predict] Processing 7 long region(s) with batching.
[21:05:26 - Sampler] Initializing sampler for consensus of region contig_1:0-1000000.
[21:05:26 - Sampler] Initializing sampler for consensus of region contig_1:999000-1999000.
[21:05:26 - PWorker] Running inference for 5.1M draft bases.
[21:05:28 - Feature] Processed contig_1:0.0-999999.0 (median depth 89.0)
[21:05:28 - Sampler] Took 2.35s to make features.
[21:05:28 - Sampler] Initializing sampler for consensus of region contig_1:1998000-2998000.
[21:05:29 - Feature] Processed contig_1:999000.0-1998999.0 (median depth 100.0)
[21:05:29 - Sampler] Took 2.60s to make features.
[21:05:29 - Sampler] Initializing sampler for consensus of region contig_1:2997000-3997000.
[21:05:30 - Feature] Processed contig_1:1998000.0-2997999.0 (median depth 90.0)
[21:05:30 - Sampler] Took 1.34s to make features.
[21:05:30 - Sampler] Initializing sampler for consensus of region contig_1:3996000-4996000.
[21:05:30 - Feature] Processed contig_1:2997000.0-3996999.0 (median depth 76.0)
[21:05:30 - Sampler] Took 1.29s to make features.
[21:05:30 - Sampler] Initializing sampler for consensus of region contig_1:4995000-5087395.
[21:05:30 - Feature] Processed contig_1:4995000.0-5087394.0 (median depth 85.0)
[21:05:30 - Sampler] Took 0.47s to make features.
[21:05:30 - Sampler] Initializing sampler for consensus of region 1:0-52932.
[21:05:31 - Feature] Processed 1:0.0-52931.0 (median depth 16.0)
[21:05:31 - Sampler] Took 0.25s to make features.
[21:05:31 - Feature] Processed contig_1:3996000.0-4995999.0 (median depth 79.0)
[21:05:31 - Sampler] Took 1.29s to make features.
[21:05:39 - PWorker] Batches in cache: 7.
[21:05:39 - PWorker] 15.2% Done (0.8/5.1 Mbases) in 12.9s
[21:05:47 - PWorker] Batches in cache: 6.
[21:05:54 - PWorker] Batches in cache: 5.
[21:05:54 - PWorker] 45.5% Done (2.3/5.1 Mbases) in 28.4s
[21:06:03 - PWorker] Batches in cache: 4.
[21:06:11 - PWorker] Batches in cache: 3.
[21:06:11 - PWorker] 76.4% Done (3.9/5.1 Mbases) in 44.8s
[21:06:18 - PWorker] Batches in cache: 2.
[21:06:23 - PWorker] 100.0% Done (5.1/5.1 Mbases) in 56.9s
[21:06:23 - PWorker] Processed 7 batches
[21:06:23 - PWorker] All done, 0 remainder regions.
[21:06:23 - Predict] Finished processing all regions.
/data/djs217/miniconda3/envs/hybracter_env/lib/python3.11/site-packages/hybracter/workflow/conda/7aafc1085ca44eee01942c03ca74ecad_/lib/python3.11/site-packages/medaka/common.py:16: UserWarning: pkg_resources is deprecated as an API. See https://setuptools.pypa.io/en/latest/pkg_resources.html. The pkg_resources package is slated for removal as early as 2025-11-30. Refrain from using this package or pin to Setuptools<81.
  from pkg_resources import resource_filename
[21:06:26 - DataIndx] Loaded 1/1 (100.00%) sample files.
[21:06:26 - DataIndx] Loaded 1/1 (100.00%) sample files.
[21:06:26 - DataIndx] Loaded 1/1 (100.00%) sample files.
[21:06:26 - DataIndx] Loaded 1/1 (100.00%) sample files.
[21:06:26 - DataIndx] Loaded 1/1 (100.00%) sample files.
[21:06:26 - DataIndx] Loaded 1/1 (100.00%) sample files.
[21:06:26 - DataIndx] Loaded 1/1 (100.00%) sample files.
[21:06:26 - DataIndx] Loaded 1/1 (100.00%) sample files.
