/data/djs217/miniconda3/envs/hybracter_env/lib/python3.11/site-packages/hybracter/workflow/conda/7aafc1085ca44eee01942c03ca74ecad_/lib/python3.11/site-packages/medaka/common.py:16: UserWarning: pkg_resources is deprecated as an API. See https://setuptools.pypa.io/en/latest/pkg_resources.html. The pkg_resources package is slated for removal as early as 2025-11-30. Refrain from using this package or pin to Setuptools<81.
  from pkg_resources import resource_filename
/data/djs217/miniconda3/envs/hybracter_env/lib/python3.11/site-packages/hybracter/workflow/conda/7aafc1085ca44eee01942c03ca74ecad_/lib/python3.11/site-packages/medaka/common.py:16: UserWarning: pkg_resources is deprecated as an API. See https://setuptools.pypa.io/en/latest/pkg_resources.html. The pkg_resources package is slated for removal as early as 2025-11-30. Refrain from using this package or pin to Setuptools<81.
  from pkg_resources import resource_filename
/data/djs217/miniconda3/envs/hybracter_env/lib/python3.11/site-packages/hybracter/workflow/conda/7aafc1085ca44eee01942c03ca74ecad_/lib/python3.11/site-packages/medaka/common.py:16: UserWarning: pkg_resources is deprecated as an API. See https://setuptools.pypa.io/en/latest/pkg_resources.html. The pkg_resources package is slated for removal as early as 2025-11-30. Refrain from using this package or pin to Setuptools<81.
  from pkg_resources import resource_filename
[21:01:15 - MdlStrTGZ] Successfully removed temporary files from /tmp/tmp7ipff5ea.
/data/djs217/miniconda3/envs/hybracter_env/lib/python3.11/site-packages/hybracter/workflow/conda/7aafc1085ca44eee01942c03ca74ecad_/lib/python3.11/site-packages/medaka/common.py:16: UserWarning: pkg_resources is deprecated as an API. See https://setuptools.pypa.io/en/latest/pkg_resources.html. The pkg_resources package is slated for removal as early as 2025-11-30. Refrain from using this package or pin to Setuptools<81.
  from pkg_resources import resource_filename
[21:01:17 - MdlStrTGZ] Successfully removed temporary files from /tmp/tmpp1n5swyg.
Creating fai index file /data/djs217/PROJECTS/PRJNA1129555/hybracter-hybrid/processing/pre_polish/NCPPB_4467_chromosome_plus_plasmids.fasta.fai
Creating mmi index file /data/djs217/PROJECTS/PRJNA1129555/hybracter-hybrid/processing/pre_polish/NCPPB_4467_chromosome_plus_plasmids.fasta.map-ont.mmi
[M::mm_idx_gen::0.200*1.01] collected minimizers
[M::mm_idx_gen::0.282*1.50] sorted minimizers
[M::main::0.352*1.40] loaded/built the index for 1 target sequence(s)
[M::mm_idx_stat] kmer size: 15; skip: 10; is_hpc: 0; #seq: 1
[M::mm_idx_stat::0.368*1.38] distinct minimizers: 922886 (94.75% are singletons); average occurrences: 1.072; average spacing: 5.360; total length: 5300556
[M::main] Version: 2.30-r1287
[M::main] CMD: minimap2 -I 16G -x map-ont -d /data/djs217/PROJECTS/PRJNA1129555/hybracter-hybrid/processing/pre_polish/NCPPB_4467_chromosome_plus_plasmids.fasta.map-ont.mmi /data/djs217/PROJECTS/PRJNA1129555/hybracter-hybrid/processing/pre_polish/NCPPB_4467_chromosome_plus_plasmids.fasta
[M::main] Real time: 0.378 sec; CPU: 0.519 sec; Peak RSS: 0.056 GB
[M::main::0.071*1.02] loaded/built the index for 1 target sequence(s)
[M::mm_mapopt_update::0.092*1.02] mid_occ = 13
[M::mm_idx_stat] kmer size: 15; skip: 10; is_hpc: 0; #seq: 1
[M::mm_idx_stat::0.108*1.01] distinct minimizers: 922886 (94.75% are singletons); average occurrences: 1.072; average spacing: 5.360; total length: 5300556
[M::worker_pipeline::21.113*6.94] mapped 23448 sequences
[M::main] Version: 2.30-r1287
[M::main] CMD: minimap2 -x map-ont --secondary=no -L --MD -A 2 -B 4 -O 4,24 -E 2,1 -t 12 -a /data/djs217/PROJECTS/PRJNA1129555/hybracter-hybrid/processing/pre_polish/NCPPB_4467_chromosome_plus_plasmids.fasta.map-ont.mmi /data/djs217/PROJECTS/PRJNA1129555/hybracter-hybrid/processing/qc/NCPPB_4467_filt_trim.fastq.gz
[M::main] Real time: 21.126 sec; CPU: 146.523 sec; Peak RSS: 2.337 GB
[bam_sort_core] merging from 0 files and 12 in-memory blocks...
/data/djs217/miniconda3/envs/hybracter_env/lib/python3.11/site-packages/hybracter/workflow/conda/7aafc1085ca44eee01942c03ca74ecad_/lib/python3.11/site-packages/medaka/common.py:16: UserWarning: pkg_resources is deprecated as an API. See https://setuptools.pypa.io/en/latest/pkg_resources.html. The pkg_resources package is slated for removal as early as 2025-11-30. Refrain from using this package or pin to Setuptools<81.
  from pkg_resources import resource_filename
[21:01:47 - Predict] Processing region(s): contig_1:0-5300556
[21:01:47 - Predict] Using model: /data/djs217/miniconda3/envs/hybracter_env/lib/python3.11/site-packages/hybracter/workflow/conda/7aafc1085ca44eee01942c03ca74ecad_/lib/python3.11/site-packages/medaka/data/r1041_e82_400bps_sup_v5.0.0_model_pt.tar.gz.
[21:01:47 - Predict] Using minimum mapQ threshold of 1 for read filtering.
[21:01:47 - MdlStrTGZ] Model GRUModel(
  (gru): GRU(10, 128, num_layers=2, batch_first=True, bidirectional=True)
  (linear): Linear(in_features=256, out_features=5, bias=True)
)
[21:01:47 - MdlStrTGZ] loading weights from /tmp/tmpzz8_rsax/model/weights.pt
[21:01:47 - MdlStrTGZ] Successfully removed temporary files from /tmp/tmpzz8_rsax.
[21:01:47 - Predict] Model device: cpu
[21:01:47 - Predict] Running prediction at full precision
[21:01:47 - BAMFile] Creating pool of 16 BAM file sets.
[21:01:47 - Predict] Processing 6 long region(s) with batching.
[21:01:47 - Sampler] Initializing sampler for consensus of region contig_1:0-1000000.
[21:01:47 - Sampler] Initializing sampler for consensus of region contig_1:999000-1999000.
[21:01:47 - PWorker] Running inference for 5.3M draft bases.
[21:01:49 - Feature] Processed contig_1:999000.0-1998999.0 (median depth 63.0)
[21:01:49 - Sampler] Took 2.38s to make features.
[21:01:49 - Sampler] Initializing sampler for consensus of region contig_1:1998000-2998000.
[21:01:49 - Feature] Processed contig_1:0.0-999999.0 (median depth 76.0)
[21:01:49 - Sampler] Took 2.62s to make features.
[21:01:49 - Sampler] Initializing sampler for consensus of region contig_1:2997000-3997000.
[21:01:50 - Feature] Processed contig_1:1998000.0-2997999.0 (median depth 75.0)
[21:01:50 - Sampler] Took 1.20s to make features.
[21:01:50 - Sampler] Initializing sampler for consensus of region contig_1:3996000-4996000.
[21:01:51 - Feature] Processed contig_1:2997000.0-3996999.0 (median depth 93.0)
[21:01:51 - Sampler] Took 1.63s to make features.
[21:01:51 - Sampler] Initializing sampler for consensus of region contig_1:4995000-5300556.
[21:01:52 - Feature] Processed contig_1:4995000.0-5300555.0 (median depth 83.0)
[21:01:52 - Sampler] Took 0.70s to make features.
[21:01:52 - Feature] Processed contig_1:3996000.0-4995999.0 (median depth 104.0)
[21:01:52 - Sampler] Took 1.55s to make features.
[21:01:59 - PWorker] Batches in cache: 8.
[21:01:59 - PWorker] 14.9% Done (0.8/5.3 Mbases) in 12.8s
[21:02:07 - PWorker] Batches in cache: 7.
[21:02:14 - PWorker] Batches in cache: 6.
[21:02:14 - PWorker] 43.7% Done (2.3/5.3 Mbases) in 27.5s
[21:02:22 - PWorker] Batches in cache: 5.
[21:02:29 - PWorker] Batches in cache: 4.
[21:02:29 - PWorker] 72.0% Done (3.8/5.3 Mbases) in 42.3s
[21:02:36 - PWorker] Batches in cache: 3.
[21:02:44 - PWorker] Batches in cache: 2.
[21:02:44 - PWorker] 99.4% Done (5.3/5.3 Mbases) in 57.0s
[21:02:45 - PWorker] Processed 8 batches
[21:02:45 - PWorker] All done, 0 remainder regions.
[21:02:45 - Predict] Finished processing all regions.
/data/djs217/miniconda3/envs/hybracter_env/lib/python3.11/site-packages/hybracter/workflow/conda/7aafc1085ca44eee01942c03ca74ecad_/lib/python3.11/site-packages/medaka/common.py:16: UserWarning: pkg_resources is deprecated as an API. See https://setuptools.pypa.io/en/latest/pkg_resources.html. The pkg_resources package is slated for removal as early as 2025-11-30. Refrain from using this package or pin to Setuptools<81.
  from pkg_resources import resource_filename
[21:02:48 - DataIndx] Loaded 1/1 (100.00%) sample files.
[21:02:48 - DataIndx] Loaded 1/1 (100.00%) sample files.
[21:02:48 - DataIndx] Loaded 1/1 (100.00%) sample files.
[21:02:48 - DataIndx] Loaded 1/1 (100.00%) sample files.
[21:02:48 - DataIndx] Loaded 1/1 (100.00%) sample files.
[21:02:48 - DataIndx] Loaded 1/1 (100.00%) sample files.
[21:02:48 - DataIndx] Loaded 1/1 (100.00%) sample files.
