[M::bwa_idx_load_from_disk] read 0 ALT contigs
[M::process] read 603532 sequences (80000083 bp)...
[M::process] read 600306 sequences (80000277 bp)...
[M::mem_process_seqs] Processed 603532 reads in 24.492 CPU sec, 3.564 real sec
[M::process] read 597972 sequences (80000239 bp)...
[M::mem_process_seqs] Processed 600306 reads in 24.623 CPU sec, 2.994 real sec
[M::process] read 601322 sequences (80000054 bp)...
[M::mem_process_seqs] Processed 597972 reads in 25.164 CPU sec, 3.031 real sec
[M::process] read 599698 sequences (80000237 bp)...
[M::mem_process_seqs] Processed 601322 reads in 25.440 CPU sec, 3.053 real sec
[M::process] read 597762 sequences (80000070 bp)...
[M::mem_process_seqs] Processed 599698 reads in 25.386 CPU sec, 3.060 real sec
[M::process] read 598386 sequences (80000052 bp)...
[M::mem_process_seqs] Processed 597762 reads in 24.072 CPU sec, 2.884 real sec
[M::process] read 598988 sequences (80000013 bp)...
[M::mem_process_seqs] Processed 598386 reads in 25.725 CPU sec, 3.102 real sec
[M::process] read 597206 sequences (80000170 bp)...
[M::mem_process_seqs] Processed 598988 reads in 26.704 CPU sec, 3.268 real sec
[M::process] read 597190 sequences (80000229 bp)...
[M::mem_process_seqs] Processed 597206 reads in 26.212 CPU sec, 3.159 real sec
[M::process] read 597712 sequences (80000252 bp)...
[M::mem_process_seqs] Processed 597190 reads in 25.699 CPU sec, 3.094 real sec
[M::process] read 596266 sequences (80000106 bp)...
[M::mem_process_seqs] Processed 597712 reads in 25.894 CPU sec, 3.127 real sec
[M::process] read 595452 sequences (80000238 bp)...
[M::mem_process_seqs] Processed 596266 reads in 25.106 CPU sec, 3.019 real sec
[M::process] read 608286 sequences (80000105 bp)...
[M::mem_process_seqs] Processed 595452 reads in 24.945 CPU sec, 2.991 real sec
[M::process] read 605994 sequences (80000013 bp)...
[M::mem_process_seqs] Processed 608286 reads in 26.097 CPU sec, 3.146 real sec
[M::process] read 604350 sequences (80000233 bp)...
[M::mem_process_seqs] Processed 605994 reads in 26.384 CPU sec, 3.193 real sec
[M::process] read 12492 sequences (1657744 bp)...
[M::mem_process_seqs] Processed 604350 reads in 25.915 CPU sec, 3.246 real sec
[M::mem_process_seqs] Processed 12492 reads in 0.665 CPU sec, 0.079 real sec
[main] Version: 0.7.19-r1273
[main] CMD: bwa mem -t 8 -a hybracter-hybrid-Xcc/processing/complete/medaka_rd_2/NCPPB_4680_xcc/consensus.fasta hybracter-hybrid-Xcc/processing/qc/fastp/NCPPB_4680_xcc_2.fastq.gz
[main] Real time: 53.370 sec; CPU: 410.254 sec
