[M::bwa_idx_load_from_disk] read 0 ALT contigs
[M::process] read 615174 sequences (80000167 bp)...
[M::process] read 612544 sequences (80000151 bp)...
[M::mem_process_seqs] Processed 615174 reads in 28.234 CPU sec, 3.505 real sec
[M::process] read 609726 sequences (80000142 bp)...
[M::mem_process_seqs] Processed 612544 reads in 22.922 CPU sec, 2.752 real sec
[M::process] read 612318 sequences (80000145 bp)...
[M::mem_process_seqs] Processed 609726 reads in 23.952 CPU sec, 2.874 real sec
[M::process] read 612286 sequences (80000149 bp)...
[M::mem_process_seqs] Processed 612318 reads in 22.453 CPU sec, 2.720 real sec
[M::process] read 609826 sequences (80000186 bp)...
[M::mem_process_seqs] Processed 612286 reads in 23.825 CPU sec, 2.842 real sec
[M::process] read 608474 sequences (80000145 bp)...
[M::mem_process_seqs] Processed 609826 reads in 22.325 CPU sec, 2.712 real sec
[M::process] read 610472 sequences (80000153 bp)...
[M::mem_process_seqs] Processed 608474 reads in 23.433 CPU sec, 2.823 real sec
[M::process] read 608986 sequences (80000032 bp)...
[M::mem_process_seqs] Processed 610472 reads in 22.776 CPU sec, 2.725 real sec
[M::process] read 607230 sequences (80000187 bp)...
[M::mem_process_seqs] Processed 608986 reads in 23.075 CPU sec, 2.775 real sec
[M::process] read 609074 sequences (80000092 bp)...
[M::mem_process_seqs] Processed 607230 reads in 22.307 CPU sec, 2.671 real sec
[M::process] read 607796 sequences (80000017 bp)...
[M::mem_process_seqs] Processed 609074 reads in 24.185 CPU sec, 2.908 real sec
[M::process] read 606844 sequences (80000007 bp)...
[M::mem_process_seqs] Processed 607796 reads in 23.584 CPU sec, 2.825 real sec
[M::process] read 614172 sequences (80000035 bp)...
[M::mem_process_seqs] Processed 606844 reads in 23.715 CPU sec, 2.861 real sec
[M::process] read 618348 sequences (80000010 bp)...
[M::mem_process_seqs] Processed 614172 reads in 22.851 CPU sec, 2.718 real sec
[M::process] read 616890 sequences (80000167 bp)...
[M::mem_process_seqs] Processed 618348 reads in 22.883 CPU sec, 2.719 real sec
[M::process] read 372401 sequences (48477708 bp)...
[M::mem_process_seqs] Processed 616890 reads in 21.935 CPU sec, 2.663 real sec
[M::mem_process_seqs] Processed 372401 reads in 13.586 CPU sec, 1.679 real sec
[main] Version: 0.7.19-r1273
[main] CMD: bwa mem -t 8 -a hybracter-hybrid/processing/complete/medaka_rd_2/NCPPB_3074/consensus.fasta hybracter-hybrid/processing/qc/fastp/NCPPB_3074_2.fastq.gz
[main] Real time: 50.249 sec; CPU: 389.947 sec
