/data/djs217/miniconda3/envs/hybracter_env/lib/python3.11/site-packages/hybracter/workflow/conda/7aafc1085ca44eee01942c03ca74ecad_/lib/python3.11/site-packages/medaka/common.py:16: UserWarning: pkg_resources is deprecated as an API. See https://setuptools.pypa.io/en/latest/pkg_resources.html. The pkg_resources package is slated for removal as early as 2025-11-30. Refrain from using this package or pin to Setuptools<81.
  from pkg_resources import resource_filename
/data/djs217/miniconda3/envs/hybracter_env/lib/python3.11/site-packages/hybracter/workflow/conda/7aafc1085ca44eee01942c03ca74ecad_/lib/python3.11/site-packages/medaka/common.py:16: UserWarning: pkg_resources is deprecated as an API. See https://setuptools.pypa.io/en/latest/pkg_resources.html. The pkg_resources package is slated for removal as early as 2025-11-30. Refrain from using this package or pin to Setuptools<81.
  from pkg_resources import resource_filename
/data/djs217/miniconda3/envs/hybracter_env/lib/python3.11/site-packages/hybracter/workflow/conda/7aafc1085ca44eee01942c03ca74ecad_/lib/python3.11/site-packages/medaka/common.py:16: UserWarning: pkg_resources is deprecated as an API. See https://setuptools.pypa.io/en/latest/pkg_resources.html. The pkg_resources package is slated for removal as early as 2025-11-30. Refrain from using this package or pin to Setuptools<81.
  from pkg_resources import resource_filename
[21:16:08 - MdlStrTGZ] Successfully removed temporary files from /tmp/tmp2mdq0l8y.
/data/djs217/miniconda3/envs/hybracter_env/lib/python3.11/site-packages/hybracter/workflow/conda/7aafc1085ca44eee01942c03ca74ecad_/lib/python3.11/site-packages/medaka/common.py:16: UserWarning: pkg_resources is deprecated as an API. See https://setuptools.pypa.io/en/latest/pkg_resources.html. The pkg_resources package is slated for removal as early as 2025-11-30. Refrain from using this package or pin to Setuptools<81.
  from pkg_resources import resource_filename
[21:16:10 - MdlStrTGZ] Successfully removed temporary files from /tmp/tmp0d49gynx.
Creating fai index file /data/djs217/PROJECTS/xanthomonas-genome-assemblies/xanthomonas_march_2026/hybracter-hybrid/processing/pre_polish/NCPPB_4678_chromosome_plus_plasmids.fasta.fai
Creating mmi index file /data/djs217/PROJECTS/xanthomonas-genome-assemblies/xanthomonas_march_2026/hybracter-hybrid/processing/pre_polish/NCPPB_4678_chromosome_plus_plasmids.fasta.map-ont.mmi
[M::mm_idx_gen::0.172*1.02] collected minimizers
[M::mm_idx_gen::0.236*1.51] sorted minimizers
[M::main::0.298*1.41] loaded/built the index for 5 target sequence(s)
[M::mm_idx_stat] kmer size: 15; skip: 10; is_hpc: 0; #seq: 5
[M::mm_idx_stat::0.312*1.39] distinct minimizers: 893250 (93.84% are singletons); average occurrences: 1.088; average spacing: 5.359; total length: 5210891
[M::main] Version: 2.30-r1287
[M::main] CMD: minimap2 -I 16G -x map-ont -d /data/djs217/PROJECTS/xanthomonas-genome-assemblies/xanthomonas_march_2026/hybracter-hybrid/processing/pre_polish/NCPPB_4678_chromosome_plus_plasmids.fasta.map-ont.mmi /data/djs217/PROJECTS/xanthomonas-genome-assemblies/xanthomonas_march_2026/hybracter-hybrid/processing/pre_polish/NCPPB_4678_chromosome_plus_plasmids.fasta
[M::main] Real time: 0.318 sec; CPU: 0.439 sec; Peak RSS: 0.051 GB
[M::main::0.062*1.01] loaded/built the index for 5 target sequence(s)
[M::mm_mapopt_update::0.079*1.01] mid_occ = 13
[M::mm_idx_stat] kmer size: 15; skip: 10; is_hpc: 0; #seq: 5
[M::mm_idx_stat::0.092*1.01] distinct minimizers: 893250 (93.84% are singletons); average occurrences: 1.088; average spacing: 5.359; total length: 5210891
[M::worker_pipeline::2.693*7.05] mapped 1100 sequences
[M::main] Version: 2.30-r1287
[M::main] CMD: minimap2 -x map-ont --secondary=no -L --MD -A 2 -B 4 -O 4,24 -E 2,1 -t 12 -a /data/djs217/PROJECTS/xanthomonas-genome-assemblies/xanthomonas_march_2026/hybracter-hybrid/processing/pre_polish/NCPPB_4678_chromosome_plus_plasmids.fasta.map-ont.mmi /data/djs217/PROJECTS/xanthomonas-genome-assemblies/xanthomonas_march_2026/hybracter-hybrid/processing/qc/NCPPB_4678_filt_trim.fastq.gz
[M::main] Real time: 2.707 sec; CPU: 18.988 sec; Peak RSS: 0.206 GB
[bam_sort_core] merging from 0 files and 12 in-memory blocks...
/data/djs217/miniconda3/envs/hybracter_env/lib/python3.11/site-packages/hybracter/workflow/conda/7aafc1085ca44eee01942c03ca74ecad_/lib/python3.11/site-packages/medaka/common.py:16: UserWarning: pkg_resources is deprecated as an API. See https://setuptools.pypa.io/en/latest/pkg_resources.html. The pkg_resources package is slated for removal as early as 2025-11-30. Refrain from using this package or pin to Setuptools<81.
  from pkg_resources import resource_filename
[21:16:16 - Predict] Processing region(s): contig_1:0-2039250 contig_2:0-3105691 1:0-48374 2:0-14391 3:0-3185
[21:16:16 - Predict] Using model: /data/djs217/miniconda3/envs/hybracter_env/lib/python3.11/site-packages/hybracter/workflow/conda/7aafc1085ca44eee01942c03ca74ecad_/lib/python3.11/site-packages/medaka/data/r1041_e82_400bps_sup_v5.0.0_model_pt.tar.gz.
[21:16:16 - Predict] Using minimum mapQ threshold of 1 for read filtering.
[21:16:16 - MdlStrTGZ] Model GRUModel(
  (gru): GRU(10, 128, num_layers=2, batch_first=True, bidirectional=True)
  (linear): Linear(in_features=256, out_features=5, bias=True)
)
[21:16:16 - MdlStrTGZ] loading weights from /tmp/tmpknnbb9qx/model/weights.pt
[21:16:16 - MdlStrTGZ] Successfully removed temporary files from /tmp/tmpknnbb9qx.
[21:16:16 - Predict] Model device: cpu
[21:16:16 - Predict] Running prediction at full precision
[21:16:16 - BAMFile] Creating pool of 16 BAM file sets.
[21:16:16 - Predict] Processing 9 long region(s) with batching.
[21:16:16 - Sampler] Initializing sampler for consensus of region contig_1:0-1000000.
[21:16:16 - Sampler] Initializing sampler for consensus of region contig_1:999000-1999000.
[21:16:16 - PWorker] Running inference for 5.2M draft bases.
[21:16:18 - Feature] Processed contig_1:0.0-999999.0 (median depth 9.0)
[21:16:18 - Sampler] Took 1.87s to make features.
[21:16:18 - Sampler] Initializing sampler for consensus of region contig_1:1998000-2039250.
[21:16:18 - Feature] Processed contig_1:999000.0-1998999.0 (median depth 8.0)
[21:16:18 - Sampler] Took 2.04s to make features.
[21:16:18 - Sampler] Initializing sampler for consensus of region contig_2:0-1000000.
[21:16:18 - Feature] Processed contig_1:1998000.0-2039249.0 (median depth 4.0)
[21:16:18 - Sampler] Took 0.19s to make features.
[21:16:18 - Sampler] Initializing sampler for consensus of region contig_2:999000-1999000.
[21:16:19 - Feature] Processed contig_2:999000.0-1998999.0 (median depth 8.0)
[21:16:19 - Sampler] Took 1.03s to make features.
[21:16:19 - Sampler] Initializing sampler for consensus of region contig_2:1998000-2998000.
[21:16:19 - Feature] Processed contig_2:0.0-999999.0 (median depth 9.0)
[21:16:19 - Sampler] Took 1.52s to make features.
[21:16:19 - Sampler] Initializing sampler for consensus of region contig_2:2997000-3105691.
[21:16:19 - Feature] Processed contig_2:2997000.0-3105690.0 (median depth 7.0)
[21:16:19 - Sampler] Took 0.10s to make features.
[21:16:19 - Sampler] Initializing sampler for consensus of region 1:0-48374.
[21:16:20 - Feature] Processed 1:0.0-48373.0 (median depth 16.0)
[21:16:20 - Sampler] Took 0.21s to make features.
[21:16:20 - Sampler] Initializing sampler for consensus of region 2:0-14391.
[21:16:20 - Sampler] Took 0.03s to make features.
[21:16:20 - Feature] Processed contig_2:1998000.0-2997999.0 (median depth 8.0)
[21:16:20 - Sampler] Took 0.93s to make features.
[21:16:28 - PWorker] Batches in cache: 6.
[21:16:28 - PWorker] 17.2% Done (0.9/5.2 Mbases) in 12.5s
[21:16:35 - PWorker] Batches in cache: 5.
[21:16:43 - PWorker] Batches in cache: 4.
[21:16:43 - PWorker] 51.6% Done (2.7/5.2 Mbases) in 26.7s
[21:16:50 - PWorker] Batches in cache: 3.
[21:16:57 - PWorker] Batches in cache: 2.
[21:16:57 - PWorker] 85.9% Done (4.5/5.2 Mbases) in 40.8s
[21:17:02 - PWorker] Batches in cache: 1.
[21:17:03 - PWorker] Processed 6 batches
[21:17:03 - PWorker] All done, 0 remainder regions.
[21:17:03 - Predict] Processing 1 short region(s).
[21:17:03 - Sampler] Initializing sampler for consensus of region 3:0-3185.
[21:17:03 - PWorker] Running inference for 0.0M draft bases.
[21:17:03 - Sampler] Took 0.03s to make features.
[21:17:03 - PWorker] Processed 0 batches
[21:17:03 - PWorker] All done, 0 remainder regions.
[21:17:03 - Predict] Finished processing all regions.
/data/djs217/miniconda3/envs/hybracter_env/lib/python3.11/site-packages/hybracter/workflow/conda/7aafc1085ca44eee01942c03ca74ecad_/lib/python3.11/site-packages/medaka/common.py:16: UserWarning: pkg_resources is deprecated as an API. See https://setuptools.pypa.io/en/latest/pkg_resources.html. The pkg_resources package is slated for removal as early as 2025-11-30. Refrain from using this package or pin to Setuptools<81.
  from pkg_resources import resource_filename
[21:17:05 - DataIndx] Loaded 1/1 (100.00%) sample files.
[21:17:05 - DataIndx] Loaded 1/1 (100.00%) sample files.
[21:17:05 - DataIndx] Loaded 1/1 (100.00%) sample files.
[21:17:05 - DataIndx] Loaded 1/1 (100.00%) sample files.
[21:17:05 - DataIndx] Loaded 1/1 (100.00%) sample files.
[21:17:05 - DataIndx] Loaded 1/1 (100.00%) sample files.
[21:17:05 - DataIndx] Loaded 1/1 (100.00%) sample files.
[21:17:05 - DataIndx] Loaded 1/1 (100.00%) sample files.
[21:17:05 - DataIndx] Loaded 1/1 (100.00%) sample files.
[21:17:06 - Stitcher] Copying contig '3' verbatim from input.
[21:17:06 - Stitcher] Copying contig '2' verbatim from input.
