/data/djs217/miniconda3/envs/hybracter_env/lib/python3.11/site-packages/hybracter/workflow/conda/7aafc1085ca44eee01942c03ca74ecad_/lib/python3.11/site-packages/medaka/common.py:16: UserWarning: pkg_resources is deprecated as an API. See https://setuptools.pypa.io/en/latest/pkg_resources.html. The pkg_resources package is slated for removal as early as 2025-11-30. Refrain from using this package or pin to Setuptools<81.
  from pkg_resources import resource_filename
/data/djs217/miniconda3/envs/hybracter_env/lib/python3.11/site-packages/hybracter/workflow/conda/7aafc1085ca44eee01942c03ca74ecad_/lib/python3.11/site-packages/medaka/common.py:16: UserWarning: pkg_resources is deprecated as an API. See https://setuptools.pypa.io/en/latest/pkg_resources.html. The pkg_resources package is slated for removal as early as 2025-11-30. Refrain from using this package or pin to Setuptools<81.
  from pkg_resources import resource_filename
/data/djs217/miniconda3/envs/hybracter_env/lib/python3.11/site-packages/hybracter/workflow/conda/7aafc1085ca44eee01942c03ca74ecad_/lib/python3.11/site-packages/medaka/common.py:16: UserWarning: pkg_resources is deprecated as an API. See https://setuptools.pypa.io/en/latest/pkg_resources.html. The pkg_resources package is slated for removal as early as 2025-11-30. Refrain from using this package or pin to Setuptools<81.
  from pkg_resources import resource_filename
[10:43:20 - MdlStrTGZ] Successfully removed temporary files from /tmp/tmpyv4z46ji.
/data/djs217/miniconda3/envs/hybracter_env/lib/python3.11/site-packages/hybracter/workflow/conda/7aafc1085ca44eee01942c03ca74ecad_/lib/python3.11/site-packages/medaka/common.py:16: UserWarning: pkg_resources is deprecated as an API. See https://setuptools.pypa.io/en/latest/pkg_resources.html. The pkg_resources package is slated for removal as early as 2025-11-30. Refrain from using this package or pin to Setuptools<81.
  from pkg_resources import resource_filename
[10:43:22 - MdlStrTGZ] Successfully removed temporary files from /tmp/tmpkvv19a1d.
Creating fai index file /data/djs217/PROJECTS/xanthomonas-genome-assemblies/xanthomonas_march_2026/hybracter-hybrid/processing/pre_polish/NCPPB_4363_chromosome_plus_plasmids.fasta.fai
Creating mmi index file /data/djs217/PROJECTS/xanthomonas-genome-assemblies/xanthomonas_march_2026/hybracter-hybrid/processing/pre_polish/NCPPB_4363_chromosome_plus_plasmids.fasta.map-ont.mmi
[M::mm_idx_gen::0.217*1.01] collected minimizers
[M::mm_idx_gen::0.293*1.47] sorted minimizers
[M::main::0.356*1.39] loaded/built the index for 15 target sequence(s)
[M::mm_idx_stat] kmer size: 15; skip: 10; is_hpc: 0; #seq: 15
[M::mm_idx_stat::0.370*1.37] distinct minimizers: 898665 (94.55% are singletons); average occurrences: 1.154; average spacing: 5.361; total length: 5560517
[M::main] Version: 2.30-r1287
[M::main] CMD: minimap2 -I 16G -x map-ont -d /data/djs217/PROJECTS/xanthomonas-genome-assemblies/xanthomonas_march_2026/hybracter-hybrid/processing/pre_polish/NCPPB_4363_chromosome_plus_plasmids.fasta.map-ont.mmi /data/djs217/PROJECTS/xanthomonas-genome-assemblies/xanthomonas_march_2026/hybracter-hybrid/processing/pre_polish/NCPPB_4363_chromosome_plus_plasmids.fasta
[M::main] Real time: 0.376 sec; CPU: 0.514 sec; Peak RSS: 0.056 GB
[M::main::0.061*1.03] loaded/built the index for 15 target sequence(s)
[M::mm_mapopt_update::0.080*1.02] mid_occ = 79
[M::mm_idx_stat] kmer size: 15; skip: 10; is_hpc: 0; #seq: 15
[M::mm_idx_stat::0.093*1.02] distinct minimizers: 898665 (94.55% are singletons); average occurrences: 1.154; average spacing: 5.361; total length: 5560517
[M::worker_pipeline::5.528*8.45] mapped 1210 sequences
[M::main] Version: 2.30-r1287
[M::main] CMD: minimap2 -x map-ont --secondary=no -L --MD -A 2 -B 4 -O 4,24 -E 2,1 -t 12 -a /data/djs217/PROJECTS/xanthomonas-genome-assemblies/xanthomonas_march_2026/hybracter-hybrid/processing/pre_polish/NCPPB_4363_chromosome_plus_plasmids.fasta.map-ont.mmi /data/djs217/PROJECTS/xanthomonas-genome-assemblies/xanthomonas_march_2026/hybracter-hybrid/processing/qc/NCPPB_4363_filt_trim.fastq.gz
[M::main] Real time: 5.539 sec; CPU: 46.712 sec; Peak RSS: 0.698 GB
[bam_sort_core] merging from 0 files and 12 in-memory blocks...
/data/djs217/miniconda3/envs/hybracter_env/lib/python3.11/site-packages/hybracter/workflow/conda/7aafc1085ca44eee01942c03ca74ecad_/lib/python3.11/site-packages/medaka/common.py:16: UserWarning: pkg_resources is deprecated as an API. See https://setuptools.pypa.io/en/latest/pkg_resources.html. The pkg_resources package is slated for removal as early as 2025-11-30. Refrain from using this package or pin to Setuptools<81.
  from pkg_resources import resource_filename
[10:43:31 - Predict] Processing region(s): contig_2:0-5288274 1:0-177112 2:0-85335 3:0-1493 4:0-1311 5:0-1250 6:0-1059 7:0-959 8:0-938 9:0-787 10:0-647 11:0-627 12:0-360 13:0-193 14:0-172
[10:43:31 - Predict] Using model: /data/djs217/miniconda3/envs/hybracter_env/lib/python3.11/site-packages/hybracter/workflow/conda/7aafc1085ca44eee01942c03ca74ecad_/lib/python3.11/site-packages/medaka/data/r1041_e82_400bps_sup_v5.0.0_model_pt.tar.gz.
[10:43:31 - Predict] Using minimum mapQ threshold of 1 for read filtering.
[10:43:31 - MdlStrTGZ] Model GRUModel(
  (gru): GRU(10, 128, num_layers=2, batch_first=True, bidirectional=True)
  (linear): Linear(in_features=256, out_features=5, bias=True)
)
[10:43:31 - MdlStrTGZ] loading weights from /tmp/tmp40mrhmcp/model/weights.pt
[10:43:31 - MdlStrTGZ] Successfully removed temporary files from /tmp/tmp40mrhmcp.
[10:43:31 - Predict] Model device: cpu
[10:43:31 - Predict] Running prediction at full precision
[10:43:31 - BAMFile] Creating pool of 16 BAM file sets.
[10:43:31 - Predict] Processing 8 long region(s) with batching.
[10:43:31 - Sampler] Initializing sampler for consensus of region contig_2:0-1000000.
[10:43:31 - Sampler] Initializing sampler for consensus of region contig_2:999000-1999000.
[10:43:31 - PWorker] Running inference for 5.6M draft bases.
[10:43:34 - Feature] Processed contig_2:0.0-999999.0 (median depth 7.0)
[10:43:34 - Sampler] Took 2.49s to make features.
[10:43:34 - Sampler] Initializing sampler for consensus of region contig_2:1998000-2998000.
[10:43:34 - Feature] Processed contig_2:999000.0-1998999.0 (median depth 7.0)
[10:43:34 - Sampler] Took 2.75s to make features.
[10:43:34 - Sampler] Initializing sampler for consensus of region contig_2:2997000-3997000.
[10:43:35 - Feature] Processed contig_2:1998000.0-2997999.0 (median depth 8.0)
[10:43:35 - Sampler] Took 1.39s to make features.
[10:43:35 - Sampler] Initializing sampler for consensus of region contig_2:3996000-4996000.
[10:43:36 - Feature] Processed contig_2:2997000.0-3996999.0 (median depth 8.0)
[10:43:36 - Sampler] Took 1.84s to make features.
[10:43:36 - Sampler] Initializing sampler for consensus of region contig_2:4995000-5288274.
[10:43:37 - Feature] Processed contig_2:4995000.0-5288273.0 (median depth 9.0)
[10:43:37 - Sampler] Took 0.53s to make features.
[10:43:37 - Sampler] Initializing sampler for consensus of region 1:0-177112.
[10:43:37 - Feature] Processed contig_2:3996000.0-4995999.0 (median depth 8.0)
[10:43:37 - Sampler] Took 1.37s to make features.
[10:43:37 - Sampler] Initializing sampler for consensus of region 2:0-85335.
[10:43:37 - Feature] Processed 2:0.0-85334.0 (median depth 13.0)
[10:43:37 - Sampler] Took 0.14s to make features.
[10:43:37 - Feature] Processed 1:0.0-177111.0 (median depth 3.0)
[10:43:37 - Sampler] Took 0.31s to make features.
[10:43:45 - PWorker] Batches in cache: 7.
[10:43:45 - PWorker] 16.1% Done (0.9/5.6 Mbases) in 13.5s
[10:43:52 - PWorker] Batches in cache: 6.
[10:44:00 - PWorker] Batches in cache: 5.
[10:44:00 - PWorker] 48.3% Done (2.7/5.6 Mbases) in 28.7s
[10:44:08 - PWorker] Batches in cache: 4.
[10:44:15 - PWorker] Batches in cache: 3.
[10:44:15 - PWorker] 80.4% Done (4.5/5.6 Mbases) in 44.0s
[10:44:23 - PWorker] Batches in cache: 2.
[10:44:25 - PWorker] Processed 7 batches
[10:44:25 - PWorker] All done, 0 remainder regions.
[10:44:25 - Predict] Processing 12 short region(s).
[10:44:25 - Sampler] Initializing sampler for consensus of region 3:0-1493.
[10:44:25 - Sampler] Initializing sampler for consensus of region 4:0-1311.
[10:44:25 - PWorker] Running inference for 0.0M draft bases.
[10:44:25 - Sampler] Took 0.05s to make features.
[10:44:25 - Sampler] Initializing sampler for consensus of region 5:0-1250.
[10:44:26 - Sampler] Took 0.13s to make features.
[10:44:26 - Sampler] Initializing sampler for consensus of region 6:0-1059.
[10:44:26 - Sampler] Took 0.10s to make features.
[10:44:26 - Sampler] Initializing sampler for consensus of region 7:0-959.
[10:44:26 - Sampler] Took 0.08s to make features.
[10:44:26 - Sampler] Initializing sampler for consensus of region 8:0-938.
[10:44:26 - Sampler] Took 0.02s to make features.
[10:44:26 - Sampler] Took 0.08s to make features.
[10:44:26 - Sampler] Initializing sampler for consensus of region 9:0-787.
[10:44:26 - Sampler] Initializing sampler for consensus of region 10:0-647.
[10:44:26 - Sampler] Took 0.07s to make features.
[10:44:26 - Sampler] Initializing sampler for consensus of region 11:0-627.
[10:44:26 - Sampler] Took 0.08s to make features.
[10:44:26 - Sampler] Initializing sampler for consensus of region 12:0-360.
[10:44:26 - Sampler] Took 0.04s to make features.
[10:44:26 - Sampler] Initializing sampler for consensus of region 13:0-193.
[10:44:26 - Sampler] Took 0.05s to make features.
[10:44:26 - Sampler] Initializing sampler for consensus of region 14:0-172.
[10:44:26 - Sampler] Took 0.02s to make features.
[10:44:26 - Sampler] Took 0.11s to make features.
[10:44:26 - PWorker] Processed 0 batches
[10:44:26 - PWorker] All done, 0 remainder regions.
[10:44:26 - Predict] Finished processing all regions.
/data/djs217/miniconda3/envs/hybracter_env/lib/python3.11/site-packages/hybracter/workflow/conda/7aafc1085ca44eee01942c03ca74ecad_/lib/python3.11/site-packages/medaka/common.py:16: UserWarning: pkg_resources is deprecated as an API. See https://setuptools.pypa.io/en/latest/pkg_resources.html. The pkg_resources package is slated for removal as early as 2025-11-30. Refrain from using this package or pin to Setuptools<81.
  from pkg_resources import resource_filename
[10:44:31 - DataIndx] Loaded 1/1 (100.00%) sample files.
[10:44:31 - DataIndx] Loaded 1/1 (100.00%) sample files.
[10:44:31 - DataIndx] Loaded 1/1 (100.00%) sample files.
[10:44:31 - DataIndx] Loaded 1/1 (100.00%) sample files.
[10:44:31 - DataIndx] Loaded 1/1 (100.00%) sample files.
[10:44:31 - DataIndx] Loaded 1/1 (100.00%) sample files.
[10:44:31 - DataIndx] Loaded 1/1 (100.00%) sample files.
[10:44:31 - DataIndx] Loaded 1/1 (100.00%) sample files.
[10:44:31 - DataIndx] Loaded 1/1 (100.00%) sample files.
[10:44:31 - Stitcher] Copying contig '3' verbatim from input.
[10:44:31 - Stitcher] Copying contig '4' verbatim from input.
[10:44:31 - Stitcher] Copying contig '13' verbatim from input.
[10:44:31 - Stitcher] Copying contig '12' verbatim from input.
[10:44:31 - Stitcher] Copying contig '6' verbatim from input.
[10:44:31 - Stitcher] Copying contig '8' verbatim from input.
[10:44:31 - Stitcher] Copying contig '14' verbatim from input.
[10:44:31 - Stitcher] Copying contig '11' verbatim from input.
[10:44:31 - Stitcher] Copying contig '9' verbatim from input.
[10:44:31 - Stitcher] Copying contig '7' verbatim from input.
[10:44:31 - Stitcher] Copying contig '10' verbatim from input.
[10:44:31 - Stitcher] Copying contig '5' verbatim from input.
