/data/djs217/miniconda3/envs/hybracter_env/lib/python3.11/site-packages/hybracter/workflow/conda/7aafc1085ca44eee01942c03ca74ecad_/lib/python3.11/site-packages/medaka/common.py:16: UserWarning: pkg_resources is deprecated as an API. See https://setuptools.pypa.io/en/latest/pkg_resources.html. The pkg_resources package is slated for removal as early as 2025-11-30. Refrain from using this package or pin to Setuptools<81.
  from pkg_resources import resource_filename
/data/djs217/miniconda3/envs/hybracter_env/lib/python3.11/site-packages/hybracter/workflow/conda/7aafc1085ca44eee01942c03ca74ecad_/lib/python3.11/site-packages/medaka/common.py:16: UserWarning: pkg_resources is deprecated as an API. See https://setuptools.pypa.io/en/latest/pkg_resources.html. The pkg_resources package is slated for removal as early as 2025-11-30. Refrain from using this package or pin to Setuptools<81.
  from pkg_resources import resource_filename
/data/djs217/miniconda3/envs/hybracter_env/lib/python3.11/site-packages/hybracter/workflow/conda/7aafc1085ca44eee01942c03ca74ecad_/lib/python3.11/site-packages/medaka/common.py:16: UserWarning: pkg_resources is deprecated as an API. See https://setuptools.pypa.io/en/latest/pkg_resources.html. The pkg_resources package is slated for removal as early as 2025-11-30. Refrain from using this package or pin to Setuptools<81.
  from pkg_resources import resource_filename
[16:31:07 - MdlStrTGZ] Successfully removed temporary files from /tmp/tmplj5wtssq.
/data/djs217/miniconda3/envs/hybracter_env/lib/python3.11/site-packages/hybracter/workflow/conda/7aafc1085ca44eee01942c03ca74ecad_/lib/python3.11/site-packages/medaka/common.py:16: UserWarning: pkg_resources is deprecated as an API. See https://setuptools.pypa.io/en/latest/pkg_resources.html. The pkg_resources package is slated for removal as early as 2025-11-30. Refrain from using this package or pin to Setuptools<81.
  from pkg_resources import resource_filename
[16:31:09 - MdlStrTGZ] Successfully removed temporary files from /tmp/tmp9mhy1q35.
Creating fai index file /data/djs217/PROJECTS/xanthomonas-genome-assemblies/xanthomonas_march_2026/hybracter-hybrid/processing/pre_polish/NCPPB_4679_xcc_chromosome_plus_plasmids.fasta.fai
Creating mmi index file /data/djs217/PROJECTS/xanthomonas-genome-assemblies/xanthomonas_march_2026/hybracter-hybrid/processing/pre_polish/NCPPB_4679_xcc_chromosome_plus_plasmids.fasta.map-ont.mmi
[M::mm_idx_gen::0.191*1.02] collected minimizers
[M::mm_idx_gen::0.272*1.52] sorted minimizers
[M::main::0.340*1.41] loaded/built the index for 1 target sequence(s)
[M::mm_idx_stat] kmer size: 15; skip: 10; is_hpc: 0; #seq: 1
[M::mm_idx_stat::0.357*1.40] distinct minimizers: 884757 (94.50% are singletons); average occurrences: 1.077; average spacing: 5.362; total length: 5111899
[M::main] Version: 2.30-r1287
[M::main] CMD: minimap2 -I 16G -x map-ont -d /data/djs217/PROJECTS/xanthomonas-genome-assemblies/xanthomonas_march_2026/hybracter-hybrid/processing/pre_polish/NCPPB_4679_xcc_chromosome_plus_plasmids.fasta.map-ont.mmi /data/djs217/PROJECTS/xanthomonas-genome-assemblies/xanthomonas_march_2026/hybracter-hybrid/processing/pre_polish/NCPPB_4679_xcc_chromosome_plus_plasmids.fasta
[M::main] Real time: 0.366 sec; CPU: 0.507 sec; Peak RSS: 0.053 GB
[M::main::0.067*1.02] loaded/built the index for 1 target sequence(s)
[M::mm_mapopt_update::0.088*1.02] mid_occ = 11
[M::mm_idx_stat] kmer size: 15; skip: 10; is_hpc: 0; #seq: 1
[M::mm_idx_stat::0.103*1.01] distinct minimizers: 884757 (94.50% are singletons); average occurrences: 1.077; average spacing: 5.362; total length: 5111899
[M::worker_pipeline::2.665*7.46] mapped 1220 sequences
[M::main] Version: 2.30-r1287
[M::main] CMD: minimap2 -x map-ont --secondary=no -L --MD -A 2 -B 4 -O 4,24 -E 2,1 -t 12 -a /data/djs217/PROJECTS/xanthomonas-genome-assemblies/xanthomonas_march_2026/hybracter-hybrid/processing/pre_polish/NCPPB_4679_xcc_chromosome_plus_plasmids.fasta.map-ont.mmi /data/djs217/PROJECTS/xanthomonas-genome-assemblies/xanthomonas_march_2026/hybracter-hybrid/processing/qc/NCPPB_4679_xcc_filt_trim.fastq.gz
[M::main] Real time: 2.685 sec; CPU: 19.899 sec; Peak RSS: 0.267 GB
[bam_sort_core] merging from 0 files and 12 in-memory blocks...
/data/djs217/miniconda3/envs/hybracter_env/lib/python3.11/site-packages/hybracter/workflow/conda/7aafc1085ca44eee01942c03ca74ecad_/lib/python3.11/site-packages/medaka/common.py:16: UserWarning: pkg_resources is deprecated as an API. See https://setuptools.pypa.io/en/latest/pkg_resources.html. The pkg_resources package is slated for removal as early as 2025-11-30. Refrain from using this package or pin to Setuptools<81.
  from pkg_resources import resource_filename
[16:31:15 - Predict] Processing region(s): contig_1:0-5111899
[16:31:15 - Predict] Using model: /data/djs217/miniconda3/envs/hybracter_env/lib/python3.11/site-packages/hybracter/workflow/conda/7aafc1085ca44eee01942c03ca74ecad_/lib/python3.11/site-packages/medaka/data/r1041_e82_400bps_sup_v5.0.0_model_pt.tar.gz.
[16:31:15 - Predict] Using minimum mapQ threshold of 1 for read filtering.
[16:31:15 - MdlStrTGZ] Model GRUModel(
  (gru): GRU(10, 128, num_layers=2, batch_first=True, bidirectional=True)
  (linear): Linear(in_features=256, out_features=5, bias=True)
)
[16:31:15 - MdlStrTGZ] loading weights from /tmp/tmpfwb4ycgs/model/weights.pt
[16:31:15 - MdlStrTGZ] Successfully removed temporary files from /tmp/tmpfwb4ycgs.
[16:31:15 - Predict] Model device: cpu
[16:31:15 - Predict] Running prediction at full precision
[16:31:15 - BAMFile] Creating pool of 16 BAM file sets.
[16:31:15 - Predict] Processing 6 long region(s) with batching.
[16:31:15 - Sampler] Initializing sampler for consensus of region contig_1:0-1000000.
[16:31:15 - Sampler] Initializing sampler for consensus of region contig_1:999000-1999000.
[16:31:15 - PWorker] Running inference for 5.1M draft bases.
[16:31:17 - Feature] Processed contig_1:0.0-999999.0 (median depth 9.0)
[16:31:17 - Sampler] Took 1.95s to make features.
[16:31:17 - Feature] Processed contig_1:999000.0-1998999.0 (median depth 8.0)
[16:31:17 - Sampler] Took 1.98s to make features.
[16:31:17 - Sampler] Initializing sampler for consensus of region contig_1:1998000-2998000.
[16:31:17 - Sampler] Initializing sampler for consensus of region contig_1:2997000-3997000.
[16:31:19 - Feature] Processed contig_1:2997000.0-3996999.0 (median depth 8.0)
[16:31:19 - Sampler] Took 1.58s to make features.
[16:31:19 - Sampler] Initializing sampler for consensus of region contig_1:3996000-4996000.
[16:31:19 - Feature] Processed contig_1:1998000.0-2997999.0 (median depth 9.0)
[16:31:19 - Sampler] Took 1.60s to make features.
[16:31:19 - Sampler] Initializing sampler for consensus of region contig_1:4995000-5111899.
[16:31:19 - Feature] Processed contig_1:4995000.0-5111898.0 (median depth 8.0)
[16:31:19 - Sampler] Took 0.28s to make features.
[16:31:20 - Feature] Processed contig_1:3996000.0-4995999.0 (median depth 9.0)
[16:31:20 - Sampler] Took 1.42s to make features.
[16:31:30 - PWorker] Batches in cache: 6.
[16:31:30 - PWorker] 17.5% Done (0.9/5.1 Mbases) in 14.2s
[16:31:37 - PWorker] Batches in cache: 5.
[16:31:44 - PWorker] Batches in cache: 4.
[16:31:44 - PWorker] 52.5% Done (2.7/5.1 Mbases) in 29.1s
[16:31:52 - PWorker] Batches in cache: 3.
[16:31:59 - PWorker] Batches in cache: 2.
[16:31:59 - PWorker] 87.5% Done (4.5/5.1 Mbases) in 44.0s
[16:32:05 - PWorker] Batches in cache: 1.
[16:32:05 - PWorker] Processed 6 batches
[16:32:05 - PWorker] All done, 0 remainder regions.
[16:32:05 - Predict] Finished processing all regions.
/data/djs217/miniconda3/envs/hybracter_env/lib/python3.11/site-packages/hybracter/workflow/conda/7aafc1085ca44eee01942c03ca74ecad_/lib/python3.11/site-packages/medaka/common.py:16: UserWarning: pkg_resources is deprecated as an API. See https://setuptools.pypa.io/en/latest/pkg_resources.html. The pkg_resources package is slated for removal as early as 2025-11-30. Refrain from using this package or pin to Setuptools<81.
  from pkg_resources import resource_filename
[16:32:07 - DataIndx] Loaded 1/1 (100.00%) sample files.
[16:32:07 - DataIndx] Loaded 1/1 (100.00%) sample files.
[16:32:07 - DataIndx] Loaded 1/1 (100.00%) sample files.
[16:32:07 - DataIndx] Loaded 1/1 (100.00%) sample files.
[16:32:07 - DataIndx] Loaded 1/1 (100.00%) sample files.
[16:32:07 - DataIndx] Loaded 1/1 (100.00%) sample files.
[16:32:07 - DataIndx] Loaded 1/1 (100.00%) sample files.
