/data/djs217/miniconda3/envs/hybracter_env/lib/python3.11/site-packages/hybracter/workflow/conda/7aafc1085ca44eee01942c03ca74ecad_/lib/python3.11/site-packages/medaka/common.py:16: UserWarning: pkg_resources is deprecated as an API. See https://setuptools.pypa.io/en/latest/pkg_resources.html. The pkg_resources package is slated for removal as early as 2025-11-30. Refrain from using this package or pin to Setuptools<81.
  from pkg_resources import resource_filename
/data/djs217/miniconda3/envs/hybracter_env/lib/python3.11/site-packages/hybracter/workflow/conda/7aafc1085ca44eee01942c03ca74ecad_/lib/python3.11/site-packages/medaka/common.py:16: UserWarning: pkg_resources is deprecated as an API. See https://setuptools.pypa.io/en/latest/pkg_resources.html. The pkg_resources package is slated for removal as early as 2025-11-30. Refrain from using this package or pin to Setuptools<81.
  from pkg_resources import resource_filename
/data/djs217/miniconda3/envs/hybracter_env/lib/python3.11/site-packages/hybracter/workflow/conda/7aafc1085ca44eee01942c03ca74ecad_/lib/python3.11/site-packages/medaka/common.py:16: UserWarning: pkg_resources is deprecated as an API. See https://setuptools.pypa.io/en/latest/pkg_resources.html. The pkg_resources package is slated for removal as early as 2025-11-30. Refrain from using this package or pin to Setuptools<81.
  from pkg_resources import resource_filename
[17:30:40 - MdlStrTGZ] Successfully removed temporary files from /tmp/tmpn5566e6v.
/data/djs217/miniconda3/envs/hybracter_env/lib/python3.11/site-packages/hybracter/workflow/conda/7aafc1085ca44eee01942c03ca74ecad_/lib/python3.11/site-packages/medaka/common.py:16: UserWarning: pkg_resources is deprecated as an API. See https://setuptools.pypa.io/en/latest/pkg_resources.html. The pkg_resources package is slated for removal as early as 2025-11-30. Refrain from using this package or pin to Setuptools<81.
  from pkg_resources import resource_filename
[17:30:41 - MdlStrTGZ] Successfully removed temporary files from /tmp/tmpg927bq4g.
Creating fai index file /data/djs217/PROJECTS/xanthomonas-genome-assemblies/xanthomonas_march_2026/hybracter-hybrid/processing/pre_polish/NCPPB_4350_codiaei_chromosome_plus_plasmids.fasta.fai
Creating mmi index file /data/djs217/PROJECTS/xanthomonas-genome-assemblies/xanthomonas_march_2026/hybracter-hybrid/processing/pre_polish/NCPPB_4350_codiaei_chromosome_plus_plasmids.fasta.map-ont.mmi
[M::mm_idx_gen::0.179*1.02] collected minimizers
[M::mm_idx_gen::0.257*1.53] sorted minimizers
[M::main::0.323*1.42] loaded/built the index for 1 target sequence(s)
[M::mm_idx_stat] kmer size: 15; skip: 10; is_hpc: 0; #seq: 1
[M::mm_idx_stat::0.338*1.40] distinct minimizers: 873495 (93.78% are singletons); average occurrences: 1.092; average spacing: 5.356; total length: 5109366
[M::main] Version: 2.30-r1287
[M::main] CMD: minimap2 -I 16G -x map-ont -d /data/djs217/PROJECTS/xanthomonas-genome-assemblies/xanthomonas_march_2026/hybracter-hybrid/processing/pre_polish/NCPPB_4350_codiaei_chromosome_plus_plasmids.fasta.map-ont.mmi /data/djs217/PROJECTS/xanthomonas-genome-assemblies/xanthomonas_march_2026/hybracter-hybrid/processing/pre_polish/NCPPB_4350_codiaei_chromosome_plus_plasmids.fasta
[M::main] Real time: 0.347 sec; CPU: 0.483 sec; Peak RSS: 0.053 GB
[M::main::0.078*1.05] loaded/built the index for 1 target sequence(s)
[M::mm_mapopt_update::0.097*1.04] mid_occ = 17
[M::mm_idx_stat] kmer size: 15; skip: 10; is_hpc: 0; #seq: 1
[M::mm_idx_stat::0.110*1.03] distinct minimizers: 873495 (93.78% are singletons); average occurrences: 1.092; average spacing: 5.356; total length: 5109366
[M::worker_pipeline::2.675*7.19] mapped 1152 sequences
[M::main] Version: 2.30-r1287
[M::main] CMD: minimap2 -x map-ont --secondary=no -L --MD -A 2 -B 4 -O 4,24 -E 2,1 -t 12 -a /data/djs217/PROJECTS/xanthomonas-genome-assemblies/xanthomonas_march_2026/hybracter-hybrid/processing/pre_polish/NCPPB_4350_codiaei_chromosome_plus_plasmids.fasta.map-ont.mmi /data/djs217/PROJECTS/xanthomonas-genome-assemblies/xanthomonas_march_2026/hybracter-hybrid/processing/qc/NCPPB_4350_codiaei_filt_trim.fastq.gz
[M::main] Real time: 2.691 sec; CPU: 19.252 sec; Peak RSS: 0.206 GB
[bam_sort_core] merging from 0 files and 12 in-memory blocks...
/data/djs217/miniconda3/envs/hybracter_env/lib/python3.11/site-packages/hybracter/workflow/conda/7aafc1085ca44eee01942c03ca74ecad_/lib/python3.11/site-packages/medaka/common.py:16: UserWarning: pkg_resources is deprecated as an API. See https://setuptools.pypa.io/en/latest/pkg_resources.html. The pkg_resources package is slated for removal as early as 2025-11-30. Refrain from using this package or pin to Setuptools<81.
  from pkg_resources import resource_filename
[17:30:48 - Predict] Processing region(s): contig_1:0-5109366
[17:30:48 - Predict] Using model: /data/djs217/miniconda3/envs/hybracter_env/lib/python3.11/site-packages/hybracter/workflow/conda/7aafc1085ca44eee01942c03ca74ecad_/lib/python3.11/site-packages/medaka/data/r1041_e82_400bps_sup_v5.0.0_model_pt.tar.gz.
[17:30:48 - Predict] Using minimum mapQ threshold of 1 for read filtering.
[17:30:48 - MdlStrTGZ] Model GRUModel(
  (gru): GRU(10, 128, num_layers=2, batch_first=True, bidirectional=True)
  (linear): Linear(in_features=256, out_features=5, bias=True)
)
[17:30:48 - MdlStrTGZ] loading weights from /tmp/tmp4icroz68/model/weights.pt
[17:30:48 - MdlStrTGZ] Successfully removed temporary files from /tmp/tmp4icroz68.
[17:30:48 - Predict] Model device: cpu
[17:30:48 - Predict] Running prediction at full precision
[17:30:48 - BAMFile] Creating pool of 16 BAM file sets.
[17:30:48 - Predict] Processing 6 long region(s) with batching.
[17:30:48 - Sampler] Initializing sampler for consensus of region contig_1:0-1000000.
[17:30:48 - Sampler] Initializing sampler for consensus of region contig_1:999000-1999000.
[17:30:48 - PWorker] Running inference for 5.1M draft bases.
[17:30:49 - Feature] Processed contig_1:0.0-999999.0 (median depth 8.0)
[17:30:49 - Sampler] Took 1.50s to make features.
[17:30:49 - Sampler] Initializing sampler for consensus of region contig_1:1998000-2998000.
[17:30:49 - Feature] Processed contig_1:999000.0-1998999.0 (median depth 8.0)
[17:30:49 - Sampler] Took 1.62s to make features.
[17:30:49 - Sampler] Initializing sampler for consensus of region contig_1:2997000-3997000.
[17:30:50 - Feature] Processed contig_1:1998000.0-2997999.0 (median depth 8.0)
[17:30:50 - Sampler] Took 0.88s to make features.
[17:30:50 - Sampler] Initializing sampler for consensus of region contig_1:3996000-4996000.
[17:30:50 - Feature] Processed contig_1:2997000.0-3996999.0 (median depth 9.0)
[17:30:50 - Sampler] Took 0.76s to make features.
[17:30:50 - Sampler] Initializing sampler for consensus of region contig_1:4995000-5109366.
[17:30:50 - Feature] Processed contig_1:4995000.0-5109365.0 (median depth 8.0)
[17:30:50 - Sampler] Took 0.22s to make features.
[17:30:51 - Feature] Processed contig_1:3996000.0-4995999.0 (median depth 9.0)
[17:30:51 - Sampler] Took 0.74s to make features.
[17:30:59 - PWorker] Batches in cache: 6.
[17:30:59 - PWorker] 17.5% Done (0.9/5.1 Mbases) in 11.8s
[17:31:07 - PWorker] Batches in cache: 5.
[17:31:15 - PWorker] Batches in cache: 4.
[17:31:15 - PWorker] 52.6% Done (2.7/5.1 Mbases) in 27.0s
[17:31:22 - PWorker] Batches in cache: 3.
[17:31:29 - PWorker] Batches in cache: 2.
[17:31:29 - PWorker] 87.3% Done (4.5/5.1 Mbases) in 41.3s
[17:31:35 - PWorker] Batches in cache: 1.
[17:31:35 - PWorker] Processed 6 batches
[17:31:35 - PWorker] All done, 0 remainder regions.
[17:31:35 - Predict] Finished processing all regions.
/data/djs217/miniconda3/envs/hybracter_env/lib/python3.11/site-packages/hybracter/workflow/conda/7aafc1085ca44eee01942c03ca74ecad_/lib/python3.11/site-packages/medaka/common.py:16: UserWarning: pkg_resources is deprecated as an API. See https://setuptools.pypa.io/en/latest/pkg_resources.html. The pkg_resources package is slated for removal as early as 2025-11-30. Refrain from using this package or pin to Setuptools<81.
  from pkg_resources import resource_filename
[17:31:37 - DataIndx] Loaded 1/1 (100.00%) sample files.
[17:31:38 - DataIndx] Loaded 1/1 (100.00%) sample files.
[17:31:38 - DataIndx] Loaded 1/1 (100.00%) sample files.
[17:31:38 - DataIndx] Loaded 1/1 (100.00%) sample files.
[17:31:38 - DataIndx] Loaded 1/1 (100.00%) sample files.
[17:31:38 - DataIndx] Loaded 1/1 (100.00%) sample files.
[17:31:38 - DataIndx] Loaded 1/1 (100.00%) sample files.
