/data/djs217/miniconda3/envs/hybracter_env/lib/python3.11/site-packages/hybracter/workflow/conda/7aafc1085ca44eee01942c03ca74ecad_/lib/python3.11/site-packages/medaka/common.py:16: UserWarning: pkg_resources is deprecated as an API. See https://setuptools.pypa.io/en/latest/pkg_resources.html. The pkg_resources package is slated for removal as early as 2025-11-30. Refrain from using this package or pin to Setuptools<81.
  from pkg_resources import resource_filename
/data/djs217/miniconda3/envs/hybracter_env/lib/python3.11/site-packages/hybracter/workflow/conda/7aafc1085ca44eee01942c03ca74ecad_/lib/python3.11/site-packages/medaka/common.py:16: UserWarning: pkg_resources is deprecated as an API. See https://setuptools.pypa.io/en/latest/pkg_resources.html. The pkg_resources package is slated for removal as early as 2025-11-30. Refrain from using this package or pin to Setuptools<81.
  from pkg_resources import resource_filename
/data/djs217/miniconda3/envs/hybracter_env/lib/python3.11/site-packages/hybracter/workflow/conda/7aafc1085ca44eee01942c03ca74ecad_/lib/python3.11/site-packages/medaka/common.py:16: UserWarning: pkg_resources is deprecated as an API. See https://setuptools.pypa.io/en/latest/pkg_resources.html. The pkg_resources package is slated for removal as early as 2025-11-30. Refrain from using this package or pin to Setuptools<81.
  from pkg_resources import resource_filename
[18:18:30 - MdlStrTGZ] Successfully removed temporary files from /tmp/tmpi_8ubpu7.
/data/djs217/miniconda3/envs/hybracter_env/lib/python3.11/site-packages/hybracter/workflow/conda/7aafc1085ca44eee01942c03ca74ecad_/lib/python3.11/site-packages/medaka/common.py:16: UserWarning: pkg_resources is deprecated as an API. See https://setuptools.pypa.io/en/latest/pkg_resources.html. The pkg_resources package is slated for removal as early as 2025-11-30. Refrain from using this package or pin to Setuptools<81.
  from pkg_resources import resource_filename
[18:18:31 - MdlStrTGZ] Successfully removed temporary files from /tmp/tmper19ca_2.
Creating fai index file /data/djs217/PROJECTS/xanthomonas-genome-assemblies/xanthomonas_march_2026/hybracter-hybrid/processing/pre_polish/NCPPB_4629_chromosome_plus_plasmids.fasta.fai
Creating mmi index file /data/djs217/PROJECTS/xanthomonas-genome-assemblies/xanthomonas_march_2026/hybracter-hybrid/processing/pre_polish/NCPPB_4629_chromosome_plus_plasmids.fasta.map-ont.mmi
[M::mm_idx_gen::0.175*1.02] collected minimizers
[M::mm_idx_gen::0.238*1.52] sorted minimizers
[M::main::0.301*1.41] loaded/built the index for 2 target sequence(s)
[M::mm_idx_stat] kmer size: 15; skip: 10; is_hpc: 0; #seq: 2
[M::mm_idx_stat::0.315*1.39] distinct minimizers: 919985 (94.45% are singletons); average occurrences: 1.075; average spacing: 5.359; total length: 5299819
[M::main] Version: 2.30-r1287
[M::main] CMD: minimap2 -I 16G -x map-ont -d /data/djs217/PROJECTS/xanthomonas-genome-assemblies/xanthomonas_march_2026/hybracter-hybrid/processing/pre_polish/NCPPB_4629_chromosome_plus_plasmids.fasta.map-ont.mmi /data/djs217/PROJECTS/xanthomonas-genome-assemblies/xanthomonas_march_2026/hybracter-hybrid/processing/pre_polish/NCPPB_4629_chromosome_plus_plasmids.fasta
[M::main] Real time: 0.320 sec; CPU: 0.443 sec; Peak RSS: 0.054 GB
[M::main::0.070*1.04] loaded/built the index for 2 target sequence(s)
[M::mm_mapopt_update::0.085*1.03] mid_occ = 16
[M::mm_idx_stat] kmer size: 15; skip: 10; is_hpc: 0; #seq: 2
[M::mm_idx_stat::0.096*1.03] distinct minimizers: 919985 (94.45% are singletons); average occurrences: 1.075; average spacing: 5.359; total length: 5299819
[M::worker_pipeline::2.511*7.35] mapped 1140 sequences
[M::main] Version: 2.30-r1287
[M::main] CMD: minimap2 -x map-ont --secondary=no -L --MD -A 2 -B 4 -O 4,24 -E 2,1 -t 12 -a /data/djs217/PROJECTS/xanthomonas-genome-assemblies/xanthomonas_march_2026/hybracter-hybrid/processing/pre_polish/NCPPB_4629_chromosome_plus_plasmids.fasta.map-ont.mmi /data/djs217/PROJECTS/xanthomonas-genome-assemblies/xanthomonas_march_2026/hybracter-hybrid/processing/qc/NCPPB_4629_filt_trim.fastq.gz
[M::main] Real time: 2.528 sec; CPU: 18.469 sec; Peak RSS: 0.190 GB
[bam_sort_core] merging from 0 files and 12 in-memory blocks...
/data/djs217/miniconda3/envs/hybracter_env/lib/python3.11/site-packages/hybracter/workflow/conda/7aafc1085ca44eee01942c03ca74ecad_/lib/python3.11/site-packages/medaka/common.py:16: UserWarning: pkg_resources is deprecated as an API. See https://setuptools.pypa.io/en/latest/pkg_resources.html. The pkg_resources package is slated for removal as early as 2025-11-30. Refrain from using this package or pin to Setuptools<81.
  from pkg_resources import resource_filename
[18:18:37 - Predict] Processing region(s): contig_1:0-5261332 1:0-38487
[18:18:37 - Predict] Using model: /data/djs217/miniconda3/envs/hybracter_env/lib/python3.11/site-packages/hybracter/workflow/conda/7aafc1085ca44eee01942c03ca74ecad_/lib/python3.11/site-packages/medaka/data/r1041_e82_400bps_sup_v5.0.0_model_pt.tar.gz.
[18:18:37 - Predict] Using minimum mapQ threshold of 1 for read filtering.
[18:18:37 - MdlStrTGZ] Model GRUModel(
  (gru): GRU(10, 128, num_layers=2, batch_first=True, bidirectional=True)
  (linear): Linear(in_features=256, out_features=5, bias=True)
)
[18:18:37 - MdlStrTGZ] loading weights from /tmp/tmp9r9pf5dj/model/weights.pt
[18:18:37 - MdlStrTGZ] Successfully removed temporary files from /tmp/tmp9r9pf5dj.
[18:18:37 - Predict] Model device: cpu
[18:18:37 - Predict] Running prediction at full precision
[18:18:37 - BAMFile] Creating pool of 16 BAM file sets.
[18:18:37 - Predict] Processing 7 long region(s) with batching.
[18:18:37 - Sampler] Initializing sampler for consensus of region contig_1:0-1000000.
[18:18:37 - Sampler] Initializing sampler for consensus of region contig_1:999000-1999000.
[18:18:37 - PWorker] Running inference for 5.3M draft bases.
[18:18:39 - Feature] Processed contig_1:999000.0-1998999.0 (median depth 8.0)
[18:18:39 - Sampler] Took 1.67s to make features.
[18:18:39 - Sampler] Initializing sampler for consensus of region contig_1:1998000-2998000.
[18:18:39 - Feature] Processed contig_1:0.0-999999.0 (median depth 7.0)
[18:18:39 - Sampler] Took 1.68s to make features.
[18:18:39 - Sampler] Initializing sampler for consensus of region contig_1:2997000-3997000.
[18:18:39 - Feature] Processed contig_1:2997000.0-3996999.0 (median depth 8.0)
[18:18:39 - Sampler] Took 0.88s to make features.
[18:18:39 - Sampler] Initializing sampler for consensus of region contig_1:3996000-4996000.
[18:18:40 - Feature] Processed contig_1:1998000.0-2997999.0 (median depth 8.0)
[18:18:40 - Sampler] Took 0.91s to make features.
[18:18:40 - Sampler] Initializing sampler for consensus of region contig_1:4995000-5261332.
[18:18:40 - Feature] Processed contig_1:4995000.0-5261331.0 (median depth 10.0)
[18:18:40 - Sampler] Took 0.25s to make features.
[18:18:40 - Sampler] Initializing sampler for consensus of region 1:0-38487.
[18:18:40 - Feature] Processed 1:0.0-38486.0 (median depth 16.0)
[18:18:40 - Sampler] Took 0.23s to make features.
[18:18:40 - Feature] Processed contig_1:3996000.0-4995999.0 (median depth 9.0)
[18:18:40 - Sampler] Took 0.70s to make features.
[18:18:48 - PWorker] Batches in cache: 6.
[18:18:48 - PWorker] 16.9% Done (0.9/5.3 Mbases) in 11.0s
[18:18:55 - PWorker] Batches in cache: 5.
[18:19:03 - PWorker] Batches in cache: 4.
[18:19:03 - PWorker] 50.6% Done (2.7/5.3 Mbases) in 25.6s
[18:19:09 - PWorker] Batches in cache: 3.
[18:19:15 - PWorker] Batches in cache: 2.
[18:19:15 - PWorker] 84.4% Done (4.5/5.3 Mbases) in 38.4s
[18:19:22 - PWorker] Batches in cache: 1.
[18:19:22 - PWorker] Processed 6 batches
[18:19:22 - PWorker] All done, 0 remainder regions.
[18:19:22 - Predict] Finished processing all regions.
/data/djs217/miniconda3/envs/hybracter_env/lib/python3.11/site-packages/hybracter/workflow/conda/7aafc1085ca44eee01942c03ca74ecad_/lib/python3.11/site-packages/medaka/common.py:16: UserWarning: pkg_resources is deprecated as an API. See https://setuptools.pypa.io/en/latest/pkg_resources.html. The pkg_resources package is slated for removal as early as 2025-11-30. Refrain from using this package or pin to Setuptools<81.
  from pkg_resources import resource_filename
[18:19:24 - DataIndx] Loaded 1/1 (100.00%) sample files.
[18:19:24 - DataIndx] Loaded 1/1 (100.00%) sample files.
[18:19:24 - DataIndx] Loaded 1/1 (100.00%) sample files.
[18:19:24 - DataIndx] Loaded 1/1 (100.00%) sample files.
[18:19:24 - DataIndx] Loaded 1/1 (100.00%) sample files.
[18:19:24 - DataIndx] Loaded 1/1 (100.00%) sample files.
[18:19:24 - DataIndx] Loaded 1/1 (100.00%) sample files.
[18:19:24 - DataIndx] Loaded 1/1 (100.00%) sample files.
