/data/djs217/miniconda3/envs/hybracter_env/lib/python3.11/site-packages/hybracter/workflow/conda/7aafc1085ca44eee01942c03ca74ecad_/lib/python3.11/site-packages/medaka/common.py:16: UserWarning: pkg_resources is deprecated as an API. See https://setuptools.pypa.io/en/latest/pkg_resources.html. The pkg_resources package is slated for removal as early as 2025-11-30. Refrain from using this package or pin to Setuptools<81.
  from pkg_resources import resource_filename
/data/djs217/miniconda3/envs/hybracter_env/lib/python3.11/site-packages/hybracter/workflow/conda/7aafc1085ca44eee01942c03ca74ecad_/lib/python3.11/site-packages/medaka/common.py:16: UserWarning: pkg_resources is deprecated as an API. See https://setuptools.pypa.io/en/latest/pkg_resources.html. The pkg_resources package is slated for removal as early as 2025-11-30. Refrain from using this package or pin to Setuptools<81.
  from pkg_resources import resource_filename
/data/djs217/miniconda3/envs/hybracter_env/lib/python3.11/site-packages/hybracter/workflow/conda/7aafc1085ca44eee01942c03ca74ecad_/lib/python3.11/site-packages/medaka/common.py:16: UserWarning: pkg_resources is deprecated as an API. See https://setuptools.pypa.io/en/latest/pkg_resources.html. The pkg_resources package is slated for removal as early as 2025-11-30. Refrain from using this package or pin to Setuptools<81.
  from pkg_resources import resource_filename
[19:50:35 - MdlStrTGZ] Successfully removed temporary files from /tmp/tmpb4fdh8f_.
/data/djs217/miniconda3/envs/hybracter_env/lib/python3.11/site-packages/hybracter/workflow/conda/7aafc1085ca44eee01942c03ca74ecad_/lib/python3.11/site-packages/medaka/common.py:16: UserWarning: pkg_resources is deprecated as an API. See https://setuptools.pypa.io/en/latest/pkg_resources.html. The pkg_resources package is slated for removal as early as 2025-11-30. Refrain from using this package or pin to Setuptools<81.
  from pkg_resources import resource_filename
[19:50:37 - MdlStrTGZ] Successfully removed temporary files from /tmp/tmpxfbv8z_z.
Creating fai index file /data/djs217/PROJECTS/xanthomonas-genome-assemblies/xanthomonas_march_2026/hybracter-hybrid/processing/pre_polish/NCPPB_4634_chromosome_plus_plasmids.fasta.fai
Creating mmi index file /data/djs217/PROJECTS/xanthomonas-genome-assemblies/xanthomonas_march_2026/hybracter-hybrid/processing/pre_polish/NCPPB_4634_chromosome_plus_plasmids.fasta.map-ont.mmi
[M::mm_idx_gen::0.184*1.02] collected minimizers
[M::mm_idx_gen::0.241*1.48] sorted minimizers
[M::main::0.302*1.38] loaded/built the index for 2 target sequence(s)
[M::mm_idx_stat] kmer size: 15; skip: 10; is_hpc: 0; #seq: 2
[M::mm_idx_stat::0.316*1.37] distinct minimizers: 920974 (94.42% are singletons); average occurrences: 1.076; average spacing: 5.359; total length: 5308638
[M::main] Version: 2.30-r1287
[M::main] CMD: minimap2 -I 16G -x map-ont -d /data/djs217/PROJECTS/xanthomonas-genome-assemblies/xanthomonas_march_2026/hybracter-hybrid/processing/pre_polish/NCPPB_4634_chromosome_plus_plasmids.fasta.map-ont.mmi /data/djs217/PROJECTS/xanthomonas-genome-assemblies/xanthomonas_march_2026/hybracter-hybrid/processing/pre_polish/NCPPB_4634_chromosome_plus_plasmids.fasta
[M::main] Real time: 0.321 sec; CPU: 0.437 sec; Peak RSS: 0.052 GB
[M::main::0.081*1.04] loaded/built the index for 2 target sequence(s)
[M::mm_mapopt_update::0.101*1.03] mid_occ = 18
[M::mm_idx_stat] kmer size: 15; skip: 10; is_hpc: 0; #seq: 2
[M::mm_idx_stat::0.115*1.03] distinct minimizers: 920974 (94.42% are singletons); average occurrences: 1.076; average spacing: 5.359; total length: 5308638
[M::worker_pipeline::2.803*6.91] mapped 1110 sequences
[M::main] Version: 2.30-r1287
[M::main] CMD: minimap2 -x map-ont --secondary=no -L --MD -A 2 -B 4 -O 4,24 -E 2,1 -t 12 -a /data/djs217/PROJECTS/xanthomonas-genome-assemblies/xanthomonas_march_2026/hybracter-hybrid/processing/pre_polish/NCPPB_4634_chromosome_plus_plasmids.fasta.map-ont.mmi /data/djs217/PROJECTS/xanthomonas-genome-assemblies/xanthomonas_march_2026/hybracter-hybrid/processing/qc/NCPPB_4634_filt_trim.fastq.gz
[M::main] Real time: 2.819 sec; CPU: 19.377 sec; Peak RSS: 0.237 GB
[bam_sort_core] merging from 0 files and 12 in-memory blocks...
/data/djs217/miniconda3/envs/hybracter_env/lib/python3.11/site-packages/hybracter/workflow/conda/7aafc1085ca44eee01942c03ca74ecad_/lib/python3.11/site-packages/medaka/common.py:16: UserWarning: pkg_resources is deprecated as an API. See https://setuptools.pypa.io/en/latest/pkg_resources.html. The pkg_resources package is slated for removal as early as 2025-11-30. Refrain from using this package or pin to Setuptools<81.
  from pkg_resources import resource_filename
[19:50:43 - Predict] Processing region(s): contig_1:0-5264007 1:0-44631
[19:50:43 - Predict] Using model: /data/djs217/miniconda3/envs/hybracter_env/lib/python3.11/site-packages/hybracter/workflow/conda/7aafc1085ca44eee01942c03ca74ecad_/lib/python3.11/site-packages/medaka/data/r1041_e82_400bps_sup_v5.0.0_model_pt.tar.gz.
[19:50:43 - Predict] Using minimum mapQ threshold of 1 for read filtering.
[19:50:43 - MdlStrTGZ] Model GRUModel(
  (gru): GRU(10, 128, num_layers=2, batch_first=True, bidirectional=True)
  (linear): Linear(in_features=256, out_features=5, bias=True)
)
[19:50:43 - MdlStrTGZ] loading weights from /tmp/tmps24rn_dj/model/weights.pt
[19:50:43 - MdlStrTGZ] Successfully removed temporary files from /tmp/tmps24rn_dj.
[19:50:43 - Predict] Model device: cpu
[19:50:43 - Predict] Running prediction at full precision
[19:50:43 - BAMFile] Creating pool of 16 BAM file sets.
[19:50:43 - Predict] Processing 7 long region(s) with batching.
[19:50:43 - Sampler] Initializing sampler for consensus of region contig_1:0-1000000.
[19:50:43 - Sampler] Initializing sampler for consensus of region contig_1:999000-1999000.
[19:50:43 - PWorker] Running inference for 5.3M draft bases.
[19:50:45 - Feature] Processed contig_1:0.0-999999.0 (median depth 8.0)
[19:50:45 - Sampler] Took 1.54s to make features.
[19:50:45 - Sampler] Initializing sampler for consensus of region contig_1:1998000-2998000.
[19:50:45 - Feature] Processed contig_1:999000.0-1998999.0 (median depth 7.0)
[19:50:45 - Sampler] Took 1.89s to make features.
[19:50:45 - Sampler] Initializing sampler for consensus of region contig_1:2997000-3997000.
[19:50:46 - Feature] Processed contig_1:1998000.0-2997999.0 (median depth 7.0)
[19:50:46 - Sampler] Took 1.08s to make features.
[19:50:46 - Sampler] Initializing sampler for consensus of region contig_1:3996000-4996000.
[19:50:46 - Feature] Processed contig_1:2997000.0-3996999.0 (median depth 8.0)
[19:50:46 - Sampler] Took 0.91s to make features.
[19:50:46 - Sampler] Initializing sampler for consensus of region contig_1:4995000-5264007.
[19:50:46 - Feature] Processed contig_1:4995000.0-5264006.0 (median depth 8.0)
[19:50:46 - Sampler] Took 0.38s to make features.
[19:50:46 - Sampler] Initializing sampler for consensus of region 1:0-44631.
[19:50:46 - Feature] Processed 1:0.0-44630.0 (median depth 11.0)
[19:50:46 - Sampler] Took 0.19s to make features.
[19:50:47 - Feature] Processed contig_1:3996000.0-4995999.0 (median depth 9.0)
[19:50:47 - Sampler] Took 0.89s to make features.
[19:50:55 - PWorker] Batches in cache: 6.
[19:50:55 - PWorker] 16.9% Done (0.9/5.3 Mbases) in 11.7s
[19:51:02 - PWorker] Batches in cache: 5.
[19:51:10 - PWorker] Batches in cache: 4.
[19:51:10 - PWorker] 50.2% Done (2.7/5.3 Mbases) in 26.6s
[19:51:17 - PWorker] Batches in cache: 3.
[19:51:25 - PWorker] Batches in cache: 2.
[19:51:25 - PWorker] 84.0% Done (4.5/5.3 Mbases) in 41.7s
[19:51:32 - PWorker] Batches in cache: 1.
[19:51:32 - PWorker] Processed 6 batches
[19:51:32 - PWorker] All done, 0 remainder regions.
[19:51:32 - Predict] Finished processing all regions.
/data/djs217/miniconda3/envs/hybracter_env/lib/python3.11/site-packages/hybracter/workflow/conda/7aafc1085ca44eee01942c03ca74ecad_/lib/python3.11/site-packages/medaka/common.py:16: UserWarning: pkg_resources is deprecated as an API. See https://setuptools.pypa.io/en/latest/pkg_resources.html. The pkg_resources package is slated for removal as early as 2025-11-30. Refrain from using this package or pin to Setuptools<81.
  from pkg_resources import resource_filename
[19:51:35 - DataIndx] Loaded 1/1 (100.00%) sample files.
[19:51:35 - DataIndx] Loaded 1/1 (100.00%) sample files.
[19:51:35 - DataIndx] Loaded 1/1 (100.00%) sample files.
[19:51:35 - DataIndx] Loaded 1/1 (100.00%) sample files.
[19:51:35 - DataIndx] Loaded 1/1 (100.00%) sample files.
[19:51:35 - DataIndx] Loaded 1/1 (100.00%) sample files.
[19:51:35 - DataIndx] Loaded 1/1 (100.00%) sample files.
[19:51:35 - DataIndx] Loaded 1/1 (100.00%) sample files.
