[M::bwa_idx_load_from_disk] read 0 ALT contigs
[M::process] read 597920 sequences (80000163 bp)...
[M::process] read 594914 sequences (80000036 bp)...
[M::mem_process_seqs] Processed 597920 reads in 28.224 CPU sec, 3.543 real sec
[M::process] read 592736 sequences (80000098 bp)...
[M::mem_process_seqs] Processed 594914 reads in 28.486 CPU sec, 3.451 real sec
[M::mem_process_seqs] Processed 592736 reads in 26.575 CPU sec, 3.239 real sec
[M::process] read 596232 sequences (80000164 bp)...
[M::process] read 593606 sequences (80000143 bp)...
[M::mem_process_seqs] Processed 596232 reads in 25.870 CPU sec, 3.149 real sec
[M::mem_process_seqs] Processed 593606 reads in 26.665 CPU sec, 3.243 real sec
[M::process] read 592124 sequences (80000125 bp)...
[M::process] read 593354 sequences (80000148 bp)...
[M::mem_process_seqs] Processed 592124 reads in 27.140 CPU sec, 3.341 real sec
[M::process] read 592632 sequences (80000053 bp)...
[M::mem_process_seqs] Processed 593354 reads in 26.725 CPU sec, 3.260 real sec
[M::mem_process_seqs] Processed 592632 reads in 26.246 CPU sec, 3.341 real sec
[M::process] read 591202 sequences (80000051 bp)...
[M::process] read 592008 sequences (80000241 bp)...
[M::mem_process_seqs] Processed 591202 reads in 24.459 CPU sec, 3.059 real sec
[M::process] read 591330 sequences (80000165 bp)...
[M::mem_process_seqs] Processed 592008 reads in 25.504 CPU sec, 3.576 real sec
[M::mem_process_seqs] Processed 591330 reads in 23.117 CPU sec, 3.767 real sec
[M::process] read 589938 sequences (80000254 bp)...
[M::process] read 595318 sequences (80000202 bp)...
[M::mem_process_seqs] Processed 589938 reads in 22.637 CPU sec, 3.941 real sec
[M::mem_process_seqs] Processed 595318 reads in 23.169 CPU sec, 4.464 real sec
[M::process] read 601114 sequences (80000030 bp)...
[M::process] read 599580 sequences (80000073 bp)...
[M::mem_process_seqs] Processed 601114 reads in 23.605 CPU sec, 4.732 real sec
[M::process] read 266833 sequences (35694248 bp)...
[M::mem_process_seqs] Processed 599580 reads in 22.633 CPU sec, 4.043 real sec
[M::mem_process_seqs] Processed 266833 reads in 10.902 CPU sec, 1.384 real sec
[main] Version: 0.7.19-r1273
[main] CMD: bwa mem -t 8 -a hybracter-hybrid-clade_1/processing/complete/medaka_rd_2/NCPPB_1132/consensus.fasta hybracter-hybrid-clade_1/processing/qc/fastp/NCPPB_1132_2.fastq.gz
[main] Real time: 63.709 sec; CPU: 396.890 sec
