
[1;4;93mStarting Polypolish polish[0m [2m(2026-04-10 17:21:23)[0m
[2m    Polypolish is a tool for polishing genome assemblies with short reads.
Unlike other tools in this category, Polypolish uses SAM files where each read
has been aligned to all possible locations (not just a single best location).
This allows it to repair errors in repeat regions that other alignment-based
polishers cannot fix.[0m

Polypolish version: 0.6.1

Input assembly:
  hybracter-hybrid/processing/incomplete/medaka_incomplete/WHRI_6066/consensus.fasta

Input short-read alignments:
  hybracter-hybrid/processing/incomplete/bwa_incomplete/WHRI_6066_1.sam
  hybracter-hybrid/processing/incomplete/bwa_incomplete/WHRI_6066_2.sam

Settings:
  --fraction_invalid 0.2
  --fraction_valid 0.5
  --max_errors 10
  --min_depth 5
  not logging debugging information


[1;4;93mLoading assembly[0m [2m(2026-04-10 17:21:23)[0m
contig_4 (1,337,738 bp)
contig_1 (1,250,672 bp)
contig_3 (368,351 bp)
contig_2 (2,081,597 bp)
contig_5 (17,824 bp)


[1;4;93mLoading alignments[0m [2m(2026-04-10 17:21:23)[0m
hybracter-hybrid/processing/incomplete/bwa_incomplete/WHRI_6066_1.sam: 3,054,917 alignments from 2,609,380 reads
hybracter-hybrid/processing/incomplete/bwa_incomplete/WHRI_6066_2.sam: 3,057,438 alignments from 2,606,829 reads

Filtering for high-quality end-to-end alignments:
  5,853,000 alignments kept
  259,355 alignments discarded


[1;4;93mPolishing assembly sequences[0m [2m(2026-04-10 17:21:45)[0m
[2m    For each position in the assembly, Polypolish determines the read depth
at that position and collects all aligned bases. It then polishes the assembly
by looking for positions where the pileup unambiguously supports a different
sequence than the assembly.[0m

Polishing contig_4 (1,337,738 bp):
  mean read depth: 153.3x
  194 bp have a depth of zero (99.9855% coverage)
  1,332 positions changed (0.0996% of total positions)
  estimated pre-polishing sequence accuracy: 99.9004% (Q30.02)

Polishing contig_1 (1,250,672 bp):
  mean read depth: 142.7x
  6,637 bp have a depth of zero (99.4693% coverage)
  3,071 positions changed (0.2455% of total positions)
  estimated pre-polishing sequence accuracy: 99.7545% (Q26.10)

Polishing contig_3 (368,351 bp):
  mean read depth: 143.5x
  2,455 bp have a depth of zero (99.3335% coverage)
  896 positions changed (0.2432% of total positions)
  estimated pre-polishing sequence accuracy: 99.7568% (Q26.14)

Polishing contig_2 (2,081,597 bp):
  mean read depth: 154.0x
  132 bp have a depth of zero (99.9937% coverage)
  1,803 positions changed (0.0866% of total positions)
  estimated pre-polishing sequence accuracy: 99.9134% (Q30.62)

Polishing contig_5 (17,824 bp):
  mean read depth: 94.8x
  175 bp have a depth of zero (99.0182% coverage)
  225 positions changed (1.2623% of total positions)
  estimated pre-polishing sequence accuracy: 98.7377% (Q18.99)


[1;4;93mFinished![0m [2m(2026-04-10 17:21:45)[0m
Polished sequence (to stdout):
  contig_4_polypolish (1,337,998 bp)
  contig_1_polypolish (1,251,100 bp)
  contig_3_polypolish (368,493 bp)
  contig_2_polypolish (2,082,136 bp)
  contig_5_polypolish (17,847 bp)

Time to run: 0:00:22.820557

