/data/djs217/miniconda3/envs/hybracter_env/lib/python3.11/site-packages/hybracter/workflow/conda/7aafc1085ca44eee01942c03ca74ecad_/lib/python3.11/site-packages/medaka/common.py:16: UserWarning: pkg_resources is deprecated as an API. See https://setuptools.pypa.io/en/latest/pkg_resources.html. The pkg_resources package is slated for removal as early as 2025-11-30. Refrain from using this package or pin to Setuptools<81.
  from pkg_resources import resource_filename
/data/djs217/miniconda3/envs/hybracter_env/lib/python3.11/site-packages/hybracter/workflow/conda/7aafc1085ca44eee01942c03ca74ecad_/lib/python3.11/site-packages/medaka/common.py:16: UserWarning: pkg_resources is deprecated as an API. See https://setuptools.pypa.io/en/latest/pkg_resources.html. The pkg_resources package is slated for removal as early as 2025-11-30. Refrain from using this package or pin to Setuptools<81.
  from pkg_resources import resource_filename
/data/djs217/miniconda3/envs/hybracter_env/lib/python3.11/site-packages/hybracter/workflow/conda/7aafc1085ca44eee01942c03ca74ecad_/lib/python3.11/site-packages/medaka/common.py:16: UserWarning: pkg_resources is deprecated as an API. See https://setuptools.pypa.io/en/latest/pkg_resources.html. The pkg_resources package is slated for removal as early as 2025-11-30. Refrain from using this package or pin to Setuptools<81.
  from pkg_resources import resource_filename
[02:07:03 - MdlStrTGZ] Successfully removed temporary files from /tmp/tmpwn3co0e_.
/data/djs217/miniconda3/envs/hybracter_env/lib/python3.11/site-packages/hybracter/workflow/conda/7aafc1085ca44eee01942c03ca74ecad_/lib/python3.11/site-packages/medaka/common.py:16: UserWarning: pkg_resources is deprecated as an API. See https://setuptools.pypa.io/en/latest/pkg_resources.html. The pkg_resources package is slated for removal as early as 2025-11-30. Refrain from using this package or pin to Setuptools<81.
  from pkg_resources import resource_filename
[02:07:06 - MdlStrTGZ] Successfully removed temporary files from /tmp/tmpxtg5uf0d.
Creating fai index file /data/djs217/PROJECTS/xanthomonas-genome-assemblies/PRJNA1129907-ricini/hybracter-hybrid/processing/complete/dnaapler/NCPPB_2369/NCPPB_2369_reoriented_chrom_and_plasmids.fasta.fai
Creating mmi index file /data/djs217/PROJECTS/xanthomonas-genome-assemblies/PRJNA1129907-ricini/hybracter-hybrid/processing/complete/dnaapler/NCPPB_2369/NCPPB_2369_reoriented_chrom_and_plasmids.fasta.map-ont.mmi
[M::mm_idx_gen::0.126*1.01] collected minimizers
[M::mm_idx_gen::0.190*1.09] sorted minimizers
[M::main::0.226*1.08] loaded/built the index for 5 target sequence(s)
[M::mm_idx_stat] kmer size: 15; skip: 10; is_hpc: 0; #seq: 5
[M::mm_idx_stat::0.239*1.07] distinct minimizers: 896544 (94.71% are singletons); average occurrences: 1.065; average spacing: 5.354; total length: 5110236
[M::main] Version: 2.30-r1287
[M::main] CMD: minimap2 -I 16G -x map-ont -d /data/djs217/PROJECTS/xanthomonas-genome-assemblies/PRJNA1129907-ricini/hybracter-hybrid/processing/complete/dnaapler/NCPPB_2369/NCPPB_2369_reoriented_chrom_and_plasmids.fasta.map-ont.mmi /data/djs217/PROJECTS/xanthomonas-genome-assemblies/PRJNA1129907-ricini/hybracter-hybrid/processing/complete/dnaapler/NCPPB_2369/NCPPB_2369_reoriented_chrom_and_plasmids.fasta
[M::main] Real time: 0.248 sec; CPU: 0.266 sec; Peak RSS: 0.051 GB
[M::main::0.053*0.95] loaded/built the index for 5 target sequence(s)
[M::mm_mapopt_update::0.068*0.96] mid_occ = 10
[M::mm_idx_stat] kmer size: 15; skip: 10; is_hpc: 0; #seq: 5
[M::mm_idx_stat::0.080*0.97] distinct minimizers: 896544 (94.71% are singletons); average occurrences: 1.065; average spacing: 5.354; total length: 5110236
[M::worker_pipeline::43.458*3.10] mapped 29807 sequences
[M::main] Version: 2.30-r1287
[M::main] CMD: minimap2 -x map-ont --secondary=no -L --MD -A 2 -B 4 -O 4,24 -E 2,1 -t 12 -a /data/djs217/PROJECTS/xanthomonas-genome-assemblies/PRJNA1129907-ricini/hybracter-hybrid/processing/complete/dnaapler/NCPPB_2369/NCPPB_2369_reoriented_chrom_and_plasmids.fasta.map-ont.mmi /data/djs217/PROJECTS/xanthomonas-genome-assemblies/PRJNA1129907-ricini/hybracter-hybrid/processing/qc/NCPPB_2369_filt_trim.fastq.gz
[M::main] Real time: 43.478 sec; CPU: 134.897 sec; Peak RSS: 2.310 GB
[bam_sort_core] merging from 0 files and 12 in-memory blocks...
/data/djs217/miniconda3/envs/hybracter_env/lib/python3.11/site-packages/hybracter/workflow/conda/7aafc1085ca44eee01942c03ca74ecad_/lib/python3.11/site-packages/medaka/common.py:16: UserWarning: pkg_resources is deprecated as an API. See https://setuptools.pypa.io/en/latest/pkg_resources.html. The pkg_resources package is slated for removal as early as 2025-11-30. Refrain from using this package or pin to Setuptools<81.
  from pkg_resources import resource_filename
[02:08:00 - Predict] Processing region(s): contig_3:0-4956098 1:0-72711 2:0-42279 3:0-38001 4:0-1147
[02:08:00 - Predict] Using model: /data/djs217/miniconda3/envs/hybracter_env/lib/python3.11/site-packages/hybracter/workflow/conda/7aafc1085ca44eee01942c03ca74ecad_/lib/python3.11/site-packages/medaka/data/r1041_e82_400bps_sup_v5.0.0_model_pt.tar.gz.
[02:08:00 - Predict] Using minimum mapQ threshold of 1 for read filtering.
[02:08:01 - MdlStrTGZ] Model GRUModel(
  (gru): GRU(10, 128, num_layers=2, batch_first=True, bidirectional=True)
  (linear): Linear(in_features=256, out_features=5, bias=True)
)
[02:08:01 - MdlStrTGZ] loading weights from /tmp/tmp3yiv1t_g/model/weights.pt
[02:08:01 - MdlStrTGZ] Successfully removed temporary files from /tmp/tmp3yiv1t_g.
[02:08:01 - Predict] Model device: cpu
[02:08:01 - Predict] Running prediction at full precision
[02:08:01 - BAMFile] Creating pool of 16 BAM file sets.
[02:08:01 - Predict] Processing 8 long region(s) with batching.
[02:08:01 - Sampler] Initializing sampler for consensus of region contig_3:0-1000000.
[02:08:01 - Sampler] Initializing sampler for consensus of region contig_3:999000-1999000.
[02:08:01 - PWorker] Running inference for 5.1M draft bases.
[02:08:03 - Feature] Processed contig_3:0.0-999999.0 (median depth 103.0)
[02:08:03 - Sampler] Took 2.02s to make features.
[02:08:03 - Feature] Processed contig_3:999000.0-1998999.0 (median depth 75.0)
[02:08:03 - Sampler] Took 2.03s to make features.
[02:08:03 - Sampler] Initializing sampler for consensus of region contig_3:1998000-2998000.
[02:08:03 - Sampler] Initializing sampler for consensus of region contig_3:2997000-3997000.
[02:08:05 - Feature] Processed contig_3:1998000.0-2997999.0 (median depth 68.0)
[02:08:05 - Sampler] Took 2.13s to make features.
[02:08:05 - Sampler] Initializing sampler for consensus of region contig_3:3996000-4956098.
[02:08:05 - Feature] Processed contig_3:2997000.0-3996999.0 (median depth 79.0)
[02:08:05 - Sampler] Took 2.35s to make features.
[02:08:05 - Sampler] Initializing sampler for consensus of region 1:0-72711.
[02:08:06 - Feature] Processed 1:0.0-72710.0 (median depth 118.0)
[02:08:06 - Sampler] Took 0.98s to make features.
[02:08:06 - Sampler] Initializing sampler for consensus of region 2:0-42279.
[02:08:06 - Feature] Processed 2:0.0-42278.0 (median depth 64.0)
[02:08:06 - Sampler] Took 0.32s to make features.
[02:08:06 - Sampler] Initializing sampler for consensus of region 3:0-38001.
[02:08:07 - Feature] Processed 3:0.0-38000.0 (median depth 63.0)
[02:08:07 - Sampler] Took 0.29s to make features.
[02:08:08 - Feature] Processed contig_3:3996000.0-4956097.0 (median depth 96.0)
[02:08:08 - Sampler] Took 2.55s to make features.
[02:28:47 - PWorker] Batches in cache: 7.
[02:28:47 - PWorker] 13.6% Done (0.7/5.1 Mbases) in 1246.5s
[02:50:11 - PWorker] Batches in cache: 6.
[02:50:11 - PWorker] 28.2% Done (1.4/5.1 Mbases) in 2530.6s
[03:11:53 - PWorker] Batches in cache: 5.
[03:11:53 - PWorker] 43.4% Done (2.2/5.1 Mbases) in 3832.3s
[03:20:10 - PWorker] Batches in cache: 4.
[03:20:10 - PWorker] 58.7% Done (3.0/5.1 Mbases) in 4328.7s
[03:24:27 - PWorker] Batches in cache: 3.
[03:24:27 - PWorker] 73.2% Done (3.7/5.1 Mbases) in 4586.7s
[03:29:09 - PWorker] Batches in cache: 2.
[03:29:09 - PWorker] 87.0% Done (4.4/5.1 Mbases) in 4868.7s
[03:33:36 - PWorker] Batches in cache: 1.
[03:33:36 - PWorker] 100.0% Done (5.1/5.1 Mbases) in 5135.0s
[03:33:36 - PWorker] Processed 7 batches
[03:33:36 - PWorker] All done, 0 remainder regions.
[03:33:36 - Predict] Processing 1 short region(s).
[03:33:36 - Sampler] Initializing sampler for consensus of region 4:0-1147.
[03:33:36 - PWorker] Running inference for 0.0M draft bases.
[03:33:36 - Sampler] Took 0.01s to make features.
[03:33:36 - PWorker] Processed 0 batches
[03:33:36 - PWorker] All done, 0 remainder regions.
[03:33:36 - Predict] Finished processing all regions.
/data/djs217/miniconda3/envs/hybracter_env/lib/python3.11/site-packages/hybracter/workflow/conda/7aafc1085ca44eee01942c03ca74ecad_/lib/python3.11/site-packages/medaka/common.py:16: UserWarning: pkg_resources is deprecated as an API. See https://setuptools.pypa.io/en/latest/pkg_resources.html. The pkg_resources package is slated for removal as early as 2025-11-30. Refrain from using this package or pin to Setuptools<81.
  from pkg_resources import resource_filename
[03:33:38 - DataIndx] Loaded 1/1 (100.00%) sample files.
[03:33:38 - DataIndx] Loaded 1/1 (100.00%) sample files.
[03:33:38 - DataIndx] Loaded 1/1 (100.00%) sample files.
[03:33:38 - DataIndx] Loaded 1/1 (100.00%) sample files.
[03:33:38 - DataIndx] Loaded 1/1 (100.00%) sample files.
[03:33:38 - DataIndx] Loaded 1/1 (100.00%) sample files.
[03:33:38 - DataIndx] Loaded 1/1 (100.00%) sample files.
[03:33:38 - DataIndx] Loaded 1/1 (100.00%) sample files.
[03:33:38 - DataIndx] Loaded 1/1 (100.00%) sample files.
[03:33:39 - Stitcher] Copying contig '4' verbatim from input.
