[2026-03-27 00:02:48] INFO: Starting Flye 2.9.6-b1802
[2026-03-27 00:02:48] INFO: >>>STAGE: configure
[2026-03-27 00:02:48] INFO: Configuring run
[2026-03-27 00:02:49] INFO: Total read length: 44624433
[2026-03-27 00:02:49] INFO: Reads N50/N90: 31968 / 27084
[2026-03-27 00:02:49] INFO: Minimum overlap set to 10000
[2026-03-27 00:02:49] INFO: >>>STAGE: assembly
[2026-03-27 00:02:49] INFO: Assembling disjointigs
[2026-03-27 00:02:49] INFO: Reading sequences
[2026-03-27 00:02:50] INFO: Building minimizer index
[2026-03-27 00:02:50] INFO: Pre-calculating index storage
0% 10% 20% 30% 40% 50% 60% 70% 80% 90% 100% 
[2026-03-27 00:02:50] INFO: Filling index
0% 10% 20% 30% 40% 50% 60% 70% 80% 90% 100% 
[2026-03-27 00:02:54] INFO: Extending reads
[2026-03-27 00:03:25] INFO: Overlap-based coverage: 9
[2026-03-27 00:03:25] INFO: Median overlap divergence: 0.00362716
0% 60% 90% 100% 
[2026-03-27 00:03:27] INFO: Assembled 4 disjointigs
[2026-03-27 00:03:27] INFO: Generating sequence
0% 10% 20% 30% 40% 50% 60% 70% 80% 90% 100% 
[2026-03-27 00:03:28] INFO: Filtering contained disjointigs
0% 20% 50% 70% 100% 
[2026-03-27 00:03:29] INFO: Contained seqs: 0
[2026-03-27 00:03:29] INFO: >>>STAGE: consensus
[2026-03-27 00:03:29] INFO: Running Minimap2
[2026-03-27 00:03:33] INFO: Computing consensus
[2026-03-27 00:03:42] INFO: Alignment error rate: 0.004589
[2026-03-27 00:03:42] INFO: >>>STAGE: repeat
[2026-03-27 00:03:42] INFO: Building and resolving repeat graph
[2026-03-27 00:03:42] INFO: Parsing disjointigs
[2026-03-27 00:03:42] INFO: Building repeat graph
0% 20% 50% 70% 100% 
[2026-03-27 00:03:43] INFO: Median overlap divergence: 0.00186789
[2026-03-27 00:03:43] INFO: Parsing reads
[2026-03-27 00:03:44] INFO: Aligning reads to the graph
0% 10% 20% 30% 40% 50% 60% 70% 80% 90% 100% 
[2026-03-27 00:03:46] INFO: Aligned read sequence: 44392094 / 44624433 (0.994794)
[2026-03-27 00:03:46] INFO: Median overlap divergence: 0.00169683
[2026-03-27 00:03:46] INFO: Mean edge coverage: 8
[2026-03-27 00:03:46] INFO: Simplifying the graph
[2026-03-27 00:03:46] INFO: >>>STAGE: contigger
[2026-03-27 00:03:46] INFO: Generating contigs
[2026-03-27 00:03:46] INFO: Reading sequences
[2026-03-27 00:03:47] INFO: Generated 2 contigs
[2026-03-27 00:03:47] INFO: Added 0 scaffold connections
[2026-03-27 00:03:47] INFO: >>>STAGE: polishing
[2026-03-27 00:03:47] INFO: Polishing genome (1/1)
[2026-03-27 00:03:47] INFO: Running minimap2
[2026-03-27 00:03:51] INFO: Separating alignment into bubbles
[2026-03-27 00:04:05] INFO: Alignment error rate: 0.002508
[2026-03-27 00:04:05] INFO: Correcting bubbles
0% 10% 20% 30% 40% 50% 60% 70% 80% 90% 100% 
[2026-03-27 00:04:18] INFO: >>>STAGE: finalize
[2026-03-27 00:04:18] INFO: Assembly statistics:

	Total length:	5008316
	Fragments:	2
	Fragments N50:	4948288
	Largest frg:	4948288
	Scaffolds:	0
	Mean coverage:	7

[2026-03-27 00:04:18] INFO: Final assembly: /data/djs217/PROJECTS/xanthomonas-genome-assemblies/xanthomonas_march_2026/hybracter-hybrid/processing/assemblies/NCPPB_1932/assembly.fasta
