[2026-03-27 11:06:45] INFO: Starting Flye 2.9.6-b1802
[2026-03-27 11:06:45] INFO: >>>STAGE: configure
[2026-03-27 11:06:45] INFO: Configuring run
[2026-03-27 11:06:47] INFO: Total read length: 44699073
[2026-03-27 11:06:47] INFO: Reads N50/N90: 33781 / 28072
[2026-03-27 11:06:47] INFO: Minimum overlap set to 10000
[2026-03-27 11:06:47] INFO: >>>STAGE: assembly
[2026-03-27 11:06:47] INFO: Assembling disjointigs
[2026-03-27 11:06:47] INFO: Reading sequences
[2026-03-27 11:06:48] INFO: Building minimizer index
[2026-03-27 11:06:48] INFO: Pre-calculating index storage
0% 10% 20% 30% 40% 50% 60% 70% 80% 90% 100% 
[2026-03-27 11:06:48] INFO: Filling index
0% 10% 20% 30% 40% 50% 60% 70% 80% 90% 100% 
[2026-03-27 11:06:53] INFO: Extending reads
[2026-03-27 11:07:28] INFO: Overlap-based coverage: 8
[2026-03-27 11:07:28] INFO: Median overlap divergence: 0.00476064
0% 90% 100% 
[2026-03-27 11:07:32] INFO: Assembled 3 disjointigs
[2026-03-27 11:07:32] INFO: Generating sequence
0% 10% 20% 30% 40% 50% 60% 70% 80% 90% 100% 
[2026-03-27 11:07:33] INFO: Filtering contained disjointigs
0% 30% 60% 100% 
[2026-03-27 11:07:35] INFO: Contained seqs: 0
[2026-03-27 11:07:35] INFO: >>>STAGE: consensus
[2026-03-27 11:07:35] INFO: Running Minimap2
[2026-03-27 11:07:39] INFO: Computing consensus
[2026-03-27 11:07:46] INFO: Alignment error rate: 0.006439
[2026-03-27 11:07:46] INFO: >>>STAGE: repeat
[2026-03-27 11:07:46] INFO: Building and resolving repeat graph
[2026-03-27 11:07:46] INFO: Parsing disjointigs
[2026-03-27 11:07:46] INFO: Building repeat graph
0% 30% 60% 100% 
[2026-03-27 11:07:49] INFO: Median overlap divergence: 0.0024191
[2026-03-27 11:07:49] INFO: Parsing reads
[2026-03-27 11:07:50] INFO: Aligning reads to the graph
0% 10% 20% 30% 40% 50% 60% 70% 80% 90% 100% 
[2026-03-27 11:07:52] INFO: Aligned read sequence: 44411519 / 44699073 (0.993567)
[2026-03-27 11:07:52] INFO: Median overlap divergence: 0.00228822
[2026-03-27 11:07:52] INFO: Mean edge coverage: 8
[2026-03-27 11:07:52] INFO: Simplifying the graph
[2026-03-27 11:07:52] INFO: >>>STAGE: contigger
[2026-03-27 11:07:52] INFO: Generating contigs
[2026-03-27 11:07:52] INFO: Reading sequences
[2026-03-27 11:07:53] INFO: Generated 4 contigs
[2026-03-27 11:07:53] INFO: Added 0 scaffold connections
[2026-03-27 11:07:53] INFO: >>>STAGE: polishing
[2026-03-27 11:07:53] INFO: Polishing genome (1/1)
[2026-03-27 11:07:53] INFO: Running minimap2
[2026-03-27 11:07:57] INFO: Separating alignment into bubbles
[2026-03-27 11:08:08] INFO: Alignment error rate: 0.003799
[2026-03-27 11:08:08] INFO: Correcting bubbles
0% 10% 20% 30% 40% 50% 60% 70% 80% 90% 100% 
[2026-03-27 11:08:18] INFO: >>>STAGE: finalize
[2026-03-27 11:08:18] INFO: Assembly statistics:

	Total length:	5170223
	Fragments:	4
	Fragments N50:	2637058
	Largest frg:	2637058
	Scaffolds:	0
	Mean coverage:	7

[2026-03-27 11:08:18] INFO: Final assembly: /data/djs217/PROJECTS/xanthomonas-genome-assemblies/xanthomonas_march_2026/hybracter-hybrid/processing/assemblies/NCPPB_1337_nakataecorchorii/assembly.fasta
