[2026-03-27 14:58:30] INFO: Starting Flye 2.9.6-b1802
[2026-03-27 14:58:30] INFO: >>>STAGE: configure
[2026-03-27 14:58:30] INFO: Configuring run
[2026-03-27 14:58:31] INFO: Total read length: 44624433
[2026-03-27 14:58:31] INFO: Reads N50/N90: 31968 / 27084
[2026-03-27 14:58:31] INFO: Minimum overlap set to 10000
[2026-03-27 14:58:31] INFO: >>>STAGE: assembly
[2026-03-27 14:58:31] INFO: Assembling disjointigs
[2026-03-27 14:58:31] INFO: Reading sequences
[2026-03-27 14:58:32] INFO: Building minimizer index
[2026-03-27 14:58:32] INFO: Pre-calculating index storage
0% 10% 20% 30% 40% 50% 60% 70% 80% 90% 100% 
[2026-03-27 14:58:33] INFO: Filling index
0% 10% 20% 30% 40% 50% 60% 70% 80% 90% 100% 
[2026-03-27 14:58:37] INFO: Extending reads
[2026-03-27 14:59:10] INFO: Overlap-based coverage: 9
[2026-03-27 14:59:10] INFO: Median overlap divergence: 0.00362716
0% 60% 90% 100% 
[2026-03-27 14:59:12] INFO: Assembled 4 disjointigs
[2026-03-27 14:59:12] INFO: Generating sequence
0% 10% 20% 30% 40% 50% 60% 70% 80% 90% 100% 
[2026-03-27 14:59:13] INFO: Filtering contained disjointigs
0% 20% 50% 70% 100% 
[2026-03-27 14:59:14] INFO: Contained seqs: 0
[2026-03-27 14:59:14] INFO: >>>STAGE: consensus
[2026-03-27 14:59:14] INFO: Running Minimap2
[2026-03-27 14:59:17] INFO: Computing consensus
[2026-03-27 14:59:27] INFO: Alignment error rate: 0.004578
[2026-03-27 14:59:27] INFO: >>>STAGE: repeat
[2026-03-27 14:59:27] INFO: Building and resolving repeat graph
[2026-03-27 14:59:27] INFO: Parsing disjointigs
[2026-03-27 14:59:27] INFO: Building repeat graph
0% 20% 50% 70% 100% 
[2026-03-27 14:59:29] INFO: Median overlap divergence: 0.00257707
[2026-03-27 14:59:29] INFO: Parsing reads
[2026-03-27 14:59:29] INFO: Aligning reads to the graph
0% 10% 20% 30% 40% 50% 60% 70% 80% 90% 100% 
[2026-03-27 14:59:32] INFO: Aligned read sequence: 44392167 / 44624433 (0.994795)
[2026-03-27 14:59:32] INFO: Median overlap divergence: 0.00169683
[2026-03-27 14:59:32] INFO: Mean edge coverage: 8
[2026-03-27 14:59:32] INFO: Simplifying the graph
[2026-03-27 14:59:32] INFO: >>>STAGE: contigger
[2026-03-27 14:59:32] INFO: Generating contigs
[2026-03-27 14:59:32] INFO: Reading sequences
[2026-03-27 14:59:33] INFO: Generated 2 contigs
[2026-03-27 14:59:33] INFO: Added 0 scaffold connections
[2026-03-27 14:59:33] INFO: >>>STAGE: polishing
[2026-03-27 14:59:33] INFO: Polishing genome (1/1)
[2026-03-27 14:59:33] INFO: Running minimap2
[2026-03-27 14:59:37] INFO: Separating alignment into bubbles
[2026-03-27 14:59:50] INFO: Alignment error rate: 0.002507
[2026-03-27 14:59:50] INFO: Correcting bubbles
0% 10% 20% 30% 40% 50% 60% 70% 80% 90% 100% 
[2026-03-27 15:00:18] INFO: >>>STAGE: finalize
[2026-03-27 15:00:18] INFO: Assembly statistics:

	Total length:	5008316
	Fragments:	2
	Fragments N50:	4948288
	Largest frg:	4948288
	Scaffolds:	0
	Mean coverage:	7

[2026-03-27 15:00:18] INFO: Final assembly: /data/djs217/PROJECTS/xanthomonas-genome-assemblies/xanthomonas_march_2026/hybracter-hybrid/processing/assemblies/NCPPB_1932_guizotiae/assembly.fasta
