[2026-03-26 22:16:48] INFO: Starting Flye 2.9.6-b1802
[2026-03-26 22:16:48] INFO: >>>STAGE: configure
[2026-03-26 22:16:48] INFO: Configuring run
[2026-03-26 22:16:48] INFO: Total read length: 44789263
[2026-03-26 22:16:48] INFO: Reads N50/N90: 33078 / 27480
[2026-03-26 22:16:48] INFO: Minimum overlap set to 10000
[2026-03-26 22:16:48] INFO: >>>STAGE: assembly
[2026-03-26 22:16:48] INFO: Assembling disjointigs
[2026-03-26 22:16:48] INFO: Reading sequences
[2026-03-26 22:16:49] INFO: Building minimizer index
[2026-03-26 22:16:49] INFO: Pre-calculating index storage
0% 10% 20% 30% 40% 50% 60% 70% 80% 90% 100% 
[2026-03-26 22:16:50] INFO: Filling index
0% 10% 20% 30% 40% 50% 60% 70% 80% 90% 100% 
[2026-03-26 22:16:54] INFO: Extending reads
[2026-03-26 22:17:27] INFO: Overlap-based coverage: 8
[2026-03-26 22:17:27] INFO: Median overlap divergence: 0.00488212
0% 90% 100% 
[2026-03-26 22:17:29] INFO: Assembled 3 disjointigs
[2026-03-26 22:17:29] INFO: Generating sequence
0% 10% 20% 30% 40% 50% 60% 70% 80% 90% 100% 
[2026-03-26 22:17:30] INFO: Filtering contained disjointigs
0% 30% 60% 100% 
[2026-03-26 22:17:32] INFO: Contained seqs: 0
[2026-03-26 22:17:32] INFO: >>>STAGE: consensus
[2026-03-26 22:17:32] INFO: Running Minimap2
[2026-03-26 22:17:36] INFO: Computing consensus
[2026-03-26 22:17:43] INFO: Alignment error rate: 0.005830
[2026-03-26 22:17:43] INFO: >>>STAGE: repeat
[2026-03-26 22:17:43] INFO: Building and resolving repeat graph
[2026-03-26 22:17:43] INFO: Parsing disjointigs
[2026-03-26 22:17:43] INFO: Building repeat graph
0% 30% 60% 100% 
[2026-03-26 22:17:45] INFO: Median overlap divergence: 0.00189018
[2026-03-26 22:17:45] INFO: Parsing reads
[2026-03-26 22:17:46] INFO: Aligning reads to the graph
0% 10% 20% 30% 40% 50% 60% 70% 80% 90% 100% 
[2026-03-26 22:17:49] INFO: Aligned read sequence: 44552578 / 44789263 (0.994716)
[2026-03-26 22:17:49] INFO: Median overlap divergence: 0.00237298
[2026-03-26 22:17:49] INFO: Mean edge coverage: 8
[2026-03-26 22:17:49] INFO: Simplifying the graph
[2026-03-26 22:17:49] INFO: >>>STAGE: contigger
[2026-03-26 22:17:49] INFO: Generating contigs
[2026-03-26 22:17:49] INFO: Reading sequences
[2026-03-26 22:17:49] INFO: Generated 3 contigs
[2026-03-26 22:17:49] INFO: Added 0 scaffold connections
[2026-03-26 22:17:49] INFO: >>>STAGE: polishing
[2026-03-26 22:17:49] INFO: Polishing genome (1/1)
[2026-03-26 22:17:49] INFO: Running minimap2
[2026-03-26 22:17:53] INFO: Separating alignment into bubbles
[2026-03-26 22:18:01] INFO: Alignment error rate: 0.003042
[2026-03-26 22:18:01] INFO: Correcting bubbles
0% 10% 20% 30% 40% 50% 60% 70% 80% 90% 100% 
[2026-03-26 22:18:16] INFO: >>>STAGE: finalize
[2026-03-26 22:18:16] INFO: Assembly statistics:

	Total length:	5178209
	Fragments:	3
	Fragments N50:	5100902
	Largest frg:	5100902
	Scaffolds:	0
	Mean coverage:	7

[2026-03-26 22:18:16] INFO: Final assembly: /data/djs217/PROJECTS/xanthomonas-genome-assemblies/xanthomonas_march_2026/hybracter-hybrid/processing/assemblies/NCPPB_1594/assembly.fasta
