[2026-03-25 18:23:31] INFO: Starting Flye 2.9.6-b1802
[2026-03-25 18:23:31] INFO: >>>STAGE: configure
[2026-03-25 18:23:31] INFO: Configuring run
[2026-03-25 18:23:33] INFO: Total read length: 44651954
[2026-03-25 18:23:33] INFO: Reads N50/N90: 36563 / 31354
[2026-03-25 18:23:33] INFO: Minimum overlap set to 10000
[2026-03-25 18:23:33] INFO: >>>STAGE: assembly
[2026-03-25 18:23:33] INFO: Assembling disjointigs
[2026-03-25 18:23:33] INFO: Reading sequences
[2026-03-25 18:23:33] INFO: Building minimizer index
[2026-03-25 18:23:33] INFO: Pre-calculating index storage
0% 10% 20% 30% 40% 50% 60% 70% 80% 90% 100% 
[2026-03-25 18:23:34] INFO: Filling index
0% 10% 20% 30% 40% 50% 60% 70% 80% 90% 100% 
[2026-03-25 18:23:39] INFO: Extending reads
[2026-03-25 18:24:14] INFO: Overlap-based coverage: 8
[2026-03-25 18:24:14] INFO: Median overlap divergence: 0.0032621
0% 90% 100% 
[2026-03-25 18:24:17] INFO: Assembled 2 disjointigs
[2026-03-25 18:24:17] INFO: Generating sequence
0% 10% 20% 30% 40% 50% 60% 70% 80% 90% 100% 
[2026-03-25 18:24:19] INFO: Filtering contained disjointigs
0% 50% 100% 
[2026-03-25 18:24:21] INFO: Contained seqs: 0
[2026-03-25 18:24:21] INFO: >>>STAGE: consensus
[2026-03-25 18:24:21] INFO: Running Minimap2
[2026-03-25 18:24:25] INFO: Computing consensus
[2026-03-25 18:24:33] INFO: Alignment error rate: 0.006607
[2026-03-25 18:24:33] INFO: >>>STAGE: repeat
[2026-03-25 18:24:33] INFO: Building and resolving repeat graph
[2026-03-25 18:24:33] INFO: Parsing disjointigs
[2026-03-25 18:24:33] INFO: Building repeat graph
0% 50% 100% 
[2026-03-25 18:24:36] INFO: Median overlap divergence: 0.00588622
[2026-03-25 18:24:36] INFO: Parsing reads
[2026-03-25 18:24:36] INFO: Aligning reads to the graph
0% 10% 20% 30% 40% 50% 60% 70% 80% 90% 100% 
[2026-03-25 18:24:39] INFO: Aligned read sequence: 44274255 / 44651954 (0.991541)
[2026-03-25 18:24:39] INFO: Median overlap divergence: 0.00155675
[2026-03-25 18:24:39] INFO: Mean edge coverage: 8
[2026-03-25 18:24:39] INFO: Simplifying the graph
[2026-03-25 18:24:39] INFO: >>>STAGE: contigger
[2026-03-25 18:24:39] INFO: Generating contigs
[2026-03-25 18:24:39] INFO: Reading sequences
[2026-03-25 18:24:40] INFO: Generated 2 contigs
[2026-03-25 18:24:40] INFO: Added 0 scaffold connections
[2026-03-25 18:24:40] INFO: >>>STAGE: polishing
[2026-03-25 18:24:40] INFO: Polishing genome (1/1)
[2026-03-25 18:24:40] INFO: Running minimap2
[2026-03-25 18:24:45] INFO: Separating alignment into bubbles
[2026-03-25 18:24:52] INFO: Alignment error rate: 0.003323
[2026-03-25 18:24:52] INFO: Correcting bubbles
0% 10% 20% 30% 40% 50% 60% 70% 80% 90% 100% 
[2026-03-25 18:25:10] INFO: >>>STAGE: finalize
[2026-03-25 18:25:10] INFO: Assembly statistics:

	Total length:	5346877
	Fragments:	2
	Fragments N50:	5269120
	Largest frg:	5269120
	Scaffolds:	0
	Mean coverage:	8

[2026-03-25 18:25:10] INFO: Final assembly: /data/djs217/PROJECTS/xanthomonas-genome-assemblies/xanthomonas_march_2026/hybracter-hybrid/processing/assemblies/NCPPB_2064/assembly.fasta
