[2026-03-25 12:03:51] INFO: Starting Flye 2.9.6-b1802
[2026-03-25 12:03:51] INFO: >>>STAGE: configure
[2026-03-25 12:03:51] INFO: Configuring run
[2026-03-25 12:03:52] INFO: Total read length: 44717274
[2026-03-25 12:03:52] INFO: Reads N50/N90: 28088 / 22467
[2026-03-25 12:03:52] INFO: Minimum overlap set to 10000
[2026-03-25 12:03:52] INFO: >>>STAGE: assembly
[2026-03-25 12:03:52] INFO: Assembling disjointigs
[2026-03-25 12:03:52] INFO: Reading sequences
[2026-03-25 12:03:52] INFO: Building minimizer index
[2026-03-25 12:03:52] INFO: Pre-calculating index storage
0% 10% 20% 30% 40% 50% 60% 70% 80% 90% 100% 
[2026-03-25 12:03:53] INFO: Filling index
0% 10% 20% 30% 40% 50% 60% 70% 80% 90% 100% 
[2026-03-25 12:03:56] INFO: Extending reads
[2026-03-25 12:04:19] INFO: Overlap-based coverage: 8
[2026-03-25 12:04:19] INFO: Median overlap divergence: 0.00412655
0% 70% 90% 100% 
[2026-03-25 12:04:21] INFO: Assembled 3 disjointigs
[2026-03-25 12:04:21] INFO: Generating sequence
0% 10% 20% 30% 40% 50% 60% 70% 80% 90% 100% 
[2026-03-25 12:04:22] INFO: Filtering contained disjointigs
0% 30% 60% 100% 
[2026-03-25 12:04:23] INFO: Contained seqs: 0
[2026-03-25 12:04:24] INFO: >>>STAGE: consensus
[2026-03-25 12:04:24] INFO: Running Minimap2
[2026-03-25 12:04:27] INFO: Computing consensus
[2026-03-25 12:04:35] INFO: Alignment error rate: 0.005899
[2026-03-25 12:04:35] INFO: >>>STAGE: repeat
[2026-03-25 12:04:35] INFO: Building and resolving repeat graph
[2026-03-25 12:04:35] INFO: Parsing disjointigs
[2026-03-25 12:04:35] INFO: Building repeat graph
0% 30% 60% 100% 
[2026-03-25 12:04:36] INFO: Median overlap divergence: 0.00219911
[2026-03-25 12:04:36] INFO: Parsing reads
[2026-03-25 12:04:37] INFO: Aligning reads to the graph
0% 10% 20% 30% 40% 50% 60% 70% 80% 90% 100% 
[2026-03-25 12:04:39] INFO: Aligned read sequence: 44324439 / 44717274 (0.991215)
[2026-03-25 12:04:39] INFO: Median overlap divergence: 0.00184971
[2026-03-25 12:04:39] INFO: Mean edge coverage: 8
[2026-03-25 12:04:39] INFO: Simplifying the graph
[2026-03-25 12:04:39] INFO: >>>STAGE: contigger
[2026-03-25 12:04:39] INFO: Generating contigs
[2026-03-25 12:04:39] INFO: Reading sequences
[2026-03-25 12:04:40] INFO: Generated 2 contigs
[2026-03-25 12:04:40] INFO: Added 0 scaffold connections
[2026-03-25 12:04:40] INFO: >>>STAGE: polishing
[2026-03-25 12:04:40] INFO: Polishing genome (1/1)
[2026-03-25 12:04:40] INFO: Running minimap2
[2026-03-25 12:04:44] INFO: Separating alignment into bubbles
[2026-03-25 12:04:51] INFO: Alignment error rate: 0.003530
[2026-03-25 12:04:51] INFO: Correcting bubbles
0% 10% 20% 30% 40% 50% 60% 70% 80% 90% 100% 
[2026-03-25 12:05:01] INFO: >>>STAGE: finalize
[2026-03-25 12:05:01] INFO: Assembly statistics:

	Total length:	5078043
	Fragments:	2
	Fragments N50:	5029929
	Largest frg:	5029929
	Scaffolds:	0
	Mean coverage:	8

[2026-03-25 12:05:01] INFO: Final assembly: /data/djs217/PROJECTS/xanthomonas-genome-assemblies/xanthomonas_march_2026/hybracter-hybrid/processing/assemblies/NCPPB_4682/assembly.fasta
