[2026-03-27 13:03:44] INFO: Starting Flye 2.9.6-b1802
[2026-03-27 13:03:44] INFO: >>>STAGE: configure
[2026-03-27 13:03:44] INFO: Configuring run
[2026-03-27 13:03:45] INFO: Total read length: 44424760
[2026-03-27 13:03:45] INFO: Reads N50/N90: 32076 / 26475
[2026-03-27 13:03:45] INFO: Minimum overlap set to 10000
[2026-03-27 13:03:45] INFO: >>>STAGE: assembly
[2026-03-27 13:03:45] INFO: Assembling disjointigs
[2026-03-27 13:03:45] INFO: Reading sequences
[2026-03-27 13:03:46] INFO: Building minimizer index
[2026-03-27 13:03:46] INFO: Pre-calculating index storage
0% 10% 20% 30% 40% 50% 60% 70% 80% 90% 100% 
[2026-03-27 13:03:47] INFO: Filling index
0% 10% 20% 30% 40% 50% 60% 70% 80% 90% 100% 
[2026-03-27 13:03:51] INFO: Extending reads
[2026-03-27 13:04:19] INFO: Overlap-based coverage: 8
[2026-03-27 13:04:19] INFO: Median overlap divergence: 0.00381451
0% 70% 90% 100% 
[2026-03-27 13:04:21] INFO: Assembled 2 disjointigs
[2026-03-27 13:04:21] INFO: Generating sequence
0% 10% 20% 30% 40% 50% 60% 70% 80% 90% 100% 
[2026-03-27 13:04:22] INFO: Filtering contained disjointigs
0% 50% 100% 
[2026-03-27 13:04:24] INFO: Contained seqs: 0
[2026-03-27 13:04:24] INFO: >>>STAGE: consensus
[2026-03-27 13:04:24] INFO: Running Minimap2
[2026-03-27 13:04:27] INFO: Computing consensus
[2026-03-27 13:04:35] INFO: Alignment error rate: 0.005350
[2026-03-27 13:04:35] INFO: >>>STAGE: repeat
[2026-03-27 13:04:35] INFO: Building and resolving repeat graph
[2026-03-27 13:04:35] INFO: Parsing disjointigs
[2026-03-27 13:04:35] INFO: Building repeat graph
0% 50% 100% 
[2026-03-27 13:04:37] INFO: Median overlap divergence: 0.00274616
[2026-03-27 13:04:37] INFO: Parsing reads
[2026-03-27 13:04:37] INFO: Aligning reads to the graph
0% 10% 20% 30% 40% 50% 60% 70% 80% 90% 100% 
[2026-03-27 13:04:39] INFO: Aligned read sequence: 44234219 / 44424760 (0.995711)
[2026-03-27 13:04:39] INFO: Median overlap divergence: 0.00181335
[2026-03-27 13:04:39] INFO: Mean edge coverage: 8
[2026-03-27 13:04:39] INFO: Simplifying the graph
[2026-03-27 13:04:39] INFO: >>>STAGE: contigger
[2026-03-27 13:04:39] INFO: Generating contigs
[2026-03-27 13:04:39] INFO: Reading sequences
[2026-03-27 13:04:40] INFO: Generated 1 contigs
[2026-03-27 13:04:40] INFO: Added 0 scaffold connections
[2026-03-27 13:04:40] INFO: >>>STAGE: polishing
[2026-03-27 13:04:40] INFO: Polishing genome (1/1)
[2026-03-27 13:04:40] INFO: Running minimap2
[2026-03-27 13:04:44] INFO: Separating alignment into bubbles
[2026-03-27 13:04:53] INFO: Alignment error rate: 0.002903
[2026-03-27 13:04:53] INFO: Correcting bubbles
0% 10% 20% 30% 40% 50% 60% 70% 80% 90% 100% 
[2026-03-27 13:05:03] INFO: >>>STAGE: finalize
[2026-03-27 13:05:03] INFO: Assembly statistics:

	Total length:	5195867
	Fragments:	1
	Fragments N50:	5195867
	Largest frg:	5195867
	Scaffolds:	0
	Mean coverage:	8

[2026-03-27 13:05:03] INFO: Final assembly: /data/djs217/PROJECTS/xanthomonas-genome-assemblies/xanthomonas_march_2026/hybracter-hybrid/processing/assemblies/NCPPB_4630_dyei/assembly.fasta
