[2026-03-27 11:19:42] INFO: Starting Flye 2.9.6-b1802
[2026-03-27 11:19:42] INFO: >>>STAGE: configure
[2026-03-27 11:19:42] INFO: Configuring run
[2026-03-27 11:19:44] INFO: Total read length: 44593548
[2026-03-27 11:19:44] INFO: Reads N50/N90: 30619 / 26207
[2026-03-27 11:19:44] INFO: Minimum overlap set to 10000
[2026-03-27 11:19:44] INFO: >>>STAGE: assembly
[2026-03-27 11:19:44] INFO: Assembling disjointigs
[2026-03-27 11:19:44] INFO: Reading sequences
[2026-03-27 11:19:44] INFO: Building minimizer index
[2026-03-27 11:19:44] INFO: Pre-calculating index storage
0% 10% 20% 30% 40% 50% 60% 70% 80% 90% 100% 
[2026-03-27 11:19:45] INFO: Filling index
0% 10% 20% 30% 40% 50% 60% 70% 80% 90% 100% 
[2026-03-27 11:19:49] INFO: Extending reads
[2026-03-27 11:20:17] INFO: Overlap-based coverage: 8
[2026-03-27 11:20:17] INFO: Median overlap divergence: 0.00369722
0% 30% 60% 90% 100% 
[2026-03-27 11:20:18] INFO: Assembled 3 disjointigs
[2026-03-27 11:20:18] INFO: Generating sequence
0% 10% 20% 30% 40% 50% 60% 70% 80% 90% 100% 
[2026-03-27 11:20:19] INFO: Filtering contained disjointigs
0% 30% 60% 100% 
[2026-03-27 11:20:19] INFO: Contained seqs: 0
[2026-03-27 11:20:20] INFO: >>>STAGE: consensus
[2026-03-27 11:20:20] INFO: Running Minimap2
[2026-03-27 11:20:23] INFO: Computing consensus
[2026-03-27 11:20:35] INFO: Alignment error rate: 0.005099
[2026-03-27 11:20:35] INFO: >>>STAGE: repeat
[2026-03-27 11:20:35] INFO: Building and resolving repeat graph
[2026-03-27 11:20:35] INFO: Parsing disjointigs
[2026-03-27 11:20:35] INFO: Building repeat graph
0% 30% 60% 100% 
[2026-03-27 11:20:36] INFO: Median overlap divergence: 0.00281322
[2026-03-27 11:20:36] INFO: Parsing reads
[2026-03-27 11:20:37] INFO: Aligning reads to the graph
0% 10% 20% 30% 40% 50% 60% 70% 80% 90% 100% 
[2026-03-27 11:20:38] INFO: Aligned read sequence: 44258138 / 44593548 (0.992478)
[2026-03-27 11:20:38] INFO: Median overlap divergence: 0.0017513
[2026-03-27 11:20:38] INFO: Mean edge coverage: 8
[2026-03-27 11:20:38] INFO: Simplifying the graph
[2026-03-27 11:20:39] INFO: >>>STAGE: contigger
[2026-03-27 11:20:39] INFO: Generating contigs
[2026-03-27 11:20:39] INFO: Reading sequences
[2026-03-27 11:20:39] INFO: Generated 2 contigs
[2026-03-27 11:20:39] INFO: Added 0 scaffold connections
[2026-03-27 11:20:40] INFO: >>>STAGE: polishing
[2026-03-27 11:20:40] INFO: Polishing genome (1/1)
[2026-03-27 11:20:40] INFO: Running minimap2
[2026-03-27 11:20:43] INFO: Separating alignment into bubbles
[2026-03-27 11:20:52] INFO: Alignment error rate: 0.002911
[2026-03-27 11:20:52] INFO: Correcting bubbles
0% 10% 20% 30% 40% 50% 60% 70% 80% 90% 100% 
[2026-03-27 11:21:02] INFO: >>>STAGE: finalize
[2026-03-27 11:21:02] INFO: Assembly statistics:

	Total length:	5215802
	Fragments:	2
	Fragments N50:	4049183
	Largest frg:	4049183
	Scaffolds:	0
	Mean coverage:	7

[2026-03-27 11:21:02] INFO: Final assembly: /data/djs217/PROJECTS/xanthomonas-genome-assemblies/xanthomonas_march_2026/hybracter-hybrid/processing/assemblies/NCPPB_4633_dyei/assembly.fasta
