[2026-03-27 08:42:35] INFO: Starting Flye 2.9.6-b1802
[2026-03-27 08:42:35] INFO: >>>STAGE: configure
[2026-03-27 08:42:35] INFO: Configuring run
[2026-03-27 08:42:36] INFO: Total read length: 44617143
[2026-03-27 08:42:36] INFO: Reads N50/N90: 31373 / 26454
[2026-03-27 08:42:36] INFO: Minimum overlap set to 10000
[2026-03-27 08:42:36] INFO: >>>STAGE: assembly
[2026-03-27 08:42:36] INFO: Assembling disjointigs
[2026-03-27 08:42:36] INFO: Reading sequences
[2026-03-27 08:42:36] INFO: Building minimizer index
[2026-03-27 08:42:36] INFO: Pre-calculating index storage
0% 10% 20% 30% 40% 50% 60% 70% 80% 90% 100% 
[2026-03-27 08:42:37] INFO: Filling index
0% 10% 20% 30% 40% 50% 60% 70% 80% 90% 100% 
[2026-03-27 08:42:40] INFO: Extending reads
[2026-03-27 08:43:13] INFO: Overlap-based coverage: 8
[2026-03-27 08:43:13] INFO: Median overlap divergence: 0.00333998
0% 50% 90% 100% 
[2026-03-27 08:43:17] INFO: Assembled 4 disjointigs
[2026-03-27 08:43:17] INFO: Generating sequence
0% 10% 20% 30% 40% 50% 60% 70% 80% 90% 100% 
[2026-03-27 08:43:17] INFO: Filtering contained disjointigs
0% 20% 50% 70% 100% 
[2026-03-27 08:43:18] INFO: Contained seqs: 0
[2026-03-27 08:43:18] INFO: >>>STAGE: consensus
[2026-03-27 08:43:18] INFO: Running Minimap2
[2026-03-27 08:43:22] INFO: Computing consensus
[2026-03-27 08:43:32] INFO: Alignment error rate: 0.004437
[2026-03-27 08:43:32] INFO: >>>STAGE: repeat
[2026-03-27 08:43:32] INFO: Building and resolving repeat graph
[2026-03-27 08:43:32] INFO: Parsing disjointigs
[2026-03-27 08:43:32] INFO: Building repeat graph
0% 20% 50% 70% 100% 
[2026-03-27 08:43:34] INFO: Median overlap divergence: 0.00336441
[2026-03-27 08:43:34] INFO: Parsing reads
[2026-03-27 08:43:35] INFO: Aligning reads to the graph
0% 10% 20% 30% 40% 50% 60% 70% 80% 90% 100% 
[2026-03-27 08:43:37] INFO: Aligned read sequence: 44224319 / 44617143 (0.991196)
[2026-03-27 08:43:37] INFO: Median overlap divergence: 0.00154597
[2026-03-27 08:43:37] INFO: Mean edge coverage: 8
[2026-03-27 08:43:37] INFO: Simplifying the graph
[2026-03-27 08:43:37] INFO: >>>STAGE: contigger
[2026-03-27 08:43:37] INFO: Generating contigs
[2026-03-27 08:43:37] INFO: Reading sequences
[2026-03-27 08:43:38] INFO: Generated 3 contigs
[2026-03-27 08:43:38] INFO: Added 0 scaffold connections
[2026-03-27 08:43:38] INFO: >>>STAGE: polishing
[2026-03-27 08:43:38] INFO: Polishing genome (1/1)
[2026-03-27 08:43:38] INFO: Running minimap2
[2026-03-27 08:43:42] INFO: Separating alignment into bubbles
[2026-03-27 08:43:53] INFO: Alignment error rate: 0.002589
[2026-03-27 08:43:53] INFO: Correcting bubbles
0% 10% 20% 30% 40% 50% 60% 70% 80% 90% 100% 
[2026-03-27 08:44:16] INFO: >>>STAGE: finalize
[2026-03-27 08:44:16] INFO: Assembly statistics:

	Total length:	4996845
	Fragments:	2
	Fragments N50:	4869699
	Largest frg:	4869699
	Scaffolds:	0
	Mean coverage:	9

[2026-03-27 08:44:16] INFO: Final assembly: /data/djs217/PROJECTS/xanthomonas-genome-assemblies/xanthomonas_march_2026/hybracter-hybrid/processing/assemblies/NNCPPB_900/assembly.fasta
