[M::bwa_idx_load_from_disk] read 0 ALT contigs
[M::process] read 533304 sequences (80000059 bp)...
[M::process] read 533478 sequences (80000091 bp)...
[M::mem_process_seqs] Processed 533304 reads in 25.266 CPU sec, 3.096 real sec
[M::process] read 533510 sequences (80000292 bp)...
[M::mem_process_seqs] Processed 533478 reads in 26.092 CPU sec, 3.140 real sec
[M::process] read 533334 sequences (80000037 bp)...
[M::mem_process_seqs] Processed 533510 reads in 25.096 CPU sec, 3.044 real sec
[M::process] read 533370 sequences (80000025 bp)...
[M::mem_process_seqs] Processed 533334 reads in 24.294 CPU sec, 2.914 real sec
[M::process] read 533380 sequences (80000182 bp)...
[M::mem_process_seqs] Processed 533370 reads in 25.244 CPU sec, 3.059 real sec
[M::process] read 533396 sequences (80000144 bp)...
[M::mem_process_seqs] Processed 533380 reads in 23.482 CPU sec, 2.823 real sec
[M::process] read 533450 sequences (80000082 bp)...
[M::mem_process_seqs] Processed 533396 reads in 24.402 CPU sec, 2.955 real sec
[M::process] read 533494 sequences (80000004 bp)...
[M::mem_process_seqs] Processed 533450 reads in 24.428 CPU sec, 2.943 real sec
[M::process] read 533308 sequences (80000298 bp)...
[M::mem_process_seqs] Processed 533494 reads in 23.905 CPU sec, 2.876 real sec
[M::process] read 533356 sequences (80000220 bp)...
[M::mem_process_seqs] Processed 533308 reads in 23.715 CPU sec, 2.849 real sec
[M::process] read 161625 sequences (24243956 bp)...
[M::mem_process_seqs] Processed 533356 reads in 23.559 CPU sec, 2.941 real sec
[M::mem_process_seqs] Processed 161625 reads in 7.907 CPU sec, 0.947 real sec
[main] Version: 0.7.19-r1273
[main] CMD: bwa mem -t 8 -a hybracter-hybrid/processing/complete/medaka_rd_2/WHRI_8892A/consensus.fasta hybracter-hybrid/processing/qc/fastp/WHRI_8892A_2.fastq.gz
[main] Real time: 40.102 sec; CPU: 279.037 sec
