/data/djs217/miniconda3/envs/hybracter_env/lib/python3.11/site-packages/hybracter/workflow/conda/78019da34467f1ccbd2a1e2321558605_/lib/python3.12/site-packages/click/core.py:1213: UserWarning: The parameter --flye_directory is used more than once. Remove its duplicate as parameters should be unique.
  parser = self.make_parser(ctx)
/data/djs217/miniconda3/envs/hybracter_env/lib/python3.11/site-packages/hybracter/workflow/conda/78019da34467f1ccbd2a1e2321558605_/lib/python3.12/site-packages/click/core.py:1206: UserWarning: The parameter --flye_directory is used more than once. Remove its duplicate as parameters should be unique.
  self.parse_args(ctx, args)
2026-03-30 15:14:46.596 | INFO     | plassembler:begin_plassembler:101 - You are using Plassembler version 1.8.1

2026-03-30 15:14:46.596 | INFO     | plassembler:begin_plassembler:102 - Repository homepage is https://github.com/gbouras13/plassembler
2026-03-30 15:14:46.596 | INFO     | plassembler:begin_plassembler:103 - Written by George Bouras: george.bouras@adelaide.edu.au
2026-03-30 15:14:46.596 | INFO     | plassembler:run:412 - Database directory is /data/djs217/miniconda3/envs/hybracter_env/lib/python3.11/site-packages/hybracter/workflow/../databases
2026-03-30 15:14:46.596 | INFO     | plassembler:run:413 - Longreads file is hybracter-hybrid-misc2/processing/qc/NCPPB_1061_plantaginis_filt_trim.fastq.gz
2026-03-30 15:14:46.596 | INFO     | plassembler:run:414 - R1 fasta file is hybracter-hybrid-misc2/processing/qc/fastp/NCPPB_1061_plantaginis_1.fastq.gz
2026-03-30 15:14:46.596 | INFO     | plassembler:run:415 - R2 fasta file is hybracter-hybrid-misc2/processing/qc/fastp/NCPPB_1061_plantaginis_2.fastq.gz
2026-03-30 15:14:46.596 | INFO     | plassembler:run:416 - Chromosome length threshold is 4700000
2026-03-30 15:14:46.596 | INFO     | plassembler:run:417 - Output directory is hybracter-hybrid-misc2/processing/plassembler/NCPPB_1061_plantaginis
2026-03-30 15:14:46.596 | INFO     | plassembler:run:418 - Min long read length is 500
2026-03-30 15:14:46.596 | INFO     | plassembler:run:419 - Min long read quality is 9
2026-03-30 15:14:46.596 | INFO     | plassembler:run:420 - Thread count is 12
2026-03-30 15:14:46.596 | INFO     | plassembler:run:421 - --force is True
2026-03-30 15:14:46.596 | INFO     | plassembler:run:422 - --skip_qc is True
2026-03-30 15:14:46.596 | INFO     | plassembler:run:423 - --raw_flag is False
2026-03-30 15:14:46.596 | INFO     | plassembler:run:424 - --pacbio_model is nothing
2026-03-30 15:14:46.597 | INFO     | plassembler:run:425 - --keep_fastqs is False
2026-03-30 15:14:46.597 | INFO     | plassembler:run:426 - --keep_chromosome is False
2026-03-30 15:14:46.597 | INFO     | plassembler:run:427 - --flye_directory is hybracter-hybrid-misc2/processing/assemblies/NCPPB_1061_plantaginis
2026-03-30 15:14:46.597 | INFO     | plassembler:run:428 - --flye_assembly is nothing
2026-03-30 15:14:46.597 | INFO     | plassembler:run:429 - --flye_info is nothing
2026-03-30 15:14:46.597 | INFO     | plassembler:run:430 - --no_chromosome is False
2026-03-30 15:14:46.597 | INFO     | plassembler:run:431 - --use_raven is False
2026-03-30 15:14:46.597 | INFO     | plassembler:run:432 - --depth_filter is 0.25
2026-03-30 15:14:46.597 | INFO     | plassembler:run:433 - --unicycler_options is None
2026-03-30 15:14:46.597 | INFO     | plassembler:run:434 - --spades_options is None
2026-03-30 15:14:46.597 | INFO     | plassembler:run:435 - --skip_mash is False
2026-03-30 15:14:46.597 | INFO     | plassembler:run:439 - Checking dependencies
2026-03-30 15:14:46.672 | INFO     | plassembler.utils.input_commands:check_dependencies:199 - Flye version found is v2.9.6-b1802.
2026-03-30 15:14:46.672 | INFO     | plassembler.utils.input_commands:check_dependencies:209 - Flye version is ok.
2026-03-30 15:14:46.674 | INFO     | plassembler.utils.input_commands:check_dependencies:218 - Raven v1.8.3 found.
2026-03-30 15:14:46.674 | INFO     | plassembler.utils.input_commands:check_dependencies:220 - Raven version is ok.
2026-03-30 15:14:46.751 | INFO     | plassembler.utils.input_commands:check_dependencies:242 - Unicycler version found is v0.5.1.
2026-03-30 15:14:46.752 | INFO     | plassembler.utils.input_commands:check_dependencies:255 - Unicycler version is ok.
2026-03-30 15:14:46.851 | INFO     | plassembler.utils.input_commands:check_dependencies:265 - SPAdes v4.2.0 found.
2026-03-30 15:14:46.880 | INFO     | plassembler.utils.input_commands:check_dependencies:278 - Samtools v1.22.1 found.
2026-03-30 15:14:46.883 | INFO     | plassembler.utils.input_commands:check_dependencies:289 - minimap2 v2.30-r1287 found.
2026-03-30 15:14:46.889 | INFO     | plassembler.utils.input_commands:check_dependencies:300 - fastp v1.0.1 found.
2026-03-30 15:14:46.893 | INFO     | plassembler.utils.input_commands:check_dependencies:311 - chopper v0.11.0 found.
2026-03-30 15:14:46.911 | INFO     | plassembler.utils.input_commands:check_dependencies:326 - mash v2.3 found.
2026-03-30 15:14:47.950 | INFO     | plassembler.utils.input_commands:check_dependencies:337 - canu v2.2 found.
2026-03-30 15:14:48.806 | INFO     | plassembler.utils.input_commands:check_dependencies:348 - dnaapler v1.3.0 found.
2026-03-30 15:14:49.436 | INFO     | plassembler.utils.input_commands:check_dependencies:365 - BLAST version found is v2.17.0.
2026-03-30 15:14:49.436 | INFO     | plassembler.utils.input_commands:check_dependencies:371 - All dependencies found.
2026-03-30 15:14:49.436 | INFO     | plassembler:run:448 - Checking database installation.
2026-03-30 15:14:49.437 | INFO     | plassembler.utils.db:check_db_installation:52 - PLSDB Database mash sketch at /data/djs217/miniconda3/envs/hybracter_env/lib/python3.11/site-packages/hybracter/workflow/../databases/plsdb_2023_11_03_v2.msh exists.
2026-03-30 15:14:49.437 | INFO     | plassembler.utils.db:check_db_installation:53 - PLSDB Database tsv metadata file at /data/djs217/miniconda3/envs/hybracter_env/lib/python3.11/site-packages/hybracter/workflow/../databases/plsdb_2023_11_03_v2.tsv exists.
2026-03-30 15:14:49.437 | INFO     | plassembler.utils.db:check_db_installation:54 - PLSDB Database at /data/djs217/miniconda3/envs/hybracter_env/lib/python3.11/site-packages/hybracter/workflow/../databases has already been downloaded
2026-03-30 15:14:49.437 | INFO     | plassembler:run:456 - Database successfully checked.
2026-03-30 15:14:49.437 | INFO     | plassembler:run:459 - Checking input fastqs.
2026-03-30 15:14:49.440 | INFO     | plassembler.utils.input_commands:validate_fastq:24 - FASTQ hybracter-hybrid-misc2/processing/qc/NCPPB_1061_plantaginis_filt_trim.fastq.gz checked
2026-03-30 15:14:49.482 | INFO     | plassembler.utils.input_commands:validate_fastq:24 - FASTQ hybracter-hybrid-misc2/processing/qc/fastp/NCPPB_1061_plantaginis_1.fastq.gz checked
2026-03-30 15:14:49.532 | INFO     | plassembler.utils.input_commands:validate_fastq:24 - FASTQ hybracter-hybrid-misc2/processing/qc/fastp/NCPPB_1061_plantaginis_2.fastq.gz checked
2026-03-30 15:14:49.532 | INFO     | plassembler:run:467 - FASTQ file hybracter-hybrid-misc2/processing/qc/NCPPB_1061_plantaginis_filt_trim.fastq.gz compression is True
2026-03-30 15:14:49.532 | INFO     | plassembler:run:468 - FASTQ file hybracter-hybrid-misc2/processing/qc/fastp/NCPPB_1061_plantaginis_1.fastq.gz compression is True
2026-03-30 15:14:49.533 | INFO     | plassembler:run:469 - FASTQ file hybracter-hybrid-misc2/processing/qc/fastp/NCPPB_1061_plantaginis_2.fastq.gz compression is True
2026-03-30 15:14:49.761 | INFO     | plassembler:run:518 - You have specified a hybracter-hybrid-misc2/processing/assemblies/NCPPB_1061_plantaginis with an existing flye assembly.
2026-03-30 15:14:49.761 | INFO     | plassembler:run:521 - Copying files.
2026-03-30 15:14:49.765 | INFO     | plassembler:run:562 - Counting Contigs.
2026-03-30 15:14:49.796 | INFO     | plassembler.utils.plass_class:get_contig_count:87 - Assembled 1 contigs.
2026-03-30 15:14:49.797 | INFO     | plassembler:run:578 - Only one contig was assembled with Flye.
2026-03-30 15:14:49.867 | INFO     | plassembler:run:605 - Chromosome Identified. Plassembler will now use long and short reads to assemble plasmids accurately.
2026-03-30 15:14:49.867 | INFO     | plassembler:run:610 - Skipping short read trimming as --skip_qc was specified
2026-03-30 15:16:00.399 | INFO     | plassembler:run:619 - Mapping long reads.
2026-03-30 15:16:00.400 | INFO     | plassembler.utils.external_tools:run_to_stdout:67 - Started running minimap2 -ax map-ont -t 12 hybracter-hybrid-misc2/processing/plassembler/NCPPB_1061_plantaginis/flye_renamed.fasta hybracter-hybrid-misc2/processing/plassembler/NCPPB_1061_plantaginis/chopper_long_reads.fastq.gz ...
2026-03-30 15:16:20.453 | INFO     | plassembler.utils.external_tools:run_to_stdout:69 - Done running minimap2 -ax map-ont -t 12 hybracter-hybrid-misc2/processing/plassembler/NCPPB_1061_plantaginis/flye_renamed.fasta hybracter-hybrid-misc2/processing/plassembler/NCPPB_1061_plantaginis/chopper_long_reads.fastq.gz
2026-03-30 15:16:20.453 | INFO     | plassembler:run:631 - Mapping short reads.
2026-03-30 15:16:20.455 | INFO     | plassembler.utils.external_tools:run_to_stdout:67 - Started running minimap2 -ax sr -t 12 hybracter-hybrid-misc2/processing/plassembler/NCPPB_1061_plantaginis/flye_renamed.fasta hybracter-hybrid-misc2/processing/plassembler/NCPPB_1061_plantaginis/trimmed_R1.fastq hybracter-hybrid-misc2/processing/plassembler/NCPPB_1061_plantaginis/trimmed_R2.fastq ...
2026-03-30 15:17:10.899 | INFO     | plassembler.utils.external_tools:run_to_stdout:69 - Done running minimap2 -ax sr -t 12 hybracter-hybrid-misc2/processing/plassembler/NCPPB_1061_plantaginis/flye_renamed.fasta hybracter-hybrid-misc2/processing/plassembler/NCPPB_1061_plantaginis/trimmed_R1.fastq hybracter-hybrid-misc2/processing/plassembler/NCPPB_1061_plantaginis/trimmed_R2.fastq
2026-03-30 15:17:10.900 | INFO     | plassembler:run:635 - Processing Sam/Bam Files and extracting Fastqs.
2026-03-30 15:17:12.237 | INFO     | plassembler.utils.external_tools:run_to_stdout:67 - Started running samtools view -h -@ 12 -b hybracter-hybrid-misc2/processing/plassembler/NCPPB_1061_plantaginis/short_read.sam ...
2026-03-30 15:17:46.891 | INFO     | plassembler.utils.external_tools:run_to_stdout:69 - Done running samtools view -h -@ 12 -b hybracter-hybrid-misc2/processing/plassembler/NCPPB_1061_plantaginis/short_read.sam
2026-03-30 15:17:46.892 | INFO     | plassembler.utils.external_tools:run_to_stdout:67 - Started running samtools view -b -h -@ 12 -L hybracter-hybrid-misc2/processing/plassembler/NCPPB_1061_plantaginis/non_chromosome.bed hybracter-hybrid-misc2/processing/plassembler/NCPPB_1061_plantaginis/short_read.bam ...
2026-03-30 15:17:49.380 | INFO     | plassembler.utils.external_tools:run_to_stdout:69 - Done running samtools view -b -h -@ 12 -L hybracter-hybrid-misc2/processing/plassembler/NCPPB_1061_plantaginis/non_chromosome.bed hybracter-hybrid-misc2/processing/plassembler/NCPPB_1061_plantaginis/short_read.bam
2026-03-30 15:17:49.380 | INFO     | plassembler.utils.external_tools:run_to_stdout:67 - Started running samtools view -b -h -f 4 -@ 12 hybracter-hybrid-misc2/processing/plassembler/NCPPB_1061_plantaginis/short_read.bam ...
2026-03-30 15:17:51.619 | INFO     | plassembler.utils.external_tools:run_to_stdout:69 - Done running samtools view -b -h -f 4 -@ 12 hybracter-hybrid-misc2/processing/plassembler/NCPPB_1061_plantaginis/short_read.bam
2026-03-30 15:17:51.620 | INFO     | plassembler.utils.external_tools:run_to_stdout:67 - Started running samtools view -b -h -@ 12 -L hybracter-hybrid-misc2/processing/plassembler/NCPPB_1061_plantaginis/chromosome.bed hybracter-hybrid-misc2/processing/plassembler/NCPPB_1061_plantaginis/short_read.bam ...
2026-03-30 15:18:22.182 | INFO     | plassembler.utils.external_tools:run_to_stdout:69 - Done running samtools view -b -h -@ 12 -L hybracter-hybrid-misc2/processing/plassembler/NCPPB_1061_plantaginis/chromosome.bed hybracter-hybrid-misc2/processing/plassembler/NCPPB_1061_plantaginis/short_read.bam
2026-03-30 15:18:22.183 | INFO     | plassembler.utils.external_tools:run:58 - Started running samtools fastq -@ 12 hybracter-hybrid-misc2/processing/plassembler/NCPPB_1061_plantaginis/unmapped_bam_file.bam -1 hybracter-hybrid-misc2/processing/plassembler/NCPPB_1061_plantaginis/unmapped_R1.fastq -2 hybracter-hybrid-misc2/processing/plassembler/NCPPB_1061_plantaginis/unmapped_R2.fastq -0 /dev/null -s /dev/null -n ...
2026-03-30 15:18:22.430 | INFO     | plassembler.utils.external_tools:run:60 - Done running samtools fastq -@ 12 hybracter-hybrid-misc2/processing/plassembler/NCPPB_1061_plantaginis/unmapped_bam_file.bam -1 hybracter-hybrid-misc2/processing/plassembler/NCPPB_1061_plantaginis/unmapped_R1.fastq -2 hybracter-hybrid-misc2/processing/plassembler/NCPPB_1061_plantaginis/unmapped_R2.fastq -0 /dev/null -s /dev/null -n
2026-03-30 15:18:22.432 | INFO     | plassembler.utils.external_tools:run:58 - Started running samtools fastq -@ 12 hybracter-hybrid-misc2/processing/plassembler/NCPPB_1061_plantaginis/non_chromosome.bam -1 hybracter-hybrid-misc2/processing/plassembler/NCPPB_1061_plantaginis/mapped_non_chromosome_R1.fastq -2 hybracter-hybrid-misc2/processing/plassembler/NCPPB_1061_plantaginis/mapped_non_chromosome_R2.fastq -0 /dev/null -s /dev/null -n ...
2026-03-30 15:18:22.441 | INFO     | plassembler.utils.external_tools:run:60 - Done running samtools fastq -@ 12 hybracter-hybrid-misc2/processing/plassembler/NCPPB_1061_plantaginis/non_chromosome.bam -1 hybracter-hybrid-misc2/processing/plassembler/NCPPB_1061_plantaginis/mapped_non_chromosome_R1.fastq -2 hybracter-hybrid-misc2/processing/plassembler/NCPPB_1061_plantaginis/mapped_non_chromosome_R2.fastq -0 /dev/null -s /dev/null -n
2026-03-30 15:18:23.380 | INFO     | plassembler:run:652 - Running Unicycler.
2026-03-30 15:18:23.381 | INFO     | plassembler.utils.external_tools:run:58 - Started running unicycler -1 hybracter-hybrid-misc2/processing/plassembler/NCPPB_1061_plantaginis/short_read_concat_R1.fastq -2 hybracter-hybrid-misc2/processing/plassembler/NCPPB_1061_plantaginis/short_read_concat_R2.fastq -l hybracter-hybrid-misc2/processing/plassembler/NCPPB_1061_plantaginis/plasmid_long.fastq -t 12 -o hybracter-hybrid-misc2/processing/plassembler/NCPPB_1061_plantaginis/unicycler_output ...
2026-03-30 15:20:03.297 | INFO     | plassembler.utils.external_tools:run:60 - Done running unicycler -1 hybracter-hybrid-misc2/processing/plassembler/NCPPB_1061_plantaginis/short_read_concat_R1.fastq -2 hybracter-hybrid-misc2/processing/plassembler/NCPPB_1061_plantaginis/short_read_concat_R2.fastq -l hybracter-hybrid-misc2/processing/plassembler/NCPPB_1061_plantaginis/plasmid_long.fastq -t 12 -o hybracter-hybrid-misc2/processing/plassembler/NCPPB_1061_plantaginis/unicycler_output
2026-03-30 15:20:03.366 | INFO     | plassembler.utils.external_tools:run_to_stdout:67 - Started running minimap2 -ax map-ont -t 12 hybracter-hybrid-misc2/processing/plassembler/NCPPB_1061_plantaginis/combined.fasta hybracter-hybrid-misc2/processing/plassembler/NCPPB_1061_plantaginis/chopper_long_reads.fastq.gz ...
2026-03-30 15:20:22.972 | INFO     | plassembler.utils.external_tools:run_to_stdout:69 - Done running minimap2 -ax map-ont -t 12 hybracter-hybrid-misc2/processing/plassembler/NCPPB_1061_plantaginis/combined.fasta hybracter-hybrid-misc2/processing/plassembler/NCPPB_1061_plantaginis/chopper_long_reads.fastq.gz
2026-03-30 15:20:22.974 | INFO     | plassembler.utils.external_tools:run:58 - Started running samtools sort -@ 12 hybracter-hybrid-misc2/processing/plassembler/NCPPB_1061_plantaginis/combined_long.sam -o hybracter-hybrid-misc2/processing/plassembler/NCPPB_1061_plantaginis/combined_sorted_long.bam ...
2026-03-30 15:20:28.961 | INFO     | plassembler.utils.external_tools:run:60 - Done running samtools sort -@ 12 hybracter-hybrid-misc2/processing/plassembler/NCPPB_1061_plantaginis/combined_long.sam -o hybracter-hybrid-misc2/processing/plassembler/NCPPB_1061_plantaginis/combined_sorted_long.bam
2026-03-30 15:20:28.963 | INFO     | plassembler.utils.external_tools:run_to_stdout:67 - Started running minimap2 -ax sr -t 12 hybracter-hybrid-misc2/processing/plassembler/NCPPB_1061_plantaginis/combined.fasta hybracter-hybrid-misc2/processing/plassembler/NCPPB_1061_plantaginis/trimmed_R1.fastq hybracter-hybrid-misc2/processing/plassembler/NCPPB_1061_plantaginis/trimmed_R2.fastq ...
2026-03-30 15:22:07.179 | INFO     | plassembler.utils.external_tools:run_to_stdout:69 - Done running minimap2 -ax sr -t 12 hybracter-hybrid-misc2/processing/plassembler/NCPPB_1061_plantaginis/combined.fasta hybracter-hybrid-misc2/processing/plassembler/NCPPB_1061_plantaginis/trimmed_R1.fastq hybracter-hybrid-misc2/processing/plassembler/NCPPB_1061_plantaginis/trimmed_R2.fastq
2026-03-30 15:22:07.179 | INFO     | plassembler.utils.external_tools:run:58 - Started running samtools sort -@ 12 hybracter-hybrid-misc2/processing/plassembler/NCPPB_1061_plantaginis/combined_short.sam -o hybracter-hybrid-misc2/processing/plassembler/NCPPB_1061_plantaginis/combined_sorted_short.bam ...
2026-03-30 15:23:10.732 | INFO     | plassembler.utils.external_tools:run:60 - Done running samtools sort -@ 12 hybracter-hybrid-misc2/processing/plassembler/NCPPB_1061_plantaginis/combined_short.sam -o hybracter-hybrid-misc2/processing/plassembler/NCPPB_1061_plantaginis/combined_sorted_short.bam
2026-03-30 15:23:36.240 | INFO     | plassembler:run:683 - Calculating mash distances to PLSDB.
2026-03-30 15:23:36.261 | INFO     | plassembler.utils.external_tools:run:58 - Started running mash sketch hybracter-hybrid-misc2/processing/plassembler/NCPPB_1061_plantaginis/plasmids.fasta -i ...
2026-03-30 15:23:36.345 | INFO     | plassembler.utils.external_tools:run:60 - Done running mash sketch hybracter-hybrid-misc2/processing/plassembler/NCPPB_1061_plantaginis/plasmids.fasta -i
2026-03-30 15:23:36.346 | INFO     | plassembler.utils.external_tools:run_to_stdout:67 - Started running mash dist hybracter-hybrid-misc2/processing/plassembler/NCPPB_1061_plantaginis/plasmids.fasta.msh /data/djs217/miniconda3/envs/hybracter_env/lib/python3.11/site-packages/hybracter/workflow/../databases/plsdb_2023_11_03_v2.msh -v 0.1 -d 0.1 -i ...
2026-03-30 15:23:40.561 | INFO     | plassembler.utils.external_tools:run_to_stdout:69 - Done running mash dist hybracter-hybrid-misc2/processing/plassembler/NCPPB_1061_plantaginis/plasmids.fasta.msh /data/djs217/miniconda3/envs/hybracter_env/lib/python3.11/site-packages/hybracter/workflow/../databases/plsdb_2023_11_03_v2.msh -v 0.1 -d 0.1 -i
2026-03-30 15:23:42.336 | INFO     | plassembler.utils.plass_class:combine_depth_mash_tsvs:754 - Filtering contigs below depth filter: 0.25.
2026-03-30 15:23:42.336 | INFO     | plassembler.utils.plass_class:combine_depth_mash_tsvs:756 - All plasmids whose short and long read copy numbers are both below 0.25 will be removed.
2026-03-30 15:23:42.336 | WARNING  | plassembler.utils.plass_class:combine_depth_mash_tsvs:766 - There are 0 plasmids left after depth filtering.
2026-03-30 15:23:44.931 | INFO     | plassembler:end_plassembler:118 - Plassembler has finished
2026-03-30 15:23:44.931 | INFO     | plassembler:end_plassembler:119 - Elapsed time: 538.36 seconds
