/data/djs217/miniconda3/envs/hybracter_env/lib/python3.11/site-packages/hybracter/workflow/conda/7aafc1085ca44eee01942c03ca74ecad_/lib/python3.11/site-packages/medaka/common.py:16: UserWarning: pkg_resources is deprecated as an API. See https://setuptools.pypa.io/en/latest/pkg_resources.html. The pkg_resources package is slated for removal as early as 2025-11-30. Refrain from using this package or pin to Setuptools<81.
  from pkg_resources import resource_filename
/data/djs217/miniconda3/envs/hybracter_env/lib/python3.11/site-packages/hybracter/workflow/conda/7aafc1085ca44eee01942c03ca74ecad_/lib/python3.11/site-packages/medaka/common.py:16: UserWarning: pkg_resources is deprecated as an API. See https://setuptools.pypa.io/en/latest/pkg_resources.html. The pkg_resources package is slated for removal as early as 2025-11-30. Refrain from using this package or pin to Setuptools<81.
  from pkg_resources import resource_filename
/data/djs217/miniconda3/envs/hybracter_env/lib/python3.11/site-packages/hybracter/workflow/conda/7aafc1085ca44eee01942c03ca74ecad_/lib/python3.11/site-packages/medaka/common.py:16: UserWarning: pkg_resources is deprecated as an API. See https://setuptools.pypa.io/en/latest/pkg_resources.html. The pkg_resources package is slated for removal as early as 2025-11-30. Refrain from using this package or pin to Setuptools<81.
  from pkg_resources import resource_filename
[19:54:45 - MdlStrTGZ] Successfully removed temporary files from /tmp/tmp2yrtnn7k.
/data/djs217/miniconda3/envs/hybracter_env/lib/python3.11/site-packages/hybracter/workflow/conda/7aafc1085ca44eee01942c03ca74ecad_/lib/python3.11/site-packages/medaka/common.py:16: UserWarning: pkg_resources is deprecated as an API. See https://setuptools.pypa.io/en/latest/pkg_resources.html. The pkg_resources package is slated for removal as early as 2025-11-30. Refrain from using this package or pin to Setuptools<81.
  from pkg_resources import resource_filename
[19:54:47 - MdlStrTGZ] Successfully removed temporary files from /tmp/tmpwp3xj2q1.
Creating fai index file /data/djs217/PROJECTS/xanthomonas-genome-assemblies/pectobacterium/hybracter-hybrid/processing/complete/dnaapler/NCPPB_2349/NCPPB_2349_reoriented_chrom_and_plasmids.fasta.fai
Creating mmi index file /data/djs217/PROJECTS/xanthomonas-genome-assemblies/pectobacterium/hybracter-hybrid/processing/complete/dnaapler/NCPPB_2349/NCPPB_2349_reoriented_chrom_and_plasmids.fasta.map-ont.mmi
[M::mm_idx_gen::0.182*1.02] collected minimizers
[M::mm_idx_gen::0.238*1.43] sorted minimizers
[M::main::0.303*1.34] loaded/built the index for 1 target sequence(s)
[M::mm_idx_stat] kmer size: 15; skip: 10; is_hpc: 0; #seq: 1
[M::mm_idx_stat::0.318*1.32] distinct minimizers: 859858 (98.21% are singletons); average occurrences: 1.030; average spacing: 5.352; total length: 4741103
[M::main] Version: 2.30-r1287
[M::main] CMD: minimap2 -I 16G -x map-ont -d /data/djs217/PROJECTS/xanthomonas-genome-assemblies/pectobacterium/hybracter-hybrid/processing/complete/dnaapler/NCPPB_2349/NCPPB_2349_reoriented_chrom_and_plasmids.fasta.map-ont.mmi /data/djs217/PROJECTS/xanthomonas-genome-assemblies/pectobacterium/hybracter-hybrid/processing/complete/dnaapler/NCPPB_2349/NCPPB_2349_reoriented_chrom_and_plasmids.fasta
[M::main] Real time: 0.326 sec; CPU: 0.428 sec; Peak RSS: 0.050 GB
[M::main::0.064*1.02] loaded/built the index for 1 target sequence(s)
[M::mm_mapopt_update::0.082*1.02] mid_occ = 10
[M::mm_idx_stat] kmer size: 15; skip: 10; is_hpc: 0; #seq: 1
[M::mm_idx_stat::0.096*1.02] distinct minimizers: 859858 (98.21% are singletons); average occurrences: 1.030; average spacing: 5.352; total length: 4741103
[M::worker_pipeline::22.224*5.74] mapped 19428 sequences
[M::main] Version: 2.30-r1287
[M::main] CMD: minimap2 -x map-ont --secondary=no -L --MD -A 2 -B 4 -O 4,24 -E 2,1 -t 12 -a /data/djs217/PROJECTS/xanthomonas-genome-assemblies/pectobacterium/hybracter-hybrid/processing/complete/dnaapler/NCPPB_2349/NCPPB_2349_reoriented_chrom_and_plasmids.fasta.map-ont.mmi /data/djs217/PROJECTS/xanthomonas-genome-assemblies/pectobacterium/hybracter-hybrid/processing/qc/NCPPB_2349_filt_trim.fastq.gz
[M::main] Real time: 22.237 sec; CPU: 127.548 sec; Peak RSS: 1.013 GB
[bam_sort_core] merging from 0 files and 12 in-memory blocks...
/data/djs217/miniconda3/envs/hybracter_env/lib/python3.11/site-packages/hybracter/workflow/conda/7aafc1085ca44eee01942c03ca74ecad_/lib/python3.11/site-packages/medaka/common.py:16: UserWarning: pkg_resources is deprecated as an API. See https://setuptools.pypa.io/en/latest/pkg_resources.html. The pkg_resources package is slated for removal as early as 2025-11-30. Refrain from using this package or pin to Setuptools<81.
  from pkg_resources import resource_filename
[19:55:17 - Predict] Processing region(s): contig_1:0-4741103
[19:55:17 - Predict] Using model: /data/djs217/miniconda3/envs/hybracter_env/lib/python3.11/site-packages/hybracter/workflow/conda/7aafc1085ca44eee01942c03ca74ecad_/lib/python3.11/site-packages/medaka/data/r1041_e82_400bps_sup_v5.0.0_model_pt.tar.gz.
[19:55:17 - Predict] Using minimum mapQ threshold of 1 for read filtering.
[19:55:17 - MdlStrTGZ] Model GRUModel(
  (gru): GRU(10, 128, num_layers=2, batch_first=True, bidirectional=True)
  (linear): Linear(in_features=256, out_features=5, bias=True)
)
[19:55:17 - MdlStrTGZ] loading weights from /tmp/tmprqmrdfi8/model/weights.pt
[19:55:18 - MdlStrTGZ] Successfully removed temporary files from /tmp/tmprqmrdfi8.
[19:55:18 - Predict] Model device: cpu
[19:55:18 - Predict] Running prediction at full precision
[19:55:18 - BAMFile] Creating pool of 16 BAM file sets.
[19:55:18 - Predict] Processing 5 long region(s) with batching.
[19:55:18 - Sampler] Initializing sampler for consensus of region contig_1:0-1000000.
[19:55:18 - Sampler] Initializing sampler for consensus of region contig_1:999000-1999000.
[19:55:18 - PWorker] Running inference for 4.7M draft bases.
[19:55:19 - Feature] Processed contig_1:0.0-999999.0 (median depth 86.0)
[19:55:19 - Sampler] Took 1.35s to make features.
[19:55:19 - Sampler] Initializing sampler for consensus of region contig_1:1998000-2998000.
[19:55:19 - Feature] Processed contig_1:999000.0-1998999.0 (median depth 82.0)
[19:55:19 - Sampler] Took 1.56s to make features.
[19:55:19 - Sampler] Initializing sampler for consensus of region contig_1:2997000-3997000.
[19:55:20 - Feature] Processed contig_1:1998000.0-2997999.0 (median depth 80.0)
[19:55:20 - Sampler] Took 1.12s to make features.
[19:55:20 - Sampler] Initializing sampler for consensus of region contig_1:3996000-4741103.
[19:55:20 - Feature] Processed contig_1:2997000.0-3996999.0 (median depth 81.0)
[19:55:20 - Sampler] Took 1.36s to make features.
[19:55:21 - Feature] Processed contig_1:3996000.0-4741102.0 (median depth 83.0)
[19:55:21 - Sampler] Took 0.94s to make features.
[19:55:29 - PWorker] Batches in cache: 6.
[19:55:29 - PWorker] 17.5% Done (0.8/4.7 Mbases) in 11.9s
[19:55:38 - PWorker] Batches in cache: 5.
[19:55:46 - PWorker] Batches in cache: 4.
[19:55:46 - PWorker] 52.8% Done (2.5/4.7 Mbases) in 28.0s
[19:55:53 - PWorker] Batches in cache: 3.
[19:56:01 - PWorker] Batches in cache: 2.
[19:56:01 - PWorker] 87.7% Done (4.2/4.7 Mbases) in 43.2s
[19:56:07 - PWorker] Batches in cache: 1.
[19:56:07 - PWorker] Processed 6 batches
[19:56:07 - PWorker] All done, 0 remainder regions.
[19:56:07 - Predict] Finished processing all regions.
/data/djs217/miniconda3/envs/hybracter_env/lib/python3.11/site-packages/hybracter/workflow/conda/7aafc1085ca44eee01942c03ca74ecad_/lib/python3.11/site-packages/medaka/common.py:16: UserWarning: pkg_resources is deprecated as an API. See https://setuptools.pypa.io/en/latest/pkg_resources.html. The pkg_resources package is slated for removal as early as 2025-11-30. Refrain from using this package or pin to Setuptools<81.
  from pkg_resources import resource_filename
[19:56:09 - DataIndx] Loaded 1/1 (100.00%) sample files.
[19:56:09 - DataIndx] Loaded 1/1 (100.00%) sample files.
[19:56:09 - DataIndx] Loaded 1/1 (100.00%) sample files.
[19:56:09 - DataIndx] Loaded 1/1 (100.00%) sample files.
[19:56:09 - DataIndx] Loaded 1/1 (100.00%) sample files.
[19:56:09 - DataIndx] Loaded 1/1 (100.00%) sample files.
