/data/djs217/miniconda3/envs/hybracter_env/lib/python3.11/site-packages/hybracter/workflow/conda/7aafc1085ca44eee01942c03ca74ecad_/lib/python3.11/site-packages/medaka/common.py:16: UserWarning: pkg_resources is deprecated as an API. See https://setuptools.pypa.io/en/latest/pkg_resources.html. The pkg_resources package is slated for removal as early as 2025-11-30. Refrain from using this package or pin to Setuptools<81.
  from pkg_resources import resource_filename
/data/djs217/miniconda3/envs/hybracter_env/lib/python3.11/site-packages/hybracter/workflow/conda/7aafc1085ca44eee01942c03ca74ecad_/lib/python3.11/site-packages/medaka/common.py:16: UserWarning: pkg_resources is deprecated as an API. See https://setuptools.pypa.io/en/latest/pkg_resources.html. The pkg_resources package is slated for removal as early as 2025-11-30. Refrain from using this package or pin to Setuptools<81.
  from pkg_resources import resource_filename
/data/djs217/miniconda3/envs/hybracter_env/lib/python3.11/site-packages/hybracter/workflow/conda/7aafc1085ca44eee01942c03ca74ecad_/lib/python3.11/site-packages/medaka/common.py:16: UserWarning: pkg_resources is deprecated as an API. See https://setuptools.pypa.io/en/latest/pkg_resources.html. The pkg_resources package is slated for removal as early as 2025-11-30. Refrain from using this package or pin to Setuptools<81.
  from pkg_resources import resource_filename
[20:07:34 - MdlStrTGZ] Successfully removed temporary files from /tmp/tmpufm6h110.
/data/djs217/miniconda3/envs/hybracter_env/lib/python3.11/site-packages/hybracter/workflow/conda/7aafc1085ca44eee01942c03ca74ecad_/lib/python3.11/site-packages/medaka/common.py:16: UserWarning: pkg_resources is deprecated as an API. See https://setuptools.pypa.io/en/latest/pkg_resources.html. The pkg_resources package is slated for removal as early as 2025-11-30. Refrain from using this package or pin to Setuptools<81.
  from pkg_resources import resource_filename
[20:07:37 - MdlStrTGZ] Successfully removed temporary files from /tmp/tmp33z4sjcf.
Creating fai index file /data/djs217/PROJECTS/xanthomonas-genome-assemblies/PRJNA1129907-ricini/hybracter-hybrid/processing/pre_polish/NCPPB_488_chromosome_plus_plasmids.fasta.fai
Creating mmi index file /data/djs217/PROJECTS/xanthomonas-genome-assemblies/PRJNA1129907-ricini/hybracter-hybrid/processing/pre_polish/NCPPB_488_chromosome_plus_plasmids.fasta.map-ont.mmi
[M::mm_idx_gen::0.195*1.02] collected minimizers
[M::mm_idx_gen::0.270*1.48] sorted minimizers
[M::main::0.337*1.39] loaded/built the index for 3 target sequence(s)
[M::mm_idx_stat] kmer size: 15; skip: 10; is_hpc: 0; #seq: 3
[M::mm_idx_stat::0.355*1.37] distinct minimizers: 882533 (94.77% are singletons); average occurrences: 1.106; average spacing: 5.352; total length: 5225163
[M::main] Version: 2.30-r1287
[M::main] CMD: minimap2 -I 16G -x map-ont -d /data/djs217/PROJECTS/xanthomonas-genome-assemblies/PRJNA1129907-ricini/hybracter-hybrid/processing/pre_polish/NCPPB_488_chromosome_plus_plasmids.fasta.map-ont.mmi /data/djs217/PROJECTS/xanthomonas-genome-assemblies/PRJNA1129907-ricini/hybracter-hybrid/processing/pre_polish/NCPPB_488_chromosome_plus_plasmids.fasta
[M::main] Real time: 0.364 sec; CPU: 0.494 sec; Peak RSS: 0.051 GB
[M::main::0.067*1.02] loaded/built the index for 3 target sequence(s)
[M::mm_mapopt_update::0.089*1.02] mid_occ = 52
[M::mm_idx_stat] kmer size: 15; skip: 10; is_hpc: 0; #seq: 3
[M::mm_idx_stat::0.104*1.02] distinct minimizers: 882533 (94.77% are singletons); average occurrences: 1.106; average spacing: 5.352; total length: 5225163
[M::worker_pipeline::10.583*7.59] mapped 22990 sequences
[M::main] Version: 2.30-r1287
[M::main] CMD: minimap2 -x map-ont --secondary=no -L --MD -A 2 -B 4 -O 4,24 -E 2,1 -t 12 -a /data/djs217/PROJECTS/xanthomonas-genome-assemblies/PRJNA1129907-ricini/hybracter-hybrid/processing/pre_polish/NCPPB_488_chromosome_plus_plasmids.fasta.map-ont.mmi /data/djs217/PROJECTS/xanthomonas-genome-assemblies/PRJNA1129907-ricini/hybracter-hybrid/processing/qc/NCPPB_488_filt_trim.fastq.gz
[M::main] Real time: 10.597 sec; CPU: 80.335 sec; Peak RSS: 2.063 GB
[bam_sort_core] merging from 0 files and 12 in-memory blocks...
/data/djs217/miniconda3/envs/hybracter_env/lib/python3.11/site-packages/hybracter/workflow/conda/7aafc1085ca44eee01942c03ca74ecad_/lib/python3.11/site-packages/medaka/common.py:16: UserWarning: pkg_resources is deprecated as an API. See https://setuptools.pypa.io/en/latest/pkg_resources.html. The pkg_resources package is slated for removal as early as 2025-11-30. Refrain from using this package or pin to Setuptools<81.
  from pkg_resources import resource_filename
[20:07:53 - Predict] Processing region(s): contig_3:0-5203804 1:0-19384 2:0-1975
[20:07:53 - Predict] Using model: /data/djs217/miniconda3/envs/hybracter_env/lib/python3.11/site-packages/hybracter/workflow/conda/7aafc1085ca44eee01942c03ca74ecad_/lib/python3.11/site-packages/medaka/data/r1041_e82_400bps_sup_v5.0.0_model_pt.tar.gz.
[20:07:53 - Predict] Using minimum mapQ threshold of 1 for read filtering.
[20:07:53 - MdlStrTGZ] Model GRUModel(
  (gru): GRU(10, 128, num_layers=2, batch_first=True, bidirectional=True)
  (linear): Linear(in_features=256, out_features=5, bias=True)
)
[20:07:53 - MdlStrTGZ] loading weights from /tmp/tmpu01ql42t/model/weights.pt
[20:07:53 - MdlStrTGZ] Successfully removed temporary files from /tmp/tmpu01ql42t.
[20:07:53 - Predict] Model device: cpu
[20:07:53 - Predict] Running prediction at full precision
[20:07:53 - BAMFile] Creating pool of 16 BAM file sets.
[20:07:53 - Predict] Processing 7 long region(s) with batching.
[20:07:53 - Sampler] Initializing sampler for consensus of region contig_3:0-1000000.
[20:07:53 - Sampler] Initializing sampler for consensus of region contig_3:999000-1999000.
[20:07:53 - PWorker] Running inference for 5.2M draft bases.
[20:07:54 - Feature] Processed contig_3:0.0-999999.0 (median depth 26.0)
[20:07:54 - Sampler] Took 1.43s to make features.
[20:07:54 - Sampler] Initializing sampler for consensus of region contig_3:1998000-2998000.
[20:07:55 - Feature] Processed contig_3:999000.0-1998999.0 (median depth 21.0)
[20:07:55 - Sampler] Took 1.61s to make features.
[20:07:55 - Sampler] Initializing sampler for consensus of region contig_3:2997000-3997000.
[20:07:56 - Feature] Processed contig_3:1998000.0-2997999.0 (median depth 23.0)
[20:07:56 - Sampler] Took 1.00s to make features.
[20:07:56 - Sampler] Initializing sampler for consensus of region contig_3:3996000-4996000.
[20:07:56 - Feature] Processed contig_3:2997000.0-3996999.0 (median depth 27.0)
[20:07:56 - Sampler] Took 0.97s to make features.
[20:07:56 - Sampler] Initializing sampler for consensus of region contig_3:4995000-5203804.
[20:07:56 - Feature] Processed contig_3:4995000.0-5203803.0 (median depth 25.0)
[20:07:56 - Sampler] Took 0.36s to make features.
[20:07:56 - Sampler] Initializing sampler for consensus of region 1:0-19384.
[20:07:56 - Feature] Processed 1:0.0-19383.0 (median depth 111.0)
[20:07:56 - Sampler] Took 0.20s to make features.
[20:07:57 - Feature] Processed contig_3:3996000.0-4995999.0 (median depth 31.0)
[20:07:57 - Sampler] Took 1.00s to make features.
[20:08:05 - PWorker] Batches in cache: 7.
[20:08:05 - PWorker] 15.6% Done (0.8/5.2 Mbases) in 11.9s
[20:08:12 - PWorker] Batches in cache: 6.
[20:08:19 - PWorker] Batches in cache: 5.
[20:08:19 - PWorker] 46.9% Done (2.5/5.2 Mbases) in 26.3s
[20:08:27 - PWorker] Batches in cache: 4.
[20:08:34 - PWorker] Batches in cache: 3.
[20:08:34 - PWorker] 77.5% Done (4.1/5.2 Mbases) in 41.4s
[20:08:42 - PWorker] Batches in cache: 2.
[20:08:46 - PWorker] 100.0% Done (5.2/5.2 Mbases) in 53.2s
[20:08:46 - PWorker] Processed 7 batches
[20:08:46 - PWorker] All done, 0 remainder regions.
[20:08:46 - Predict] Processing 1 short region(s).
[20:08:46 - Sampler] Initializing sampler for consensus of region 2:0-1975.
[20:08:46 - PWorker] Running inference for 0.0M draft bases.
[20:08:46 - Sampler] Took 0.02s to make features.
[20:08:47 - PWorker] Processed 0 batches
[20:08:47 - PWorker] All done, 0 remainder regions.
[20:08:47 - Predict] Finished processing all regions.
/data/djs217/miniconda3/envs/hybracter_env/lib/python3.11/site-packages/hybracter/workflow/conda/7aafc1085ca44eee01942c03ca74ecad_/lib/python3.11/site-packages/medaka/common.py:16: UserWarning: pkg_resources is deprecated as an API. See https://setuptools.pypa.io/en/latest/pkg_resources.html. The pkg_resources package is slated for removal as early as 2025-11-30. Refrain from using this package or pin to Setuptools<81.
  from pkg_resources import resource_filename
[20:08:49 - DataIndx] Loaded 1/1 (100.00%) sample files.
[20:08:49 - DataIndx] Loaded 1/1 (100.00%) sample files.
[20:08:49 - DataIndx] Loaded 1/1 (100.00%) sample files.
[20:08:49 - DataIndx] Loaded 1/1 (100.00%) sample files.
[20:08:49 - DataIndx] Loaded 1/1 (100.00%) sample files.
[20:08:49 - DataIndx] Loaded 1/1 (100.00%) sample files.
[20:08:49 - DataIndx] Loaded 1/1 (100.00%) sample files.
[20:08:49 - DataIndx] Loaded 1/1 (100.00%) sample files.
[20:08:49 - Stitcher] Copying contig '2' verbatim from input.
