/data/djs217/miniconda3/envs/hybracter_env/lib/python3.11/site-packages/hybracter/workflow/conda/7aafc1085ca44eee01942c03ca74ecad_/lib/python3.11/site-packages/medaka/common.py:16: UserWarning: pkg_resources is deprecated as an API. See https://setuptools.pypa.io/en/latest/pkg_resources.html. The pkg_resources package is slated for removal as early as 2025-11-30. Refrain from using this package or pin to Setuptools<81.
  from pkg_resources import resource_filename
/data/djs217/miniconda3/envs/hybracter_env/lib/python3.11/site-packages/hybracter/workflow/conda/7aafc1085ca44eee01942c03ca74ecad_/lib/python3.11/site-packages/medaka/common.py:16: UserWarning: pkg_resources is deprecated as an API. See https://setuptools.pypa.io/en/latest/pkg_resources.html. The pkg_resources package is slated for removal as early as 2025-11-30. Refrain from using this package or pin to Setuptools<81.
  from pkg_resources import resource_filename
/data/djs217/miniconda3/envs/hybracter_env/lib/python3.11/site-packages/hybracter/workflow/conda/7aafc1085ca44eee01942c03ca74ecad_/lib/python3.11/site-packages/medaka/common.py:16: UserWarning: pkg_resources is deprecated as an API. See https://setuptools.pypa.io/en/latest/pkg_resources.html. The pkg_resources package is slated for removal as early as 2025-11-30. Refrain from using this package or pin to Setuptools<81.
  from pkg_resources import resource_filename
[14:34:55 - MdlStrTGZ] Successfully removed temporary files from /tmp/tmpb1dfvsnd.
/data/djs217/miniconda3/envs/hybracter_env/lib/python3.11/site-packages/hybracter/workflow/conda/7aafc1085ca44eee01942c03ca74ecad_/lib/python3.11/site-packages/medaka/common.py:16: UserWarning: pkg_resources is deprecated as an API. See https://setuptools.pypa.io/en/latest/pkg_resources.html. The pkg_resources package is slated for removal as early as 2025-11-30. Refrain from using this package or pin to Setuptools<81.
  from pkg_resources import resource_filename
[14:34:56 - MdlStrTGZ] Successfully removed temporary files from /tmp/tmpq_65vz75.
Creating fai index file /data/djs217/PROJECTS/xanthomonas-genome-assemblies/PRJNA1129907-ricini/hybracter-hybrid/processing/pre_polish/NCPPB_1063_chromosome_plus_plasmids.fasta.fai
Creating mmi index file /data/djs217/PROJECTS/xanthomonas-genome-assemblies/PRJNA1129907-ricini/hybracter-hybrid/processing/pre_polish/NCPPB_1063_chromosome_plus_plasmids.fasta.map-ont.mmi
[M::mm_idx_gen::0.174*1.02] collected minimizers
[M::mm_idx_gen::0.241*1.53] sorted minimizers
[M::main::0.307*1.42] loaded/built the index for 3 target sequence(s)
[M::mm_idx_stat] kmer size: 15; skip: 10; is_hpc: 0; #seq: 3
[M::mm_idx_stat::0.323*1.39] distinct minimizers: 898568 (94.49% are singletons); average occurrences: 1.083; average spacing: 5.355; total length: 5212295
[M::main] Version: 2.30-r1287
[M::main] CMD: minimap2 -I 16G -x map-ont -d /data/djs217/PROJECTS/xanthomonas-genome-assemblies/PRJNA1129907-ricini/hybracter-hybrid/processing/pre_polish/NCPPB_1063_chromosome_plus_plasmids.fasta.map-ont.mmi /data/djs217/PROJECTS/xanthomonas-genome-assemblies/PRJNA1129907-ricini/hybracter-hybrid/processing/pre_polish/NCPPB_1063_chromosome_plus_plasmids.fasta
[M::main] Real time: 0.332 sec; CPU: 0.460 sec; Peak RSS: 0.054 GB
[M::main::0.085*1.04] loaded/built the index for 3 target sequence(s)
[M::mm_mapopt_update::0.108*1.03] mid_occ = 26
[M::mm_idx_stat] kmer size: 15; skip: 10; is_hpc: 0; #seq: 3
[M::mm_idx_stat::0.126*1.03] distinct minimizers: 898568 (94.49% are singletons); average occurrences: 1.083; average spacing: 5.355; total length: 5212295
[M::worker_pipeline::21.040*7.40] mapped 21186 sequences
[M::main] Version: 2.30-r1287
[M::main] CMD: minimap2 -x map-ont --secondary=no -L --MD -A 2 -B 4 -O 4,24 -E 2,1 -t 12 -a /data/djs217/PROJECTS/xanthomonas-genome-assemblies/PRJNA1129907-ricini/hybracter-hybrid/processing/pre_polish/NCPPB_1063_chromosome_plus_plasmids.fasta.map-ont.mmi /data/djs217/PROJECTS/xanthomonas-genome-assemblies/PRJNA1129907-ricini/hybracter-hybrid/processing/qc/NCPPB_1063_filt_trim.fastq.gz
[M::main] Real time: 21.056 sec; CPU: 155.805 sec; Peak RSS: 1.814 GB
[bam_sort_core] merging from 0 files and 12 in-memory blocks...
/data/djs217/miniconda3/envs/hybracter_env/lib/python3.11/site-packages/hybracter/workflow/conda/7aafc1085ca44eee01942c03ca74ecad_/lib/python3.11/site-packages/medaka/common.py:16: UserWarning: pkg_resources is deprecated as an API. See https://setuptools.pypa.io/en/latest/pkg_resources.html. The pkg_resources package is slated for removal as early as 2025-11-30. Refrain from using this package or pin to Setuptools<81.
  from pkg_resources import resource_filename
[14:35:26 - Predict] Processing region(s): contig_2:0-5127311 1:0-46760 2:0-38224
[14:35:26 - Predict] Using model: /data/djs217/miniconda3/envs/hybracter_env/lib/python3.11/site-packages/hybracter/workflow/conda/7aafc1085ca44eee01942c03ca74ecad_/lib/python3.11/site-packages/medaka/data/r1041_e82_400bps_sup_v5.0.0_model_pt.tar.gz.
[14:35:26 - Predict] Using minimum mapQ threshold of 1 for read filtering.
[14:35:26 - MdlStrTGZ] Model GRUModel(
  (gru): GRU(10, 128, num_layers=2, batch_first=True, bidirectional=True)
  (linear): Linear(in_features=256, out_features=5, bias=True)
)
[14:35:26 - MdlStrTGZ] loading weights from /tmp/tmpthrmadqa/model/weights.pt
[14:35:26 - MdlStrTGZ] Successfully removed temporary files from /tmp/tmpthrmadqa.
[14:35:26 - Predict] Model device: cpu
[14:35:26 - Predict] Running prediction at full precision
[14:35:26 - BAMFile] Creating pool of 16 BAM file sets.
[14:35:26 - Predict] Processing 8 long region(s) with batching.
[14:35:26 - Sampler] Initializing sampler for consensus of region contig_2:0-1000000.
[14:35:26 - Sampler] Initializing sampler for consensus of region contig_2:999000-1999000.
[14:35:26 - PWorker] Running inference for 5.2M draft bases.
[14:35:27 - Feature] Processed contig_2:0.0-999999.0 (median depth 93.0)
[14:35:27 - Sampler] Took 1.45s to make features.
[14:35:27 - Sampler] Initializing sampler for consensus of region contig_2:1998000-2998000.
[14:35:28 - Feature] Processed contig_2:999000.0-1998999.0 (median depth 78.0)
[14:35:28 - Sampler] Took 1.63s to make features.
[14:35:28 - Sampler] Initializing sampler for consensus of region contig_2:2997000-3997000.
[14:35:28 - Feature] Processed contig_2:1998000.0-2997999.0 (median depth 69.0)
[14:35:28 - Sampler] Took 1.10s to make features.
[14:35:28 - Sampler] Initializing sampler for consensus of region contig_2:3996000-4996000.
[14:35:29 - Feature] Processed contig_2:2997000.0-3996999.0 (median depth 83.0)
[14:35:29 - Sampler] Took 1.29s to make features.
[14:35:29 - Sampler] Initializing sampler for consensus of region contig_2:4995000-5127311.
[14:35:30 - Feature] Processed contig_2:4995000.0-5127310.0 (median depth 98.0)
[14:35:30 - Sampler] Took 0.69s to make features.
[14:35:30 - Sampler] Initializing sampler for consensus of region 1:0-46760.
[14:35:30 - Feature] Processed contig_2:3996000.0-4995999.0 (median depth 95.0)
[14:35:30 - Sampler] Took 1.22s to make features.
[14:35:30 - Sampler] Initializing sampler for consensus of region 2:0-38224.
[14:35:30 - Feature] Processed 1:0.0-46759.0 (median depth 67.0)
[14:35:30 - Sampler] Took 0.22s to make features.
[14:35:30 - Feature] Processed 2:0.0-38223.0 (median depth 54.0)
[14:35:30 - Sampler] Took 0.24s to make features.
[14:35:37 - PWorker] Batches in cache: 7.
[14:35:37 - PWorker] 14.8% Done (0.8/5.2 Mbases) in 11.3s
[14:35:45 - PWorker] Batches in cache: 6.
[14:35:53 - PWorker] Batches in cache: 5.
[14:35:53 - PWorker] 45.5% Done (2.4/5.2 Mbases) in 26.6s
[14:36:00 - PWorker] Batches in cache: 4.
[14:36:08 - PWorker] Batches in cache: 3.
[14:36:08 - PWorker] 75.8% Done (4.0/5.2 Mbases) in 41.6s
[14:36:15 - PWorker] Batches in cache: 2.
[14:36:21 - PWorker] Batches in cache: 1.
[14:36:21 - PWorker] 100.0% Done (5.2/5.2 Mbases) in 54.7s
[14:36:21 - PWorker] Processed 7 batches
[14:36:21 - PWorker] All done, 0 remainder regions.
[14:36:21 - Predict] Finished processing all regions.
/data/djs217/miniconda3/envs/hybracter_env/lib/python3.11/site-packages/hybracter/workflow/conda/7aafc1085ca44eee01942c03ca74ecad_/lib/python3.11/site-packages/medaka/common.py:16: UserWarning: pkg_resources is deprecated as an API. See https://setuptools.pypa.io/en/latest/pkg_resources.html. The pkg_resources package is slated for removal as early as 2025-11-30. Refrain from using this package or pin to Setuptools<81.
  from pkg_resources import resource_filename
[14:36:26 - DataIndx] Loaded 1/1 (100.00%) sample files.
[14:36:26 - DataIndx] Loaded 1/1 (100.00%) sample files.
[14:36:26 - DataIndx] Loaded 1/1 (100.00%) sample files.
[14:36:26 - DataIndx] Loaded 1/1 (100.00%) sample files.
[14:36:26 - DataIndx] Loaded 1/1 (100.00%) sample files.
[14:36:26 - DataIndx] Loaded 1/1 (100.00%) sample files.
[14:36:26 - DataIndx] Loaded 1/1 (100.00%) sample files.
[14:36:26 - DataIndx] Loaded 1/1 (100.00%) sample files.
[14:36:26 - DataIndx] Loaded 1/1 (100.00%) sample files.
