[M::bwa_idx_load_from_disk] read 0 ALT contigs
[M::process] read 596224 sequences (80000219 bp)...
[M::process] read 592506 sequences (80000180 bp)...
[M::mem_process_seqs] Processed 596224 reads in 27.146 CPU sec, 7.942 real sec
[M::process] read 591004 sequences (80000005 bp)...
[M::mem_process_seqs] Processed 592506 reads in 27.410 CPU sec, 6.503 real sec
[M::process] read 594464 sequences (80000186 bp)...
[M::mem_process_seqs] Processed 591004 reads in 27.164 CPU sec, 6.861 real sec
[M::process] read 591360 sequences (80000061 bp)...
[M::mem_process_seqs] Processed 594464 reads in 27.627 CPU sec, 9.932 real sec
[M::process] read 589300 sequences (80000168 bp)...
[M::mem_process_seqs] Processed 591360 reads in 27.668 CPU sec, 7.564 real sec
[M::process] read 590856 sequences (80000254 bp)...
[M::mem_process_seqs] Processed 589300 reads in 27.554 CPU sec, 6.874 real sec
[M::process] read 588748 sequences (80000230 bp)...
[M::mem_process_seqs] Processed 590856 reads in 27.120 CPU sec, 7.764 real sec
[M::process] read 588326 sequences (80000034 bp)...
[M::mem_process_seqs] Processed 588748 reads in 27.525 CPU sec, 4.412 real sec
[M::process] read 589284 sequences (80000075 bp)...
[M::mem_process_seqs] Processed 588326 reads in 27.552 CPU sec, 3.577 real sec
[M::process] read 587740 sequences (80000153 bp)...
[M::mem_process_seqs] Processed 589284 reads in 27.349 CPU sec, 3.656 real sec
[M::process] read 591998 sequences (80000133 bp)...
[M::mem_process_seqs] Processed 587740 reads in 27.603 CPU sec, 3.642 real sec
[M::process] read 599406 sequences (80000106 bp)...
[M::mem_process_seqs] Processed 591998 reads in 27.880 CPU sec, 4.488 real sec
[M::process] read 596648 sequences (80000145 bp)...
[M::mem_process_seqs] Processed 599406 reads in 28.181 CPU sec, 4.408 real sec
[M::process] read 261357 sequences (35134832 bp)...
[M::mem_process_seqs] Processed 596648 reads in 27.292 CPU sec, 4.677 real sec
[M::mem_process_seqs] Processed 261357 reads in 12.537 CPU sec, 1.889 real sec
[main] Version: 0.7.19-r1273
[main] CMD: bwa mem -t 8 -a hybracter-hybrid/processing/complete/medaka_rd_2/NCPPB_3693/consensus.fasta hybracter-hybrid/processing/qc/fastp/NCPPB_3693_2.fastq.gz
[main] Real time: 89.034 sec; CPU: 398.944 sec
