[M::bwa_idx_load_from_disk] read 0 ALT contigs
[M::process] read 592900 sequences (80000179 bp)...
[M::process] read 588980 sequences (80000186 bp)...
[M::mem_process_seqs] Processed 592900 reads in 35.763 CPU sec, 4.408 real sec
[M::process] read 590488 sequences (80000140 bp)...
[M::mem_process_seqs] Processed 588980 reads in 32.226 CPU sec, 3.884 real sec
[M::process] read 589140 sequences (80000058 bp)...
[M::mem_process_seqs] Processed 590488 reads in 31.020 CPU sec, 3.724 real sec
[M::process] read 586958 sequences (80000150 bp)...
[M::mem_process_seqs] Processed 589140 reads in 31.461 CPU sec, 3.790 real sec
[M::process] read 589150 sequences (80000273 bp)...
[M::mem_process_seqs] Processed 586958 reads in 31.208 CPU sec, 3.766 real sec
[M::process] read 586686 sequences (80000126 bp)...
[M::mem_process_seqs] Processed 589150 reads in 31.839 CPU sec, 3.825 real sec
[M::process] read 587282 sequences (80000067 bp)...
[M::mem_process_seqs] Processed 586686 reads in 32.575 CPU sec, 3.935 real sec
[M::process] read 586260 sequences (80000030 bp)...
[M::mem_process_seqs] Processed 587282 reads in 31.008 CPU sec, 3.734 real sec
[M::process] read 589422 sequences (80000207 bp)...
[M::mem_process_seqs] Processed 586260 reads in 32.288 CPU sec, 3.887 real sec
[M::process] read 597114 sequences (80000130 bp)...
[M::mem_process_seqs] Processed 589422 reads in 31.637 CPU sec, 3.771 real sec
[M::process] read 571385 sequences (76931845 bp)...
[M::mem_process_seqs] Processed 597114 reads in 34.171 CPU sec, 4.104 real sec
[M::mem_process_seqs] Processed 571385 reads in 30.281 CPU sec, 3.761 real sec
[main] Version: 0.7.19-r1273
[main] CMD: bwa mem -t 8 -a hybracter-hybrid/processing/complete/medaka_rd_2/NCPPB_4364/consensus.fasta hybracter-hybrid/processing/qc/fastp/NCPPB_4364_2.fastq.gz
[main] Real time: 50.643 sec; CPU: 387.644 sec
