
[1;4;93mStarting Polypolish polish[0m [2m(2025-11-08 07:58:49)[0m
[2m    Polypolish is a tool for polishing genome assemblies with short reads.
Unlike other tools in this category, Polypolish uses SAM files where each read
has been aligned to all possible locations (not just a single best location).
This allows it to repair errors in repeat regions that other alignment-based
polishers cannot fix.[0m

Polypolish version: 0.6.1

Input assembly:
  hybracter-hybrid/processing/complete/medaka_rd_2/NCPPB_2654/consensus.fasta

Input short-read alignments:
  hybracter-hybrid/processing/complete/bwa/NCPPB_2654_1.sam
  hybracter-hybrid/processing/complete/bwa/NCPPB_2654_2.sam

Settings:
  --fraction_invalid 0.2
  --fraction_valid 0.5
  --max_errors 10
  --min_depth 5
  not logging debugging information


[1;4;93mLoading assembly[0m [2m(2025-11-08 07:58:49)[0m
contig_1 (5,238,492 bp)


[1;4;93mLoading alignments[0m [2m(2025-11-08 07:58:49)[0m
hybracter-hybrid/processing/complete/bwa/NCPPB_2654_1.sam: 2,238,803 alignments from 2,148,638 reads
hybracter-hybrid/processing/complete/bwa/NCPPB_2654_2.sam: 2,238,430 alignments from 2,147,778 reads

Filtering for high-quality end-to-end alignments:
  4,251,296 alignments kept
  225,937 alignments discarded


[1;4;93mPolishing assembly sequences[0m [2m(2025-11-08 07:59:12)[0m
[2m    For each position in the assembly, Polypolish determines the read depth
at that position and collects all aligned bases. It then polishes the assembly
by looking for positions where the pileup unambiguously supports a different
sequence than the assembly.[0m

Polishing contig_1 (5,238,492 bp):
  mean read depth: 179.3x
  4 bp have a depth of zero (99.9999% coverage)
  3 positions changed (0.0001% of total positions)
  estimated pre-polishing sequence accuracy: 99.9999% (Q62.42)


[1;4;93mFinished![0m [2m(2025-11-08 07:59:13)[0m
Polished sequence (to stdout):
  contig_1_polypolish (5,238,494 bp)

Time to run: 0:00:23.748674

