
[1;4;93mStarting Polypolish polish[0m [2m(2025-11-08 08:49:24)[0m
[2m    Polypolish is a tool for polishing genome assemblies with short reads.
Unlike other tools in this category, Polypolish uses SAM files where each read
has been aligned to all possible locations (not just a single best location).
This allows it to repair errors in repeat regions that other alignment-based
polishers cannot fix.[0m

Polypolish version: 0.6.1

Input assembly:
  hybracter-hybrid/processing/complete/medaka_rd_2/NCPPB_3569/consensus.fasta

Input short-read alignments:
  hybracter-hybrid/processing/complete/bwa/NCPPB_3569_1.sam
  hybracter-hybrid/processing/complete/bwa/NCPPB_3569_2.sam

Settings:
  --fraction_invalid 0.2
  --fraction_valid 0.5
  --max_errors 10
  --min_depth 5
  not logging debugging information


[1;4;93mLoading assembly[0m [2m(2025-11-08 08:49:24)[0m
contig_1 (5,094,384 bp)
1 (43,933 bp)


[1;4;93mLoading alignments[0m [2m(2025-11-08 08:49:24)[0m
hybracter-hybrid/processing/complete/bwa/NCPPB_3569_1.sam: 4,712,452 alignments from 2,197,160 reads
hybracter-hybrid/processing/complete/bwa/NCPPB_3569_2.sam: 4,724,840 alignments from 2,196,354 reads

Filtering for high-quality end-to-end alignments:
  8,896,104 alignments kept
  541,188 alignments discarded


[1;4;93mPolishing assembly sequences[0m [2m(2025-11-08 08:50:03)[0m
[2m    For each position in the assembly, Polypolish determines the read depth
at that position and collects all aligned bases. It then polishes the assembly
by looking for positions where the pileup unambiguously supports a different
sequence than the assembly.[0m

Polishing contig_1 (5,094,384 bp):
  mean read depth: 194.0x
  39 bp have a depth of zero (99.9992% coverage)
  4 positions changed (0.0001% of total positions)
  estimated pre-polishing sequence accuracy: 99.9999% (Q61.05)

Polishing 1 (43,933 bp):
  mean read depth: 217.8x
  5 bp have a depth of zero (99.9886% coverage)
  0 positions changed (0.0000% of total positions)
  estimated pre-polishing sequence accuracy: 100.0000% (Q∞)


[1;4;93mFinished![0m [2m(2025-11-08 08:50:04)[0m
Polished sequence (to stdout):
  contig_1_polypolish (5,094,381 bp)
  1_polypolish (43,933 bp)

Time to run: 0:00:39.358644

