
[1;4;93mStarting Polypolish polish[0m [2m(2025-11-08 12:11:15)[0m
[2m    Polypolish is a tool for polishing genome assemblies with short reads.
Unlike other tools in this category, Polypolish uses SAM files where each read
has been aligned to all possible locations (not just a single best location).
This allows it to repair errors in repeat regions that other alignment-based
polishers cannot fix.[0m

Polypolish version: 0.6.1

Input assembly:
  hybracter-hybrid/processing/complete/medaka_rd_2/NCPPB_2632/consensus.fasta

Input short-read alignments:
  hybracter-hybrid/processing/complete/bwa/NCPPB_2632_1.sam
  hybracter-hybrid/processing/complete/bwa/NCPPB_2632_2.sam

Settings:
  --fraction_invalid 0.2
  --fraction_valid 0.5
  --max_errors 10
  --min_depth 5
  not logging debugging information


[1;4;93mLoading assembly[0m [2m(2025-11-08 12:11:15)[0m
contig_1 (4,859,275 bp)


[1;4;93mLoading alignments[0m [2m(2025-11-08 12:11:15)[0m
hybracter-hybrid/processing/complete/bwa/NCPPB_2632_1.sam: 2,370,969 alignments from 2,208,915 reads
hybracter-hybrid/processing/complete/bwa/NCPPB_2632_2.sam: 2,369,524 alignments from 2,208,235 reads

Filtering for high-quality end-to-end alignments:
  4,496,914 alignments kept
  243,579 alignments discarded


[1;4;93mPolishing assembly sequences[0m [2m(2025-11-08 12:11:41)[0m
[2m    For each position in the assembly, Polypolish determines the read depth
at that position and collects all aligned bases. It then polishes the assembly
by looking for positions where the pileup unambiguously supports a different
sequence than the assembly.[0m

Polishing contig_1 (4,859,275 bp):
  mean read depth: 202.9x
  2 bp have a depth of zero (100.0000% coverage)
  6 positions changed (0.0001% of total positions)
  estimated pre-polishing sequence accuracy: 99.9999% (Q59.08)


[1;4;93mFinished![0m [2m(2025-11-08 12:11:42)[0m
Polished sequence (to stdout):
  contig_1_polypolish (4,859,276 bp)

Time to run: 0:00:26.548683

