
[1;4;93mStarting Polypolish polish[0m [2m(2025-11-08 09:14:51)[0m
[2m    Polypolish is a tool for polishing genome assemblies with short reads.
Unlike other tools in this category, Polypolish uses SAM files where each read
has been aligned to all possible locations (not just a single best location).
This allows it to repair errors in repeat regions that other alignment-based
polishers cannot fix.[0m

Polypolish version: 0.6.1

Input assembly:
  hybracter-hybrid/processing/complete/medaka_rd_2/NCPPB_1754/consensus.fasta

Input short-read alignments:
  hybracter-hybrid/processing/complete/bwa/NCPPB_1754_1.sam
  hybracter-hybrid/processing/complete/bwa/NCPPB_1754_2.sam

Settings:
  --fraction_invalid 0.2
  --fraction_valid 0.5
  --max_errors 10
  --min_depth 5
  not logging debugging information


[1;4;93mLoading assembly[0m [2m(2025-11-08 09:14:51)[0m
contig_1 (5,059,268 bp)
1 (38,535 bp)


[1;4;93mLoading alignments[0m [2m(2025-11-08 09:14:52)[0m
hybracter-hybrid/processing/complete/bwa/NCPPB_1754_1.sam: 2,560,422 alignments from 2,204,484 reads
hybracter-hybrid/processing/complete/bwa/NCPPB_1754_2.sam: 2,560,263 alignments from 2,203,638 reads

Filtering for high-quality end-to-end alignments:
  4,916,748 alignments kept
  203,937 alignments discarded


[1;4;93mPolishing assembly sequences[0m [2m(2025-11-08 09:15:18)[0m
[2m    For each position in the assembly, Polypolish determines the read depth
at that position and collects all aligned bases. It then polishes the assembly
by looking for positions where the pileup unambiguously supports a different
sequence than the assembly.[0m

Polishing contig_1 (5,059,268 bp):
  mean read depth: 197.5x
  18 bp have a depth of zero (99.9996% coverage)
  13 positions changed (0.0003% of total positions)
  estimated pre-polishing sequence accuracy: 99.9997% (Q55.90)

Polishing 1 (38,535 bp):
  mean read depth: 314.1x
  2 bp have a depth of zero (99.9948% coverage)
  0 positions changed (0.0000% of total positions)
  estimated pre-polishing sequence accuracy: 100.0000% (Q∞)


[1;4;93mFinished![0m [2m(2025-11-08 09:15:19)[0m
Polished sequence (to stdout):
  contig_1_polypolish (5,059,270 bp)
  1_polypolish (38,535 bp)

Time to run: 0:00:27.249975

