
[1;4;93mStarting Polypolish polish[0m [2m(2025-11-08 10:44:28)[0m
[2m    Polypolish is a tool for polishing genome assemblies with short reads.
Unlike other tools in this category, Polypolish uses SAM files where each read
has been aligned to all possible locations (not just a single best location).
This allows it to repair errors in repeat regions that other alignment-based
polishers cannot fix.[0m

Polypolish version: 0.6.1

Input assembly:
  hybracter-hybrid/processing/complete/medaka_rd_2/NCPPB_3583/consensus.fasta

Input short-read alignments:
  hybracter-hybrid/processing/complete/bwa/NCPPB_3583_1.sam
  hybracter-hybrid/processing/complete/bwa/NCPPB_3583_2.sam

Settings:
  --fraction_invalid 0.2
  --fraction_valid 0.5
  --max_errors 10
  --min_depth 5
  not logging debugging information


[1;4;93mLoading assembly[0m [2m(2025-11-08 10:44:28)[0m
1 (202,536 bp)
contig_2 (5,001,412 bp)


[1;4;93mLoading alignments[0m [2m(2025-11-08 10:44:28)[0m
hybracter-hybrid/processing/complete/bwa/NCPPB_3583_1.sam: 2,284,428 alignments from 2,193,084 reads
hybracter-hybrid/processing/complete/bwa/NCPPB_3583_2.sam: 2,284,118 alignments from 2,192,214 reads

Filtering for high-quality end-to-end alignments:
  4,399,533 alignments kept
  169,013 alignments discarded


[1;4;93mPolishing assembly sequences[0m [2m(2025-11-08 10:44:52)[0m
[2m    For each position in the assembly, Polypolish determines the read depth
at that position and collects all aligned bases. It then polishes the assembly
by looking for positions where the pileup unambiguously supports a different
sequence than the assembly.[0m

Polishing 1 (202,536 bp):
  mean read depth: 299.4x
  5 bp have a depth of zero (99.9975% coverage)
  0 positions changed (0.0000% of total positions)
  estimated pre-polishing sequence accuracy: 100.0000% (Q∞)

Polishing contig_2 (5,001,412 bp):
  mean read depth: 187.3x
  2 bp have a depth of zero (100.0000% coverage)
  2 positions changed (0.0000% of total positions)
  estimated pre-polishing sequence accuracy: 100.0000% (Q63.98)


[1;4;93mFinished![0m [2m(2025-11-08 10:44:53)[0m
Polished sequence (to stdout):
  1_polypolish (202,536 bp)
  contig_2_polypolish (5,001,413 bp)

Time to run: 0:00:25.008751

