
[1;4;93mStarting Polypolish polish[0m [2m(2025-11-08 10:06:44)[0m
[2m    Polypolish is a tool for polishing genome assemblies with short reads.
Unlike other tools in this category, Polypolish uses SAM files where each read
has been aligned to all possible locations (not just a single best location).
This allows it to repair errors in repeat regions that other alignment-based
polishers cannot fix.[0m

Polypolish version: 0.6.1

Input assembly:
  hybracter-hybrid/processing/complete/medaka_rd_2/NCPPB_3441/consensus.fasta

Input short-read alignments:
  hybracter-hybrid/processing/complete/bwa/NCPPB_3441_1.sam
  hybracter-hybrid/processing/complete/bwa/NCPPB_3441_2.sam

Settings:
  --fraction_invalid 0.2
  --fraction_valid 0.5
  --max_errors 10
  --min_depth 5
  not logging debugging information


[1;4;93mLoading assembly[0m [2m(2025-11-08 10:06:44)[0m
1 (117,937 bp)
contig_2 (5,042,719 bp)


[1;4;93mLoading alignments[0m [2m(2025-11-08 10:06:44)[0m
hybracter-hybrid/processing/complete/bwa/NCPPB_3441_1.sam: 2,423,493 alignments from 2,193,286 reads
hybracter-hybrid/processing/complete/bwa/NCPPB_3441_2.sam: 2,422,440 alignments from 2,192,364 reads

Filtering for high-quality end-to-end alignments:
  4,590,465 alignments kept
  255,468 alignments discarded


[1;4;93mPolishing assembly sequences[0m [2m(2025-11-08 10:07:11)[0m
[2m    For each position in the assembly, Polypolish determines the read depth
at that position and collects all aligned bases. It then polishes the assembly
by looking for positions where the pileup unambiguously supports a different
sequence than the assembly.[0m

Polishing 1 (117,937 bp):
  mean read depth: 234.0x
  3 bp have a depth of zero (99.9975% coverage)
  0 positions changed (0.0000% of total positions)
  estimated pre-polishing sequence accuracy: 100.0000% (Q∞)

Polishing contig_2 (5,042,719 bp):
  mean read depth: 192.0x
  2 bp have a depth of zero (100.0000% coverage)
  4 positions changed (0.0001% of total positions)
  estimated pre-polishing sequence accuracy: 99.9999% (Q61.01)


[1;4;93mFinished![0m [2m(2025-11-08 10:07:12)[0m
Polished sequence (to stdout):
  1_polypolish (117,937 bp)
  contig_2_polypolish (5,042,721 bp)

Time to run: 0:00:27.415920

