
[1;4;93mStarting Polypolish polish[0m [2m(2025-11-08 06:50:00)[0m
[2m    Polypolish is a tool for polishing genome assemblies with short reads.
Unlike other tools in this category, Polypolish uses SAM files where each read
has been aligned to all possible locations (not just a single best location).
This allows it to repair errors in repeat regions that other alignment-based
polishers cannot fix.[0m

Polypolish version: 0.6.1

Input assembly:
  hybracter-hybrid/processing/complete/medaka_rd_2/NCPPB_2933/consensus.fasta

Input short-read alignments:
  hybracter-hybrid/processing/complete/bwa/NCPPB_2933_1.sam
  hybracter-hybrid/processing/complete/bwa/NCPPB_2933_2.sam

Settings:
  --fraction_invalid 0.2
  --fraction_valid 0.5
  --max_errors 10
  --min_depth 5
  not logging debugging information


[1;4;93mLoading assembly[0m [2m(2025-11-08 06:50:00)[0m
contig_1 (5,411,569 bp)


[1;4;93mLoading alignments[0m [2m(2025-11-08 06:50:00)[0m
hybracter-hybrid/processing/complete/bwa/NCPPB_2933_1.sam: 2,315,354 alignments from 2,235,483 reads
hybracter-hybrid/processing/complete/bwa/NCPPB_2933_2.sam: 2,313,942 alignments from 2,234,672 reads

Filtering for high-quality end-to-end alignments:
  4,414,166 alignments kept
  215,130 alignments discarded


[1;4;93mPolishing assembly sequences[0m [2m(2025-11-08 06:50:25)[0m
[2m    For each position in the assembly, Polypolish determines the read depth
at that position and collects all aligned bases. It then polishes the assembly
by looking for positions where the pileup unambiguously supports a different
sequence than the assembly.[0m

Polishing contig_1 (5,411,569 bp):
  mean read depth: 188.2x
  2 bp have a depth of zero (100.0000% coverage)
  2 positions changed (0.0000% of total positions)
  estimated pre-polishing sequence accuracy: 100.0000% (Q64.32)


[1;4;93mFinished![0m [2m(2025-11-08 06:50:26)[0m
Polished sequence (to stdout):
  contig_1_polypolish (5,411,570 bp)

Time to run: 0:00:25.842751

