
[1;4;93mStarting Polypolish polish[0m [2m(2026-03-26 21:09:33)[0m
[2m    Polypolish is a tool for polishing genome assemblies with short reads.
Unlike other tools in this category, Polypolish uses SAM files where each read
has been aligned to all possible locations (not just a single best location).
This allows it to repair errors in repeat regions that other alignment-based
polishers cannot fix.[0m

Polypolish version: 0.6.1

Input assembly:
  hybracter-hybrid/processing/complete/medaka_rd_2/NCPPB_1132/consensus.fasta

Input short-read alignments:
  hybracter-hybrid/processing/complete/bwa/NCPPB_1132_1.sam
  hybracter-hybrid/processing/complete/bwa/NCPPB_1132_2.sam

Settings:
  --fraction_invalid 0.2
  --fraction_valid 0.5
  --max_errors 10
  --min_depth 5
  not logging debugging information


[1;4;93mLoading assembly[0m [2m(2026-03-26 21:09:33)[0m
contig_1 (4,974,901 bp)
1 (19,788 bp)


[1;4;93mLoading alignments[0m [2m(2026-03-26 21:09:33)[0m
hybracter-hybrid/processing/complete/bwa/NCPPB_1132_1.sam: 11,008,528 alignments from 9,153,733 reads
hybracter-hybrid/processing/complete/bwa/NCPPB_1132_2.sam: 11,017,257 alignments from 9,155,055 reads

Filtering for high-quality end-to-end alignments:
  21,063,078 alignments kept
  962,707 alignments discarded


[1;4;93mPolishing assembly sequences[0m [2m(2026-03-26 21:10:50)[0m
[2m    For each position in the assembly, Polypolish determines the read depth
at that position and collects all aligned bases. It then polishes the assembly
by looking for positions where the pileup unambiguously supports a different
sequence than the assembly.[0m

Polishing contig_1 (4,974,901 bp):
  mean read depth: 478.3x
  2 bp have a depth of zero (100.0000% coverage)
  66 positions changed (0.0013% of total positions)
  estimated pre-polishing sequence accuracy: 99.9987% (Q48.77)

Polishing 1 (19,788 bp):
  mean read depth: 332.5x
  2 bp have a depth of zero (99.9899% coverage)
  0 positions changed (0.0000% of total positions)
  estimated pre-polishing sequence accuracy: 100.0000% (Q∞)


[1;4;93mFinished![0m [2m(2026-03-26 21:10:50)[0m
Polished sequence (to stdout):
  contig_1_polypolish (4,974,898 bp)
  1_polypolish (19,788 bp)

Time to run: 0:01:17.509495

