
[1;4;93mStarting Polypolish polish[0m [2m(2026-03-25 03:05:54)[0m
[2m    Polypolish is a tool for polishing genome assemblies with short reads.
Unlike other tools in this category, Polypolish uses SAM files where each read
has been aligned to all possible locations (not just a single best location).
This allows it to repair errors in repeat regions that other alignment-based
polishers cannot fix.[0m

Polypolish version: 0.6.1

Input assembly:
  hybracter-hybrid/processing/complete/medaka_rd_2/NCPPB_4634/consensus.fasta

Input short-read alignments:
  hybracter-hybrid/processing/complete/bwa/NCPPB_4634_1.sam
  hybracter-hybrid/processing/complete/bwa/NCPPB_4634_2.sam

Settings:
  --fraction_invalid 0.2
  --fraction_valid 0.5
  --max_errors 10
  --min_depth 5
  not logging debugging information


[1;4;93mLoading assembly[0m [2m(2026-03-25 03:05:54)[0m
contig_1 (5,264,940 bp)
1 (44,631 bp)


[1;4;93mLoading alignments[0m [2m(2026-03-25 03:05:54)[0m
hybracter-hybrid/processing/complete/bwa/NCPPB_4634_1.sam: 9,465,490 alignments from 8,531,947 reads
hybracter-hybrid/processing/complete/bwa/NCPPB_4634_2.sam: 9,469,890 alignments from 8,533,260 reads

Filtering for high-quality end-to-end alignments:
  18,319,201 alignments kept
  616,179 alignments discarded


[1;4;93mPolishing assembly sequences[0m [2m(2026-03-25 03:06:58)[0m
[2m    For each position in the assembly, Polypolish determines the read depth
at that position and collects all aligned bases. It then polishes the assembly
by looking for positions where the pileup unambiguously supports a different
sequence than the assembly.[0m

Polishing contig_1 (5,264,940 bp):
  mean read depth: 397.1x
  1,015 bp have a depth of zero (99.9807% coverage)
  150 positions changed (0.0028% of total positions)
  estimated pre-polishing sequence accuracy: 99.9972% (Q45.45)

Polishing 1 (44,631 bp):
  mean read depth: 1654.2x
  2 bp have a depth of zero (99.9955% coverage)
  0 positions changed (0.0000% of total positions)
  estimated pre-polishing sequence accuracy: 100.0000% (Q∞)


[1;4;93mFinished![0m [2m(2026-03-25 03:06:59)[0m
Polished sequence (to stdout):
  contig_1_polypolish (5,264,918 bp)
  1_polypolish (44,631 bp)

Time to run: 0:01:05.349534

