2026-03-28 08:30:26.843 | INFO     | dnaapler.utils.validation:instantiate_dirs:24 - Checking the output directory hybracter-hybrid/processing/complete/dnaapler/NCPPB_4679_xcc
2026-03-28 08:30:26.854 | INFO     | dnaapler.utils.util:begin_dnaapler:74 - You are using dnaapler version 1.3.0
2026-03-28 08:30:26.854 | INFO     | dnaapler.utils.util:begin_dnaapler:75 - Repository homepage is https://github.com/gbouras13/dnaapler
2026-03-28 08:30:26.854 | INFO     | dnaapler.utils.util:begin_dnaapler:76 - Written by George Bouras: george.bouras@adelaide.edu.au
2026-03-28 08:30:26.854 | INFO     | dnaapler.utils.util:begin_dnaapler:77 - Your input file is hybracter-hybrid/supplementary_results/intermediate_chromosome_assemblies/NCPPB_4679_xcc/NCPPB_4679_xcc_medaka_rd_1.fasta
2026-03-28 08:30:26.854 | INFO     | dnaapler.utils.util:begin_dnaapler:78 - Your output directory  is hybracter-hybrid/processing/complete/dnaapler/NCPPB_4679_xcc
2026-03-28 08:30:26.854 | INFO     | dnaapler.utils.util:begin_dnaapler:79 - You have specified 8 threads to use with MMseqs2
2026-03-28 08:30:26.854 | INFO     | dnaapler.utils.util:begin_dnaapler:80 - You have specified all gene(s) to reorient your sequence
2026-03-28 08:30:26.854 | INFO     | dnaapler.utils.util:check_mmseqs2_version:122 - Checking MMseqs2 installation.
2026-03-28 08:30:26.868 | INFO     | dnaapler.utils.util:check_mmseqs2_version:142 - MMseqs2 version found is 18.8cc5c
2026-03-28 08:30:26.868 | INFO     | dnaapler.utils.util:check_mmseqs2_version:156 - MMseqs2 version is ok.
2026-03-28 08:30:26.868 | INFO     | dnaapler.utils.util:check_pyrodigal_version:95 - Checking pyrodigal installation.
2026-03-28 08:30:26.868 | INFO     | dnaapler.utils.util:check_pyrodigal_version:106 - Pyrodigal version is v3.6.3
2026-03-28 08:30:26.868 | INFO     | dnaapler.utils.util:check_pyrodigal_version:107 - Pyrodigal version is ok.
2026-03-28 08:30:26.868 | INFO     | dnaapler.utils.util:begin_dnaapler:85 - Parameter: --input hybracter-hybrid/supplementary_results/intermediate_chromosome_assemblies/NCPPB_4679_xcc/NCPPB_4679_xcc_medaka_rd_1.fasta
2026-03-28 08:30:26.868 | INFO     | dnaapler.utils.util:begin_dnaapler:85 - Parameter: --output hybracter-hybrid/processing/complete/dnaapler/NCPPB_4679_xcc
2026-03-28 08:30:26.868 | INFO     | dnaapler.utils.util:begin_dnaapler:85 - Parameter: --threads 8
2026-03-28 08:30:26.868 | INFO     | dnaapler.utils.util:begin_dnaapler:85 - Parameter: --force True
2026-03-28 08:30:26.868 | INFO     | dnaapler.utils.util:begin_dnaapler:85 - Parameter: --prefix NCPPB_4679_xcc
2026-03-28 08:30:26.868 | INFO     | dnaapler.utils.util:begin_dnaapler:85 - Parameter: --evalue 1e-10
2026-03-28 08:30:26.868 | INFO     | dnaapler.utils.util:begin_dnaapler:85 - Parameter: --autocomplete nearest
2026-03-28 08:30:26.868 | INFO     | dnaapler.utils.util:begin_dnaapler:85 - Parameter: --seed_value 13
2026-03-28 08:30:26.868 | INFO     | dnaapler.utils.util:begin_dnaapler:85 - Parameter: --ignore hybracter-hybrid/processing/pre_polish/NCPPB_4679_xcc_ignore_list.txt
2026-03-28 08:30:26.868 | INFO     | dnaapler.utils.util:begin_dnaapler:85 - Parameter: --custom_db 
2026-03-28 08:30:26.868 | INFO     | dnaapler.utils.util:begin_dnaapler:85 - Parameter: --db dnaa,cog1474,repa
2026-03-28 08:30:26.868 | INFO     | dnaapler.utils.validation:validate_input_all:112 - Checking that the input file hybracter-hybrid/supplementary_results/intermediate_chromosome_assemblies/NCPPB_4679_xcc/NCPPB_4679_xcc_medaka_rd_1.fasta is in FASTA or GFA format and has at least 1 entry.
2026-03-28 08:30:27.034 | INFO     | dnaapler.utils.validation:check_file_format:61 - hybracter-hybrid/supplementary_results/intermediate_chromosome_assemblies/NCPPB_4679_xcc/NCPPB_4679_xcc_medaka_rd_1.fasta is in FASTA format.
2026-03-28 08:30:27.083 | INFO     | dnaapler.utils.validation:validate_input_all:117 - hybracter-hybrid/supplementary_results/intermediate_chromosome_assemblies/NCPPB_4679_xcc/NCPPB_4679_xcc_medaka_rd_1.fasta has only one entry.
2026-03-28 08:30:27.132 | INFO     | dnaapler.utils.validation:check_evalue:184 - You have specified an evalue of 1e-10.
2026-03-28 08:30:27.133 | INFO     | dnaapler:all:967 - No contigs specified to ignore.
2026-03-28 08:30:27.210 | INFO     | dnaapler.utils.external_tools:run:52 - Started running mmseqs easy-search hybracter-hybrid/processing/complete/dnaapler/NCPPB_4679_xcc/rotated_input.fasta /data/djs217/miniconda3/envs/hybracter_env/lib/python3.11/site-packages/hybracter/workflow/conda/2e20c9685892c8c53c04f44043c92cbf_/lib/python3.13/site-packages/dnaapler/db/all_db hybracter-hybrid/processing/complete/dnaapler/NCPPB_4679_xcc/NCPPB_4679_xcc_MMseqs2_output.txt hybracter-hybrid/processing/complete/dnaapler/NCPPB_4679_xcc/tmp_MMseqs2_output --search-type 2 --threads 8 -e 1e-10 --format-output query,qlen,target,tlen,alnlen,qstart,qend,tstart,tend,fident,nident,gapopen,mismatch,evalue,bits,qaln,taln ...
2026-03-28 08:30:46.701 | INFO     | dnaapler.utils.external_tools:run:54 - Done running mmseqs easy-search hybracter-hybrid/processing/complete/dnaapler/NCPPB_4679_xcc/rotated_input.fasta /data/djs217/miniconda3/envs/hybracter_env/lib/python3.11/site-packages/hybracter/workflow/conda/2e20c9685892c8c53c04f44043c92cbf_/lib/python3.13/site-packages/dnaapler/db/all_db hybracter-hybrid/processing/complete/dnaapler/NCPPB_4679_xcc/NCPPB_4679_xcc_MMseqs2_output.txt hybracter-hybrid/processing/complete/dnaapler/NCPPB_4679_xcc/tmp_MMseqs2_output --search-type 2 --threads 8 -e 1e-10 --format-output query,qlen,target,tlen,alnlen,qstart,qend,tstart,tend,fident,nident,gapopen,mismatch,evalue,bits,qaln,taln
2026-03-28 08:30:46.784 | INFO     | dnaapler.utils.util:end_dnaapler:173 - dnaapler has finished
2026-03-28 08:30:46.784 | INFO     | dnaapler.utils.util:end_dnaapler:174 - Elapsed time: 19.94 seconds
