[2026-03-27 00:01:17] INFO: Starting Flye 2.9.6-b1802
[2026-03-27 00:01:17] INFO: >>>STAGE: configure
[2026-03-27 00:01:17] INFO: Configuring run
[2026-03-27 00:01:19] INFO: Total read length: 44900913
[2026-03-27 00:01:19] INFO: Reads N50/N90: 36662 / 31374
[2026-03-27 00:01:19] INFO: Minimum overlap set to 10000
[2026-03-27 00:01:19] INFO: >>>STAGE: assembly
[2026-03-27 00:01:19] INFO: Assembling disjointigs
[2026-03-27 00:01:19] INFO: Reading sequences
[2026-03-27 00:01:20] INFO: Building minimizer index
[2026-03-27 00:01:20] INFO: Pre-calculating index storage
0% 10% 20% 30% 40% 50% 60% 70% 80% 90% 100% 
[2026-03-27 00:01:20] INFO: Filling index
0% 10% 20% 30% 40% 50% 60% 70% 80% 90% 100% 
[2026-03-27 00:01:25] INFO: Extending reads
[2026-03-27 00:01:57] INFO: Overlap-based coverage: 9
[2026-03-27 00:01:57] INFO: Median overlap divergence: 0.00354124
0% 90% 100% 
[2026-03-27 00:01:59] INFO: Assembled 2 disjointigs
[2026-03-27 00:01:59] INFO: Generating sequence
0% 10% 20% 30% 40% 50% 60% 70% 80% 90% 100% 
[2026-03-27 00:02:00] INFO: Filtering contained disjointigs
0% 50% 100% 
[2026-03-27 00:02:01] INFO: Contained seqs: 0
[2026-03-27 00:02:01] INFO: >>>STAGE: consensus
[2026-03-27 00:02:01] INFO: Running Minimap2
[2026-03-27 00:02:05] INFO: Computing consensus
[2026-03-27 00:02:12] INFO: Alignment error rate: 0.004178
[2026-03-27 00:02:12] INFO: >>>STAGE: repeat
[2026-03-27 00:02:12] INFO: Building and resolving repeat graph
[2026-03-27 00:02:12] INFO: Parsing disjointigs
[2026-03-27 00:02:12] INFO: Building repeat graph
0% 50% 100% 
[2026-03-27 00:02:14] INFO: Median overlap divergence: 0.00153644
[2026-03-27 00:02:14] INFO: Parsing reads
[2026-03-27 00:02:14] INFO: Aligning reads to the graph
0% 10% 20% 30% 40% 50% 60% 70% 80% 90% 100% 
[2026-03-27 00:02:16] INFO: Aligned read sequence: 44675228 / 44900913 (0.994974)
[2026-03-27 00:02:16] INFO: Median overlap divergence: 0.00170082
[2026-03-27 00:02:16] INFO: Mean edge coverage: 8
[2026-03-27 00:02:16] INFO: Simplifying the graph
[2026-03-27 00:02:17] INFO: >>>STAGE: contigger
[2026-03-27 00:02:17] INFO: Generating contigs
[2026-03-27 00:02:17] INFO: Reading sequences
[2026-03-27 00:02:17] INFO: Generated 2 contigs
[2026-03-27 00:02:17] INFO: Added 0 scaffold connections
[2026-03-27 00:02:18] INFO: >>>STAGE: polishing
[2026-03-27 00:02:18] INFO: Polishing genome (1/1)
[2026-03-27 00:02:18] INFO: Running minimap2
[2026-03-27 00:02:21] INFO: Separating alignment into bubbles
[2026-03-27 00:02:35] INFO: Alignment error rate: 0.002260
[2026-03-27 00:02:35] INFO: Correcting bubbles
0% 10% 20% 30% 40% 50% 60% 70% 80% 90% 100% 
[2026-03-27 00:02:48] INFO: >>>STAGE: finalize
[2026-03-27 00:02:48] INFO: Assembly statistics:

	Total length:	5010256
	Fragments:	2
	Fragments N50:	4950245
	Largest frg:	4950245
	Scaffolds:	0
	Mean coverage:	8

[2026-03-27 00:02:48] INFO: Final assembly: /data/djs217/PROJECTS/xanthomonas-genome-assemblies/xanthomonas_march_2026/hybracter-hybrid/processing/assemblies/NCPPB_1933/assembly.fasta
