[2026-03-23 13:21:16] INFO: Starting Flye 2.9.6-b1802
[2026-03-23 13:21:16] INFO: >>>STAGE: configure
[2026-03-23 13:21:16] INFO: Configuring run
[2026-03-23 13:21:17] INFO: Total read length: 44435296
[2026-03-23 13:21:17] INFO: Reads N50/N90: 32503 / 27882
[2026-03-23 13:21:17] INFO: Minimum overlap set to 10000
[2026-03-23 13:21:17] INFO: >>>STAGE: assembly
[2026-03-23 13:21:17] INFO: Assembling disjointigs
[2026-03-23 13:21:17] INFO: Reading sequences
[2026-03-23 13:21:18] INFO: Building minimizer index
[2026-03-23 13:21:18] INFO: Pre-calculating index storage
0% 10% 20% 30% 40% 50% 60% 70% 80% 90% 100% 
[2026-03-23 13:21:19] INFO: Filling index
0% 10% 20% 30% 40% 50% 60% 70% 80% 90% 100% 
[2026-03-23 13:21:25] INFO: Extending reads
[2026-03-23 13:21:57] INFO: Overlap-based coverage: 8
[2026-03-23 13:21:57] INFO: Median overlap divergence: 0.00410015
0% 50% 60% 80% 90% 100% 
[2026-03-23 13:22:00] INFO: Assembled 4 disjointigs
[2026-03-23 13:22:00] INFO: Generating sequence
0% 10% 20% 30% 40% 50% 60% 70% 80% 90% 100% 
[2026-03-23 13:22:01] INFO: Filtering contained disjointigs
0% 20% 50% 70% 100% 
[2026-03-23 13:22:02] INFO: Contained seqs: 0
[2026-03-23 13:22:02] INFO: >>>STAGE: consensus
[2026-03-23 13:22:02] INFO: Running Minimap2
[2026-03-23 13:22:07] INFO: Computing consensus
[2026-03-23 13:22:19] INFO: Alignment error rate: 0.005309
[2026-03-23 13:22:19] INFO: >>>STAGE: repeat
[2026-03-23 13:22:19] INFO: Building and resolving repeat graph
[2026-03-23 13:22:19] INFO: Parsing disjointigs
[2026-03-23 13:22:19] INFO: Building repeat graph
0% 20% 50% 70% 100% 
[2026-03-23 13:22:20] INFO: Median overlap divergence: 0.00249777
[2026-03-23 13:22:20] INFO: Parsing reads
[2026-03-23 13:22:21] INFO: Aligning reads to the graph
0% 10% 20% 30% 40% 50% 60% 70% 80% 90% 100% 
[2026-03-23 13:22:24] INFO: Aligned read sequence: 44059264 / 44435296 (0.991538)
[2026-03-23 13:22:24] INFO: Median overlap divergence: 0.00198472
[2026-03-23 13:22:24] INFO: Mean edge coverage: 8
[2026-03-23 13:22:24] INFO: Simplifying the graph
[2026-03-23 13:22:25] INFO: >>>STAGE: contigger
[2026-03-23 13:22:25] INFO: Generating contigs
[2026-03-23 13:22:25] INFO: Reading sequences
[2026-03-23 13:22:25] INFO: Generated 1 contigs
[2026-03-23 13:22:25] INFO: Added 0 scaffold connections
[2026-03-23 13:22:25] INFO: >>>STAGE: polishing
[2026-03-23 13:22:25] INFO: Polishing genome (1/1)
[2026-03-23 13:22:25] INFO: Running minimap2
[2026-03-23 13:22:29] INFO: Separating alignment into bubbles
[2026-03-23 13:22:38] INFO: Alignment error rate: 0.003191
[2026-03-23 13:22:38] INFO: Correcting bubbles
0% 10% 20% 30% 40% 50% 60% 70% 80% 90% 100% 
[2026-03-23 13:22:56] INFO: >>>STAGE: finalize
[2026-03-23 13:22:56] INFO: Assembly statistics:

	Total length:	5290325
	Fragments:	1
	Fragments N50:	5290325
	Largest frg:	5290325
	Scaffolds:	0
	Mean coverage:	8

[2026-03-23 13:22:56] INFO: Final assembly: /data/djs217/PROJECTS/xanthomonas-genome-assemblies/xanthomonas_march_2026/hybracter-hybrid/processing/assemblies/NCPPB_2338/assembly.fasta
