[2026-03-25 14:03:55] INFO: Starting Flye 2.9.6-b1802
[2026-03-25 14:03:55] INFO: >>>STAGE: configure
[2026-03-25 14:03:55] INFO: Configuring run
[2026-03-25 14:03:56] INFO: Total read length: 44484052
[2026-03-25 14:03:56] INFO: Reads N50/N90: 32459 / 26358
[2026-03-25 14:03:56] INFO: Minimum overlap set to 10000
[2026-03-25 14:03:56] INFO: >>>STAGE: assembly
[2026-03-25 14:03:56] INFO: Assembling disjointigs
[2026-03-25 14:03:56] INFO: Reading sequences
[2026-03-25 14:03:57] INFO: Building minimizer index
[2026-03-25 14:03:57] INFO: Pre-calculating index storage
0% 10% 20% 30% 40% 50% 60% 70% 80% 90% 100% 
[2026-03-25 14:03:57] INFO: Filling index
0% 10% 20% 30% 40% 50% 60% 70% 80% 90% 100% 
[2026-03-25 14:04:01] INFO: Extending reads
[2026-03-25 14:04:29] INFO: Overlap-based coverage: 8
[2026-03-25 14:04:29] INFO: Median overlap divergence: 0.00409615
0% 20% 90% 100% 
[2026-03-25 14:04:30] INFO: Assembled 2 disjointigs
[2026-03-25 14:04:30] INFO: Generating sequence
0% 10% 20% 30% 40% 50% 60% 70% 80% 90% 100% 
[2026-03-25 14:04:31] INFO: Filtering contained disjointigs
0% 50% 100% 
[2026-03-25 14:04:32] INFO: Contained seqs: 0
[2026-03-25 14:04:32] INFO: >>>STAGE: consensus
[2026-03-25 14:04:32] INFO: Running Minimap2
[2026-03-25 14:04:35] INFO: Computing consensus
[2026-03-25 14:04:47] INFO: Alignment error rate: 0.004876
[2026-03-25 14:04:47] INFO: >>>STAGE: repeat
[2026-03-25 14:04:47] INFO: Building and resolving repeat graph
[2026-03-25 14:04:47] INFO: Parsing disjointigs
[2026-03-25 14:04:47] INFO: Building repeat graph
0% 50% 100% 
[2026-03-25 14:04:48] INFO: Median overlap divergence: 0.00185534
[2026-03-25 14:04:48] INFO: Parsing reads
[2026-03-25 14:04:49] INFO: Aligning reads to the graph
0% 10% 20% 30% 40% 50% 60% 70% 80% 90% 100% 
[2026-03-25 14:04:51] INFO: Aligned read sequence: 44287654 / 44484052 (0.995585)
[2026-03-25 14:04:51] INFO: Median overlap divergence: 0.00193268
[2026-03-25 14:04:51] INFO: Mean edge coverage: 8
[2026-03-25 14:04:51] INFO: Simplifying the graph
[2026-03-25 14:04:51] INFO: >>>STAGE: contigger
[2026-03-25 14:04:51] INFO: Generating contigs
[2026-03-25 14:04:51] INFO: Reading sequences
[2026-03-25 14:04:52] INFO: Generated 1 contigs
[2026-03-25 14:04:52] INFO: Added 0 scaffold connections
[2026-03-25 14:04:52] INFO: >>>STAGE: polishing
[2026-03-25 14:04:52] INFO: Polishing genome (1/1)
[2026-03-25 14:04:52] INFO: Running minimap2
[2026-03-25 14:04:55] INFO: Separating alignment into bubbles
[2026-03-25 14:05:04] INFO: Alignment error rate: 0.002729
[2026-03-25 14:05:04] INFO: Correcting bubbles
0% 10% 20% 30% 40% 50% 60% 70% 80% 90% 100% 
[2026-03-25 14:05:14] INFO: >>>STAGE: finalize
[2026-03-25 14:05:14] INFO: Assembly statistics:

	Total length:	5128447
	Fragments:	1
	Fragments N50:	5128447
	Largest frg:	5128447
	Scaffolds:	0
	Mean coverage:	8

[2026-03-25 14:05:14] INFO: Final assembly: /data/djs217/PROJECTS/xanthomonas-genome-assemblies/xanthomonas_march_2026/hybracter-hybrid/processing/assemblies/NCPPB_2439/assembly.fasta
