[2026-03-24 00:00:57] INFO: Starting Flye 2.9.6-b1802
[2026-03-24 00:00:57] INFO: >>>STAGE: configure
[2026-03-24 00:00:57] INFO: Configuring run
[2026-03-24 00:00:58] INFO: Total read length: 44471768
[2026-03-24 00:00:58] INFO: Reads N50/N90: 38485 / 32611
[2026-03-24 00:00:58] INFO: Minimum overlap set to 10000
[2026-03-24 00:00:58] INFO: >>>STAGE: assembly
[2026-03-24 00:00:58] INFO: Assembling disjointigs
[2026-03-24 00:00:58] INFO: Reading sequences
[2026-03-24 00:00:58] INFO: Building minimizer index
[2026-03-24 00:00:58] INFO: Pre-calculating index storage
0% 10% 20% 30% 40% 50% 60% 70% 80% 90% 100% 
[2026-03-24 00:00:59] INFO: Filling index
0% 10% 20% 30% 40% 50% 60% 70% 80% 90% 100% 
[2026-03-24 00:01:03] INFO: Extending reads
[2026-03-24 00:01:32] INFO: Overlap-based coverage: 8
[2026-03-24 00:01:32] INFO: Median overlap divergence: 0.00365005
0% 90% 100% 
[2026-03-24 00:01:33] INFO: Assembled 2 disjointigs
[2026-03-24 00:01:34] INFO: Generating sequence
0% 10% 20% 30% 40% 50% 60% 70% 80% 90% 100% 
[2026-03-24 00:01:35] INFO: Filtering contained disjointigs
0% 50% 100% 
[2026-03-24 00:01:36] INFO: Contained seqs: 0
[2026-03-24 00:01:36] INFO: >>>STAGE: consensus
[2026-03-24 00:01:36] INFO: Running Minimap2
[2026-03-24 00:01:40] INFO: Computing consensus
[2026-03-24 00:01:48] INFO: Alignment error rate: 0.004655
[2026-03-24 00:01:48] INFO: >>>STAGE: repeat
[2026-03-24 00:01:48] INFO: Building and resolving repeat graph
[2026-03-24 00:01:48] INFO: Parsing disjointigs
[2026-03-24 00:01:48] INFO: Building repeat graph
0% 50% 100% 
[2026-03-24 00:01:50] INFO: Median overlap divergence: 0.00203558
[2026-03-24 00:01:50] INFO: Parsing reads
[2026-03-24 00:01:51] INFO: Aligning reads to the graph
0% 10% 20% 30% 40% 50% 60% 70% 80% 90% 100% 
[2026-03-24 00:01:53] INFO: Aligned read sequence: 44383410 / 44471768 (0.998013)
[2026-03-24 00:01:53] INFO: Median overlap divergence: 0.00175464
[2026-03-24 00:01:53] INFO: Mean edge coverage: 8
[2026-03-24 00:01:53] INFO: Simplifying the graph
[2026-03-24 00:01:53] INFO: >>>STAGE: contigger
[2026-03-24 00:01:53] INFO: Generating contigs
[2026-03-24 00:01:53] INFO: Reading sequences
[2026-03-24 00:01:54] INFO: Generated 2 contigs
[2026-03-24 00:01:54] INFO: Added 0 scaffold connections
[2026-03-24 00:01:54] INFO: >>>STAGE: polishing
[2026-03-24 00:01:54] INFO: Polishing genome (1/1)
[2026-03-24 00:01:54] INFO: Running minimap2
[2026-03-24 00:01:57] INFO: Separating alignment into bubbles
[2026-03-24 00:02:06] INFO: Alignment error rate: 0.002516
[2026-03-24 00:02:06] INFO: Correcting bubbles
0% 10% 20% 30% 40% 50% 60% 70% 80% 90% 100% 
[2026-03-24 00:02:17] INFO: >>>STAGE: finalize
[2026-03-24 00:02:17] INFO: Assembly statistics:

	Total length:	5299819
	Fragments:	2
	Fragments N50:	5261332
	Largest frg:	5261332
	Scaffolds:	0
	Mean coverage:	8

[2026-03-24 00:02:17] INFO: Final assembly: /data/djs217/PROJECTS/xanthomonas-genome-assemblies/xanthomonas_march_2026/hybracter-hybrid/processing/assemblies/NCPPB_4629/assembly.fasta
