[2026-03-25 19:05:19] INFO: Starting Flye 2.9.6-b1802
[2026-03-25 19:05:19] INFO: >>>STAGE: configure
[2026-03-25 19:05:19] INFO: Configuring run
[2026-03-25 19:05:20] INFO: Total read length: 44529593
[2026-03-25 19:05:20] INFO: Reads N50/N90: 39480 / 33795
[2026-03-25 19:05:20] INFO: Minimum overlap set to 10000
[2026-03-25 19:05:20] INFO: >>>STAGE: assembly
[2026-03-25 19:05:20] INFO: Assembling disjointigs
[2026-03-25 19:05:20] INFO: Reading sequences
[2026-03-25 19:05:20] INFO: Building minimizer index
[2026-03-25 19:05:20] INFO: Pre-calculating index storage
0% 10% 20% 30% 40% 50% 60% 70% 80% 90% 100% 
[2026-03-25 19:05:21] INFO: Filling index
0% 10% 20% 30% 40% 50% 60% 70% 80% 90% 100% 
[2026-03-25 19:05:25] INFO: Extending reads
[2026-03-25 19:05:54] INFO: Overlap-based coverage: 8
[2026-03-25 19:05:54] INFO: Median overlap divergence: 0.00356547
0% 90% 100% 
[2026-03-25 19:05:55] INFO: Assembled 2 disjointigs
[2026-03-25 19:05:55] INFO: Generating sequence
0% 10% 20% 30% 40% 50% 60% 70% 80% 90% 100% 
[2026-03-25 19:05:56] INFO: Filtering contained disjointigs
0% 50% 100% 
[2026-03-25 19:05:58] INFO: Contained seqs: 0
[2026-03-25 19:05:58] INFO: >>>STAGE: consensus
[2026-03-25 19:05:58] INFO: Running Minimap2
[2026-03-25 19:06:01] INFO: Computing consensus
[2026-03-25 19:06:09] INFO: Alignment error rate: 0.004613
[2026-03-25 19:06:09] INFO: >>>STAGE: repeat
[2026-03-25 19:06:09] INFO: Building and resolving repeat graph
[2026-03-25 19:06:09] INFO: Parsing disjointigs
[2026-03-25 19:06:09] INFO: Building repeat graph
0% 50% 100% 
[2026-03-25 19:06:12] INFO: Median overlap divergence: 0.00239498
[2026-03-25 19:06:12] INFO: Parsing reads
[2026-03-25 19:06:12] INFO: Aligning reads to the graph
0% 10% 20% 30% 40% 50% 60% 70% 80% 90% 100% 
[2026-03-25 19:06:15] INFO: Aligned read sequence: 44379890 / 44529593 (0.996638)
[2026-03-25 19:06:15] INFO: Median overlap divergence: 0.00173837
[2026-03-25 19:06:15] INFO: Mean edge coverage: 8
[2026-03-25 19:06:15] INFO: Simplifying the graph
[2026-03-25 19:06:15] INFO: >>>STAGE: contigger
[2026-03-25 19:06:15] INFO: Generating contigs
[2026-03-25 19:06:15] INFO: Reading sequences
[2026-03-25 19:06:16] INFO: Generated 2 contigs
[2026-03-25 19:06:16] INFO: Added 0 scaffold connections
[2026-03-25 19:06:16] INFO: >>>STAGE: polishing
[2026-03-25 19:06:16] INFO: Polishing genome (1/1)
[2026-03-25 19:06:16] INFO: Running minimap2
[2026-03-25 19:06:19] INFO: Separating alignment into bubbles
[2026-03-25 19:06:28] INFO: Alignment error rate: 0.002677
[2026-03-25 19:06:28] INFO: Correcting bubbles
0% 10% 20% 30% 40% 50% 60% 70% 80% 90% 100% 
[2026-03-25 19:06:38] INFO: >>>STAGE: finalize
[2026-03-25 19:06:38] INFO: Assembly statistics:

	Total length:	5308638
	Fragments:	2
	Fragments N50:	5264007
	Largest frg:	5264007
	Scaffolds:	0
	Mean coverage:	8

[2026-03-25 19:06:38] INFO: Final assembly: /data/djs217/PROJECTS/xanthomonas-genome-assemblies/xanthomonas_march_2026/hybracter-hybrid/processing/assemblies/NCPPB_4634/assembly.fasta
