[2026-03-25 16:37:50] INFO: Starting Flye 2.9.6-b1802
[2026-03-25 16:37:50] INFO: >>>STAGE: configure
[2026-03-25 16:37:50] INFO: Configuring run
[2026-03-25 16:37:51] INFO: Total read length: 44739427
[2026-03-25 16:37:51] INFO: Reads N50/N90: 29898 / 24378
[2026-03-25 16:37:51] INFO: Minimum overlap set to 10000
[2026-03-25 16:37:51] INFO: >>>STAGE: assembly
[2026-03-25 16:37:51] INFO: Assembling disjointigs
[2026-03-25 16:37:51] INFO: Reading sequences
[2026-03-25 16:37:52] INFO: Building minimizer index
[2026-03-25 16:37:52] INFO: Pre-calculating index storage
0% 10% 20% 30% 40% 50% 60% 70% 80% 90% 100% 
[2026-03-25 16:37:52] INFO: Filling index
0% 10% 20% 30% 40% 50% 60% 70% 80% 90% 100% 
[2026-03-25 16:37:56] INFO: Extending reads
[2026-03-25 16:38:23] INFO: Overlap-based coverage: 8
[2026-03-25 16:38:23] INFO: Median overlap divergence: 0.00353101
0% 70% 90% 100% 
[2026-03-25 16:38:24] INFO: Assembled 2 disjointigs
[2026-03-25 16:38:24] INFO: Generating sequence
0% 10% 20% 30% 40% 50% 60% 70% 80% 90% 100% 
[2026-03-25 16:38:25] INFO: Filtering contained disjointigs
0% 50% 100% 
[2026-03-25 16:38:26] INFO: Contained seqs: 0
[2026-03-25 16:38:26] INFO: >>>STAGE: consensus
[2026-03-25 16:38:26] INFO: Running Minimap2
[2026-03-25 16:38:29] INFO: Computing consensus
[2026-03-25 16:38:39] INFO: Alignment error rate: 0.004519
[2026-03-25 16:38:39] INFO: >>>STAGE: repeat
[2026-03-25 16:38:39] INFO: Building and resolving repeat graph
[2026-03-25 16:38:39] INFO: Parsing disjointigs
[2026-03-25 16:38:39] INFO: Building repeat graph
0% 50% 100% 
[2026-03-25 16:38:41] INFO: Median overlap divergence: 0.00255968
[2026-03-25 16:38:41] INFO: Parsing reads
[2026-03-25 16:38:42] INFO: Aligning reads to the graph
0% 10% 20% 30% 40% 50% 60% 70% 80% 90% 100% 
[2026-03-25 16:38:44] INFO: Aligned read sequence: 44525173 / 44739427 (0.995211)
[2026-03-25 16:38:44] INFO: Median overlap divergence: 0.00157619
[2026-03-25 16:38:44] INFO: Mean edge coverage: 8
[2026-03-25 16:38:44] INFO: Simplifying the graph
[2026-03-25 16:38:44] INFO: >>>STAGE: contigger
[2026-03-25 16:38:44] INFO: Generating contigs
[2026-03-25 16:38:44] INFO: Reading sequences
[2026-03-25 16:38:45] INFO: Generated 1 contigs
[2026-03-25 16:38:45] INFO: Added 0 scaffold connections
[2026-03-25 16:38:45] INFO: >>>STAGE: polishing
[2026-03-25 16:38:45] INFO: Polishing genome (1/1)
[2026-03-25 16:38:45] INFO: Running minimap2
[2026-03-25 16:38:48] INFO: Separating alignment into bubbles
[2026-03-25 16:39:02] INFO: Alignment error rate: 0.003371
[2026-03-25 16:39:02] INFO: Correcting bubbles
0% 10% 20% 30% 40% 50% 60% 70% 80% 90% 100% 
[2026-03-25 16:39:13] INFO: >>>STAGE: finalize
[2026-03-25 16:39:13] INFO: Assembly statistics:

	Total length:	5003733
	Fragments:	1
	Fragments N50:	5003733
	Largest frg:	5003733
	Scaffolds:	0
	Mean coverage:	8

[2026-03-25 16:39:13] INFO: Final assembly: /data/djs217/PROJECTS/xanthomonas-genome-assemblies/xanthomonas_march_2026/hybracter-hybrid/processing/assemblies/NCPPB_151/assembly.fasta
