[2026-03-23 20:13:04] INFO: Starting Flye 2.9.6-b1802
[2026-03-23 20:13:04] INFO: >>>STAGE: configure
[2026-03-23 20:13:04] INFO: Configuring run
[2026-03-23 20:13:05] INFO: Total read length: 44902157
[2026-03-23 20:13:05] INFO: Reads N50/N90: 38831 / 32679
[2026-03-23 20:13:05] INFO: Minimum overlap set to 10000
[2026-03-23 20:13:05] INFO: >>>STAGE: assembly
[2026-03-23 20:13:05] INFO: Assembling disjointigs
[2026-03-23 20:13:05] INFO: Reading sequences
[2026-03-23 20:13:06] INFO: Building minimizer index
[2026-03-23 20:13:06] INFO: Pre-calculating index storage
0% 10% 20% 30% 40% 50% 60% 70% 80% 90% 100% 
[2026-03-23 20:13:06] INFO: Filling index
0% 10% 20% 30% 40% 50% 60% 70% 80% 90% 100% 
[2026-03-23 20:13:10] INFO: Extending reads
[2026-03-23 20:13:39] INFO: Overlap-based coverage: 8
[2026-03-23 20:13:39] INFO: Median overlap divergence: 0.00316919
0% 90% 100% 
[2026-03-23 20:13:40] INFO: Assembled 1 disjointigs
[2026-03-23 20:13:40] INFO: Generating sequence
0% 10% 20% 30% 40% 50% 60% 70% 80% 90% 100% 
[2026-03-23 20:13:42] INFO: Filtering contained disjointigs
0% 100% 
[2026-03-23 20:13:43] INFO: Contained seqs: 0
[2026-03-23 20:13:43] INFO: >>>STAGE: consensus
[2026-03-23 20:13:43] INFO: Running Minimap2
[2026-03-23 20:13:47] INFO: Computing consensus
[2026-03-23 20:13:55] INFO: Alignment error rate: 0.003942
[2026-03-23 20:13:55] INFO: >>>STAGE: repeat
[2026-03-23 20:13:55] INFO: Building and resolving repeat graph
[2026-03-23 20:13:55] INFO: Parsing disjointigs
[2026-03-23 20:13:55] INFO: Building repeat graph
0% 100% 
[2026-03-23 20:13:57] INFO: Median overlap divergence: 0.0568153
[2026-03-23 20:13:57] INFO: Parsing reads
[2026-03-23 20:13:58] INFO: Aligning reads to the graph
0% 10% 20% 30% 40% 50% 60% 70% 80% 90% 100% 
[2026-03-23 20:14:00] INFO: Aligned read sequence: 44806842 / 44902157 (0.997877)
[2026-03-23 20:14:00] INFO: Median overlap divergence: 0.00149572
[2026-03-23 20:14:00] INFO: Mean edge coverage: 8
[2026-03-23 20:14:00] INFO: Simplifying the graph
[2026-03-23 20:14:00] INFO: >>>STAGE: contigger
[2026-03-23 20:14:00] INFO: Generating contigs
[2026-03-23 20:14:00] INFO: Reading sequences
[2026-03-23 20:14:01] INFO: Generated 1 contigs
[2026-03-23 20:14:01] INFO: Added 0 scaffold connections
[2026-03-23 20:14:01] INFO: >>>STAGE: polishing
[2026-03-23 20:14:01] INFO: Polishing genome (1/1)
[2026-03-23 20:14:01] INFO: Running minimap2
[2026-03-23 20:14:05] INFO: Separating alignment into bubbles
[2026-03-23 20:14:14] INFO: Alignment error rate: 0.002021
[2026-03-23 20:14:14] INFO: Correcting bubbles
0% 10% 20% 30% 40% 50% 60% 70% 80% 90% 100% 
[2026-03-23 20:14:25] INFO: >>>STAGE: finalize
[2026-03-23 20:14:25] INFO: Assembly statistics:

	Total length:	5333439
	Fragments:	1
	Fragments N50:	5333439
	Largest frg:	5333439
	Scaffolds:	0
	Mean coverage:	8

[2026-03-23 20:14:25] INFO: Final assembly: /data/djs217/PROJECTS/xanthomonas-genome-assemblies/xanthomonas_march_2026/hybracter-hybrid/processing/assemblies/NCPPB_1061/assembly.fasta
