[2026-03-24 22:16:30] INFO: Starting Flye 2.9.6-b1802
[2026-03-24 22:16:30] INFO: >>>STAGE: configure
[2026-03-24 22:16:30] INFO: Configuring run
[2026-03-24 22:16:31] INFO: Total read length: 44815524
[2026-03-24 22:16:31] INFO: Reads N50/N90: 36049 / 30852
[2026-03-24 22:16:31] INFO: Minimum overlap set to 10000
[2026-03-24 22:16:31] INFO: >>>STAGE: assembly
[2026-03-24 22:16:31] INFO: Assembling disjointigs
[2026-03-24 22:16:31] INFO: Reading sequences
[2026-03-24 22:16:32] INFO: Building minimizer index
[2026-03-24 22:16:32] INFO: Pre-calculating index storage
0% 10% 20% 30% 40% 50% 60% 70% 80% 90% 100% 
[2026-03-24 22:16:33] INFO: Filling index
0% 10% 20% 30% 40% 50% 60% 70% 80% 90% 100% 
[2026-03-24 22:16:37] INFO: Extending reads
[2026-03-24 22:17:05] INFO: Overlap-based coverage: 8
[2026-03-24 22:17:05] INFO: Median overlap divergence: 0.0032517
0% 90% 100% 
[2026-03-24 22:17:07] INFO: Assembled 1 disjointigs
[2026-03-24 22:17:07] INFO: Generating sequence
0% 10% 20% 30% 40% 50% 60% 70% 80% 90% 100% 
[2026-03-24 22:17:09] INFO: Filtering contained disjointigs
0% 100% 
[2026-03-24 22:17:10] INFO: Contained seqs: 0
[2026-03-24 22:17:10] INFO: >>>STAGE: consensus
[2026-03-24 22:17:10] INFO: Running Minimap2
[2026-03-24 22:17:14] INFO: Computing consensus
[2026-03-24 22:17:26] INFO: Alignment error rate: 0.011377
[2026-03-24 22:17:26] INFO: >>>STAGE: repeat
[2026-03-24 22:17:26] INFO: Building and resolving repeat graph
[2026-03-24 22:17:26] INFO: Parsing disjointigs
[2026-03-24 22:17:26] INFO: Building repeat graph
0% 100% 
[2026-03-24 22:17:28] INFO: Median overlap divergence: 0
[2026-03-24 22:17:28] INFO: Parsing reads
[2026-03-24 22:17:29] INFO: Aligning reads to the graph
0% 10% 20% 30% 40% 50% 60% 70% 80% 90% 100% 
[2026-03-24 22:17:31] INFO: Aligned read sequence: 43868986 / 44815524 (0.978879)
[2026-03-24 22:17:31] INFO: Median overlap divergence: 0.00149393
[2026-03-24 22:17:31] INFO: Mean edge coverage: 8
[2026-03-24 22:17:31] INFO: Simplifying the graph
[2026-03-24 22:17:32] INFO: >>>STAGE: contigger
[2026-03-24 22:17:32] INFO: Generating contigs
[2026-03-24 22:17:32] INFO: Reading sequences
[2026-03-24 22:17:32] INFO: Generated 1 contigs
[2026-03-24 22:17:32] INFO: Added 0 scaffold connections
[2026-03-24 22:17:33] INFO: >>>STAGE: polishing
[2026-03-24 22:17:33] INFO: Polishing genome (1/1)
[2026-03-24 22:17:33] INFO: Running minimap2
[2026-03-24 22:17:37] INFO: Separating alignment into bubbles
[2026-03-24 22:17:49] INFO: Alignment error rate: 0.009053
[2026-03-24 22:17:49] INFO: Correcting bubbles
0% 10% 20% 30% 40% 50% 60% 70% 80% 90% 100% 
[2026-03-24 22:17:58] INFO: >>>STAGE: finalize
[2026-03-24 22:17:58] INFO: Assembly statistics:

	Total length:	4869537
	Fragments:	1
	Fragments N50:	4869537
	Largest frg:	4869537
	Scaffolds:	0
	Mean coverage:	8

[2026-03-24 22:17:58] INFO: Final assembly: /data/djs217/PROJECTS/xanthomonas-genome-assemblies/xanthomonas_march_2026/hybracter-hybrid/processing/assemblies/NCPPB_1131/assembly.fasta
