[2026-03-25 19:03:54] INFO: Starting Flye 2.9.6-b1802
[2026-03-25 19:03:54] INFO: >>>STAGE: configure
[2026-03-25 19:03:54] INFO: Configuring run
[2026-03-25 19:03:55] INFO: Total read length: 44836803
[2026-03-25 19:03:55] INFO: Reads N50/N90: 34741 / 27720
[2026-03-25 19:03:55] INFO: Minimum overlap set to 10000
[2026-03-25 19:03:55] INFO: >>>STAGE: assembly
[2026-03-25 19:03:55] INFO: Assembling disjointigs
[2026-03-25 19:03:55] INFO: Reading sequences
[2026-03-25 19:03:56] INFO: Building minimizer index
[2026-03-25 19:03:56] INFO: Pre-calculating index storage
0% 10% 20% 30% 40% 50% 60% 70% 80% 90% 100% 
[2026-03-25 19:03:56] INFO: Filling index
0% 10% 20% 30% 40% 50% 60% 70% 80% 90% 100% 
[2026-03-25 19:04:01] INFO: Extending reads
[2026-03-25 19:04:33] INFO: Overlap-based coverage: 8
[2026-03-25 19:04:33] INFO: Median overlap divergence: 0.00349155
0% 90% 100% 
[2026-03-25 19:04:34] INFO: Assembled 1 disjointigs
[2026-03-25 19:04:34] INFO: Generating sequence
0% 10% 20% 30% 40% 50% 60% 70% 80% 90% 100% 
[2026-03-25 19:04:35] INFO: Filtering contained disjointigs
0% 100% 
[2026-03-25 19:04:37] INFO: Contained seqs: 0
[2026-03-25 19:04:37] INFO: >>>STAGE: consensus
[2026-03-25 19:04:37] INFO: Running Minimap2
[2026-03-25 19:04:41] INFO: Computing consensus
[2026-03-25 19:04:48] INFO: Alignment error rate: 0.004491
[2026-03-25 19:04:48] INFO: >>>STAGE: repeat
[2026-03-25 19:04:48] INFO: Building and resolving repeat graph
[2026-03-25 19:04:48] INFO: Parsing disjointigs
[2026-03-25 19:04:48] INFO: Building repeat graph
0% 100% 
[2026-03-25 19:04:51] INFO: Median overlap divergence: 0.00206624
[2026-03-25 19:04:51] INFO: Parsing reads
[2026-03-25 19:04:51] INFO: Aligning reads to the graph
0% 10% 20% 30% 40% 50% 60% 70% 80% 90% 100% 
[2026-03-25 19:04:53] INFO: Aligned read sequence: 44670543 / 44836803 (0.996292)
[2026-03-25 19:04:53] INFO: Median overlap divergence: 0.00157511
[2026-03-25 19:04:53] INFO: Mean edge coverage: 8
[2026-03-25 19:04:53] INFO: Simplifying the graph
[2026-03-25 19:04:54] INFO: >>>STAGE: contigger
[2026-03-25 19:04:54] INFO: Generating contigs
[2026-03-25 19:04:54] INFO: Reading sequences
[2026-03-25 19:04:54] INFO: Generated 1 contigs
[2026-03-25 19:04:54] INFO: Added 0 scaffold connections
[2026-03-25 19:04:55] INFO: >>>STAGE: polishing
[2026-03-25 19:04:55] INFO: Polishing genome (1/1)
[2026-03-25 19:04:55] INFO: Running minimap2
[2026-03-25 19:04:58] INFO: Separating alignment into bubbles
[2026-03-25 19:05:06] INFO: Alignment error rate: 0.002227
[2026-03-25 19:05:06] INFO: Correcting bubbles
0% 10% 20% 30% 40% 50% 60% 70% 80% 90% 100% 
[2026-03-25 19:05:18] INFO: >>>STAGE: finalize
[2026-03-25 19:05:18] INFO: Assembly statistics:

	Total length:	5029974
	Fragments:	1
	Fragments N50:	5029974
	Largest frg:	5029974
	Scaffolds:	0
	Mean coverage:	8

[2026-03-25 19:05:18] INFO: Final assembly: /data/djs217/PROJECTS/xanthomonas-genome-assemblies/xanthomonas_march_2026/hybracter-hybrid/processing/assemblies/NCPPB_4013/assembly.fasta
