/data/djs217/miniconda3/envs/hybracter_env/lib/python3.11/site-packages/hybracter/workflow/conda/7aafc1085ca44eee01942c03ca74ecad_/lib/python3.11/site-packages/medaka/common.py:16: UserWarning: pkg_resources is deprecated as an API. See https://setuptools.pypa.io/en/latest/pkg_resources.html. The pkg_resources package is slated for removal as early as 2025-11-30. Refrain from using this package or pin to Setuptools<81.
  from pkg_resources import resource_filename
/data/djs217/miniconda3/envs/hybracter_env/lib/python3.11/site-packages/hybracter/workflow/conda/7aafc1085ca44eee01942c03ca74ecad_/lib/python3.11/site-packages/medaka/common.py:16: UserWarning: pkg_resources is deprecated as an API. See https://setuptools.pypa.io/en/latest/pkg_resources.html. The pkg_resources package is slated for removal as early as 2025-11-30. Refrain from using this package or pin to Setuptools<81.
  from pkg_resources import resource_filename
/data/djs217/miniconda3/envs/hybracter_env/lib/python3.11/site-packages/hybracter/workflow/conda/7aafc1085ca44eee01942c03ca74ecad_/lib/python3.11/site-packages/medaka/common.py:16: UserWarning: pkg_resources is deprecated as an API. See https://setuptools.pypa.io/en/latest/pkg_resources.html. The pkg_resources package is slated for removal as early as 2025-11-30. Refrain from using this package or pin to Setuptools<81.
  from pkg_resources import resource_filename
[19:58:17 - MdlStrTGZ] Successfully removed temporary files from /tmp/tmpui_zcgvs.
/data/djs217/miniconda3/envs/hybracter_env/lib/python3.11/site-packages/hybracter/workflow/conda/7aafc1085ca44eee01942c03ca74ecad_/lib/python3.11/site-packages/medaka/common.py:16: UserWarning: pkg_resources is deprecated as an API. See https://setuptools.pypa.io/en/latest/pkg_resources.html. The pkg_resources package is slated for removal as early as 2025-11-30. Refrain from using this package or pin to Setuptools<81.
  from pkg_resources import resource_filename
[19:58:19 - MdlStrTGZ] Successfully removed temporary files from /tmp/tmp8rvdxd9i.
Creating fai index file /data/djs217/PROJECTS/xanthomonas-genome-assemblies/xanthomonas_march_2026/hybracter-hybrid-Xcc/processing/pre_polish/NCPPB_4682_xcc_chromosome_plus_plasmids.fasta.fai
Creating mmi index file /data/djs217/PROJECTS/xanthomonas-genome-assemblies/xanthomonas_march_2026/hybracter-hybrid-Xcc/processing/pre_polish/NCPPB_4682_xcc_chromosome_plus_plasmids.fasta.map-ont.mmi
[M::mm_idx_gen::0.171*1.02] collected minimizers
[M::mm_idx_gen::0.227*1.47] sorted minimizers
[M::main::0.285*1.38] loaded/built the index for 2 target sequence(s)
[M::mm_idx_stat] kmer size: 15; skip: 10; is_hpc: 0; #seq: 2
[M::mm_idx_stat::0.298*1.36] distinct minimizers: 876090 (94.50% are singletons); average occurrences: 1.082; average spacing: 5.361; total length: 5079479
[M::main] Version: 2.30-r1287
[M::main] CMD: minimap2 -I 16G -x map-ont -d /data/djs217/PROJECTS/xanthomonas-genome-assemblies/xanthomonas_march_2026/hybracter-hybrid-Xcc/processing/pre_polish/NCPPB_4682_xcc_chromosome_plus_plasmids.fasta.map-ont.mmi /data/djs217/PROJECTS/xanthomonas-genome-assemblies/xanthomonas_march_2026/hybracter-hybrid-Xcc/processing/pre_polish/NCPPB_4682_xcc_chromosome_plus_plasmids.fasta
[M::main] Real time: 0.303 sec; CPU: 0.410 sec; Peak RSS: 0.053 GB
[M::main::0.074*1.04] loaded/built the index for 2 target sequence(s)
[M::mm_mapopt_update::0.091*1.03] mid_occ = 16
[M::mm_idx_stat] kmer size: 15; skip: 10; is_hpc: 0; #seq: 2
[M::mm_idx_stat::0.104*1.03] distinct minimizers: 876090 (94.50% are singletons); average occurrences: 1.082; average spacing: 5.361; total length: 5079479
[M::worker_pipeline::30.432*4.92] mapped 44091 sequences
[M::main] Version: 2.30-r1287
[M::main] CMD: minimap2 -x map-ont --secondary=no -L --MD -A 2 -B 4 -O 4,24 -E 2,1 -t 12 -a /data/djs217/PROJECTS/xanthomonas-genome-assemblies/xanthomonas_march_2026/hybracter-hybrid-Xcc/processing/pre_polish/NCPPB_4682_xcc_chromosome_plus_plasmids.fasta.map-ont.mmi /data/djs217/PROJECTS/xanthomonas-genome-assemblies/xanthomonas_march_2026/hybracter-hybrid-Xcc/processing/qc/NCPPB_4682_xcc_filt_trim.fastq.gz
[M::main] Real time: 30.443 sec; CPU: 149.683 sec; Peak RSS: 1.144 GB
[bam_sort_core] merging from 0 files and 12 in-memory blocks...
/data/djs217/miniconda3/envs/hybracter_env/lib/python3.11/site-packages/hybracter/workflow/conda/7aafc1085ca44eee01942c03ca74ecad_/lib/python3.11/site-packages/medaka/common.py:16: UserWarning: pkg_resources is deprecated as an API. See https://setuptools.pypa.io/en/latest/pkg_resources.html. The pkg_resources package is slated for removal as early as 2025-11-30. Refrain from using this package or pin to Setuptools<81.
  from pkg_resources import resource_filename
[19:58:59 - Predict] Processing region(s): contig_1:0-5031365 1:0-48114
[19:58:59 - Predict] Using model: /data/djs217/miniconda3/envs/hybracter_env/lib/python3.11/site-packages/hybracter/workflow/conda/7aafc1085ca44eee01942c03ca74ecad_/lib/python3.11/site-packages/medaka/data/r1041_e82_400bps_sup_v5.0.0_model_pt.tar.gz.
[19:58:59 - Predict] Using minimum mapQ threshold of 1 for read filtering.
[19:58:59 - MdlStrTGZ] Model GRUModel(
  (gru): GRU(10, 128, num_layers=2, batch_first=True, bidirectional=True)
  (linear): Linear(in_features=256, out_features=5, bias=True)
)
[19:58:59 - MdlStrTGZ] loading weights from /tmp/tmp5damghjr/model/weights.pt
[19:59:00 - MdlStrTGZ] Successfully removed temporary files from /tmp/tmp5damghjr.
[19:59:00 - Predict] Model device: cpu
[19:59:00 - Predict] Running prediction at full precision
[19:59:00 - BAMFile] Creating pool of 16 BAM file sets.
[19:59:00 - Predict] Processing 7 long region(s) with batching.
[19:59:00 - Sampler] Initializing sampler for consensus of region contig_1:0-1000000.
[19:59:00 - Sampler] Initializing sampler for consensus of region contig_1:999000-1999000.
[19:59:00 - PWorker] Running inference for 5.1M draft bases.
[19:59:02 - Feature] Processed contig_1:999000.0-1998999.0 (median depth 84.0)
[19:59:02 - Sampler] Took 2.18s to make features.
[19:59:02 - Sampler] Initializing sampler for consensus of region contig_1:1998000-2998000.
[19:59:02 - Feature] Processed contig_1:0.0-999999.0 (median depth 87.0)
[19:59:02 - Sampler] Took 2.62s to make features.
[19:59:02 - Sampler] Initializing sampler for consensus of region contig_1:2997000-3997000.
[19:59:03 - Feature] Processed contig_1:1998000.0-2997999.0 (median depth 80.0)
[19:59:03 - Sampler] Took 1.11s to make features.
[19:59:03 - Sampler] Initializing sampler for consensus of region contig_1:3996000-4996000.
[19:59:03 - Feature] Processed contig_1:2997000.0-3996999.0 (median depth 84.0)
[19:59:03 - Sampler] Took 1.11s to make features.
[19:59:03 - Sampler] Initializing sampler for consensus of region contig_1:4995000-5031365.
[19:59:04 - Feature] Processed contig_1:4995000.0-5031364.0 (median depth 78.0)
[19:59:04 - Sampler] Took 0.33s to make features.
[19:59:04 - Sampler] Initializing sampler for consensus of region 1:0-48114.
[19:59:04 - Feature] Processed contig_1:3996000.0-4995999.0 (median depth 86.0)
[19:59:04 - Sampler] Took 1.03s to make features.
[19:59:04 - Feature] Processed 1:0.0-48113.0 (median depth 200.0)
[19:59:04 - Sampler] Took 0.51s to make features.
[19:59:12 - PWorker] Batches in cache: 7.
[19:59:12 - PWorker] 15.5% Done (0.8/5.1 Mbases) in 12.5s
[19:59:19 - PWorker] Batches in cache: 6.
[19:59:26 - PWorker] Batches in cache: 5.
[19:59:26 - PWorker] 46.6% Done (2.4/5.1 Mbases) in 25.9s
[19:59:32 - PWorker] Batches in cache: 4.
[19:59:39 - PWorker] Batches in cache: 3.
[19:59:39 - PWorker] 77.9% Done (4.0/5.1 Mbases) in 39.3s
[19:59:46 - PWorker] Batches in cache: 2.
[19:59:50 - PWorker] 100.0% Done (5.1/5.1 Mbases) in 50.6s
[19:59:50 - PWorker] Processed 7 batches
[19:59:50 - PWorker] All done, 0 remainder regions.
[19:59:51 - Predict] Finished processing all regions.
/data/djs217/miniconda3/envs/hybracter_env/lib/python3.11/site-packages/hybracter/workflow/conda/7aafc1085ca44eee01942c03ca74ecad_/lib/python3.11/site-packages/medaka/common.py:16: UserWarning: pkg_resources is deprecated as an API. See https://setuptools.pypa.io/en/latest/pkg_resources.html. The pkg_resources package is slated for removal as early as 2025-11-30. Refrain from using this package or pin to Setuptools<81.
  from pkg_resources import resource_filename
[19:59:53 - DataIndx] Loaded 1/1 (100.00%) sample files.
[19:59:53 - DataIndx] Loaded 1/1 (100.00%) sample files.
[19:59:53 - DataIndx] Loaded 1/1 (100.00%) sample files.
[19:59:53 - DataIndx] Loaded 1/1 (100.00%) sample files.
[19:59:53 - DataIndx] Loaded 1/1 (100.00%) sample files.
[19:59:53 - DataIndx] Loaded 1/1 (100.00%) sample files.
[19:59:53 - DataIndx] Loaded 1/1 (100.00%) sample files.
[19:59:53 - DataIndx] Loaded 1/1 (100.00%) sample files.
