[2026-03-22 13:30:12] INFO: Starting Flye 2.9.6-b1802
[2026-03-22 13:30:12] INFO: >>>STAGE: configure
[2026-03-22 13:30:12] INFO: Configuring run
[2026-03-22 13:30:17] INFO: Total read length: 395706891
[2026-03-22 13:30:17] INFO: Reads N50/N90: 19547 / 15841
[2026-03-22 13:30:17] INFO: Minimum overlap set to 10000
[2026-03-22 13:30:17] INFO: >>>STAGE: assembly
[2026-03-22 13:30:17] INFO: Assembling disjointigs
[2026-03-22 13:30:17] INFO: Reading sequences
[2026-03-22 13:30:22] INFO: Building minimizer index
[2026-03-22 13:30:22] INFO: Pre-calculating index storage
0% 10% 20% 30% 40% 50% 60% 70% 80% 90% 100% 
[2026-03-22 13:30:29] INFO: Filling index
0% 10% 20% 30% 40% 50% 60% 70% 80% 90% 100% 
[2026-03-22 13:30:42] INFO: Extending reads
[2026-03-22 13:32:18] INFO: Overlap-based coverage: 72
[2026-03-22 13:32:18] INFO: Median overlap divergence: 0.00464481
0% 90% 100% 
[2026-03-22 13:34:05] INFO: Assembled 1 disjointigs
[2026-03-22 13:34:05] INFO: Generating sequence
0% 10% 20% 30% 40% 50% 60% 70% 80% 90% 100% 
[2026-03-22 13:34:07] INFO: Filtering contained disjointigs
0% 100% 
[2026-03-22 13:34:08] INFO: Contained seqs: 0
[2026-03-22 13:34:08] INFO: >>>STAGE: consensus
[2026-03-22 13:34:08] INFO: Running Minimap2
[2026-03-22 13:34:33] INFO: Computing consensus
[2026-03-22 13:35:02] INFO: Alignment error rate: 0.008902
[2026-03-22 13:35:02] INFO: >>>STAGE: repeat
[2026-03-22 13:35:02] INFO: Building and resolving repeat graph
[2026-03-22 13:35:02] INFO: Parsing disjointigs
[2026-03-22 13:35:02] INFO: Building repeat graph
0% 100% 
[2026-03-22 13:35:04] INFO: Median overlap divergence: 0.00248491
[2026-03-22 13:35:04] INFO: Parsing reads
[2026-03-22 13:35:08] INFO: Aligning reads to the graph
0% 10% 20% 30% 40% 50% 60% 70% 80% 90% 100% 
[2026-03-22 13:35:19] INFO: Aligned read sequence: 388680768 / 395706891 (0.982244)
[2026-03-22 13:35:19] INFO: Median overlap divergence: 0.00209278
[2026-03-22 13:35:19] INFO: Mean edge coverage: 77
[2026-03-22 13:35:19] INFO: Simplifying the graph
[2026-03-22 13:35:19] INFO: >>>STAGE: contigger
[2026-03-22 13:35:19] INFO: Generating contigs
[2026-03-22 13:35:19] INFO: Reading sequences
[2026-03-22 13:35:24] INFO: Generated 1 contigs
[2026-03-22 13:35:24] INFO: Added 0 scaffold connections
[2026-03-22 13:35:24] INFO: >>>STAGE: polishing
[2026-03-22 13:35:24] INFO: Polishing genome (1/1)
[2026-03-22 13:35:24] INFO: Running minimap2
[2026-03-22 13:35:49] INFO: Separating alignment into bubbles
[2026-03-22 13:36:58] INFO: Alignment error rate: 0.004934
[2026-03-22 13:36:58] INFO: Correcting bubbles
0% 10% 20% 30% 40% 50% 60% 70% 80% 90% 100% 
[2026-03-22 13:37:18] INFO: >>>STAGE: finalize
[2026-03-22 13:37:18] INFO: Assembly statistics:

	Total length:	4989663
	Fragments:	1
	Fragments N50:	4989663
	Largest frg:	4989663
	Scaffolds:	0
	Mean coverage:	79

[2026-03-22 13:37:18] INFO: Final assembly: /data/djs217/PROJECTS/xanthomonas-genome-assemblies/pectobacterium/hybracter-hybrid/processing/assemblies/NCPPB_3074/assembly.fasta
