[2026-03-22 15:35:26] INFO: Starting Flye 2.9.6-b1802
[2026-03-22 15:35:26] INFO: >>>STAGE: configure
[2026-03-22 15:35:26] INFO: Configuring run
[2026-03-22 15:35:36] INFO: Total read length: 396417663
[2026-03-22 15:35:36] INFO: Reads N50/N90: 19719 / 15897
[2026-03-22 15:35:36] INFO: Minimum overlap set to 10000
[2026-03-22 15:35:36] INFO: >>>STAGE: assembly
[2026-03-22 15:35:36] INFO: Assembling disjointigs
[2026-03-22 15:35:36] INFO: Reading sequences
[2026-03-22 15:35:41] INFO: Building minimizer index
[2026-03-22 15:35:41] INFO: Pre-calculating index storage
0% 10% 20% 30% 40% 50% 60% 70% 80% 90% 100% 
[2026-03-22 15:35:44] INFO: Filling index
0% 10% 20% 30% 40% 50% 60% 70% 80% 90% 100% 
[2026-03-22 15:35:56] INFO: Extending reads
[2026-03-22 15:37:36] INFO: Overlap-based coverage: 78
[2026-03-22 15:37:36] INFO: Median overlap divergence: 0.0044927
0% 90% 100% 
[2026-03-22 15:38:25] INFO: Assembled 1 disjointigs
[2026-03-22 15:38:25] INFO: Generating sequence
0% 10% 20% 30% 40% 50% 60% 70% 80% 90% 100% 
[2026-03-22 15:38:26] INFO: Filtering contained disjointigs
0% 100% 
[2026-03-22 15:38:27] INFO: Contained seqs: 0
[2026-03-22 15:38:28] INFO: >>>STAGE: consensus
[2026-03-22 15:38:28] INFO: Running Minimap2
[2026-03-22 15:38:50] INFO: Computing consensus
[2026-03-22 15:39:39] INFO: Alignment error rate: 0.007846
[2026-03-22 15:39:39] INFO: >>>STAGE: repeat
[2026-03-22 15:39:39] INFO: Building and resolving repeat graph
[2026-03-22 15:39:39] INFO: Parsing disjointigs
[2026-03-22 15:39:39] INFO: Building repeat graph
0% 100% 
[2026-03-22 15:39:41] INFO: Median overlap divergence: 0.00150821
[2026-03-22 15:39:41] INFO: Parsing reads
[2026-03-22 15:39:46] INFO: Aligning reads to the graph
0% 10% 20% 30% 40% 50% 60% 70% 80% 90% 100% 
[2026-03-22 15:39:57] INFO: Aligned read sequence: 391067467 / 396417663 (0.986504)
[2026-03-22 15:39:57] INFO: Median overlap divergence: 0.00206089
[2026-03-22 15:39:57] INFO: Mean edge coverage: 80
[2026-03-22 15:39:57] INFO: Simplifying the graph
[2026-03-22 15:39:58] INFO: >>>STAGE: contigger
[2026-03-22 15:39:58] INFO: Generating contigs
[2026-03-22 15:39:58] INFO: Reading sequences
[2026-03-22 15:40:03] INFO: Generated 1 contigs
[2026-03-22 15:40:03] INFO: Added 0 scaffold connections
[2026-03-22 15:40:03] INFO: >>>STAGE: polishing
[2026-03-22 15:40:03] INFO: Polishing genome (1/1)
[2026-03-22 15:40:03] INFO: Running minimap2
[2026-03-22 15:40:25] INFO: Separating alignment into bubbles
[2026-03-22 15:41:30] INFO: Alignment error rate: 0.004001
[2026-03-22 15:41:30] INFO: Correcting bubbles
0% 10% 20% 30% 40% 50% 60% 70% 80% 90% 100% 
[2026-03-22 15:41:52] INFO: >>>STAGE: finalize
[2026-03-22 15:41:52] INFO: Assembly statistics:

	Total length:	4808937
	Fragments:	1
	Fragments N50:	4808937
	Largest frg:	4808937
	Scaffolds:	0
	Mean coverage:	82

[2026-03-22 15:41:52] INFO: Final assembly: /data/djs217/PROJECTS/xanthomonas-genome-assemblies/pectobacterium/hybracter-hybrid/processing/assemblies/NCPPB_552/assembly.fasta
