2026-03-30 19:27:54.268 | INFO     | pypolca.utils.validation:instantiate_dirs:23 - Checking the output directory hybracter-hybrid-misc2/processing/complete/pypolca/NCPPB_1713_lablab
2026-03-30 19:27:54.276 | INFO     | pypolca.utils.util:begin_pypolca:84 - pypolca: Standalone Python implementation of the POLCA polisher from MaSuRCA
2026-03-30 19:27:54.276 | INFO     | pypolca.utils.util:begin_pypolca:87 - You are using pypolca version 0.3.1

2026-03-30 19:27:54.276 | INFO     | pypolca.utils.util:begin_pypolca:88 - Repository homepage is https://github.com/gbouras13/pypolca.
2026-03-30 19:27:54.276 | INFO     | pypolca.utils.util:begin_pypolca:89 - Written by George Bouras: george.bouras@adelaide.edu.au adapting the original POLCA code by Aleksey Zimin.
2026-03-30 19:27:54.276 | INFO     | pypolca.utils.util:begin_pypolca:93 - Listing input parameters.
2026-03-30 19:27:54.276 | INFO     | pypolca.utils.util:begin_pypolca:95 - Parameter: --assembly hybracter-hybrid-misc2/processing/complete/polypolish/NCPPB_1713_lablab.fasta.
2026-03-30 19:27:54.276 | INFO     | pypolca.utils.util:begin_pypolca:95 - Parameter: --reads1 hybracter-hybrid-misc2/processing/qc/fastp/NCPPB_1713_lablab_1.fastq.gz.
2026-03-30 19:27:54.276 | INFO     | pypolca.utils.util:begin_pypolca:95 - Parameter: --reads2 hybracter-hybrid-misc2/processing/qc/fastp/NCPPB_1713_lablab_2.fastq.gz.
2026-03-30 19:27:54.276 | INFO     | pypolca.utils.util:begin_pypolca:95 - Parameter: --output hybracter-hybrid-misc2/processing/complete/pypolca/NCPPB_1713_lablab.
2026-03-30 19:27:54.276 | INFO     | pypolca.utils.util:begin_pypolca:95 - Parameter: --threads 8.
2026-03-30 19:27:54.276 | INFO     | pypolca.utils.util:begin_pypolca:95 - Parameter: --force True.
2026-03-30 19:27:54.276 | INFO     | pypolca.utils.util:begin_pypolca:95 - Parameter: --careful True.
2026-03-30 19:27:54.277 | INFO     | pypolca.utils.util:begin_pypolca:95 - Parameter: --min_alt 4.
2026-03-30 19:27:54.277 | INFO     | pypolca.utils.util:begin_pypolca:95 - Parameter: --min_ratio 3.
2026-03-30 19:27:54.277 | INFO     | pypolca.utils.util:begin_pypolca:95 - Parameter: --memory_limit 2G.
2026-03-30 19:27:54.277 | INFO     | pypolca.utils.util:begin_pypolca:95 - Parameter: --no_polish False.
2026-03-30 19:27:54.277 | INFO     | pypolca.utils.util:begin_pypolca:95 - Parameter: --prefix NCPPB_1713_lablab.
2026-03-30 19:27:54.294 | INFO     | pypolca.utils.validation:check_dependencies:112 - Samtools v1.22.1 found.
2026-03-30 19:27:54.301 | INFO     | pypolca.utils.validation:check_dependencies:123 - freebayes v1.3.6 found.
2026-03-30 19:27:54.305 | INFO     | pypolca.utils.validation:check_dependencies:140 - bwa v0.7.19-r1273 found.
2026-03-30 19:27:54.305 | INFO     | pypolca.utils.validation:validate_fasta:46 - Checking that the input file hybracter-hybrid-misc2/processing/complete/polypolish/NCPPB_1713_lablab.fasta is in FASTA format.
2026-03-30 19:27:54.305 | INFO     | pypolca.utils.validation:validate_fasta:51 - hybracter-hybrid-misc2/processing/complete/polypolish/NCPPB_1713_lablab.fasta file checked.
2026-03-30 19:27:54.306 | INFO     | pypolca.utils.validation:validate_fastq:73 - FASTQ hybracter-hybrid-misc2/processing/qc/fastp/NCPPB_1713_lablab_1.fastq.gz checked
2026-03-30 19:27:54.306 | INFO     | pypolca.utils.validation:validate_fastq:73 - FASTQ hybracter-hybrid-misc2/processing/qc/fastp/NCPPB_1713_lablab_2.fastq.gz checked
2026-03-30 19:27:54.306 | INFO     | pypolca:run:219 - Checking memory limit of 2G.
2026-03-30 19:27:54.306 | INFO     | pypolca:run:224 - Creating BWA index
2026-03-30 19:27:54.314 | INFO     | pypolca.utils.external_tools:run:50 - Started running bwa index hybracter-hybrid-misc2/processing/complete/pypolca/NCPPB_1713_lablab/temp/assembly.fasta ...
2026-03-30 19:27:57.602 | INFO     | pypolca.utils.external_tools:run:52 - Done running bwa index hybracter-hybrid-misc2/processing/complete/pypolca/NCPPB_1713_lablab/temp/assembly.fasta
2026-03-30 19:27:57.603 | INFO     | pypolca:run:230 - Aligning reads with BWA
2026-03-30 19:27:57.605 | INFO     | pypolca.utils.external_tools:run_to_stdout:59 - Started running bwa mem -SP -t 8 hybracter-hybrid-misc2/processing/complete/pypolca/NCPPB_1713_lablab/temp/assembly.fasta hybracter-hybrid-misc2/processing/qc/fastp/NCPPB_1713_lablab_1.fastq.gz hybracter-hybrid-misc2/processing/qc/fastp/NCPPB_1713_lablab_2.fastq.gz ...
2026-03-30 19:29:40.432 | INFO     | pypolca.utils.external_tools:run_to_stdout:61 - Done running bwa mem -SP -t 8 hybracter-hybrid-misc2/processing/complete/pypolca/NCPPB_1713_lablab/temp/assembly.fasta hybracter-hybrid-misc2/processing/qc/fastp/NCPPB_1713_lablab_1.fastq.gz hybracter-hybrid-misc2/processing/qc/fastp/NCPPB_1713_lablab_2.fastq.gz
2026-03-30 19:29:40.433 | INFO     | pypolca:run:237 - Sorting and indexing alignment file
2026-03-30 19:29:40.434 | INFO     | pypolca.utils.external_tools:run:50 - Started running samtools view -h -@ 8 -b hybracter-hybrid-misc2/processing/complete/pypolca/NCPPB_1713_lablab/temp/temp_bwa.sam -o hybracter-hybrid-misc2/processing/complete/pypolca/NCPPB_1713_lablab/temp/temp_bwa.bam ...
2026-03-30 19:30:11.693 | INFO     | pypolca.utils.external_tools:run:52 - Done running samtools view -h -@ 8 -b hybracter-hybrid-misc2/processing/complete/pypolca/NCPPB_1713_lablab/temp/temp_bwa.sam -o hybracter-hybrid-misc2/processing/complete/pypolca/NCPPB_1713_lablab/temp/temp_bwa.bam
2026-03-30 19:30:11.695 | INFO     | pypolca.utils.external_tools:run:50 - Started running samtools sort -m 2G -@ 8 hybracter-hybrid-misc2/processing/complete/pypolca/NCPPB_1713_lablab/temp/temp_bwa.bam -o hybracter-hybrid-misc2/processing/complete/pypolca/NCPPB_1713_lablab/temp/temp_bwa_sorted.bam ...
2026-03-30 19:30:46.440 | INFO     | pypolca.utils.external_tools:run:52 - Done running samtools sort -m 2G -@ 8 hybracter-hybrid-misc2/processing/complete/pypolca/NCPPB_1713_lablab/temp/temp_bwa.bam -o hybracter-hybrid-misc2/processing/complete/pypolca/NCPPB_1713_lablab/temp/temp_bwa_sorted.bam
2026-03-30 19:30:46.445 | INFO     | pypolca.utils.external_tools:run:50 - Started running samtools index -@ hybracter-hybrid-misc2/processing/complete/pypolca/NCPPB_1713_lablab/temp/temp_bwa_sorted.bam ...
2026-03-30 19:30:46.452 | INFO     | pypolca.utils.external_tools:run:52 - Done running samtools index -@ hybracter-hybrid-misc2/processing/complete/pypolca/NCPPB_1713_lablab/temp/temp_bwa_sorted.bam
2026-03-30 19:30:46.453 | INFO     | pypolca:run:244 - Calling variants.
2026-03-30 19:30:46.454 | INFO     | pypolca.utils.external_tools:run:50 - Started running samtools faidx hybracter-hybrid-misc2/processing/complete/pypolca/NCPPB_1713_lablab/temp/assembly.fasta ...
2026-03-30 19:30:46.529 | INFO     | pypolca.utils.external_tools:run:52 - Done running samtools faidx hybracter-hybrid-misc2/processing/complete/pypolca/NCPPB_1713_lablab/temp/assembly.fasta
2026-03-30 19:30:46.531 | INFO     | pypolca.utils.external_tools:run:50 - Started running freebayes -m 0 --min-coverage 3 -R 0 -p 1 -F 0.2 -E 0 -b hybracter-hybrid-misc2/processing/complete/pypolca/NCPPB_1713_lablab/temp/temp_bwa_sorted.bam -f hybracter-hybrid-misc2/processing/complete/pypolca/NCPPB_1713_lablab/temp/assembly.fasta -v hybracter-hybrid-misc2/processing/complete/pypolca/NCPPB_1713_lablab/NCPPB_1713_lablab.vcf ...
2026-03-30 19:35:57.320 | INFO     | pypolca.utils.external_tools:run:52 - Done running freebayes -m 0 --min-coverage 3 -R 0 -p 1 -F 0.2 -E 0 -b hybracter-hybrid-misc2/processing/complete/pypolca/NCPPB_1713_lablab/temp/temp_bwa_sorted.bam -f hybracter-hybrid-misc2/processing/complete/pypolca/NCPPB_1713_lablab/temp/assembly.fasta -v hybracter-hybrid-misc2/processing/complete/pypolca/NCPPB_1713_lablab/NCPPB_1713_lablab.vcf
2026-03-30 19:35:57.346 | INFO     | pypolca.utils.fix_consensus_from_vcf:fix_consensus_from_vcf:134 - POLCA has found variants. Fixing
2026-03-30 19:35:57.407 | INFO     | pypolca.utils.report:create_report:27 - Stats BEFORE polishing:
2026-03-30 19:35:57.408 | INFO     | pypolca.utils.report:create_report:29 - Substitution Errors Found: 0
2026-03-30 19:35:57.408 | INFO     | pypolca.utils.report:create_report:31 - Insertion/Deletion Errors Found: 2
2026-03-30 19:35:57.408 | INFO     | pypolca.utils.report:create_report:33 - Assembly Size: 5410604
2026-03-30 19:35:57.408 | INFO     | pypolca.utils.report:create_report:35 - Consensus Quality Before Polishing: 100.0
2026-03-30 19:35:57.408 | INFO     | pypolca.utils.report:create_report:37 - Consensus QV Before Polishing: 64.32
2026-03-30 19:35:57.409 | INFO     | pypolca:run:267 - Final report is in hybracter-hybrid-misc2/processing/complete/pypolca/NCPPB_1713_lablab/NCPPB_1713_lablab.report; polished assembly is in hybracter-hybrid-misc2/processing/complete/pypolca/NCPPB_1713_lablab/NCPPB_1713_lablab_corrected.fasta
2026-03-30 19:35:59.042 | INFO     | pypolca.utils.util:end_pypolca:110 - pypolca has finished
2026-03-30 19:35:59.043 | INFO     | pypolca.utils.util:end_pypolca:111 - Elapsed time: 484.77 seconds
