/data/djs217/miniconda3/envs/hybracter_env/lib/python3.11/site-packages/hybracter/workflow/conda/7aafc1085ca44eee01942c03ca74ecad_/lib/python3.11/site-packages/medaka/common.py:16: UserWarning: pkg_resources is deprecated as an API. See https://setuptools.pypa.io/en/latest/pkg_resources.html. The pkg_resources package is slated for removal as early as 2025-11-30. Refrain from using this package or pin to Setuptools<81.
  from pkg_resources import resource_filename
/data/djs217/miniconda3/envs/hybracter_env/lib/python3.11/site-packages/hybracter/workflow/conda/7aafc1085ca44eee01942c03ca74ecad_/lib/python3.11/site-packages/medaka/common.py:16: UserWarning: pkg_resources is deprecated as an API. See https://setuptools.pypa.io/en/latest/pkg_resources.html. The pkg_resources package is slated for removal as early as 2025-11-30. Refrain from using this package or pin to Setuptools<81.
  from pkg_resources import resource_filename
/data/djs217/miniconda3/envs/hybracter_env/lib/python3.11/site-packages/hybracter/workflow/conda/7aafc1085ca44eee01942c03ca74ecad_/lib/python3.11/site-packages/medaka/common.py:16: UserWarning: pkg_resources is deprecated as an API. See https://setuptools.pypa.io/en/latest/pkg_resources.html. The pkg_resources package is slated for removal as early as 2025-11-30. Refrain from using this package or pin to Setuptools<81.
  from pkg_resources import resource_filename
[12:07:58 - MdlStrTGZ] Successfully removed temporary files from /tmp/tmp0v6qqb2_.
/data/djs217/miniconda3/envs/hybracter_env/lib/python3.11/site-packages/hybracter/workflow/conda/7aafc1085ca44eee01942c03ca74ecad_/lib/python3.11/site-packages/medaka/common.py:16: UserWarning: pkg_resources is deprecated as an API. See https://setuptools.pypa.io/en/latest/pkg_resources.html. The pkg_resources package is slated for removal as early as 2025-11-30. Refrain from using this package or pin to Setuptools<81.
  from pkg_resources import resource_filename
[12:07:59 - MdlStrTGZ] Successfully removed temporary files from /tmp/tmpirv2jp7c.
Creating fai index file /data/djs217/PROJECTS/xanthomonas-genome-assemblies/PRJNA1129911-cassiae/hybracter-hybrid/processing/complete/dnaapler/NCPPB_2973/NCPPB_2973_reoriented_chrom_and_plasmids.fasta.fai
Creating mmi index file /data/djs217/PROJECTS/xanthomonas-genome-assemblies/PRJNA1129911-cassiae/hybracter-hybrid/processing/complete/dnaapler/NCPPB_2973/NCPPB_2973_reoriented_chrom_and_plasmids.fasta.map-ont.mmi
[M::mm_idx_gen::0.147*1.01] collected minimizers
[M::mm_idx_gen::0.212*1.59] sorted minimizers
[M::main::0.273*1.45] loaded/built the index for 3 target sequence(s)
[M::mm_idx_stat] kmer size: 15; skip: 10; is_hpc: 0; #seq: 3
[M::mm_idx_stat::0.285*1.43] distinct minimizers: 905475 (94.16% are singletons); average occurrences: 1.083; average spacing: 5.355; total length: 5253170
[M::main] Version: 2.30-r1287
[M::main] CMD: minimap2 -I 16G -x map-ont -d /data/djs217/PROJECTS/xanthomonas-genome-assemblies/PRJNA1129911-cassiae/hybracter-hybrid/processing/complete/dnaapler/NCPPB_2973/NCPPB_2973_reoriented_chrom_and_plasmids.fasta.map-ont.mmi /data/djs217/PROJECTS/xanthomonas-genome-assemblies/PRJNA1129911-cassiae/hybracter-hybrid/processing/complete/dnaapler/NCPPB_2973/NCPPB_2973_reoriented_chrom_and_plasmids.fasta
[M::main] Real time: 0.292 sec; CPU: 0.416 sec; Peak RSS: 0.054 GB
[M::main::0.080*1.04] loaded/built the index for 3 target sequence(s)
[M::mm_mapopt_update::0.099*1.03] mid_occ = 16
[M::mm_idx_stat] kmer size: 15; skip: 10; is_hpc: 0; #seq: 3
[M::mm_idx_stat::0.113*1.03] distinct minimizers: 905475 (94.16% are singletons); average occurrences: 1.083; average spacing: 5.355; total length: 5253170
[M::worker_pipeline::5.787*6.47] mapped 9614 sequences
[M::main] Version: 2.30-r1287
[M::main] CMD: minimap2 -x map-ont --secondary=no -L --MD -A 2 -B 4 -O 4,24 -E 2,1 -t 16 -a /data/djs217/PROJECTS/xanthomonas-genome-assemblies/PRJNA1129911-cassiae/hybracter-hybrid/processing/complete/dnaapler/NCPPB_2973/NCPPB_2973_reoriented_chrom_and_plasmids.fasta.map-ont.mmi /data/djs217/PROJECTS/xanthomonas-genome-assemblies/PRJNA1129911-cassiae/hybracter-hybrid/processing/qc/NCPPB_2973_filt_trim.fastq.gz
[M::main] Real time: 5.808 sec; CPU: 37.465 sec; Peak RSS: 1.709 GB
[bam_sort_core] merging from 0 files and 16 in-memory blocks...
/data/djs217/miniconda3/envs/hybracter_env/lib/python3.11/site-packages/hybracter/workflow/conda/7aafc1085ca44eee01942c03ca74ecad_/lib/python3.11/site-packages/medaka/common.py:16: UserWarning: pkg_resources is deprecated as an API. See https://setuptools.pypa.io/en/latest/pkg_resources.html. The pkg_resources package is slated for removal as early as 2025-11-30. Refrain from using this package or pin to Setuptools<81.
  from pkg_resources import resource_filename
[12:08:09 - Predict] Processing region(s): contig_5:0-5087635 1:0-125752 2:0-39783
[12:08:09 - Predict] Using model: /data/djs217/miniconda3/envs/hybracter_env/lib/python3.11/site-packages/hybracter/workflow/conda/7aafc1085ca44eee01942c03ca74ecad_/lib/python3.11/site-packages/medaka/data/r1041_e82_400bps_sup_v5.0.0_model_pt.tar.gz.
[12:08:09 - Predict] Using minimum mapQ threshold of 1 for read filtering.
[12:08:09 - MdlStrTGZ] Model GRUModel(
  (gru): GRU(10, 128, num_layers=2, batch_first=True, bidirectional=True)
  (linear): Linear(in_features=256, out_features=5, bias=True)
)
[12:08:09 - MdlStrTGZ] loading weights from /tmp/tmpl94vz29x/model/weights.pt
[12:08:09 - MdlStrTGZ] Successfully removed temporary files from /tmp/tmpl94vz29x.
[12:08:09 - Predict] Model device: cpu
[12:08:09 - Predict] Running prediction at full precision
[12:08:09 - BAMFile] Creating pool of 16 BAM file sets.
[12:08:09 - Predict] Processing 8 long region(s) with batching.
[12:08:09 - Sampler] Initializing sampler for consensus of region contig_5:0-1000000.
[12:08:09 - Sampler] Initializing sampler for consensus of region contig_5:999000-1999000.
[12:08:09 - PWorker] Running inference for 5.3M draft bases.
[12:08:11 - Feature] Processed contig_5:0.0-999999.0 (median depth 16.0)
[12:08:11 - Sampler] Took 2.27s to make features.
[12:08:11 - Sampler] Initializing sampler for consensus of region contig_5:1998000-2998000.
[12:08:12 - Feature] Processed contig_5:999000.0-1998999.0 (median depth 13.0)
[12:08:12 - Sampler] Took 2.52s to make features.
[12:08:12 - Sampler] Initializing sampler for consensus of region contig_5:2997000-3997000.
[12:08:13 - Feature] Processed contig_5:1998000.0-2997999.0 (median depth 11.0)
[12:08:13 - Sampler] Took 1.38s to make features.
[12:08:13 - Sampler] Initializing sampler for consensus of region contig_5:3996000-4996000.
[12:08:13 - Feature] Processed contig_5:2997000.0-3996999.0 (median depth 13.0)
[12:08:13 - Sampler] Took 1.43s to make features.
[12:08:13 - Sampler] Initializing sampler for consensus of region contig_5:4995000-5087635.
[12:08:13 - Feature] Processed contig_5:4995000.0-5087634.0 (median depth 15.0)
[12:08:13 - Sampler] Took 0.35s to make features.
[12:08:13 - Sampler] Initializing sampler for consensus of region 1:0-125752.
[12:08:14 - Feature] Processed 1:0.0-125751.0 (median depth 14.0)
[12:08:14 - Sampler] Took 0.28s to make features.
[12:08:14 - Sampler] Initializing sampler for consensus of region 2:0-39783.
[12:08:14 - Feature] Processed 2:0.0-39782.0 (median depth 16.0)
[12:08:14 - Sampler] Took 0.18s to make features.
[12:08:14 - Feature] Processed contig_5:3996000.0-4995999.0 (median depth 15.0)
[12:08:14 - Sampler] Took 1.18s to make features.
[12:40:26 - PWorker] Batches in cache: 7.
[12:40:26 - PWorker] 15.7% Done (0.8/5.3 Mbases) in 1937.0s
[13:12:46 - PWorker] Batches in cache: 6.
[13:12:46 - PWorker] 31.5% Done (1.7/5.3 Mbases) in 3876.9s
[13:44:57 - PWorker] Batches in cache: 5.
[13:44:57 - PWorker] 47.6% Done (2.5/5.3 Mbases) in 5808.0s
[14:17:12 - PWorker] Batches in cache: 4.
[14:17:12 - PWorker] 63.5% Done (3.3/5.3 Mbases) in 7743.1s
[14:49:22 - PWorker] Batches in cache: 3.
[14:49:22 - PWorker] 79.3% Done (4.2/5.3 Mbases) in 9673.4s
[15:21:29 - PWorker] Batches in cache: 2.
[15:21:29 - PWorker] 94.9% Done (5.0/5.3 Mbases) in 11600.1s
[15:42:53 - PWorker] Batches in cache: 1.
[15:42:53 - PWorker] 100.0% Done (5.3/5.3 Mbases) in 12884.0s
[15:42:53 - PWorker] Processed 7 batches
[15:42:53 - PWorker] All done, 0 remainder regions.
[15:42:53 - Predict] Finished processing all regions.
/data/djs217/miniconda3/envs/hybracter_env/lib/python3.11/site-packages/hybracter/workflow/conda/7aafc1085ca44eee01942c03ca74ecad_/lib/python3.11/site-packages/medaka/common.py:16: UserWarning: pkg_resources is deprecated as an API. See https://setuptools.pypa.io/en/latest/pkg_resources.html. The pkg_resources package is slated for removal as early as 2025-11-30. Refrain from using this package or pin to Setuptools<81.
  from pkg_resources import resource_filename
[15:42:57 - DataIndx] Loaded 1/1 (100.00%) sample files.
[15:42:57 - DataIndx] Loaded 1/1 (100.00%) sample files.
[15:42:57 - DataIndx] Loaded 1/1 (100.00%) sample files.
[15:42:57 - DataIndx] Loaded 1/1 (100.00%) sample files.
[15:42:57 - DataIndx] Loaded 1/1 (100.00%) sample files.
[15:42:57 - DataIndx] Loaded 1/1 (100.00%) sample files.
[15:42:57 - DataIndx] Loaded 1/1 (100.00%) sample files.
[15:42:57 - DataIndx] Loaded 1/1 (100.00%) sample files.
[15:42:57 - DataIndx] Loaded 1/1 (100.00%) sample files.
