/data/djs217/miniconda3/envs/hybracter_env/lib/python3.11/site-packages/hybracter/workflow/conda/7aafc1085ca44eee01942c03ca74ecad_/lib/python3.11/site-packages/medaka/common.py:16: UserWarning: pkg_resources is deprecated as an API. See https://setuptools.pypa.io/en/latest/pkg_resources.html. The pkg_resources package is slated for removal as early as 2025-11-30. Refrain from using this package or pin to Setuptools<81.
  from pkg_resources import resource_filename
/data/djs217/miniconda3/envs/hybracter_env/lib/python3.11/site-packages/hybracter/workflow/conda/7aafc1085ca44eee01942c03ca74ecad_/lib/python3.11/site-packages/medaka/common.py:16: UserWarning: pkg_resources is deprecated as an API. See https://setuptools.pypa.io/en/latest/pkg_resources.html. The pkg_resources package is slated for removal as early as 2025-11-30. Refrain from using this package or pin to Setuptools<81.
  from pkg_resources import resource_filename
/data/djs217/miniconda3/envs/hybracter_env/lib/python3.11/site-packages/hybracter/workflow/conda/7aafc1085ca44eee01942c03ca74ecad_/lib/python3.11/site-packages/medaka/common.py:16: UserWarning: pkg_resources is deprecated as an API. See https://setuptools.pypa.io/en/latest/pkg_resources.html. The pkg_resources package is slated for removal as early as 2025-11-30. Refrain from using this package or pin to Setuptools<81.
  from pkg_resources import resource_filename
[09:17:56 - MdlStrTGZ] Successfully removed temporary files from /tmp/tmprx9s32a_.
/data/djs217/miniconda3/envs/hybracter_env/lib/python3.11/site-packages/hybracter/workflow/conda/7aafc1085ca44eee01942c03ca74ecad_/lib/python3.11/site-packages/medaka/common.py:16: UserWarning: pkg_resources is deprecated as an API. See https://setuptools.pypa.io/en/latest/pkg_resources.html. The pkg_resources package is slated for removal as early as 2025-11-30. Refrain from using this package or pin to Setuptools<81.
  from pkg_resources import resource_filename
[09:17:59 - MdlStrTGZ] Successfully removed temporary files from /tmp/tmpppo75y5m.
Creating fai index file /data/djs217/PROJECTS/xanthomonas-genome-assemblies/xanthomonas_march_2026/hybracter-hybrid-misc/processing/complete/dnaapler/NCPPB_1932_guizotiae/NCPPB_1932_guizotiae_reoriented_chrom_and_plasmids.fasta.fai
Creating mmi index file /data/djs217/PROJECTS/xanthomonas-genome-assemblies/xanthomonas_march_2026/hybracter-hybrid-misc/processing/complete/dnaapler/NCPPB_1932_guizotiae/NCPPB_1932_guizotiae_reoriented_chrom_and_plasmids.fasta.map-ont.mmi
[M::mm_idx_gen::0.153*1.00] collected minimizers
[M::mm_idx_gen::0.196*1.39] sorted minimizers
[M::main::0.257*1.30] loaded/built the index for 2 target sequence(s)
[M::mm_idx_stat] kmer size: 15; skip: 10; is_hpc: 0; #seq: 2
[M::mm_idx_stat::0.270*1.28] distinct minimizers: 851179 (93.64% are singletons); average occurrences: 1.099; average spacing: 5.358; total length: 5010160
[M::main] Version: 2.30-r1287
[M::main] CMD: minimap2 -I 16G -x map-ont -d /data/djs217/PROJECTS/xanthomonas-genome-assemblies/xanthomonas_march_2026/hybracter-hybrid-misc/processing/complete/dnaapler/NCPPB_1932_guizotiae/NCPPB_1932_guizotiae_reoriented_chrom_and_plasmids.fasta.map-ont.mmi /data/djs217/PROJECTS/xanthomonas-genome-assemblies/xanthomonas_march_2026/hybracter-hybrid-misc/processing/complete/dnaapler/NCPPB_1932_guizotiae/NCPPB_1932_guizotiae_reoriented_chrom_and_plasmids.fasta
[M::main] Real time: 0.275 sec; CPU: 0.351 sec; Peak RSS: 0.047 GB
[M::main::0.059*1.01] loaded/built the index for 2 target sequence(s)
[M::mm_mapopt_update::0.076*1.01] mid_occ = 29
[M::mm_idx_stat] kmer size: 15; skip: 10; is_hpc: 0; #seq: 2
[M::mm_idx_stat::0.088*1.01] distinct minimizers: 851179 (93.64% are singletons); average occurrences: 1.099; average spacing: 5.358; total length: 5010160
[M::worker_pipeline::27.140*5.98] mapped 23942 sequences
[M::main] Version: 2.30-r1287
[M::main] CMD: minimap2 -x map-ont --secondary=no -L --MD -A 2 -B 4 -O 4,24 -E 2,1 -t 12 -a /data/djs217/PROJECTS/xanthomonas-genome-assemblies/xanthomonas_march_2026/hybracter-hybrid-misc/processing/complete/dnaapler/NCPPB_1932_guizotiae/NCPPB_1932_guizotiae_reoriented_chrom_and_plasmids.fasta.map-ont.mmi /data/djs217/PROJECTS/xanthomonas-genome-assemblies/xanthomonas_march_2026/hybracter-hybrid-misc/processing/qc/NCPPB_1932_guizotiae_filt_trim.fastq.gz
[M::main] Real time: 27.154 sec; CPU: 162.299 sec; Peak RSS: 1.246 GB
[bam_sort_core] merging from 0 files and 12 in-memory blocks...
/data/djs217/miniconda3/envs/hybracter_env/lib/python3.11/site-packages/hybracter/workflow/conda/7aafc1085ca44eee01942c03ca74ecad_/lib/python3.11/site-packages/medaka/common.py:16: UserWarning: pkg_resources is deprecated as an API. See https://setuptools.pypa.io/en/latest/pkg_resources.html. The pkg_resources package is slated for removal as early as 2025-11-30. Refrain from using this package or pin to Setuptools<81.
  from pkg_resources import resource_filename
[09:18:34 - Predict] Processing region(s): contig_1:0-4950152 1:0-60008
[09:18:34 - Predict] Using model: /data/djs217/miniconda3/envs/hybracter_env/lib/python3.11/site-packages/hybracter/workflow/conda/7aafc1085ca44eee01942c03ca74ecad_/lib/python3.11/site-packages/medaka/data/r1041_e82_400bps_sup_v5.0.0_model_pt.tar.gz.
[09:18:34 - Predict] Using minimum mapQ threshold of 1 for read filtering.
[09:18:34 - MdlStrTGZ] Model GRUModel(
  (gru): GRU(10, 128, num_layers=2, batch_first=True, bidirectional=True)
  (linear): Linear(in_features=256, out_features=5, bias=True)
)
[09:18:34 - MdlStrTGZ] loading weights from /tmp/tmp3ootqop2/model/weights.pt
[09:18:34 - MdlStrTGZ] Successfully removed temporary files from /tmp/tmp3ootqop2.
[09:18:34 - Predict] Model device: cpu
[09:18:34 - Predict] Running prediction at full precision
[09:18:34 - BAMFile] Creating pool of 16 BAM file sets.
[09:18:34 - Predict] Processing 6 long region(s) with batching.
[09:18:34 - Sampler] Initializing sampler for consensus of region contig_1:0-1000000.
[09:18:34 - Sampler] Initializing sampler for consensus of region contig_1:999000-1999000.
[09:18:34 - PWorker] Running inference for 5.0M draft bases.
[09:18:36 - Feature] Processed contig_1:0.0-999999.0 (median depth 91.0)
[09:18:36 - Sampler] Took 1.88s to make features.
[09:18:36 - Sampler] Initializing sampler for consensus of region contig_1:1998000-2998000.
[09:18:37 - Feature] Processed contig_1:999000.0-1998999.0 (median depth 84.0)
[09:18:37 - Sampler] Took 2.12s to make features.
[09:18:37 - Sampler] Initializing sampler for consensus of region contig_1:2997000-3997000.
[09:18:37 - Feature] Processed contig_1:1998000.0-2997999.0 (median depth 83.0)
[09:18:37 - Sampler] Took 1.13s to make features.
[09:18:37 - Sampler] Initializing sampler for consensus of region contig_1:3996000-4950152.
[09:18:38 - Feature] Processed contig_1:2997000.0-3996999.0 (median depth 86.0)
[09:18:38 - Sampler] Took 1.08s to make features.
[09:18:38 - Sampler] Initializing sampler for consensus of region 1:0-60008.
[09:18:38 - Feature] Processed 1:0.0-60007.0 (median depth 106.0)
[09:18:38 - Sampler] Took 0.33s to make features.
[09:18:39 - Feature] Processed contig_1:3996000.0-4950151.0 (median depth 89.0)
[09:18:39 - Sampler] Took 1.31s to make features.
[09:18:46 - PWorker] Batches in cache: 6.
[09:18:46 - PWorker] 16.8% Done (0.8/5.0 Mbases) in 11.7s
[09:18:54 - PWorker] Batches in cache: 5.
[09:19:02 - PWorker] Batches in cache: 4.
[09:19:02 - PWorker] 50.6% Done (2.5/5.0 Mbases) in 27.7s
[09:19:10 - PWorker] Batches in cache: 3.
[09:19:18 - PWorker] Batches in cache: 2.
[09:19:18 - PWorker] 84.0% Done (4.2/5.0 Mbases) in 43.3s
[09:19:25 - PWorker] Batches in cache: 1.
[09:19:25 - PWorker] Processed 6 batches
[09:19:25 - PWorker] All done, 0 remainder regions.
[09:19:25 - Predict] Finished processing all regions.
/data/djs217/miniconda3/envs/hybracter_env/lib/python3.11/site-packages/hybracter/workflow/conda/7aafc1085ca44eee01942c03ca74ecad_/lib/python3.11/site-packages/medaka/common.py:16: UserWarning: pkg_resources is deprecated as an API. See https://setuptools.pypa.io/en/latest/pkg_resources.html. The pkg_resources package is slated for removal as early as 2025-11-30. Refrain from using this package or pin to Setuptools<81.
  from pkg_resources import resource_filename
[09:19:28 - DataIndx] Loaded 1/1 (100.00%) sample files.
[09:19:28 - DataIndx] Loaded 1/1 (100.00%) sample files.
[09:19:28 - DataIndx] Loaded 1/1 (100.00%) sample files.
[09:19:28 - DataIndx] Loaded 1/1 (100.00%) sample files.
[09:19:28 - DataIndx] Loaded 1/1 (100.00%) sample files.
[09:19:28 - DataIndx] Loaded 1/1 (100.00%) sample files.
[09:19:28 - DataIndx] Loaded 1/1 (100.00%) sample files.
