/data/djs217/miniconda3/envs/hybracter_env/lib/python3.11/site-packages/hybracter/workflow/conda/7aafc1085ca44eee01942c03ca74ecad_/lib/python3.11/site-packages/medaka/common.py:16: UserWarning: pkg_resources is deprecated as an API. See https://setuptools.pypa.io/en/latest/pkg_resources.html. The pkg_resources package is slated for removal as early as 2025-11-30. Refrain from using this package or pin to Setuptools<81.
  from pkg_resources import resource_filename
/data/djs217/miniconda3/envs/hybracter_env/lib/python3.11/site-packages/hybracter/workflow/conda/7aafc1085ca44eee01942c03ca74ecad_/lib/python3.11/site-packages/medaka/common.py:16: UserWarning: pkg_resources is deprecated as an API. See https://setuptools.pypa.io/en/latest/pkg_resources.html. The pkg_resources package is slated for removal as early as 2025-11-30. Refrain from using this package or pin to Setuptools<81.
  from pkg_resources import resource_filename
/data/djs217/miniconda3/envs/hybracter_env/lib/python3.11/site-packages/hybracter/workflow/conda/7aafc1085ca44eee01942c03ca74ecad_/lib/python3.11/site-packages/medaka/common.py:16: UserWarning: pkg_resources is deprecated as an API. See https://setuptools.pypa.io/en/latest/pkg_resources.html. The pkg_resources package is slated for removal as early as 2025-11-30. Refrain from using this package or pin to Setuptools<81.
  from pkg_resources import resource_filename
[05:04:20 - MdlStrTGZ] Successfully removed temporary files from /tmp/tmp70vw8wbf.
/data/djs217/miniconda3/envs/hybracter_env/lib/python3.11/site-packages/hybracter/workflow/conda/7aafc1085ca44eee01942c03ca74ecad_/lib/python3.11/site-packages/medaka/common.py:16: UserWarning: pkg_resources is deprecated as an API. See https://setuptools.pypa.io/en/latest/pkg_resources.html. The pkg_resources package is slated for removal as early as 2025-11-30. Refrain from using this package or pin to Setuptools<81.
  from pkg_resources import resource_filename
[05:04:22 - MdlStrTGZ] Successfully removed temporary files from /tmp/tmp0r_alvw9.
Creating fai index file /data/djs217/PROJECTS/xanthomonas-genome-assemblies/xanthomonas_march_2026/hybracter-hybrid-misc/processing/complete/dnaapler/NCPPB_4632_dyei/NCPPB_4632_dyei_reoriented_chrom_and_plasmids.fasta.fai
Creating mmi index file /data/djs217/PROJECTS/xanthomonas-genome-assemblies/xanthomonas_march_2026/hybracter-hybrid-misc/processing/complete/dnaapler/NCPPB_4632_dyei/NCPPB_4632_dyei_reoriented_chrom_and_plasmids.fasta.map-ont.mmi
[M::mm_idx_gen::0.193*1.02] collected minimizers
[M::mm_idx_gen::0.251*1.46] sorted minimizers
[M::main::0.316*1.37] loaded/built the index for 2 target sequence(s)
[M::mm_idx_stat] kmer size: 15; skip: 10; is_hpc: 0; #seq: 2
[M::mm_idx_stat::0.331*1.35] distinct minimizers: 908850 (94.69% are singletons); average occurrences: 1.074; average spacing: 5.356; total length: 5226601
[M::main] Version: 2.30-r1287
[M::main] CMD: minimap2 -I 16G -x map-ont -d /data/djs217/PROJECTS/xanthomonas-genome-assemblies/xanthomonas_march_2026/hybracter-hybrid-misc/processing/complete/dnaapler/NCPPB_4632_dyei/NCPPB_4632_dyei_reoriented_chrom_and_plasmids.fasta.map-ont.mmi /data/djs217/PROJECTS/xanthomonas-genome-assemblies/xanthomonas_march_2026/hybracter-hybrid-misc/processing/complete/dnaapler/NCPPB_4632_dyei/NCPPB_4632_dyei_reoriented_chrom_and_plasmids.fasta
[M::main] Real time: 0.338 sec; CPU: 0.453 sec; Peak RSS: 0.053 GB
[M::main::0.084*1.03] loaded/built the index for 2 target sequence(s)
[M::mm_mapopt_update::0.106*1.03] mid_occ = 13
[M::mm_idx_stat] kmer size: 15; skip: 10; is_hpc: 0; #seq: 2
[M::mm_idx_stat::0.122*1.02] distinct minimizers: 908850 (94.69% are singletons); average occurrences: 1.074; average spacing: 5.356; total length: 5226601
[M::worker_pipeline::25.133*5.87] mapped 20938 sequences
[M::main] Version: 2.30-r1287
[M::main] CMD: minimap2 -x map-ont --secondary=no -L --MD -A 2 -B 4 -O 4,24 -E 2,1 -t 12 -a /data/djs217/PROJECTS/xanthomonas-genome-assemblies/xanthomonas_march_2026/hybracter-hybrid-misc/processing/complete/dnaapler/NCPPB_4632_dyei/NCPPB_4632_dyei_reoriented_chrom_and_plasmids.fasta.map-ont.mmi /data/djs217/PROJECTS/xanthomonas-genome-assemblies/xanthomonas_march_2026/hybracter-hybrid-misc/processing/qc/NCPPB_4632_dyei_filt_trim.fastq.gz
[M::main] Real time: 25.144 sec; CPU: 147.654 sec; Peak RSS: 1.066 GB
[bam_sort_core] merging from 0 files and 12 in-memory blocks...
/data/djs217/miniconda3/envs/hybracter_env/lib/python3.11/site-packages/hybracter/workflow/conda/7aafc1085ca44eee01942c03ca74ecad_/lib/python3.11/site-packages/medaka/common.py:16: UserWarning: pkg_resources is deprecated as an API. See https://setuptools.pypa.io/en/latest/pkg_resources.html. The pkg_resources package is slated for removal as early as 2025-11-30. Refrain from using this package or pin to Setuptools<81.
  from pkg_resources import resource_filename
[05:04:55 - Predict] Processing region(s): contig_2:0-5182442 1:0-44159
[05:04:55 - Predict] Using model: /data/djs217/miniconda3/envs/hybracter_env/lib/python3.11/site-packages/hybracter/workflow/conda/7aafc1085ca44eee01942c03ca74ecad_/lib/python3.11/site-packages/medaka/data/r1041_e82_400bps_sup_v5.0.0_model_pt.tar.gz.
[05:04:55 - Predict] Using minimum mapQ threshold of 1 for read filtering.
[05:04:55 - MdlStrTGZ] Model GRUModel(
  (gru): GRU(10, 128, num_layers=2, batch_first=True, bidirectional=True)
  (linear): Linear(in_features=256, out_features=5, bias=True)
)
[05:04:55 - MdlStrTGZ] loading weights from /tmp/tmp2lgfpd6e/model/weights.pt
[05:04:55 - MdlStrTGZ] Successfully removed temporary files from /tmp/tmp2lgfpd6e.
[05:04:55 - Predict] Model device: cpu
[05:04:55 - Predict] Running prediction at full precision
[05:04:55 - BAMFile] Creating pool of 16 BAM file sets.
[05:04:55 - Predict] Processing 7 long region(s) with batching.
[05:04:55 - Sampler] Initializing sampler for consensus of region contig_2:0-1000000.
[05:04:55 - Sampler] Initializing sampler for consensus of region contig_2:999000-1999000.
[05:04:55 - PWorker] Running inference for 5.2M draft bases.
[05:04:58 - Feature] Processed contig_2:0.0-999999.0 (median depth 86.0)
[05:04:58 - Sampler] Took 2.17s to make features.
[05:04:58 - Sampler] Initializing sampler for consensus of region contig_2:1998000-2998000.
[05:04:58 - Feature] Processed contig_2:999000.0-1998999.0 (median depth 79.0)
[05:04:58 - Sampler] Took 2.33s to make features.
[05:04:58 - Sampler] Initializing sampler for consensus of region contig_2:2997000-3997000.
[05:04:59 - Feature] Processed contig_2:1998000.0-2997999.0 (median depth 77.0)
[05:04:59 - Sampler] Took 1.14s to make features.
[05:04:59 - Sampler] Initializing sampler for consensus of region contig_2:3996000-4996000.
[05:04:59 - Feature] Processed contig_2:2997000.0-3996999.0 (median depth 83.0)
[05:04:59 - Sampler] Took 1.15s to make features.
[05:04:59 - Sampler] Initializing sampler for consensus of region contig_2:4995000-5182442.
[05:05:00 - Feature] Processed contig_2:4995000.0-5182441.0 (median depth 92.0)
[05:05:00 - Sampler] Took 0.73s to make features.
[05:05:00 - Sampler] Initializing sampler for consensus of region 1:0-44159.
[05:05:00 - Feature] Processed 1:0.0-44158.0 (median depth 176.0)
[05:05:00 - Sampler] Took 0.44s to make features.
[05:05:00 - Feature] Processed contig_2:3996000.0-4995999.0 (median depth 87.0)
[05:05:00 - Sampler] Took 1.33s to make features.
[05:05:08 - PWorker] Batches in cache: 7.
[05:05:08 - PWorker] 16.1% Done (0.8/5.2 Mbases) in 12.3s
[05:05:15 - PWorker] Batches in cache: 6.
[05:05:22 - PWorker] Batches in cache: 5.
[05:05:22 - PWorker] 48.3% Done (2.5/5.2 Mbases) in 26.8s
[05:05:29 - PWorker] Batches in cache: 4.
[05:05:36 - PWorker] Batches in cache: 3.
[05:05:36 - PWorker] 80.6% Done (4.2/5.2 Mbases) in 40.6s
[05:05:43 - PWorker] Batches in cache: 2.
[05:05:45 - PWorker] Processed 7 batches
[05:05:45 - PWorker] All done, 0 remainder regions.
[05:05:45 - Predict] Finished processing all regions.
/data/djs217/miniconda3/envs/hybracter_env/lib/python3.11/site-packages/hybracter/workflow/conda/7aafc1085ca44eee01942c03ca74ecad_/lib/python3.11/site-packages/medaka/common.py:16: UserWarning: pkg_resources is deprecated as an API. See https://setuptools.pypa.io/en/latest/pkg_resources.html. The pkg_resources package is slated for removal as early as 2025-11-30. Refrain from using this package or pin to Setuptools<81.
  from pkg_resources import resource_filename
[05:05:48 - DataIndx] Loaded 1/1 (100.00%) sample files.
[05:05:48 - DataIndx] Loaded 1/1 (100.00%) sample files.
[05:05:48 - DataIndx] Loaded 1/1 (100.00%) sample files.
[05:05:48 - DataIndx] Loaded 1/1 (100.00%) sample files.
[05:05:48 - DataIndx] Loaded 1/1 (100.00%) sample files.
[05:05:48 - DataIndx] Loaded 1/1 (100.00%) sample files.
[05:05:48 - DataIndx] Loaded 1/1 (100.00%) sample files.
[05:05:48 - DataIndx] Loaded 1/1 (100.00%) sample files.
