/data/djs217/miniconda3/envs/hybracter_env/lib/python3.11/site-packages/hybracter/workflow/conda/7aafc1085ca44eee01942c03ca74ecad_/lib/python3.11/site-packages/medaka/common.py:16: UserWarning: pkg_resources is deprecated as an API. See https://setuptools.pypa.io/en/latest/pkg_resources.html. The pkg_resources package is slated for removal as early as 2025-11-30. Refrain from using this package or pin to Setuptools<81.
  from pkg_resources import resource_filename
/data/djs217/miniconda3/envs/hybracter_env/lib/python3.11/site-packages/hybracter/workflow/conda/7aafc1085ca44eee01942c03ca74ecad_/lib/python3.11/site-packages/medaka/common.py:16: UserWarning: pkg_resources is deprecated as an API. See https://setuptools.pypa.io/en/latest/pkg_resources.html. The pkg_resources package is slated for removal as early as 2025-11-30. Refrain from using this package or pin to Setuptools<81.
  from pkg_resources import resource_filename
/data/djs217/miniconda3/envs/hybracter_env/lib/python3.11/site-packages/hybracter/workflow/conda/7aafc1085ca44eee01942c03ca74ecad_/lib/python3.11/site-packages/medaka/common.py:16: UserWarning: pkg_resources is deprecated as an API. See https://setuptools.pypa.io/en/latest/pkg_resources.html. The pkg_resources package is slated for removal as early as 2025-11-30. Refrain from using this package or pin to Setuptools<81.
  from pkg_resources import resource_filename
[07:49:56 - MdlStrTGZ] Successfully removed temporary files from /tmp/tmpt3qt7muo.
/data/djs217/miniconda3/envs/hybracter_env/lib/python3.11/site-packages/hybracter/workflow/conda/7aafc1085ca44eee01942c03ca74ecad_/lib/python3.11/site-packages/medaka/common.py:16: UserWarning: pkg_resources is deprecated as an API. See https://setuptools.pypa.io/en/latest/pkg_resources.html. The pkg_resources package is slated for removal as early as 2025-11-30. Refrain from using this package or pin to Setuptools<81.
  from pkg_resources import resource_filename
[07:49:59 - MdlStrTGZ] Successfully removed temporary files from /tmp/tmpcv4sviks.
Creating fai index file /data/djs217/PROJECTS/xanthomonas-genome-assemblies/xanthomonas_march_2026/hybracter-hybrid-misc/processing/complete/dnaapler/NCPPB_4013_asclepiadis/NCPPB_4013_asclepiadis_reoriented_chrom_and_plasmids.fasta.fai
Creating mmi index file /data/djs217/PROJECTS/xanthomonas-genome-assemblies/xanthomonas_march_2026/hybracter-hybrid-misc/processing/complete/dnaapler/NCPPB_4013_asclepiadis/NCPPB_4013_asclepiadis_reoriented_chrom_and_plasmids.fasta.map-ont.mmi
[M::mm_idx_gen::0.169*1.02] collected minimizers
[M::mm_idx_gen::0.227*1.48] sorted minimizers
[M::main::0.289*1.38] loaded/built the index for 2 target sequence(s)
[M::mm_idx_stat] kmer size: 15; skip: 10; is_hpc: 0; #seq: 2
[M::mm_idx_stat::0.302*1.36] distinct minimizers: 861060 (94.30% are singletons); average occurrences: 1.094; average spacing: 5.360; total length: 5051022
[M::main] Version: 2.30-r1287
[M::main] CMD: minimap2 -I 16G -x map-ont -d /data/djs217/PROJECTS/xanthomonas-genome-assemblies/xanthomonas_march_2026/hybracter-hybrid-misc/processing/complete/dnaapler/NCPPB_4013_asclepiadis/NCPPB_4013_asclepiadis_reoriented_chrom_and_plasmids.fasta.map-ont.mmi /data/djs217/PROJECTS/xanthomonas-genome-assemblies/xanthomonas_march_2026/hybracter-hybrid-misc/processing/complete/dnaapler/NCPPB_4013_asclepiadis/NCPPB_4013_asclepiadis_reoriented_chrom_and_plasmids.fasta
[M::main] Real time: 0.308 sec; CPU: 0.417 sec; Peak RSS: 0.051 GB
[M::main::0.077*1.04] loaded/built the index for 2 target sequence(s)
[M::mm_mapopt_update::0.095*1.03] mid_occ = 38
[M::mm_idx_stat] kmer size: 15; skip: 10; is_hpc: 0; #seq: 2
[M::mm_idx_stat::0.108*1.03] distinct minimizers: 861060 (94.30% are singletons); average occurrences: 1.094; average spacing: 5.360; total length: 5051022
[M::worker_pipeline::27.730*6.32] mapped 30806 sequences
[M::main] Version: 2.30-r1287
[M::main] CMD: minimap2 -x map-ont --secondary=no -L --MD -A 2 -B 4 -O 4,24 -E 2,1 -t 12 -a /data/djs217/PROJECTS/xanthomonas-genome-assemblies/xanthomonas_march_2026/hybracter-hybrid-misc/processing/complete/dnaapler/NCPPB_4013_asclepiadis/NCPPB_4013_asclepiadis_reoriented_chrom_and_plasmids.fasta.map-ont.mmi /data/djs217/PROJECTS/xanthomonas-genome-assemblies/xanthomonas_march_2026/hybracter-hybrid-misc/processing/qc/NCPPB_4013_asclepiadis_filt_trim.fastq.gz
[M::main] Real time: 27.743 sec; CPU: 175.195 sec; Peak RSS: 1.327 GB
[bam_sort_core] merging from 0 files and 12 in-memory blocks...
/data/djs217/miniconda3/envs/hybracter_env/lib/python3.11/site-packages/hybracter/workflow/conda/7aafc1085ca44eee01942c03ca74ecad_/lib/python3.11/site-packages/medaka/common.py:16: UserWarning: pkg_resources is deprecated as an API. See https://setuptools.pypa.io/en/latest/pkg_resources.html. The pkg_resources package is slated for removal as early as 2025-11-30. Refrain from using this package or pin to Setuptools<81.
  from pkg_resources import resource_filename
[07:50:35 - Predict] Processing region(s): contig_1:0-5029949 2:0-21073
[07:50:35 - Predict] Using model: /data/djs217/miniconda3/envs/hybracter_env/lib/python3.11/site-packages/hybracter/workflow/conda/7aafc1085ca44eee01942c03ca74ecad_/lib/python3.11/site-packages/medaka/data/r1041_e82_400bps_sup_v5.0.0_model_pt.tar.gz.
[07:50:35 - Predict] Using minimum mapQ threshold of 1 for read filtering.
[07:50:35 - MdlStrTGZ] Model GRUModel(
  (gru): GRU(10, 128, num_layers=2, batch_first=True, bidirectional=True)
  (linear): Linear(in_features=256, out_features=5, bias=True)
)
[07:50:35 - MdlStrTGZ] loading weights from /tmp/tmpj6s32xz8/model/weights.pt
[07:50:35 - MdlStrTGZ] Successfully removed temporary files from /tmp/tmpj6s32xz8.
[07:50:35 - Predict] Model device: cpu
[07:50:35 - Predict] Running prediction at full precision
[07:50:35 - BAMFile] Creating pool of 16 BAM file sets.
[07:50:35 - Predict] Processing 7 long region(s) with batching.
[07:50:35 - Sampler] Initializing sampler for consensus of region contig_1:0-1000000.
[07:50:35 - Sampler] Initializing sampler for consensus of region contig_1:999000-1999000.
[07:50:35 - PWorker] Running inference for 5.1M draft bases.
[07:50:37 - Feature] Processed contig_1:0.0-999999.0 (median depth 98.0)
[07:50:37 - Sampler] Took 2.02s to make features.
[07:50:37 - Sampler] Initializing sampler for consensus of region contig_1:1998000-2998000.
[07:50:37 - Feature] Processed contig_1:999000.0-1998999.0 (median depth 82.0)
[07:50:37 - Sampler] Took 2.06s to make features.
[07:50:37 - Sampler] Initializing sampler for consensus of region contig_1:2997000-3997000.
[07:50:38 - Feature] Processed contig_1:1998000.0-2997999.0 (median depth 72.0)
[07:50:38 - Sampler] Took 1.16s to make features.
[07:50:38 - Sampler] Initializing sampler for consensus of region contig_1:3996000-4996000.
[07:50:38 - Feature] Processed contig_1:2997000.0-3996999.0 (median depth 81.0)
[07:50:38 - Sampler] Took 1.18s to make features.
[07:50:38 - Sampler] Initializing sampler for consensus of region contig_1:4995000-5029949.
[07:50:38 - Feature] Processed contig_1:4995000.0-5029948.0 (median depth 99.0)
[07:50:38 - Sampler] Took 0.35s to make features.
[07:50:38 - Sampler] Initializing sampler for consensus of region 2:0-21073.
[07:50:38 - Feature] Processed 2:0.0-21072.0 (median depth 65.0)
[07:50:38 - Sampler] Took 0.17s to make features.
[07:50:39 - Feature] Processed contig_1:3996000.0-4995999.0 (median depth 99.0)
[07:50:39 - Sampler] Took 1.44s to make features.
[07:50:47 - PWorker] Batches in cache: 7.
[07:50:47 - PWorker] 16.4% Done (0.8/5.1 Mbases) in 12.2s
[07:50:55 - PWorker] Batches in cache: 6.
[07:51:02 - PWorker] Batches in cache: 5.
[07:51:02 - PWorker] 49.7% Done (2.5/5.1 Mbases) in 27.7s
[07:51:10 - PWorker] Batches in cache: 4.
[07:51:18 - PWorker] Batches in cache: 3.
[07:51:18 - PWorker] 83.2% Done (4.2/5.1 Mbases) in 42.9s
[07:51:25 - PWorker] Batches in cache: 2.
[07:51:27 - PWorker] Processed 7 batches
[07:51:27 - PWorker] All done, 0 remainder regions.
[07:51:27 - Predict] Finished processing all regions.
/data/djs217/miniconda3/envs/hybracter_env/lib/python3.11/site-packages/hybracter/workflow/conda/7aafc1085ca44eee01942c03ca74ecad_/lib/python3.11/site-packages/medaka/common.py:16: UserWarning: pkg_resources is deprecated as an API. See https://setuptools.pypa.io/en/latest/pkg_resources.html. The pkg_resources package is slated for removal as early as 2025-11-30. Refrain from using this package or pin to Setuptools<81.
  from pkg_resources import resource_filename
[07:51:29 - DataIndx] Loaded 1/1 (100.00%) sample files.
[07:51:30 - DataIndx] Loaded 1/1 (100.00%) sample files.
[07:51:30 - DataIndx] Loaded 1/1 (100.00%) sample files.
[07:51:30 - DataIndx] Loaded 1/1 (100.00%) sample files.
[07:51:30 - DataIndx] Loaded 1/1 (100.00%) sample files.
[07:51:30 - DataIndx] Loaded 1/1 (100.00%) sample files.
[07:51:30 - DataIndx] Loaded 1/1 (100.00%) sample files.
[07:51:30 - DataIndx] Loaded 1/1 (100.00%) sample files.
