
[1;4;93mStarting Polypolish polish[0m [2m(2026-04-10 17:54:11)[0m
[2m    Polypolish is a tool for polishing genome assemblies with short reads.
Unlike other tools in this category, Polypolish uses SAM files where each read
has been aligned to all possible locations (not just a single best location).
This allows it to repair errors in repeat regions that other alignment-based
polishers cannot fix.[0m

Polypolish version: 0.6.1

Input assembly:
  hybracter-hybrid/processing/complete/medaka_rd_2/WHRI_8892A/consensus.fasta

Input short-read alignments:
  hybracter-hybrid/processing/complete/bwa/WHRI_8892A_1.sam
  hybracter-hybrid/processing/complete/bwa/WHRI_8892A_2.sam

Settings:
  --fraction_invalid 0.2
  --fraction_valid 0.5
  --max_errors 10
  --min_depth 5
  not logging debugging information


[1;4;93mLoading assembly[0m [2m(2026-04-10 17:54:11)[0m
contig_1 (5,054,662 bp)


[1;4;93mLoading alignments[0m [2m(2026-04-10 17:54:11)[0m
hybracter-hybrid/processing/complete/bwa/WHRI_8892A_1.sam: 6,739,425 alignments from 6,021,844 reads
hybracter-hybrid/processing/complete/bwa/WHRI_8892A_2.sam: 6,740,784 alignments from 6,021,040 reads

Filtering for high-quality end-to-end alignments:
  13,074,700 alignments kept
  405,509 alignments discarded


[1;4;93mPolishing assembly sequences[0m [2m(2026-04-10 17:55:00)[0m
[2m    For each position in the assembly, Polypolish determines the read depth
at that position and collects all aligned bases. It then polishes the assembly
by looking for positions where the pileup unambiguously supports a different
sequence than the assembly.[0m

Polishing contig_1 (5,054,662 bp):
  mean read depth: 348.6x
  3 bp have a depth of zero (99.9999% coverage)
  2,275 positions changed (0.0450% of total positions)
  estimated pre-polishing sequence accuracy: 99.9550% (Q33.47)


[1;4;93mFinished![0m [2m(2026-04-10 17:55:00)[0m
Polished sequence (to stdout):
  contig_1_polypolish (5,056,563 bp)

Time to run: 0:00:49.452090

