/data/djs217/miniconda3/envs/hybracter_env/lib/python3.11/site-packages/hybracter/workflow/conda/78019da34467f1ccbd2a1e2321558605_/lib/python3.12/site-packages/click/core.py:1213: UserWarning: The parameter --flye_directory is used more than once. Remove its duplicate as parameters should be unique.
  parser = self.make_parser(ctx)
/data/djs217/miniconda3/envs/hybracter_env/lib/python3.11/site-packages/hybracter/workflow/conda/78019da34467f1ccbd2a1e2321558605_/lib/python3.12/site-packages/click/core.py:1206: UserWarning: The parameter --flye_directory is used more than once. Remove its duplicate as parameters should be unique.
  self.parse_args(ctx, args)
2026-03-28 18:21:22.446 | INFO     | plassembler:begin_plassembler:101 - You are using Plassembler version 1.8.1

2026-03-28 18:21:22.446 | INFO     | plassembler:begin_plassembler:102 - Repository homepage is https://github.com/gbouras13/plassembler
2026-03-28 18:21:22.446 | INFO     | plassembler:begin_plassembler:103 - Written by George Bouras: george.bouras@adelaide.edu.au
2026-03-28 18:21:22.447 | INFO     | plassembler:run:412 - Database directory is /data/djs217/miniconda3/envs/hybracter_env/lib/python3.11/site-packages/hybracter/workflow/../databases
2026-03-28 18:21:22.447 | INFO     | plassembler:run:413 - Longreads file is hybracter-hybrid-Xcc/processing/qc/NCPPB_4682_xcc_filt_trim.fastq.gz
2026-03-28 18:21:22.447 | INFO     | plassembler:run:414 - R1 fasta file is hybracter-hybrid-Xcc/processing/qc/fastp/NCPPB_4682_xcc_1.fastq.gz
2026-03-28 18:21:22.447 | INFO     | plassembler:run:415 - R2 fasta file is hybracter-hybrid-Xcc/processing/qc/fastp/NCPPB_4682_xcc_2.fastq.gz
2026-03-28 18:21:22.447 | INFO     | plassembler:run:416 - Chromosome length threshold is 4500000
2026-03-28 18:21:22.447 | INFO     | plassembler:run:417 - Output directory is hybracter-hybrid-Xcc/processing/plassembler/NCPPB_4682_xcc
2026-03-28 18:21:22.447 | INFO     | plassembler:run:418 - Min long read length is 500
2026-03-28 18:21:22.447 | INFO     | plassembler:run:419 - Min long read quality is 9
2026-03-28 18:21:22.447 | INFO     | plassembler:run:420 - Thread count is 12
2026-03-28 18:21:22.447 | INFO     | plassembler:run:421 - --force is True
2026-03-28 18:21:22.447 | INFO     | plassembler:run:422 - --skip_qc is True
2026-03-28 18:21:22.447 | INFO     | plassembler:run:423 - --raw_flag is False
2026-03-28 18:21:22.447 | INFO     | plassembler:run:424 - --pacbio_model is nothing
2026-03-28 18:21:22.447 | INFO     | plassembler:run:425 - --keep_fastqs is False
2026-03-28 18:21:22.447 | INFO     | plassembler:run:426 - --keep_chromosome is False
2026-03-28 18:21:22.447 | INFO     | plassembler:run:427 - --flye_directory is hybracter-hybrid-Xcc/processing/assemblies/NCPPB_4682_xcc
2026-03-28 18:21:22.447 | INFO     | plassembler:run:428 - --flye_assembly is nothing
2026-03-28 18:21:22.447 | INFO     | plassembler:run:429 - --flye_info is nothing
2026-03-28 18:21:22.447 | INFO     | plassembler:run:430 - --no_chromosome is False
2026-03-28 18:21:22.447 | INFO     | plassembler:run:431 - --use_raven is False
2026-03-28 18:21:22.447 | INFO     | plassembler:run:432 - --depth_filter is 0.25
2026-03-28 18:21:22.447 | INFO     | plassembler:run:433 - --unicycler_options is None
2026-03-28 18:21:22.447 | INFO     | plassembler:run:434 - --spades_options is None
2026-03-28 18:21:22.448 | INFO     | plassembler:run:435 - --skip_mash is False
2026-03-28 18:21:22.448 | INFO     | plassembler:run:439 - Checking dependencies
2026-03-28 18:21:22.521 | INFO     | plassembler.utils.input_commands:check_dependencies:199 - Flye version found is v2.9.6-b1802.
2026-03-28 18:21:22.522 | INFO     | plassembler.utils.input_commands:check_dependencies:209 - Flye version is ok.
2026-03-28 18:21:22.576 | INFO     | plassembler.utils.input_commands:check_dependencies:218 - Raven v1.8.3 found.
2026-03-28 18:21:22.576 | INFO     | plassembler.utils.input_commands:check_dependencies:220 - Raven version is ok.
2026-03-28 18:21:22.774 | INFO     | plassembler.utils.input_commands:check_dependencies:242 - Unicycler version found is v0.5.1.
2026-03-28 18:21:22.774 | INFO     | plassembler.utils.input_commands:check_dependencies:255 - Unicycler version is ok.
2026-03-28 18:21:22.984 | INFO     | plassembler.utils.input_commands:check_dependencies:265 - SPAdes v4.2.0 found.
2026-03-28 18:21:23.112 | INFO     | plassembler.utils.input_commands:check_dependencies:278 - Samtools v1.22.1 found.
2026-03-28 18:21:23.138 | INFO     | plassembler.utils.input_commands:check_dependencies:289 - minimap2 v2.30-r1287 found.
2026-03-28 18:21:23.143 | INFO     | plassembler.utils.input_commands:check_dependencies:300 - fastp v1.0.1 found.
2026-03-28 18:21:23.209 | INFO     | plassembler.utils.input_commands:check_dependencies:311 - chopper v0.11.0 found.
2026-03-28 18:21:23.369 | INFO     | plassembler.utils.input_commands:check_dependencies:326 - mash v2.3 found.
2026-03-28 18:21:25.206 | INFO     | plassembler.utils.input_commands:check_dependencies:337 - canu v2.2 found.
2026-03-28 18:21:26.317 | INFO     | plassembler.utils.input_commands:check_dependencies:348 - dnaapler v1.3.0 found.
2026-03-28 18:21:28.131 | INFO     | plassembler.utils.input_commands:check_dependencies:365 - BLAST version found is v2.17.0.
2026-03-28 18:21:28.131 | INFO     | plassembler.utils.input_commands:check_dependencies:371 - All dependencies found.
2026-03-28 18:21:28.132 | INFO     | plassembler:run:448 - Checking database installation.
2026-03-28 18:21:28.132 | INFO     | plassembler.utils.db:check_db_installation:52 - PLSDB Database mash sketch at /data/djs217/miniconda3/envs/hybracter_env/lib/python3.11/site-packages/hybracter/workflow/../databases/plsdb_2023_11_03_v2.msh exists.
2026-03-28 18:21:28.132 | INFO     | plassembler.utils.db:check_db_installation:53 - PLSDB Database tsv metadata file at /data/djs217/miniconda3/envs/hybracter_env/lib/python3.11/site-packages/hybracter/workflow/../databases/plsdb_2023_11_03_v2.tsv exists.
2026-03-28 18:21:28.132 | INFO     | plassembler.utils.db:check_db_installation:54 - PLSDB Database at /data/djs217/miniconda3/envs/hybracter_env/lib/python3.11/site-packages/hybracter/workflow/../databases has already been downloaded
2026-03-28 18:21:28.132 | INFO     | plassembler:run:456 - Database successfully checked.
2026-03-28 18:21:28.132 | INFO     | plassembler:run:459 - Checking input fastqs.
2026-03-28 18:21:28.132 | INFO     | plassembler.utils.input_commands:validate_fastq:24 - FASTQ hybracter-hybrid-Xcc/processing/qc/NCPPB_4682_xcc_filt_trim.fastq.gz checked
2026-03-28 18:21:28.170 | INFO     | plassembler.utils.input_commands:validate_fastq:24 - FASTQ hybracter-hybrid-Xcc/processing/qc/fastp/NCPPB_4682_xcc_1.fastq.gz checked
2026-03-28 18:21:28.197 | INFO     | plassembler.utils.input_commands:validate_fastq:24 - FASTQ hybracter-hybrid-Xcc/processing/qc/fastp/NCPPB_4682_xcc_2.fastq.gz checked
2026-03-28 18:21:28.197 | INFO     | plassembler:run:467 - FASTQ file hybracter-hybrid-Xcc/processing/qc/NCPPB_4682_xcc_filt_trim.fastq.gz compression is True
2026-03-28 18:21:28.197 | INFO     | plassembler:run:468 - FASTQ file hybracter-hybrid-Xcc/processing/qc/fastp/NCPPB_4682_xcc_1.fastq.gz compression is True
2026-03-28 18:21:28.198 | INFO     | plassembler:run:469 - FASTQ file hybracter-hybrid-Xcc/processing/qc/fastp/NCPPB_4682_xcc_2.fastq.gz compression is True
2026-03-28 18:21:28.399 | INFO     | plassembler:run:518 - You have specified a hybracter-hybrid-Xcc/processing/assemblies/NCPPB_4682_xcc with an existing flye assembly.
2026-03-28 18:21:28.399 | INFO     | plassembler:run:521 - Copying files.
2026-03-28 18:21:28.403 | INFO     | plassembler:run:562 - Counting Contigs.
2026-03-28 18:21:28.427 | INFO     | plassembler.utils.plass_class:get_contig_count:87 - Assembled 2 contigs.
2026-03-28 18:21:28.428 | INFO     | plassembler:run:773 - More than one contig was assembled with Flye.
2026-03-28 18:21:28.428 | INFO     | plassembler:run:774 - Extracting Chromosome.
2026-03-28 18:21:28.480 | INFO     | plassembler:run:809 - Chromosome Identified. Plassembler will now use long and short reads to assemble plasmids accurately.
2026-03-28 18:21:28.480 | INFO     | plassembler:run:811 - Mapping long reads.
2026-03-28 18:21:28.480 | INFO     | plassembler.utils.external_tools:run_to_stdout:67 - Started running minimap2 -ax map-ont -t 12 hybracter-hybrid-Xcc/processing/plassembler/NCPPB_4682_xcc/flye_renamed.fasta hybracter-hybrid-Xcc/processing/plassembler/NCPPB_4682_xcc/chopper_long_reads.fastq.gz ...
2026-03-28 18:21:48.385 | INFO     | plassembler.utils.external_tools:run_to_stdout:69 - Done running minimap2 -ax map-ont -t 12 hybracter-hybrid-Xcc/processing/plassembler/NCPPB_4682_xcc/flye_renamed.fasta hybracter-hybrid-Xcc/processing/plassembler/NCPPB_4682_xcc/chopper_long_reads.fastq.gz
2026-03-28 18:21:48.385 | INFO     | plassembler:run:820 - Skipping short read trimming as --skip_qc is True
2026-03-28 18:23:18.322 | INFO     | plassembler:run:830 - Mapping short reads.
2026-03-28 18:23:18.342 | INFO     | plassembler.utils.external_tools:run_to_stdout:67 - Started running minimap2 -ax sr -t 12 hybracter-hybrid-Xcc/processing/plassembler/NCPPB_4682_xcc/flye_renamed.fasta hybracter-hybrid-Xcc/processing/plassembler/NCPPB_4682_xcc/trimmed_R1.fastq hybracter-hybrid-Xcc/processing/plassembler/NCPPB_4682_xcc/trimmed_R2.fastq ...
2026-03-28 18:26:10.672 | INFO     | plassembler.utils.external_tools:run_to_stdout:69 - Done running minimap2 -ax sr -t 12 hybracter-hybrid-Xcc/processing/plassembler/NCPPB_4682_xcc/flye_renamed.fasta hybracter-hybrid-Xcc/processing/plassembler/NCPPB_4682_xcc/trimmed_R1.fastq hybracter-hybrid-Xcc/processing/plassembler/NCPPB_4682_xcc/trimmed_R2.fastq
2026-03-28 18:26:10.698 | INFO     | plassembler:run:837 - Processing Sam/Bam Files and extracting Fastqs.
2026-03-28 18:26:30.473 | INFO     | plassembler.utils.external_tools:run_to_stdout:67 - Started running samtools view -h -@ 12 -b hybracter-hybrid-Xcc/processing/plassembler/NCPPB_4682_xcc/short_read.sam ...
2026-03-28 18:29:51.569 | INFO     | plassembler.utils.external_tools:run_to_stdout:69 - Done running samtools view -h -@ 12 -b hybracter-hybrid-Xcc/processing/plassembler/NCPPB_4682_xcc/short_read.sam
2026-03-28 18:29:51.586 | INFO     | plassembler.utils.external_tools:run_to_stdout:67 - Started running samtools view -b -h -@ 12 -L hybracter-hybrid-Xcc/processing/plassembler/NCPPB_4682_xcc/non_chromosome.bed hybracter-hybrid-Xcc/processing/plassembler/NCPPB_4682_xcc/short_read.bam ...
2026-03-28 18:30:03.867 | INFO     | plassembler.utils.external_tools:run_to_stdout:69 - Done running samtools view -b -h -@ 12 -L hybracter-hybrid-Xcc/processing/plassembler/NCPPB_4682_xcc/non_chromosome.bed hybracter-hybrid-Xcc/processing/plassembler/NCPPB_4682_xcc/short_read.bam
2026-03-28 18:30:03.868 | INFO     | plassembler.utils.external_tools:run_to_stdout:67 - Started running samtools view -b -h -f 4 -@ 12 hybracter-hybrid-Xcc/processing/plassembler/NCPPB_4682_xcc/short_read.bam ...
2026-03-28 18:30:07.992 | INFO     | plassembler.utils.external_tools:run_to_stdout:69 - Done running samtools view -b -h -f 4 -@ 12 hybracter-hybrid-Xcc/processing/plassembler/NCPPB_4682_xcc/short_read.bam
2026-03-28 18:30:07.994 | INFO     | plassembler.utils.external_tools:run_to_stdout:67 - Started running samtools view -b -h -@ 12 -L hybracter-hybrid-Xcc/processing/plassembler/NCPPB_4682_xcc/chromosome.bed hybracter-hybrid-Xcc/processing/plassembler/NCPPB_4682_xcc/short_read.bam ...
2026-03-28 18:30:56.667 | INFO     | plassembler.utils.external_tools:run_to_stdout:69 - Done running samtools view -b -h -@ 12 -L hybracter-hybrid-Xcc/processing/plassembler/NCPPB_4682_xcc/chromosome.bed hybracter-hybrid-Xcc/processing/plassembler/NCPPB_4682_xcc/short_read.bam
2026-03-28 18:30:56.670 | INFO     | plassembler.utils.external_tools:run:58 - Started running samtools fastq -@ 12 hybracter-hybrid-Xcc/processing/plassembler/NCPPB_4682_xcc/unmapped_bam_file.bam -1 hybracter-hybrid-Xcc/processing/plassembler/NCPPB_4682_xcc/unmapped_R1.fastq -2 hybracter-hybrid-Xcc/processing/plassembler/NCPPB_4682_xcc/unmapped_R2.fastq -0 /dev/null -s /dev/null -n ...
2026-03-28 18:30:56.897 | INFO     | plassembler.utils.external_tools:run:60 - Done running samtools fastq -@ 12 hybracter-hybrid-Xcc/processing/plassembler/NCPPB_4682_xcc/unmapped_bam_file.bam -1 hybracter-hybrid-Xcc/processing/plassembler/NCPPB_4682_xcc/unmapped_R1.fastq -2 hybracter-hybrid-Xcc/processing/plassembler/NCPPB_4682_xcc/unmapped_R2.fastq -0 /dev/null -s /dev/null -n
2026-03-28 18:30:56.899 | INFO     | plassembler.utils.external_tools:run:58 - Started running samtools fastq -@ 12 hybracter-hybrid-Xcc/processing/plassembler/NCPPB_4682_xcc/non_chromosome.bam -1 hybracter-hybrid-Xcc/processing/plassembler/NCPPB_4682_xcc/mapped_non_chromosome_R1.fastq -2 hybracter-hybrid-Xcc/processing/plassembler/NCPPB_4682_xcc/mapped_non_chromosome_R2.fastq -0 /dev/null -s /dev/null -n ...
2026-03-28 18:30:59.214 | INFO     | plassembler.utils.external_tools:run:60 - Done running samtools fastq -@ 12 hybracter-hybrid-Xcc/processing/plassembler/NCPPB_4682_xcc/non_chromosome.bam -1 hybracter-hybrid-Xcc/processing/plassembler/NCPPB_4682_xcc/mapped_non_chromosome_R1.fastq -2 hybracter-hybrid-Xcc/processing/plassembler/NCPPB_4682_xcc/mapped_non_chromosome_R2.fastq -0 /dev/null -s /dev/null -n
2026-03-28 18:31:18.372 | INFO     | plassembler:run:854 - Running Unicycler.
2026-03-28 18:31:18.373 | INFO     | plassembler.utils.external_tools:run:58 - Started running unicycler -1 hybracter-hybrid-Xcc/processing/plassembler/NCPPB_4682_xcc/short_read_concat_R1.fastq -2 hybracter-hybrid-Xcc/processing/plassembler/NCPPB_4682_xcc/short_read_concat_R2.fastq -l hybracter-hybrid-Xcc/processing/plassembler/NCPPB_4682_xcc/plasmid_long.fastq -t 12 -o hybracter-hybrid-Xcc/processing/plassembler/NCPPB_4682_xcc/unicycler_output ...
2026-03-28 18:38:47.847 | INFO     | plassembler.utils.external_tools:run:60 - Done running unicycler -1 hybracter-hybrid-Xcc/processing/plassembler/NCPPB_4682_xcc/short_read_concat_R1.fastq -2 hybracter-hybrid-Xcc/processing/plassembler/NCPPB_4682_xcc/short_read_concat_R2.fastq -l hybracter-hybrid-Xcc/processing/plassembler/NCPPB_4682_xcc/plasmid_long.fastq -t 12 -o hybracter-hybrid-Xcc/processing/plassembler/NCPPB_4682_xcc/unicycler_output
2026-03-28 18:38:47.848 | INFO     | plassembler:run:879 - Unicycler identified plasmids. Calculating Plasmid Copy Numbers.
2026-03-28 18:38:48.045 | INFO     | plassembler.utils.external_tools:run_to_stdout:67 - Started running minimap2 -ax map-ont -t 12 hybracter-hybrid-Xcc/processing/plassembler/NCPPB_4682_xcc/combined.fasta hybracter-hybrid-Xcc/processing/plassembler/NCPPB_4682_xcc/chopper_long_reads.fastq.gz ...
2026-03-28 18:39:18.420 | INFO     | plassembler.utils.external_tools:run_to_stdout:69 - Done running minimap2 -ax map-ont -t 12 hybracter-hybrid-Xcc/processing/plassembler/NCPPB_4682_xcc/combined.fasta hybracter-hybrid-Xcc/processing/plassembler/NCPPB_4682_xcc/chopper_long_reads.fastq.gz
2026-03-28 18:39:18.420 | INFO     | plassembler.utils.external_tools:run:58 - Started running samtools sort -@ 12 hybracter-hybrid-Xcc/processing/plassembler/NCPPB_4682_xcc/combined_long.sam -o hybracter-hybrid-Xcc/processing/plassembler/NCPPB_4682_xcc/combined_sorted_long.bam ...
2026-03-28 18:39:25.527 | INFO     | plassembler.utils.external_tools:run:60 - Done running samtools sort -@ 12 hybracter-hybrid-Xcc/processing/plassembler/NCPPB_4682_xcc/combined_long.sam -o hybracter-hybrid-Xcc/processing/plassembler/NCPPB_4682_xcc/combined_sorted_long.bam
2026-03-28 18:39:25.528 | INFO     | plassembler.utils.external_tools:run_to_stdout:67 - Started running minimap2 -ax sr -t 12 hybracter-hybrid-Xcc/processing/plassembler/NCPPB_4682_xcc/combined.fasta hybracter-hybrid-Xcc/processing/plassembler/NCPPB_4682_xcc/trimmed_R1.fastq hybracter-hybrid-Xcc/processing/plassembler/NCPPB_4682_xcc/trimmed_R2.fastq ...
2026-03-28 18:45:12.713 | INFO     | plassembler.utils.external_tools:run_to_stdout:69 - Done running minimap2 -ax sr -t 12 hybracter-hybrid-Xcc/processing/plassembler/NCPPB_4682_xcc/combined.fasta hybracter-hybrid-Xcc/processing/plassembler/NCPPB_4682_xcc/trimmed_R1.fastq hybracter-hybrid-Xcc/processing/plassembler/NCPPB_4682_xcc/trimmed_R2.fastq
2026-03-28 18:45:13.529 | INFO     | plassembler.utils.external_tools:run:58 - Started running samtools sort -@ 12 hybracter-hybrid-Xcc/processing/plassembler/NCPPB_4682_xcc/combined_short.sam -o hybracter-hybrid-Xcc/processing/plassembler/NCPPB_4682_xcc/combined_sorted_short.bam ...
2026-03-28 18:50:16.365 | INFO     | plassembler.utils.external_tools:run:60 - Done running samtools sort -@ 12 hybracter-hybrid-Xcc/processing/plassembler/NCPPB_4682_xcc/combined_short.sam -o hybracter-hybrid-Xcc/processing/plassembler/NCPPB_4682_xcc/combined_sorted_short.bam
2026-03-28 18:50:52.446 | INFO     | plassembler:run:887 - Calculating mash distances to PLSDB.
2026-03-28 18:50:52.446 | INFO     | plassembler:run:895 - Calculating mash distances to PLSDB.
2026-03-28 18:50:52.476 | INFO     | plassembler.utils.external_tools:run:58 - Started running mash sketch hybracter-hybrid-Xcc/processing/plassembler/NCPPB_4682_xcc/plasmids.fasta -i ...
2026-03-28 18:50:52.672 | INFO     | plassembler.utils.external_tools:run:60 - Done running mash sketch hybracter-hybrid-Xcc/processing/plassembler/NCPPB_4682_xcc/plasmids.fasta -i
2026-03-28 18:50:52.673 | INFO     | plassembler.utils.external_tools:run_to_stdout:67 - Started running mash dist hybracter-hybrid-Xcc/processing/plassembler/NCPPB_4682_xcc/plasmids.fasta.msh /data/djs217/miniconda3/envs/hybracter_env/lib/python3.11/site-packages/hybracter/workflow/../databases/plsdb_2023_11_03_v2.msh -v 0.1 -d 0.1 -i ...
2026-03-28 18:51:15.063 | INFO     | plassembler.utils.external_tools:run_to_stdout:69 - Done running mash dist hybracter-hybrid-Xcc/processing/plassembler/NCPPB_4682_xcc/plasmids.fasta.msh /data/djs217/miniconda3/envs/hybracter_env/lib/python3.11/site-packages/hybracter/workflow/../databases/plsdb_2023_11_03_v2.msh -v 0.1 -d 0.1 -i
2026-03-28 18:51:16.840 | INFO     | plassembler.utils.plass_class:combine_depth_mash_tsvs:754 - Filtering contigs below depth filter: 0.25.
2026-03-28 18:51:16.841 | INFO     | plassembler.utils.plass_class:combine_depth_mash_tsvs:756 - All plasmids whose short and long read copy numbers are both below 0.25 will be removed.
2026-03-28 18:51:16.841 | INFO     | plassembler.utils.plass_class:combine_depth_mash_tsvs:772 - No plasmids were filtered due to low depth.
2026-03-28 18:51:18.588 | INFO     | plassembler:end_plassembler:118 - Plassembler has finished
2026-03-28 18:51:18.588 | INFO     | plassembler:end_plassembler:119 - Elapsed time: 1796.17 seconds
