/data/djs217/miniconda3/envs/hybracter_env/lib/python3.11/site-packages/hybracter/workflow/conda/78019da34467f1ccbd2a1e2321558605_/lib/python3.12/site-packages/click/core.py:1213: UserWarning: The parameter --flye_directory is used more than once. Remove its duplicate as parameters should be unique.
  parser = self.make_parser(ctx)
/data/djs217/miniconda3/envs/hybracter_env/lib/python3.11/site-packages/hybracter/workflow/conda/78019da34467f1ccbd2a1e2321558605_/lib/python3.12/site-packages/click/core.py:1206: UserWarning: The parameter --flye_directory is used more than once. Remove its duplicate as parameters should be unique.
  self.parse_args(ctx, args)
2026-03-28 19:39:29.501 | INFO     | plassembler:begin_plassembler:101 - You are using Plassembler version 1.8.1

2026-03-28 19:39:29.501 | INFO     | plassembler:begin_plassembler:102 - Repository homepage is https://github.com/gbouras13/plassembler
2026-03-28 19:39:29.501 | INFO     | plassembler:begin_plassembler:103 - Written by George Bouras: george.bouras@adelaide.edu.au
2026-03-28 19:39:29.502 | INFO     | plassembler:run:412 - Database directory is /data/djs217/miniconda3/envs/hybracter_env/lib/python3.11/site-packages/hybracter/workflow/../databases
2026-03-28 19:39:29.502 | INFO     | plassembler:run:413 - Longreads file is hybracter-hybrid-Xcc/processing/qc/NCPPB_4680_xcc_filt_trim.fastq.gz
2026-03-28 19:39:29.502 | INFO     | plassembler:run:414 - R1 fasta file is hybracter-hybrid-Xcc/processing/qc/fastp/NCPPB_4680_xcc_1.fastq.gz
2026-03-28 19:39:29.502 | INFO     | plassembler:run:415 - R2 fasta file is hybracter-hybrid-Xcc/processing/qc/fastp/NCPPB_4680_xcc_2.fastq.gz
2026-03-28 19:39:29.502 | INFO     | plassembler:run:416 - Chromosome length threshold is 4500000
2026-03-28 19:39:29.502 | INFO     | plassembler:run:417 - Output directory is hybracter-hybrid-Xcc/processing/plassembler/NCPPB_4680_xcc
2026-03-28 19:39:29.502 | INFO     | plassembler:run:418 - Min long read length is 500
2026-03-28 19:39:29.502 | INFO     | plassembler:run:419 - Min long read quality is 9
2026-03-28 19:39:29.502 | INFO     | plassembler:run:420 - Thread count is 12
2026-03-28 19:39:29.502 | INFO     | plassembler:run:421 - --force is True
2026-03-28 19:39:29.502 | INFO     | plassembler:run:422 - --skip_qc is True
2026-03-28 19:39:29.502 | INFO     | plassembler:run:423 - --raw_flag is False
2026-03-28 19:39:29.502 | INFO     | plassembler:run:424 - --pacbio_model is nothing
2026-03-28 19:39:29.502 | INFO     | plassembler:run:425 - --keep_fastqs is False
2026-03-28 19:39:29.502 | INFO     | plassembler:run:426 - --keep_chromosome is False
2026-03-28 19:39:29.502 | INFO     | plassembler:run:427 - --flye_directory is hybracter-hybrid-Xcc/processing/assemblies/NCPPB_4680_xcc
2026-03-28 19:39:29.502 | INFO     | plassembler:run:428 - --flye_assembly is nothing
2026-03-28 19:39:29.502 | INFO     | plassembler:run:429 - --flye_info is nothing
2026-03-28 19:39:29.502 | INFO     | plassembler:run:430 - --no_chromosome is False
2026-03-28 19:39:29.502 | INFO     | plassembler:run:431 - --use_raven is False
2026-03-28 19:39:29.502 | INFO     | plassembler:run:432 - --depth_filter is 0.25
2026-03-28 19:39:29.502 | INFO     | plassembler:run:433 - --unicycler_options is None
2026-03-28 19:39:29.503 | INFO     | plassembler:run:434 - --spades_options is None
2026-03-28 19:39:29.503 | INFO     | plassembler:run:435 - --skip_mash is False
2026-03-28 19:39:29.503 | INFO     | plassembler:run:439 - Checking dependencies
2026-03-28 19:39:29.644 | INFO     | plassembler.utils.input_commands:check_dependencies:199 - Flye version found is v2.9.6-b1802.
2026-03-28 19:39:29.645 | INFO     | plassembler.utils.input_commands:check_dependencies:209 - Flye version is ok.
2026-03-28 19:39:29.648 | INFO     | plassembler.utils.input_commands:check_dependencies:218 - Raven v1.8.3 found.
2026-03-28 19:39:29.648 | INFO     | plassembler.utils.input_commands:check_dependencies:220 - Raven version is ok.
2026-03-28 19:39:29.919 | INFO     | plassembler.utils.input_commands:check_dependencies:242 - Unicycler version found is v0.5.1.
2026-03-28 19:39:29.919 | INFO     | plassembler.utils.input_commands:check_dependencies:255 - Unicycler version is ok.
2026-03-28 19:39:30.025 | INFO     | plassembler.utils.input_commands:check_dependencies:265 - SPAdes v4.2.0 found.
2026-03-28 19:39:30.105 | INFO     | plassembler.utils.input_commands:check_dependencies:278 - Samtools v1.22.1 found.
2026-03-28 19:39:30.108 | INFO     | plassembler.utils.input_commands:check_dependencies:289 - minimap2 v2.30-r1287 found.
2026-03-28 19:39:30.176 | INFO     | plassembler.utils.input_commands:check_dependencies:300 - fastp v1.0.1 found.
2026-03-28 19:39:30.293 | INFO     | plassembler.utils.input_commands:check_dependencies:311 - chopper v0.11.0 found.
2026-03-28 19:39:30.312 | INFO     | plassembler.utils.input_commands:check_dependencies:326 - mash v2.3 found.
2026-03-28 19:39:32.165 | INFO     | plassembler.utils.input_commands:check_dependencies:337 - canu v2.2 found.
2026-03-28 19:39:33.708 | INFO     | plassembler.utils.input_commands:check_dependencies:348 - dnaapler v1.3.0 found.
2026-03-28 19:39:33.866 | INFO     | plassembler.utils.input_commands:check_dependencies:365 - BLAST version found is v2.17.0.
2026-03-28 19:39:33.866 | INFO     | plassembler.utils.input_commands:check_dependencies:371 - All dependencies found.
2026-03-28 19:39:33.866 | INFO     | plassembler:run:448 - Checking database installation.
2026-03-28 19:39:33.867 | INFO     | plassembler.utils.db:check_db_installation:52 - PLSDB Database mash sketch at /data/djs217/miniconda3/envs/hybracter_env/lib/python3.11/site-packages/hybracter/workflow/../databases/plsdb_2023_11_03_v2.msh exists.
2026-03-28 19:39:33.867 | INFO     | plassembler.utils.db:check_db_installation:53 - PLSDB Database tsv metadata file at /data/djs217/miniconda3/envs/hybracter_env/lib/python3.11/site-packages/hybracter/workflow/../databases/plsdb_2023_11_03_v2.tsv exists.
2026-03-28 19:39:33.867 | INFO     | plassembler.utils.db:check_db_installation:54 - PLSDB Database at /data/djs217/miniconda3/envs/hybracter_env/lib/python3.11/site-packages/hybracter/workflow/../databases has already been downloaded
2026-03-28 19:39:33.867 | INFO     | plassembler:run:456 - Database successfully checked.
2026-03-28 19:39:33.867 | INFO     | plassembler:run:459 - Checking input fastqs.
2026-03-28 19:39:33.915 | INFO     | plassembler.utils.input_commands:validate_fastq:24 - FASTQ hybracter-hybrid-Xcc/processing/qc/NCPPB_4680_xcc_filt_trim.fastq.gz checked
2026-03-28 19:39:33.955 | INFO     | plassembler.utils.input_commands:validate_fastq:24 - FASTQ hybracter-hybrid-Xcc/processing/qc/fastp/NCPPB_4680_xcc_1.fastq.gz checked
2026-03-28 19:39:33.991 | INFO     | plassembler.utils.input_commands:validate_fastq:24 - FASTQ hybracter-hybrid-Xcc/processing/qc/fastp/NCPPB_4680_xcc_2.fastq.gz checked
2026-03-28 19:39:33.991 | INFO     | plassembler:run:467 - FASTQ file hybracter-hybrid-Xcc/processing/qc/NCPPB_4680_xcc_filt_trim.fastq.gz compression is True
2026-03-28 19:39:33.991 | INFO     | plassembler:run:468 - FASTQ file hybracter-hybrid-Xcc/processing/qc/fastp/NCPPB_4680_xcc_1.fastq.gz compression is True
2026-03-28 19:39:33.992 | INFO     | plassembler:run:469 - FASTQ file hybracter-hybrid-Xcc/processing/qc/fastp/NCPPB_4680_xcc_2.fastq.gz compression is True
2026-03-28 19:39:44.941 | INFO     | plassembler:run:518 - You have specified a hybracter-hybrid-Xcc/processing/assemblies/NCPPB_4680_xcc with an existing flye assembly.
2026-03-28 19:39:44.941 | INFO     | plassembler:run:521 - Copying files.
2026-03-28 19:39:45.061 | INFO     | plassembler:run:562 - Counting Contigs.
2026-03-28 19:39:45.110 | INFO     | plassembler.utils.plass_class:get_contig_count:87 - Assembled 3 contigs.
2026-03-28 19:39:45.110 | INFO     | plassembler:run:773 - More than one contig was assembled with Flye.
2026-03-28 19:39:45.110 | INFO     | plassembler:run:774 - Extracting Chromosome.
2026-03-28 19:39:45.180 | INFO     | plassembler:run:809 - Chromosome Identified. Plassembler will now use long and short reads to assemble plasmids accurately.
2026-03-28 19:39:45.180 | INFO     | plassembler:run:811 - Mapping long reads.
2026-03-28 19:39:45.181 | INFO     | plassembler.utils.external_tools:run_to_stdout:67 - Started running minimap2 -ax map-ont -t 12 hybracter-hybrid-Xcc/processing/plassembler/NCPPB_4680_xcc/flye_renamed.fasta hybracter-hybrid-Xcc/processing/plassembler/NCPPB_4680_xcc/chopper_long_reads.fastq.gz ...
2026-03-28 19:40:04.732 | INFO     | plassembler.utils.external_tools:run_to_stdout:69 - Done running minimap2 -ax map-ont -t 12 hybracter-hybrid-Xcc/processing/plassembler/NCPPB_4680_xcc/flye_renamed.fasta hybracter-hybrid-Xcc/processing/plassembler/NCPPB_4680_xcc/chopper_long_reads.fastq.gz
2026-03-28 19:40:04.732 | INFO     | plassembler:run:820 - Skipping short read trimming as --skip_qc is True
2026-03-28 19:41:30.005 | INFO     | plassembler:run:830 - Mapping short reads.
2026-03-28 19:41:30.006 | INFO     | plassembler.utils.external_tools:run_to_stdout:67 - Started running minimap2 -ax sr -t 12 hybracter-hybrid-Xcc/processing/plassembler/NCPPB_4680_xcc/flye_renamed.fasta hybracter-hybrid-Xcc/processing/plassembler/NCPPB_4680_xcc/trimmed_R1.fastq hybracter-hybrid-Xcc/processing/plassembler/NCPPB_4680_xcc/trimmed_R2.fastq ...
2026-03-28 19:42:25.121 | INFO     | plassembler.utils.external_tools:run_to_stdout:69 - Done running minimap2 -ax sr -t 12 hybracter-hybrid-Xcc/processing/plassembler/NCPPB_4680_xcc/flye_renamed.fasta hybracter-hybrid-Xcc/processing/plassembler/NCPPB_4680_xcc/trimmed_R1.fastq hybracter-hybrid-Xcc/processing/plassembler/NCPPB_4680_xcc/trimmed_R2.fastq
2026-03-28 19:42:25.121 | INFO     | plassembler:run:837 - Processing Sam/Bam Files and extracting Fastqs.
2026-03-28 19:42:25.781 | INFO     | plassembler.utils.external_tools:run_to_stdout:67 - Started running samtools view -h -@ 12 -b hybracter-hybrid-Xcc/processing/plassembler/NCPPB_4680_xcc/short_read.sam ...
2026-03-28 19:43:26.918 | INFO     | plassembler.utils.external_tools:run_to_stdout:69 - Done running samtools view -h -@ 12 -b hybracter-hybrid-Xcc/processing/plassembler/NCPPB_4680_xcc/short_read.sam
2026-03-28 19:43:26.928 | INFO     | plassembler.utils.external_tools:run_to_stdout:67 - Started running samtools view -b -h -@ 12 -L hybracter-hybrid-Xcc/processing/plassembler/NCPPB_4680_xcc/non_chromosome.bed hybracter-hybrid-Xcc/processing/plassembler/NCPPB_4680_xcc/short_read.bam ...
2026-03-28 19:43:32.232 | INFO     | plassembler.utils.external_tools:run_to_stdout:69 - Done running samtools view -b -h -@ 12 -L hybracter-hybrid-Xcc/processing/plassembler/NCPPB_4680_xcc/non_chromosome.bed hybracter-hybrid-Xcc/processing/plassembler/NCPPB_4680_xcc/short_read.bam
2026-03-28 19:43:32.234 | INFO     | plassembler.utils.external_tools:run_to_stdout:67 - Started running samtools view -b -h -f 4 -@ 12 hybracter-hybrid-Xcc/processing/plassembler/NCPPB_4680_xcc/short_read.bam ...
2026-03-28 19:43:35.478 | INFO     | plassembler.utils.external_tools:run_to_stdout:69 - Done running samtools view -b -h -f 4 -@ 12 hybracter-hybrid-Xcc/processing/plassembler/NCPPB_4680_xcc/short_read.bam
2026-03-28 19:43:35.479 | INFO     | plassembler.utils.external_tools:run_to_stdout:67 - Started running samtools view -b -h -@ 12 -L hybracter-hybrid-Xcc/processing/plassembler/NCPPB_4680_xcc/chromosome.bed hybracter-hybrid-Xcc/processing/plassembler/NCPPB_4680_xcc/short_read.bam ...
2026-03-28 19:44:29.407 | INFO     | plassembler.utils.external_tools:run_to_stdout:69 - Done running samtools view -b -h -@ 12 -L hybracter-hybrid-Xcc/processing/plassembler/NCPPB_4680_xcc/chromosome.bed hybracter-hybrid-Xcc/processing/plassembler/NCPPB_4680_xcc/short_read.bam
2026-03-28 19:44:29.409 | INFO     | plassembler.utils.external_tools:run:58 - Started running samtools fastq -@ 12 hybracter-hybrid-Xcc/processing/plassembler/NCPPB_4680_xcc/unmapped_bam_file.bam -1 hybracter-hybrid-Xcc/processing/plassembler/NCPPB_4680_xcc/unmapped_R1.fastq -2 hybracter-hybrid-Xcc/processing/plassembler/NCPPB_4680_xcc/unmapped_R2.fastq -0 /dev/null -s /dev/null -n ...
2026-03-28 19:44:30.099 | INFO     | plassembler.utils.external_tools:run:60 - Done running samtools fastq -@ 12 hybracter-hybrid-Xcc/processing/plassembler/NCPPB_4680_xcc/unmapped_bam_file.bam -1 hybracter-hybrid-Xcc/processing/plassembler/NCPPB_4680_xcc/unmapped_R1.fastq -2 hybracter-hybrid-Xcc/processing/plassembler/NCPPB_4680_xcc/unmapped_R2.fastq -0 /dev/null -s /dev/null -n
2026-03-28 19:44:30.101 | INFO     | plassembler.utils.external_tools:run:58 - Started running samtools fastq -@ 12 hybracter-hybrid-Xcc/processing/plassembler/NCPPB_4680_xcc/non_chromosome.bam -1 hybracter-hybrid-Xcc/processing/plassembler/NCPPB_4680_xcc/mapped_non_chromosome_R1.fastq -2 hybracter-hybrid-Xcc/processing/plassembler/NCPPB_4680_xcc/mapped_non_chromosome_R2.fastq -0 /dev/null -s /dev/null -n ...
2026-03-28 19:44:32.422 | INFO     | plassembler.utils.external_tools:run:60 - Done running samtools fastq -@ 12 hybracter-hybrid-Xcc/processing/plassembler/NCPPB_4680_xcc/non_chromosome.bam -1 hybracter-hybrid-Xcc/processing/plassembler/NCPPB_4680_xcc/mapped_non_chromosome_R1.fastq -2 hybracter-hybrid-Xcc/processing/plassembler/NCPPB_4680_xcc/mapped_non_chromosome_R2.fastq -0 /dev/null -s /dev/null -n
2026-03-28 19:44:45.933 | INFO     | plassembler:run:854 - Running Unicycler.
2026-03-28 19:44:45.934 | INFO     | plassembler.utils.external_tools:run:58 - Started running unicycler -1 hybracter-hybrid-Xcc/processing/plassembler/NCPPB_4680_xcc/short_read_concat_R1.fastq -2 hybracter-hybrid-Xcc/processing/plassembler/NCPPB_4680_xcc/short_read_concat_R2.fastq -l hybracter-hybrid-Xcc/processing/plassembler/NCPPB_4680_xcc/plasmid_long.fastq -t 12 -o hybracter-hybrid-Xcc/processing/plassembler/NCPPB_4680_xcc/unicycler_output ...
2026-03-28 19:49:59.356 | INFO     | plassembler.utils.external_tools:run:60 - Done running unicycler -1 hybracter-hybrid-Xcc/processing/plassembler/NCPPB_4680_xcc/short_read_concat_R1.fastq -2 hybracter-hybrid-Xcc/processing/plassembler/NCPPB_4680_xcc/short_read_concat_R2.fastq -l hybracter-hybrid-Xcc/processing/plassembler/NCPPB_4680_xcc/plasmid_long.fastq -t 12 -o hybracter-hybrid-Xcc/processing/plassembler/NCPPB_4680_xcc/unicycler_output
2026-03-28 19:49:59.356 | INFO     | plassembler:run:879 - Unicycler identified plasmids. Calculating Plasmid Copy Numbers.
2026-03-28 19:49:59.521 | INFO     | plassembler.utils.external_tools:run_to_stdout:67 - Started running minimap2 -ax map-ont -t 12 hybracter-hybrid-Xcc/processing/plassembler/NCPPB_4680_xcc/combined.fasta hybracter-hybrid-Xcc/processing/plassembler/NCPPB_4680_xcc/chopper_long_reads.fastq.gz ...
2026-03-28 19:50:29.557 | INFO     | plassembler.utils.external_tools:run_to_stdout:69 - Done running minimap2 -ax map-ont -t 12 hybracter-hybrid-Xcc/processing/plassembler/NCPPB_4680_xcc/combined.fasta hybracter-hybrid-Xcc/processing/plassembler/NCPPB_4680_xcc/chopper_long_reads.fastq.gz
2026-03-28 19:50:29.557 | INFO     | plassembler.utils.external_tools:run:58 - Started running samtools sort -@ 12 hybracter-hybrid-Xcc/processing/plassembler/NCPPB_4680_xcc/combined_long.sam -o hybracter-hybrid-Xcc/processing/plassembler/NCPPB_4680_xcc/combined_sorted_long.bam ...
2026-03-28 19:50:38.571 | INFO     | plassembler.utils.external_tools:run:60 - Done running samtools sort -@ 12 hybracter-hybrid-Xcc/processing/plassembler/NCPPB_4680_xcc/combined_long.sam -o hybracter-hybrid-Xcc/processing/plassembler/NCPPB_4680_xcc/combined_sorted_long.bam
2026-03-28 19:50:38.572 | INFO     | plassembler.utils.external_tools:run_to_stdout:67 - Started running minimap2 -ax sr -t 12 hybracter-hybrid-Xcc/processing/plassembler/NCPPB_4680_xcc/combined.fasta hybracter-hybrid-Xcc/processing/plassembler/NCPPB_4680_xcc/trimmed_R1.fastq hybracter-hybrid-Xcc/processing/plassembler/NCPPB_4680_xcc/trimmed_R2.fastq ...
2026-03-28 19:54:50.496 | INFO     | plassembler.utils.external_tools:run_to_stdout:69 - Done running minimap2 -ax sr -t 12 hybracter-hybrid-Xcc/processing/plassembler/NCPPB_4680_xcc/combined.fasta hybracter-hybrid-Xcc/processing/plassembler/NCPPB_4680_xcc/trimmed_R1.fastq hybracter-hybrid-Xcc/processing/plassembler/NCPPB_4680_xcc/trimmed_R2.fastq
2026-03-28 19:54:50.515 | INFO     | plassembler.utils.external_tools:run:58 - Started running samtools sort -@ 12 hybracter-hybrid-Xcc/processing/plassembler/NCPPB_4680_xcc/combined_short.sam -o hybracter-hybrid-Xcc/processing/plassembler/NCPPB_4680_xcc/combined_sorted_short.bam ...
2026-03-28 19:55:43.207 | INFO     | plassembler.utils.external_tools:run:60 - Done running samtools sort -@ 12 hybracter-hybrid-Xcc/processing/plassembler/NCPPB_4680_xcc/combined_short.sam -o hybracter-hybrid-Xcc/processing/plassembler/NCPPB_4680_xcc/combined_sorted_short.bam
2026-03-28 19:56:17.639 | INFO     | plassembler:run:887 - Calculating mash distances to PLSDB.
2026-03-28 19:56:17.639 | INFO     | plassembler:run:895 - Calculating mash distances to PLSDB.
2026-03-28 19:56:17.661 | INFO     | plassembler.utils.external_tools:run:58 - Started running mash sketch hybracter-hybrid-Xcc/processing/plassembler/NCPPB_4680_xcc/plasmids.fasta -i ...
2026-03-28 19:56:17.677 | INFO     | plassembler.utils.external_tools:run:60 - Done running mash sketch hybracter-hybrid-Xcc/processing/plassembler/NCPPB_4680_xcc/plasmids.fasta -i
2026-03-28 19:56:17.677 | INFO     | plassembler.utils.external_tools:run_to_stdout:67 - Started running mash dist hybracter-hybrid-Xcc/processing/plassembler/NCPPB_4680_xcc/plasmids.fasta.msh /data/djs217/miniconda3/envs/hybracter_env/lib/python3.11/site-packages/hybracter/workflow/../databases/plsdb_2023_11_03_v2.msh -v 0.1 -d 0.1 -i ...
2026-03-28 19:56:20.007 | INFO     | plassembler.utils.external_tools:run_to_stdout:69 - Done running mash dist hybracter-hybrid-Xcc/processing/plassembler/NCPPB_4680_xcc/plasmids.fasta.msh /data/djs217/miniconda3/envs/hybracter_env/lib/python3.11/site-packages/hybracter/workflow/../databases/plsdb_2023_11_03_v2.msh -v 0.1 -d 0.1 -i
2026-03-28 19:56:22.380 | INFO     | plassembler.utils.plass_class:combine_depth_mash_tsvs:754 - Filtering contigs below depth filter: 0.25.
2026-03-28 19:56:22.381 | INFO     | plassembler.utils.plass_class:combine_depth_mash_tsvs:756 - All plasmids whose short and long read copy numbers are both below 0.25 will be removed.
2026-03-28 19:56:22.381 | INFO     | plassembler.utils.plass_class:combine_depth_mash_tsvs:772 - No plasmids were filtered due to low depth.
2026-03-28 19:56:25.091 | INFO     | plassembler:end_plassembler:118 - Plassembler has finished
2026-03-28 19:56:25.091 | INFO     | plassembler:end_plassembler:119 - Elapsed time: 1015.61 seconds
