2026-03-29 10:37:16.861 | INFO     | pypolca.utils.validation:instantiate_dirs:23 - Checking the output directory hybracter-hybrid-misc/processing/complete/pypolca/NCPPB_2190_esculenti
2026-03-29 10:37:16.868 | INFO     | pypolca.utils.util:begin_pypolca:84 - pypolca: Standalone Python implementation of the POLCA polisher from MaSuRCA
2026-03-29 10:37:16.868 | INFO     | pypolca.utils.util:begin_pypolca:87 - You are using pypolca version 0.3.1

2026-03-29 10:37:16.868 | INFO     | pypolca.utils.util:begin_pypolca:88 - Repository homepage is https://github.com/gbouras13/pypolca.
2026-03-29 10:37:16.868 | INFO     | pypolca.utils.util:begin_pypolca:89 - Written by George Bouras: george.bouras@adelaide.edu.au adapting the original POLCA code by Aleksey Zimin.
2026-03-29 10:37:16.868 | INFO     | pypolca.utils.util:begin_pypolca:93 - Listing input parameters.
2026-03-29 10:37:16.868 | INFO     | pypolca.utils.util:begin_pypolca:95 - Parameter: --assembly hybracter-hybrid-misc/processing/complete/polypolish/NCPPB_2190_esculenti.fasta.
2026-03-29 10:37:16.868 | INFO     | pypolca.utils.util:begin_pypolca:95 - Parameter: --reads1 hybracter-hybrid-misc/processing/qc/fastp/NCPPB_2190_esculenti_1.fastq.gz.
2026-03-29 10:37:16.868 | INFO     | pypolca.utils.util:begin_pypolca:95 - Parameter: --reads2 hybracter-hybrid-misc/processing/qc/fastp/NCPPB_2190_esculenti_2.fastq.gz.
2026-03-29 10:37:16.868 | INFO     | pypolca.utils.util:begin_pypolca:95 - Parameter: --output hybracter-hybrid-misc/processing/complete/pypolca/NCPPB_2190_esculenti.
2026-03-29 10:37:16.868 | INFO     | pypolca.utils.util:begin_pypolca:95 - Parameter: --threads 8.
2026-03-29 10:37:16.868 | INFO     | pypolca.utils.util:begin_pypolca:95 - Parameter: --force True.
2026-03-29 10:37:16.868 | INFO     | pypolca.utils.util:begin_pypolca:95 - Parameter: --careful True.
2026-03-29 10:37:16.868 | INFO     | pypolca.utils.util:begin_pypolca:95 - Parameter: --min_alt 4.
2026-03-29 10:37:16.869 | INFO     | pypolca.utils.util:begin_pypolca:95 - Parameter: --min_ratio 3.
2026-03-29 10:37:16.869 | INFO     | pypolca.utils.util:begin_pypolca:95 - Parameter: --memory_limit 2G.
2026-03-29 10:37:16.869 | INFO     | pypolca.utils.util:begin_pypolca:95 - Parameter: --no_polish False.
2026-03-29 10:37:16.869 | INFO     | pypolca.utils.util:begin_pypolca:95 - Parameter: --prefix NCPPB_2190_esculenti.
2026-03-29 10:37:16.885 | INFO     | pypolca.utils.validation:check_dependencies:112 - Samtools v1.22.1 found.
2026-03-29 10:37:16.892 | INFO     | pypolca.utils.validation:check_dependencies:123 - freebayes v1.3.6 found.
2026-03-29 10:37:16.894 | INFO     | pypolca.utils.validation:check_dependencies:140 - bwa v0.7.19-r1273 found.
2026-03-29 10:37:16.894 | INFO     | pypolca.utils.validation:validate_fasta:46 - Checking that the input file hybracter-hybrid-misc/processing/complete/polypolish/NCPPB_2190_esculenti.fasta is in FASTA format.
2026-03-29 10:37:16.921 | INFO     | pypolca.utils.validation:validate_fasta:51 - hybracter-hybrid-misc/processing/complete/polypolish/NCPPB_2190_esculenti.fasta file checked.
2026-03-29 10:37:16.921 | INFO     | pypolca.utils.validation:validate_fastq:73 - FASTQ hybracter-hybrid-misc/processing/qc/fastp/NCPPB_2190_esculenti_1.fastq.gz checked
2026-03-29 10:37:16.922 | INFO     | pypolca.utils.validation:validate_fastq:73 - FASTQ hybracter-hybrid-misc/processing/qc/fastp/NCPPB_2190_esculenti_2.fastq.gz checked
2026-03-29 10:37:16.922 | INFO     | pypolca:run:219 - Checking memory limit of 2G.
2026-03-29 10:37:16.922 | INFO     | pypolca:run:224 - Creating BWA index
2026-03-29 10:37:16.925 | INFO     | pypolca.utils.external_tools:run:50 - Started running bwa index hybracter-hybrid-misc/processing/complete/pypolca/NCPPB_2190_esculenti/temp/assembly.fasta ...
2026-03-29 10:37:19.707 | INFO     | pypolca.utils.external_tools:run:52 - Done running bwa index hybracter-hybrid-misc/processing/complete/pypolca/NCPPB_2190_esculenti/temp/assembly.fasta
2026-03-29 10:37:19.708 | INFO     | pypolca:run:230 - Aligning reads with BWA
2026-03-29 10:37:19.708 | INFO     | pypolca.utils.external_tools:run_to_stdout:59 - Started running bwa mem -SP -t 8 hybracter-hybrid-misc/processing/complete/pypolca/NCPPB_2190_esculenti/temp/assembly.fasta hybracter-hybrid-misc/processing/qc/fastp/NCPPB_2190_esculenti_1.fastq.gz hybracter-hybrid-misc/processing/qc/fastp/NCPPB_2190_esculenti_2.fastq.gz ...
2026-03-29 10:39:38.479 | INFO     | pypolca.utils.external_tools:run_to_stdout:61 - Done running bwa mem -SP -t 8 hybracter-hybrid-misc/processing/complete/pypolca/NCPPB_2190_esculenti/temp/assembly.fasta hybracter-hybrid-misc/processing/qc/fastp/NCPPB_2190_esculenti_1.fastq.gz hybracter-hybrid-misc/processing/qc/fastp/NCPPB_2190_esculenti_2.fastq.gz
2026-03-29 10:39:38.480 | INFO     | pypolca:run:237 - Sorting and indexing alignment file
2026-03-29 10:39:38.481 | INFO     | pypolca.utils.external_tools:run:50 - Started running samtools view -h -@ 8 -b hybracter-hybrid-misc/processing/complete/pypolca/NCPPB_2190_esculenti/temp/temp_bwa.sam -o hybracter-hybrid-misc/processing/complete/pypolca/NCPPB_2190_esculenti/temp/temp_bwa.bam ...
2026-03-29 10:40:33.656 | INFO     | pypolca.utils.external_tools:run:52 - Done running samtools view -h -@ 8 -b hybracter-hybrid-misc/processing/complete/pypolca/NCPPB_2190_esculenti/temp/temp_bwa.sam -o hybracter-hybrid-misc/processing/complete/pypolca/NCPPB_2190_esculenti/temp/temp_bwa.bam
2026-03-29 10:40:33.657 | INFO     | pypolca.utils.external_tools:run:50 - Started running samtools sort -m 2G -@ 8 hybracter-hybrid-misc/processing/complete/pypolca/NCPPB_2190_esculenti/temp/temp_bwa.bam -o hybracter-hybrid-misc/processing/complete/pypolca/NCPPB_2190_esculenti/temp/temp_bwa_sorted.bam ...
2026-03-29 10:41:41.122 | INFO     | pypolca.utils.external_tools:run:52 - Done running samtools sort -m 2G -@ 8 hybracter-hybrid-misc/processing/complete/pypolca/NCPPB_2190_esculenti/temp/temp_bwa.bam -o hybracter-hybrid-misc/processing/complete/pypolca/NCPPB_2190_esculenti/temp/temp_bwa_sorted.bam
2026-03-29 10:41:41.128 | INFO     | pypolca.utils.external_tools:run:50 - Started running samtools index -@ hybracter-hybrid-misc/processing/complete/pypolca/NCPPB_2190_esculenti/temp/temp_bwa_sorted.bam ...
2026-03-29 10:41:41.179 | INFO     | pypolca.utils.external_tools:run:52 - Done running samtools index -@ hybracter-hybrid-misc/processing/complete/pypolca/NCPPB_2190_esculenti/temp/temp_bwa_sorted.bam
2026-03-29 10:41:41.179 | INFO     | pypolca:run:244 - Calling variants.
2026-03-29 10:41:41.180 | INFO     | pypolca.utils.external_tools:run:50 - Started running samtools faidx hybracter-hybrid-misc/processing/complete/pypolca/NCPPB_2190_esculenti/temp/assembly.fasta ...
2026-03-29 10:41:42.020 | INFO     | pypolca.utils.external_tools:run:52 - Done running samtools faidx hybracter-hybrid-misc/processing/complete/pypolca/NCPPB_2190_esculenti/temp/assembly.fasta
2026-03-29 10:41:42.022 | INFO     | pypolca.utils.external_tools:run:50 - Started running freebayes -m 0 --min-coverage 3 -R 0 -p 1 -F 0.2 -E 0 -b hybracter-hybrid-misc/processing/complete/pypolca/NCPPB_2190_esculenti/temp/temp_bwa_sorted.bam -f hybracter-hybrid-misc/processing/complete/pypolca/NCPPB_2190_esculenti/temp/assembly.fasta -v hybracter-hybrid-misc/processing/complete/pypolca/NCPPB_2190_esculenti/NCPPB_2190_esculenti.vcf ...
2026-03-29 10:47:54.117 | INFO     | pypolca.utils.external_tools:run:52 - Done running freebayes -m 0 --min-coverage 3 -R 0 -p 1 -F 0.2 -E 0 -b hybracter-hybrid-misc/processing/complete/pypolca/NCPPB_2190_esculenti/temp/temp_bwa_sorted.bam -f hybracter-hybrid-misc/processing/complete/pypolca/NCPPB_2190_esculenti/temp/assembly.fasta -v hybracter-hybrid-misc/processing/complete/pypolca/NCPPB_2190_esculenti/NCPPB_2190_esculenti.vcf
2026-03-29 10:47:54.137 | INFO     | pypolca.utils.fix_consensus_from_vcf:fix_consensus_from_vcf:134 - POLCA has found variants. Fixing
2026-03-29 10:47:54.181 | INFO     | pypolca.utils.report:create_report:27 - Stats BEFORE polishing:
2026-03-29 10:47:54.181 | INFO     | pypolca.utils.report:create_report:29 - Substitution Errors Found: 0
2026-03-29 10:47:54.181 | INFO     | pypolca.utils.report:create_report:31 - Insertion/Deletion Errors Found: 1
2026-03-29 10:47:54.181 | INFO     | pypolca.utils.report:create_report:33 - Assembly Size: 4760104
2026-03-29 10:47:54.181 | INFO     | pypolca.utils.report:create_report:35 - Consensus Quality Before Polishing: 100.0
2026-03-29 10:47:54.181 | INFO     | pypolca.utils.report:create_report:37 - Consensus QV Before Polishing: 66.77
2026-03-29 10:47:54.181 | INFO     | pypolca:run:267 - Final report is in hybracter-hybrid-misc/processing/complete/pypolca/NCPPB_2190_esculenti/NCPPB_2190_esculenti.report; polished assembly is in hybracter-hybrid-misc/processing/complete/pypolca/NCPPB_2190_esculenti/NCPPB_2190_esculenti_corrected.fasta
2026-03-29 10:47:55.300 | INFO     | pypolca.utils.util:end_pypolca:110 - pypolca has finished
2026-03-29 10:47:55.300 | INFO     | pypolca.utils.util:end_pypolca:111 - Elapsed time: 638.44 seconds
