2025-11-08 12:31:22.641 | INFO     | dnaapler.utils.validation:instantiate_dirs:24 - Checking the output directory hybracter-hybrid/processing/complete/dnaapler/NCPPB_2865_pre_chrom
2025-11-08 12:31:22.651 | INFO     | dnaapler.utils.util:begin_dnaapler:74 - You are using dnaapler version 1.3.0
2025-11-08 12:31:22.651 | INFO     | dnaapler.utils.util:begin_dnaapler:75 - Repository homepage is https://github.com/gbouras13/dnaapler
2025-11-08 12:31:22.652 | INFO     | dnaapler.utils.util:begin_dnaapler:76 - Written by George Bouras: george.bouras@adelaide.edu.au
2025-11-08 12:31:22.652 | INFO     | dnaapler.utils.util:begin_dnaapler:77 - Your input file is hybracter-hybrid/processing/pre_polish/NCPPB_2865_chromosome.fasta
2025-11-08 12:31:22.652 | INFO     | dnaapler.utils.util:begin_dnaapler:78 - Your output directory  is hybracter-hybrid/processing/complete/dnaapler/NCPPB_2865_pre_chrom
2025-11-08 12:31:22.652 | INFO     | dnaapler.utils.util:begin_dnaapler:79 - You have specified 8 threads to use with MMseqs2
2025-11-08 12:31:22.652 | INFO     | dnaapler.utils.util:begin_dnaapler:80 - You have specified all gene(s) to reorient your sequence
2025-11-08 12:31:22.652 | INFO     | dnaapler.utils.util:check_mmseqs2_version:122 - Checking MMseqs2 installation.
2025-11-08 12:31:22.662 | INFO     | dnaapler.utils.util:check_mmseqs2_version:142 - MMseqs2 version found is 18.8cc5c
2025-11-08 12:31:22.662 | INFO     | dnaapler.utils.util:check_mmseqs2_version:156 - MMseqs2 version is ok.
2025-11-08 12:31:22.662 | INFO     | dnaapler.utils.util:check_pyrodigal_version:95 - Checking pyrodigal installation.
2025-11-08 12:31:22.662 | INFO     | dnaapler.utils.util:check_pyrodigal_version:106 - Pyrodigal version is v3.6.3
2025-11-08 12:31:22.662 | INFO     | dnaapler.utils.util:check_pyrodigal_version:107 - Pyrodigal version is ok.
2025-11-08 12:31:22.662 | INFO     | dnaapler.utils.util:begin_dnaapler:85 - Parameter: --input hybracter-hybrid/processing/pre_polish/NCPPB_2865_chromosome.fasta
2025-11-08 12:31:22.662 | INFO     | dnaapler.utils.util:begin_dnaapler:85 - Parameter: --output hybracter-hybrid/processing/complete/dnaapler/NCPPB_2865_pre_chrom
2025-11-08 12:31:22.662 | INFO     | dnaapler.utils.util:begin_dnaapler:85 - Parameter: --threads 8
2025-11-08 12:31:22.662 | INFO     | dnaapler.utils.util:begin_dnaapler:85 - Parameter: --force True
2025-11-08 12:31:22.662 | INFO     | dnaapler.utils.util:begin_dnaapler:85 - Parameter: --prefix NCPPB_2865
2025-11-08 12:31:22.662 | INFO     | dnaapler.utils.util:begin_dnaapler:85 - Parameter: --evalue 1e-10
2025-11-08 12:31:22.662 | INFO     | dnaapler.utils.util:begin_dnaapler:85 - Parameter: --autocomplete nearest
2025-11-08 12:31:22.662 | INFO     | dnaapler.utils.util:begin_dnaapler:85 - Parameter: --seed_value 13
2025-11-08 12:31:22.662 | INFO     | dnaapler.utils.util:begin_dnaapler:85 - Parameter: --ignore hybracter-hybrid/processing/pre_polish/NCPPB_2865_ignore_list.txt
2025-11-08 12:31:22.662 | INFO     | dnaapler.utils.util:begin_dnaapler:85 - Parameter: --custom_db 
2025-11-08 12:31:22.662 | INFO     | dnaapler.utils.util:begin_dnaapler:85 - Parameter: --db dnaa,cog1474,repa
2025-11-08 12:31:22.662 | INFO     | dnaapler.utils.validation:validate_input_all:112 - Checking that the input file hybracter-hybrid/processing/pre_polish/NCPPB_2865_chromosome.fasta is in FASTA or GFA format and has at least 1 entry.
2025-11-08 12:31:22.914 | INFO     | dnaapler.utils.validation:check_file_format:61 - hybracter-hybrid/processing/pre_polish/NCPPB_2865_chromosome.fasta is in FASTA format.
2025-11-08 12:31:22.949 | INFO     | dnaapler.utils.validation:validate_input_all:117 - hybracter-hybrid/processing/pre_polish/NCPPB_2865_chromosome.fasta has only one entry.
2025-11-08 12:31:22.980 | INFO     | dnaapler.utils.validation:check_evalue:184 - You have specified an evalue of 1e-10.
2025-11-08 12:31:22.980 | INFO     | dnaapler:all:967 - No contigs specified to ignore.
2025-11-08 12:31:23.030 | INFO     | dnaapler.utils.external_tools:run:52 - Started running mmseqs easy-search hybracter-hybrid/processing/complete/dnaapler/NCPPB_2865_pre_chrom/rotated_input.fasta /data/djs217/miniconda3/envs/hybracter_env/lib/python3.11/site-packages/hybracter/workflow/conda/2e20c9685892c8c53c04f44043c92cbf_/lib/python3.13/site-packages/dnaapler/db/all_db hybracter-hybrid/processing/complete/dnaapler/NCPPB_2865_pre_chrom/NCPPB_2865_MMseqs2_output.txt hybracter-hybrid/processing/complete/dnaapler/NCPPB_2865_pre_chrom/tmp_MMseqs2_output --search-type 2 --threads 8 -e 1e-10 --format-output query,qlen,target,tlen,alnlen,qstart,qend,tstart,tend,fident,nident,gapopen,mismatch,evalue,bits,qaln,taln ...
2025-11-08 12:31:40.754 | INFO     | dnaapler.utils.external_tools:run:54 - Done running mmseqs easy-search hybracter-hybrid/processing/complete/dnaapler/NCPPB_2865_pre_chrom/rotated_input.fasta /data/djs217/miniconda3/envs/hybracter_env/lib/python3.11/site-packages/hybracter/workflow/conda/2e20c9685892c8c53c04f44043c92cbf_/lib/python3.13/site-packages/dnaapler/db/all_db hybracter-hybrid/processing/complete/dnaapler/NCPPB_2865_pre_chrom/NCPPB_2865_MMseqs2_output.txt hybracter-hybrid/processing/complete/dnaapler/NCPPB_2865_pre_chrom/tmp_MMseqs2_output --search-type 2 --threads 8 -e 1e-10 --format-output query,qlen,target,tlen,alnlen,qstart,qend,tstart,tend,fident,nident,gapopen,mismatch,evalue,bits,qaln,taln
2025-11-08 12:31:40.847 | INFO     | dnaapler.utils.util:end_dnaapler:173 - dnaapler has finished
2025-11-08 12:31:40.847 | INFO     | dnaapler.utils.util:end_dnaapler:174 - Elapsed time: 18.2 seconds
