[2026-03-28 20:14:14] INFO: Starting Flye 2.9.6-b1802
[2026-03-28 20:14:14] INFO: >>>STAGE: configure
[2026-03-28 20:14:14] INFO: Configuring run
[2026-03-28 20:14:27] INFO: Total read length: 446593701
[2026-03-28 20:14:27] INFO: Reads N50/N90: 24126 / 16788
[2026-03-28 20:14:27] INFO: Minimum overlap set to 10000
[2026-03-28 20:14:27] INFO: >>>STAGE: assembly
[2026-03-28 20:14:27] INFO: Assembling disjointigs
[2026-03-28 20:14:27] INFO: Reading sequences
[2026-03-28 20:14:31] INFO: Building minimizer index
[2026-03-28 20:14:31] INFO: Pre-calculating index storage
0% 10% 20% 30% 40% 50% 60% 70% 80% 90% 100% 
[2026-03-28 20:14:35] INFO: Filling index
0% 10% 20% 30% 40% 50% 60% 70% 80% 90% 100% 
[2026-03-28 20:14:58] INFO: Extending reads
[2026-03-28 20:17:53] INFO: Overlap-based coverage: 83
[2026-03-28 20:17:53] INFO: Median overlap divergence: 0.00401786
0% 90% 100% 
[2026-03-28 20:19:42] INFO: Assembled 2 disjointigs
[2026-03-28 20:19:43] INFO: Generating sequence
0% 10% 20% 30% 40% 50% 60% 70% 80% 90% 100% 
[2026-03-28 20:19:44] INFO: Filtering contained disjointigs
0% 50% 100% 
[2026-03-28 20:19:45] INFO: Contained seqs: 0
[2026-03-28 20:19:45] INFO: >>>STAGE: consensus
[2026-03-28 20:19:45] INFO: Running Minimap2
[2026-03-28 20:20:12] INFO: Computing consensus
[2026-03-28 20:20:45] INFO: Alignment error rate: 0.006539
[2026-03-28 20:20:45] INFO: >>>STAGE: repeat
[2026-03-28 20:20:45] INFO: Building and resolving repeat graph
[2026-03-28 20:20:45] INFO: Parsing disjointigs
[2026-03-28 20:20:45] INFO: Building repeat graph
0% 50% 100% 
[2026-03-28 20:20:48] INFO: Median overlap divergence: 0.00432943
[2026-03-28 20:20:48] INFO: Parsing reads
[2026-03-28 20:20:52] INFO: Aligning reads to the graph
0% 10% 20% 30% 40% 50% 60% 70% 80% 90% 100% 
[2026-03-28 20:21:04] INFO: Aligned read sequence: 444694334 / 446593701 (0.995747)
[2026-03-28 20:21:04] INFO: Median overlap divergence: 0.00177771
[2026-03-28 20:21:04] INFO: Mean edge coverage: 85
[2026-03-28 20:21:04] INFO: Simplifying the graph
[2026-03-28 20:21:05] INFO: >>>STAGE: contigger
[2026-03-28 20:21:05] INFO: Generating contigs
[2026-03-28 20:21:05] INFO: Reading sequences
[2026-03-28 20:21:10] INFO: Generated 2 contigs
[2026-03-28 20:21:10] INFO: Added 0 scaffold connections
[2026-03-28 20:21:11] INFO: >>>STAGE: polishing
[2026-03-28 20:21:11] INFO: Polishing genome (1/1)
[2026-03-28 20:21:11] INFO: Running minimap2
[2026-03-28 20:21:38] INFO: Separating alignment into bubbles
[2026-03-28 20:22:22] INFO: Alignment error rate: 0.003293
[2026-03-28 20:22:22] INFO: Correcting bubbles
0% 10% 20% 30% 40% 50% 60% 70% 80% 90% 100% 
[2026-03-28 20:22:58] INFO: >>>STAGE: finalize
[2026-03-28 20:22:58] INFO: Assembly statistics:

	Total length:	5177717
	Fragments:	2
	Fragments N50:	5129343
	Largest frg:	5129343
	Scaffolds:	0
	Mean coverage:	86

[2026-03-28 20:22:58] INFO: Final assembly: /data/djs217/PROJECTS/xanthomonas-genome-assemblies/xanthomonas_march_2026/hybracter-hybrid-Xcc/processing/assemblies/NCPPB_4678_xcc/assembly.fasta
