[2025-11-09 10:13:54] INFO: Starting Flye 2.9.6-b1802
[2025-11-09 10:13:54] INFO: >>>STAGE: configure
[2025-11-09 10:13:54] INFO: Configuring run
[2025-11-09 10:13:55] INFO: Total read length: 94540082
[2025-11-09 10:13:55] INFO: Reads N50/N90: 11641 / 2257
[2025-11-09 10:13:55] INFO: Minimum overlap set to 2000
[2025-11-09 10:13:56] INFO: >>>STAGE: assembly
[2025-11-09 10:13:56] INFO: Assembling disjointigs
[2025-11-09 10:13:56] INFO: Reading sequences
[2025-11-09 10:13:57] INFO: Building minimizer index
[2025-11-09 10:13:57] INFO: Pre-calculating index storage
0% 10% 20% 30% 40% 50% 60% 70% 80% 90% 100% 
[2025-11-09 10:13:58] INFO: Filling index
0% 10% 20% 30% 40% 50% 60% 70% 80% 90% 100% 
[2025-11-09 10:14:01] INFO: Extending reads
[2025-11-09 10:14:13] INFO: Overlap-based coverage: 11
[2025-11-09 10:14:13] INFO: Median overlap divergence: 0.0191687
0% 20% 40% 70% 80% 100% 
[2025-11-09 10:14:24] INFO: Assembled 17 disjointigs
[2025-11-09 10:14:24] INFO: Generating sequence
0% 10% 20% 30% 40% 50% 60% 70% 80% 90% 100% 
[2025-11-09 10:14:24] INFO: Filtering contained disjointigs
0% 10% 20% 30% 40% 50% 60% 70% 80% 90% 100% 
[2025-11-09 10:14:25] INFO: Contained seqs: 2
[2025-11-09 10:14:25] INFO: >>>STAGE: consensus
[2025-11-09 10:14:25] INFO: Running Minimap2
[2025-11-09 10:14:35] INFO: Computing consensus
[2025-11-09 10:14:52] INFO: Alignment error rate: 0.041140
[2025-11-09 10:14:52] INFO: >>>STAGE: repeat
[2025-11-09 10:14:52] INFO: Building and resolving repeat graph
[2025-11-09 10:14:52] INFO: Parsing disjointigs
[2025-11-09 10:14:52] INFO: Building repeat graph
0% 10% 20% 30% 40% 50% 60% 70% 80% 90% 100% 
[2025-11-09 10:14:53] INFO: Median overlap divergence: 0.0370192
[2025-11-09 10:14:53] INFO: Parsing reads
[2025-11-09 10:14:55] INFO: Aligning reads to the graph
0% 10% 20% 30% 40% 50% 60% 70% 80% 90% 100% 
[2025-11-09 10:14:59] INFO: Aligned read sequence: 72426542 / 86642506 (0.835924)
[2025-11-09 10:14:59] INFO: Median overlap divergence: 0.00898445
[2025-11-09 10:14:59] INFO: Mean edge coverage: 14
[2025-11-09 10:14:59] INFO: Simplifying the graph
[2025-11-09 10:15:00] INFO: >>>STAGE: contigger
[2025-11-09 10:15:00] INFO: Generating contigs
[2025-11-09 10:15:00] INFO: Reading sequences
[2025-11-09 10:15:01] INFO: Generated 10 contigs
[2025-11-09 10:15:01] INFO: Added 0 scaffold connections
[2025-11-09 10:15:01] INFO: >>>STAGE: polishing
[2025-11-09 10:15:01] INFO: Polishing genome (1/1)
[2025-11-09 10:15:01] INFO: Running minimap2
[2025-11-09 10:15:12] INFO: Separating alignment into bubbles
[2025-11-09 10:15:30] INFO: Alignment error rate: 0.033505
[2025-11-09 10:15:30] INFO: Correcting bubbles
0% 10% 20% 30% 40% 50% 60% 70% 80% 90% 100% 
[2025-11-09 10:15:50] INFO: >>>STAGE: finalize
[2025-11-09 10:15:50] INFO: Assembly statistics:

	Total length:	5093316
	Fragments:	10
	Fragments N50:	3578346
	Largest frg:	3578346
	Scaffolds:	0
	Mean coverage:	17

[2025-11-09 10:15:50] INFO: Final assembly: /data/djs217/PROJECTS/xanthomonas-genome-assemblies/PRJNA1130018/hybracter-hybrid/processing/assemblies/NCPPB_3204/assembly.fasta
