[2025-11-09 14:23:10] INFO: Starting Flye 2.9.6-b1802
[2025-11-09 14:23:10] INFO: >>>STAGE: configure
[2025-11-09 14:23:10] INFO: Configuring run
[2025-11-09 14:23:11] INFO: Total read length: 64087728
[2025-11-09 14:23:11] INFO: Reads N50/N90: 18467 / 3427
[2025-11-09 14:23:11] INFO: Minimum overlap set to 3000
[2025-11-09 14:23:11] INFO: >>>STAGE: assembly
[2025-11-09 14:23:11] INFO: Assembling disjointigs
[2025-11-09 14:23:11] INFO: Reading sequences
[2025-11-09 14:23:12] INFO: Building minimizer index
[2025-11-09 14:23:12] INFO: Pre-calculating index storage
0% 10% 20% 30% 40% 50% 60% 70% 80% 90% 100% 
[2025-11-09 14:23:13] INFO: Filling index
0% 10% 20% 30% 40% 50% 60% 70% 80% 90% 100% 
[2025-11-09 14:23:16] INFO: Extending reads
[2025-11-09 14:23:31] INFO: Overlap-based coverage: 8
[2025-11-09 14:23:31] INFO: Median overlap divergence: 0.0177644
0% 70% 80% 90% 100% 
[2025-11-09 14:23:37] INFO: Assembled 7 disjointigs
[2025-11-09 14:23:37] INFO: Generating sequence
0% 10% 20% 30% 40% 50% 60% 70% 80% 90% 100% 
[2025-11-09 14:23:38] INFO: Filtering contained disjointigs
0% 10% 20% 40% 50% 70% 80% 100% 
[2025-11-09 14:23:38] INFO: Contained seqs: 0
[2025-11-09 14:23:39] INFO: >>>STAGE: consensus
[2025-11-09 14:23:39] INFO: Running Minimap2
[2025-11-09 14:23:45] INFO: Computing consensus
[2025-11-09 14:23:58] INFO: Alignment error rate: 0.047515
[2025-11-09 14:23:58] INFO: >>>STAGE: repeat
[2025-11-09 14:23:58] INFO: Building and resolving repeat graph
[2025-11-09 14:23:58] INFO: Parsing disjointigs
[2025-11-09 14:23:58] INFO: Building repeat graph
0% 10% 20% 40% 50% 70% 80% 100% 
[2025-11-09 14:23:59] INFO: Median overlap divergence: 0.00782473
[2025-11-09 14:23:59] INFO: Parsing reads
[2025-11-09 14:24:00] INFO: Aligning reads to the graph
0% 10% 20% 30% 40% 50% 60% 70% 80% 90% 100% 
[2025-11-09 14:24:04] INFO: Aligned read sequence: 49880614 / 58551627 (0.851908)
[2025-11-09 14:24:04] INFO: Median overlap divergence: 0.00886989
[2025-11-09 14:24:04] INFO: Mean edge coverage: 9
[2025-11-09 14:24:04] INFO: Simplifying the graph
[2025-11-09 14:24:04] INFO: >>>STAGE: contigger
[2025-11-09 14:24:04] INFO: Generating contigs
[2025-11-09 14:24:04] INFO: Reading sequences
[2025-11-09 14:24:05] INFO: Generated 8 contigs
[2025-11-09 14:24:05] INFO: Added 0 scaffold connections
[2025-11-09 14:24:05] INFO: >>>STAGE: polishing
[2025-11-09 14:24:05] INFO: Polishing genome (1/1)
[2025-11-09 14:24:05] INFO: Running minimap2
[2025-11-09 14:24:11] INFO: Separating alignment into bubbles
[2025-11-09 14:24:24] INFO: Alignment error rate: 0.042208
[2025-11-09 14:24:24] INFO: Correcting bubbles
0% 10% 20% 30% 40% 50% 60% 70% 80% 90% 100% 
[2025-11-09 14:24:54] INFO: >>>STAGE: finalize
[2025-11-09 14:24:54] INFO: Assembly statistics:

	Total length:	5022812
	Fragments:	7
	Fragments N50:	4859637
	Largest frg:	4859637
	Scaffolds:	0
	Mean coverage:	11

[2025-11-09 14:24:54] INFO: Final assembly: /data/djs217/PROJECTS/xanthomonas-genome-assemblies/PRJNA1130018/hybracter-hybrid/processing/assemblies/NCPPB_3758/assembly.fasta
