[2026-03-30 11:54:26] INFO: Starting Flye 2.9.6-b1802
[2026-03-30 11:54:26] INFO: >>>STAGE: configure
[2026-03-30 11:54:26] INFO: Configuring run
[2026-03-30 11:54:37] INFO: Total read length: 466807888
[2026-03-30 11:54:37] INFO: Reads N50/N90: 22151 / 16099
[2026-03-30 11:54:37] INFO: Minimum overlap set to 10000
[2026-03-30 11:54:37] INFO: >>>STAGE: assembly
[2026-03-30 11:54:37] INFO: Assembling disjointigs
[2026-03-30 11:54:37] INFO: Reading sequences
[2026-03-30 11:54:43] INFO: Building minimizer index
[2026-03-30 11:54:43] INFO: Pre-calculating index storage
0% 10% 20% 30% 40% 50% 60% 70% 80% 90% 100% 
[2026-03-30 11:54:47] INFO: Filling index
0% 10% 20% 30% 40% 50% 60% 70% 80% 90% 100% 
[2026-03-30 11:55:02] INFO: Extending reads
[2026-03-30 11:57:13] INFO: Overlap-based coverage: 77
[2026-03-30 11:57:13] INFO: Median overlap divergence: 0.00486805
0% 90% 100% 
[2026-03-30 11:59:08] INFO: Assembled 4 disjointigs
[2026-03-30 11:59:08] INFO: Generating sequence
0% 10% 20% 30% 40% 50% 60% 70% 80% 90% 100% 
[2026-03-30 11:59:10] INFO: Filtering contained disjointigs
0% 20% 50% 70% 100% 
[2026-03-30 11:59:13] INFO: Contained seqs: 0
[2026-03-30 11:59:14] INFO: >>>STAGE: consensus
[2026-03-30 11:59:14] INFO: Running Minimap2
[2026-03-30 12:00:09] INFO: Computing consensus
[2026-03-30 12:00:43] INFO: Alignment error rate: 0.008636
[2026-03-30 12:00:43] INFO: >>>STAGE: repeat
[2026-03-30 12:00:43] INFO: Building and resolving repeat graph
[2026-03-30 12:00:43] INFO: Parsing disjointigs
[2026-03-30 12:00:44] INFO: Building repeat graph
0% 20% 50% 70% 100% 
[2026-03-30 12:00:47] INFO: Median overlap divergence: 0.0021526
[2026-03-30 12:00:47] INFO: Parsing reads
[2026-03-30 12:00:52] INFO: Aligning reads to the graph
0% 10% 20% 30% 40% 50% 60% 70% 80% 90% 100% 
[2026-03-30 12:01:16] INFO: Aligned read sequence: 463179455 / 466807888 (0.992227)
[2026-03-30 12:01:16] INFO: Median overlap divergence: 0.00210154
[2026-03-30 12:01:16] INFO: Mean edge coverage: 80
[2026-03-30 12:01:16] INFO: Simplifying the graph
[2026-03-30 12:01:17] INFO: >>>STAGE: contigger
[2026-03-30 12:01:17] INFO: Generating contigs
[2026-03-30 12:01:17] INFO: Reading sequences
[2026-03-30 12:01:22] INFO: Generated 4 contigs
[2026-03-30 12:01:22] INFO: Added 0 scaffold connections
[2026-03-30 12:01:22] INFO: >>>STAGE: polishing
[2026-03-30 12:01:22] INFO: Polishing genome (1/1)
[2026-03-30 12:01:22] INFO: Running minimap2
[2026-03-30 12:02:28] INFO: Separating alignment into bubbles
[2026-03-30 12:03:16] INFO: Alignment error rate: 0.005456
[2026-03-30 12:03:16] INFO: Correcting bubbles
0% 10% 20% 30% 40% 50% 60% 70% 80% 90% 100% 
[2026-03-30 12:04:03] INFO: >>>STAGE: finalize
[2026-03-30 12:04:03] INFO: Assembly statistics:

	Total length:	5711862
	Fragments:	4
	Fragments N50:	5328689
	Largest frg:	5328689
	Scaffolds:	0
	Mean coverage:	82

[2026-03-30 12:04:03] INFO: Final assembly: /data/djs217/PROJECTS/xanthomonas-genome-assemblies/xanthomonas_march_2026/hybracter-hybrid-misc2/processing/assemblies/NCPPB_4364_dyei/assembly.fasta
