[M::bwa_idx_load_from_disk] read 0 ALT contigs
[M::process] read 601448 sequences (80000044 bp)...
[M::process] read 598002 sequences (80000013 bp)...
[M::mem_process_seqs] Processed 601448 reads in 35.841 CPU sec, 4.416 real sec
[M::process] read 595960 sequences (80000136 bp)...
[M::mem_process_seqs] Processed 598002 reads in 32.911 CPU sec, 3.981 real sec
[M::process] read 599794 sequences (80000160 bp)...
[M::mem_process_seqs] Processed 595960 reads in 33.982 CPU sec, 4.106 real sec
[M::process] read 596672 sequences (80000010 bp)...
[M::mem_process_seqs] Processed 599794 reads in 31.703 CPU sec, 3.849 real sec
[M::mem_process_seqs] Processed 596672 reads in 32.234 CPU sec, 3.898 real sec
[M::process] read 594728 sequences (80000267 bp)...
[M::process] read 597932 sequences (80000278 bp)...
[M::mem_process_seqs] Processed 594728 reads in 32.578 CPU sec, 4.037 real sec
[M::process] read 595146 sequences (80000089 bp)...
[M::mem_process_seqs] Processed 597932 reads in 34.309 CPU sec, 4.145 real sec
[M::process] read 594232 sequences (80000131 bp)...
[M::mem_process_seqs] Processed 595146 reads in 35.595 CPU sec, 4.290 real sec
[M::process] read 596122 sequences (80000257 bp)...
[M::mem_process_seqs] Processed 594232 reads in 33.739 CPU sec, 4.068 real sec
[M::mem_process_seqs] Processed 596122 reads in 34.069 CPU sec, 4.079 real sec
[M::process] read 593868 sequences (80000110 bp)...
[M::process] read 594734 sequences (80000148 bp)...
[M::mem_process_seqs] Processed 593868 reads in 34.495 CPU sec, 4.176 real sec
[M::process] read 606068 sequences (80000184 bp)...
[M::mem_process_seqs] Processed 594734 reads in 34.217 CPU sec, 4.085 real sec
[M::process] read 603570 sequences (80000224 bp)...
[M::mem_process_seqs] Processed 606068 reads in 33.057 CPU sec, 3.985 real sec
[M::process] read 462085 sequences (61327655 bp)...
[M::mem_process_seqs] Processed 603570 reads in 32.872 CPU sec, 3.979 real sec
[M::mem_process_seqs] Processed 462085 reads in 26.934 CPU sec, 3.334 real sec
[main] Version: 0.7.19-r1273
[main] CMD: bwa mem -t 8 -a hybracter-hybrid-misc2/processing/complete/medaka_rd_2/NCPPB_4363_dyei/consensus.fasta hybracter-hybrid-misc2/processing/qc/fastp/NCPPB_4363_dyei_2.fastq.gz
[main] Real time: 67.330 sec; CPU: 501.748 sec
