[M::bwa_idx_load_from_disk] read 0 ALT contigs
[M::process] read 607078 sequences (80000150 bp)...
[M::process] read 603682 sequences (80000032 bp)...
[M::mem_process_seqs] Processed 607078 reads in 29.214 CPU sec, 3.594 real sec
[M::process] read 601134 sequences (80000058 bp)...
[M::mem_process_seqs] Processed 603682 reads in 24.056 CPU sec, 2.884 real sec
[M::process] read 604634 sequences (80000187 bp)...
[M::mem_process_seqs] Processed 601134 reads in 24.576 CPU sec, 2.984 real sec
[M::process] read 602792 sequences (80000233 bp)...
[M::mem_process_seqs] Processed 604634 reads in 23.613 CPU sec, 2.834 real sec
[M::process] read 600456 sequences (80000057 bp)...
[M::mem_process_seqs] Processed 602792 reads in 24.533 CPU sec, 2.943 real sec
[M::process] read 601640 sequences (80000015 bp)...
[M::mem_process_seqs] Processed 600456 reads in 23.911 CPU sec, 2.868 real sec
[M::process] read 601962 sequences (80000237 bp)...
[M::mem_process_seqs] Processed 601640 reads in 23.400 CPU sec, 2.815 real sec
[M::process] read 600210 sequences (80000082 bp)...
[M::mem_process_seqs] Processed 601962 reads in 24.396 CPU sec, 2.927 real sec
[M::process] read 599968 sequences (80000120 bp)...
[M::mem_process_seqs] Processed 600210 reads in 24.631 CPU sec, 2.983 real sec
[M::process] read 600640 sequences (80000165 bp)...
[M::mem_process_seqs] Processed 599968 reads in 24.615 CPU sec, 2.939 real sec
[M::process] read 598894 sequences (80000261 bp)...
[M::mem_process_seqs] Processed 600640 reads in 24.626 CPU sec, 2.951 real sec
[M::process] read 597996 sequences (80000160 bp)...
[M::mem_process_seqs] Processed 598894 reads in 24.058 CPU sec, 2.908 real sec
[M::process] read 611734 sequences (80000010 bp)...
[M::mem_process_seqs] Processed 597996 reads in 25.213 CPU sec, 3.027 real sec
[M::process] read 610428 sequences (80000090 bp)...
[M::mem_process_seqs] Processed 611734 reads in 25.925 CPU sec, 3.127 real sec
[M::process] read 608054 sequences (80000244 bp)...
[M::mem_process_seqs] Processed 610428 reads in 24.141 CPU sec, 2.898 real sec
[M::process] read 100079 sequences (13201195 bp)...
[M::mem_process_seqs] Processed 608054 reads in 23.182 CPU sec, 2.892 real sec
[M::mem_process_seqs] Processed 100079 reads in 4.643 CPU sec, 0.561 real sec
[main] Version: 0.7.19-r1273
[main] CMD: bwa mem -t 8 -a hybracter-hybrid-misc2/processing/complete/medaka_rd_2/NCPPB_2338_dyei/consensus.fasta hybracter-hybrid-misc2/processing/qc/fastp/NCPPB_2338_dyei_2.fastq.gz
[main] Real time: 50.545 sec; CPU: 400.371 sec
