
[1;4;93mStarting Polypolish polish[0m [2m(2025-11-10 20:25:20)[0m
[2m    Polypolish is a tool for polishing genome assemblies with short reads.
Unlike other tools in this category, Polypolish uses SAM files where each read
has been aligned to all possible locations (not just a single best location).
This allows it to repair errors in repeat regions that other alignment-based
polishers cannot fix.[0m

Polypolish version: 0.6.1

Input assembly:
  hybracter-hybrid/processing/complete/medaka_rd_2/NCPPB_3662/consensus.fasta

Input short-read alignments:
  hybracter-hybrid/processing/complete/bwa/NCPPB_3662_1.sam
  hybracter-hybrid/processing/complete/bwa/NCPPB_3662_2.sam

Settings:
  --fraction_invalid 0.2
  --fraction_valid 0.5
  --max_errors 10
  --min_depth 5
  not logging debugging information


[1;4;93mLoading assembly[0m [2m(2025-11-10 20:25:20)[0m
contig_1 (5,345,676 bp)
1 (33,115 bp)
2 (14,181 bp)


[1;4;93mLoading alignments[0m [2m(2025-11-10 20:25:20)[0m
hybracter-hybrid/processing/complete/bwa/NCPPB_3662_1.sam: 2,934,758 alignments from 2,183,116 reads
hybracter-hybrid/processing/complete/bwa/NCPPB_3662_2.sam: 2,935,530 alignments from 2,182,312 reads

Filtering for high-quality end-to-end alignments:
  5,507,089 alignments kept
  363,199 alignments discarded


[1;4;93mPolishing assembly sequences[0m [2m(2025-11-10 20:25:51)[0m
[2m    For each position in the assembly, Polypolish determines the read depth
at that position and collects all aligned bases. It then polishes the assembly
by looking for positions where the pileup unambiguously supports a different
sequence than the assembly.[0m

Polishing contig_1 (5,345,676 bp):
  mean read depth: 181.6x
  4 bp have a depth of zero (99.9999% coverage)
  23 positions changed (0.0004% of total positions)
  estimated pre-polishing sequence accuracy: 99.9996% (Q53.66)

Polishing 1 (33,115 bp):
  mean read depth: 320.3x
  4 bp have a depth of zero (99.9879% coverage)
  2 positions changed (0.0060% of total positions)
  estimated pre-polishing sequence accuracy: 99.9940% (Q42.19)

Polishing 2 (14,181 bp):
  mean read depth: 596.6x
  2 bp have a depth of zero (99.9859% coverage)
  0 positions changed (0.0000% of total positions)
  estimated pre-polishing sequence accuracy: 100.0000% (Q∞)


[1;4;93mFinished![0m [2m(2025-11-10 20:25:51)[0m
Polished sequence (to stdout):
  contig_1_polypolish (5,345,671 bp)
  1_polypolish (33,115 bp)
  2_polypolish (14,181 bp)

Time to run: 0:00:31.448963

