
[1;4;93mStarting Polypolish polish[0m [2m(2025-11-11 01:45:52)[0m
[2m    Polypolish is a tool for polishing genome assemblies with short reads.
Unlike other tools in this category, Polypolish uses SAM files where each read
has been aligned to all possible locations (not just a single best location).
This allows it to repair errors in repeat regions that other alignment-based
polishers cannot fix.[0m

Polypolish version: 0.6.1

Input assembly:
  hybracter-hybrid/processing/complete/medaka_rd_2/NCPPB_1473/consensus.fasta

Input short-read alignments:
  hybracter-hybrid/processing/complete/bwa/NCPPB_1473_1.sam
  hybracter-hybrid/processing/complete/bwa/NCPPB_1473_2.sam

Settings:
  --fraction_invalid 0.2
  --fraction_valid 0.5
  --max_errors 10
  --min_depth 5
  not logging debugging information


[1;4;93mLoading assembly[0m [2m(2025-11-11 01:45:52)[0m
1 (47,375 bp)
2 (40,616 bp)
3 (28,352 bp)
contig_1 (5,089,260 bp)


[1;4;93mLoading alignments[0m [2m(2025-11-11 01:45:53)[0m
hybracter-hybrid/processing/complete/bwa/NCPPB_1473_1.sam: 3,093,605 alignments from 2,183,637 reads
hybracter-hybrid/processing/complete/bwa/NCPPB_1473_2.sam: 3,098,963 alignments from 2,182,722 reads

Filtering for high-quality end-to-end alignments:
  5,815,291 alignments kept
  377,277 alignments discarded


[1;4;93mPolishing assembly sequences[0m [2m(2025-11-11 01:46:29)[0m
[2m    For each position in the assembly, Polypolish determines the read depth
at that position and collects all aligned bases. It then polishes the assembly
by looking for positions where the pileup unambiguously supports a different
sequence than the assembly.[0m

Polishing 1 (47,375 bp):
  mean read depth: 260.7x
  2 bp have a depth of zero (99.9958% coverage)
  0 positions changed (0.0000% of total positions)
  estimated pre-polishing sequence accuracy: 100.0000% (Q‚ąě)

Polishing 2 (40,616 bp):
  mean read depth: 61.9x
  13 bp have a depth of zero (99.9680% coverage)
  1 position changed (0.0025% of total positions)
  estimated pre-polishing sequence accuracy: 99.9975% (Q46.09)

Polishing 3 (28,352 bp):
  mean read depth: 161.6x
  3 bp have a depth of zero (99.9894% coverage)
  1 position changed (0.0035% of total positions)
  estimated pre-polishing sequence accuracy: 99.9965% (Q44.53)

Polishing contig_1 (5,089,260 bp):
  mean read depth: 189.2x
  2 bp have a depth of zero (100.0000% coverage)
  39 positions changed (0.0008% of total positions)
  estimated pre-polishing sequence accuracy: 99.9992% (Q51.16)


[1;4;93mFinished![0m [2m(2025-11-11 01:46:29)[0m
Polished sequence (to stdout):
  1_polypolish (47,375 bp)
  2_polypolish (40,616 bp)
  3_polypolish (28,352 bp)
  contig_1_polypolish (5,089,274 bp)

Time to run: 0:00:37.182056

