
[1;4;93mStarting Polypolish polish[0m [2m(2026-03-29 04:02:29)[0m
[2m    Polypolish is a tool for polishing genome assemblies with short reads.
Unlike other tools in this category, Polypolish uses SAM files where each read
has been aligned to all possible locations (not just a single best location).
This allows it to repair errors in repeat regions that other alignment-based
polishers cannot fix.[0m

Polypolish version: 0.6.1

Input assembly:
  hybracter-hybrid-misc/processing/complete/medaka_rd_2/NCPPB_4633_dyei/consensus.fasta

Input short-read alignments:
  hybracter-hybrid-misc/processing/complete/bwa/NCPPB_4633_dyei_1.sam
  hybracter-hybrid-misc/processing/complete/bwa/NCPPB_4633_dyei_2.sam

Settings:
  --fraction_invalid 0.2
  --fraction_valid 0.5
  --max_errors 10
  --min_depth 5
  not logging debugging information


[1;4;93mLoading assembly[0m [2m(2026-03-29 04:02:29)[0m
contig_1 (5,215,729 bp)


[1;4;93mLoading alignments[0m [2m(2026-03-29 04:02:29)[0m
hybracter-hybrid-misc/processing/complete/bwa/NCPPB_4633_dyei_1.sam: 8,125,111 alignments from 7,354,621 reads
hybracter-hybrid-misc/processing/complete/bwa/NCPPB_4633_dyei_2.sam: 8,127,725 alignments from 7,354,467 reads

Filtering for high-quality end-to-end alignments:
  15,796,646 alignments kept
  456,190 alignments discarded


[1;4;93mPolishing assembly sequences[0m [2m(2026-03-29 04:03:25)[0m
[2m    For each position in the assembly, Polypolish determines the read depth
at that position and collects all aligned bases. It then polishes the assembly
by looking for positions where the pileup unambiguously supports a different
sequence than the assembly.[0m

Polishing contig_1 (5,215,729 bp):
  mean read depth: 374.0x
  2 bp have a depth of zero (100.0000% coverage)
  3 positions changed (0.0001% of total positions)
  estimated pre-polishing sequence accuracy: 99.9999% (Q62.40)


[1;4;93mFinished![0m [2m(2026-03-29 04:03:26)[0m
Polished sequence (to stdout):
  contig_1_polypolish (5,215,726 bp)

Time to run: 0:00:56.570965

