
[1;4;93mStarting Polypolish polish[0m [2m(2026-03-29 07:58:09)[0m
[2m    Polypolish is a tool for polishing genome assemblies with short reads.
Unlike other tools in this category, Polypolish uses SAM files where each read
has been aligned to all possible locations (not just a single best location).
This allows it to repair errors in repeat regions that other alignment-based
polishers cannot fix.[0m

Polypolish version: 0.6.1

Input assembly:
  hybracter-hybrid-misc/processing/complete/medaka_rd_2/NCPPB_4013_asclepiadis/consensus.fasta

Input short-read alignments:
  hybracter-hybrid-misc/processing/complete/bwa/NCPPB_4013_asclepiadis_1.sam
  hybracter-hybrid-misc/processing/complete/bwa/NCPPB_4013_asclepiadis_2.sam

Settings:
  --fraction_invalid 0.2
  --fraction_valid 0.5
  --max_errors 10
  --min_depth 5
  not logging debugging information


[1;4;93mLoading assembly[0m [2m(2026-03-29 07:58:09)[0m
2 (21,073 bp)
contig_1 (5,029,950 bp)


[1;4;93mLoading alignments[0m [2m(2026-03-29 07:58:09)[0m
hybracter-hybrid-misc/processing/complete/bwa/NCPPB_4013_asclepiadis_1.sam: 14,393,504 alignments from 9,096,791 reads
hybracter-hybrid-misc/processing/complete/bwa/NCPPB_4013_asclepiadis_2.sam: 14,399,436 alignments from 9,097,700 reads

Filtering for high-quality end-to-end alignments:
  27,681,704 alignments kept
  1,111,236 alignments discarded


[1;4;93mPolishing assembly sequences[0m [2m(2026-03-29 07:59:39)[0m
[2m    For each position in the assembly, Polypolish determines the read depth
at that position and collects all aligned bases. It then polishes the assembly
by looking for positions where the pileup unambiguously supports a different
sequence than the assembly.[0m

Polishing 2 (21,073 bp):
  mean read depth: 1485.7x
  3 bp have a depth of zero (99.9858% coverage)
  0 positions changed (0.0000% of total positions)
  estimated pre-polishing sequence accuracy: 100.0000% (Q∞)

Polishing contig_1 (5,029,950 bp):
  mean read depth: 465.7x
  2 bp have a depth of zero (100.0000% coverage)
  2 positions changed (0.0000% of total positions)
  estimated pre-polishing sequence accuracy: 100.0000% (Q64.01)


[1;4;93mFinished![0m [2m(2026-03-29 07:59:40)[0m
Polished sequence (to stdout):
  2_polypolish (21,073 bp)
  contig_1_polypolish (5,029,948 bp)

Time to run: 0:01:30.903944

