
[1;4;93mStarting Polypolish polish[0m [2m(2026-03-29 08:25:23)[0m
[2m    Polypolish is a tool for polishing genome assemblies with short reads.
Unlike other tools in this category, Polypolish uses SAM files where each read
has been aligned to all possible locations (not just a single best location).
This allows it to repair errors in repeat regions that other alignment-based
polishers cannot fix.[0m

Polypolish version: 0.6.1

Input assembly:
  hybracter-hybrid-misc/processing/complete/medaka_rd_2/NCPPB_151_papavericola/consensus.fasta

Input short-read alignments:
  hybracter-hybrid-misc/processing/complete/bwa/NCPPB_151_papavericola_1.sam
  hybracter-hybrid-misc/processing/complete/bwa/NCPPB_151_papavericola_2.sam

Settings:
  --fraction_invalid 0.2
  --fraction_valid 0.5
  --max_errors 10
  --min_depth 5
  not logging debugging information


[1;4;93mLoading assembly[0m [2m(2026-03-29 08:25:23)[0m
contig_1 (5,003,624 bp)


[1;4;93mLoading alignments[0m [2m(2026-03-29 08:25:23)[0m
hybracter-hybrid-misc/processing/complete/bwa/NCPPB_151_papavericola_1.sam: 10,255,164 alignments from 9,802,827 reads
hybracter-hybrid-misc/processing/complete/bwa/NCPPB_151_papavericola_2.sam: 10,256,902 alignments from 9,803,647 reads

Filtering for high-quality end-to-end alignments:
  20,011,515 alignments kept
  500,551 alignments discarded


[1;4;93mPolishing assembly sequences[0m [2m(2026-03-29 08:26:36)[0m
[2m    For each position in the assembly, Polypolish determines the read depth
at that position and collects all aligned bases. It then polishes the assembly
by looking for positions where the pileup unambiguously supports a different
sequence than the assembly.[0m

Polishing contig_1 (5,003,624 bp):
  mean read depth: 504.3x
  2 bp have a depth of zero (100.0000% coverage)
  5 positions changed (0.0001% of total positions)
  estimated pre-polishing sequence accuracy: 99.9999% (Q60.00)


[1;4;93mFinished![0m [2m(2026-03-29 08:26:36)[0m
Polished sequence (to stdout):
  contig_1_polypolish (5,003,623 bp)

Time to run: 0:01:13.184820

