/data/djs217/miniconda3/envs/hybracter_env/lib/python3.11/site-packages/hybracter/workflow/conda/7aafc1085ca44eee01942c03ca74ecad_/lib/python3.11/site-packages/medaka/common.py:16: UserWarning: pkg_resources is deprecated as an API. See https://setuptools.pypa.io/en/latest/pkg_resources.html. The pkg_resources package is slated for removal as early as 2025-11-30. Refrain from using this package or pin to Setuptools<81.
  from pkg_resources import resource_filename
/data/djs217/miniconda3/envs/hybracter_env/lib/python3.11/site-packages/hybracter/workflow/conda/7aafc1085ca44eee01942c03ca74ecad_/lib/python3.11/site-packages/medaka/common.py:16: UserWarning: pkg_resources is deprecated as an API. See https://setuptools.pypa.io/en/latest/pkg_resources.html. The pkg_resources package is slated for removal as early as 2025-11-30. Refrain from using this package or pin to Setuptools<81.
  from pkg_resources import resource_filename
/data/djs217/miniconda3/envs/hybracter_env/lib/python3.11/site-packages/hybracter/workflow/conda/7aafc1085ca44eee01942c03ca74ecad_/lib/python3.11/site-packages/medaka/common.py:16: UserWarning: pkg_resources is deprecated as an API. See https://setuptools.pypa.io/en/latest/pkg_resources.html. The pkg_resources package is slated for removal as early as 2025-11-30. Refrain from using this package or pin to Setuptools<81.
  from pkg_resources import resource_filename
[22:11:35 - MdlStrTGZ] Successfully removed temporary files from /tmp/tmp4avrcbrq.
/data/djs217/miniconda3/envs/hybracter_env/lib/python3.11/site-packages/hybracter/workflow/conda/7aafc1085ca44eee01942c03ca74ecad_/lib/python3.11/site-packages/medaka/common.py:16: UserWarning: pkg_resources is deprecated as an API. See https://setuptools.pypa.io/en/latest/pkg_resources.html. The pkg_resources package is slated for removal as early as 2025-11-30. Refrain from using this package or pin to Setuptools<81.
  from pkg_resources import resource_filename
[22:11:37 - MdlStrTGZ] Successfully removed temporary files from /tmp/tmph_aemaju.
Creating fai index file /data/djs217/PROJECTS/xanthomonas-genome-assemblies/xanthomonas_march_2026/hybracter-hybrid-Xcc/processing/complete/dnaapler/NCPPB_4678_xcc/NCPPB_4678_xcc_reoriented_chrom_and_plasmids.fasta.fai
Creating mmi index file /data/djs217/PROJECTS/xanthomonas-genome-assemblies/xanthomonas_march_2026/hybracter-hybrid-Xcc/processing/complete/dnaapler/NCPPB_4678_xcc/NCPPB_4678_xcc_reoriented_chrom_and_plasmids.fasta.map-ont.mmi
[M::mm_idx_gen::0.192*1.02] collected minimizers
[M::mm_idx_gen::0.270*1.47] sorted minimizers
[M::main::0.333*1.38] loaded/built the index for 2 target sequence(s)
[M::mm_idx_stat] kmer size: 15; skip: 10; is_hpc: 0; #seq: 2
[M::mm_idx_stat::0.348*1.36] distinct minimizers: 893153 (94.44% are singletons); average occurrences: 1.082; average spacing: 5.359; total length: 5177717
[M::main] Version: 2.30-r1287
[M::main] CMD: minimap2 -I 16G -x map-ont -d /data/djs217/PROJECTS/xanthomonas-genome-assemblies/xanthomonas_march_2026/hybracter-hybrid-Xcc/processing/complete/dnaapler/NCPPB_4678_xcc/NCPPB_4678_xcc_reoriented_chrom_and_plasmids.fasta.map-ont.mmi /data/djs217/PROJECTS/xanthomonas-genome-assemblies/xanthomonas_march_2026/hybracter-hybrid-Xcc/processing/complete/dnaapler/NCPPB_4678_xcc/NCPPB_4678_xcc_reoriented_chrom_and_plasmids.fasta
[M::main] Real time: 0.354 sec; CPU: 0.480 sec; Peak RSS: 0.057 GB
[M::main::0.065*1.02] loaded/built the index for 2 target sequence(s)
[M::mm_mapopt_update::0.086*1.01] mid_occ = 13
[M::mm_idx_stat] kmer size: 15; skip: 10; is_hpc: 0; #seq: 2
[M::mm_idx_stat::0.101*1.01] distinct minimizers: 893153 (94.44% are singletons); average occurrences: 1.082; average spacing: 5.359; total length: 5177717
[M::worker_pipeline::24.653*6.13] mapped 18746 sequences
[M::main] Version: 2.30-r1287
[M::main] CMD: minimap2 -x map-ont --secondary=no -L --MD -A 2 -B 4 -O 4,24 -E 2,1 -t 12 -a /data/djs217/PROJECTS/xanthomonas-genome-assemblies/xanthomonas_march_2026/hybracter-hybrid-Xcc/processing/complete/dnaapler/NCPPB_4678_xcc/NCPPB_4678_xcc_reoriented_chrom_and_plasmids.fasta.map-ont.mmi /data/djs217/PROJECTS/xanthomonas-genome-assemblies/xanthomonas_march_2026/hybracter-hybrid-Xcc/processing/qc/NCPPB_4678_xcc_filt_trim.fastq.gz
[M::main] Real time: 24.671 sec; CPU: 151.108 sec; Peak RSS: 1.151 GB
[bam_sort_core] merging from 0 files and 12 in-memory blocks...
/data/djs217/miniconda3/envs/hybracter_env/lib/python3.11/site-packages/hybracter/workflow/conda/7aafc1085ca44eee01942c03ca74ecad_/lib/python3.11/site-packages/medaka/common.py:16: UserWarning: pkg_resources is deprecated as an API. See https://setuptools.pypa.io/en/latest/pkg_resources.html. The pkg_resources package is slated for removal as early as 2025-11-30. Refrain from using this package or pin to Setuptools<81.
  from pkg_resources import resource_filename
[22:12:17 - Predict] Processing region(s): contig_2:0-5129343 1:0-48374
[22:12:17 - Predict] Using model: /data/djs217/miniconda3/envs/hybracter_env/lib/python3.11/site-packages/hybracter/workflow/conda/7aafc1085ca44eee01942c03ca74ecad_/lib/python3.11/site-packages/medaka/data/r1041_e82_400bps_sup_v5.0.0_model_pt.tar.gz.
[22:12:17 - Predict] Using minimum mapQ threshold of 1 for read filtering.
[22:12:17 - MdlStrTGZ] Model GRUModel(
  (gru): GRU(10, 128, num_layers=2, batch_first=True, bidirectional=True)
  (linear): Linear(in_features=256, out_features=5, bias=True)
)
[22:12:17 - MdlStrTGZ] loading weights from /tmp/tmpeuxx2joi/model/weights.pt
[22:12:17 - MdlStrTGZ] Successfully removed temporary files from /tmp/tmpeuxx2joi.
[22:12:17 - Predict] Model device: cpu
[22:12:17 - Predict] Running prediction at full precision
[22:12:17 - BAMFile] Creating pool of 16 BAM file sets.
[22:12:17 - Predict] Processing 7 long region(s) with batching.
[22:12:17 - Sampler] Initializing sampler for consensus of region contig_2:0-1000000.
[22:12:17 - Sampler] Initializing sampler for consensus of region contig_2:999000-1999000.
[22:12:17 - PWorker] Running inference for 5.2M draft bases.
[22:12:18 - Feature] Processed contig_2:0.0-999999.0 (median depth 91.0)
[22:12:18 - Sampler] Took 1.51s to make features.
[22:12:19 - Sampler] Initializing sampler for consensus of region contig_2:1998000-2998000.
[22:12:19 - Feature] Processed contig_2:999000.0-1998999.0 (median depth 83.0)
[22:12:19 - Sampler] Took 1.87s to make features.
[22:12:19 - Sampler] Initializing sampler for consensus of region contig_2:2997000-3997000.
[22:12:20 - Feature] Processed contig_2:1998000.0-2997999.0 (median depth 76.0)
[22:12:20 - Sampler] Took 1.56s to make features.
[22:12:20 - Sampler] Initializing sampler for consensus of region contig_2:3996000-4996000.
[22:12:21 - Feature] Processed contig_2:2997000.0-3996999.0 (median depth 81.0)
[22:12:21 - Sampler] Took 1.70s to make features.
[22:12:21 - Sampler] Initializing sampler for consensus of region contig_2:4995000-5129343.
[22:12:21 - Feature] Processed contig_2:4995000.0-5129342.0 (median depth 96.0)
[22:12:21 - Sampler] Took 0.60s to make features.
[22:12:21 - Sampler] Initializing sampler for consensus of region 1:0-48374.
[22:12:22 - Feature] Processed 1:0.0-48373.0 (median depth 192.0)
[22:12:22 - Sampler] Took 0.39s to make features.
[22:12:22 - Feature] Processed contig_2:3996000.0-4995999.0 (median depth 87.0)
[22:12:22 - Sampler] Took 1.82s to make features.
[22:12:49 - PWorker] Batches in cache: 7.
[22:12:49 - PWorker] 16.2% Done (0.8/5.2 Mbases) in 32.3s
[22:12:57 - PWorker] Batches in cache: 6.
[22:13:04 - PWorker] Batches in cache: 5.
[22:13:04 - PWorker] 49.0% Done (2.5/5.2 Mbases) in 47.4s
[22:13:13 - PWorker] Batches in cache: 4.
[22:13:22 - PWorker] Batches in cache: 3.
[22:13:22 - PWorker] 81.5% Done (4.2/5.2 Mbases) in 65.3s
[22:13:32 - PWorker] Batches in cache: 2.
[22:13:32 - PWorker] 97.8% Done (5.1/5.2 Mbases) in 75.3s
[22:13:36 - PWorker] Processed 7 batches
[22:13:36 - PWorker] All done, 0 remainder regions.
[22:13:36 - Predict] Finished processing all regions.
/data/djs217/miniconda3/envs/hybracter_env/lib/python3.11/site-packages/hybracter/workflow/conda/7aafc1085ca44eee01942c03ca74ecad_/lib/python3.11/site-packages/medaka/common.py:16: UserWarning: pkg_resources is deprecated as an API. See https://setuptools.pypa.io/en/latest/pkg_resources.html. The pkg_resources package is slated for removal as early as 2025-11-30. Refrain from using this package or pin to Setuptools<81.
  from pkg_resources import resource_filename
[22:13:38 - DataIndx] Loaded 1/1 (100.00%) sample files.
[22:13:38 - DataIndx] Loaded 1/1 (100.00%) sample files.
[22:13:38 - DataIndx] Loaded 1/1 (100.00%) sample files.
[22:13:38 - DataIndx] Loaded 1/1 (100.00%) sample files.
[22:13:38 - DataIndx] Loaded 1/1 (100.00%) sample files.
[22:13:38 - DataIndx] Loaded 1/1 (100.00%) sample files.
[22:13:38 - DataIndx] Loaded 1/1 (100.00%) sample files.
[22:13:38 - DataIndx] Loaded 1/1 (100.00%) sample files.
