/data/djs217/miniconda3/envs/hybracter_env/lib/python3.11/site-packages/hybracter/workflow/conda/7aafc1085ca44eee01942c03ca74ecad_/lib/python3.11/site-packages/medaka/common.py:16: UserWarning: pkg_resources is deprecated as an API. See https://setuptools.pypa.io/en/latest/pkg_resources.html. The pkg_resources package is slated for removal as early as 2025-11-30. Refrain from using this package or pin to Setuptools<81.
  from pkg_resources import resource_filename
/data/djs217/miniconda3/envs/hybracter_env/lib/python3.11/site-packages/hybracter/workflow/conda/7aafc1085ca44eee01942c03ca74ecad_/lib/python3.11/site-packages/medaka/common.py:16: UserWarning: pkg_resources is deprecated as an API. See https://setuptools.pypa.io/en/latest/pkg_resources.html. The pkg_resources package is slated for removal as early as 2025-11-30. Refrain from using this package or pin to Setuptools<81.
  from pkg_resources import resource_filename
/data/djs217/miniconda3/envs/hybracter_env/lib/python3.11/site-packages/hybracter/workflow/conda/7aafc1085ca44eee01942c03ca74ecad_/lib/python3.11/site-packages/medaka/common.py:16: UserWarning: pkg_resources is deprecated as an API. See https://setuptools.pypa.io/en/latest/pkg_resources.html. The pkg_resources package is slated for removal as early as 2025-11-30. Refrain from using this package or pin to Setuptools<81.
  from pkg_resources import resource_filename
[21:41:41 - MdlStrTGZ] Successfully removed temporary files from /tmp/tmp4jj6j0p0.
/data/djs217/miniconda3/envs/hybracter_env/lib/python3.11/site-packages/hybracter/workflow/conda/7aafc1085ca44eee01942c03ca74ecad_/lib/python3.11/site-packages/medaka/common.py:16: UserWarning: pkg_resources is deprecated as an API. See https://setuptools.pypa.io/en/latest/pkg_resources.html. The pkg_resources package is slated for removal as early as 2025-11-30. Refrain from using this package or pin to Setuptools<81.
  from pkg_resources import resource_filename
[21:41:43 - MdlStrTGZ] Successfully removed temporary files from /tmp/tmp7zaf7dyw.
Creating fai index file /data/djs217/PROJECTS/xanthomonas-genome-assemblies/xanthomonas_march_2026/hybracter-hybrid-Xcc/processing/complete/dnaapler/NCPPB_4680_xcc/NCPPB_4680_xcc_reoriented_chrom_and_plasmids.fasta.fai
Creating mmi index file /data/djs217/PROJECTS/xanthomonas-genome-assemblies/xanthomonas_march_2026/hybracter-hybrid-Xcc/processing/complete/dnaapler/NCPPB_4680_xcc/NCPPB_4680_xcc_reoriented_chrom_and_plasmids.fasta.map-ont.mmi
[M::mm_idx_gen::0.175*1.02] collected minimizers
[M::mm_idx_gen::0.224*1.44] sorted minimizers
[M::main::0.280*1.35] loaded/built the index for 3 target sequence(s)
[M::mm_idx_stat] kmer size: 15; skip: 10; is_hpc: 0; #seq: 3
[M::mm_idx_stat::0.290*1.34] distinct minimizers: 887813 (93.72% are singletons); average occurrences: 1.098; average spacing: 5.360; total length: 5226847
[M::main] Version: 2.30-r1287
[M::main] CMD: minimap2 -I 16G -x map-ont -d /data/djs217/PROJECTS/xanthomonas-genome-assemblies/xanthomonas_march_2026/hybracter-hybrid-Xcc/processing/complete/dnaapler/NCPPB_4680_xcc/NCPPB_4680_xcc_reoriented_chrom_and_plasmids.fasta.map-ont.mmi /data/djs217/PROJECTS/xanthomonas-genome-assemblies/xanthomonas_march_2026/hybracter-hybrid-Xcc/processing/complete/dnaapler/NCPPB_4680_xcc/NCPPB_4680_xcc_reoriented_chrom_and_plasmids.fasta
[M::main] Real time: 0.295 sec; CPU: 0.393 sec; Peak RSS: 0.050 GB
[M::main::0.076*1.04] loaded/built the index for 3 target sequence(s)
[M::mm_mapopt_update::0.096*1.03] mid_occ = 30
[M::mm_idx_stat] kmer size: 15; skip: 10; is_hpc: 0; #seq: 3
[M::mm_idx_stat::0.109*1.03] distinct minimizers: 887813 (93.72% are singletons); average occurrences: 1.098; average spacing: 5.360; total length: 5226847
[M::worker_pipeline::31.528*5.14] mapped 19560 sequences
[M::main] Version: 2.30-r1287
[M::main] CMD: minimap2 -x map-ont --secondary=no -L --MD -A 2 -B 4 -O 4,24 -E 2,1 -t 12 -a /data/djs217/PROJECTS/xanthomonas-genome-assemblies/xanthomonas_march_2026/hybracter-hybrid-Xcc/processing/complete/dnaapler/NCPPB_4680_xcc/NCPPB_4680_xcc_reoriented_chrom_and_plasmids.fasta.map-ont.mmi /data/djs217/PROJECTS/xanthomonas-genome-assemblies/xanthomonas_march_2026/hybracter-hybrid-Xcc/processing/qc/NCPPB_4680_xcc_filt_trim.fastq.gz
[M::main] Real time: 31.539 sec; CPU: 162.050 sec; Peak RSS: 1.322 GB
[bam_sort_core] merging from 0 files and 12 in-memory blocks...
/data/djs217/miniconda3/envs/hybracter_env/lib/python3.11/site-packages/hybracter/workflow/conda/7aafc1085ca44eee01942c03ca74ecad_/lib/python3.11/site-packages/medaka/common.py:16: UserWarning: pkg_resources is deprecated as an API. See https://setuptools.pypa.io/en/latest/pkg_resources.html. The pkg_resources package is slated for removal as early as 2025-11-30. Refrain from using this package or pin to Setuptools<81.
  from pkg_resources import resource_filename
[21:42:25 - Predict] Processing region(s): contig_1:0-5125729 1:0-51937 2:0-49181
[21:42:25 - Predict] Using model: /data/djs217/miniconda3/envs/hybracter_env/lib/python3.11/site-packages/hybracter/workflow/conda/7aafc1085ca44eee01942c03ca74ecad_/lib/python3.11/site-packages/medaka/data/r1041_e82_400bps_sup_v5.0.0_model_pt.tar.gz.
[21:42:25 - Predict] Using minimum mapQ threshold of 1 for read filtering.
[21:42:25 - MdlStrTGZ] Model GRUModel(
  (gru): GRU(10, 128, num_layers=2, batch_first=True, bidirectional=True)
  (linear): Linear(in_features=256, out_features=5, bias=True)
)
[21:42:25 - MdlStrTGZ] loading weights from /tmp/tmpzorkjyqh/model/weights.pt
[21:42:25 - MdlStrTGZ] Successfully removed temporary files from /tmp/tmpzorkjyqh.
[21:42:25 - Predict] Model device: cpu
[21:42:25 - Predict] Running prediction at full precision
[21:42:25 - BAMFile] Creating pool of 16 BAM file sets.
[21:42:25 - Predict] Processing 8 long region(s) with batching.
[21:42:25 - Sampler] Initializing sampler for consensus of region contig_1:0-1000000.
[21:42:25 - Sampler] Initializing sampler for consensus of region contig_1:999000-1999000.
[21:42:25 - PWorker] Running inference for 5.2M draft bases.
[21:42:27 - Feature] Processed contig_1:0.0-999999.0 (median depth 84.0)
[21:42:27 - Sampler] Took 1.82s to make features.
[21:42:27 - Sampler] Initializing sampler for consensus of region contig_1:1998000-2998000.
[21:42:27 - Feature] Processed contig_1:999000.0-1998999.0 (median depth 83.0)
[21:42:27 - Sampler] Took 2.01s to make features.
[21:42:27 - Sampler] Initializing sampler for consensus of region contig_1:2997000-3997000.
[21:42:28 - Feature] Processed contig_1:1998000.0-2997999.0 (median depth 81.0)
[21:42:28 - Sampler] Took 1.16s to make features.
[21:42:28 - Sampler] Initializing sampler for consensus of region contig_1:3996000-4996000.
[21:42:28 - Feature] Processed contig_1:2997000.0-3996999.0 (median depth 85.0)
[21:42:28 - Sampler] Took 1.06s to make features.
[21:42:28 - Sampler] Initializing sampler for consensus of region contig_1:4995000-5125729.
[21:42:28 - Feature] Processed contig_1:4995000.0-5125728.0 (median depth 85.0)
[21:42:28 - Sampler] Took 0.50s to make features.
[21:42:28 - Sampler] Initializing sampler for consensus of region 1:0-51937.
[21:42:29 - Feature] Processed 1:0.0-51936.0 (median depth 41.0)
[21:42:29 - Sampler] Took 0.23s to make features.
[21:42:29 - Sampler] Initializing sampler for consensus of region 2:0-49181.
[21:42:29 - Feature] Processed contig_1:3996000.0-4995999.0 (median depth 85.0)
[21:42:29 - Sampler] Took 0.96s to make features.
[21:42:29 - Feature] Processed 2:0.0-49180.0 (median depth 94.0)
[21:42:29 - Sampler] Took 0.20s to make features.
[21:42:36 - PWorker] Batches in cache: 7.
[21:42:36 - PWorker] 16.2% Done (0.8/5.2 Mbases) in 11.5s
[21:42:44 - PWorker] Batches in cache: 6.
[21:42:51 - PWorker] Batches in cache: 5.
[21:42:51 - PWorker] 48.6% Done (2.5/5.2 Mbases) in 26.6s
[21:44:17 - PWorker] Batches in cache: 4.
[21:44:17 - PWorker] 64.9% Done (3.4/5.2 Mbases) in 111.9s
[21:44:25 - PWorker] Batches in cache: 3.
[21:44:32 - PWorker] Batches in cache: 2.
[21:44:32 - PWorker] 97.1% Done (5.1/5.2 Mbases) in 126.8s
[21:44:34 - PWorker] Processed 7 batches
[21:44:34 - PWorker] All done, 0 remainder regions.
[21:44:34 - Predict] Finished processing all regions.
/data/djs217/miniconda3/envs/hybracter_env/lib/python3.11/site-packages/hybracter/workflow/conda/7aafc1085ca44eee01942c03ca74ecad_/lib/python3.11/site-packages/medaka/common.py:16: UserWarning: pkg_resources is deprecated as an API. See https://setuptools.pypa.io/en/latest/pkg_resources.html. The pkg_resources package is slated for removal as early as 2025-11-30. Refrain from using this package or pin to Setuptools<81.
  from pkg_resources import resource_filename
[21:44:36 - DataIndx] Loaded 1/1 (100.00%) sample files.
[21:44:36 - DataIndx] Loaded 1/1 (100.00%) sample files.
[21:44:36 - DataIndx] Loaded 1/1 (100.00%) sample files.
[21:44:36 - DataIndx] Loaded 1/1 (100.00%) sample files.
[21:44:36 - DataIndx] Loaded 1/1 (100.00%) sample files.
[21:44:36 - DataIndx] Loaded 1/1 (100.00%) sample files.
[21:44:36 - DataIndx] Loaded 1/1 (100.00%) sample files.
[21:44:36 - DataIndx] Loaded 1/1 (100.00%) sample files.
[21:44:36 - DataIndx] Loaded 1/1 (100.00%) sample files.
