
[1;4;93mStarting Polypolish polish[0m [2m(2025-11-09 21:40:18)[0m
[2m    Polypolish is a tool for polishing genome assemblies with short reads.
Unlike other tools in this category, Polypolish uses SAM files where each read
has been aligned to all possible locations (not just a single best location).
This allows it to repair errors in repeat regions that other alignment-based
polishers cannot fix.[0m

Polypolish version: 0.6.1

Input assembly:
  hybracter-hybrid/processing/complete/medaka_rd_2/NCPPB_637/consensus.fasta

Input short-read alignments:
  hybracter-hybrid/processing/complete/bwa/NCPPB_637_1.sam
  hybracter-hybrid/processing/complete/bwa/NCPPB_637_2.sam

Settings:
  --fraction_invalid 0.2
  --fraction_valid 0.5
  --max_errors 10
  --min_depth 5
  not logging debugging information


[1;4;93mLoading assembly[0m [2m(2025-11-09 21:40:18)[0m
1 (120,447 bp)
contig_1 (4,856,630 bp)
2 (51,386 bp)


[1;4;93mLoading alignments[0m [2m(2025-11-09 21:40:18)[0m
hybracter-hybrid/processing/complete/bwa/NCPPB_637_1.sam: 3,744,273 alignments from 2,221,701 reads
hybracter-hybrid/processing/complete/bwa/NCPPB_637_2.sam: 3,851,388 alignments from 2,220,711 reads

Filtering for high-quality end-to-end alignments:
  4,747,003 alignments kept
  2,848,658 alignments discarded


[1;4;93mPolishing assembly sequences[0m [2m(2025-11-09 21:40:47)[0m
[2m    For each position in the assembly, Polypolish determines the read depth
at that position and collects all aligned bases. It then polishes the assembly
by looking for positions where the pileup unambiguously supports a different
sequence than the assembly.[0m

Polishing 1 (120,447 bp):
  mean read depth: 489.5x
  3 bp have a depth of zero (99.9975% coverage)
  0 positions changed (0.0000% of total positions)
  estimated pre-polishing sequence accuracy: 100.0000% (Q∞)

Polishing contig_1 (4,856,630 bp):
  mean read depth: 142.4x
  2,828 bp have a depth of zero (99.9418% coverage)
  257 positions changed (0.0053% of total positions)
  estimated pre-polishing sequence accuracy: 99.9947% (Q42.76)

Polishing 2 (51,386 bp):
  mean read depth: 400.2x
  2 bp have a depth of zero (99.9961% coverage)
  0 positions changed (0.0000% of total positions)
  estimated pre-polishing sequence accuracy: 100.0000% (Q∞)


[1;4;93mFinished![0m [2m(2025-11-09 21:40:48)[0m
Polished sequence (to stdout):
  1_polypolish (120,447 bp)
  contig_1_polypolish (4,856,638 bp)
  2_polypolish (51,386 bp)

Time to run: 0:00:29.879501

