2026-03-30 18:34:28.569 | INFO     | pypolca.utils.validation:instantiate_dirs:23 - Checking the output directory hybracter-hybrid-misc2/processing/complete/pypolca/NCPPB_4446_dyei
2026-03-30 18:34:28.583 | INFO     | pypolca.utils.util:begin_pypolca:84 - pypolca: Standalone Python implementation of the POLCA polisher from MaSuRCA
2026-03-30 18:34:28.583 | INFO     | pypolca.utils.util:begin_pypolca:87 - You are using pypolca version 0.3.1

2026-03-30 18:34:28.583 | INFO     | pypolca.utils.util:begin_pypolca:88 - Repository homepage is https://github.com/gbouras13/pypolca.
2026-03-30 18:34:28.583 | INFO     | pypolca.utils.util:begin_pypolca:89 - Written by George Bouras: george.bouras@adelaide.edu.au adapting the original POLCA code by Aleksey Zimin.
2026-03-30 18:34:28.584 | INFO     | pypolca.utils.util:begin_pypolca:93 - Listing input parameters.
2026-03-30 18:34:28.584 | INFO     | pypolca.utils.util:begin_pypolca:95 - Parameter: --assembly hybracter-hybrid-misc2/processing/complete/polypolish/NCPPB_4446_dyei.fasta.
2026-03-30 18:34:28.584 | INFO     | pypolca.utils.util:begin_pypolca:95 - Parameter: --reads1 hybracter-hybrid-misc2/processing/qc/fastp/NCPPB_4446_dyei_1.fastq.gz.
2026-03-30 18:34:28.584 | INFO     | pypolca.utils.util:begin_pypolca:95 - Parameter: --reads2 hybracter-hybrid-misc2/processing/qc/fastp/NCPPB_4446_dyei_2.fastq.gz.
2026-03-30 18:34:28.584 | INFO     | pypolca.utils.util:begin_pypolca:95 - Parameter: --output hybracter-hybrid-misc2/processing/complete/pypolca/NCPPB_4446_dyei.
2026-03-30 18:34:28.584 | INFO     | pypolca.utils.util:begin_pypolca:95 - Parameter: --threads 8.
2026-03-30 18:34:28.584 | INFO     | pypolca.utils.util:begin_pypolca:95 - Parameter: --force True.
2026-03-30 18:34:28.584 | INFO     | pypolca.utils.util:begin_pypolca:95 - Parameter: --careful True.
2026-03-30 18:34:28.584 | INFO     | pypolca.utils.util:begin_pypolca:95 - Parameter: --min_alt 4.
2026-03-30 18:34:28.584 | INFO     | pypolca.utils.util:begin_pypolca:95 - Parameter: --min_ratio 3.
2026-03-30 18:34:28.584 | INFO     | pypolca.utils.util:begin_pypolca:95 - Parameter: --memory_limit 2G.
2026-03-30 18:34:28.584 | INFO     | pypolca.utils.util:begin_pypolca:95 - Parameter: --no_polish False.
2026-03-30 18:34:28.584 | INFO     | pypolca.utils.util:begin_pypolca:95 - Parameter: --prefix NCPPB_4446_dyei.
2026-03-30 18:34:28.732 | INFO     | pypolca.utils.validation:check_dependencies:112 - Samtools v1.22.1 found.
2026-03-30 18:34:28.738 | INFO     | pypolca.utils.validation:check_dependencies:123 - freebayes v1.3.6 found.
2026-03-30 18:34:28.742 | INFO     | pypolca.utils.validation:check_dependencies:140 - bwa v0.7.19-r1273 found.
2026-03-30 18:34:28.742 | INFO     | pypolca.utils.validation:validate_fasta:46 - Checking that the input file hybracter-hybrid-misc2/processing/complete/polypolish/NCPPB_4446_dyei.fasta is in FASTA format.
2026-03-30 18:34:28.782 | INFO     | pypolca.utils.validation:validate_fasta:51 - hybracter-hybrid-misc2/processing/complete/polypolish/NCPPB_4446_dyei.fasta file checked.
2026-03-30 18:34:28.782 | INFO     | pypolca.utils.validation:validate_fastq:73 - FASTQ hybracter-hybrid-misc2/processing/qc/fastp/NCPPB_4446_dyei_1.fastq.gz checked
2026-03-30 18:34:28.782 | INFO     | pypolca.utils.validation:validate_fastq:73 - FASTQ hybracter-hybrid-misc2/processing/qc/fastp/NCPPB_4446_dyei_2.fastq.gz checked
2026-03-30 18:34:28.783 | INFO     | pypolca:run:219 - Checking memory limit of 2G.
2026-03-30 18:34:28.783 | INFO     | pypolca:run:224 - Creating BWA index
2026-03-30 18:34:28.786 | INFO     | pypolca.utils.external_tools:run:50 - Started running bwa index hybracter-hybrid-misc2/processing/complete/pypolca/NCPPB_4446_dyei/temp/assembly.fasta ...
2026-03-30 18:34:31.629 | INFO     | pypolca.utils.external_tools:run:52 - Done running bwa index hybracter-hybrid-misc2/processing/complete/pypolca/NCPPB_4446_dyei/temp/assembly.fasta
2026-03-30 18:34:31.630 | INFO     | pypolca:run:230 - Aligning reads with BWA
2026-03-30 18:34:31.631 | INFO     | pypolca.utils.external_tools:run_to_stdout:59 - Started running bwa mem -SP -t 8 hybracter-hybrid-misc2/processing/complete/pypolca/NCPPB_4446_dyei/temp/assembly.fasta hybracter-hybrid-misc2/processing/qc/fastp/NCPPB_4446_dyei_1.fastq.gz hybracter-hybrid-misc2/processing/qc/fastp/NCPPB_4446_dyei_2.fastq.gz ...
2026-03-30 18:36:33.159 | INFO     | pypolca.utils.external_tools:run_to_stdout:61 - Done running bwa mem -SP -t 8 hybracter-hybrid-misc2/processing/complete/pypolca/NCPPB_4446_dyei/temp/assembly.fasta hybracter-hybrid-misc2/processing/qc/fastp/NCPPB_4446_dyei_1.fastq.gz hybracter-hybrid-misc2/processing/qc/fastp/NCPPB_4446_dyei_2.fastq.gz
2026-03-30 18:36:33.159 | INFO     | pypolca:run:237 - Sorting and indexing alignment file
2026-03-30 18:36:33.161 | INFO     | pypolca.utils.external_tools:run:50 - Started running samtools view -h -@ 8 -b hybracter-hybrid-misc2/processing/complete/pypolca/NCPPB_4446_dyei/temp/temp_bwa.sam -o hybracter-hybrid-misc2/processing/complete/pypolca/NCPPB_4446_dyei/temp/temp_bwa.bam ...
2026-03-30 18:37:19.874 | INFO     | pypolca.utils.external_tools:run:52 - Done running samtools view -h -@ 8 -b hybracter-hybrid-misc2/processing/complete/pypolca/NCPPB_4446_dyei/temp/temp_bwa.sam -o hybracter-hybrid-misc2/processing/complete/pypolca/NCPPB_4446_dyei/temp/temp_bwa.bam
2026-03-30 18:37:19.876 | INFO     | pypolca.utils.external_tools:run:50 - Started running samtools sort -m 2G -@ 8 hybracter-hybrid-misc2/processing/complete/pypolca/NCPPB_4446_dyei/temp/temp_bwa.bam -o hybracter-hybrid-misc2/processing/complete/pypolca/NCPPB_4446_dyei/temp/temp_bwa_sorted.bam ...
2026-03-30 18:38:07.904 | INFO     | pypolca.utils.external_tools:run:52 - Done running samtools sort -m 2G -@ 8 hybracter-hybrid-misc2/processing/complete/pypolca/NCPPB_4446_dyei/temp/temp_bwa.bam -o hybracter-hybrid-misc2/processing/complete/pypolca/NCPPB_4446_dyei/temp/temp_bwa_sorted.bam
2026-03-30 18:38:07.908 | INFO     | pypolca.utils.external_tools:run:50 - Started running samtools index -@ hybracter-hybrid-misc2/processing/complete/pypolca/NCPPB_4446_dyei/temp/temp_bwa_sorted.bam ...
2026-03-30 18:38:07.914 | INFO     | pypolca.utils.external_tools:run:52 - Done running samtools index -@ hybracter-hybrid-misc2/processing/complete/pypolca/NCPPB_4446_dyei/temp/temp_bwa_sorted.bam
2026-03-30 18:38:07.915 | INFO     | pypolca:run:244 - Calling variants.
2026-03-30 18:38:07.916 | INFO     | pypolca.utils.external_tools:run:50 - Started running samtools faidx hybracter-hybrid-misc2/processing/complete/pypolca/NCPPB_4446_dyei/temp/assembly.fasta ...
2026-03-30 18:38:08.313 | INFO     | pypolca.utils.external_tools:run:52 - Done running samtools faidx hybracter-hybrid-misc2/processing/complete/pypolca/NCPPB_4446_dyei/temp/assembly.fasta
2026-03-30 18:38:08.314 | INFO     | pypolca.utils.external_tools:run:50 - Started running freebayes -m 0 --min-coverage 3 -R 0 -p 1 -F 0.2 -E 0 -b hybracter-hybrid-misc2/processing/complete/pypolca/NCPPB_4446_dyei/temp/temp_bwa_sorted.bam -f hybracter-hybrid-misc2/processing/complete/pypolca/NCPPB_4446_dyei/temp/assembly.fasta -v hybracter-hybrid-misc2/processing/complete/pypolca/NCPPB_4446_dyei/NCPPB_4446_dyei.vcf ...
2026-03-30 18:44:28.727 | INFO     | pypolca.utils.external_tools:run:52 - Done running freebayes -m 0 --min-coverage 3 -R 0 -p 1 -F 0.2 -E 0 -b hybracter-hybrid-misc2/processing/complete/pypolca/NCPPB_4446_dyei/temp/temp_bwa_sorted.bam -f hybracter-hybrid-misc2/processing/complete/pypolca/NCPPB_4446_dyei/temp/assembly.fasta -v hybracter-hybrid-misc2/processing/complete/pypolca/NCPPB_4446_dyei/NCPPB_4446_dyei.vcf
2026-03-30 18:44:28.770 | WARNING  | pypolca.utils.fix_consensus_from_vcf:fix_consensus_from_vcf:172 - POLCA has found 0 variants.
2026-03-30 18:44:28.770 | WARNING  | pypolca.utils.fix_consensus_from_vcf:fix_consensus_from_vcf:173 - The corrected FASTA hybracter-hybrid-misc2/processing/complete/pypolca/NCPPB_4446_dyei/NCPPB_4446_dyei_corrected.fasta will be the same as the input FASTA hybracter-hybrid-misc2/processing/complete/pypolca/NCPPB_4446_dyei/temp/assembly.fasta.
2026-03-30 18:44:28.794 | INFO     | pypolca.utils.report:create_report:27 - Stats BEFORE polishing:
2026-03-30 18:44:28.794 | INFO     | pypolca.utils.report:create_report:29 - Substitution Errors Found: 0
2026-03-30 18:44:28.794 | INFO     | pypolca.utils.report:create_report:31 - Insertion/Deletion Errors Found: 0
2026-03-30 18:44:28.794 | INFO     | pypolca.utils.report:create_report:33 - Assembly Size: 5433197
2026-03-30 18:44:28.794 | INFO     | pypolca.utils.report:create_report:35 - Consensus Quality Before Polishing: 100.0
2026-03-30 18:44:28.794 | INFO     | pypolca.utils.report:create_report:37 - Consensus QV Before Polishing: 100.0
2026-03-30 18:44:28.795 | INFO     | pypolca:run:267 - Final report is in hybracter-hybrid-misc2/processing/complete/pypolca/NCPPB_4446_dyei/NCPPB_4446_dyei.report; polished assembly is in hybracter-hybrid-misc2/processing/complete/pypolca/NCPPB_4446_dyei/NCPPB_4446_dyei_corrected.fasta
2026-03-30 18:44:30.724 | INFO     | pypolca.utils.util:end_pypolca:110 - pypolca has finished
2026-03-30 18:44:30.724 | INFO     | pypolca.utils.util:end_pypolca:111 - Elapsed time: 602.15 seconds
