/data/djs217/miniconda3/envs/hybracter_env/lib/python3.11/site-packages/hybracter/workflow/conda/7aafc1085ca44eee01942c03ca74ecad_/lib/python3.11/site-packages/medaka/common.py:16: UserWarning: pkg_resources is deprecated as an API. See https://setuptools.pypa.io/en/latest/pkg_resources.html. The pkg_resources package is slated for removal as early as 2025-11-30. Refrain from using this package or pin to Setuptools<81.
  from pkg_resources import resource_filename
/data/djs217/miniconda3/envs/hybracter_env/lib/python3.11/site-packages/hybracter/workflow/conda/7aafc1085ca44eee01942c03ca74ecad_/lib/python3.11/site-packages/medaka/common.py:16: UserWarning: pkg_resources is deprecated as an API. See https://setuptools.pypa.io/en/latest/pkg_resources.html. The pkg_resources package is slated for removal as early as 2025-11-30. Refrain from using this package or pin to Setuptools<81.
  from pkg_resources import resource_filename
/data/djs217/miniconda3/envs/hybracter_env/lib/python3.11/site-packages/hybracter/workflow/conda/7aafc1085ca44eee01942c03ca74ecad_/lib/python3.11/site-packages/medaka/common.py:16: UserWarning: pkg_resources is deprecated as an API. See https://setuptools.pypa.io/en/latest/pkg_resources.html. The pkg_resources package is slated for removal as early as 2025-11-30. Refrain from using this package or pin to Setuptools<81.
  from pkg_resources import resource_filename
[06:01:40 - MdlStrTGZ] Successfully removed temporary files from /tmp/tmp8yz3go9v.
/data/djs217/miniconda3/envs/hybracter_env/lib/python3.11/site-packages/hybracter/workflow/conda/7aafc1085ca44eee01942c03ca74ecad_/lib/python3.11/site-packages/medaka/common.py:16: UserWarning: pkg_resources is deprecated as an API. See https://setuptools.pypa.io/en/latest/pkg_resources.html. The pkg_resources package is slated for removal as early as 2025-11-30. Refrain from using this package or pin to Setuptools<81.
  from pkg_resources import resource_filename
[06:01:43 - MdlStrTGZ] Successfully removed temporary files from /tmp/tmphg13amb3.
Creating fai index file /data/djs217/PROJECTS/xanthomonas-genome-assemblies/xanthomonas_march_2026/hybracter-hybrid-misc/processing/complete/dnaapler/NCPPB_2439_zinniae/NCPPB_2439_zinniae_reoriented_chrom_and_plasmids.fasta.fai
Creating mmi index file /data/djs217/PROJECTS/xanthomonas-genome-assemblies/xanthomonas_march_2026/hybracter-hybrid-misc/processing/complete/dnaapler/NCPPB_2439_zinniae/NCPPB_2439_zinniae_reoriented_chrom_and_plasmids.fasta.map-ont.mmi
[M::mm_idx_gen::0.196*1.02] collected minimizers
[M::mm_idx_gen::0.254*1.43] sorted minimizers
[M::main::0.321*1.34] loaded/built the index for 1 target sequence(s)
[M::mm_idx_stat] kmer size: 15; skip: 10; is_hpc: 0; #seq: 1
[M::mm_idx_stat::0.337*1.32] distinct minimizers: 893440 (94.54% are singletons); average occurrences: 1.071; average spacing: 5.357; total length: 5127959
[M::main] Version: 2.30-r1287
[M::main] CMD: minimap2 -I 16G -x map-ont -d /data/djs217/PROJECTS/xanthomonas-genome-assemblies/xanthomonas_march_2026/hybracter-hybrid-misc/processing/complete/dnaapler/NCPPB_2439_zinniae/NCPPB_2439_zinniae_reoriented_chrom_and_plasmids.fasta.map-ont.mmi /data/djs217/PROJECTS/xanthomonas-genome-assemblies/xanthomonas_march_2026/hybracter-hybrid-misc/processing/complete/dnaapler/NCPPB_2439_zinniae/NCPPB_2439_zinniae_reoriented_chrom_and_plasmids.fasta
[M::main] Real time: 0.345 sec; CPU: 0.454 sec; Peak RSS: 0.050 GB
[M::main::0.067*1.02] loaded/built the index for 1 target sequence(s)
[M::mm_mapopt_update::0.088*1.02] mid_occ = 10
[M::mm_idx_stat] kmer size: 15; skip: 10; is_hpc: 0; #seq: 1
[M::mm_idx_stat::0.102*1.01] distinct minimizers: 893440 (94.54% are singletons); average occurrences: 1.071; average spacing: 5.357; total length: 5127959
[M::worker_pipeline::24.615*5.54] mapped 30268 sequences
[M::main] Version: 2.30-r1287
[M::main] CMD: minimap2 -x map-ont --secondary=no -L --MD -A 2 -B 4 -O 4,24 -E 2,1 -t 12 -a /data/djs217/PROJECTS/xanthomonas-genome-assemblies/xanthomonas_march_2026/hybracter-hybrid-misc/processing/complete/dnaapler/NCPPB_2439_zinniae/NCPPB_2439_zinniae_reoriented_chrom_and_plasmids.fasta.map-ont.mmi /data/djs217/PROJECTS/xanthomonas-genome-assemblies/xanthomonas_march_2026/hybracter-hybrid-misc/processing/qc/NCPPB_2439_zinniae_filt_trim.fastq.gz
[M::main] Real time: 24.627 sec; CPU: 136.277 sec; Peak RSS: 1.106 GB
[bam_sort_core] merging from 0 files and 12 in-memory blocks...
/data/djs217/miniconda3/envs/hybracter_env/lib/python3.11/site-packages/hybracter/workflow/conda/7aafc1085ca44eee01942c03ca74ecad_/lib/python3.11/site-packages/medaka/common.py:16: UserWarning: pkg_resources is deprecated as an API. See https://setuptools.pypa.io/en/latest/pkg_resources.html. The pkg_resources package is slated for removal as early as 2025-11-30. Refrain from using this package or pin to Setuptools<81.
  from pkg_resources import resource_filename
[06:02:16 - Predict] Processing region(s): contig_1:0-5127959
[06:02:16 - Predict] Using model: /data/djs217/miniconda3/envs/hybracter_env/lib/python3.11/site-packages/hybracter/workflow/conda/7aafc1085ca44eee01942c03ca74ecad_/lib/python3.11/site-packages/medaka/data/r1041_e82_400bps_sup_v5.0.0_model_pt.tar.gz.
[06:02:16 - Predict] Using minimum mapQ threshold of 1 for read filtering.
[06:02:16 - MdlStrTGZ] Model GRUModel(
  (gru): GRU(10, 128, num_layers=2, batch_first=True, bidirectional=True)
  (linear): Linear(in_features=256, out_features=5, bias=True)
)
[06:02:16 - MdlStrTGZ] loading weights from /tmp/tmpeb4x5_kr/model/weights.pt
[06:02:16 - MdlStrTGZ] Successfully removed temporary files from /tmp/tmpeb4x5_kr.
[06:02:16 - Predict] Model device: cpu
[06:02:16 - Predict] Running prediction at full precision
[06:02:16 - BAMFile] Creating pool of 16 BAM file sets.
[06:02:16 - Predict] Processing 6 long region(s) with batching.
[06:02:16 - Sampler] Initializing sampler for consensus of region contig_1:0-1000000.
[06:02:16 - Sampler] Initializing sampler for consensus of region contig_1:999000-1999000.
[06:02:16 - PWorker] Running inference for 5.1M draft bases.
[06:02:18 - Feature] Processed contig_1:999000.0-1998999.0 (median depth 84.0)
[06:02:18 - Sampler] Took 2.01s to make features.
[06:02:18 - Sampler] Initializing sampler for consensus of region contig_1:1998000-2998000.
[06:02:18 - Feature] Processed contig_1:0.0-999999.0 (median depth 88.0)
[06:02:18 - Sampler] Took 2.11s to make features.
[06:02:18 - Sampler] Initializing sampler for consensus of region contig_1:2997000-3997000.
[06:02:20 - Feature] Processed contig_1:1998000.0-2997999.0 (median depth 80.0)
[06:02:20 - Sampler] Took 1.34s to make features.
[06:02:20 - Sampler] Initializing sampler for consensus of region contig_1:3996000-4996000.
[06:02:20 - Feature] Processed contig_1:2997000.0-3996999.0 (median depth 85.0)
[06:02:20 - Sampler] Took 1.26s to make features.
[06:02:20 - Sampler] Initializing sampler for consensus of region contig_1:4995000-5127959.
[06:02:20 - Feature] Processed contig_1:4995000.0-5127958.0 (median depth 90.0)
[06:02:20 - Sampler] Took 0.60s to make features.
[06:02:21 - Feature] Processed contig_1:3996000.0-4995999.0 (median depth 90.0)
[06:02:21 - Sampler] Took 1.21s to make features.
[06:02:28 - PWorker] Batches in cache: 7.
[06:02:28 - PWorker] 16.3% Done (0.8/5.1 Mbases) in 11.8s
[06:02:36 - PWorker] Batches in cache: 6.
[06:02:43 - PWorker] Batches in cache: 5.
[06:02:43 - PWorker] 48.7% Done (2.5/5.1 Mbases) in 26.7s
[06:02:50 - PWorker] Batches in cache: 4.
[06:02:58 - PWorker] Batches in cache: 3.
[06:02:58 - PWorker] 81.3% Done (4.2/5.1 Mbases) in 41.4s
[06:03:05 - PWorker] Batches in cache: 2.
[06:03:07 - PWorker] Processed 7 batches
[06:03:07 - PWorker] All done, 0 remainder regions.
[06:03:07 - Predict] Finished processing all regions.
/data/djs217/miniconda3/envs/hybracter_env/lib/python3.11/site-packages/hybracter/workflow/conda/7aafc1085ca44eee01942c03ca74ecad_/lib/python3.11/site-packages/medaka/common.py:16: UserWarning: pkg_resources is deprecated as an API. See https://setuptools.pypa.io/en/latest/pkg_resources.html. The pkg_resources package is slated for removal as early as 2025-11-30. Refrain from using this package or pin to Setuptools<81.
  from pkg_resources import resource_filename
[06:03:10 - DataIndx] Loaded 1/1 (100.00%) sample files.
[06:03:10 - DataIndx] Loaded 1/1 (100.00%) sample files.
[06:03:10 - DataIndx] Loaded 1/1 (100.00%) sample files.
[06:03:10 - DataIndx] Loaded 1/1 (100.00%) sample files.
[06:03:10 - DataIndx] Loaded 1/1 (100.00%) sample files.
[06:03:10 - DataIndx] Loaded 1/1 (100.00%) sample files.
[06:03:10 - DataIndx] Loaded 1/1 (100.00%) sample files.
