/data/djs217/miniconda3/envs/hybracter_env/lib/python3.11/site-packages/hybracter/workflow/conda/7aafc1085ca44eee01942c03ca74ecad_/lib/python3.11/site-packages/medaka/common.py:16: UserWarning: pkg_resources is deprecated as an API. See https://setuptools.pypa.io/en/latest/pkg_resources.html. The pkg_resources package is slated for removal as early as 2025-11-30. Refrain from using this package or pin to Setuptools<81.
  from pkg_resources import resource_filename
/data/djs217/miniconda3/envs/hybracter_env/lib/python3.11/site-packages/hybracter/workflow/conda/7aafc1085ca44eee01942c03ca74ecad_/lib/python3.11/site-packages/medaka/common.py:16: UserWarning: pkg_resources is deprecated as an API. See https://setuptools.pypa.io/en/latest/pkg_resources.html. The pkg_resources package is slated for removal as early as 2025-11-30. Refrain from using this package or pin to Setuptools<81.
  from pkg_resources import resource_filename
/data/djs217/miniconda3/envs/hybracter_env/lib/python3.11/site-packages/hybracter/workflow/conda/7aafc1085ca44eee01942c03ca74ecad_/lib/python3.11/site-packages/medaka/common.py:16: UserWarning: pkg_resources is deprecated as an API. See https://setuptools.pypa.io/en/latest/pkg_resources.html. The pkg_resources package is slated for removal as early as 2025-11-30. Refrain from using this package or pin to Setuptools<81.
  from pkg_resources import resource_filename
[19:40:49 - MdlStrTGZ] Successfully removed temporary files from /tmp/tmpqydez8wa.
/data/djs217/miniconda3/envs/hybracter_env/lib/python3.11/site-packages/hybracter/workflow/conda/7aafc1085ca44eee01942c03ca74ecad_/lib/python3.11/site-packages/medaka/common.py:16: UserWarning: pkg_resources is deprecated as an API. See https://setuptools.pypa.io/en/latest/pkg_resources.html. The pkg_resources package is slated for removal as early as 2025-11-30. Refrain from using this package or pin to Setuptools<81.
  from pkg_resources import resource_filename
[19:40:51 - MdlStrTGZ] Successfully removed temporary files from /tmp/tmp_l8r1up2.
Creating fai index file /data/djs217/PROJECTS/xanthomonas-genome-assemblies/xanthomonas_march_2026/hybracter-hybrid-misc2/processing/complete/dnaapler/NCPPB_1061_plantaginis/NCPPB_1061_plantaginis_reoriented_chrom_and_plasmids.fasta.fai
Creating mmi index file /data/djs217/PROJECTS/xanthomonas-genome-assemblies/xanthomonas_march_2026/hybracter-hybrid-misc2/processing/complete/dnaapler/NCPPB_1061_plantaginis/NCPPB_1061_plantaginis_reoriented_chrom_and_plasmids.fasta.map-ont.mmi
[M::mm_idx_gen::0.185*1.02] collected minimizers
[M::mm_idx_gen::0.250*1.49] sorted minimizers
[M::main::0.314*1.39] loaded/built the index for 1 target sequence(s)
[M::mm_idx_stat] kmer size: 15; skip: 10; is_hpc: 0; #seq: 1
[M::mm_idx_stat::0.328*1.37] distinct minimizers: 915105 (94.02% are singletons); average occurrences: 1.088; average spacing: 5.357; total length: 5333788
[M::main] Version: 2.30-r1287
[M::main] CMD: minimap2 -I 16G -x map-ont -d /data/djs217/PROJECTS/xanthomonas-genome-assemblies/xanthomonas_march_2026/hybracter-hybrid-misc2/processing/complete/dnaapler/NCPPB_1061_plantaginis/NCPPB_1061_plantaginis_reoriented_chrom_and_plasmids.fasta.map-ont.mmi /data/djs217/PROJECTS/xanthomonas-genome-assemblies/xanthomonas_march_2026/hybracter-hybrid-misc2/processing/complete/dnaapler/NCPPB_1061_plantaginis/NCPPB_1061_plantaginis_reoriented_chrom_and_plasmids.fasta
[M::main] Real time: 0.334 sec; CPU: 0.456 sec; Peak RSS: 0.054 GB
[M::main::0.078*1.04] loaded/built the index for 1 target sequence(s)
[M::mm_mapopt_update::0.098*1.03] mid_occ = 15
[M::mm_idx_stat] kmer size: 15; skip: 10; is_hpc: 0; #seq: 1
[M::mm_idx_stat::0.112*1.03] distinct minimizers: 915105 (94.02% are singletons); average occurrences: 1.088; average spacing: 5.357; total length: 5333788
[M::worker_pipeline::25.657*6.12] mapped 20862 sequences
[M::main] Version: 2.30-r1287
[M::main] CMD: minimap2 -x map-ont --secondary=no -L --MD -A 2 -B 4 -O 4,24 -E 2,1 -t 12 -a /data/djs217/PROJECTS/xanthomonas-genome-assemblies/xanthomonas_march_2026/hybracter-hybrid-misc2/processing/complete/dnaapler/NCPPB_1061_plantaginis/NCPPB_1061_plantaginis_reoriented_chrom_and_plasmids.fasta.map-ont.mmi /data/djs217/PROJECTS/xanthomonas-genome-assemblies/xanthomonas_march_2026/hybracter-hybrid-misc2/processing/qc/NCPPB_1061_plantaginis_filt_trim.fastq.gz
[M::main] Real time: 25.669 sec; CPU: 157.064 sec; Peak RSS: 1.390 GB
[bam_sort_core] merging from 0 files and 12 in-memory blocks...
/data/djs217/miniconda3/envs/hybracter_env/lib/python3.11/site-packages/hybracter/workflow/conda/7aafc1085ca44eee01942c03ca74ecad_/lib/python3.11/site-packages/medaka/common.py:16: UserWarning: pkg_resources is deprecated as an API. See https://setuptools.pypa.io/en/latest/pkg_resources.html. The pkg_resources package is slated for removal as early as 2025-11-30. Refrain from using this package or pin to Setuptools<81.
  from pkg_resources import resource_filename
[19:41:25 - Predict] Processing region(s): contig_1:0-5333788
[19:41:25 - Predict] Using model: /data/djs217/miniconda3/envs/hybracter_env/lib/python3.11/site-packages/hybracter/workflow/conda/7aafc1085ca44eee01942c03ca74ecad_/lib/python3.11/site-packages/medaka/data/r1041_e82_400bps_sup_v5.0.0_model_pt.tar.gz.
[19:41:26 - Predict] Using minimum mapQ threshold of 1 for read filtering.
[19:41:26 - MdlStrTGZ] Model GRUModel(
  (gru): GRU(10, 128, num_layers=2, batch_first=True, bidirectional=True)
  (linear): Linear(in_features=256, out_features=5, bias=True)
)
[19:41:26 - MdlStrTGZ] loading weights from /tmp/tmpn72c1f57/model/weights.pt
[19:41:26 - MdlStrTGZ] Successfully removed temporary files from /tmp/tmpn72c1f57.
[19:41:26 - Predict] Model device: cpu
[19:41:26 - Predict] Running prediction at full precision
[19:41:26 - BAMFile] Creating pool of 16 BAM file sets.
[19:41:26 - Predict] Processing 6 long region(s) with batching.
[19:41:26 - Sampler] Initializing sampler for consensus of region contig_1:0-1000000.
[19:41:26 - Sampler] Initializing sampler for consensus of region contig_1:999000-1999000.
[19:41:26 - PWorker] Running inference for 5.3M draft bases.
[19:41:28 - Feature] Processed contig_1:0.0-999999.0 (median depth 95.0)
[19:41:28 - Sampler] Took 2.42s to make features.
[19:41:28 - Feature] Processed contig_1:999000.0-1998999.0 (median depth 84.0)
[19:41:28 - Sampler] Took 2.42s to make features.
[19:41:28 - Sampler] Initializing sampler for consensus of region contig_1:1998000-2998000.
[19:41:28 - Sampler] Initializing sampler for consensus of region contig_1:2997000-3997000.
[19:41:29 - Feature] Processed contig_1:1998000.0-2997999.0 (median depth 78.0)
[19:41:29 - Sampler] Took 1.21s to make features.
[19:41:29 - Sampler] Initializing sampler for consensus of region contig_1:3996000-4996000.
[19:41:29 - Feature] Processed contig_1:2997000.0-3996999.0 (median depth 82.0)
[19:41:29 - Sampler] Took 1.39s to make features.
[19:41:29 - Sampler] Initializing sampler for consensus of region contig_1:4995000-5333788.
[19:41:30 - Feature] Processed contig_1:4995000.0-5333787.0 (median depth 88.0)
[19:41:30 - Sampler] Took 0.94s to make features.
[19:41:31 - Feature] Processed contig_1:3996000.0-4995999.0 (median depth 89.0)
[19:41:31 - Sampler] Took 1.29s to make features.
[19:41:38 - PWorker] Batches in cache: 7.
[19:41:38 - PWorker] 15.8% Done (0.8/5.3 Mbases) in 12.2s
[19:41:45 - PWorker] Batches in cache: 6.
[19:41:52 - PWorker] Batches in cache: 5.
[19:41:52 - PWorker] 47.6% Done (2.5/5.3 Mbases) in 26.5s
[19:41:59 - PWorker] Batches in cache: 4.
[19:42:07 - PWorker] Batches in cache: 3.
[19:42:07 - PWorker] 79.4% Done (4.2/5.3 Mbases) in 41.0s
[19:42:14 - PWorker] Batches in cache: 2.
[19:42:17 - PWorker] 100.0% Done (5.3/5.3 Mbases) in 51.1s
[19:42:17 - PWorker] Processed 7 batches
[19:42:17 - PWorker] All done, 0 remainder regions.
[19:42:17 - Predict] Finished processing all regions.
/data/djs217/miniconda3/envs/hybracter_env/lib/python3.11/site-packages/hybracter/workflow/conda/7aafc1085ca44eee01942c03ca74ecad_/lib/python3.11/site-packages/medaka/common.py:16: UserWarning: pkg_resources is deprecated as an API. See https://setuptools.pypa.io/en/latest/pkg_resources.html. The pkg_resources package is slated for removal as early as 2025-11-30. Refrain from using this package or pin to Setuptools<81.
  from pkg_resources import resource_filename
[19:42:19 - DataIndx] Loaded 1/1 (100.00%) sample files.
[19:42:19 - DataIndx] Loaded 1/1 (100.00%) sample files.
[19:42:19 - DataIndx] Loaded 1/1 (100.00%) sample files.
[19:42:19 - DataIndx] Loaded 1/1 (100.00%) sample files.
[19:42:19 - DataIndx] Loaded 1/1 (100.00%) sample files.
[19:42:19 - DataIndx] Loaded 1/1 (100.00%) sample files.
[19:42:19 - DataIndx] Loaded 1/1 (100.00%) sample files.
