/data/djs217/miniconda3/envs/hybracter_env/lib/python3.11/site-packages/hybracter/workflow/conda/7aafc1085ca44eee01942c03ca74ecad_/lib/python3.11/site-packages/medaka/common.py:16: UserWarning: pkg_resources is deprecated as an API. See https://setuptools.pypa.io/en/latest/pkg_resources.html. The pkg_resources package is slated for removal as early as 2025-11-30. Refrain from using this package or pin to Setuptools<81.
  from pkg_resources import resource_filename
/data/djs217/miniconda3/envs/hybracter_env/lib/python3.11/site-packages/hybracter/workflow/conda/7aafc1085ca44eee01942c03ca74ecad_/lib/python3.11/site-packages/medaka/common.py:16: UserWarning: pkg_resources is deprecated as an API. See https://setuptools.pypa.io/en/latest/pkg_resources.html. The pkg_resources package is slated for removal as early as 2025-11-30. Refrain from using this package or pin to Setuptools<81.
  from pkg_resources import resource_filename
/data/djs217/miniconda3/envs/hybracter_env/lib/python3.11/site-packages/hybracter/workflow/conda/7aafc1085ca44eee01942c03ca74ecad_/lib/python3.11/site-packages/medaka/common.py:16: UserWarning: pkg_resources is deprecated as an API. See https://setuptools.pypa.io/en/latest/pkg_resources.html. The pkg_resources package is slated for removal as early as 2025-11-30. Refrain from using this package or pin to Setuptools<81.
  from pkg_resources import resource_filename
[18:11:14 - MdlStrTGZ] Successfully removed temporary files from /tmp/tmpy049bp1c.
/data/djs217/miniconda3/envs/hybracter_env/lib/python3.11/site-packages/hybracter/workflow/conda/7aafc1085ca44eee01942c03ca74ecad_/lib/python3.11/site-packages/medaka/common.py:16: UserWarning: pkg_resources is deprecated as an API. See https://setuptools.pypa.io/en/latest/pkg_resources.html. The pkg_resources package is slated for removal as early as 2025-11-30. Refrain from using this package or pin to Setuptools<81.
  from pkg_resources import resource_filename
[18:11:17 - MdlStrTGZ] Successfully removed temporary files from /tmp/tmp1luvd3wz.
Creating fai index file /data/djs217/PROJECTS/xanthomonas-genome-assemblies/xanthomonas_march_2026/hybracter-hybrid-misc2/processing/complete/dnaapler/NCPPB_4446_dyei/NCPPB_4446_dyei_reoriented_chrom_and_plasmids.fasta.fai
Creating mmi index file /data/djs217/PROJECTS/xanthomonas-genome-assemblies/xanthomonas_march_2026/hybracter-hybrid-misc2/processing/complete/dnaapler/NCPPB_4446_dyei/NCPPB_4446_dyei_reoriented_chrom_and_plasmids.fasta.map-ont.mmi
[M::mm_idx_gen::0.219*1.01] collected minimizers
[M::mm_idx_gen::0.283*1.42] sorted minimizers
[M::main::0.354*1.33] loaded/built the index for 1 target sequence(s)
[M::mm_idx_stat] kmer size: 15; skip: 10; is_hpc: 0; #seq: 1
[M::mm_idx_stat::0.371*1.32] distinct minimizers: 931653 (94.75% are singletons); average occurrences: 1.089; average spacing: 5.357; total length: 5433201
[M::main] Version: 2.30-r1287
[M::main] CMD: minimap2 -I 16G -x map-ont -d /data/djs217/PROJECTS/xanthomonas-genome-assemblies/xanthomonas_march_2026/hybracter-hybrid-misc2/processing/complete/dnaapler/NCPPB_4446_dyei/NCPPB_4446_dyei_reoriented_chrom_and_plasmids.fasta.map-ont.mmi /data/djs217/PROJECTS/xanthomonas-genome-assemblies/xanthomonas_march_2026/hybracter-hybrid-misc2/processing/complete/dnaapler/NCPPB_4446_dyei/NCPPB_4446_dyei_reoriented_chrom_and_plasmids.fasta
[M::main] Real time: 0.379 sec; CPU: 0.497 sec; Peak RSS: 0.055 GB
[M::main::0.069*1.03] loaded/built the index for 1 target sequence(s)
[M::mm_mapopt_update::0.091*1.02] mid_occ = 42
[M::mm_idx_stat] kmer size: 15; skip: 10; is_hpc: 0; #seq: 1
[M::mm_idx_stat::0.107*1.02] distinct minimizers: 931653 (94.75% are singletons); average occurrences: 1.089; average spacing: 5.357; total length: 5433201
[M::worker_pipeline::32.017*5.19] mapped 22992 sequences
[M::main] Version: 2.30-r1287
[M::main] CMD: minimap2 -x map-ont --secondary=no -L --MD -A 2 -B 4 -O 4,24 -E 2,1 -t 12 -a /data/djs217/PROJECTS/xanthomonas-genome-assemblies/xanthomonas_march_2026/hybracter-hybrid-misc2/processing/complete/dnaapler/NCPPB_4446_dyei/NCPPB_4446_dyei_reoriented_chrom_and_plasmids.fasta.map-ont.mmi /data/djs217/PROJECTS/xanthomonas-genome-assemblies/xanthomonas_march_2026/hybracter-hybrid-misc2/processing/qc/NCPPB_4446_dyei_filt_trim.fastq.gz
[M::main] Real time: 32.029 sec; CPU: 166.337 sec; Peak RSS: 1.536 GB
[bam_sort_core] merging from 0 files and 12 in-memory blocks...
/data/djs217/miniconda3/envs/hybracter_env/lib/python3.11/site-packages/hybracter/workflow/conda/7aafc1085ca44eee01942c03ca74ecad_/lib/python3.11/site-packages/medaka/common.py:16: UserWarning: pkg_resources is deprecated as an API. See https://setuptools.pypa.io/en/latest/pkg_resources.html. The pkg_resources package is slated for removal as early as 2025-11-30. Refrain from using this package or pin to Setuptools<81.
  from pkg_resources import resource_filename
[18:11:58 - Predict] Processing region(s): contig_1:0-5433201
[18:11:58 - Predict] Using model: /data/djs217/miniconda3/envs/hybracter_env/lib/python3.11/site-packages/hybracter/workflow/conda/7aafc1085ca44eee01942c03ca74ecad_/lib/python3.11/site-packages/medaka/data/r1041_e82_400bps_sup_v5.0.0_model_pt.tar.gz.
[18:11:58 - Predict] Using minimum mapQ threshold of 1 for read filtering.
[18:11:58 - MdlStrTGZ] Model GRUModel(
  (gru): GRU(10, 128, num_layers=2, batch_first=True, bidirectional=True)
  (linear): Linear(in_features=256, out_features=5, bias=True)
)
[18:11:58 - MdlStrTGZ] loading weights from /tmp/tmpwu_y4sf1/model/weights.pt
[18:11:58 - MdlStrTGZ] Successfully removed temporary files from /tmp/tmpwu_y4sf1.
[18:11:58 - Predict] Model device: cpu
[18:11:58 - Predict] Running prediction at full precision
[18:11:58 - BAMFile] Creating pool of 16 BAM file sets.
[18:11:58 - Predict] Processing 6 long region(s) with batching.
[18:11:58 - Sampler] Initializing sampler for consensus of region contig_1:0-1000000.
[18:11:58 - Sampler] Initializing sampler for consensus of region contig_1:999000-1999000.
[18:11:58 - PWorker] Running inference for 5.4M draft bases.
[18:12:00 - Feature] Processed contig_1:999000.0-1998999.0 (median depth 84.0)
[18:12:00 - Sampler] Took 1.51s to make features.
[18:12:00 - Feature] Processed contig_1:0.0-999999.0 (median depth 87.0)
[18:12:00 - Sampler] Took 1.60s to make features.
[18:12:00 - Sampler] Initializing sampler for consensus of region contig_1:1998000-2998000.
[18:12:00 - Sampler] Initializing sampler for consensus of region contig_1:2997000-3997000.
[18:12:01 - Feature] Processed contig_1:2997000.0-3996999.0 (median depth 82.0)
[18:12:01 - Sampler] Took 1.13s to make features.
[18:12:01 - Sampler] Initializing sampler for consensus of region contig_1:3996000-4996000.
[18:12:01 - Feature] Processed contig_1:1998000.0-2997999.0 (median depth 78.0)
[18:12:01 - Sampler] Took 1.18s to make features.
[18:12:01 - Sampler] Initializing sampler for consensus of region contig_1:4995000-5433201.
[18:12:02 - Feature] Processed contig_1:4995000.0-5433200.0 (median depth 91.0)
[18:12:02 - Sampler] Took 0.81s to make features.
[18:12:02 - Feature] Processed contig_1:3996000.0-4995999.0 (median depth 88.0)
[18:12:02 - Sampler] Took 1.08s to make features.
[18:12:09 - PWorker] Batches in cache: 7.
[18:12:09 - PWorker] 15.3% Done (0.8/5.4 Mbases) in 10.9s
[18:12:17 - PWorker] Batches in cache: 6.
[18:12:23 - PWorker] Batches in cache: 5.
[18:12:23 - PWorker] 46.0% Done (2.5/5.4 Mbases) in 24.9s
[18:12:30 - PWorker] Batches in cache: 4.
[18:12:37 - PWorker] Batches in cache: 3.
[18:12:37 - PWorker] 77.0% Done (4.2/5.4 Mbases) in 38.7s
[18:12:44 - PWorker] Batches in cache: 2.
[18:12:48 - PWorker] 100.0% Done (5.4/5.4 Mbases) in 49.6s
[18:12:48 - PWorker] Processed 7 batches
[18:12:48 - PWorker] All done, 0 remainder regions.
[18:12:48 - Predict] Finished processing all regions.
/data/djs217/miniconda3/envs/hybracter_env/lib/python3.11/site-packages/hybracter/workflow/conda/7aafc1085ca44eee01942c03ca74ecad_/lib/python3.11/site-packages/medaka/common.py:16: UserWarning: pkg_resources is deprecated as an API. See https://setuptools.pypa.io/en/latest/pkg_resources.html. The pkg_resources package is slated for removal as early as 2025-11-30. Refrain from using this package or pin to Setuptools<81.
  from pkg_resources import resource_filename
[18:12:50 - DataIndx] Loaded 1/1 (100.00%) sample files.
[18:12:50 - DataIndx] Loaded 1/1 (100.00%) sample files.
[18:12:50 - DataIndx] Loaded 1/1 (100.00%) sample files.
[18:12:50 - DataIndx] Loaded 1/1 (100.00%) sample files.
[18:12:50 - DataIndx] Loaded 1/1 (100.00%) sample files.
[18:12:50 - DataIndx] Loaded 1/1 (100.00%) sample files.
[18:12:50 - DataIndx] Loaded 1/1 (100.00%) sample files.
