/data/djs217/miniconda3/envs/hybracter_env/lib/python3.11/site-packages/hybracter/workflow/conda/7aafc1085ca44eee01942c03ca74ecad_/lib/python3.11/site-packages/medaka/common.py:16: UserWarning: pkg_resources is deprecated as an API. See https://setuptools.pypa.io/en/latest/pkg_resources.html. The pkg_resources package is slated for removal as early as 2025-11-30. Refrain from using this package or pin to Setuptools<81.
  from pkg_resources import resource_filename
/data/djs217/miniconda3/envs/hybracter_env/lib/python3.11/site-packages/hybracter/workflow/conda/7aafc1085ca44eee01942c03ca74ecad_/lib/python3.11/site-packages/medaka/common.py:16: UserWarning: pkg_resources is deprecated as an API. See https://setuptools.pypa.io/en/latest/pkg_resources.html. The pkg_resources package is slated for removal as early as 2025-11-30. Refrain from using this package or pin to Setuptools<81.
  from pkg_resources import resource_filename
/data/djs217/miniconda3/envs/hybracter_env/lib/python3.11/site-packages/hybracter/workflow/conda/7aafc1085ca44eee01942c03ca74ecad_/lib/python3.11/site-packages/medaka/common.py:16: UserWarning: pkg_resources is deprecated as an API. See https://setuptools.pypa.io/en/latest/pkg_resources.html. The pkg_resources package is slated for removal as early as 2025-11-30. Refrain from using this package or pin to Setuptools<81.
  from pkg_resources import resource_filename
[19:06:24 - MdlStrTGZ] Successfully removed temporary files from /tmp/tmpgxos3vzk.
/data/djs217/miniconda3/envs/hybracter_env/lib/python3.11/site-packages/hybracter/workflow/conda/7aafc1085ca44eee01942c03ca74ecad_/lib/python3.11/site-packages/medaka/common.py:16: UserWarning: pkg_resources is deprecated as an API. See https://setuptools.pypa.io/en/latest/pkg_resources.html. The pkg_resources package is slated for removal as early as 2025-11-30. Refrain from using this package or pin to Setuptools<81.
  from pkg_resources import resource_filename
[19:06:26 - MdlStrTGZ] Successfully removed temporary files from /tmp/tmpqlu_ezvg.
Creating fai index file /data/djs217/PROJECTS/xanthomonas-genome-assemblies/xanthomonas_march_2026/hybracter-hybrid-misc2/processing/pre_polish/NCPPB_4367_dyei_chromosome_plus_plasmids.fasta.fai
Creating mmi index file /data/djs217/PROJECTS/xanthomonas-genome-assemblies/xanthomonas_march_2026/hybracter-hybrid-misc2/processing/pre_polish/NCPPB_4367_dyei_chromosome_plus_plasmids.fasta.map-ont.mmi
[M::mm_idx_gen::0.179*1.02] collected minimizers
[M::mm_idx_gen::0.264*1.52] sorted minimizers
[M::main::0.323*1.43] loaded/built the index for 1 target sequence(s)
[M::mm_idx_stat] kmer size: 15; skip: 10; is_hpc: 0; #seq: 1
[M::mm_idx_stat::0.335*1.41] distinct minimizers: 868620 (94.25% are singletons); average occurrences: 1.074; average spacing: 5.359; total length: 4998906
[M::main] Version: 2.30-r1287
[M::main] CMD: minimap2 -I 16G -x map-ont -d /data/djs217/PROJECTS/xanthomonas-genome-assemblies/xanthomonas_march_2026/hybracter-hybrid-misc2/processing/pre_polish/NCPPB_4367_dyei_chromosome_plus_plasmids.fasta.map-ont.mmi /data/djs217/PROJECTS/xanthomonas-genome-assemblies/xanthomonas_march_2026/hybracter-hybrid-misc2/processing/pre_polish/NCPPB_4367_dyei_chromosome_plus_plasmids.fasta
[M::main] Real time: 0.341 sec; CPU: 0.479 sec; Peak RSS: 0.054 GB
[M::main::0.047*1.03] loaded/built the index for 1 target sequence(s)
[M::mm_mapopt_update::0.061*1.02] mid_occ = 10
[M::mm_idx_stat] kmer size: 15; skip: 10; is_hpc: 0; #seq: 1
[M::mm_idx_stat::0.071*1.02] distinct minimizers: 868620 (94.25% are singletons); average occurrences: 1.074; average spacing: 5.359; total length: 4998906
[M::worker_pipeline::20.531*7.04] mapped 20518 sequences
[M::main] Version: 2.30-r1287
[M::main] CMD: minimap2 -x map-ont --secondary=no -L --MD -A 2 -B 4 -O 4,24 -E 2,1 -t 12 -a /data/djs217/PROJECTS/xanthomonas-genome-assemblies/xanthomonas_march_2026/hybracter-hybrid-misc2/processing/pre_polish/NCPPB_4367_dyei_chromosome_plus_plasmids.fasta.map-ont.mmi /data/djs217/PROJECTS/xanthomonas-genome-assemblies/xanthomonas_march_2026/hybracter-hybrid-misc2/processing/qc/NCPPB_4367_dyei_filt_trim.fastq.gz
[M::main] Real time: 20.548 sec; CPU: 144.481 sec; Peak RSS: 1.124 GB
[bam_sort_core] merging from 0 files and 12 in-memory blocks...
/data/djs217/miniconda3/envs/hybracter_env/lib/python3.11/site-packages/hybracter/workflow/conda/7aafc1085ca44eee01942c03ca74ecad_/lib/python3.11/site-packages/medaka/common.py:16: UserWarning: pkg_resources is deprecated as an API. See https://setuptools.pypa.io/en/latest/pkg_resources.html. The pkg_resources package is slated for removal as early as 2025-11-30. Refrain from using this package or pin to Setuptools<81.
  from pkg_resources import resource_filename
[19:06:56 - Predict] Processing region(s): contig_1:0-4998906
[19:06:56 - Predict] Using model: /data/djs217/miniconda3/envs/hybracter_env/lib/python3.11/site-packages/hybracter/workflow/conda/7aafc1085ca44eee01942c03ca74ecad_/lib/python3.11/site-packages/medaka/data/r1041_e82_400bps_sup_v5.0.0_model_pt.tar.gz.
[19:06:56 - Predict] Using minimum mapQ threshold of 1 for read filtering.
[19:06:56 - MdlStrTGZ] Model GRUModel(
  (gru): GRU(10, 128, num_layers=2, batch_first=True, bidirectional=True)
  (linear): Linear(in_features=256, out_features=5, bias=True)
)
[19:06:56 - MdlStrTGZ] loading weights from /tmp/tmpjkegnqbu/model/weights.pt
[19:06:56 - MdlStrTGZ] Successfully removed temporary files from /tmp/tmpjkegnqbu.
[19:06:56 - Predict] Model device: cpu
[19:06:56 - Predict] Running prediction at full precision
[19:06:56 - BAMFile] Creating pool of 16 BAM file sets.
[19:06:56 - Predict] Processing 6 long region(s) with batching.
[19:06:56 - Sampler] Initializing sampler for consensus of region contig_1:0-1000000.
[19:06:56 - Sampler] Initializing sampler for consensus of region contig_1:999000-1999000.
[19:06:56 - PWorker] Running inference for 5.0M draft bases.
[19:06:58 - Feature] Processed contig_1:0.0-999999.0 (median depth 86.0)
[19:06:58 - Sampler] Took 1.92s to make features.
[19:06:58 - Sampler] Initializing sampler for consensus of region contig_1:1998000-2998000.
[19:06:58 - Feature] Processed contig_1:999000.0-1998999.0 (median depth 90.0)
[19:06:58 - Sampler] Took 2.08s to make features.
[19:06:58 - Sampler] Initializing sampler for consensus of region contig_1:2997000-3997000.
[19:06:59 - Feature] Processed contig_1:1998000.0-2997999.0 (median depth 97.0)
[19:06:59 - Sampler] Took 1.28s to make features.
[19:06:59 - Sampler] Initializing sampler for consensus of region contig_1:3996000-4996000.
[19:06:59 - Feature] Processed contig_1:2997000.0-3996999.0 (median depth 95.0)
[19:06:59 - Sampler] Took 1.28s to make features.
[19:06:59 - Sampler] Initializing sampler for consensus of region contig_1:4995000-4998906.
[19:06:59 - Feature] Processed contig_1:4995000.0-4998905.0 (median depth 42.0)
[19:06:59 - Sampler] Took 0.13s to make features.
[19:06:59 - Sampler] Region contig_1:4995000.0-4998905.0 (4018 positions) is smaller than inference chunk length 10000, quarantining.
[19:07:01 - Feature] Processed contig_1:3996000.0-4995999.0 (median depth 88.0)
[19:07:01 - Sampler] Took 1.31s to make features.
[19:07:10 - PWorker] Batches in cache: 6.
[19:07:10 - PWorker] 17.0% Done (0.8/5.0 Mbases) in 14.0s
[19:07:18 - PWorker] Batches in cache: 5.
[19:07:25 - PWorker] Batches in cache: 4.
[19:07:25 - PWorker] 50.7% Done (2.5/5.0 Mbases) in 29.1s
[19:07:32 - PWorker] Batches in cache: 3.
[19:07:39 - PWorker] Batches in cache: 2.
[19:07:39 - PWorker] 84.6% Done (4.2/5.0 Mbases) in 43.0s
[19:07:46 - PWorker] Batches in cache: 1.
[19:07:46 - PWorker] Processed 6 batches
[19:07:46 - PWorker] All done, 1 remainder regions.
[19:07:46 - Predict] Processing 1 short region(s).
[19:07:46 - Sampler] Initializing sampler for consensus of region contig_1:4995000-4998906.
[19:07:46 - PWorker] Running inference for 0.0M draft bases.
[19:07:46 - Feature] Processed contig_1:4995000.0-4998905.0 (median depth 42.0)
[19:07:46 - Sampler] Took 0.18s to make features.
[19:07:47 - PWorker] Processed 1 batches
[19:07:47 - PWorker] All done, 0 remainder regions.
[19:07:47 - Predict] Finished processing all regions.
/data/djs217/miniconda3/envs/hybracter_env/lib/python3.11/site-packages/hybracter/workflow/conda/7aafc1085ca44eee01942c03ca74ecad_/lib/python3.11/site-packages/medaka/common.py:16: UserWarning: pkg_resources is deprecated as an API. See https://setuptools.pypa.io/en/latest/pkg_resources.html. The pkg_resources package is slated for removal as early as 2025-11-30. Refrain from using this package or pin to Setuptools<81.
  from pkg_resources import resource_filename
[19:07:49 - DataIndx] Loaded 1/1 (100.00%) sample files.
[19:07:49 - DataIndx] Loaded 1/1 (100.00%) sample files.
[19:07:49 - DataIndx] Loaded 1/1 (100.00%) sample files.
[19:07:49 - DataIndx] Loaded 1/1 (100.00%) sample files.
[19:07:49 - DataIndx] Loaded 1/1 (100.00%) sample files.
[19:07:49 - DataIndx] Loaded 1/1 (100.00%) sample files.
