/data/djs217/miniconda3/envs/hybracter_env/lib/python3.11/site-packages/hybracter/workflow/conda/7aafc1085ca44eee01942c03ca74ecad_/lib/python3.11/site-packages/medaka/common.py:16: UserWarning: pkg_resources is deprecated as an API. See https://setuptools.pypa.io/en/latest/pkg_resources.html. The pkg_resources package is slated for removal as early as 2025-11-30. Refrain from using this package or pin to Setuptools<81.
  from pkg_resources import resource_filename
/data/djs217/miniconda3/envs/hybracter_env/lib/python3.11/site-packages/hybracter/workflow/conda/7aafc1085ca44eee01942c03ca74ecad_/lib/python3.11/site-packages/medaka/common.py:16: UserWarning: pkg_resources is deprecated as an API. See https://setuptools.pypa.io/en/latest/pkg_resources.html. The pkg_resources package is slated for removal as early as 2025-11-30. Refrain from using this package or pin to Setuptools<81.
  from pkg_resources import resource_filename
/data/djs217/miniconda3/envs/hybracter_env/lib/python3.11/site-packages/hybracter/workflow/conda/7aafc1085ca44eee01942c03ca74ecad_/lib/python3.11/site-packages/medaka/common.py:16: UserWarning: pkg_resources is deprecated as an API. See https://setuptools.pypa.io/en/latest/pkg_resources.html. The pkg_resources package is slated for removal as early as 2025-11-30. Refrain from using this package or pin to Setuptools<81.
  from pkg_resources import resource_filename
[18:59:41 - MdlStrTGZ] Successfully removed temporary files from /tmp/tmp4nbhmlzd.
/data/djs217/miniconda3/envs/hybracter_env/lib/python3.11/site-packages/hybracter/workflow/conda/7aafc1085ca44eee01942c03ca74ecad_/lib/python3.11/site-packages/medaka/common.py:16: UserWarning: pkg_resources is deprecated as an API. See https://setuptools.pypa.io/en/latest/pkg_resources.html. The pkg_resources package is slated for removal as early as 2025-11-30. Refrain from using this package or pin to Setuptools<81.
  from pkg_resources import resource_filename
[18:59:43 - MdlStrTGZ] Successfully removed temporary files from /tmp/tmp21dzyp1p.
Creating fai index file /data/djs217/PROJECTS/xanthomonas-genome-assemblies/xanthomonas_march_2026/hybracter-hybrid-misc2/processing/pre_polish/NCPPB_2064_lablab_chromosome_plus_plasmids.fasta.fai
Creating mmi index file /data/djs217/PROJECTS/xanthomonas-genome-assemblies/xanthomonas_march_2026/hybracter-hybrid-misc2/processing/pre_polish/NCPPB_2064_lablab_chromosome_plus_plasmids.fasta.map-ont.mmi
[M::mm_idx_gen::0.185*1.02] collected minimizers
[M::mm_idx_gen::0.248*1.49] sorted minimizers
[M::main::0.309*1.40] loaded/built the index for 3 target sequence(s)
[M::mm_idx_stat] kmer size: 15; skip: 10; is_hpc: 0; #seq: 3
[M::mm_idx_stat::0.320*1.38] distinct minimizers: 916952 (94.58% are singletons); average occurrences: 1.095; average spacing: 5.352; total length: 5374782
[M::main] Version: 2.30-r1287
[M::main] CMD: minimap2 -I 16G -x map-ont -d /data/djs217/PROJECTS/xanthomonas-genome-assemblies/xanthomonas_march_2026/hybracter-hybrid-misc2/processing/pre_polish/NCPPB_2064_lablab_chromosome_plus_plasmids.fasta.map-ont.mmi /data/djs217/PROJECTS/xanthomonas-genome-assemblies/xanthomonas_march_2026/hybracter-hybrid-misc2/processing/pre_polish/NCPPB_2064_lablab_chromosome_plus_plasmids.fasta
[M::main] Real time: 0.324 sec; CPU: 0.447 sec; Peak RSS: 0.055 GB
[M::main::0.078*1.04] loaded/built the index for 3 target sequence(s)
[M::mm_mapopt_update::0.097*1.03] mid_occ = 71
[M::mm_idx_stat] kmer size: 15; skip: 10; is_hpc: 0; #seq: 3
[M::mm_idx_stat::0.111*1.03] distinct minimizers: 916952 (94.58% are singletons); average occurrences: 1.095; average spacing: 5.352; total length: 5374782
[M::worker_pipeline::38.915*6.40] mapped 19924 sequences
[M::main] Version: 2.30-r1287
[M::main] CMD: minimap2 -x map-ont --secondary=no -L --MD -A 2 -B 4 -O 4,24 -E 2,1 -t 12 -a /data/djs217/PROJECTS/xanthomonas-genome-assemblies/xanthomonas_march_2026/hybracter-hybrid-misc2/processing/pre_polish/NCPPB_2064_lablab_chromosome_plus_plasmids.fasta.map-ont.mmi /data/djs217/PROJECTS/xanthomonas-genome-assemblies/xanthomonas_march_2026/hybracter-hybrid-misc2/processing/qc/NCPPB_2064_lablab_filt_trim.fastq.gz
[M::main] Real time: 38.932 sec; CPU: 249.105 sec; Peak RSS: 1.460 GB
[bam_sort_core] merging from 0 files and 12 in-memory blocks...
/data/djs217/miniconda3/envs/hybracter_env/lib/python3.11/site-packages/hybracter/workflow/conda/7aafc1085ca44eee01942c03ca74ecad_/lib/python3.11/site-packages/medaka/common.py:16: UserWarning: pkg_resources is deprecated as an API. See https://setuptools.pypa.io/en/latest/pkg_resources.html. The pkg_resources package is slated for removal as early as 2025-11-30. Refrain from using this package or pin to Setuptools<81.
  from pkg_resources import resource_filename
[19:00:32 - Predict] Processing region(s): contig_3:0-5269047 1:0-77750 2:0-27985
[19:00:32 - Predict] Using model: /data/djs217/miniconda3/envs/hybracter_env/lib/python3.11/site-packages/hybracter/workflow/conda/7aafc1085ca44eee01942c03ca74ecad_/lib/python3.11/site-packages/medaka/data/r1041_e82_400bps_sup_v5.0.0_model_pt.tar.gz.
[19:00:32 - Predict] Using minimum mapQ threshold of 1 for read filtering.
[19:00:32 - MdlStrTGZ] Model GRUModel(
  (gru): GRU(10, 128, num_layers=2, batch_first=True, bidirectional=True)
  (linear): Linear(in_features=256, out_features=5, bias=True)
)
[19:00:32 - MdlStrTGZ] loading weights from /tmp/tmpso15nohr/model/weights.pt
[19:00:32 - MdlStrTGZ] Successfully removed temporary files from /tmp/tmpso15nohr.
[19:00:32 - Predict] Model device: cpu
[19:00:32 - Predict] Running prediction at full precision
[19:00:32 - BAMFile] Creating pool of 16 BAM file sets.
[19:00:32 - Predict] Processing 8 long region(s) with batching.
[19:00:32 - Sampler] Initializing sampler for consensus of region contig_3:0-1000000.
[19:00:32 - Sampler] Initializing sampler for consensus of region contig_3:999000-1999000.
[19:00:32 - PWorker] Running inference for 5.4M draft bases.
[19:00:34 - Feature] Processed contig_3:0.0-999999.0 (median depth 81.0)
[19:00:34 - Sampler] Took 2.18s to make features.
[19:00:34 - Sampler] Initializing sampler for consensus of region contig_3:1998000-2998000.
[19:00:34 - Feature] Processed contig_3:999000.0-1998999.0 (median depth 82.0)
[19:00:34 - Sampler] Took 2.33s to make features.
[19:00:34 - Sampler] Initializing sampler for consensus of region contig_3:2997000-3997000.
[19:00:35 - Feature] Processed contig_3:1998000.0-2997999.1 (median depth 86.0)
[19:00:35 - Sampler] Took 1.19s to make features.
[19:00:35 - Sampler] Initializing sampler for consensus of region contig_3:3996000-4996000.
[19:00:35 - Feature] Processed contig_3:2997000.0-3996999.0 (median depth 86.0)
[19:00:35 - Sampler] Took 1.26s to make features.
[19:00:35 - Sampler] Initializing sampler for consensus of region contig_3:4995000-5269047.
[19:00:36 - Feature] Processed contig_3:4995000.0-5269046.0 (median depth 81.0)
[19:00:36 - Sampler] Took 0.80s to make features.
[19:00:36 - Sampler] Initializing sampler for consensus of region 1:0-77750.
[19:00:36 - Feature] Processed contig_3:3996000.0-4995999.0 (median depth 81.0)
[19:00:36 - Sampler] Took 1.15s to make features.
[19:00:36 - Sampler] Initializing sampler for consensus of region 2:0-27985.
[19:00:37 - Feature] Processed 1:0.0-77749.0 (median depth 132.0)
[19:00:37 - Sampler] Took 0.47s to make features.
[19:00:37 - Feature] Processed 2:0.0-27984.0 (median depth 294.0)
[19:00:37 - Sampler] Took 0.42s to make features.
[19:00:44 - PWorker] Batches in cache: 7.
[19:00:44 - PWorker] 15.6% Done (0.8/5.4 Mbases) in 12.6s
[19:00:52 - PWorker] Batches in cache: 6.
[19:00:59 - PWorker] Batches in cache: 5.
[19:00:59 - PWorker] 46.6% Done (2.5/5.4 Mbases) in 27.4s
[19:01:06 - PWorker] Batches in cache: 4.
[19:01:13 - PWorker] Batches in cache: 3.
[19:01:13 - PWorker] 77.7% Done (4.2/5.4 Mbases) in 41.6s
[19:01:21 - PWorker] Batches in cache: 2.
[19:01:25 - PWorker] 100.0% Done (5.4/5.4 Mbases) in 53.2s
[19:01:25 - PWorker] Processed 7 batches
[19:01:25 - PWorker] All done, 0 remainder regions.
[19:01:25 - Predict] Finished processing all regions.
/data/djs217/miniconda3/envs/hybracter_env/lib/python3.11/site-packages/hybracter/workflow/conda/7aafc1085ca44eee01942c03ca74ecad_/lib/python3.11/site-packages/medaka/common.py:16: UserWarning: pkg_resources is deprecated as an API. See https://setuptools.pypa.io/en/latest/pkg_resources.html. The pkg_resources package is slated for removal as early as 2025-11-30. Refrain from using this package or pin to Setuptools<81.
  from pkg_resources import resource_filename
[19:01:27 - DataIndx] Loaded 1/1 (100.00%) sample files.
[19:01:28 - DataIndx] Loaded 1/1 (100.00%) sample files.
[19:01:28 - DataIndx] Loaded 1/1 (100.00%) sample files.
[19:01:28 - DataIndx] Loaded 1/1 (100.00%) sample files.
[19:01:28 - DataIndx] Loaded 1/1 (100.00%) sample files.
[19:01:28 - DataIndx] Loaded 1/1 (100.00%) sample files.
[19:01:28 - DataIndx] Loaded 1/1 (100.00%) sample files.
[19:01:28 - DataIndx] Loaded 1/1 (100.00%) sample files.
[19:01:28 - DataIndx] Loaded 1/1 (100.00%) sample files.
