/data/djs217/miniconda3/envs/hybracter_env/lib/python3.11/site-packages/hybracter/workflow/conda/7aafc1085ca44eee01942c03ca74ecad_/lib/python3.11/site-packages/medaka/common.py:16: UserWarning: pkg_resources is deprecated as an API. See https://setuptools.pypa.io/en/latest/pkg_resources.html. The pkg_resources package is slated for removal as early as 2025-11-30. Refrain from using this package or pin to Setuptools<81.
  from pkg_resources import resource_filename
/data/djs217/miniconda3/envs/hybracter_env/lib/python3.11/site-packages/hybracter/workflow/conda/7aafc1085ca44eee01942c03ca74ecad_/lib/python3.11/site-packages/medaka/common.py:16: UserWarning: pkg_resources is deprecated as an API. See https://setuptools.pypa.io/en/latest/pkg_resources.html. The pkg_resources package is slated for removal as early as 2025-11-30. Refrain from using this package or pin to Setuptools<81.
  from pkg_resources import resource_filename
/data/djs217/miniconda3/envs/hybracter_env/lib/python3.11/site-packages/hybracter/workflow/conda/7aafc1085ca44eee01942c03ca74ecad_/lib/python3.11/site-packages/medaka/common.py:16: UserWarning: pkg_resources is deprecated as an API. See https://setuptools.pypa.io/en/latest/pkg_resources.html. The pkg_resources package is slated for removal as early as 2025-11-30. Refrain from using this package or pin to Setuptools<81.
  from pkg_resources import resource_filename
[11:38:46 - MdlStrTGZ] Successfully removed temporary files from /tmp/tmpo22f4vyo.
/data/djs217/miniconda3/envs/hybracter_env/lib/python3.11/site-packages/hybracter/workflow/conda/7aafc1085ca44eee01942c03ca74ecad_/lib/python3.11/site-packages/medaka/common.py:16: UserWarning: pkg_resources is deprecated as an API. See https://setuptools.pypa.io/en/latest/pkg_resources.html. The pkg_resources package is slated for removal as early as 2025-11-30. Refrain from using this package or pin to Setuptools<81.
  from pkg_resources import resource_filename
[11:38:48 - MdlStrTGZ] Successfully removed temporary files from /tmp/tmpfd1spnih.
Creating fai index file /data/djs217/PROJECTS/xanthomonas-genome-assemblies/xanthomonas_march_2026/hybracter-hybrid-misc2/processing/pre_polish/NCPPB_2338_dyei_chromosome_plus_plasmids.fasta.fai
Creating mmi index file /data/djs217/PROJECTS/xanthomonas-genome-assemblies/xanthomonas_march_2026/hybracter-hybrid-misc2/processing/pre_polish/NCPPB_2338_dyei_chromosome_plus_plasmids.fasta.map-ont.mmi
[M::mm_idx_gen::0.189*1.00] collected minimizers
[M::mm_idx_gen::0.253*1.47] sorted minimizers
[M::main::0.314*1.38] loaded/built the index for 1 target sequence(s)
[M::mm_idx_stat] kmer size: 15; skip: 10; is_hpc: 0; #seq: 1
[M::mm_idx_stat::0.327*1.36] distinct minimizers: 918323 (94.42% are singletons); average occurrences: 1.075; average spacing: 5.359; total length: 5290178
[M::main] Version: 2.30-r1287
[M::main] CMD: minimap2 -I 16G -x map-ont -d /data/djs217/PROJECTS/xanthomonas-genome-assemblies/xanthomonas_march_2026/hybracter-hybrid-misc2/processing/pre_polish/NCPPB_2338_dyei_chromosome_plus_plasmids.fasta.map-ont.mmi /data/djs217/PROJECTS/xanthomonas-genome-assemblies/xanthomonas_march_2026/hybracter-hybrid-misc2/processing/pre_polish/NCPPB_2338_dyei_chromosome_plus_plasmids.fasta
[M::main] Real time: 0.333 sec; CPU: 0.451 sec; Peak RSS: 0.055 GB
[M::main::0.082*1.04] loaded/built the index for 1 target sequence(s)
[M::mm_mapopt_update::0.101*1.03] mid_occ = 17
[M::mm_idx_stat] kmer size: 15; skip: 10; is_hpc: 0; #seq: 1
[M::mm_idx_stat::0.116*1.03] distinct minimizers: 918323 (94.42% are singletons); average occurrences: 1.075; average spacing: 5.359; total length: 5290178
[M::worker_pipeline::25.299*5.93] mapped 23303 sequences
[M::main] Version: 2.30-r1287
[M::main] CMD: minimap2 -x map-ont --secondary=no -L --MD -A 2 -B 4 -O 4,24 -E 2,1 -t 12 -a /data/djs217/PROJECTS/xanthomonas-genome-assemblies/xanthomonas_march_2026/hybracter-hybrid-misc2/processing/pre_polish/NCPPB_2338_dyei_chromosome_plus_plasmids.fasta.map-ont.mmi /data/djs217/PROJECTS/xanthomonas-genome-assemblies/xanthomonas_march_2026/hybracter-hybrid-misc2/processing/qc/NCPPB_2338_dyei_filt_trim.fastq.gz
[M::main] Real time: 25.313 sec; CPU: 150.123 sec; Peak RSS: 1.296 GB
[bam_sort_core] merging from 0 files and 12 in-memory blocks...
/data/djs217/miniconda3/envs/hybracter_env/lib/python3.11/site-packages/hybracter/workflow/conda/7aafc1085ca44eee01942c03ca74ecad_/lib/python3.11/site-packages/medaka/common.py:16: UserWarning: pkg_resources is deprecated as an API. See https://setuptools.pypa.io/en/latest/pkg_resources.html. The pkg_resources package is slated for removal as early as 2025-11-30. Refrain from using this package or pin to Setuptools<81.
  from pkg_resources import resource_filename
[11:39:21 - Predict] Processing region(s): contig_1:0-5290178
[11:39:21 - Predict] Using model: /data/djs217/miniconda3/envs/hybracter_env/lib/python3.11/site-packages/hybracter/workflow/conda/7aafc1085ca44eee01942c03ca74ecad_/lib/python3.11/site-packages/medaka/data/r1041_e82_400bps_sup_v5.0.0_model_pt.tar.gz.
[11:39:21 - Predict] Using minimum mapQ threshold of 1 for read filtering.
[11:39:22 - MdlStrTGZ] Model GRUModel(
  (gru): GRU(10, 128, num_layers=2, batch_first=True, bidirectional=True)
  (linear): Linear(in_features=256, out_features=5, bias=True)
)
[11:39:22 - MdlStrTGZ] loading weights from /tmp/tmp7b35plk5/model/weights.pt
[11:39:22 - MdlStrTGZ] Successfully removed temporary files from /tmp/tmp7b35plk5.
[11:39:22 - Predict] Model device: cpu
[11:39:22 - Predict] Running prediction at full precision
[11:39:22 - BAMFile] Creating pool of 16 BAM file sets.
[11:39:22 - Predict] Processing 6 long region(s) with batching.
[11:39:22 - Sampler] Initializing sampler for consensus of region contig_1:0-1000000.
[11:39:22 - Sampler] Initializing sampler for consensus of region contig_1:999000-1999000.
[11:39:22 - PWorker] Running inference for 5.3M draft bases.
[11:39:24 - Feature] Processed contig_1:0.0-999999.0 (median depth 86.0)
[11:39:24 - Sampler] Took 1.66s to make features.
[11:39:24 - Sampler] Initializing sampler for consensus of region contig_1:1998000-2998000.
[11:39:24 - Feature] Processed contig_1:999000.0-1998999.0 (median depth 85.0)
[11:39:24 - Sampler] Took 1.76s to make features.
[11:39:24 - Sampler] Initializing sampler for consensus of region contig_1:2997000-3997000.
[11:39:25 - Feature] Processed contig_1:1998000.0-2997999.0 (median depth 89.0)
[11:39:25 - Sampler] Took 1.21s to make features.
[11:39:25 - Sampler] Initializing sampler for consensus of region contig_1:3996000-4996000.
[11:39:25 - Feature] Processed contig_1:2997000.0-3996999.0 (median depth 87.0)
[11:39:25 - Sampler] Took 1.19s to make features.
[11:39:25 - Sampler] Initializing sampler for consensus of region contig_1:4995000-5290178.
[11:39:25 - Feature] Processed contig_1:4995000.0-5290177.0 (median depth 80.0)
[11:39:25 - Sampler] Took 0.53s to make features.
[11:39:26 - Feature] Processed contig_1:3996000.0-4995999.0 (median depth 85.0)
[11:39:26 - Sampler] Took 1.10s to make features.
[11:39:34 - PWorker] Batches in cache: 7.
[11:39:34 - PWorker] 15.9% Done (0.8/5.3 Mbases) in 11.6s
[11:39:40 - PWorker] Batches in cache: 6.
[11:39:47 - PWorker] Batches in cache: 5.
[11:39:47 - PWorker] 47.7% Done (2.5/5.3 Mbases) in 25.2s
[11:39:54 - PWorker] Batches in cache: 4.
[11:40:01 - PWorker] Batches in cache: 3.
[11:40:01 - PWorker] 79.4% Done (4.2/5.3 Mbases) in 39.0s
[11:40:08 - PWorker] Batches in cache: 2.
[11:40:11 - PWorker] Processed 7 batches
[11:40:11 - PWorker] All done, 0 remainder regions.
[11:40:11 - Predict] Finished processing all regions.
/data/djs217/miniconda3/envs/hybracter_env/lib/python3.11/site-packages/hybracter/workflow/conda/7aafc1085ca44eee01942c03ca74ecad_/lib/python3.11/site-packages/medaka/common.py:16: UserWarning: pkg_resources is deprecated as an API. See https://setuptools.pypa.io/en/latest/pkg_resources.html. The pkg_resources package is slated for removal as early as 2025-11-30. Refrain from using this package or pin to Setuptools<81.
  from pkg_resources import resource_filename
[11:40:13 - DataIndx] Loaded 1/1 (100.00%) sample files.
[11:40:13 - DataIndx] Loaded 1/1 (100.00%) sample files.
[11:40:13 - DataIndx] Loaded 1/1 (100.00%) sample files.
[11:40:13 - DataIndx] Loaded 1/1 (100.00%) sample files.
[11:40:13 - DataIndx] Loaded 1/1 (100.00%) sample files.
[11:40:13 - DataIndx] Loaded 1/1 (100.00%) sample files.
[11:40:13 - DataIndx] Loaded 1/1 (100.00%) sample files.
