/data/djs217/miniconda3/envs/hybracter_env/lib/python3.11/site-packages/hybracter/workflow/conda/7aafc1085ca44eee01942c03ca74ecad_/lib/python3.11/site-packages/medaka/common.py:16: UserWarning: pkg_resources is deprecated as an API. See https://setuptools.pypa.io/en/latest/pkg_resources.html. The pkg_resources package is slated for removal as early as 2025-11-30. Refrain from using this package or pin to Setuptools<81.
  from pkg_resources import resource_filename
/data/djs217/miniconda3/envs/hybracter_env/lib/python3.11/site-packages/hybracter/workflow/conda/7aafc1085ca44eee01942c03ca74ecad_/lib/python3.11/site-packages/medaka/common.py:16: UserWarning: pkg_resources is deprecated as an API. See https://setuptools.pypa.io/en/latest/pkg_resources.html. The pkg_resources package is slated for removal as early as 2025-11-30. Refrain from using this package or pin to Setuptools<81.
  from pkg_resources import resource_filename
/data/djs217/miniconda3/envs/hybracter_env/lib/python3.11/site-packages/hybracter/workflow/conda/7aafc1085ca44eee01942c03ca74ecad_/lib/python3.11/site-packages/medaka/common.py:16: UserWarning: pkg_resources is deprecated as an API. See https://setuptools.pypa.io/en/latest/pkg_resources.html. The pkg_resources package is slated for removal as early as 2025-11-30. Refrain from using this package or pin to Setuptools<81.
  from pkg_resources import resource_filename
[17:09:54 - MdlStrTGZ] Successfully removed temporary files from /tmp/tmp67gn7026.
/data/djs217/miniconda3/envs/hybracter_env/lib/python3.11/site-packages/hybracter/workflow/conda/7aafc1085ca44eee01942c03ca74ecad_/lib/python3.11/site-packages/medaka/common.py:16: UserWarning: pkg_resources is deprecated as an API. See https://setuptools.pypa.io/en/latest/pkg_resources.html. The pkg_resources package is slated for removal as early as 2025-11-30. Refrain from using this package or pin to Setuptools<81.
  from pkg_resources import resource_filename
[17:09:55 - MdlStrTGZ] Successfully removed temporary files from /tmp/tmp9rj6qdye.
Creating fai index file /data/djs217/PROJECTS/xanthomonas-genome-assemblies/xanthomonas_march_2026/hybracter-hybrid-misc2/processing/pre_polish/NCPPB_4629_dyei_chromosome_plus_plasmids.fasta.fai
Creating mmi index file /data/djs217/PROJECTS/xanthomonas-genome-assemblies/xanthomonas_march_2026/hybracter-hybrid-misc2/processing/pre_polish/NCPPB_4629_dyei_chromosome_plus_plasmids.fasta.map-ont.mmi
[M::mm_idx_gen::0.149*1.02] collected minimizers
[M::mm_idx_gen::0.205*1.56] sorted minimizers
[M::main::0.267*1.43] loaded/built the index for 2 target sequence(s)
[M::mm_idx_stat] kmer size: 15; skip: 10; is_hpc: 0; #seq: 2
[M::mm_idx_stat::0.281*1.41] distinct minimizers: 919882 (94.45% are singletons); average occurrences: 1.075; average spacing: 5.360; total length: 5299709
[M::main] Version: 2.30-r1287
[M::main] CMD: minimap2 -I 16G -x map-ont -d /data/djs217/PROJECTS/xanthomonas-genome-assemblies/xanthomonas_march_2026/hybracter-hybrid-misc2/processing/pre_polish/NCPPB_4629_dyei_chromosome_plus_plasmids.fasta.map-ont.mmi /data/djs217/PROJECTS/xanthomonas-genome-assemblies/xanthomonas_march_2026/hybracter-hybrid-misc2/processing/pre_polish/NCPPB_4629_dyei_chromosome_plus_plasmids.fasta
[M::main] Real time: 0.286 sec; CPU: 0.400 sec; Peak RSS: 0.053 GB
[M::main::0.062*1.02] loaded/built the index for 2 target sequence(s)
[M::mm_mapopt_update::0.081*1.01] mid_occ = 17
[M::mm_idx_stat] kmer size: 15; skip: 10; is_hpc: 0; #seq: 2
[M::mm_idx_stat::0.094*1.01] distinct minimizers: 919882 (94.45% are singletons); average occurrences: 1.075; average spacing: 5.360; total length: 5299709
[M::worker_pipeline::49.371*3.33] mapped 21609 sequences
[M::main] Version: 2.30-r1287
[M::main] CMD: minimap2 -x map-ont --secondary=no -L --MD -A 2 -B 4 -O 4,24 -E 2,1 -t 12 -a /data/djs217/PROJECTS/xanthomonas-genome-assemblies/xanthomonas_march_2026/hybracter-hybrid-misc2/processing/pre_polish/NCPPB_4629_dyei_chromosome_plus_plasmids.fasta.map-ont.mmi /data/djs217/PROJECTS/xanthomonas-genome-assemblies/xanthomonas_march_2026/hybracter-hybrid-misc2/processing/qc/NCPPB_4629_dyei_filt_trim.fastq.gz
[M::main] Real time: 49.383 sec; CPU: 164.175 sec; Peak RSS: 1.161 GB
[bam_sort_core] merging from 0 files and 12 in-memory blocks...
/data/djs217/miniconda3/envs/hybracter_env/lib/python3.11/site-packages/hybracter/workflow/conda/7aafc1085ca44eee01942c03ca74ecad_/lib/python3.11/site-packages/medaka/common.py:16: UserWarning: pkg_resources is deprecated as an API. See https://setuptools.pypa.io/en/latest/pkg_resources.html. The pkg_resources package is slated for removal as early as 2025-11-30. Refrain from using this package or pin to Setuptools<81.
  from pkg_resources import resource_filename
[17:10:53 - Predict] Processing region(s): contig_1:0-5261222 1:0-38487
[17:10:53 - Predict] Using model: /data/djs217/miniconda3/envs/hybracter_env/lib/python3.11/site-packages/hybracter/workflow/conda/7aafc1085ca44eee01942c03ca74ecad_/lib/python3.11/site-packages/medaka/data/r1041_e82_400bps_sup_v5.0.0_model_pt.tar.gz.
[17:10:53 - Predict] Using minimum mapQ threshold of 1 for read filtering.
[17:10:53 - MdlStrTGZ] Model GRUModel(
  (gru): GRU(10, 128, num_layers=2, batch_first=True, bidirectional=True)
  (linear): Linear(in_features=256, out_features=5, bias=True)
)
[17:10:53 - MdlStrTGZ] loading weights from /tmp/tmp53aj6qnb/model/weights.pt
[17:10:53 - MdlStrTGZ] Successfully removed temporary files from /tmp/tmp53aj6qnb.
[17:10:53 - Predict] Model device: cpu
[17:10:53 - Predict] Running prediction at full precision
[17:10:53 - BAMFile] Creating pool of 16 BAM file sets.
[17:10:53 - Predict] Processing 7 long region(s) with batching.
[17:10:53 - Sampler] Initializing sampler for consensus of region contig_1:0-1000000.
[17:10:53 - Sampler] Initializing sampler for consensus of region contig_1:999000-1999000.
[17:10:53 - PWorker] Running inference for 5.3M draft bases.
[17:10:56 - Feature] Processed contig_1:999000.0-1998999.0 (median depth 82.0)
[17:10:56 - Sampler] Took 2.20s to make features.
[17:10:56 - Sampler] Initializing sampler for consensus of region contig_1:1998000-2998000.
[17:10:56 - Feature] Processed contig_1:0.0-999999.0 (median depth 81.0)
[17:10:56 - Sampler] Took 2.26s to make features.
[17:10:56 - Sampler] Initializing sampler for consensus of region contig_1:2997000-3997000.
[17:10:58 - Feature] Processed contig_1:2997000.0-3996999.0 (median depth 88.0)
[17:10:58 - Sampler] Took 1.93s to make features.
[17:10:58 - Sampler] Initializing sampler for consensus of region contig_1:3996000-4996000.
[17:10:58 - Feature] Processed contig_1:1998000.0-2997999.0 (median depth 87.0)
[17:10:58 - Sampler] Took 2.09s to make features.
[17:10:58 - Sampler] Initializing sampler for consensus of region contig_1:4995000-5261222.
[17:10:59 - Feature] Processed contig_1:4995000.0-5261221.0 (median depth 88.0)
[17:10:59 - Sampler] Took 0.85s to make features.
[17:10:59 - Sampler] Initializing sampler for consensus of region 1:0-38487.
[17:10:59 - Feature] Processed contig_1:3996000.0-4995999.0 (median depth 86.0)
[17:10:59 - Sampler] Took 1.30s to make features.
[17:10:59 - Feature] Processed 1:0.0-38486.0 (median depth 202.0)
[17:10:59 - Sampler] Took 0.35s to make features.
[17:11:06 - PWorker] Batches in cache: 7.
[17:11:06 - PWorker] 15.8% Done (0.8/5.3 Mbases) in 13.0s
[17:11:14 - PWorker] Batches in cache: 6.
[17:11:21 - PWorker] Batches in cache: 5.
[17:11:21 - PWorker] 47.5% Done (2.5/5.3 Mbases) in 27.4s
[17:11:28 - PWorker] Batches in cache: 4.
[17:11:36 - PWorker] Batches in cache: 3.
[17:11:36 - PWorker] 78.9% Done (4.2/5.3 Mbases) in 42.2s
[17:11:43 - PWorker] Batches in cache: 2.
[17:11:46 - PWorker] 100.0% Done (5.3/5.3 Mbases) in 52.9s
[17:11:47 - PWorker] Processed 7 batches
[17:11:47 - PWorker] All done, 0 remainder regions.
[17:11:47 - Predict] Finished processing all regions.
/data/djs217/miniconda3/envs/hybracter_env/lib/python3.11/site-packages/hybracter/workflow/conda/7aafc1085ca44eee01942c03ca74ecad_/lib/python3.11/site-packages/medaka/common.py:16: UserWarning: pkg_resources is deprecated as an API. See https://setuptools.pypa.io/en/latest/pkg_resources.html. The pkg_resources package is slated for removal as early as 2025-11-30. Refrain from using this package or pin to Setuptools<81.
  from pkg_resources import resource_filename
[17:11:49 - DataIndx] Loaded 1/1 (100.00%) sample files.
[17:11:49 - DataIndx] Loaded 1/1 (100.00%) sample files.
[17:11:49 - DataIndx] Loaded 1/1 (100.00%) sample files.
[17:11:49 - DataIndx] Loaded 1/1 (100.00%) sample files.
[17:11:49 - DataIndx] Loaded 1/1 (100.00%) sample files.
[17:11:49 - DataIndx] Loaded 1/1 (100.00%) sample files.
[17:11:49 - DataIndx] Loaded 1/1 (100.00%) sample files.
[17:11:49 - DataIndx] Loaded 1/1 (100.00%) sample files.
