/data/djs217/miniconda3/envs/hybracter_env/lib/python3.11/site-packages/hybracter/workflow/conda/7aafc1085ca44eee01942c03ca74ecad_/lib/python3.11/site-packages/medaka/common.py:16: UserWarning: pkg_resources is deprecated as an API. See https://setuptools.pypa.io/en/latest/pkg_resources.html. The pkg_resources package is slated for removal as early as 2025-11-30. Refrain from using this package or pin to Setuptools<81.
  from pkg_resources import resource_filename
/data/djs217/miniconda3/envs/hybracter_env/lib/python3.11/site-packages/hybracter/workflow/conda/7aafc1085ca44eee01942c03ca74ecad_/lib/python3.11/site-packages/medaka/common.py:16: UserWarning: pkg_resources is deprecated as an API. See https://setuptools.pypa.io/en/latest/pkg_resources.html. The pkg_resources package is slated for removal as early as 2025-11-30. Refrain from using this package or pin to Setuptools<81.
  from pkg_resources import resource_filename
/data/djs217/miniconda3/envs/hybracter_env/lib/python3.11/site-packages/hybracter/workflow/conda/7aafc1085ca44eee01942c03ca74ecad_/lib/python3.11/site-packages/medaka/common.py:16: UserWarning: pkg_resources is deprecated as an API. See https://setuptools.pypa.io/en/latest/pkg_resources.html. The pkg_resources package is slated for removal as early as 2025-11-30. Refrain from using this package or pin to Setuptools<81.
  from pkg_resources import resource_filename
[16:04:41 - MdlStrTGZ] Successfully removed temporary files from /tmp/tmpvy_yph12.
/data/djs217/miniconda3/envs/hybracter_env/lib/python3.11/site-packages/hybracter/workflow/conda/7aafc1085ca44eee01942c03ca74ecad_/lib/python3.11/site-packages/medaka/common.py:16: UserWarning: pkg_resources is deprecated as an API. See https://setuptools.pypa.io/en/latest/pkg_resources.html. The pkg_resources package is slated for removal as early as 2025-11-30. Refrain from using this package or pin to Setuptools<81.
  from pkg_resources import resource_filename
[16:04:44 - MdlStrTGZ] Successfully removed temporary files from /tmp/tmp9ayvzbuz.
Creating fai index file /data/djs217/PROJECTS/xanthomonas-genome-assemblies/xanthomonas_march_2026/hybracter-hybrid-misc2/processing/pre_polish/NCPPB_1155_dyei_chromosome_plus_plasmids.fasta.fai
Creating mmi index file /data/djs217/PROJECTS/xanthomonas-genome-assemblies/xanthomonas_march_2026/hybracter-hybrid-misc2/processing/pre_polish/NCPPB_1155_dyei_chromosome_plus_plasmids.fasta.map-ont.mmi
[M::mm_idx_gen::0.186*1.01] collected minimizers
[M::mm_idx_gen::0.251*1.39] sorted minimizers
[M::main::0.311*1.31] loaded/built the index for 14 target sequence(s)
[M::mm_idx_stat] kmer size: 15; skip: 10; is_hpc: 0; #seq: 14
[M::mm_idx_stat::0.325*1.30] distinct minimizers: 943738 (94.26% are singletons); average occurrences: 1.109; average spacing: 5.359; total length: 5608880
[M::main] Version: 2.30-r1287
[M::main] CMD: minimap2 -I 16G -x map-ont -d /data/djs217/PROJECTS/xanthomonas-genome-assemblies/xanthomonas_march_2026/hybracter-hybrid-misc2/processing/pre_polish/NCPPB_1155_dyei_chromosome_plus_plasmids.fasta.map-ont.mmi /data/djs217/PROJECTS/xanthomonas-genome-assemblies/xanthomonas_march_2026/hybracter-hybrid-misc2/processing/pre_polish/NCPPB_1155_dyei_chromosome_plus_plasmids.fasta
[M::main] Real time: 0.331 sec; CPU: 0.428 sec; Peak RSS: 0.055 GB
[M::main::0.065*1.01] loaded/built the index for 14 target sequence(s)
[M::mm_mapopt_update::0.084*1.01] mid_occ = 45
[M::mm_idx_stat] kmer size: 15; skip: 10; is_hpc: 0; #seq: 14
[M::mm_idx_stat::0.098*1.01] distinct minimizers: 943738 (94.26% are singletons); average occurrences: 1.109; average spacing: 5.359; total length: 5608880
[M::worker_pipeline::33.782*6.00] mapped 22164 sequences
[M::main] Version: 2.30-r1287
[M::main] CMD: minimap2 -x map-ont --secondary=no -L --MD -A 2 -B 4 -O 4,24 -E 2,1 -t 12 -a /data/djs217/PROJECTS/xanthomonas-genome-assemblies/xanthomonas_march_2026/hybracter-hybrid-misc2/processing/pre_polish/NCPPB_1155_dyei_chromosome_plus_plasmids.fasta.map-ont.mmi /data/djs217/PROJECTS/xanthomonas-genome-assemblies/xanthomonas_march_2026/hybracter-hybrid-misc2/processing/qc/NCPPB_1155_dyei_filt_trim.fastq.gz
[M::main] Real time: 33.794 sec; CPU: 202.806 sec; Peak RSS: 2.215 GB
[bam_sort_core] merging from 0 files and 12 in-memory blocks...
/data/djs217/miniconda3/envs/hybracter_env/lib/python3.11/site-packages/hybracter/workflow/conda/7aafc1085ca44eee01942c03ca74ecad_/lib/python3.11/site-packages/medaka/common.py:16: UserWarning: pkg_resources is deprecated as an API. See https://setuptools.pypa.io/en/latest/pkg_resources.html. The pkg_resources package is slated for removal as early as 2025-11-30. Refrain from using this package or pin to Setuptools<81.
  from pkg_resources import resource_filename
[16:05:26 - Predict] Processing region(s): contig_3:0-5317708 1:0-151675 2:0-82902 3:0-29684 4:0-12788 5:0-4946 6:0-3203 7:0-1585 8:0-1154 9:0-1041 10:0-914 11:0-599 12:0-465 13:0-216
[16:05:26 - Predict] Using model: /data/djs217/miniconda3/envs/hybracter_env/lib/python3.11/site-packages/hybracter/workflow/conda/7aafc1085ca44eee01942c03ca74ecad_/lib/python3.11/site-packages/medaka/data/r1041_e82_400bps_sup_v5.0.0_model_pt.tar.gz.
[16:05:26 - Predict] Using minimum mapQ threshold of 1 for read filtering.
[16:05:26 - MdlStrTGZ] Model GRUModel(
  (gru): GRU(10, 128, num_layers=2, batch_first=True, bidirectional=True)
  (linear): Linear(in_features=256, out_features=5, bias=True)
)
[16:05:26 - MdlStrTGZ] loading weights from /tmp/tmpt96t3w2b/model/weights.pt
[16:05:26 - MdlStrTGZ] Successfully removed temporary files from /tmp/tmpt96t3w2b.
[16:05:26 - Predict] Model device: cpu
[16:05:26 - Predict] Running prediction at full precision
[16:05:26 - BAMFile] Creating pool of 16 BAM file sets.
[16:05:26 - Predict] Processing 10 long region(s) with batching.
[16:05:26 - Sampler] Initializing sampler for consensus of region contig_3:0-1000000.
[16:05:26 - Sampler] Initializing sampler for consensus of region contig_3:999000-1999000.
[16:05:26 - PWorker] Running inference for 5.6M draft bases.
[16:05:27 - Feature] Processed contig_3:0.0-999999.0 (median depth 77.0)
[16:05:27 - Sampler] Took 1.51s to make features.
[16:05:27 - Sampler] Initializing sampler for consensus of region contig_3:1998000-2998000.
[16:05:27 - Feature] Processed contig_3:999000.0-1998999.0 (median depth 81.0)
[16:05:27 - Sampler] Took 1.76s to make features.
[16:05:27 - Sampler] Initializing sampler for consensus of region contig_3:2997000-3997000.
[16:05:28 - Feature] Processed contig_3:1998000.0-2997999.0 (median depth 83.0)
[16:05:28 - Sampler] Took 1.19s to make features.
[16:05:28 - Sampler] Initializing sampler for consensus of region contig_3:3996000-4996000.
[16:05:29 - Feature] Processed contig_3:2997000.0-3996999.0 (median depth 83.0)
[16:05:29 - Sampler] Took 1.08s to make features.
[16:05:29 - Sampler] Initializing sampler for consensus of region contig_3:4995000-5317708.
[16:05:29 - Feature] Processed contig_3:4995000.0-5317707.0 (median depth 77.0)
[16:05:29 - Sampler] Took 0.85s to make features.
[16:05:29 - Sampler] Initializing sampler for consensus of region 1:0-151675.
[16:05:30 - Feature] Processed contig_3:3996000.0-4995999.0 (median depth 80.0)
[16:05:30 - Sampler] Took 1.13s to make features.
[16:05:30 - Sampler] Initializing sampler for consensus of region 2:0-82902.
[16:05:30 - Feature] Processed 1:0.0-151674.0 (median depth 80.0)
[16:05:30 - Sampler] Took 0.33s to make features.
[16:05:30 - Sampler] Initializing sampler for consensus of region 3:0-29684.
[16:05:30 - Feature] Processed 2:0.0-82901.0 (median depth 80.0)
[16:05:30 - Sampler] Took 0.28s to make features.
[16:05:30 - Sampler] Initializing sampler for consensus of region 4:0-12788.
[16:05:30 - Feature] Processed 3:0.0-29683.0 (median depth 60.0)
[16:05:30 - Sampler] Took 0.12s to make features.
[16:05:30 - Feature] Processed 4:0.0-12787.0 (median depth 16.0)
[16:05:30 - Sampler] Took 0.13s to make features.
[16:05:37 - PWorker] Batches in cache: 7.
[16:05:37 - PWorker] 14.9% Done (0.8/5.6 Mbases) in 11.3s
[16:05:44 - PWorker] Batches in cache: 6.
[16:05:50 - PWorker] Batches in cache: 5.
[16:05:50 - PWorker] 44.7% Done (2.5/5.6 Mbases) in 24.7s
[16:06:01 - PWorker] Batches in cache: 4.
[16:06:01 - PWorker] 59.5% Done (3.3/5.6 Mbases) in 35.7s
[16:06:22 - PWorker] Batches in cache: 3.
[16:06:22 - PWorker] 74.4% Done (4.2/5.6 Mbases) in 56.7s
[16:06:30 - PWorker] Batches in cache: 2.
[16:06:35 - PWorker] Batches in cache: 1.
[16:06:35 - PWorker] 100.0% Done (5.6/5.6 Mbases) in 69.0s
[16:06:35 - PWorker] Processed 7 batches
[16:06:35 - PWorker] All done, 0 remainder regions.
[16:06:35 - Predict] Processing 9 short region(s).
[16:06:35 - Sampler] Initializing sampler for consensus of region 5:0-4946.
[16:06:35 - Sampler] Initializing sampler for consensus of region 6:0-3203.
[16:06:35 - PWorker] Running inference for 0.0M draft bases.
[16:06:35 - Sampler] Took 0.03s to make features.
[16:06:35 - Sampler] Initializing sampler for consensus of region 7:0-1585.
[16:06:35 - Sampler] Took 0.04s to make features.
[16:06:35 - Sampler] Initializing sampler for consensus of region 8:0-1154.
[16:06:35 - Sampler] Took 0.02s to make features.
[16:06:35 - Sampler] Took 0.12s to make features.
[16:06:35 - Sampler] Initializing sampler for consensus of region 9:0-1041.
[16:06:35 - Sampler] Initializing sampler for consensus of region 10:0-914.
[16:06:35 - Sampler] Took 0.05s to make features.
[16:06:35 - Sampler] Initializing sampler for consensus of region 11:0-599.
[16:06:35 - Sampler] Took 0.04s to make features.
[16:06:35 - Sampler] Initializing sampler for consensus of region 12:0-465.
[16:06:35 - Sampler] Took 0.04s to make features.
[16:06:35 - Sampler] Initializing sampler for consensus of region 13:0-216.
[16:06:35 - Sampler] Took 0.02s to make features.
[16:06:35 - Sampler] Took 0.11s to make features.
[16:06:35 - PWorker] Processed 0 batches
[16:06:35 - PWorker] All done, 0 remainder regions.
[16:06:35 - Predict] Finished processing all regions.
/data/djs217/miniconda3/envs/hybracter_env/lib/python3.11/site-packages/hybracter/workflow/conda/7aafc1085ca44eee01942c03ca74ecad_/lib/python3.11/site-packages/medaka/common.py:16: UserWarning: pkg_resources is deprecated as an API. See https://setuptools.pypa.io/en/latest/pkg_resources.html. The pkg_resources package is slated for removal as early as 2025-11-30. Refrain from using this package or pin to Setuptools<81.
  from pkg_resources import resource_filename
[16:06:37 - DataIndx] Loaded 1/1 (100.00%) sample files.
[16:06:38 - DataIndx] Loaded 1/1 (100.00%) sample files.
[16:06:38 - DataIndx] Loaded 1/1 (100.00%) sample files.
[16:06:38 - DataIndx] Loaded 1/1 (100.00%) sample files.
[16:06:38 - DataIndx] Loaded 1/1 (100.00%) sample files.
[16:06:38 - DataIndx] Loaded 1/1 (100.00%) sample files.
[16:06:38 - DataIndx] Loaded 1/1 (100.00%) sample files.
[16:06:38 - DataIndx] Loaded 1/1 (100.00%) sample files.
[16:06:38 - DataIndx] Loaded 1/1 (100.00%) sample files.
[16:06:38 - DataIndx] Loaded 1/1 (100.00%) sample files.
[16:06:38 - DataIndx] Loaded 1/1 (100.00%) sample files.
[16:06:38 - Stitcher] Copying contig '11' verbatim from input.
[16:06:38 - Stitcher] Copying contig '9' verbatim from input.
[16:06:38 - Stitcher] Copying contig '6' verbatim from input.
[16:06:38 - Stitcher] Copying contig '10' verbatim from input.
[16:06:38 - Stitcher] Copying contig '8' verbatim from input.
[16:06:38 - Stitcher] Copying contig '12' verbatim from input.
[16:06:38 - Stitcher] Copying contig '5' verbatim from input.
[16:06:38 - Stitcher] Copying contig '7' verbatim from input.
[16:06:38 - Stitcher] Copying contig '13' verbatim from input.
