/data/djs217/miniconda3/envs/hybracter_env/lib/python3.11/site-packages/hybracter/workflow/conda/7aafc1085ca44eee01942c03ca74ecad_/lib/python3.11/site-packages/medaka/common.py:16: UserWarning: pkg_resources is deprecated as an API. See https://setuptools.pypa.io/en/latest/pkg_resources.html. The pkg_resources package is slated for removal as early as 2025-11-30. Refrain from using this package or pin to Setuptools<81.
  from pkg_resources import resource_filename
/data/djs217/miniconda3/envs/hybracter_env/lib/python3.11/site-packages/hybracter/workflow/conda/7aafc1085ca44eee01942c03ca74ecad_/lib/python3.11/site-packages/medaka/common.py:16: UserWarning: pkg_resources is deprecated as an API. See https://setuptools.pypa.io/en/latest/pkg_resources.html. The pkg_resources package is slated for removal as early as 2025-11-30. Refrain from using this package or pin to Setuptools<81.
  from pkg_resources import resource_filename
/data/djs217/miniconda3/envs/hybracter_env/lib/python3.11/site-packages/hybracter/workflow/conda/7aafc1085ca44eee01942c03ca74ecad_/lib/python3.11/site-packages/medaka/common.py:16: UserWarning: pkg_resources is deprecated as an API. See https://setuptools.pypa.io/en/latest/pkg_resources.html. The pkg_resources package is slated for removal as early as 2025-11-30. Refrain from using this package or pin to Setuptools<81.
  from pkg_resources import resource_filename
[18:07:32 - MdlStrTGZ] Successfully removed temporary files from /tmp/tmposfc0m_j.
/data/djs217/miniconda3/envs/hybracter_env/lib/python3.11/site-packages/hybracter/workflow/conda/7aafc1085ca44eee01942c03ca74ecad_/lib/python3.11/site-packages/medaka/common.py:16: UserWarning: pkg_resources is deprecated as an API. See https://setuptools.pypa.io/en/latest/pkg_resources.html. The pkg_resources package is slated for removal as early as 2025-11-30. Refrain from using this package or pin to Setuptools<81.
  from pkg_resources import resource_filename
[18:07:34 - MdlStrTGZ] Successfully removed temporary files from /tmp/tmpe2js_wkv.
Creating fai index file /data/djs217/PROJECTS/assembling-bacterial-genomes/PRJNA988133-Xcc/hybracter-hybrid/processing/complete/dnaapler/WHRI_6056/WHRI_6056_reoriented_chrom_and_plasmids.fasta.fai
Creating mmi index file /data/djs217/PROJECTS/assembling-bacterial-genomes/PRJNA988133-Xcc/hybracter-hybrid/processing/complete/dnaapler/WHRI_6056/WHRI_6056_reoriented_chrom_and_plasmids.fasta.map-ont.mmi
[M::mm_idx_gen::0.187*1.02] collected minimizers
[M::mm_idx_gen::0.248*1.46] sorted minimizers
[M::main::0.314*1.37] loaded/built the index for 1 target sequence(s)
[M::mm_idx_stat] kmer size: 15; skip: 10; is_hpc: 0; #seq: 1
[M::mm_idx_stat::0.329*1.35] distinct minimizers: 867407 (94.53% are singletons); average occurrences: 1.080; average spacing: 5.363; total length: 5023794
[M::main] Version: 2.30-r1287
[M::main] CMD: minimap2 -I 16G -x map-ont -d /data/djs217/PROJECTS/assembling-bacterial-genomes/PRJNA988133-Xcc/hybracter-hybrid/processing/complete/dnaapler/WHRI_6056/WHRI_6056_reoriented_chrom_and_plasmids.fasta.map-ont.mmi /data/djs217/PROJECTS/assembling-bacterial-genomes/PRJNA988133-Xcc/hybracter-hybrid/processing/complete/dnaapler/WHRI_6056/WHRI_6056_reoriented_chrom_and_plasmids.fasta
[M::main] Real time: 0.337 sec; CPU: 0.452 sec; Peak RSS: 0.051 GB
[M::main::0.083*1.04] loaded/built the index for 1 target sequence(s)
[M::mm_mapopt_update::0.104*1.03] mid_occ = 16
[M::mm_idx_stat] kmer size: 15; skip: 10; is_hpc: 0; #seq: 1
[M::mm_idx_stat::0.119*1.03] distinct minimizers: 867407 (94.53% are singletons); average occurrences: 1.080; average spacing: 5.363; total length: 5023794
[M::worker_pipeline::6.541*6.69] mapped 12170 sequences
[M::main] Version: 2.30-r1287
[M::main] CMD: minimap2 -x map-ont --secondary=no -L --MD -A 2 -B 4 -O 4,24 -E 2,1 -t 12 -a /data/djs217/PROJECTS/assembling-bacterial-genomes/PRJNA988133-Xcc/hybracter-hybrid/processing/complete/dnaapler/WHRI_6056/WHRI_6056_reoriented_chrom_and_plasmids.fasta.map-ont.mmi /data/djs217/PROJECTS/assembling-bacterial-genomes/PRJNA988133-Xcc/hybracter-hybrid/processing/qc/WHRI_6056_filt_trim.fastq.gz
[M::main] Real time: 6.554 sec; CPU: 43.765 sec; Peak RSS: 1.934 GB
[bam_sort_core] merging from 0 files and 12 in-memory blocks...
/data/djs217/miniconda3/envs/hybracter_env/lib/python3.11/site-packages/hybracter/workflow/conda/7aafc1085ca44eee01942c03ca74ecad_/lib/python3.11/site-packages/medaka/common.py:16: UserWarning: pkg_resources is deprecated as an API. See https://setuptools.pypa.io/en/latest/pkg_resources.html. The pkg_resources package is slated for removal as early as 2025-11-30. Refrain from using this package or pin to Setuptools<81.
  from pkg_resources import resource_filename
[18:07:45 - Predict] Processing region(s): contig_1:0-5023794
[18:07:45 - Predict] Using model: /data/djs217/miniconda3/envs/hybracter_env/lib/python3.11/site-packages/hybracter/workflow/conda/7aafc1085ca44eee01942c03ca74ecad_/lib/python3.11/site-packages/medaka/data/r1041_e82_400bps_sup_v5.0.0_model_pt.tar.gz.
[18:07:45 - Predict] Using minimum mapQ threshold of 1 for read filtering.
[18:07:45 - MdlStrTGZ] Model GRUModel(
  (gru): GRU(10, 128, num_layers=2, batch_first=True, bidirectional=True)
  (linear): Linear(in_features=256, out_features=5, bias=True)
)
[18:07:45 - MdlStrTGZ] loading weights from /tmp/tmpmhf291bc/model/weights.pt
[18:07:45 - MdlStrTGZ] Successfully removed temporary files from /tmp/tmpmhf291bc.
[18:07:45 - Predict] Model device: cpu
[18:07:45 - Predict] Running prediction at full precision
[18:07:45 - BAMFile] Creating pool of 16 BAM file sets.
[18:07:45 - Predict] Processing 6 long region(s) with batching.
[18:07:45 - Sampler] Initializing sampler for consensus of region contig_1:0-1000000.
[18:07:45 - Sampler] Initializing sampler for consensus of region contig_1:999000-1999000.
[18:07:45 - PWorker] Running inference for 5.0M draft bases.
[18:07:46 - Feature] Processed contig_1:999000.0-1998999.0 (median depth 20.0)
[18:07:46 - Sampler] Took 1.51s to make features.
[18:07:46 - Sampler] Initializing sampler for consensus of region contig_1:1998000-2998000.
[18:07:46 - Feature] Processed contig_1:0.0-999999.0 (median depth 25.0)
[18:07:46 - Sampler] Took 1.53s to make features.
[18:07:46 - Sampler] Initializing sampler for consensus of region contig_1:2997000-3997000.
[18:07:47 - Feature] Processed contig_1:1998000.0-2997999.0 (median depth 19.0)
[18:07:47 - Sampler] Took 0.85s to make features.
[18:07:47 - Sampler] Initializing sampler for consensus of region contig_1:3996000-4996000.
[18:07:48 - Feature] Processed contig_1:2997000.0-3996999.0 (median depth 20.0)
[18:07:48 - Sampler] Took 1.08s to make features.
[18:07:48 - Sampler] Initializing sampler for consensus of region contig_1:4995000-5023794.
[18:07:48 - Feature] Processed contig_1:4995000.0-5023793.0 (median depth 21.0)
[18:07:48 - Sampler] Took 0.04s to make features.
[18:07:48 - Feature] Processed contig_1:3996000.0-4995999.0 (median depth 26.0)
[18:07:48 - Sampler] Took 0.86s to make features.
[18:07:55 - PWorker] Batches in cache: 7.
[18:07:55 - PWorker] 15.1% Done (0.8/5.0 Mbases) in 10.4s
[18:08:03 - PWorker] Batches in cache: 6.
[18:08:10 - PWorker] Batches in cache: 5.
[18:08:10 - PWorker] 44.7% Done (2.2/5.0 Mbases) in 25.0s
[18:08:17 - PWorker] Batches in cache: 4.
[18:08:24 - PWorker] Batches in cache: 3.
[18:08:24 - PWorker] 75.3% Done (3.8/5.0 Mbases) in 39.5s
[18:08:31 - PWorker] Batches in cache: 2.
[18:08:37 - PWorker] Batches in cache: 1.
[18:08:37 - PWorker] 100.0% Done (5.0/5.0 Mbases) in 51.8s
[18:08:37 - PWorker] Processed 7 batches
[18:08:37 - PWorker] All done, 0 remainder regions.
[18:08:37 - Predict] Finished processing all regions.
/data/djs217/miniconda3/envs/hybracter_env/lib/python3.11/site-packages/hybracter/workflow/conda/7aafc1085ca44eee01942c03ca74ecad_/lib/python3.11/site-packages/medaka/common.py:16: UserWarning: pkg_resources is deprecated as an API. See https://setuptools.pypa.io/en/latest/pkg_resources.html. The pkg_resources package is slated for removal as early as 2025-11-30. Refrain from using this package or pin to Setuptools<81.
  from pkg_resources import resource_filename
[18:08:39 - DataIndx] Loaded 1/1 (100.00%) sample files.
[18:08:40 - DataIndx] Loaded 1/1 (100.00%) sample files.
[18:08:40 - DataIndx] Loaded 1/1 (100.00%) sample files.
[18:08:40 - DataIndx] Loaded 1/1 (100.00%) sample files.
[18:08:40 - DataIndx] Loaded 1/1 (100.00%) sample files.
[18:08:40 - DataIndx] Loaded 1/1 (100.00%) sample files.
[18:08:40 - DataIndx] Loaded 1/1 (100.00%) sample files.
