/data/djs217/miniconda3/envs/hybracter_env/lib/python3.11/site-packages/hybracter/workflow/conda/7aafc1085ca44eee01942c03ca74ecad_/lib/python3.11/site-packages/medaka/common.py:16: UserWarning: pkg_resources is deprecated as an API. See https://setuptools.pypa.io/en/latest/pkg_resources.html. The pkg_resources package is slated for removal as early as 2025-11-30. Refrain from using this package or pin to Setuptools<81.
  from pkg_resources import resource_filename
/data/djs217/miniconda3/envs/hybracter_env/lib/python3.11/site-packages/hybracter/workflow/conda/7aafc1085ca44eee01942c03ca74ecad_/lib/python3.11/site-packages/medaka/common.py:16: UserWarning: pkg_resources is deprecated as an API. See https://setuptools.pypa.io/en/latest/pkg_resources.html. The pkg_resources package is slated for removal as early as 2025-11-30. Refrain from using this package or pin to Setuptools<81.
  from pkg_resources import resource_filename
/data/djs217/miniconda3/envs/hybracter_env/lib/python3.11/site-packages/hybracter/workflow/conda/7aafc1085ca44eee01942c03ca74ecad_/lib/python3.11/site-packages/medaka/common.py:16: UserWarning: pkg_resources is deprecated as an API. See https://setuptools.pypa.io/en/latest/pkg_resources.html. The pkg_resources package is slated for removal as early as 2025-11-30. Refrain from using this package or pin to Setuptools<81.
  from pkg_resources import resource_filename
[09:27:34 - MdlStrTGZ] Successfully removed temporary files from /tmp/tmpa2r6a_i5.
/data/djs217/miniconda3/envs/hybracter_env/lib/python3.11/site-packages/hybracter/workflow/conda/7aafc1085ca44eee01942c03ca74ecad_/lib/python3.11/site-packages/medaka/common.py:16: UserWarning: pkg_resources is deprecated as an API. See https://setuptools.pypa.io/en/latest/pkg_resources.html. The pkg_resources package is slated for removal as early as 2025-11-30. Refrain from using this package or pin to Setuptools<81.
  from pkg_resources import resource_filename
[09:27:36 - MdlStrTGZ] Successfully removed temporary files from /tmp/tmpsz_xfpax.
Creating fai index file /data/djs217/PROJECTS/xanthomonas-genome-assemblies/PRJNA1131460-maculifoliigardeniae/hybracter-hybrid/processing/complete/dnaapler/NCPPB_971/NCPPB_971_reoriented_chrom_and_plasmids.fasta.fai
Creating mmi index file /data/djs217/PROJECTS/xanthomonas-genome-assemblies/PRJNA1131460-maculifoliigardeniae/hybracter-hybrid/processing/complete/dnaapler/NCPPB_971/NCPPB_971_reoriented_chrom_and_plasmids.fasta.map-ont.mmi
[M::mm_idx_gen::0.166*1.02] collected minimizers
[M::mm_idx_gen::0.220*1.47] sorted minimizers
[M::main::0.283*1.37] loaded/built the index for 1 target sequence(s)
[M::mm_idx_stat] kmer size: 15; skip: 10; is_hpc: 0; #seq: 1
[M::mm_idx_stat::0.297*1.35] distinct minimizers: 856450 (94.95% are singletons); average occurrences: 1.063; average spacing: 5.353; total length: 4874445
[M::main] Version: 2.30-r1287
[M::main] CMD: minimap2 -I 16G -x map-ont -d /data/djs217/PROJECTS/xanthomonas-genome-assemblies/PRJNA1131460-maculifoliigardeniae/hybracter-hybrid/processing/complete/dnaapler/NCPPB_971/NCPPB_971_reoriented_chrom_and_plasmids.fasta.map-ont.mmi /data/djs217/PROJECTS/xanthomonas-genome-assemblies/PRJNA1131460-maculifoliigardeniae/hybracter-hybrid/processing/complete/dnaapler/NCPPB_971/NCPPB_971_reoriented_chrom_and_plasmids.fasta
[M::main] Real time: 0.302 sec; CPU: 0.406 sec; Peak RSS: 0.051 GB
[M::main::0.057*1.02] loaded/built the index for 1 target sequence(s)
[M::mm_mapopt_update::0.074*1.01] mid_occ = 10
[M::mm_idx_stat] kmer size: 15; skip: 10; is_hpc: 0; #seq: 1
[M::mm_idx_stat::0.086*1.01] distinct minimizers: 856450 (94.95% are singletons); average occurrences: 1.063; average spacing: 5.353; total length: 4874445
[M::worker_pipeline::15.142*7.80] mapped 56127 sequences
[M::main] Version: 2.30-r1287
[M::main] CMD: minimap2 -x map-ont --secondary=no -L --MD -A 2 -B 4 -O 4,24 -E 2,1 -t 12 -a /data/djs217/PROJECTS/xanthomonas-genome-assemblies/PRJNA1131460-maculifoliigardeniae/hybracter-hybrid/processing/complete/dnaapler/NCPPB_971/NCPPB_971_reoriented_chrom_and_plasmids.fasta.map-ont.mmi /data/djs217/PROJECTS/xanthomonas-genome-assemblies/PRJNA1131460-maculifoliigardeniae/hybracter-hybrid/processing/qc/NCPPB_971_filt_trim.fastq.gz
[M::main] Real time: 15.153 sec; CPU: 118.060 sec; Peak RSS: 1.751 GB
[bam_sort_core] merging from 0 files and 12 in-memory blocks...
/data/djs217/miniconda3/envs/hybracter_env/lib/python3.11/site-packages/hybracter/workflow/conda/7aafc1085ca44eee01942c03ca74ecad_/lib/python3.11/site-packages/medaka/common.py:16: UserWarning: pkg_resources is deprecated as an API. See https://setuptools.pypa.io/en/latest/pkg_resources.html. The pkg_resources package is slated for removal as early as 2025-11-30. Refrain from using this package or pin to Setuptools<81.
  from pkg_resources import resource_filename
[09:27:57 - Predict] Processing region(s): contig_1:0-4874445
[09:27:57 - Predict] Using model: /data/djs217/miniconda3/envs/hybracter_env/lib/python3.11/site-packages/hybracter/workflow/conda/7aafc1085ca44eee01942c03ca74ecad_/lib/python3.11/site-packages/medaka/data/r1041_e82_400bps_sup_v5.0.0_model_pt.tar.gz.
[09:27:57 - Predict] Using minimum mapQ threshold of 1 for read filtering.
[09:27:57 - MdlStrTGZ] Model GRUModel(
  (gru): GRU(10, 128, num_layers=2, batch_first=True, bidirectional=True)
  (linear): Linear(in_features=256, out_features=5, bias=True)
)
[09:27:57 - MdlStrTGZ] loading weights from /tmp/tmpsm4iaraa/model/weights.pt
[09:27:57 - MdlStrTGZ] Successfully removed temporary files from /tmp/tmpsm4iaraa.
[09:27:57 - Predict] Model device: cpu
[09:27:57 - Predict] Running prediction at full precision
[09:27:57 - BAMFile] Creating pool of 16 BAM file sets.
[09:27:57 - Predict] Processing 5 long region(s) with batching.
[09:27:57 - Sampler] Initializing sampler for consensus of region contig_1:0-1000000.
[09:27:57 - Sampler] Initializing sampler for consensus of region contig_1:999000-1999000.
[09:27:57 - PWorker] Running inference for 4.9M draft bases.
[09:27:59 - Feature] Processed contig_1:999000.0-1998999.0 (median depth 45.0)
[09:27:59 - Sampler] Took 1.53s to make features.
[09:27:59 - Sampler] Initializing sampler for consensus of region contig_1:1998000-2998000.
[09:27:59 - Feature] Processed contig_1:0.0-999999.0 (median depth 50.0)
[09:27:59 - Sampler] Took 1.72s to make features.
[09:27:59 - Sampler] Initializing sampler for consensus of region contig_1:2997000-3997000.
[09:28:00 - Feature] Processed contig_1:1998000.0-2997999.0 (median depth 41.0)
[09:28:00 - Sampler] Took 0.86s to make features.
[09:28:00 - Sampler] Initializing sampler for consensus of region contig_1:3996000-4874445.
[09:28:00 - Feature] Processed contig_1:2997000.0-3996999.0 (median depth 46.0)
[09:28:00 - Sampler] Took 1.14s to make features.
[09:28:01 - Feature] Processed contig_1:3996000.0-4874444.0 (median depth 52.0)
[09:28:01 - Sampler] Took 1.02s to make features.
[09:28:09 - PWorker] Batches in cache: 7.
[09:28:09 - PWorker] 15.5% Done (0.8/4.9 Mbases) in 11.7s
[09:28:16 - PWorker] Batches in cache: 6.
[09:28:23 - PWorker] Batches in cache: 5.
[09:28:23 - PWorker] 46.9% Done (2.3/4.9 Mbases) in 26.2s
[09:28:31 - PWorker] Batches in cache: 4.
[09:28:38 - PWorker] Batches in cache: 3.
[09:28:38 - PWorker] 78.7% Done (3.8/4.9 Mbases) in 40.8s
[09:28:45 - PWorker] Batches in cache: 2.
[09:28:49 - PWorker] 100.0% Done (4.9/4.9 Mbases) in 51.7s
[09:28:49 - PWorker] Processed 7 batches
[09:28:49 - PWorker] All done, 0 remainder regions.
[09:28:49 - Predict] Finished processing all regions.
/data/djs217/miniconda3/envs/hybracter_env/lib/python3.11/site-packages/hybracter/workflow/conda/7aafc1085ca44eee01942c03ca74ecad_/lib/python3.11/site-packages/medaka/common.py:16: UserWarning: pkg_resources is deprecated as an API. See https://setuptools.pypa.io/en/latest/pkg_resources.html. The pkg_resources package is slated for removal as early as 2025-11-30. Refrain from using this package or pin to Setuptools<81.
  from pkg_resources import resource_filename
[09:28:51 - DataIndx] Loaded 1/1 (100.00%) sample files.
[09:28:51 - DataIndx] Loaded 1/1 (100.00%) sample files.
[09:28:51 - DataIndx] Loaded 1/1 (100.00%) sample files.
[09:28:51 - DataIndx] Loaded 1/1 (100.00%) sample files.
[09:28:51 - DataIndx] Loaded 1/1 (100.00%) sample files.
[09:28:51 - DataIndx] Loaded 1/1 (100.00%) sample files.
