/data/djs217/miniconda3/envs/hybracter_env/lib/python3.11/site-packages/hybracter/workflow/conda/7aafc1085ca44eee01942c03ca74ecad_/lib/python3.11/site-packages/medaka/common.py:16: UserWarning: pkg_resources is deprecated as an API. See https://setuptools.pypa.io/en/latest/pkg_resources.html. The pkg_resources package is slated for removal as early as 2025-11-30. Refrain from using this package or pin to Setuptools<81.
  from pkg_resources import resource_filename
/data/djs217/miniconda3/envs/hybracter_env/lib/python3.11/site-packages/hybracter/workflow/conda/7aafc1085ca44eee01942c03ca74ecad_/lib/python3.11/site-packages/medaka/common.py:16: UserWarning: pkg_resources is deprecated as an API. See https://setuptools.pypa.io/en/latest/pkg_resources.html. The pkg_resources package is slated for removal as early as 2025-11-30. Refrain from using this package or pin to Setuptools<81.
  from pkg_resources import resource_filename
/data/djs217/miniconda3/envs/hybracter_env/lib/python3.11/site-packages/hybracter/workflow/conda/7aafc1085ca44eee01942c03ca74ecad_/lib/python3.11/site-packages/medaka/common.py:16: UserWarning: pkg_resources is deprecated as an API. See https://setuptools.pypa.io/en/latest/pkg_resources.html. The pkg_resources package is slated for removal as early as 2025-11-30. Refrain from using this package or pin to Setuptools<81.
  from pkg_resources import resource_filename
[09:03:44 - MdlStrTGZ] Successfully removed temporary files from /tmp/tmpbba9l73m.
/data/djs217/miniconda3/envs/hybracter_env/lib/python3.11/site-packages/hybracter/workflow/conda/7aafc1085ca44eee01942c03ca74ecad_/lib/python3.11/site-packages/medaka/common.py:16: UserWarning: pkg_resources is deprecated as an API. See https://setuptools.pypa.io/en/latest/pkg_resources.html. The pkg_resources package is slated for removal as early as 2025-11-30. Refrain from using this package or pin to Setuptools<81.
  from pkg_resources import resource_filename
[09:03:47 - MdlStrTGZ] Successfully removed temporary files from /tmp/tmpdt7bv77x.
Creating fai index file /data/djs217/PROJECTS/xanthomonas-genome-assemblies/PRJNA1131460-maculifoliigardeniae/hybracter-hybrid/processing/complete/dnaapler/NCPPB_972/NCPPB_972_reoriented_chrom_and_plasmids.fasta.fai
Creating mmi index file /data/djs217/PROJECTS/xanthomonas-genome-assemblies/PRJNA1131460-maculifoliigardeniae/hybracter-hybrid/processing/complete/dnaapler/NCPPB_972/NCPPB_972_reoriented_chrom_and_plasmids.fasta.map-ont.mmi
[M::mm_idx_gen::0.183*1.02] collected minimizers
[M::mm_idx_gen::0.252*1.48] sorted minimizers
[M::main::0.317*1.38] loaded/built the index for 2 target sequence(s)
[M::mm_idx_stat] kmer size: 15; skip: 10; is_hpc: 0; #seq: 2
[M::mm_idx_stat::0.332*1.36] distinct minimizers: 864402 (94.95% are singletons); average occurrences: 1.063; average spacing: 5.353; total length: 4919567
[M::main] Version: 2.30-r1287
[M::main] CMD: minimap2 -I 16G -x map-ont -d /data/djs217/PROJECTS/xanthomonas-genome-assemblies/PRJNA1131460-maculifoliigardeniae/hybracter-hybrid/processing/complete/dnaapler/NCPPB_972/NCPPB_972_reoriented_chrom_and_plasmids.fasta.map-ont.mmi /data/djs217/PROJECTS/xanthomonas-genome-assemblies/PRJNA1131460-maculifoliigardeniae/hybracter-hybrid/processing/complete/dnaapler/NCPPB_972/NCPPB_972_reoriented_chrom_and_plasmids.fasta
[M::main] Real time: 0.339 sec; CPU: 0.459 sec; Peak RSS: 0.048 GB
[M::main::0.080*1.04] loaded/built the index for 2 target sequence(s)
[M::mm_mapopt_update::0.100*1.03] mid_occ = 10
[M::mm_idx_stat] kmer size: 15; skip: 10; is_hpc: 0; #seq: 2
[M::mm_idx_stat::0.114*1.03] distinct minimizers: 864402 (94.95% are singletons); average occurrences: 1.063; average spacing: 5.353; total length: 4919567
[M::worker_pipeline::28.854*8.41] mapped 139982 sequences
[M::main] Version: 2.30-r1287
[M::main] CMD: minimap2 -x map-ont --secondary=no -L --MD -A 2 -B 4 -O 4,24 -E 2,1 -t 12 -a /data/djs217/PROJECTS/xanthomonas-genome-assemblies/PRJNA1131460-maculifoliigardeniae/hybracter-hybrid/processing/complete/dnaapler/NCPPB_972/NCPPB_972_reoriented_chrom_and_plasmids.fasta.map-ont.mmi /data/djs217/PROJECTS/xanthomonas-genome-assemblies/PRJNA1131460-maculifoliigardeniae/hybracter-hybrid/processing/qc/NCPPB_972_filt_trim.fastq.gz
[M::main] Real time: 28.869 sec; CPU: 242.597 sec; Peak RSS: 2.147 GB
[bam_sort_core] merging from 0 files and 12 in-memory blocks...
/data/djs217/miniconda3/envs/hybracter_env/lib/python3.11/site-packages/hybracter/workflow/conda/7aafc1085ca44eee01942c03ca74ecad_/lib/python3.11/site-packages/medaka/common.py:16: UserWarning: pkg_resources is deprecated as an API. See https://setuptools.pypa.io/en/latest/pkg_resources.html. The pkg_resources package is slated for removal as early as 2025-11-30. Refrain from using this package or pin to Setuptools<81.
  from pkg_resources import resource_filename
[09:04:26 - Predict] Processing region(s): contig_1:0-4873714 1:0-45853
[09:04:26 - Predict] Using model: /data/djs217/miniconda3/envs/hybracter_env/lib/python3.11/site-packages/hybracter/workflow/conda/7aafc1085ca44eee01942c03ca74ecad_/lib/python3.11/site-packages/medaka/data/r1041_e82_400bps_sup_v5.0.0_model_pt.tar.gz.
[09:04:26 - Predict] Using minimum mapQ threshold of 1 for read filtering.
[09:04:26 - MdlStrTGZ] Model GRUModel(
  (gru): GRU(10, 128, num_layers=2, batch_first=True, bidirectional=True)
  (linear): Linear(in_features=256, out_features=5, bias=True)
)
[09:04:26 - MdlStrTGZ] loading weights from /tmp/tmpfmkjor5x/model/weights.pt
[09:04:26 - MdlStrTGZ] Successfully removed temporary files from /tmp/tmpfmkjor5x.
[09:04:26 - Predict] Model device: cpu
[09:04:26 - Predict] Running prediction at full precision
[09:04:26 - BAMFile] Creating pool of 16 BAM file sets.
[09:04:26 - Predict] Processing 6 long region(s) with batching.
[09:04:26 - Sampler] Initializing sampler for consensus of region contig_1:0-1000000.
[09:04:26 - Sampler] Initializing sampler for consensus of region contig_1:999000-1999000.
[09:04:26 - PWorker] Running inference for 4.9M draft bases.
[09:04:27 - Feature] Processed contig_1:999000.0-1998999.1 (median depth 65.0)
[09:04:27 - Sampler] Took 1.77s to make features.
[09:04:27 - Sampler] Initializing sampler for consensus of region contig_1:1998000-2998000.
[09:04:27 - Feature] Processed contig_1:0.0-999999.0 (median depth 70.0)
[09:04:27 - Sampler] Took 1.78s to make features.
[09:04:27 - Sampler] Initializing sampler for consensus of region contig_1:2997000-3997000.
[09:04:29 - Feature] Processed contig_1:2997000.0-3996999.0 (median depth 63.0)
[09:04:29 - Sampler] Took 1.06s to make features.
[09:04:29 - Sampler] Initializing sampler for consensus of region contig_1:3996000-4873714.
[09:04:29 - Feature] Processed contig_1:1998000.0-2997999.0 (median depth 58.0)
[09:04:29 - Sampler] Took 1.14s to make features.
[09:04:29 - Sampler] Initializing sampler for consensus of region 1:0-45853.
[09:04:29 - Feature] Processed 1:0.0-45852.0 (median depth 229.0)
[09:04:29 - Sampler] Took 0.72s to make features.
[09:04:30 - Feature] Processed contig_1:3996000.0-4873713.0 (median depth 72.0)
[09:04:30 - Sampler] Took 1.25s to make features.
[09:04:38 - PWorker] Batches in cache: 7.
[09:04:38 - PWorker] 15.0% Done (0.7/4.9 Mbases) in 12.5s
[09:04:46 - PWorker] Batches in cache: 6.
[09:04:54 - PWorker] Batches in cache: 5.
[09:04:54 - PWorker] 45.1% Done (2.2/4.9 Mbases) in 28.7s
[09:05:02 - PWorker] Batches in cache: 4.
[09:05:09 - PWorker] Batches in cache: 3.
[09:05:09 - PWorker] 75.0% Done (3.7/4.9 Mbases) in 43.3s
[09:05:16 - PWorker] Batches in cache: 2.
[09:05:22 - PWorker] Batches in cache: 1.
[09:05:22 - PWorker] 100.0% Done (4.9/4.9 Mbases) in 56.3s
[09:05:22 - PWorker] Processed 7 batches
[09:05:22 - PWorker] All done, 0 remainder regions.
[09:05:22 - Predict] Finished processing all regions.
/data/djs217/miniconda3/envs/hybracter_env/lib/python3.11/site-packages/hybracter/workflow/conda/7aafc1085ca44eee01942c03ca74ecad_/lib/python3.11/site-packages/medaka/common.py:16: UserWarning: pkg_resources is deprecated as an API. See https://setuptools.pypa.io/en/latest/pkg_resources.html. The pkg_resources package is slated for removal as early as 2025-11-30. Refrain from using this package or pin to Setuptools<81.
  from pkg_resources import resource_filename
[09:05:25 - DataIndx] Loaded 1/1 (100.00%) sample files.
[09:05:25 - DataIndx] Loaded 1/1 (100.00%) sample files.
[09:05:25 - DataIndx] Loaded 1/1 (100.00%) sample files.
[09:05:25 - DataIndx] Loaded 1/1 (100.00%) sample files.
[09:05:25 - DataIndx] Loaded 1/1 (100.00%) sample files.
[09:05:25 - DataIndx] Loaded 1/1 (100.00%) sample files.
[09:05:25 - DataIndx] Loaded 1/1 (100.00%) sample files.
