/data/djs217/miniconda3/envs/hybracter_env/lib/python3.11/site-packages/hybracter/workflow/conda/7aafc1085ca44eee01942c03ca74ecad_/lib/python3.11/site-packages/medaka/common.py:16: UserWarning: pkg_resources is deprecated as an API. See https://setuptools.pypa.io/en/latest/pkg_resources.html. The pkg_resources package is slated for removal as early as 2025-11-30. Refrain from using this package or pin to Setuptools<81.
  from pkg_resources import resource_filename
/data/djs217/miniconda3/envs/hybracter_env/lib/python3.11/site-packages/hybracter/workflow/conda/7aafc1085ca44eee01942c03ca74ecad_/lib/python3.11/site-packages/medaka/common.py:16: UserWarning: pkg_resources is deprecated as an API. See https://setuptools.pypa.io/en/latest/pkg_resources.html. The pkg_resources package is slated for removal as early as 2025-11-30. Refrain from using this package or pin to Setuptools<81.
  from pkg_resources import resource_filename
/data/djs217/miniconda3/envs/hybracter_env/lib/python3.11/site-packages/hybracter/workflow/conda/7aafc1085ca44eee01942c03ca74ecad_/lib/python3.11/site-packages/medaka/common.py:16: UserWarning: pkg_resources is deprecated as an API. See https://setuptools.pypa.io/en/latest/pkg_resources.html. The pkg_resources package is slated for removal as early as 2025-11-30. Refrain from using this package or pin to Setuptools<81.
  from pkg_resources import resource_filename
[11:41:51 - MdlStrTGZ] Successfully removed temporary files from /tmp/tmp3yeisj20.
/data/djs217/miniconda3/envs/hybracter_env/lib/python3.11/site-packages/hybracter/workflow/conda/7aafc1085ca44eee01942c03ca74ecad_/lib/python3.11/site-packages/medaka/common.py:16: UserWarning: pkg_resources is deprecated as an API. See https://setuptools.pypa.io/en/latest/pkg_resources.html. The pkg_resources package is slated for removal as early as 2025-11-30. Refrain from using this package or pin to Setuptools<81.
  from pkg_resources import resource_filename
[11:41:53 - MdlStrTGZ] Successfully removed temporary files from /tmp/tmp0h2m3gnr.
Creating fai index file /data/djs217/PROJECTS/PRJNA1129555/hybracter-hybrid/processing/complete/dnaapler/NCPPB_3570/NCPPB_3570_reoriented_chrom_and_plasmids.fasta.fai
Creating mmi index file /data/djs217/PROJECTS/PRJNA1129555/hybracter-hybrid/processing/complete/dnaapler/NCPPB_3570/NCPPB_3570_reoriented_chrom_and_plasmids.fasta.map-ont.mmi
[M::mm_idx_gen::0.179*1.01] collected minimizers
[M::mm_idx_gen::0.264*1.52] sorted minimizers
[M::main::0.326*1.42] loaded/built the index for 1 target sequence(s)
[M::mm_idx_stat] kmer size: 15; skip: 10; is_hpc: 0; #seq: 1
[M::mm_idx_stat::0.341*1.41] distinct minimizers: 800834 (90.65% are singletons); average occurrences: 1.142; average spacing: 5.362; total length: 4905532
[M::main] Version: 2.30-r1287
[M::main] CMD: minimap2 -I 16G -x map-ont -d /data/djs217/PROJECTS/PRJNA1129555/hybracter-hybrid/processing/complete/dnaapler/NCPPB_3570/NCPPB_3570_reoriented_chrom_and_plasmids.fasta.map-ont.mmi /data/djs217/PROJECTS/PRJNA1129555/hybracter-hybrid/processing/complete/dnaapler/NCPPB_3570/NCPPB_3570_reoriented_chrom_and_plasmids.fasta
[M::main] Real time: 0.349 sec; CPU: 0.488 sec; Peak RSS: 0.050 GB
[M::main::0.059*1.03] loaded/built the index for 1 target sequence(s)
[M::mm_mapopt_update::0.078*1.02] mid_occ = 14
[M::mm_idx_stat] kmer size: 15; skip: 10; is_hpc: 0; #seq: 1
[M::mm_idx_stat::0.092*1.02] distinct minimizers: 800834 (90.65% are singletons); average occurrences: 1.142; average spacing: 5.362; total length: 4905532
[M::worker_pipeline::18.202*5.95] mapped 29817 sequences
[M::main] Version: 2.30-r1287
[M::main] CMD: minimap2 -x map-ont --secondary=no -L --MD -A 2 -B 4 -O 4,24 -E 2,1 -t 12 -a /data/djs217/PROJECTS/PRJNA1129555/hybracter-hybrid/processing/complete/dnaapler/NCPPB_3570/NCPPB_3570_reoriented_chrom_and_plasmids.fasta.map-ont.mmi /data/djs217/PROJECTS/PRJNA1129555/hybracter-hybrid/processing/qc/NCPPB_3570_filt_trim.fastq.gz
[M::main] Real time: 18.212 sec; CPU: 108.381 sec; Peak RSS: 2.633 GB
[bam_sort_core] merging from 0 files and 12 in-memory blocks...
/data/djs217/miniconda3/envs/hybracter_env/lib/python3.11/site-packages/hybracter/workflow/conda/7aafc1085ca44eee01942c03ca74ecad_/lib/python3.11/site-packages/medaka/common.py:16: UserWarning: pkg_resources is deprecated as an API. See https://setuptools.pypa.io/en/latest/pkg_resources.html. The pkg_resources package is slated for removal as early as 2025-11-30. Refrain from using this package or pin to Setuptools<81.
  from pkg_resources import resource_filename
[11:42:17 - Predict] Processing region(s): contig_1:0-4905532
[11:42:17 - Predict] Using model: /data/djs217/miniconda3/envs/hybracter_env/lib/python3.11/site-packages/hybracter/workflow/conda/7aafc1085ca44eee01942c03ca74ecad_/lib/python3.11/site-packages/medaka/data/r1041_e82_400bps_sup_v5.0.0_model_pt.tar.gz.
[11:42:17 - Predict] Using minimum mapQ threshold of 1 for read filtering.
[11:42:17 - MdlStrTGZ] Model GRUModel(
  (gru): GRU(10, 128, num_layers=2, batch_first=True, bidirectional=True)
  (linear): Linear(in_features=256, out_features=5, bias=True)
)
[11:42:17 - MdlStrTGZ] loading weights from /tmp/tmpyj0megty/model/weights.pt
[11:42:18 - MdlStrTGZ] Successfully removed temporary files from /tmp/tmpyj0megty.
[11:42:18 - Predict] Model device: cpu
[11:42:18 - Predict] Running prediction at full precision
[11:42:18 - BAMFile] Creating pool of 16 BAM file sets.
[11:42:18 - Predict] Processing 5 long region(s) with batching.
[11:42:18 - Sampler] Initializing sampler for consensus of region contig_1:0-1000000.
[11:42:18 - Sampler] Initializing sampler for consensus of region contig_1:999000-1999000.
[11:42:18 - PWorker] Running inference for 4.9M draft bases.
[11:42:20 - Feature] Processed contig_1:999000.0-1998999.1 (median depth 58.0)
[11:42:20 - Sampler] Took 2.83s to make features.
[11:42:20 - Sampler] Initializing sampler for consensus of region contig_1:1998000-2998000.
[11:42:20 - Feature] Processed contig_1:0.0-999999.0 (median depth 66.0)
[11:42:20 - Sampler] Took 2.96s to make features.
[11:42:20 - Sampler] Initializing sampler for consensus of region contig_1:2997000-3997000.
[11:42:22 - Feature] Processed contig_1:1998000.0-2997999.0 (median depth 56.0)
[11:42:22 - Sampler] Took 1.12s to make features.
[11:42:22 - Sampler] Initializing sampler for consensus of region contig_1:3996000-4905532.
[11:42:22 - Feature] Processed contig_1:2997000.0-3996999.1 (median depth 58.0)
[11:42:22 - Sampler] Took 1.23s to make features.
[11:42:23 - Feature] Processed contig_1:3996000.0-4905531.0 (median depth 67.0)
[11:42:23 - Sampler] Took 1.22s to make features.
[11:42:31 - PWorker] Batches in cache: 7.
[11:42:31 - PWorker] 15.7% Done (0.8/4.9 Mbases) in 13.9s
[11:42:39 - PWorker] Batches in cache: 6.
[11:42:47 - PWorker] Batches in cache: 5.
[11:42:47 - PWorker] 46.9% Done (2.3/4.9 Mbases) in 29.4s
[11:42:54 - PWorker] Batches in cache: 4.
[11:43:02 - PWorker] Batches in cache: 3.
[11:43:02 - PWorker] 78.8% Done (3.9/4.9 Mbases) in 44.0s
[11:43:09 - PWorker] Batches in cache: 2.
[11:43:12 - PWorker] 100.0% Done (4.9/4.9 Mbases) in 54.7s
[11:43:12 - PWorker] Processed 7 batches
[11:43:12 - PWorker] All done, 0 remainder regions.
[11:43:12 - Predict] Finished processing all regions.
/data/djs217/miniconda3/envs/hybracter_env/lib/python3.11/site-packages/hybracter/workflow/conda/7aafc1085ca44eee01942c03ca74ecad_/lib/python3.11/site-packages/medaka/common.py:16: UserWarning: pkg_resources is deprecated as an API. See https://setuptools.pypa.io/en/latest/pkg_resources.html. The pkg_resources package is slated for removal as early as 2025-11-30. Refrain from using this package or pin to Setuptools<81.
  from pkg_resources import resource_filename
[11:43:15 - DataIndx] Loaded 1/1 (100.00%) sample files.
[11:43:15 - DataIndx] Loaded 1/1 (100.00%) sample files.
[11:43:15 - DataIndx] Loaded 1/1 (100.00%) sample files.
[11:43:15 - DataIndx] Loaded 1/1 (100.00%) sample files.
[11:43:15 - DataIndx] Loaded 1/1 (100.00%) sample files.
[11:43:15 - DataIndx] Loaded 1/1 (100.00%) sample files.
