/data/djs217/miniconda3/envs/hybracter_env/lib/python3.11/site-packages/hybracter/workflow/conda/7aafc1085ca44eee01942c03ca74ecad_/lib/python3.11/site-packages/medaka/common.py:16: UserWarning: pkg_resources is deprecated as an API. See https://setuptools.pypa.io/en/latest/pkg_resources.html. The pkg_resources package is slated for removal as early as 2025-11-30. Refrain from using this package or pin to Setuptools<81.
  from pkg_resources import resource_filename
/data/djs217/miniconda3/envs/hybracter_env/lib/python3.11/site-packages/hybracter/workflow/conda/7aafc1085ca44eee01942c03ca74ecad_/lib/python3.11/site-packages/medaka/common.py:16: UserWarning: pkg_resources is deprecated as an API. See https://setuptools.pypa.io/en/latest/pkg_resources.html. The pkg_resources package is slated for removal as early as 2025-11-30. Refrain from using this package or pin to Setuptools<81.
  from pkg_resources import resource_filename
/data/djs217/miniconda3/envs/hybracter_env/lib/python3.11/site-packages/hybracter/workflow/conda/7aafc1085ca44eee01942c03ca74ecad_/lib/python3.11/site-packages/medaka/common.py:16: UserWarning: pkg_resources is deprecated as an API. See https://setuptools.pypa.io/en/latest/pkg_resources.html. The pkg_resources package is slated for removal as early as 2025-11-30. Refrain from using this package or pin to Setuptools<81.
  from pkg_resources import resource_filename
[08:19:21 - MdlStrTGZ] Successfully removed temporary files from /tmp/tmpw7spt0mk.
/data/djs217/miniconda3/envs/hybracter_env/lib/python3.11/site-packages/hybracter/workflow/conda/7aafc1085ca44eee01942c03ca74ecad_/lib/python3.11/site-packages/medaka/common.py:16: UserWarning: pkg_resources is deprecated as an API. See https://setuptools.pypa.io/en/latest/pkg_resources.html. The pkg_resources package is slated for removal as early as 2025-11-30. Refrain from using this package or pin to Setuptools<81.
  from pkg_resources import resource_filename
[08:19:22 - MdlStrTGZ] Successfully removed temporary files from /tmp/tmp9ffnsg85.
Creating fai index file /data/djs217/PROJECTS/PRJNA1129555/hybracter-hybrid/processing/complete/dnaapler/NCPPB_4037/NCPPB_4037_reoriented_chrom_and_plasmids.fasta.fai
Creating mmi index file /data/djs217/PROJECTS/PRJNA1129555/hybracter-hybrid/processing/complete/dnaapler/NCPPB_4037/NCPPB_4037_reoriented_chrom_and_plasmids.fasta.map-ont.mmi
[M::mm_idx_gen::0.174*1.01] collected minimizers
[M::mm_idx_gen::0.231*1.49] sorted minimizers
[M::main::0.295*1.38] loaded/built the index for 1 target sequence(s)
[M::mm_idx_stat] kmer size: 15; skip: 10; is_hpc: 0; #seq: 1
[M::mm_idx_stat::0.309*1.36] distinct minimizers: 898197 (94.50% are singletons); average occurrences: 1.076; average spacing: 5.359; total length: 5180132
[M::main] Version: 2.30-r1287
[M::main] CMD: minimap2 -I 16G -x map-ont -d /data/djs217/PROJECTS/PRJNA1129555/hybracter-hybrid/processing/complete/dnaapler/NCPPB_4037/NCPPB_4037_reoriented_chrom_and_plasmids.fasta.map-ont.mmi /data/djs217/PROJECTS/PRJNA1129555/hybracter-hybrid/processing/complete/dnaapler/NCPPB_4037/NCPPB_4037_reoriented_chrom_and_plasmids.fasta
[M::main] Real time: 0.314 sec; CPU: 0.426 sec; Peak RSS: 0.052 GB
[M::main::0.061*1.02] loaded/built the index for 1 target sequence(s)
[M::mm_mapopt_update::0.080*1.02] mid_occ = 16
[M::mm_idx_stat] kmer size: 15; skip: 10; is_hpc: 0; #seq: 1
[M::mm_idx_stat::0.093*1.01] distinct minimizers: 898197 (94.50% are singletons); average occurrences: 1.076; average spacing: 5.359; total length: 5180132
[M::worker_pipeline::47.717*3.40] mapped 16026 sequences
[M::main] Version: 2.30-r1287
[M::main] CMD: minimap2 -x map-ont --secondary=no -L --MD -A 2 -B 4 -O 4,24 -E 2,1 -t 12 -a /data/djs217/PROJECTS/PRJNA1129555/hybracter-hybrid/processing/complete/dnaapler/NCPPB_4037/NCPPB_4037_reoriented_chrom_and_plasmids.fasta.map-ont.mmi /data/djs217/PROJECTS/PRJNA1129555/hybracter-hybrid/processing/qc/NCPPB_4037_filt_trim.fastq.gz
[M::main] Real time: 47.734 sec; CPU: 162.240 sec; Peak RSS: 1.934 GB
[bam_sort_core] merging from 0 files and 12 in-memory blocks...
/data/djs217/miniconda3/envs/hybracter_env/lib/python3.11/site-packages/hybracter/workflow/conda/7aafc1085ca44eee01942c03ca74ecad_/lib/python3.11/site-packages/medaka/common.py:16: UserWarning: pkg_resources is deprecated as an API. See https://setuptools.pypa.io/en/latest/pkg_resources.html. The pkg_resources package is slated for removal as early as 2025-11-30. Refrain from using this package or pin to Setuptools<81.
  from pkg_resources import resource_filename
[08:20:19 - Predict] Processing region(s): contig_1:0-5180132
[08:20:19 - Predict] Using model: /data/djs217/miniconda3/envs/hybracter_env/lib/python3.11/site-packages/hybracter/workflow/conda/7aafc1085ca44eee01942c03ca74ecad_/lib/python3.11/site-packages/medaka/data/r1041_e82_400bps_sup_v5.0.0_model_pt.tar.gz.
[08:20:19 - Predict] Using minimum mapQ threshold of 1 for read filtering.
[08:20:19 - MdlStrTGZ] Model GRUModel(
  (gru): GRU(10, 128, num_layers=2, batch_first=True, bidirectional=True)
  (linear): Linear(in_features=256, out_features=5, bias=True)
)
[08:20:19 - MdlStrTGZ] loading weights from /tmp/tmpnexa0w2s/model/weights.pt
[08:20:19 - MdlStrTGZ] Successfully removed temporary files from /tmp/tmpnexa0w2s.
[08:20:19 - Predict] Model device: cpu
[08:20:19 - Predict] Running prediction at full precision
[08:20:19 - BAMFile] Creating pool of 16 BAM file sets.
[08:20:19 - Predict] Processing 6 long region(s) with batching.
[08:20:19 - Sampler] Initializing sampler for consensus of region contig_1:0-1000000.
[08:20:19 - Sampler] Initializing sampler for consensus of region contig_1:999000-1999000.
[08:20:19 - PWorker] Running inference for 5.2M draft bases.
[08:20:20 - Feature] Processed contig_1:0.0-999999.0 (median depth 96.0)
[08:20:20 - Sampler] Took 1.68s to make features.
[08:20:20 - Sampler] Initializing sampler for consensus of region contig_1:1998000-2998000.
[08:20:21 - Feature] Processed contig_1:999000.0-1998999.0 (median depth 81.0)
[08:20:21 - Sampler] Took 1.89s to make features.
[08:20:21 - Sampler] Initializing sampler for consensus of region contig_1:2997000-3997000.
[08:20:21 - Feature] Processed contig_1:1998000.0-2997999.0 (median depth 74.0)
[08:20:21 - Sampler] Took 1.13s to make features.
[08:20:21 - Sampler] Initializing sampler for consensus of region contig_1:3996000-4996000.
[08:20:22 - Feature] Processed contig_1:2997000.0-3996999.0 (median depth 77.0)
[08:20:22 - Sampler] Took 1.47s to make features.
[08:20:22 - Sampler] Initializing sampler for consensus of region contig_1:4995000-5180132.
[08:20:23 - Feature] Processed contig_1:4995000.0-5180131.0 (median depth 96.0)
[08:20:23 - Sampler] Took 0.60s to make features.
[08:20:23 - Feature] Processed contig_1:3996000.0-4995999.0 (median depth 93.0)
[08:20:23 - Sampler] Took 1.43s to make features.
[08:20:31 - PWorker] Batches in cache: 7.
[08:20:31 - PWorker] 15.6% Done (0.8/5.2 Mbases) in 11.9s
[08:20:37 - PWorker] Batches in cache: 6.
[08:20:44 - PWorker] Batches in cache: 5.
[08:20:44 - PWorker] 46.8% Done (2.4/5.2 Mbases) in 25.8s
[08:20:51 - PWorker] Batches in cache: 4.
[08:20:58 - PWorker] Batches in cache: 3.
[08:20:58 - PWorker] 78.1% Done (4.1/5.2 Mbases) in 39.7s
[08:21:05 - PWorker] Batches in cache: 2.
[08:21:09 - PWorker] 100.0% Done (5.2/5.2 Mbases) in 49.9s
[08:21:09 - PWorker] Processed 7 batches
[08:21:09 - PWorker] All done, 0 remainder regions.
[08:21:09 - Predict] Finished processing all regions.
/data/djs217/miniconda3/envs/hybracter_env/lib/python3.11/site-packages/hybracter/workflow/conda/7aafc1085ca44eee01942c03ca74ecad_/lib/python3.11/site-packages/medaka/common.py:16: UserWarning: pkg_resources is deprecated as an API. See https://setuptools.pypa.io/en/latest/pkg_resources.html. The pkg_resources package is slated for removal as early as 2025-11-30. Refrain from using this package or pin to Setuptools<81.
  from pkg_resources import resource_filename
[08:21:11 - DataIndx] Loaded 1/1 (100.00%) sample files.
[08:21:11 - DataIndx] Loaded 1/1 (100.00%) sample files.
[08:21:11 - DataIndx] Loaded 1/1 (100.00%) sample files.
[08:21:11 - DataIndx] Loaded 1/1 (100.00%) sample files.
[08:21:11 - DataIndx] Loaded 1/1 (100.00%) sample files.
[08:21:11 - DataIndx] Loaded 1/1 (100.00%) sample files.
[08:21:11 - DataIndx] Loaded 1/1 (100.00%) sample files.
