/data/djs217/miniconda3/envs/hybracter_env/lib/python3.11/site-packages/hybracter/workflow/conda/7aafc1085ca44eee01942c03ca74ecad_/lib/python3.11/site-packages/medaka/common.py:16: UserWarning: pkg_resources is deprecated as an API. See https://setuptools.pypa.io/en/latest/pkg_resources.html. The pkg_resources package is slated for removal as early as 2025-11-30. Refrain from using this package or pin to Setuptools<81.
  from pkg_resources import resource_filename
/data/djs217/miniconda3/envs/hybracter_env/lib/python3.11/site-packages/hybracter/workflow/conda/7aafc1085ca44eee01942c03ca74ecad_/lib/python3.11/site-packages/medaka/common.py:16: UserWarning: pkg_resources is deprecated as an API. See https://setuptools.pypa.io/en/latest/pkg_resources.html. The pkg_resources package is slated for removal as early as 2025-11-30. Refrain from using this package or pin to Setuptools<81.
  from pkg_resources import resource_filename
/data/djs217/miniconda3/envs/hybracter_env/lib/python3.11/site-packages/hybracter/workflow/conda/7aafc1085ca44eee01942c03ca74ecad_/lib/python3.11/site-packages/medaka/common.py:16: UserWarning: pkg_resources is deprecated as an API. See https://setuptools.pypa.io/en/latest/pkg_resources.html. The pkg_resources package is slated for removal as early as 2025-11-30. Refrain from using this package or pin to Setuptools<81.
  from pkg_resources import resource_filename
[10:01:50 - MdlStrTGZ] Successfully removed temporary files from /tmp/tmp49zz76_9.
/data/djs217/miniconda3/envs/hybracter_env/lib/python3.11/site-packages/hybracter/workflow/conda/7aafc1085ca44eee01942c03ca74ecad_/lib/python3.11/site-packages/medaka/common.py:16: UserWarning: pkg_resources is deprecated as an API. See https://setuptools.pypa.io/en/latest/pkg_resources.html. The pkg_resources package is slated for removal as early as 2025-11-30. Refrain from using this package or pin to Setuptools<81.
  from pkg_resources import resource_filename
[10:01:52 - MdlStrTGZ] Successfully removed temporary files from /tmp/tmpifdc0ra2.
Creating fai index file /data/djs217/PROJECTS/PRJNA1129555/hybracter-hybrid/processing/complete/dnaapler/NCPPB_3441/NCPPB_3441_reoriented_chrom_and_plasmids.fasta.fai
Creating mmi index file /data/djs217/PROJECTS/PRJNA1129555/hybracter-hybrid/processing/complete/dnaapler/NCPPB_3441/NCPPB_3441_reoriented_chrom_and_plasmids.fasta.map-ont.mmi
[M::mm_idx_gen::0.173*1.01] collected minimizers
[M::mm_idx_gen::0.237*1.50] sorted minimizers
[M::main::0.298*1.40] loaded/built the index for 2 target sequence(s)
[M::mm_idx_stat] kmer size: 15; skip: 10; is_hpc: 0; #seq: 2
[M::mm_idx_stat::0.312*1.38] distinct minimizers: 903700 (94.89% are singletons); average occurrences: 1.066; average spacing: 5.355; total length: 5160133
[M::main] Version: 2.30-r1287
[M::main] CMD: minimap2 -I 16G -x map-ont -d /data/djs217/PROJECTS/PRJNA1129555/hybracter-hybrid/processing/complete/dnaapler/NCPPB_3441/NCPPB_3441_reoriented_chrom_and_plasmids.fasta.map-ont.mmi /data/djs217/PROJECTS/PRJNA1129555/hybracter-hybrid/processing/complete/dnaapler/NCPPB_3441/NCPPB_3441_reoriented_chrom_and_plasmids.fasta
[M::main] Real time: 0.317 sec; CPU: 0.437 sec; Peak RSS: 0.053 GB
[M::main::0.062*1.02] loaded/built the index for 2 target sequence(s)
[M::mm_mapopt_update::0.080*1.02] mid_occ = 18
[M::mm_idx_stat] kmer size: 15; skip: 10; is_hpc: 0; #seq: 2
[M::mm_idx_stat::0.093*1.01] distinct minimizers: 903700 (94.89% are singletons); average occurrences: 1.066; average spacing: 5.355; total length: 5160133
[M::worker_pipeline::38.798*3.80] mapped 20780 sequences
[M::main] Version: 2.30-r1287
[M::main] CMD: minimap2 -x map-ont --secondary=no -L --MD -A 2 -B 4 -O 4,24 -E 2,1 -t 12 -a /data/djs217/PROJECTS/PRJNA1129555/hybracter-hybrid/processing/complete/dnaapler/NCPPB_3441/NCPPB_3441_reoriented_chrom_and_plasmids.fasta.map-ont.mmi /data/djs217/PROJECTS/PRJNA1129555/hybracter-hybrid/processing/qc/NCPPB_3441_filt_trim.fastq.gz
[M::main] Real time: 38.810 sec; CPU: 147.588 sec; Peak RSS: 2.124 GB
[bam_sort_core] merging from 0 files and 12 in-memory blocks...
/data/djs217/miniconda3/envs/hybracter_env/lib/python3.11/site-packages/hybracter/workflow/conda/7aafc1085ca44eee01942c03ca74ecad_/lib/python3.11/site-packages/medaka/common.py:16: UserWarning: pkg_resources is deprecated as an API. See https://setuptools.pypa.io/en/latest/pkg_resources.html. The pkg_resources package is slated for removal as early as 2025-11-30. Refrain from using this package or pin to Setuptools<81.
  from pkg_resources import resource_filename
[10:02:40 - Predict] Processing region(s): contig_2:0-5042196 1:0-117937
[10:02:40 - Predict] Using model: /data/djs217/miniconda3/envs/hybracter_env/lib/python3.11/site-packages/hybracter/workflow/conda/7aafc1085ca44eee01942c03ca74ecad_/lib/python3.11/site-packages/medaka/data/r1041_e82_400bps_sup_v5.0.0_model_pt.tar.gz.
[10:02:40 - Predict] Using minimum mapQ threshold of 1 for read filtering.
[10:02:40 - MdlStrTGZ] Model GRUModel(
  (gru): GRU(10, 128, num_layers=2, batch_first=True, bidirectional=True)
  (linear): Linear(in_features=256, out_features=5, bias=True)
)
[10:02:40 - MdlStrTGZ] loading weights from /tmp/tmpv74nj9kw/model/weights.pt
[10:02:40 - MdlStrTGZ] Successfully removed temporary files from /tmp/tmpv74nj9kw.
[10:02:40 - Predict] Model device: cpu
[10:02:40 - Predict] Running prediction at full precision
[10:02:40 - BAMFile] Creating pool of 16 BAM file sets.
[10:02:40 - Predict] Processing 7 long region(s) with batching.
[10:02:40 - Sampler] Initializing sampler for consensus of region contig_2:0-1000000.
[10:02:40 - Sampler] Initializing sampler for consensus of region contig_2:999000-1999000.
[10:02:40 - PWorker] Running inference for 5.2M draft bases.
[10:02:42 - Feature] Processed contig_2:0.0-999999.0 (median depth 95.0)
[10:02:42 - Sampler] Took 1.92s to make features.
[10:02:42 - Feature] Processed contig_2:999000.0-1998999.0 (median depth 82.0)
[10:02:42 - Sampler] Initializing sampler for consensus of region contig_2:1998000-2998000.
[10:02:42 - Sampler] Took 1.94s to make features.
[10:02:42 - Sampler] Initializing sampler for consensus of region contig_2:2997000-3997000.
[10:02:44 - Feature] Processed contig_2:1998000.0-2997999.0 (median depth 71.0)
[10:02:44 - Sampler] Took 1.19s to make features.
[10:02:44 - Sampler] Initializing sampler for consensus of region contig_2:3996000-4996000.
[10:02:44 - Feature] Processed contig_2:2997000.0-3996999.0 (median depth 80.0)
[10:02:44 - Sampler] Took 1.33s to make features.
[10:02:44 - Sampler] Initializing sampler for consensus of region contig_2:4995000-5042196.
[10:02:44 - Feature] Processed contig_2:4995000.0-5042195.0 (median depth 94.0)
[10:02:44 - Sampler] Took 0.30s to make features.
[10:02:44 - Sampler] Initializing sampler for consensus of region 1:0-117937.
[10:02:44 - Feature] Processed 1:0.0-117936.0 (median depth 94.0)
[10:02:44 - Sampler] Took 0.41s to make features.
[10:02:45 - Feature] Processed contig_2:3996000.0-4995999.0 (median depth 95.0)
[10:02:45 - Sampler] Took 1.37s to make features.
[10:02:53 - PWorker] Batches in cache: 7.
[10:02:53 - PWorker] 15.2% Done (0.8/5.2 Mbases) in 13.0s
[10:03:01 - PWorker] Batches in cache: 6.
[10:03:09 - PWorker] Batches in cache: 5.
[10:03:09 - PWorker] 45.3% Done (2.3/5.2 Mbases) in 28.2s
[10:03:16 - PWorker] Batches in cache: 4.
[10:03:23 - PWorker] Batches in cache: 3.
[10:03:23 - PWorker] 76.4% Done (3.9/5.2 Mbases) in 43.0s
[10:03:31 - PWorker] Batches in cache: 2.
[10:03:36 - PWorker] 100.0% Done (5.2/5.2 Mbases) in 55.4s
[10:03:36 - PWorker] Processed 7 batches
[10:03:36 - PWorker] All done, 0 remainder regions.
[10:03:36 - Predict] Finished processing all regions.
/data/djs217/miniconda3/envs/hybracter_env/lib/python3.11/site-packages/hybracter/workflow/conda/7aafc1085ca44eee01942c03ca74ecad_/lib/python3.11/site-packages/medaka/common.py:16: UserWarning: pkg_resources is deprecated as an API. See https://setuptools.pypa.io/en/latest/pkg_resources.html. The pkg_resources package is slated for removal as early as 2025-11-30. Refrain from using this package or pin to Setuptools<81.
  from pkg_resources import resource_filename
[10:03:38 - DataIndx] Loaded 1/1 (100.00%) sample files.
[10:03:38 - DataIndx] Loaded 1/1 (100.00%) sample files.
[10:03:38 - DataIndx] Loaded 1/1 (100.00%) sample files.
[10:03:38 - DataIndx] Loaded 1/1 (100.00%) sample files.
[10:03:38 - DataIndx] Loaded 1/1 (100.00%) sample files.
[10:03:38 - DataIndx] Loaded 1/1 (100.00%) sample files.
[10:03:38 - DataIndx] Loaded 1/1 (100.00%) sample files.
[10:03:38 - DataIndx] Loaded 1/1 (100.00%) sample files.
