/data/djs217/miniconda3/envs/hybracter_env/lib/python3.11/site-packages/hybracter/workflow/conda/7aafc1085ca44eee01942c03ca74ecad_/lib/python3.11/site-packages/medaka/common.py:16: UserWarning: pkg_resources is deprecated as an API. See https://setuptools.pypa.io/en/latest/pkg_resources.html. The pkg_resources package is slated for removal as early as 2025-11-30. Refrain from using this package or pin to Setuptools<81.
  from pkg_resources import resource_filename
/data/djs217/miniconda3/envs/hybracter_env/lib/python3.11/site-packages/hybracter/workflow/conda/7aafc1085ca44eee01942c03ca74ecad_/lib/python3.11/site-packages/medaka/common.py:16: UserWarning: pkg_resources is deprecated as an API. See https://setuptools.pypa.io/en/latest/pkg_resources.html. The pkg_resources package is slated for removal as early as 2025-11-30. Refrain from using this package or pin to Setuptools<81.
  from pkg_resources import resource_filename
/data/djs217/miniconda3/envs/hybracter_env/lib/python3.11/site-packages/hybracter/workflow/conda/7aafc1085ca44eee01942c03ca74ecad_/lib/python3.11/site-packages/medaka/common.py:16: UserWarning: pkg_resources is deprecated as an API. See https://setuptools.pypa.io/en/latest/pkg_resources.html. The pkg_resources package is slated for removal as early as 2025-11-30. Refrain from using this package or pin to Setuptools<81.
  from pkg_resources import resource_filename
[08:57:24 - MdlStrTGZ] Successfully removed temporary files from /tmp/tmpkaun3rqc.
/data/djs217/miniconda3/envs/hybracter_env/lib/python3.11/site-packages/hybracter/workflow/conda/7aafc1085ca44eee01942c03ca74ecad_/lib/python3.11/site-packages/medaka/common.py:16: UserWarning: pkg_resources is deprecated as an API. See https://setuptools.pypa.io/en/latest/pkg_resources.html. The pkg_resources package is slated for removal as early as 2025-11-30. Refrain from using this package or pin to Setuptools<81.
  from pkg_resources import resource_filename
[08:57:27 - MdlStrTGZ] Successfully removed temporary files from /tmp/tmpou2my72m.
Creating fai index file /data/djs217/PROJECTS/PRJNA1129555/hybracter-hybrid/processing/complete/dnaapler/NCPPB_3443/NCPPB_3443_reoriented_chrom_and_plasmids.fasta.fai
Creating mmi index file /data/djs217/PROJECTS/PRJNA1129555/hybracter-hybrid/processing/complete/dnaapler/NCPPB_3443/NCPPB_3443_reoriented_chrom_and_plasmids.fasta.map-ont.mmi
[M::mm_idx_gen::0.173*1.01] collected minimizers
[M::mm_idx_gen::0.226*1.47] sorted minimizers
[M::main::0.285*1.37] loaded/built the index for 2 target sequence(s)
[M::mm_idx_stat] kmer size: 15; skip: 10; is_hpc: 0; #seq: 2
[M::mm_idx_stat::0.298*1.35] distinct minimizers: 899072 (94.86% are singletons); average occurrences: 1.068; average spacing: 5.354; total length: 5140327
[M::main] Version: 2.30-r1287
[M::main] CMD: minimap2 -I 16G -x map-ont -d /data/djs217/PROJECTS/PRJNA1129555/hybracter-hybrid/processing/complete/dnaapler/NCPPB_3443/NCPPB_3443_reoriented_chrom_and_plasmids.fasta.map-ont.mmi /data/djs217/PROJECTS/PRJNA1129555/hybracter-hybrid/processing/complete/dnaapler/NCPPB_3443/NCPPB_3443_reoriented_chrom_and_plasmids.fasta
[M::main] Real time: 0.304 sec; CPU: 0.409 sec; Peak RSS: 0.053 GB
[M::main::0.060*1.02] loaded/built the index for 2 target sequence(s)
[M::mm_mapopt_update::0.077*1.02] mid_occ = 21
[M::mm_idx_stat] kmer size: 15; skip: 10; is_hpc: 0; #seq: 2
[M::mm_idx_stat::0.090*1.01] distinct minimizers: 899072 (94.86% are singletons); average occurrences: 1.068; average spacing: 5.354; total length: 5140327
[M::worker_pipeline::35.453*4.21] mapped 20969 sequences
[M::main] Version: 2.30-r1287
[M::main] CMD: minimap2 -x map-ont --secondary=no -L --MD -A 2 -B 4 -O 4,24 -E 2,1 -t 12 -a /data/djs217/PROJECTS/PRJNA1129555/hybracter-hybrid/processing/complete/dnaapler/NCPPB_3443/NCPPB_3443_reoriented_chrom_and_plasmids.fasta.map-ont.mmi /data/djs217/PROJECTS/PRJNA1129555/hybracter-hybrid/processing/qc/NCPPB_3443_filt_trim.fastq.gz
[M::main] Real time: 35.463 sec; CPU: 149.362 sec; Peak RSS: 1.688 GB
[bam_sort_core] merging from 0 files and 12 in-memory blocks...
/data/djs217/miniconda3/envs/hybracter_env/lib/python3.11/site-packages/hybracter/workflow/conda/7aafc1085ca44eee01942c03ca74ecad_/lib/python3.11/site-packages/medaka/common.py:16: UserWarning: pkg_resources is deprecated as an API. See https://setuptools.pypa.io/en/latest/pkg_resources.html. The pkg_resources package is slated for removal as early as 2025-11-30. Refrain from using this package or pin to Setuptools<81.
  from pkg_resources import resource_filename
[08:58:10 - Predict] Processing region(s): contig_1:0-5087395 1:0-52932
[08:58:10 - Predict] Using model: /data/djs217/miniconda3/envs/hybracter_env/lib/python3.11/site-packages/hybracter/workflow/conda/7aafc1085ca44eee01942c03ca74ecad_/lib/python3.11/site-packages/medaka/data/r1041_e82_400bps_sup_v5.0.0_model_pt.tar.gz.
[08:58:10 - Predict] Using minimum mapQ threshold of 1 for read filtering.
[08:58:10 - MdlStrTGZ] Model GRUModel(
  (gru): GRU(10, 128, num_layers=2, batch_first=True, bidirectional=True)
  (linear): Linear(in_features=256, out_features=5, bias=True)
)
[08:58:10 - MdlStrTGZ] loading weights from /tmp/tmpo_smyyvh/model/weights.pt
[08:58:10 - MdlStrTGZ] Successfully removed temporary files from /tmp/tmpo_smyyvh.
[08:58:10 - Predict] Model device: cpu
[08:58:10 - Predict] Running prediction at full precision
[08:58:10 - BAMFile] Creating pool of 16 BAM file sets.
[08:58:10 - Predict] Processing 7 long region(s) with batching.
[08:58:10 - Sampler] Initializing sampler for consensus of region contig_1:0-1000000.
[08:58:10 - Sampler] Initializing sampler for consensus of region contig_1:999000-1999000.
[08:58:10 - PWorker] Running inference for 5.1M draft bases.
[08:58:12 - Feature] Processed contig_1:0.0-999999.0 (median depth 97.0)
[08:58:12 - Sampler] Took 1.69s to make features.
[08:58:12 - Sampler] Initializing sampler for consensus of region contig_1:1998000-2998000.
[08:58:12 - Feature] Processed contig_1:999000.0-1998999.0 (median depth 84.0)
[08:58:12 - Sampler] Took 1.83s to make features.
[08:58:12 - Sampler] Initializing sampler for consensus of region contig_1:2997000-3997000.
[08:58:13 - Feature] Processed contig_1:1998000.0-2997999.0 (median depth 75.0)
[08:58:13 - Sampler] Took 1.31s to make features.
[08:58:13 - Sampler] Initializing sampler for consensus of region contig_1:3996000-4996000.
[08:58:13 - Feature] Processed contig_1:2997000.0-3996999.0 (median depth 85.0)
[08:58:13 - Sampler] Took 1.41s to make features.
[08:58:13 - Sampler] Initializing sampler for consensus of region contig_1:4995000-5087395.
[08:58:14 - Feature] Processed contig_1:4995000.0-5087394.0 (median depth 93.0)
[08:58:14 - Sampler] Took 0.55s to make features.
[08:58:14 - Sampler] Initializing sampler for consensus of region 1:0-52932.
[08:58:14 - Feature] Processed 1:0.0-52931.0 (median depth 16.0)
[08:58:14 - Sampler] Took 0.20s to make features.
[08:58:14 - Feature] Processed contig_1:3996000.0-4995999.1 (median depth 91.0)
[08:58:14 - Sampler] Took 1.38s to make features.
[08:58:22 - PWorker] Batches in cache: 7.
[08:58:22 - PWorker] 15.3% Done (0.8/5.1 Mbases) in 11.8s
[08:58:29 - PWorker] Batches in cache: 6.
[08:58:36 - PWorker] Batches in cache: 5.
[08:58:36 - PWorker] 46.0% Done (2.4/5.1 Mbases) in 26.0s
[08:58:43 - PWorker] Batches in cache: 4.
[08:58:51 - PWorker] Batches in cache: 3.
[08:58:51 - PWorker] 76.9% Done (4.0/5.1 Mbases) in 41.0s
[08:58:59 - PWorker] Batches in cache: 2.
[08:59:03 - PWorker] 100.0% Done (5.1/5.1 Mbases) in 52.9s
[08:59:03 - PWorker] Processed 7 batches
[08:59:03 - PWorker] All done, 0 remainder regions.
[08:59:03 - Predict] Finished processing all regions.
/data/djs217/miniconda3/envs/hybracter_env/lib/python3.11/site-packages/hybracter/workflow/conda/7aafc1085ca44eee01942c03ca74ecad_/lib/python3.11/site-packages/medaka/common.py:16: UserWarning: pkg_resources is deprecated as an API. See https://setuptools.pypa.io/en/latest/pkg_resources.html. The pkg_resources package is slated for removal as early as 2025-11-30. Refrain from using this package or pin to Setuptools<81.
  from pkg_resources import resource_filename
[08:59:05 - DataIndx] Loaded 1/1 (100.00%) sample files.
[08:59:05 - DataIndx] Loaded 1/1 (100.00%) sample files.
[08:59:05 - DataIndx] Loaded 1/1 (100.00%) sample files.
[08:59:05 - DataIndx] Loaded 1/1 (100.00%) sample files.
[08:59:05 - DataIndx] Loaded 1/1 (100.00%) sample files.
[08:59:05 - DataIndx] Loaded 1/1 (100.00%) sample files.
[08:59:05 - DataIndx] Loaded 1/1 (100.00%) sample files.
[08:59:05 - DataIndx] Loaded 1/1 (100.00%) sample files.
