
[1;4;93mStarting Polypolish polish[0m [2m(2026-03-22 18:30:20)[0m
[2m    Polypolish is a tool for polishing genome assemblies with short reads.
Unlike other tools in this category, Polypolish uses SAM files where each read
has been aligned to all possible locations (not just a single best location).
This allows it to repair errors in repeat regions that other alignment-based
polishers cannot fix.[0m

Polypolish version: 0.6.1

Input assembly:
  hybracter-hybrid/processing/complete/medaka_rd_2/NCPPB_552/consensus.fasta

Input short-read alignments:
  hybracter-hybrid/processing/complete/bwa/NCPPB_552_1.sam
  hybracter-hybrid/processing/complete/bwa/NCPPB_552_2.sam

Settings:
  --fraction_invalid 0.2
  --fraction_valid 0.5
  --max_errors 10
  --min_depth 5
  not logging debugging information


[1;4;93mLoading assembly[0m [2m(2026-03-22 18:30:20)[0m
contig_1 (4,808,936 bp)
1 (11,482 bp)


[1;4;93mLoading alignments[0m [2m(2026-03-22 18:30:21)[0m
hybracter-hybrid/processing/complete/bwa/NCPPB_552_1.sam: 13,189,031 alignments from 12,111,966 reads
hybracter-hybrid/processing/complete/bwa/NCPPB_552_2.sam: 13,192,247 alignments from 12,113,580 reads

Filtering for high-quality end-to-end alignments:
  25,243,201 alignments kept
  1,138,077 alignments discarded


[1;4;93mPolishing assembly sequences[0m [2m(2026-03-22 18:31:51)[0m
[2m    For each position in the assembly, Polypolish determines the read depth
at that position and collects all aligned bases. It then polishes the assembly
by looking for positions where the pileup unambiguously supports a different
sequence than the assembly.[0m

Polishing contig_1 (4,808,936 bp):
  mean read depth: 637.1x
  3 bp have a depth of zero (99.9999% coverage)
  1 position changed (0.0000% of total positions)
  estimated pre-polishing sequence accuracy: 100.0000% (Q66.82)

Polishing 1 (11,482 bp):
  mean read depth: 5951.5x
  2 bp have a depth of zero (99.9826% coverage)
  10 positions changed (0.0871% of total positions)
  estimated pre-polishing sequence accuracy: 99.9129% (Q30.60)


[1;4;93mFinished![0m [2m(2026-03-22 18:31:52)[0m
Polished sequence (to stdout):
  contig_1_polypolish (4,808,936 bp)
  1_polypolish (11,485 bp)

Time to run: 0:01:31.211656

