
[1;4;93mStarting Polypolish polish[0m [2m(2026-03-30 22:48:23)[0m
[2m    Polypolish is a tool for polishing genome assemblies with short reads.
Unlike other tools in this category, Polypolish uses SAM files where each read
has been aligned to all possible locations (not just a single best location).
This allows it to repair errors in repeat regions that other alignment-based
polishers cannot fix.[0m

Polypolish version: 0.6.1

Input assembly:
  hybracter-hybrid-misc2/processing/complete/medaka_rd_2/NCPPB_4634_dyei/consensus.fasta

Input short-read alignments:
  hybracter-hybrid-misc2/processing/complete/bwa/NCPPB_4634_dyei_1.sam
  hybracter-hybrid-misc2/processing/complete/bwa/NCPPB_4634_dyei_2.sam

Settings:
  --fraction_invalid 0.2
  --fraction_valid 0.5
  --max_errors 10
  --min_depth 5
  not logging debugging information


[1;4;93mLoading assembly[0m [2m(2026-03-30 22:48:23)[0m
1 (44,631 bp)
contig_1 (5,263,898 bp)


[1;4;93mLoading alignments[0m [2m(2026-03-30 22:48:23)[0m
hybracter-hybrid-misc2/processing/complete/bwa/NCPPB_4634_dyei_1.sam: 9,465,251 alignments from 8,531,948 reads
hybracter-hybrid-misc2/processing/complete/bwa/NCPPB_4634_dyei_2.sam: 9,469,662 alignments from 8,533,263 reads

Filtering for high-quality end-to-end alignments:
  18,321,056 alignments kept
  613,857 alignments discarded


[1;4;93mPolishing assembly sequences[0m [2m(2026-03-30 22:49:29)[0m
[2m    For each position in the assembly, Polypolish determines the read depth
at that position and collects all aligned bases. It then polishes the assembly
by looking for positions where the pileup unambiguously supports a different
sequence than the assembly.[0m

Polishing 1 (44,631 bp):
  mean read depth: 1654.2x
  2 bp have a depth of zero (99.9955% coverage)
  0 positions changed (0.0000% of total positions)
  estimated pre-polishing sequence accuracy: 100.0000% (Q∞)

Polishing contig_1 (5,263,898 bp):
  mean read depth: 397.2x
  2 bp have a depth of zero (100.0000% coverage)
  0 positions changed (0.0000% of total positions)
  estimated pre-polishing sequence accuracy: 100.0000% (Q∞)


[1;4;93mFinished![0m [2m(2026-03-30 22:49:30)[0m
Polished sequence (to stdout):
  1_polypolish (44,631 bp)
  contig_1_polypolish (5,263,898 bp)

Time to run: 0:01:07.318940

