
[1;4;93mStarting Polypolish polish[0m [2m(2026-03-30 21:21:20)[0m
[2m    Polypolish is a tool for polishing genome assemblies with short reads.
Unlike other tools in this category, Polypolish uses SAM files where each read
has been aligned to all possible locations (not just a single best location).
This allows it to repair errors in repeat regions that other alignment-based
polishers cannot fix.[0m

Polypolish version: 0.6.1

Input assembly:
  hybracter-hybrid-misc2/processing/complete/medaka_rd_2/NCPPB_2338_dyei/consensus.fasta

Input short-read alignments:
  hybracter-hybrid-misc2/processing/complete/bwa/NCPPB_2338_dyei_1.sam
  hybracter-hybrid-misc2/processing/complete/bwa/NCPPB_2338_dyei_2.sam

Settings:
  --fraction_invalid 0.2
  --fraction_valid 0.5
  --max_errors 10
  --min_depth 5
  not logging debugging information


[1;4;93mLoading assembly[0m [2m(2026-03-30 21:21:20)[0m
contig_1 (5,290,176 bp)


[1;4;93mLoading alignments[0m [2m(2026-03-30 21:21:21)[0m
hybracter-hybrid-misc2/processing/complete/bwa/NCPPB_2338_dyei_1.sam: 10,752,899 alignments from 9,719,983 reads
hybracter-hybrid-misc2/processing/complete/bwa/NCPPB_2338_dyei_2.sam: 10,756,235 alignments from 9,720,788 reads

Filtering for high-quality end-to-end alignments:
  20,851,381 alignments kept
  657,753 alignments discarded


[1;4;93mPolishing assembly sequences[0m [2m(2026-03-30 21:22:33)[0m
[2m    For each position in the assembly, Polypolish determines the read depth
at that position and collects all aligned bases. It then polishes the assembly
by looking for positions where the pileup unambiguously supports a different
sequence than the assembly.[0m

Polishing contig_1 (5,290,176 bp):
  mean read depth: 474.1x
  3 bp have a depth of zero (99.9999% coverage)
  2 positions changed (0.0000% of total positions)
  estimated pre-polishing sequence accuracy: 100.0000% (Q64.22)


[1;4;93mFinished![0m [2m(2026-03-30 21:22:34)[0m
Polished sequence (to stdout):
  contig_1_polypolish (5,290,175 bp)

Time to run: 0:01:13.581516

