/data/djs217/miniconda3/envs/hybracter_env/lib/python3.11/site-packages/hybracter/workflow/conda/7aafc1085ca44eee01942c03ca74ecad_/lib/python3.11/site-packages/medaka/common.py:16: UserWarning: pkg_resources is deprecated as an API. See https://setuptools.pypa.io/en/latest/pkg_resources.html. The pkg_resources package is slated for removal as early as 2025-11-30. Refrain from using this package or pin to Setuptools<81.
  from pkg_resources import resource_filename
/data/djs217/miniconda3/envs/hybracter_env/lib/python3.11/site-packages/hybracter/workflow/conda/7aafc1085ca44eee01942c03ca74ecad_/lib/python3.11/site-packages/medaka/common.py:16: UserWarning: pkg_resources is deprecated as an API. See https://setuptools.pypa.io/en/latest/pkg_resources.html. The pkg_resources package is slated for removal as early as 2025-11-30. Refrain from using this package or pin to Setuptools<81.
  from pkg_resources import resource_filename
/data/djs217/miniconda3/envs/hybracter_env/lib/python3.11/site-packages/hybracter/workflow/conda/7aafc1085ca44eee01942c03ca74ecad_/lib/python3.11/site-packages/medaka/common.py:16: UserWarning: pkg_resources is deprecated as an API. See https://setuptools.pypa.io/en/latest/pkg_resources.html. The pkg_resources package is slated for removal as early as 2025-11-30. Refrain from using this package or pin to Setuptools<81.
  from pkg_resources import resource_filename
[20:06:28 - MdlStrTGZ] Successfully removed temporary files from /tmp/tmpfcs_llgx.
/data/djs217/miniconda3/envs/hybracter_env/lib/python3.11/site-packages/hybracter/workflow/conda/7aafc1085ca44eee01942c03ca74ecad_/lib/python3.11/site-packages/medaka/common.py:16: UserWarning: pkg_resources is deprecated as an API. See https://setuptools.pypa.io/en/latest/pkg_resources.html. The pkg_resources package is slated for removal as early as 2025-11-30. Refrain from using this package or pin to Setuptools<81.
  from pkg_resources import resource_filename
[20:06:30 - MdlStrTGZ] Successfully removed temporary files from /tmp/tmpta2le9l0.
Creating fai index file /data/djs217/PROJECTS/xanthomonas-genome-assemblies/xanthomonas_march_2026/hybracter-hybrid-misc/processing/pre_polish/NCPPB_1594_nakataecorchorii_chromosome_plus_plasmids.fasta.fai
Creating mmi index file /data/djs217/PROJECTS/xanthomonas-genome-assemblies/xanthomonas_march_2026/hybracter-hybrid-misc/processing/pre_polish/NCPPB_1594_nakataecorchorii_chromosome_plus_plasmids.fasta.map-ont.mmi
[M::mm_idx_gen::0.183*1.00] collected minimizers
[M::mm_idx_gen::0.242*1.44] sorted minimizers
[M::main::0.305*1.35] loaded/built the index for 4 target sequence(s)
[M::mm_idx_stat] kmer size: 15; skip: 10; is_hpc: 0; #seq: 4
[M::mm_idx_stat::0.319*1.33] distinct minimizers: 890177 (94.50% are singletons); average occurrences: 1.091; average spacing: 5.353; total length: 5198062
[M::main] Version: 2.30-r1287
[M::main] CMD: minimap2 -I 16G -x map-ont -d /data/djs217/PROJECTS/xanthomonas-genome-assemblies/xanthomonas_march_2026/hybracter-hybrid-misc/processing/pre_polish/NCPPB_1594_nakataecorchorii_chromosome_plus_plasmids.fasta.map-ont.mmi /data/djs217/PROJECTS/xanthomonas-genome-assemblies/xanthomonas_march_2026/hybracter-hybrid-misc/processing/pre_polish/NCPPB_1594_nakataecorchorii_chromosome_plus_plasmids.fasta
[M::main] Real time: 0.325 sec; CPU: 0.431 sec; Peak RSS: 0.051 GB
[M::main::0.079*1.03] loaded/built the index for 4 target sequence(s)
[M::mm_mapopt_update::0.098*1.03] mid_occ = 42
[M::mm_idx_stat] kmer size: 15; skip: 10; is_hpc: 0; #seq: 4
[M::mm_idx_stat::0.111*1.02] distinct minimizers: 890177 (94.50% are singletons); average occurrences: 1.091; average spacing: 5.353; total length: 5198062
[M::worker_pipeline::28.128*6.25] mapped 26517 sequences
[M::main] Version: 2.30-r1287
[M::main] CMD: minimap2 -x map-ont --secondary=no -L --MD -A 2 -B 4 -O 4,24 -E 2,1 -t 12 -a /data/djs217/PROJECTS/xanthomonas-genome-assemblies/xanthomonas_march_2026/hybracter-hybrid-misc/processing/pre_polish/NCPPB_1594_nakataecorchorii_chromosome_plus_plasmids.fasta.map-ont.mmi /data/djs217/PROJECTS/xanthomonas-genome-assemblies/xanthomonas_march_2026/hybracter-hybrid-misc/processing/qc/NCPPB_1594_nakataecorchorii_filt_trim.fastq.gz
[M::main] Real time: 28.140 sec; CPU: 175.723 sec; Peak RSS: 1.771 GB
[bam_sort_core] merging from 0 files and 12 in-memory blocks...
/data/djs217/miniconda3/envs/hybracter_env/lib/python3.11/site-packages/hybracter/workflow/conda/7aafc1085ca44eee01942c03ca74ecad_/lib/python3.11/site-packages/medaka/common.py:16: UserWarning: pkg_resources is deprecated as an API. See https://setuptools.pypa.io/en/latest/pkg_resources.html. The pkg_resources package is slated for removal as early as 2025-11-30. Refrain from using this package or pin to Setuptools<81.
  from pkg_resources import resource_filename
[20:07:07 - Predict] Processing region(s): contig_2:0-5100751 1:0-46006 2:0-31298 3:0-20007
[20:07:07 - Predict] Using model: /data/djs217/miniconda3/envs/hybracter_env/lib/python3.11/site-packages/hybracter/workflow/conda/7aafc1085ca44eee01942c03ca74ecad_/lib/python3.11/site-packages/medaka/data/r1041_e82_400bps_sup_v5.0.0_model_pt.tar.gz.
[20:07:07 - Predict] Using minimum mapQ threshold of 1 for read filtering.
[20:07:07 - MdlStrTGZ] Model GRUModel(
  (gru): GRU(10, 128, num_layers=2, batch_first=True, bidirectional=True)
  (linear): Linear(in_features=256, out_features=5, bias=True)
)
[20:07:07 - MdlStrTGZ] loading weights from /tmp/tmp0ih162qg/model/weights.pt
[20:07:07 - MdlStrTGZ] Successfully removed temporary files from /tmp/tmp0ih162qg.
[20:07:07 - Predict] Model device: cpu
[20:07:07 - Predict] Running prediction at full precision
[20:07:07 - BAMFile] Creating pool of 16 BAM file sets.
[20:07:07 - Predict] Processing 9 long region(s) with batching.
[20:07:07 - Sampler] Initializing sampler for consensus of region contig_2:0-1000000.
[20:07:07 - Sampler] Initializing sampler for consensus of region contig_2:999000-1999000.
[20:07:07 - PWorker] Running inference for 5.2M draft bases.
[20:07:10 - Feature] Processed contig_2:0.0-999999.0 (median depth 85.0)
[20:07:10 - Sampler] Took 2.39s to make features.
[20:07:10 - Sampler] Initializing sampler for consensus of region contig_2:1998000-2998000.
[20:07:10 - Feature] Processed contig_2:999000.0-1998999.0 (median depth 90.0)
[20:07:10 - Sampler] Took 2.67s to make features.
[20:07:10 - Sampler] Initializing sampler for consensus of region contig_2:2997000-3997000.
[20:07:11 - Feature] Processed contig_2:1998000.0-2997999.0 (median depth 87.0)
[20:07:11 - Sampler] Took 1.82s to make features.
[20:07:11 - Sampler] Initializing sampler for consensus of region contig_2:3996000-4996000.
[20:07:12 - Feature] Processed contig_2:2997000.0-3996999.0 (median depth 79.0)
[20:07:12 - Sampler] Took 1.66s to make features.
[20:07:12 - Sampler] Initializing sampler for consensus of region contig_2:4995000-5100751.
[20:07:12 - Feature] Processed contig_2:4995000.0-5100750.0 (median depth 84.0)
[20:07:12 - Sampler] Took 0.65s to make features.
[20:07:12 - Sampler] Initializing sampler for consensus of region 1:0-46006.
[20:07:12 - Feature] Processed 1:0.0-46005.0 (median depth 60.0)
[20:07:12 - Sampler] Took 0.17s to make features.
[20:07:12 - Sampler] Initializing sampler for consensus of region 2:0-31298.
[20:07:12 - Feature] Processed 2:0.0-31297.0 (median depth 67.0)
[20:07:12 - Sampler] Took 0.07s to make features.
[20:07:12 - Sampler] Initializing sampler for consensus of region 3:0-20007.
[20:07:13 - Feature] Processed 3:0.0-20006.0 (median depth 49.0)
[20:07:13 - Sampler] Took 0.17s to make features.
[20:07:13 - Feature] Processed contig_2:3996000.0-4995999.0 (median depth 81.0)
[20:07:13 - Sampler] Took 1.48s to make features.
[20:07:20 - PWorker] Batches in cache: 7.
[20:07:20 - PWorker] 16.1% Done (0.8/5.2 Mbases) in 12.3s
[20:07:27 - PWorker] Batches in cache: 6.
[20:07:34 - PWorker] Batches in cache: 5.
[20:07:34 - PWorker] 47.9% Done (2.5/5.2 Mbases) in 26.6s
[20:07:41 - PWorker] Batches in cache: 4.
[20:07:48 - PWorker] Batches in cache: 3.
[20:07:48 - PWorker] 80.2% Done (4.2/5.2 Mbases) in 40.8s
[20:08:14 - PWorker] Batches in cache: 2.
[20:08:14 - PWorker] 96.3% Done (5.0/5.2 Mbases) in 67.0s
[20:08:17 - PWorker] Processed 7 batches
[20:08:17 - PWorker] All done, 0 remainder regions.
[20:08:17 - Predict] Finished processing all regions.
/data/djs217/miniconda3/envs/hybracter_env/lib/python3.11/site-packages/hybracter/workflow/conda/7aafc1085ca44eee01942c03ca74ecad_/lib/python3.11/site-packages/medaka/common.py:16: UserWarning: pkg_resources is deprecated as an API. See https://setuptools.pypa.io/en/latest/pkg_resources.html. The pkg_resources package is slated for removal as early as 2025-11-30. Refrain from using this package or pin to Setuptools<81.
  from pkg_resources import resource_filename
[20:08:19 - DataIndx] Loaded 1/1 (100.00%) sample files.
[20:08:19 - DataIndx] Loaded 1/1 (100.00%) sample files.
[20:08:19 - DataIndx] Loaded 1/1 (100.00%) sample files.
[20:08:19 - DataIndx] Loaded 1/1 (100.00%) sample files.
[20:08:19 - DataIndx] Loaded 1/1 (100.00%) sample files.
[20:08:19 - DataIndx] Loaded 1/1 (100.00%) sample files.
[20:08:19 - DataIndx] Loaded 1/1 (100.00%) sample files.
[20:08:19 - DataIndx] Loaded 1/1 (100.00%) sample files.
[20:08:19 - DataIndx] Loaded 1/1 (100.00%) sample files.
[20:08:19 - DataIndx] Loaded 1/1 (100.00%) sample files.
