/data/djs217/miniconda3/envs/hybracter_env/lib/python3.11/site-packages/hybracter/workflow/conda/7aafc1085ca44eee01942c03ca74ecad_/lib/python3.11/site-packages/medaka/common.py:16: UserWarning: pkg_resources is deprecated as an API. See https://setuptools.pypa.io/en/latest/pkg_resources.html. The pkg_resources package is slated for removal as early as 2025-11-30. Refrain from using this package or pin to Setuptools<81.
  from pkg_resources import resource_filename
/data/djs217/miniconda3/envs/hybracter_env/lib/python3.11/site-packages/hybracter/workflow/conda/7aafc1085ca44eee01942c03ca74ecad_/lib/python3.11/site-packages/medaka/common.py:16: UserWarning: pkg_resources is deprecated as an API. See https://setuptools.pypa.io/en/latest/pkg_resources.html. The pkg_resources package is slated for removal as early as 2025-11-30. Refrain from using this package or pin to Setuptools<81.
  from pkg_resources import resource_filename
/data/djs217/miniconda3/envs/hybracter_env/lib/python3.11/site-packages/hybracter/workflow/conda/7aafc1085ca44eee01942c03ca74ecad_/lib/python3.11/site-packages/medaka/common.py:16: UserWarning: pkg_resources is deprecated as an API. See https://setuptools.pypa.io/en/latest/pkg_resources.html. The pkg_resources package is slated for removal as early as 2025-11-30. Refrain from using this package or pin to Setuptools<81.
  from pkg_resources import resource_filename
[10:02:09 - MdlStrTGZ] Successfully removed temporary files from /tmp/tmplympf77v.
/data/djs217/miniconda3/envs/hybracter_env/lib/python3.11/site-packages/hybracter/workflow/conda/7aafc1085ca44eee01942c03ca74ecad_/lib/python3.11/site-packages/medaka/common.py:16: UserWarning: pkg_resources is deprecated as an API. See https://setuptools.pypa.io/en/latest/pkg_resources.html. The pkg_resources package is slated for removal as early as 2025-11-30. Refrain from using this package or pin to Setuptools<81.
  from pkg_resources import resource_filename
[10:02:11 - MdlStrTGZ] Successfully removed temporary files from /tmp/tmpmybkry7g.
Creating fai index file /data/djs217/PROJECTS/xanthomonas-genome-assemblies/xanthomonas_march_2026/hybracter-hybrid-clade_1/processing/pre_polish/NCPPB_1131_chromosome_plus_plasmids.fasta.fai
Creating mmi index file /data/djs217/PROJECTS/xanthomonas-genome-assemblies/xanthomonas_march_2026/hybracter-hybrid-clade_1/processing/pre_polish/NCPPB_1131_chromosome_plus_plasmids.fasta.map-ont.mmi
[M::mm_idx_gen::0.123*0.95] collected minimizers
[M::mm_idx_gen::0.204*1.00] sorted minimizers
[M::main::0.246*0.98] loaded/built the index for 1 target sequence(s)
[M::mm_idx_stat] kmer size: 15; skip: 10; is_hpc: 0; #seq: 1
[M::mm_idx_stat::0.258*0.98] distinct minimizers: 799248 (90.83% are singletons); average occurrences: 1.137; average spacing: 5.358; total length: 4869967
[M::main] Version: 2.30-r1287
[M::main] CMD: minimap2 -I 16G -x map-ont -d /data/djs217/PROJECTS/xanthomonas-genome-assemblies/xanthomonas_march_2026/hybracter-hybrid-clade_1/processing/pre_polish/NCPPB_1131_chromosome_plus_plasmids.fasta.map-ont.mmi /data/djs217/PROJECTS/xanthomonas-genome-assemblies/xanthomonas_march_2026/hybracter-hybrid-clade_1/processing/pre_polish/NCPPB_1131_chromosome_plus_plasmids.fasta
[M::main] Real time: 0.264 sec; CPU: 0.259 sec; Peak RSS: 0.046 GB
[M::main::0.066*0.79] loaded/built the index for 1 target sequence(s)
[M::mm_mapopt_update::0.086*0.80] mid_occ = 13
[M::mm_idx_stat] kmer size: 15; skip: 10; is_hpc: 0; #seq: 1
[M::mm_idx_stat::0.098*0.81] distinct minimizers: 799248 (90.83% are singletons); average occurrences: 1.137; average spacing: 5.358; total length: 4869967
[M::worker_pipeline::29.495*4.97] mapped 20406 sequences
[M::main] Version: 2.30-r1287
[M::main] CMD: minimap2 -x map-ont --secondary=no -L --MD -A 2 -B 4 -O 4,24 -E 2,1 -t 12 -a /data/djs217/PROJECTS/xanthomonas-genome-assemblies/xanthomonas_march_2026/hybracter-hybrid-clade_1/processing/pre_polish/NCPPB_1131_chromosome_plus_plasmids.fasta.map-ont.mmi /data/djs217/PROJECTS/xanthomonas-genome-assemblies/xanthomonas_march_2026/hybracter-hybrid-clade_1/processing/qc/NCPPB_1131_filt_trim.fastq.gz
[M::main] Real time: 29.506 sec; CPU: 146.528 sec; Peak RSS: 2.279 GB
[bam_sort_core] merging from 0 files and 12 in-memory blocks...
/data/djs217/miniconda3/envs/hybracter_env/lib/python3.11/site-packages/hybracter/workflow/conda/7aafc1085ca44eee01942c03ca74ecad_/lib/python3.11/site-packages/medaka/common.py:16: UserWarning: pkg_resources is deprecated as an API. See https://setuptools.pypa.io/en/latest/pkg_resources.html. The pkg_resources package is slated for removal as early as 2025-11-30. Refrain from using this package or pin to Setuptools<81.
  from pkg_resources import resource_filename
[10:02:58 - Predict] Processing region(s): contig_1:0-4869967
[10:02:58 - Predict] Using model: /data/djs217/miniconda3/envs/hybracter_env/lib/python3.11/site-packages/hybracter/workflow/conda/7aafc1085ca44eee01942c03ca74ecad_/lib/python3.11/site-packages/medaka/data/r1041_e82_400bps_sup_v5.0.0_model_pt.tar.gz.
[10:02:58 - Predict] Using minimum mapQ threshold of 1 for read filtering.
[10:02:58 - MdlStrTGZ] Model GRUModel(
  (gru): GRU(10, 128, num_layers=2, batch_first=True, bidirectional=True)
  (linear): Linear(in_features=256, out_features=5, bias=True)
)
[10:02:58 - MdlStrTGZ] loading weights from /tmp/tmpc9ikqzme/model/weights.pt
[10:02:59 - MdlStrTGZ] Successfully removed temporary files from /tmp/tmpc9ikqzme.
[10:02:59 - Predict] Model device: cpu
[10:02:59 - Predict] Running prediction at full precision
[10:02:59 - BAMFile] Creating pool of 16 BAM file sets.
[10:02:59 - Predict] Processing 5 long region(s) with batching.
[10:02:59 - Sampler] Initializing sampler for consensus of region contig_1:0-1000000.
[10:02:59 - Sampler] Initializing sampler for consensus of region contig_1:999000-1999000.
[10:02:59 - PWorker] Running inference for 4.9M draft bases.
[10:03:01 - Feature] Processed contig_1:999000.0-1998999.0 (median depth 90.0)
[10:03:01 - Sampler] Took 2.90s to make features.
[10:03:01 - Sampler] Initializing sampler for consensus of region contig_1:1998000-2998000.
[10:03:02 - Feature] Processed contig_1:0.0-999999.0 (median depth 94.0)
[10:03:02 - Sampler] Took 3.22s to make features.
[10:03:02 - Sampler] Initializing sampler for consensus of region contig_1:2997000-3997000.
[10:03:05 - Feature] Processed contig_1:1998000.0-2997999.0 (median depth 90.0)
[10:03:05 - Sampler] Took 3.40s to make features.
[10:03:05 - Sampler] Initializing sampler for consensus of region contig_1:3996000-4869967.
[10:03:05 - Feature] Processed contig_1:2997000.0-3996999.0 (median depth 94.0)
[10:03:05 - Sampler] Took 3.16s to make features.
[10:03:06 - Feature] Processed contig_1:3996000.0-4869966.0 (median depth 94.0)
[10:03:06 - Sampler] Took 1.61s to make features.
[10:03:40 - PWorker] Batches in cache: 7.
[10:03:40 - PWorker] 15.4% Done (0.8/4.9 Mbases) in 41.1s
[10:03:51 - PWorker] Batches in cache: 6.
[10:03:51 - PWorker] 31.8% Done (1.6/4.9 Mbases) in 52.1s
[10:04:02 - PWorker] Batches in cache: 5.
[10:04:02 - PWorker] 47.8% Done (2.3/4.9 Mbases) in 63.4s
[10:04:12 - PWorker] Batches in cache: 4.
[10:04:12 - PWorker] 63.0% Done (3.1/4.9 Mbases) in 73.7s
[10:04:22 - PWorker] Batches in cache: 3.
[10:04:22 - PWorker] 79.2% Done (3.9/4.9 Mbases) in 83.8s
[10:04:56 - PWorker] Batches in cache: 2.
[10:04:56 - PWorker] 95.3% Done (4.6/4.9 Mbases) in 117.5s
[10:05:13 - PWorker] Batches in cache: 1.
[10:05:13 - PWorker] 100.0% Done (4.9/4.9 Mbases) in 134.8s
[10:05:13 - PWorker] Processed 7 batches
[10:05:13 - PWorker] All done, 0 remainder regions.
[10:05:13 - Predict] Finished processing all regions.
/data/djs217/miniconda3/envs/hybracter_env/lib/python3.11/site-packages/hybracter/workflow/conda/7aafc1085ca44eee01942c03ca74ecad_/lib/python3.11/site-packages/medaka/common.py:16: UserWarning: pkg_resources is deprecated as an API. See https://setuptools.pypa.io/en/latest/pkg_resources.html. The pkg_resources package is slated for removal as early as 2025-11-30. Refrain from using this package or pin to Setuptools<81.
  from pkg_resources import resource_filename
[10:05:15 - DataIndx] Loaded 1/1 (100.00%) sample files.
[10:05:16 - DataIndx] Loaded 1/1 (100.00%) sample files.
[10:05:16 - DataIndx] Loaded 1/1 (100.00%) sample files.
[10:05:16 - DataIndx] Loaded 1/1 (100.00%) sample files.
[10:05:16 - DataIndx] Loaded 1/1 (100.00%) sample files.
[10:05:16 - DataIndx] Loaded 1/1 (100.00%) sample files.
