/data/djs217/miniconda3/envs/hybracter_env/lib/python3.11/site-packages/hybracter/workflow/conda/7aafc1085ca44eee01942c03ca74ecad_/lib/python3.11/site-packages/medaka/common.py:16: UserWarning: pkg_resources is deprecated as an API. See https://setuptools.pypa.io/en/latest/pkg_resources.html. The pkg_resources package is slated for removal as early as 2025-11-30. Refrain from using this package or pin to Setuptools<81.
  from pkg_resources import resource_filename
/data/djs217/miniconda3/envs/hybracter_env/lib/python3.11/site-packages/hybracter/workflow/conda/7aafc1085ca44eee01942c03ca74ecad_/lib/python3.11/site-packages/medaka/common.py:16: UserWarning: pkg_resources is deprecated as an API. See https://setuptools.pypa.io/en/latest/pkg_resources.html. The pkg_resources package is slated for removal as early as 2025-11-30. Refrain from using this package or pin to Setuptools<81.
  from pkg_resources import resource_filename
/data/djs217/miniconda3/envs/hybracter_env/lib/python3.11/site-packages/hybracter/workflow/conda/7aafc1085ca44eee01942c03ca74ecad_/lib/python3.11/site-packages/medaka/common.py:16: UserWarning: pkg_resources is deprecated as an API. See https://setuptools.pypa.io/en/latest/pkg_resources.html. The pkg_resources package is slated for removal as early as 2025-11-30. Refrain from using this package or pin to Setuptools<81.
  from pkg_resources import resource_filename
[14:16:41 - MdlStrTGZ] Successfully removed temporary files from /tmp/tmpy4gux67z.
/data/djs217/miniconda3/envs/hybracter_env/lib/python3.11/site-packages/hybracter/workflow/conda/7aafc1085ca44eee01942c03ca74ecad_/lib/python3.11/site-packages/medaka/common.py:16: UserWarning: pkg_resources is deprecated as an API. See https://setuptools.pypa.io/en/latest/pkg_resources.html. The pkg_resources package is slated for removal as early as 2025-11-30. Refrain from using this package or pin to Setuptools<81.
  from pkg_resources import resource_filename
[14:16:43 - MdlStrTGZ] Successfully removed temporary files from /tmp/tmpszym8l68.
Creating fai index file /data/djs217/PROJECTS/xanthomonas-genome-assemblies/PRJNA1280879-musacearum/hybracter-hybrid/processing/pre_polish/NCPPB_4395_chromosome_plus_plasmids.fasta.fai
Creating mmi index file /data/djs217/PROJECTS/xanthomonas-genome-assemblies/PRJNA1280879-musacearum/hybracter-hybrid/processing/pre_polish/NCPPB_4395_chromosome_plus_plasmids.fasta.map-ont.mmi
[M::mm_idx_gen::0.179*1.01] collected minimizers
[M::mm_idx_gen::0.236*1.44] sorted minimizers
[M::main::0.297*1.35] loaded/built the index for 2 target sequence(s)
[M::mm_idx_stat] kmer size: 15; skip: 10; is_hpc: 0; #seq: 2
[M::mm_idx_stat::0.310*1.34] distinct minimizers: 845670 (95.60% are singletons); average occurrences: 1.065; average spacing: 5.354; total length: 4819825
[M::main] Version: 2.30-r1287
[M::main] CMD: minimap2 -I 16G -x map-ont -d /data/djs217/PROJECTS/xanthomonas-genome-assemblies/PRJNA1280879-musacearum/hybracter-hybrid/processing/pre_polish/NCPPB_4395_chromosome_plus_plasmids.fasta.map-ont.mmi /data/djs217/PROJECTS/xanthomonas-genome-assemblies/PRJNA1280879-musacearum/hybracter-hybrid/processing/pre_polish/NCPPB_4395_chromosome_plus_plasmids.fasta
[M::main] Real time: 0.315 sec; CPU: 0.419 sec; Peak RSS: 0.050 GB
[M::main::0.058*1.02] loaded/built the index for 2 target sequence(s)
[M::mm_mapopt_update::0.075*1.02] mid_occ = 33
[M::mm_idx_stat] kmer size: 15; skip: 10; is_hpc: 0; #seq: 2
[M::mm_idx_stat::0.087*1.02] distinct minimizers: 845670 (95.60% are singletons); average occurrences: 1.065; average spacing: 5.354; total length: 4819825
[M::worker_pipeline::21.325*7.46] mapped 13121 sequences
[M::main] Version: 2.30-r1287
[M::main] CMD: minimap2 -x map-ont --secondary=no -L --MD -A 2 -B 4 -O 4,24 -E 2,1 -t 12 -a /data/djs217/PROJECTS/xanthomonas-genome-assemblies/PRJNA1280879-musacearum/hybracter-hybrid/processing/pre_polish/NCPPB_4395_chromosome_plus_plasmids.fasta.map-ont.mmi /data/djs217/PROJECTS/xanthomonas-genome-assemblies/PRJNA1280879-musacearum/hybracter-hybrid/processing/qc/NCPPB_4395_filt_trim.fastq.gz
[M::main] Real time: 21.337 sec; CPU: 159.121 sec; Peak RSS: 1.270 GB
[bam_sort_core] merging from 0 files and 12 in-memory blocks...
/data/djs217/miniconda3/envs/hybracter_env/lib/python3.11/site-packages/hybracter/workflow/conda/7aafc1085ca44eee01942c03ca74ecad_/lib/python3.11/site-packages/medaka/common.py:16: UserWarning: pkg_resources is deprecated as an API. See https://setuptools.pypa.io/en/latest/pkg_resources.html. The pkg_resources package is slated for removal as early as 2025-11-30. Refrain from using this package or pin to Setuptools<81.
  from pkg_resources import resource_filename
[14:17:17 - Predict] Processing region(s): contig_1:0-4777574 1:0-42251
[14:17:17 - Predict] Using model: /data/djs217/miniconda3/envs/hybracter_env/lib/python3.11/site-packages/hybracter/workflow/conda/7aafc1085ca44eee01942c03ca74ecad_/lib/python3.11/site-packages/medaka/data/r1041_e82_400bps_sup_v5.0.0_model_pt.tar.gz.
[14:17:17 - Predict] Using minimum mapQ threshold of 1 for read filtering.
[14:17:17 - MdlStrTGZ] Model GRUModel(
  (gru): GRU(10, 128, num_layers=2, batch_first=True, bidirectional=True)
  (linear): Linear(in_features=256, out_features=5, bias=True)
)
[14:17:17 - MdlStrTGZ] loading weights from /tmp/tmp29cet5b2/model/weights.pt
[14:17:17 - MdlStrTGZ] Successfully removed temporary files from /tmp/tmp29cet5b2.
[14:17:17 - Predict] Model device: cpu
[14:17:17 - Predict] Running prediction at full precision
[14:17:17 - BAMFile] Creating pool of 16 BAM file sets.
[14:17:17 - Predict] Processing 6 long region(s) with batching.
[14:17:17 - Sampler] Initializing sampler for consensus of region contig_1:0-1000000.
[14:17:17 - Sampler] Initializing sampler for consensus of region contig_1:999000-1999000.
[14:17:17 - PWorker] Running inference for 4.8M draft bases.
[14:17:18 - Feature] Processed contig_1:999000.0-1998999.0 (median depth 83.0)
[14:17:18 - Sampler] Took 1.58s to make features.
[14:17:18 - Sampler] Initializing sampler for consensus of region contig_1:1998000-2998000.
[14:17:19 - Feature] Processed contig_1:0.0-999999.0 (median depth 75.0)
[14:17:19 - Sampler] Took 1.75s to make features.
[14:17:19 - Sampler] Initializing sampler for consensus of region contig_1:2997000-3997000.
[14:17:20 - Feature] Processed contig_1:1998000.0-2997999.0 (median depth 104.0)
[14:17:20 - Sampler] Took 1.60s to make features.
[14:17:20 - Sampler] Initializing sampler for consensus of region contig_1:3996000-4777574.
[14:17:20 - Feature] Processed contig_1:2997000.0-3996999.1 (median depth 102.0)
[14:17:20 - Sampler] Took 1.48s to make features.
[14:17:20 - Sampler] Initializing sampler for consensus of region 1:0-42251.
[14:17:20 - Feature] Processed 1:0.0-42250.0 (median depth 23.0)
[14:17:20 - Sampler] Took 0.04s to make features.
[14:17:21 - Feature] Processed contig_1:3996000.0-4777573.0 (median depth 90.0)
[14:17:21 - Sampler] Took 1.21s to make features.
[14:17:28 - PWorker] Batches in cache: 6.
[14:17:28 - PWorker] 17.5% Done (0.8/4.8 Mbases) in 11.2s
[14:17:35 - PWorker] Batches in cache: 5.
[14:17:42 - PWorker] Batches in cache: 4.
[14:17:42 - PWorker] 52.1% Done (2.5/4.8 Mbases) in 25.4s
[14:17:49 - PWorker] Batches in cache: 3.
[14:17:56 - PWorker] Batches in cache: 2.
[14:17:56 - PWorker] 86.2% Done (4.2/4.8 Mbases) in 39.2s
[14:18:02 - PWorker] Batches in cache: 1.
[14:18:02 - PWorker] Processed 6 batches
[14:18:02 - PWorker] All done, 0 remainder regions.
[14:18:02 - Predict] Finished processing all regions.
/data/djs217/miniconda3/envs/hybracter_env/lib/python3.11/site-packages/hybracter/workflow/conda/7aafc1085ca44eee01942c03ca74ecad_/lib/python3.11/site-packages/medaka/common.py:16: UserWarning: pkg_resources is deprecated as an API. See https://setuptools.pypa.io/en/latest/pkg_resources.html. The pkg_resources package is slated for removal as early as 2025-11-30. Refrain from using this package or pin to Setuptools<81.
  from pkg_resources import resource_filename
[14:18:04 - DataIndx] Loaded 1/1 (100.00%) sample files.
[14:18:04 - DataIndx] Loaded 1/1 (100.00%) sample files.
[14:18:04 - DataIndx] Loaded 1/1 (100.00%) sample files.
[14:18:04 - DataIndx] Loaded 1/1 (100.00%) sample files.
[14:18:04 - DataIndx] Loaded 1/1 (100.00%) sample files.
[14:18:04 - DataIndx] Loaded 1/1 (100.00%) sample files.
[14:18:04 - DataIndx] Loaded 1/1 (100.00%) sample files.
