[2026-03-30 14:45:38] INFO: Starting Flye 2.9.6-b1802
[2026-03-30 14:45:38] INFO: >>>STAGE: configure
[2026-03-30 14:45:38] INFO: Configuring run
[2026-03-30 14:45:52] INFO: Total read length: 467125657
[2026-03-30 14:45:52] INFO: Reads N50/N90: 22950 / 15268
[2026-03-30 14:45:52] INFO: Minimum overlap set to 10000
[2026-03-30 14:45:52] INFO: >>>STAGE: assembly
[2026-03-30 14:45:52] INFO: Assembling disjointigs
[2026-03-30 14:45:52] INFO: Reading sequences
[2026-03-30 14:45:58] INFO: Building minimizer index
[2026-03-30 14:45:58] INFO: Pre-calculating index storage
0% 10% 20% 30% 40% 50% 60% 70% 80% 90% 100% 
[2026-03-30 14:46:01] INFO: Filling index
0% 10% 20% 30% 40% 50% 60% 70% 80% 90% 100% 
[2026-03-30 14:46:17] INFO: Extending reads
[2026-03-30 14:48:44] INFO: Overlap-based coverage: 83
[2026-03-30 14:48:44] INFO: Median overlap divergence: 0.00438853
0% 90% 100% 
[2026-03-30 14:51:29] INFO: Assembled 1 disjointigs
[2026-03-30 14:51:29] INFO: Generating sequence
0% 10% 20% 30% 40% 50% 60% 70% 80% 90% 100% 
[2026-03-30 14:51:31] INFO: Filtering contained disjointigs
0% 100% 
[2026-03-30 14:51:32] INFO: Contained seqs: 0
[2026-03-30 14:51:32] INFO: >>>STAGE: consensus
[2026-03-30 14:51:32] INFO: Running Minimap2
[2026-03-30 14:52:14] INFO: Computing consensus
[2026-03-30 14:52:55] INFO: Alignment error rate: 0.006929
[2026-03-30 14:52:55] INFO: >>>STAGE: repeat
[2026-03-30 14:52:55] INFO: Building and resolving repeat graph
[2026-03-30 14:52:55] INFO: Parsing disjointigs
[2026-03-30 14:52:56] INFO: Building repeat graph
0% 100% 
[2026-03-30 14:52:59] INFO: Median overlap divergence: 0.0568153
[2026-03-30 14:52:59] INFO: Parsing reads
[2026-03-30 14:53:05] INFO: Aligning reads to the graph
0% 10% 20% 30% 40% 50% 60% 70% 80% 90% 100% 
[2026-03-30 14:53:19] INFO: Aligned read sequence: 464287408 / 467125657 (0.993924)
[2026-03-30 14:53:19] INFO: Median overlap divergence: 0.00192517
[2026-03-30 14:53:19] INFO: Mean edge coverage: 86
[2026-03-30 14:53:19] INFO: Simplifying the graph
[2026-03-30 14:53:19] INFO: >>>STAGE: contigger
[2026-03-30 14:53:19] INFO: Generating contigs
[2026-03-30 14:53:19] INFO: Reading sequences
[2026-03-30 14:53:24] INFO: Generated 1 contigs
[2026-03-30 14:53:24] INFO: Added 0 scaffold connections
[2026-03-30 14:53:24] INFO: >>>STAGE: polishing
[2026-03-30 14:53:24] INFO: Polishing genome (1/1)
[2026-03-30 14:53:24] INFO: Running minimap2
[2026-03-30 14:53:55] INFO: Separating alignment into bubbles
[2026-03-30 14:54:51] INFO: Alignment error rate: 0.003682
[2026-03-30 14:54:51] INFO: Correcting bubbles
0% 10% 20% 30% 40% 50% 60% 70% 80% 90% 100% 
[2026-03-30 14:55:30] INFO: >>>STAGE: finalize
[2026-03-30 14:55:30] INFO: Assembly statistics:

	Total length:	5333787
	Fragments:	1
	Fragments N50:	5333787
	Largest frg:	5333787
	Scaffolds:	0
	Mean coverage:	87

[2026-03-30 14:55:30] INFO: Final assembly: /data/djs217/PROJECTS/xanthomonas-genome-assemblies/xanthomonas_march_2026/hybracter-hybrid-misc2/processing/assemblies/NCPPB_1061_plantaginis/assembly.fasta
