/data/djs217/miniconda3/envs/hybracter_env/lib/python3.11/site-packages/hybracter/workflow/conda/7aafc1085ca44eee01942c03ca74ecad_/lib/python3.11/site-packages/medaka/common.py:16: UserWarning: pkg_resources is deprecated as an API. See https://setuptools.pypa.io/en/latest/pkg_resources.html. The pkg_resources package is slated for removal as early as 2025-11-30. Refrain from using this package or pin to Setuptools<81.
  from pkg_resources import resource_filename
/data/djs217/miniconda3/envs/hybracter_env/lib/python3.11/site-packages/hybracter/workflow/conda/7aafc1085ca44eee01942c03ca74ecad_/lib/python3.11/site-packages/medaka/common.py:16: UserWarning: pkg_resources is deprecated as an API. See https://setuptools.pypa.io/en/latest/pkg_resources.html. The pkg_resources package is slated for removal as early as 2025-11-30. Refrain from using this package or pin to Setuptools<81.
  from pkg_resources import resource_filename
/data/djs217/miniconda3/envs/hybracter_env/lib/python3.11/site-packages/hybracter/workflow/conda/7aafc1085ca44eee01942c03ca74ecad_/lib/python3.11/site-packages/medaka/common.py:16: UserWarning: pkg_resources is deprecated as an API. See https://setuptools.pypa.io/en/latest/pkg_resources.html. The pkg_resources package is slated for removal as early as 2025-11-30. Refrain from using this package or pin to Setuptools<81.
  from pkg_resources import resource_filename
[10:16:59 - MdlStrTGZ] Successfully removed temporary files from /tmp/tmpt4q18bxf.
/data/djs217/miniconda3/envs/hybracter_env/lib/python3.11/site-packages/hybracter/workflow/conda/7aafc1085ca44eee01942c03ca74ecad_/lib/python3.11/site-packages/medaka/common.py:16: UserWarning: pkg_resources is deprecated as an API. See https://setuptools.pypa.io/en/latest/pkg_resources.html. The pkg_resources package is slated for removal as early as 2025-11-30. Refrain from using this package or pin to Setuptools<81.
  from pkg_resources import resource_filename
[10:17:01 - MdlStrTGZ] Successfully removed temporary files from /tmp/tmp36ehd9kb.
Creating fai index file /data/djs217/PROJECTS/xanthomonas-genome-assemblies/xanthomonas_march_2026/hybracter-hybrid-clade_1/processing/complete/dnaapler/NCPPB_1132/NCPPB_1132_reoriented_chrom_and_plasmids.fasta.fai
Creating mmi index file /data/djs217/PROJECTS/xanthomonas-genome-assemblies/xanthomonas_march_2026/hybracter-hybrid-clade_1/processing/complete/dnaapler/NCPPB_1132/NCPPB_1132_reoriented_chrom_and_plasmids.fasta.map-ont.mmi
[M::mm_idx_gen::0.124*0.99] collected minimizers
[M::mm_idx_gen::0.183*1.25] sorted minimizers
[M::main::0.224*1.20] loaded/built the index for 2 target sequence(s)
[M::mm_idx_stat] kmer size: 15; skip: 10; is_hpc: 0; #seq: 2
[M::mm_idx_stat::0.236*1.19] distinct minimizers: 809235 (90.70% are singletons); average occurrences: 1.152; average spacing: 5.359; total length: 4994730
[M::main] Version: 2.30-r1287
[M::main] CMD: minimap2 -I 16G -x map-ont -d /data/djs217/PROJECTS/xanthomonas-genome-assemblies/xanthomonas_march_2026/hybracter-hybrid-clade_1/processing/complete/dnaapler/NCPPB_1132/NCPPB_1132_reoriented_chrom_and_plasmids.fasta.map-ont.mmi /data/djs217/PROJECTS/xanthomonas-genome-assemblies/xanthomonas_march_2026/hybracter-hybrid-clade_1/processing/complete/dnaapler/NCPPB_1132/NCPPB_1132_reoriented_chrom_and_plasmids.fasta
[M::main] Real time: 0.243 sec; CPU: 0.288 sec; Peak RSS: 0.050 GB
[M::main::0.068*0.82] loaded/built the index for 2 target sequence(s)
[M::mm_mapopt_update::0.084*0.86] mid_occ = 25
[M::mm_idx_stat] kmer size: 15; skip: 10; is_hpc: 0; #seq: 2
[M::mm_idx_stat::0.096*0.88] distinct minimizers: 809235 (90.70% are singletons); average occurrences: 1.152; average spacing: 5.359; total length: 4994730
[M::worker_pipeline::27.298*5.64] mapped 27332 sequences
[M::main] Version: 2.30-r1287
[M::main] CMD: minimap2 -x map-ont --secondary=no -L --MD -A 2 -B 4 -O 4,24 -E 2,1 -t 12 -a /data/djs217/PROJECTS/xanthomonas-genome-assemblies/xanthomonas_march_2026/hybracter-hybrid-clade_1/processing/complete/dnaapler/NCPPB_1132/NCPPB_1132_reoriented_chrom_and_plasmids.fasta.map-ont.mmi /data/djs217/PROJECTS/xanthomonas-genome-assemblies/xanthomonas_march_2026/hybracter-hybrid-clade_1/processing/qc/NCPPB_1132_filt_trim.fastq.gz
[M::main] Real time: 27.308 sec; CPU: 153.930 sec; Peak RSS: 1.335 GB
[bam_sort_core] merging from 0 files and 12 in-memory blocks...
/data/djs217/miniconda3/envs/hybracter_env/lib/python3.11/site-packages/hybracter/workflow/conda/7aafc1085ca44eee01942c03ca74ecad_/lib/python3.11/site-packages/medaka/common.py:16: UserWarning: pkg_resources is deprecated as an API. See https://setuptools.pypa.io/en/latest/pkg_resources.html. The pkg_resources package is slated for removal as early as 2025-11-30. Refrain from using this package or pin to Setuptools<81.
  from pkg_resources import resource_filename
[10:17:42 - Predict] Processing region(s): contig_3:0-4974942 1:0-19788
[10:17:42 - Predict] Using model: /data/djs217/miniconda3/envs/hybracter_env/lib/python3.11/site-packages/hybracter/workflow/conda/7aafc1085ca44eee01942c03ca74ecad_/lib/python3.11/site-packages/medaka/data/r1041_e82_400bps_sup_v5.0.0_model_pt.tar.gz.
[10:17:42 - Predict] Using minimum mapQ threshold of 1 for read filtering.
[10:17:42 - MdlStrTGZ] Model GRUModel(
  (gru): GRU(10, 128, num_layers=2, batch_first=True, bidirectional=True)
  (linear): Linear(in_features=256, out_features=5, bias=True)
)
[10:17:42 - MdlStrTGZ] loading weights from /tmp/tmpu70pvl61/model/weights.pt
[10:17:42 - MdlStrTGZ] Successfully removed temporary files from /tmp/tmpu70pvl61.
[10:17:42 - Predict] Model device: cpu
[10:17:42 - Predict] Running prediction at full precision
[10:17:42 - BAMFile] Creating pool of 16 BAM file sets.
[10:17:42 - Predict] Processing 6 long region(s) with batching.
[10:17:42 - Sampler] Initializing sampler for consensus of region contig_3:0-1000000.
[10:17:42 - Sampler] Initializing sampler for consensus of region contig_3:999000-1999000.
[10:17:42 - PWorker] Running inference for 5.0M draft bases.
[10:17:44 - Feature] Processed contig_3:0.0-999999.2 (median depth 89.0)
[10:17:44 - Sampler] Took 2.29s to make features.
[10:17:44 - Sampler] Initializing sampler for consensus of region contig_3:1998000-2998000.
[10:17:44 - Feature] Processed contig_3:999000.0-1998999.0 (median depth 90.0)
[10:17:44 - Sampler] Took 2.32s to make features.
[10:17:44 - Sampler] Initializing sampler for consensus of region contig_3:2997000-3997000.
[10:17:46 - Feature] Processed contig_3:2997000.0-3996999.0 (median depth 92.0)
[10:17:46 - Sampler] Took 1.91s to make features.
[10:17:46 - Sampler] Initializing sampler for consensus of region contig_3:3996000-4974942.
[10:17:46 - Feature] Processed contig_3:1998000.0-2997999.0 (median depth 91.0)
[10:17:46 - Sampler] Took 2.11s to make features.
[10:17:46 - Sampler] Initializing sampler for consensus of region 1:0-19788.
[10:17:46 - Feature] Processed 1:0.0-19787.0 (median depth 51.0)
[10:17:46 - Sampler] Took 0.08s to make features.
[10:17:48 - Feature] Processed contig_3:3996000.0-4974941.0 (median depth 87.0)
[10:17:48 - Sampler] Took 1.96s to make features.
[10:20:12 - PWorker] Batches in cache: 6.
[10:20:12 - PWorker] 16.9% Done (0.8/5.0 Mbases) in 150.8s
[10:20:52 - PWorker] Batches in cache: 5.
[10:20:52 - PWorker] 33.6% Done (1.7/5.0 Mbases) in 190.3s
[10:21:18 - PWorker] Batches in cache: 4.
[10:21:18 - PWorker] 50.4% Done (2.5/5.0 Mbases) in 216.2s
[10:21:27 - PWorker] Batches in cache: 3.
[10:21:37 - PWorker] Batches in cache: 2.
[10:21:37 - PWorker] 84.0% Done (4.2/5.0 Mbases) in 234.9s
[10:21:46 - PWorker] Batches in cache: 1.
[10:21:47 - PWorker] Processed 6 batches
[10:21:47 - PWorker] All done, 0 remainder regions.
[10:21:47 - Predict] Finished processing all regions.
/data/djs217/miniconda3/envs/hybracter_env/lib/python3.11/site-packages/hybracter/workflow/conda/7aafc1085ca44eee01942c03ca74ecad_/lib/python3.11/site-packages/medaka/common.py:16: UserWarning: pkg_resources is deprecated as an API. See https://setuptools.pypa.io/en/latest/pkg_resources.html. The pkg_resources package is slated for removal as early as 2025-11-30. Refrain from using this package or pin to Setuptools<81.
  from pkg_resources import resource_filename
[10:21:49 - DataIndx] Loaded 1/1 (100.00%) sample files.
[10:21:49 - DataIndx] Loaded 1/1 (100.00%) sample files.
[10:21:49 - DataIndx] Loaded 1/1 (100.00%) sample files.
[10:21:49 - DataIndx] Loaded 1/1 (100.00%) sample files.
[10:21:49 - DataIndx] Loaded 1/1 (100.00%) sample files.
[10:21:49 - DataIndx] Loaded 1/1 (100.00%) sample files.
[10:21:49 - DataIndx] Loaded 1/1 (100.00%) sample files.
