Read1 before filtering:
total reads: 7762607
total bases: 1032238841
Q20 bases: 1029108699(99.6968%)
Q30 bases: 1012345107(98.0728%)
Q40 bases: 1012345107(98.0728%)

Read2 before filtering:
total reads: 7762607
total bases: 1033154601
Q20 bases: 1029938794(99.6887%)
Q30 bases: 1014822173(98.2256%)
Q40 bases: 1014822173(98.2256%)

Read1 after filtering:
total reads: 7762451
total bases: 1032219053
Q20 bases: 1029092638(99.6971%)
Q30 bases: 1012335076(98.0737%)
Q40 bases: 1012335076(98.0737%)

Read2 after filtering:
total reads: 7762451
total bases: 1033134165
Q20 bases: 1029925624(99.6894%)
Q30 bases: 1014817656(98.2271%)
Q40 bases: 1014817656(98.2271%)

Filtering result:
reads passed filter: 15524902
reads failed due to low quality: 312
reads failed due to too many N: 0
reads failed due to too short: 0
reads with adapter trimmed: 30
bases trimmed due to adapters: 1348

Duplication rate: 7.17258%

Insert size peak (evaluated by paired-end reads): 130

JSON report: hybracter-hybrid/processing/qc/fastp/NCPPB_2349.json
HTML report: hybracter-hybrid/processing/qc/fastp/NCPPB_2349.html

fastp --in1 12037_2349_S45_R1_001_fastp_val_1.fq.gz --in2 12037_2349_S45_R2_001_fastp_val_2.fq.gz --out1 hybracter-hybrid/processing/qc/fastp/NCPPB_2349_1.fastq.gz --out2 hybracter-hybrid/processing/qc/fastp/NCPPB_2349_2.fastq.gz --html hybracter-hybrid/processing/qc/fastp/NCPPB_2349.html --json hybracter-hybrid/processing/qc/fastp/NCPPB_2349.json --thread 1 
fastp v1.0.1, time used: 63 seconds
