[M::bwa_idx_load_from_disk] read 0 ALT contigs
[M::process] read 598906 sequences (80000026 bp)...
[M::process] read 596436 sequences (80000157 bp)...
[M::mem_process_seqs] Processed 598906 reads in 24.666 CPU sec, 3.044 real sec
[M::process] read 594646 sequences (80000113 bp)...
[M::mem_process_seqs] Processed 596436 reads in 24.585 CPU sec, 2.967 real sec
[M::process] read 593186 sequences (80000227 bp)...
[M::mem_process_seqs] Processed 594646 reads in 24.758 CPU sec, 2.948 real sec
[M::process] read 597256 sequences (80000013 bp)...
[M::mem_process_seqs] Processed 593186 reads in 22.535 CPU sec, 2.787 real sec
[M::mem_process_seqs] Processed 597256 reads in 22.019 CPU sec, 3.479 real sec
[M::process] read 595528 sequences (80000067 bp)...
[M::process] read 594022 sequences (80000167 bp)...
[M::mem_process_seqs] Processed 595528 reads in 20.859 CPU sec, 3.276 real sec
[M::process] read 592338 sequences (80000050 bp)...
[M::mem_process_seqs] Processed 594022 reads in 20.229 CPU sec, 3.165 real sec
[M::process] read 594212 sequences (80000188 bp)...
[M::mem_process_seqs] Processed 592338 reads in 20.893 CPU sec, 3.070 real sec
[M::process] read 594168 sequences (80000045 bp)...
[M::mem_process_seqs] Processed 594212 reads in 20.705 CPU sec, 2.621 real sec
[M::process] read 593098 sequences (80000195 bp)...
[M::mem_process_seqs] Processed 594168 reads in 20.641 CPU sec, 2.887 real sec
[M::process] read 592104 sequences (80000146 bp)...
[M::mem_process_seqs] Processed 593098 reads in 20.135 CPU sec, 2.992 real sec
[M::mem_process_seqs] Processed 592104 reads in 20.326 CPU sec, 3.000 real sec
[M::process] read 592808 sequences (80000042 bp)...
[M::mem_process_seqs] Processed 592808 reads in 20.790 CPU sec, 2.845 real sec
[M::process] read 592890 sequences (80000140 bp)...
[M::process] read 591886 sequences (80000093 bp)...
[M::mem_process_seqs] Processed 592890 reads in 20.210 CPU sec, 2.908 real sec
[M::mem_process_seqs] Processed 591886 reads in 20.297 CPU sec, 2.952 real sec
[M::process] read 591318 sequences (80000230 bp)...
[M::mem_process_seqs] Processed 591318 reads in 19.582 CPU sec, 2.730 real sec
[M::process] read 596178 sequences (80000056 bp)...
[M::mem_process_seqs] Processed 596178 reads in 19.677 CPU sec, 2.790 real sec
[M::process] read 602072 sequences (80000071 bp)...
[M::process] read 600626 sequences (80000041 bp)...
[M::mem_process_seqs] Processed 602072 reads in 20.128 CPU sec, 2.946 real sec
[M::mem_process_seqs] Processed 600626 reads in 19.756 CPU sec, 2.895 real sec
[M::process] read 599810 sequences (80000019 bp)...
[M::process] read 349577 sequences (46735853 bp)...
[M::mem_process_seqs] Processed 599810 reads in 19.782 CPU sec, 2.827 real sec
[M::mem_process_seqs] Processed 349577 reads in 12.141 CPU sec, 1.796 real sec
[main] Version: 0.7.19-r1273
[main] CMD: bwa mem -t 8 -a hybracter-hybrid/processing/complete/medaka_rd_2/NCPPB_4801/consensus.fasta hybracter-hybrid/processing/qc/fastp/NCPPB_4801_2.fastq.gz
[main] Real time: 70.982 sec; CPU: 439.603 sec
