[2025-11-09 10:09:01] INFO: Starting Flye 2.9.6-b1802
[2025-11-09 10:09:01] INFO: >>>STAGE: configure
[2025-11-09 10:09:01] INFO: Configuring run
[2025-11-09 10:09:01] INFO: Total read length: 22679795
[2025-11-09 10:09:01] INFO: Reads N50/N90: 16442 / 2913
[2025-11-09 10:09:01] INFO: Minimum overlap set to 3000
[2025-11-09 10:09:01] INFO: >>>STAGE: assembly
[2025-11-09 10:09:01] INFO: Assembling disjointigs
[2025-11-09 10:09:01] INFO: Reading sequences
[2025-11-09 10:09:01] INFO: Building minimizer index
[2025-11-09 10:09:01] INFO: Pre-calculating index storage
0% 10% 20% 30% 40% 50% 60% 70% 80% 90% 100% 
[2025-11-09 10:09:02] INFO: Filling index
0% 10% 20% 30% 40% 50% 60% 70% 80% 90% 100% 
[2025-11-09 10:09:03] INFO: Extending reads
[2025-11-09 10:09:08] INFO: Overlap-based coverage: 1
[2025-11-09 10:09:08] INFO: Median overlap divergence: 0.042777
0% 10% 20% 30% 40% 50% 60% 70% 80% 90% 100% 
[2025-11-09 10:09:10] INFO: Assembled 147 disjointigs
[2025-11-09 10:09:10] INFO: Generating sequence
0% 10% 20% 30% 40% 50% 60% 70% 80% 90% 100% 
[2025-11-09 10:09:10] INFO: Filtering contained disjointigs
0% 10% 20% 30% 40% 50% 60% 70% 80% 90% 100% 
[2025-11-09 10:09:11] INFO: Contained seqs: 4
[2025-11-09 10:09:11] INFO: >>>STAGE: consensus
[2025-11-09 10:09:11] INFO: Running Minimap2
[2025-11-09 10:09:13] INFO: Computing consensus
[2025-11-09 10:09:16] INFO: Alignment error rate: 0.078487
[2025-11-09 10:09:16] INFO: >>>STAGE: repeat
[2025-11-09 10:09:16] INFO: Building and resolving repeat graph
[2025-11-09 10:09:16] INFO: Parsing disjointigs
[2025-11-09 10:09:16] INFO: Building repeat graph
0% 10% 20% 30% 40% 50% 60% 70% 80% 90% 100% 
[2025-11-09 10:09:17] INFO: Median overlap divergence: 0.0709812
[2025-11-09 10:09:17] INFO: Parsing reads
[2025-11-09 10:09:17] INFO: Aligning reads to the graph
0% 10% 20% 30% 40% 50% 60% 70% 80% 90% 100% 
[2025-11-09 10:09:18] INFO: Aligned read sequence: 12358612 / 20322808 (0.608115)
[2025-11-09 10:09:18] INFO: Median overlap divergence: 0.0239072
[2025-11-09 10:09:18] INFO: Mean edge coverage: 2
[2025-11-09 10:09:18] INFO: Simplifying the graph
[2025-11-09 10:09:19] INFO: >>>STAGE: contigger
[2025-11-09 10:09:19] INFO: Generating contigs
[2025-11-09 10:09:19] INFO: Reading sequences
[2025-11-09 10:09:19] INFO: Generated 58 contigs
[2025-11-09 10:09:19] INFO: Added 0 scaffold connections
[2025-11-09 10:09:19] INFO: >>>STAGE: polishing
[2025-11-09 10:09:19] INFO: Polishing genome (1/1)
[2025-11-09 10:09:19] INFO: Running minimap2
[2025-11-09 10:09:21] INFO: Separating alignment into bubbles
[2025-11-09 10:09:22] INFO: Alignment error rate: 0.074476
[2025-11-09 10:09:22] INFO: Correcting bubbles
0% 10% 20% 30% 40% 50% 60% 70% 80% 90% 100% 
[2025-11-09 10:09:51] INFO: >>>STAGE: finalize
[2025-11-09 10:09:51] INFO: Assembly statistics:

	Total length:	2432819
	Fragments:	45
	Fragments N50:	83076
	Largest frg:	222957
	Scaffolds:	0
	Mean coverage:	4

[2025-11-09 10:09:51] INFO: Final assembly: /data/djs217/PROJECTS/xanthomonas-genome-assemblies/PRJNA1131447/hybracter-hybrid/processing/assemblies/NCPPB_485/assembly.fasta
