[2025-11-10 20:21:12] INFO: Starting Flye 2.9.6-b1802
[2025-11-10 20:21:12] INFO: >>>STAGE: configure
[2025-11-10 20:21:12] INFO: Configuring run
[2025-11-10 20:21:12] INFO: Total read length: 13619716
[2025-11-10 20:21:12] INFO: Reads N50/N90: 12418 / 2422
[2025-11-10 20:21:12] INFO: Minimum overlap set to 2000
[2025-11-10 20:21:12] INFO: >>>STAGE: assembly
[2025-11-10 20:21:12] INFO: Assembling disjointigs
[2025-11-10 20:21:12] INFO: Reading sequences
[2025-11-10 20:21:13] INFO: Building minimizer index
[2025-11-10 20:21:13] INFO: Pre-calculating index storage
0% 10% 20% 30% 40% 50% 60% 70% 80% 90% 100% 
[2025-11-10 20:21:13] INFO: Filling index
0% 10% 20% 30% 40% 50% 60% 70% 80% 90% 100% 
[2025-11-10 20:21:14] INFO: Extending reads
[2025-11-10 20:21:17] INFO: Overlap-based coverage: 1
[2025-11-10 20:21:17] INFO: Median overlap divergence: 0.0811111
0% 10% 20% 30% 40% 50% 60% 70% 80% 90% 100% 
[2025-11-10 20:21:18] INFO: Assembled 145 disjointigs
[2025-11-10 20:21:18] INFO: Generating sequence
0% 10% 20% 30% 40% 50% 60% 70% 80% 90% 100% 
[2025-11-10 20:21:18] INFO: Filtering contained disjointigs
0% 10% 20% 30% 40% 50% 60% 70% 80% 90% 100% 
[2025-11-10 20:21:18] INFO: Contained seqs: 3
[2025-11-10 20:21:18] INFO: >>>STAGE: consensus
[2025-11-10 20:21:18] INFO: Running Minimap2
[2025-11-10 20:21:20] INFO: Computing consensus
[2025-11-10 20:21:21] INFO: Alignment error rate: 0.090527
[2025-11-10 20:21:21] INFO: >>>STAGE: repeat
[2025-11-10 20:21:21] INFO: Building and resolving repeat graph
[2025-11-10 20:21:21] INFO: Parsing disjointigs
[2025-11-10 20:21:21] INFO: Building repeat graph
0% 10% 20% 30% 40% 50% 60% 70% 80% 90% 100% 
[2025-11-10 20:21:22] INFO: Median overlap divergence: 0.116348
[2025-11-10 20:21:22] INFO: Parsing reads
[2025-11-10 20:21:22] INFO: Aligning reads to the graph
0% 10% 20% 30% 40% 50% 60% 70% 80% 90% 100% 
[2025-11-10 20:21:23] INFO: Aligned read sequence: 4697060 / 12631458 (0.371854)
[2025-11-10 20:21:23] INFO: Median overlap divergence: 0.0418099
[2025-11-10 20:21:23] INFO: Mean edge coverage: 1
[2025-11-10 20:21:23] INFO: Simplifying the graph
[2025-11-10 20:21:23] INFO: >>>STAGE: contigger
[2025-11-10 20:21:23] INFO: Generating contigs
[2025-11-10 20:21:23] INFO: Reading sequences
[2025-11-10 20:21:23] INFO: Generated 19 contigs
[2025-11-10 20:21:23] INFO: Added 0 scaffold connections
[2025-11-10 20:21:23] INFO: >>>STAGE: polishing
[2025-11-10 20:21:23] INFO: Polishing genome (1/1)
[2025-11-10 20:21:23] INFO: Running minimap2
[2025-11-10 20:21:24] INFO: Separating alignment into bubbles
[2025-11-10 20:21:25] INFO: Alignment error rate: 0.073396
[2025-11-10 20:21:25] INFO: Correcting bubbles
0% 10% 20% 30% 40% 50% 60% 70% 80% 90% 100% 
[2025-11-10 20:21:35] INFO: >>>STAGE: finalize
[2025-11-10 20:21:35] INFO: Assembly statistics:

	Total length:	364744
	Fragments:	19
	Fragments N50:	34198
	Largest frg:	62156
	Scaffolds:	0
	Mean coverage:	4

[2025-11-10 20:21:35] INFO: Final assembly: /data/djs217/PROJECTS/xanthomonas-genome-assemblies/PRJNA1130015-rhynchosiae/hybracter-hybrid/processing/assemblies/NCPPB_1827/assembly.fasta
