[2025-11-10 18:46:52] INFO: Starting Flye 2.9.6-b1802
[2025-11-10 18:46:52] INFO: >>>STAGE: configure
[2025-11-10 18:46:52] INFO: Configuring run
[2025-11-10 18:46:53] INFO: Total read length: 32550050
[2025-11-10 18:46:53] INFO: Reads N50/N90: 3470 / 1190
[2025-11-10 18:46:53] INFO: Minimum overlap set to 1000
[2025-11-10 18:46:53] INFO: >>>STAGE: assembly
[2025-11-10 18:46:53] INFO: Assembling disjointigs
[2025-11-10 18:46:53] INFO: Reading sequences
[2025-11-10 18:46:53] INFO: Building minimizer index
[2025-11-10 18:46:54] INFO: Pre-calculating index storage
0% 10% 20% 30% 40% 50% 60% 70% 80% 90% 100% 
[2025-11-10 18:46:55] INFO: Filling index
0% 10% 20% 30% 40% 50% 60% 70% 80% 90% 100% 
[2025-11-10 18:46:56] INFO: Extending reads
[2025-11-10 18:46:58] INFO: Overlap-based coverage: 1
[2025-11-10 18:46:58] INFO: Median overlap divergence: 0.0450498
0% 10% 20% 30% 40% 50% 60% 70% 80% 90% 100% 
[2025-11-10 18:47:01] INFO: Assembled 543 disjointigs
[2025-11-10 18:47:02] INFO: Generating sequence
0% 10% 20% 30% 40% 50% 60% 70% 80% 90% 100% 
[2025-11-10 18:47:02] INFO: Filtering contained disjointigs
0% 10% 20% 30% 40% 50% 60% 70% 80% 90% 100% 
[2025-11-10 18:47:02] INFO: Contained seqs: 27
[2025-11-10 18:47:03] INFO: >>>STAGE: consensus
[2025-11-10 18:47:03] INFO: Running Minimap2
[2025-11-10 18:47:11] INFO: Computing consensus
[2025-11-10 18:47:15] INFO: Alignment error rate: 0.065653
[2025-11-10 18:47:15] INFO: >>>STAGE: repeat
[2025-11-10 18:47:15] INFO: Building and resolving repeat graph
[2025-11-10 18:47:15] INFO: Parsing disjointigs
[2025-11-10 18:47:15] INFO: Building repeat graph
0% 10% 20% 30% 40% 50% 60% 70% 80% 90% 100% 
[2025-11-10 18:47:16] INFO: Median overlap divergence: 0.0920764
[2025-11-10 18:47:17] INFO: Parsing reads
[2025-11-10 18:47:17] INFO: Aligning reads to the graph
0% 10% 20% 30% 40% 50% 60% 70% 80% 90% 100% 
[2025-11-10 18:47:20] INFO: Aligned read sequence: 15109205 / 31219865 (0.483961)
[2025-11-10 18:47:20] INFO: Median overlap divergence: 0.02019
[2025-11-10 18:47:20] INFO: Mean edge coverage: 3
[2025-11-10 18:47:20] INFO: Simplifying the graph
[2025-11-10 18:47:20] INFO: >>>STAGE: contigger
[2025-11-10 18:47:20] INFO: Generating contigs
[2025-11-10 18:47:20] INFO: Reading sequences
[2025-11-10 18:47:21] INFO: Generated 295 contigs
[2025-11-10 18:47:21] INFO: Added 0 scaffold connections
[2025-11-10 18:47:21] INFO: >>>STAGE: polishing
[2025-11-10 18:47:21] INFO: Polishing genome (1/1)
[2025-11-10 18:47:21] INFO: Running minimap2
[2025-11-10 18:47:26] INFO: Separating alignment into bubbles
[2025-11-10 18:47:29] INFO: Alignment error rate: 0.049466
[2025-11-10 18:47:29] INFO: Correcting bubbles
0% 10% 20% 30% 40% 50% 60% 70% 80% 90% 100% 
[2025-11-10 18:48:23] INFO: >>>STAGE: finalize
[2025-11-10 18:48:23] INFO: Assembly statistics:

	Total length:	2539862
	Fragments:	282
	Fragments N50:	13490
	Largest frg:	75168
	Scaffolds:	0
	Mean coverage:	6

[2025-11-10 18:48:23] INFO: Final assembly: /data/djs217/PROJECTS/xanthomonas-genome-assemblies/PRJNA1130015-rhynchosiae/hybracter-hybrid/processing/assemblies/NCPPB_2914/assembly.fasta
