[M::bwa_idx_load_from_disk] read 0 ALT contigs
[M::process] read 600670 sequences (80000294 bp)...
[M::process] read 597478 sequences (80000054 bp)...
[M::mem_process_seqs] Processed 600670 reads in 26.803 CPU sec, 3.287 real sec
[M::mem_process_seqs] Processed 597478 reads in 25.316 CPU sec, 3.135 real sec
[M::process] read 595572 sequences (80000091 bp)...
[M::process] read 598980 sequences (80000239 bp)...
[M::mem_process_seqs] Processed 595572 reads in 24.353 CPU sec, 2.982 real sec
[M::process] read 596116 sequences (80000127 bp)...
[M::mem_process_seqs] Processed 598980 reads in 24.382 CPU sec, 2.935 real sec
[M::mem_process_seqs] Processed 596116 reads in 23.848 CPU sec, 2.877 real sec
[M::process] read 594500 sequences (80000063 bp)...
[M::process] read 596912 sequences (80000031 bp)...
[M::mem_process_seqs] Processed 594500 reads in 24.444 CPU sec, 3.023 real sec
[M::process] read 594546 sequences (80000146 bp)...
[M::mem_process_seqs] Processed 596912 reads in 25.675 CPU sec, 3.067 real sec
[M::process] read 594002 sequences (80000184 bp)...
[M::mem_process_seqs] Processed 594546 reads in 25.212 CPU sec, 3.120 real sec
[M::process] read 595012 sequences (80000008 bp)...
[M::mem_process_seqs] Processed 594002 reads in 24.229 CPU sec, 2.932 real sec
[M::process] read 593134 sequences (80000027 bp)...
[M::mem_process_seqs] Processed 595012 reads in 24.724 CPU sec, 3.363 real sec
[M::mem_process_seqs] Processed 593134 reads in 23.011 CPU sec, 3.670 real sec
[M::process] read 594716 sequences (80000214 bp)...
[M::process] read 605114 sequences (80000256 bp)...
[M::mem_process_seqs] Processed 594716 reads in 22.060 CPU sec, 4.596 real sec
[M::mem_process_seqs] Processed 605114 reads in 21.534 CPU sec, 4.457 real sec
[M::process] read 602678 sequences (80000206 bp)...
[M::process] read 358018 sequences (47633375 bp)...
[M::mem_process_seqs] Processed 602678 reads in 20.576 CPU sec, 4.371 real sec
[M::mem_process_seqs] Processed 358018 reads in 12.505 CPU sec, 3.401 real sec
[main] Version: 0.7.19-r1273
[main] CMD: bwa mem -t 8 -a hybracter-hybrid/processing/complete/medaka_rd_2/NCPPB_1131/consensus.fasta hybracter-hybrid/processing/qc/fastp/NCPPB_1131_2.fastq.gz
[main] Real time: 56.830 sec; CPU: 353.119 sec
