/data/djs217/miniconda3/envs/hybracter_env/lib/python3.11/site-packages/hybracter/workflow/conda/7aafc1085ca44eee01942c03ca74ecad_/lib/python3.11/site-packages/medaka/common.py:16: UserWarning: pkg_resources is deprecated as an API. See https://setuptools.pypa.io/en/latest/pkg_resources.html. The pkg_resources package is slated for removal as early as 2025-11-30. Refrain from using this package or pin to Setuptools<81.
  from pkg_resources import resource_filename
/data/djs217/miniconda3/envs/hybracter_env/lib/python3.11/site-packages/hybracter/workflow/conda/7aafc1085ca44eee01942c03ca74ecad_/lib/python3.11/site-packages/medaka/common.py:16: UserWarning: pkg_resources is deprecated as an API. See https://setuptools.pypa.io/en/latest/pkg_resources.html. The pkg_resources package is slated for removal as early as 2025-11-30. Refrain from using this package or pin to Setuptools<81.
  from pkg_resources import resource_filename
/data/djs217/miniconda3/envs/hybracter_env/lib/python3.11/site-packages/hybracter/workflow/conda/7aafc1085ca44eee01942c03ca74ecad_/lib/python3.11/site-packages/medaka/common.py:16: UserWarning: pkg_resources is deprecated as an API. See https://setuptools.pypa.io/en/latest/pkg_resources.html. The pkg_resources package is slated for removal as early as 2025-11-30. Refrain from using this package or pin to Setuptools<81.
  from pkg_resources import resource_filename
[22:40:37 - MdlStrTGZ] Successfully removed temporary files from /tmp/tmp5_w7pyln.
/data/djs217/miniconda3/envs/hybracter_env/lib/python3.11/site-packages/hybracter/workflow/conda/7aafc1085ca44eee01942c03ca74ecad_/lib/python3.11/site-packages/medaka/common.py:16: UserWarning: pkg_resources is deprecated as an API. See https://setuptools.pypa.io/en/latest/pkg_resources.html. The pkg_resources package is slated for removal as early as 2025-11-30. Refrain from using this package or pin to Setuptools<81.
  from pkg_resources import resource_filename
[22:40:40 - MdlStrTGZ] Successfully removed temporary files from /tmp/tmppirohdce.
Creating fai index file /data/djs217/PROJECTS/xanthomonas-genome-assemblies/xanthomonas_march_2026/hybracter-hybrid-misc2/processing/complete/dnaapler/NCPPB_4634_dyei/NCPPB_4634_dyei_reoriented_chrom_and_plasmids.fasta.fai
Creating mmi index file /data/djs217/PROJECTS/xanthomonas-genome-assemblies/xanthomonas_march_2026/hybracter-hybrid-misc2/processing/complete/dnaapler/NCPPB_4634_dyei/NCPPB_4634_dyei_reoriented_chrom_and_plasmids.fasta.map-ont.mmi
[M::mm_idx_gen::0.224*1.01] collected minimizers
[M::mm_idx_gen::0.308*1.46] sorted minimizers
[M::main::0.378*1.38] loaded/built the index for 2 target sequence(s)
[M::mm_idx_stat] kmer size: 15; skip: 10; is_hpc: 0; #seq: 2
[M::mm_idx_stat::0.396*1.36] distinct minimizers: 920906 (94.42% are singletons); average occurrences: 1.076; average spacing: 5.359; total length: 5308529
[M::main] Version: 2.30-r1287
[M::main] CMD: minimap2 -I 16G -x map-ont -d /data/djs217/PROJECTS/xanthomonas-genome-assemblies/xanthomonas_march_2026/hybracter-hybrid-misc2/processing/complete/dnaapler/NCPPB_4634_dyei/NCPPB_4634_dyei_reoriented_chrom_and_plasmids.fasta.map-ont.mmi /data/djs217/PROJECTS/xanthomonas-genome-assemblies/xanthomonas_march_2026/hybracter-hybrid-misc2/processing/complete/dnaapler/NCPPB_4634_dyei/NCPPB_4634_dyei_reoriented_chrom_and_plasmids.fasta
[M::main] Real time: 0.406 sec; CPU: 0.548 sec; Peak RSS: 0.055 GB
[M::main::0.071*1.03] loaded/built the index for 2 target sequence(s)
[M::mm_mapopt_update::0.093*1.03] mid_occ = 18
[M::mm_idx_stat] kmer size: 15; skip: 10; is_hpc: 0; #seq: 2
[M::mm_idx_stat::0.108*1.02] distinct minimizers: 920906 (94.42% are singletons); average occurrences: 1.076; average spacing: 5.359; total length: 5308529
[M::worker_pipeline::30.922*5.12] mapped 19416 sequences
[M::main] Version: 2.30-r1287
[M::main] CMD: minimap2 -x map-ont --secondary=no -L --MD -A 2 -B 4 -O 4,24 -E 2,1 -t 12 -a /data/djs217/PROJECTS/xanthomonas-genome-assemblies/xanthomonas_march_2026/hybracter-hybrid-misc2/processing/complete/dnaapler/NCPPB_4634_dyei/NCPPB_4634_dyei_reoriented_chrom_and_plasmids.fasta.map-ont.mmi /data/djs217/PROJECTS/xanthomonas-genome-assemblies/xanthomonas_march_2026/hybracter-hybrid-misc2/processing/qc/NCPPB_4634_dyei_filt_trim.fastq.gz
[M::main] Real time: 30.936 sec; CPU: 158.484 sec; Peak RSS: 1.213 GB
[bam_sort_core] merging from 0 files and 12 in-memory blocks...
/data/djs217/miniconda3/envs/hybracter_env/lib/python3.11/site-packages/hybracter/workflow/conda/7aafc1085ca44eee01942c03ca74ecad_/lib/python3.11/site-packages/medaka/common.py:16: UserWarning: pkg_resources is deprecated as an API. See https://setuptools.pypa.io/en/latest/pkg_resources.html. The pkg_resources package is slated for removal as early as 2025-11-30. Refrain from using this package or pin to Setuptools<81.
  from pkg_resources import resource_filename
[22:41:21 - Predict] Processing region(s): contig_1:0-5263898 1:0-44631
[22:41:21 - Predict] Using model: /data/djs217/miniconda3/envs/hybracter_env/lib/python3.11/site-packages/hybracter/workflow/conda/7aafc1085ca44eee01942c03ca74ecad_/lib/python3.11/site-packages/medaka/data/r1041_e82_400bps_sup_v5.0.0_model_pt.tar.gz.
[22:41:21 - Predict] Using minimum mapQ threshold of 1 for read filtering.
[22:41:21 - MdlStrTGZ] Model GRUModel(
  (gru): GRU(10, 128, num_layers=2, batch_first=True, bidirectional=True)
  (linear): Linear(in_features=256, out_features=5, bias=True)
)
[22:41:21 - MdlStrTGZ] loading weights from /tmp/tmp_kv4g6p8/model/weights.pt
[22:41:21 - MdlStrTGZ] Successfully removed temporary files from /tmp/tmp_kv4g6p8.
[22:41:21 - Predict] Model device: cpu
[22:41:21 - Predict] Running prediction at full precision
[22:41:21 - BAMFile] Creating pool of 16 BAM file sets.
[22:41:21 - Predict] Processing 7 long region(s) with batching.
[22:41:21 - Sampler] Initializing sampler for consensus of region contig_1:0-1000000.
[22:41:21 - Sampler] Initializing sampler for consensus of region contig_1:999000-1999000.
[22:41:21 - PWorker] Running inference for 5.3M draft bases.
[22:41:23 - Feature] Processed contig_1:0.0-999999.0 (median depth 86.0)
[22:41:23 - Sampler] Took 2.06s to make features.
[22:41:23 - Sampler] Initializing sampler for consensus of region contig_1:1998000-2998000.
[22:41:23 - Feature] Processed contig_1:999000.0-1998999.0 (median depth 87.0)
[22:41:23 - Sampler] Took 2.13s to make features.
[22:41:23 - Sampler] Initializing sampler for consensus of region contig_1:2997000-3997000.
[22:41:25 - Feature] Processed contig_1:1998000.0-2997999.0 (median depth 82.0)
[22:41:25 - Sampler] Took 1.32s to make features.
[22:41:25 - Sampler] Initializing sampler for consensus of region contig_1:3996000-4996000.
[22:41:25 - Feature] Processed contig_1:2997000.0-3996999.0 (median depth 85.0)
[22:41:25 - Sampler] Took 1.49s to make features.
[22:41:25 - Sampler] Initializing sampler for consensus of region contig_1:4995000-5263898.
[22:41:26 - Feature] Processed contig_1:4995000.0-5263897.0 (median depth 88.0)
[22:41:26 - Sampler] Took 0.79s to make features.
[22:41:26 - Sampler] Initializing sampler for consensus of region 1:0-44631.
[22:41:26 - Feature] Processed contig_1:3996000.0-4995999.1 (median depth 89.0)
[22:41:26 - Sampler] Took 1.30s to make features.
[22:41:26 - Feature] Processed 1:0.0-44630.0 (median depth 154.0)
[22:41:26 - Sampler] Took 0.31s to make features.
[22:41:34 - PWorker] Batches in cache: 7.
[22:41:34 - PWorker] 15.9% Done (0.8/5.3 Mbases) in 12.7s
[22:41:42 - PWorker] Batches in cache: 6.
[22:41:49 - PWorker] Batches in cache: 5.
[22:41:49 - PWorker] 47.7% Done (2.5/5.3 Mbases) in 27.6s
[22:41:56 - PWorker] Batches in cache: 4.
[22:42:03 - PWorker] Batches in cache: 3.
[22:42:03 - PWorker] 79.1% Done (4.2/5.3 Mbases) in 41.9s
[22:42:10 - PWorker] Batches in cache: 2.
[22:42:13 - PWorker] Processed 7 batches
[22:42:13 - PWorker] All done, 0 remainder regions.
[22:42:13 - Predict] Finished processing all regions.
/data/djs217/miniconda3/envs/hybracter_env/lib/python3.11/site-packages/hybracter/workflow/conda/7aafc1085ca44eee01942c03ca74ecad_/lib/python3.11/site-packages/medaka/common.py:16: UserWarning: pkg_resources is deprecated as an API. See https://setuptools.pypa.io/en/latest/pkg_resources.html. The pkg_resources package is slated for removal as early as 2025-11-30. Refrain from using this package or pin to Setuptools<81.
  from pkg_resources import resource_filename
[22:42:16 - DataIndx] Loaded 1/1 (100.00%) sample files.
[22:42:16 - DataIndx] Loaded 1/1 (100.00%) sample files.
[22:42:16 - DataIndx] Loaded 1/1 (100.00%) sample files.
[22:42:16 - DataIndx] Loaded 1/1 (100.00%) sample files.
[22:42:16 - DataIndx] Loaded 1/1 (100.00%) sample files.
[22:42:16 - DataIndx] Loaded 1/1 (100.00%) sample files.
[22:42:16 - DataIndx] Loaded 1/1 (100.00%) sample files.
[22:42:16 - DataIndx] Loaded 1/1 (100.00%) sample files.
