Read1 before filtering:
total reads: 8538071
total bases: 1148410693
Q20 bases: 1144513268(99.6606%)
Q30 bases: 1123875266(97.8635%)
Q40 bases: 1123875266(97.8635%)

Read2 before filtering:
total reads: 8538071
total bases: 1149801970
Q20 bases: 1144893481(99.5731%)
Q30 bases: 1123568435(97.7184%)
Q40 bases: 1123568435(97.7184%)

Read1 after filtering:
total reads: 8537882
total bases: 1148381645
Q20 bases: 1144488628(99.661%)
Q30 bases: 1123858574(97.8646%)
Q40 bases: 1123858574(97.8646%)

Read2 after filtering:
total reads: 8537882
total bases: 1149768862
Q20 bases: 1144871031(99.574%)
Q30 bases: 1123558451(97.7204%)
Q40 bases: 1123558451(97.7204%)

Filtering result:
reads passed filter: 17075764
reads failed due to low quality: 378
reads failed due to too many N: 0
reads failed due to too short: 0
reads with adapter trimmed: 322
bases trimmed due to adapters: 11842

Duplication rate: 6.52126%

Insert size peak (evaluated by paired-end reads): 137

JSON report: hybracter-hybrid/processing/qc/fastp/NCPPB_4678_xcc.json
HTML report: hybracter-hybrid/processing/qc/fastp/NCPPB_4678_xcc.html

fastp --in1 12037_4678_S52_R1_001_fastp_val_1.fq.gz --in2 12037_4678_S52_R2_001_fastp_val_2.fq.gz --out1 hybracter-hybrid/processing/qc/fastp/NCPPB_4678_xcc_1.fastq.gz --out2 hybracter-hybrid/processing/qc/fastp/NCPPB_4678_xcc_2.fastq.gz --html hybracter-hybrid/processing/qc/fastp/NCPPB_4678_xcc.html --json hybracter-hybrid/processing/qc/fastp/NCPPB_4678_xcc.json --thread 1 
fastp v1.0.1, time used: 75 seconds
