Read1 before filtering:
total reads: 9613166
total bases: 1279965311
Q20 bases: 1275081822(99.6185%)
Q30 bases: 1250078954(97.6651%)
Q40 bases: 1250078954(97.6651%)

Read2 before filtering:
total reads: 9613166
total bases: 1281702629
Q20 bases: 1276100680(99.5629%)
Q30 bases: 1251813929(97.668%)
Q40 bases: 1251813929(97.668%)

Read1 after filtering:
total reads: 9612914
total bases: 1279928609
Q20 bases: 1275051132(99.6189%)
Q30 bases: 1250057969(97.6662%)
Q40 bases: 1250057969(97.6662%)

Read2 after filtering:
total reads: 9612914
total bases: 1281660115
Q20 bases: 1276071339(99.5639%)
Q30 bases: 1251800398(97.6702%)
Q40 bases: 1251800398(97.6702%)

Filtering result:
reads passed filter: 19225828
reads failed due to low quality: 504
reads failed due to too many N: 0
reads failed due to too short: 0
reads with adapter trimmed: 348
bases trimmed due to adapters: 14072

Duplication rate: 6.56385%

Insert size peak (evaluated by paired-end reads): 134

JSON report: hybracter-hybrid/processing/qc/fastp/NCPPB_4680_xcc.json
HTML report: hybracter-hybrid/processing/qc/fastp/NCPPB_4680_xcc.html

fastp --in1 12037_4680_S54_R1_001_fastp_val_1.fq.gz --in2 12037_4680_S54_R2_001_fastp_val_2.fq.gz --out1 hybracter-hybrid/processing/qc/fastp/NCPPB_4680_xcc_1.fastq.gz --out2 hybracter-hybrid/processing/qc/fastp/NCPPB_4680_xcc_2.fastq.gz --html hybracter-hybrid/processing/qc/fastp/NCPPB_4680_xcc.html --json hybracter-hybrid/processing/qc/fastp/NCPPB_4680_xcc.json --thread 1 
fastp v1.0.1, time used: 87 seconds
