2026-03-28 22:52:19.726 | INFO     | pypolca.utils.validation:instantiate_dirs:23 - Checking the output directory hybracter-hybrid-Xcc/processing/complete/pypolca/NCPPB_4679_xcc
2026-03-28 22:52:19.733 | INFO     | pypolca.utils.util:begin_pypolca:84 - pypolca: Standalone Python implementation of the POLCA polisher from MaSuRCA
2026-03-28 22:52:19.733 | INFO     | pypolca.utils.util:begin_pypolca:87 - You are using pypolca version 0.3.1

2026-03-28 22:52:19.733 | INFO     | pypolca.utils.util:begin_pypolca:88 - Repository homepage is https://github.com/gbouras13/pypolca.
2026-03-28 22:52:19.733 | INFO     | pypolca.utils.util:begin_pypolca:89 - Written by George Bouras: george.bouras@adelaide.edu.au adapting the original POLCA code by Aleksey Zimin.
2026-03-28 22:52:19.733 | INFO     | pypolca.utils.util:begin_pypolca:93 - Listing input parameters.
2026-03-28 22:52:19.733 | INFO     | pypolca.utils.util:begin_pypolca:95 - Parameter: --assembly hybracter-hybrid-Xcc/processing/complete/polypolish/NCPPB_4679_xcc.fasta.
2026-03-28 22:52:19.733 | INFO     | pypolca.utils.util:begin_pypolca:95 - Parameter: --reads1 hybracter-hybrid-Xcc/processing/qc/fastp/NCPPB_4679_xcc_1.fastq.gz.
2026-03-28 22:52:19.733 | INFO     | pypolca.utils.util:begin_pypolca:95 - Parameter: --reads2 hybracter-hybrid-Xcc/processing/qc/fastp/NCPPB_4679_xcc_2.fastq.gz.
2026-03-28 22:52:19.734 | INFO     | pypolca.utils.util:begin_pypolca:95 - Parameter: --output hybracter-hybrid-Xcc/processing/complete/pypolca/NCPPB_4679_xcc.
2026-03-28 22:52:19.734 | INFO     | pypolca.utils.util:begin_pypolca:95 - Parameter: --threads 8.
2026-03-28 22:52:19.734 | INFO     | pypolca.utils.util:begin_pypolca:95 - Parameter: --force True.
2026-03-28 22:52:19.734 | INFO     | pypolca.utils.util:begin_pypolca:95 - Parameter: --careful True.
2026-03-28 22:52:19.734 | INFO     | pypolca.utils.util:begin_pypolca:95 - Parameter: --min_alt 4.
2026-03-28 22:52:19.734 | INFO     | pypolca.utils.util:begin_pypolca:95 - Parameter: --min_ratio 3.
2026-03-28 22:52:19.734 | INFO     | pypolca.utils.util:begin_pypolca:95 - Parameter: --memory_limit 2G.
2026-03-28 22:52:19.734 | INFO     | pypolca.utils.util:begin_pypolca:95 - Parameter: --no_polish False.
2026-03-28 22:52:19.734 | INFO     | pypolca.utils.util:begin_pypolca:95 - Parameter: --prefix NCPPB_4679_xcc.
2026-03-28 22:52:19.744 | INFO     | pypolca.utils.validation:check_dependencies:112 - Samtools v1.22.1 found.
2026-03-28 22:52:19.747 | INFO     | pypolca.utils.validation:check_dependencies:123 - freebayes v1.3.6 found.
2026-03-28 22:52:19.750 | INFO     | pypolca.utils.validation:check_dependencies:140 - bwa v0.7.19-r1273 found.
2026-03-28 22:52:19.750 | INFO     | pypolca.utils.validation:validate_fasta:46 - Checking that the input file hybracter-hybrid-Xcc/processing/complete/polypolish/NCPPB_4679_xcc.fasta is in FASTA format.
2026-03-28 22:52:19.773 | INFO     | pypolca.utils.validation:validate_fasta:51 - hybracter-hybrid-Xcc/processing/complete/polypolish/NCPPB_4679_xcc.fasta file checked.
2026-03-28 22:52:19.774 | INFO     | pypolca.utils.validation:validate_fastq:73 - FASTQ hybracter-hybrid-Xcc/processing/qc/fastp/NCPPB_4679_xcc_1.fastq.gz checked
2026-03-28 22:52:19.774 | INFO     | pypolca.utils.validation:validate_fastq:73 - FASTQ hybracter-hybrid-Xcc/processing/qc/fastp/NCPPB_4679_xcc_2.fastq.gz checked
2026-03-28 22:52:19.774 | INFO     | pypolca:run:219 - Checking memory limit of 2G.
2026-03-28 22:52:19.774 | INFO     | pypolca:run:224 - Creating BWA index
2026-03-28 22:52:19.778 | INFO     | pypolca.utils.external_tools:run:50 - Started running bwa index hybracter-hybrid-Xcc/processing/complete/pypolca/NCPPB_4679_xcc/temp/assembly.fasta ...
2026-03-28 22:52:22.208 | INFO     | pypolca.utils.external_tools:run:52 - Done running bwa index hybracter-hybrid-Xcc/processing/complete/pypolca/NCPPB_4679_xcc/temp/assembly.fasta
2026-03-28 22:52:22.209 | INFO     | pypolca:run:230 - Aligning reads with BWA
2026-03-28 22:52:22.210 | INFO     | pypolca.utils.external_tools:run_to_stdout:59 - Started running bwa mem -SP -t 8 hybracter-hybrid-Xcc/processing/complete/pypolca/NCPPB_4679_xcc/temp/assembly.fasta hybracter-hybrid-Xcc/processing/qc/fastp/NCPPB_4679_xcc_1.fastq.gz hybracter-hybrid-Xcc/processing/qc/fastp/NCPPB_4679_xcc_2.fastq.gz ...
2026-03-28 22:54:11.033 | INFO     | pypolca.utils.external_tools:run_to_stdout:61 - Done running bwa mem -SP -t 8 hybracter-hybrid-Xcc/processing/complete/pypolca/NCPPB_4679_xcc/temp/assembly.fasta hybracter-hybrid-Xcc/processing/qc/fastp/NCPPB_4679_xcc_1.fastq.gz hybracter-hybrid-Xcc/processing/qc/fastp/NCPPB_4679_xcc_2.fastq.gz
2026-03-28 22:54:11.034 | INFO     | pypolca:run:237 - Sorting and indexing alignment file
2026-03-28 22:54:11.035 | INFO     | pypolca.utils.external_tools:run:50 - Started running samtools view -h -@ 8 -b hybracter-hybrid-Xcc/processing/complete/pypolca/NCPPB_4679_xcc/temp/temp_bwa.sam -o hybracter-hybrid-Xcc/processing/complete/pypolca/NCPPB_4679_xcc/temp/temp_bwa.bam ...
2026-03-28 22:54:56.715 | INFO     | pypolca.utils.external_tools:run:52 - Done running samtools view -h -@ 8 -b hybracter-hybrid-Xcc/processing/complete/pypolca/NCPPB_4679_xcc/temp/temp_bwa.sam -o hybracter-hybrid-Xcc/processing/complete/pypolca/NCPPB_4679_xcc/temp/temp_bwa.bam
2026-03-28 22:54:56.715 | INFO     | pypolca.utils.external_tools:run:50 - Started running samtools sort -m 2G -@ 8 hybracter-hybrid-Xcc/processing/complete/pypolca/NCPPB_4679_xcc/temp/temp_bwa.bam -o hybracter-hybrid-Xcc/processing/complete/pypolca/NCPPB_4679_xcc/temp/temp_bwa_sorted.bam ...
2026-03-28 22:55:47.319 | INFO     | pypolca.utils.external_tools:run:52 - Done running samtools sort -m 2G -@ 8 hybracter-hybrid-Xcc/processing/complete/pypolca/NCPPB_4679_xcc/temp/temp_bwa.bam -o hybracter-hybrid-Xcc/processing/complete/pypolca/NCPPB_4679_xcc/temp/temp_bwa_sorted.bam
2026-03-28 22:55:47.320 | INFO     | pypolca.utils.external_tools:run:50 - Started running samtools index -@ hybracter-hybrid-Xcc/processing/complete/pypolca/NCPPB_4679_xcc/temp/temp_bwa_sorted.bam ...
2026-03-28 22:55:47.323 | INFO     | pypolca.utils.external_tools:run:52 - Done running samtools index -@ hybracter-hybrid-Xcc/processing/complete/pypolca/NCPPB_4679_xcc/temp/temp_bwa_sorted.bam
2026-03-28 22:55:47.324 | INFO     | pypolca:run:244 - Calling variants.
2026-03-28 22:55:47.324 | INFO     | pypolca.utils.external_tools:run:50 - Started running samtools faidx hybracter-hybrid-Xcc/processing/complete/pypolca/NCPPB_4679_xcc/temp/assembly.fasta ...
2026-03-28 22:55:47.382 | INFO     | pypolca.utils.external_tools:run:52 - Done running samtools faidx hybracter-hybrid-Xcc/processing/complete/pypolca/NCPPB_4679_xcc/temp/assembly.fasta
2026-03-28 22:55:47.383 | INFO     | pypolca.utils.external_tools:run:50 - Started running freebayes -m 0 --min-coverage 3 -R 0 -p 1 -F 0.2 -E 0 -b hybracter-hybrid-Xcc/processing/complete/pypolca/NCPPB_4679_xcc/temp/temp_bwa_sorted.bam -f hybracter-hybrid-Xcc/processing/complete/pypolca/NCPPB_4679_xcc/temp/assembly.fasta -v hybracter-hybrid-Xcc/processing/complete/pypolca/NCPPB_4679_xcc/NCPPB_4679_xcc.vcf ...
2026-03-28 23:00:55.584 | INFO     | pypolca.utils.external_tools:run:52 - Done running freebayes -m 0 --min-coverage 3 -R 0 -p 1 -F 0.2 -E 0 -b hybracter-hybrid-Xcc/processing/complete/pypolca/NCPPB_4679_xcc/temp/temp_bwa_sorted.bam -f hybracter-hybrid-Xcc/processing/complete/pypolca/NCPPB_4679_xcc/temp/assembly.fasta -v hybracter-hybrid-Xcc/processing/complete/pypolca/NCPPB_4679_xcc/NCPPB_4679_xcc.vcf
2026-03-28 23:00:55.603 | INFO     | pypolca.utils.fix_consensus_from_vcf:fix_consensus_from_vcf:134 - POLCA has found variants. Fixing
2026-03-28 23:00:55.657 | INFO     | pypolca.utils.report:create_report:27 - Stats BEFORE polishing:
2026-03-28 23:00:55.658 | INFO     | pypolca.utils.report:create_report:29 - Substitution Errors Found: 0
2026-03-28 23:00:55.658 | INFO     | pypolca.utils.report:create_report:31 - Insertion/Deletion Errors Found: 7
2026-03-28 23:00:55.658 | INFO     | pypolca.utils.report:create_report:33 - Assembly Size: 5111868
2026-03-28 23:00:55.658 | INFO     | pypolca.utils.report:create_report:35 - Consensus Quality Before Polishing: 100.0
2026-03-28 23:00:55.658 | INFO     | pypolca.utils.report:create_report:37 - Consensus QV Before Polishing: 58.63
2026-03-28 23:00:55.658 | INFO     | pypolca:run:267 - Final report is in hybracter-hybrid-Xcc/processing/complete/pypolca/NCPPB_4679_xcc/NCPPB_4679_xcc.report; polished assembly is in hybracter-hybrid-Xcc/processing/complete/pypolca/NCPPB_4679_xcc/NCPPB_4679_xcc_corrected.fasta
2026-03-28 23:00:57.057 | INFO     | pypolca.utils.util:end_pypolca:110 - pypolca has finished
2026-03-28 23:00:57.057 | INFO     | pypolca.utils.util:end_pypolca:111 - Elapsed time: 517.33 seconds
