[2026-03-23 11:19:47] INFO: Starting Flye 2.9.6-b1802
[2026-03-23 11:19:47] INFO: >>>STAGE: configure
[2026-03-23 11:19:47] INFO: Configuring run
[2026-03-23 11:19:53] INFO: Total read length: 396354782
[2026-03-23 11:19:53] INFO: Reads N50/N90: 26953 / 19912
[2026-03-23 11:19:53] INFO: Minimum overlap set to 10000
[2026-03-23 11:19:53] INFO: >>>STAGE: assembly
[2026-03-23 11:19:53] INFO: Assembling disjointigs
[2026-03-23 11:19:53] INFO: Reading sequences
[2026-03-23 11:19:57] INFO: Building minimizer index
[2026-03-23 11:19:57] INFO: Pre-calculating index storage
0% 10% 20% 30% 40% 50% 60% 70% 80% 90% 100% 
[2026-03-23 11:20:05] INFO: Filling index
0% 10% 20% 30% 40% 50% 60% 70% 80% 90% 100% 
[2026-03-23 11:20:36] INFO: Extending reads
[2026-03-23 11:22:45] INFO: Overlap-based coverage: 63
[2026-03-23 11:22:45] INFO: Median overlap divergence: 0.00419664
0% 90% 100% 
[2026-03-23 11:23:32] INFO: Assembled 1 disjointigs
[2026-03-23 11:23:33] INFO: Generating sequence
0% 10% 20% 30% 40% 50% 60% 70% 80% 90% 100% 
[2026-03-23 11:23:34] INFO: Filtering contained disjointigs
0% 100% 
[2026-03-23 11:23:35] INFO: Contained seqs: 0
[2026-03-23 11:23:36] INFO: >>>STAGE: consensus
[2026-03-23 11:23:36] INFO: Running Minimap2
[2026-03-23 11:24:01] INFO: Computing consensus
[2026-03-23 11:24:37] INFO: Alignment error rate: 0.006614
[2026-03-23 11:24:37] INFO: >>>STAGE: repeat
[2026-03-23 11:24:37] INFO: Building and resolving repeat graph
[2026-03-23 11:24:37] INFO: Parsing disjointigs
[2026-03-23 11:24:37] INFO: Building repeat graph
0% 100% 
[2026-03-23 11:24:40] INFO: Median overlap divergence: 0.00487988
[2026-03-23 11:24:40] INFO: Parsing reads
[2026-03-23 11:24:44] INFO: Aligning reads to the graph
0% 10% 20% 30% 40% 50% 60% 70% 80% 90% 100% 
[2026-03-23 11:25:19] INFO: Aligned read sequence: 393891745 / 396354782 (0.993786)
[2026-03-23 11:25:19] INFO: Median overlap divergence: 0.001867
[2026-03-23 11:25:19] INFO: Mean edge coverage: 66
[2026-03-23 11:25:19] INFO: Simplifying the graph
[2026-03-23 11:25:19] INFO: >>>STAGE: contigger
[2026-03-23 11:25:19] INFO: Generating contigs
[2026-03-23 11:25:19] INFO: Reading sequences
[2026-03-23 11:25:24] INFO: Generated 1 contigs
[2026-03-23 11:25:24] INFO: Added 0 scaffold connections
[2026-03-23 11:25:24] INFO: >>>STAGE: polishing
[2026-03-23 11:25:24] INFO: Polishing genome (1/1)
[2026-03-23 11:25:24] INFO: Running minimap2
[2026-03-23 11:25:49] INFO: Separating alignment into bubbles
[2026-03-23 11:27:01] INFO: Alignment error rate: 0.003245
[2026-03-23 11:27:01] INFO: Correcting bubbles
0% 10% 20% 30% 40% 50% 60% 70% 80% 90% 100% 
[2026-03-23 11:27:27] INFO: >>>STAGE: finalize
[2026-03-23 11:27:27] INFO: Assembly statistics:

	Total length:	5911892
	Fragments:	1
	Fragments N50:	5911892
	Largest frg:	5911892
	Scaffolds:	0
	Mean coverage:	66

[2026-03-23 11:27:27] INFO: Final assembly: /data/djs217/PROJECTS/xanthomonas-genome-assemblies/pseudomonas/hybracter-hybrid/processing/assemblies/NCPPB_3063/assembly.fasta
