Read1 before filtering:
total reads: 11645448
total bases: 1551491225
Q20 bases: 1545451138(99.6107%)
Q30 bases: 1515378828(97.6724%)
Q40 bases: 1515378828(97.6724%)

Read2 before filtering:
total reads: 11645448
total bases: 1555079409
Q20 bases: 1548147678(99.5543%)
Q30 bases: 1517781489(97.6015%)
Q40 bases: 1517781489(97.6015%)

Read1 after filtering:
total reads: 11645179
total bases: 1551455333
Q20 bases: 1545421589(99.6111%)
Q30 bases: 1515359800(97.6734%)
Q40 bases: 1515359800(97.6734%)

Read2 after filtering:
total reads: 11645179
total bases: 1555040980
Q20 bases: 1548122322(99.5551%)
Q30 bases: 1517771280(97.6033%)
Q40 bases: 1517771280(97.6033%)

Filtering result:
reads passed filter: 23290358
reads failed due to low quality: 538
reads failed due to too many N: 0
reads failed due to too short: 0
reads with adapter trimmed: 176
bases trimmed due to adapters: 7004

Duplication rate: 6.21923%

Insert size peak (evaluated by paired-end reads): 137

JSON report: hybracter-hybrid/processing/qc/fastp/NCPPB_4446.json
HTML report: hybracter-hybrid/processing/qc/fastp/NCPPB_4446.html

fastp --in1 12037_4446_S36_R1_001_fastp_val_1.fq.gz --in2 12037_4446_S36_R2_001_fastp_val_2.fq.gz --out1 hybracter-hybrid/processing/qc/fastp/NCPPB_4446_1.fastq.gz --out2 hybracter-hybrid/processing/qc/fastp/NCPPB_4446_2.fastq.gz --html hybracter-hybrid/processing/qc/fastp/NCPPB_4446.html --json hybracter-hybrid/processing/qc/fastp/NCPPB_4446.json --thread 1 
fastp v1.0.1, time used: 94 seconds
