2025-11-07 11:10:06.580 | INFO     | pypolca.utils.validation:instantiate_dirs:23 - Checking the output directory PRJNA1131443.hybracter/processing/incomplete/pypolca/NCPPB_1335
2025-11-07 11:10:06.587 | INFO     | pypolca.utils.util:begin_pypolca:84 - pypolca: Standalone Python implementation of the POLCA polisher from MaSuRCA
2025-11-07 11:10:06.587 | INFO     | pypolca.utils.util:begin_pypolca:87 - You are using pypolca version 0.3.1

2025-11-07 11:10:06.587 | INFO     | pypolca.utils.util:begin_pypolca:88 - Repository homepage is https://github.com/gbouras13/pypolca.
2025-11-07 11:10:06.587 | INFO     | pypolca.utils.util:begin_pypolca:89 - Written by George Bouras: george.bouras@adelaide.edu.au adapting the original POLCA code by Aleksey Zimin.
2025-11-07 11:10:06.587 | INFO     | pypolca.utils.util:begin_pypolca:93 - Listing input parameters.
2025-11-07 11:10:06.587 | INFO     | pypolca.utils.util:begin_pypolca:95 - Parameter: --assembly PRJNA1131443.hybracter/processing/incomplete/polypolish_incomplete/NCPPB_1335.fasta.
2025-11-07 11:10:06.587 | INFO     | pypolca.utils.util:begin_pypolca:95 - Parameter: --reads1 PRJNA1131443.hybracter/processing/qc/fastp/NCPPB_1335_1.fastq.gz.
2025-11-07 11:10:06.587 | INFO     | pypolca.utils.util:begin_pypolca:95 - Parameter: --reads2 PRJNA1131443.hybracter/processing/qc/fastp/NCPPB_1335_2.fastq.gz.
2025-11-07 11:10:06.587 | INFO     | pypolca.utils.util:begin_pypolca:95 - Parameter: --output PRJNA1131443.hybracter/processing/incomplete/pypolca/NCPPB_1335.
2025-11-07 11:10:06.587 | INFO     | pypolca.utils.util:begin_pypolca:95 - Parameter: --threads 8.
2025-11-07 11:10:06.587 | INFO     | pypolca.utils.util:begin_pypolca:95 - Parameter: --force True.
2025-11-07 11:10:06.587 | INFO     | pypolca.utils.util:begin_pypolca:95 - Parameter: --careful True.
2025-11-07 11:10:06.587 | INFO     | pypolca.utils.util:begin_pypolca:95 - Parameter: --min_alt 4.
2025-11-07 11:10:06.587 | INFO     | pypolca.utils.util:begin_pypolca:95 - Parameter: --min_ratio 3.
2025-11-07 11:10:06.587 | INFO     | pypolca.utils.util:begin_pypolca:95 - Parameter: --memory_limit 2G.
2025-11-07 11:10:06.587 | INFO     | pypolca.utils.util:begin_pypolca:95 - Parameter: --no_polish False.
2025-11-07 11:10:06.587 | INFO     | pypolca.utils.util:begin_pypolca:95 - Parameter: --prefix NCPPB_1335.
2025-11-07 11:10:06.619 | INFO     | pypolca.utils.validation:check_dependencies:112 - Samtools v1.22.1 found.
2025-11-07 11:10:06.626 | INFO     | pypolca.utils.validation:check_dependencies:123 - freebayes v1.3.6 found.
2025-11-07 11:10:06.629 | INFO     | pypolca.utils.validation:check_dependencies:140 - bwa v0.7.19-r1273 found.
2025-11-07 11:10:06.630 | INFO     | pypolca.utils.validation:validate_fasta:46 - Checking that the input file PRJNA1131443.hybracter/processing/incomplete/polypolish_incomplete/NCPPB_1335.fasta is in FASTA format.
2025-11-07 11:10:06.630 | INFO     | pypolca.utils.validation:validate_fasta:51 - PRJNA1131443.hybracter/processing/incomplete/polypolish_incomplete/NCPPB_1335.fasta file checked.
2025-11-07 11:10:06.631 | INFO     | pypolca.utils.validation:validate_fastq:73 - FASTQ PRJNA1131443.hybracter/processing/qc/fastp/NCPPB_1335_1.fastq.gz checked
2025-11-07 11:10:06.631 | INFO     | pypolca.utils.validation:validate_fastq:73 - FASTQ PRJNA1131443.hybracter/processing/qc/fastp/NCPPB_1335_2.fastq.gz checked
2025-11-07 11:10:06.631 | INFO     | pypolca:run:219 - Checking memory limit of 2G.
2025-11-07 11:10:06.632 | INFO     | pypolca:run:224 - Creating BWA index
2025-11-07 11:10:06.640 | INFO     | pypolca.utils.external_tools:run:50 - Started running bwa index PRJNA1131443.hybracter/processing/incomplete/pypolca/NCPPB_1335/temp/assembly.fasta ...
2025-11-07 11:10:09.575 | INFO     | pypolca.utils.external_tools:run:52 - Done running bwa index PRJNA1131443.hybracter/processing/incomplete/pypolca/NCPPB_1335/temp/assembly.fasta
2025-11-07 11:10:09.576 | INFO     | pypolca:run:230 - Aligning reads with BWA
2025-11-07 11:10:09.577 | INFO     | pypolca.utils.external_tools:run_to_stdout:59 - Started running bwa mem -SP -t 8 PRJNA1131443.hybracter/processing/incomplete/pypolca/NCPPB_1335/temp/assembly.fasta PRJNA1131443.hybracter/processing/qc/fastp/NCPPB_1335_1.fastq.gz PRJNA1131443.hybracter/processing/qc/fastp/NCPPB_1335_2.fastq.gz ...
2025-11-07 11:11:15.236 | INFO     | pypolca.utils.external_tools:run_to_stdout:61 - Done running bwa mem -SP -t 8 PRJNA1131443.hybracter/processing/incomplete/pypolca/NCPPB_1335/temp/assembly.fasta PRJNA1131443.hybracter/processing/qc/fastp/NCPPB_1335_1.fastq.gz PRJNA1131443.hybracter/processing/qc/fastp/NCPPB_1335_2.fastq.gz
2025-11-07 11:11:15.237 | INFO     | pypolca:run:237 - Sorting and indexing alignment file
2025-11-07 11:11:15.238 | INFO     | pypolca.utils.external_tools:run:50 - Started running samtools view -h -@ 8 -b PRJNA1131443.hybracter/processing/incomplete/pypolca/NCPPB_1335/temp/temp_bwa.sam -o PRJNA1131443.hybracter/processing/incomplete/pypolca/NCPPB_1335/temp/temp_bwa.bam ...
2025-11-07 11:11:28.117 | INFO     | pypolca.utils.external_tools:run:52 - Done running samtools view -h -@ 8 -b PRJNA1131443.hybracter/processing/incomplete/pypolca/NCPPB_1335/temp/temp_bwa.sam -o PRJNA1131443.hybracter/processing/incomplete/pypolca/NCPPB_1335/temp/temp_bwa.bam
2025-11-07 11:11:28.118 | INFO     | pypolca.utils.external_tools:run:50 - Started running samtools sort -m 2G -@ 8 PRJNA1131443.hybracter/processing/incomplete/pypolca/NCPPB_1335/temp/temp_bwa.bam -o PRJNA1131443.hybracter/processing/incomplete/pypolca/NCPPB_1335/temp/temp_bwa_sorted.bam ...
2025-11-07 11:11:42.561 | INFO     | pypolca.utils.external_tools:run:52 - Done running samtools sort -m 2G -@ 8 PRJNA1131443.hybracter/processing/incomplete/pypolca/NCPPB_1335/temp/temp_bwa.bam -o PRJNA1131443.hybracter/processing/incomplete/pypolca/NCPPB_1335/temp/temp_bwa_sorted.bam
2025-11-07 11:11:42.563 | INFO     | pypolca.utils.external_tools:run:50 - Started running samtools index -@ PRJNA1131443.hybracter/processing/incomplete/pypolca/NCPPB_1335/temp/temp_bwa_sorted.bam ...
2025-11-07 11:11:42.569 | INFO     | pypolca.utils.external_tools:run:52 - Done running samtools index -@ PRJNA1131443.hybracter/processing/incomplete/pypolca/NCPPB_1335/temp/temp_bwa_sorted.bam
2025-11-07 11:11:42.570 | INFO     | pypolca:run:244 - Calling variants.
2025-11-07 11:11:42.571 | INFO     | pypolca.utils.external_tools:run:50 - Started running samtools faidx PRJNA1131443.hybracter/processing/incomplete/pypolca/NCPPB_1335/temp/assembly.fasta ...
2025-11-07 11:11:42.644 | INFO     | pypolca.utils.external_tools:run:52 - Done running samtools faidx PRJNA1131443.hybracter/processing/incomplete/pypolca/NCPPB_1335/temp/assembly.fasta
2025-11-07 11:11:42.646 | INFO     | pypolca.utils.external_tools:run:50 - Started running freebayes -m 0 --min-coverage 3 -R 0 -p 1 -F 0.2 -E 0 -b PRJNA1131443.hybracter/processing/incomplete/pypolca/NCPPB_1335/temp/temp_bwa_sorted.bam -f PRJNA1131443.hybracter/processing/incomplete/pypolca/NCPPB_1335/temp/assembly.fasta -v PRJNA1131443.hybracter/processing/incomplete/pypolca/NCPPB_1335/NCPPB_1335.vcf ...
2025-11-07 11:14:03.136 | INFO     | pypolca.utils.external_tools:run:52 - Done running freebayes -m 0 --min-coverage 3 -R 0 -p 1 -F 0.2 -E 0 -b PRJNA1131443.hybracter/processing/incomplete/pypolca/NCPPB_1335/temp/temp_bwa_sorted.bam -f PRJNA1131443.hybracter/processing/incomplete/pypolca/NCPPB_1335/temp/assembly.fasta -v PRJNA1131443.hybracter/processing/incomplete/pypolca/NCPPB_1335/NCPPB_1335.vcf
2025-11-07 11:14:03.179 | INFO     | pypolca.utils.fix_consensus_from_vcf:fix_consensus_from_vcf:134 - POLCA has found variants. Fixing
2025-11-07 11:14:03.222 | INFO     | pypolca.utils.report:create_report:27 - Stats BEFORE polishing:
2025-11-07 11:14:03.222 | INFO     | pypolca.utils.report:create_report:29 - Substitution Errors Found: 532
2025-11-07 11:14:03.222 | INFO     | pypolca.utils.report:create_report:31 - Insertion/Deletion Errors Found: 286
2025-11-07 11:14:03.222 | INFO     | pypolca.utils.report:create_report:33 - Assembly Size: 5456822
2025-11-07 11:14:03.222 | INFO     | pypolca.utils.report:create_report:35 - Consensus Quality Before Polishing: 99.99
2025-11-07 11:14:03.222 | INFO     | pypolca.utils.report:create_report:37 - Consensus QV Before Polishing: 38.24
2025-11-07 11:14:03.222 | INFO     | pypolca:run:267 - Final report is in PRJNA1131443.hybracter/processing/incomplete/pypolca/NCPPB_1335/NCPPB_1335.report; polished assembly is in PRJNA1131443.hybracter/processing/incomplete/pypolca/NCPPB_1335/NCPPB_1335_corrected.fasta
2025-11-07 11:14:03.854 | INFO     | pypolca.utils.util:end_pypolca:110 - pypolca has finished
2025-11-07 11:14:03.855 | INFO     | pypolca.utils.util:end_pypolca:111 - Elapsed time: 237.27 seconds
