
[1;4;93mStarting Polypolish polish[0m [2m(2026-03-23 19:34:16)[0m
[2m    Polypolish is a tool for polishing genome assemblies with short reads.
Unlike other tools in this category, Polypolish uses SAM files where each read
has been aligned to all possible locations (not just a single best location).
This allows it to repair errors in repeat regions that other alignment-based
polishers cannot fix.[0m

Polypolish version: 0.6.1

Input assembly:
  hybracter-hybrid/processing/complete/medaka_rd_2/NCPPB_3983/consensus.fasta

Input short-read alignments:
  hybracter-hybrid/processing/complete/bwa/NCPPB_3983_1.sam
  hybracter-hybrid/processing/complete/bwa/NCPPB_3983_2.sam

Settings:
  --fraction_invalid 0.2
  --fraction_valid 0.5
  --max_errors 10
  --min_depth 5
  not logging debugging information


[1;4;93mLoading assembly[0m [2m(2026-03-23 19:34:16)[0m
1 (2,110,446 bp)
contig_1 (3,545,881 bp)


[1;4;93mLoading alignments[0m [2m(2026-03-23 19:34:17)[0m
hybracter-hybrid/processing/complete/bwa/NCPPB_3983_1.sam: 9,668,544 alignments from 9,131,241 reads
hybracter-hybrid/processing/complete/bwa/NCPPB_3983_2.sam: 9,670,550 alignments from 9,131,331 reads

Filtering for high-quality end-to-end alignments:
  18,800,002 alignments kept
  539,092 alignments discarded


[1;4;93mPolishing assembly sequences[0m [2m(2026-03-23 19:35:25)[0m
[2m    For each position in the assembly, Polypolish determines the read depth
at that position and collects all aligned bases. It then polishes the assembly
by looking for positions where the pileup unambiguously supports a different
sequence than the assembly.[0m

Polishing 1 (2,110,446 bp):
  mean read depth: 417.6x
  3 bp have a depth of zero (99.9999% coverage)
  2 positions changed (0.0001% of total positions)
  estimated pre-polishing sequence accuracy: 99.9999% (Q60.23)

Polishing contig_1 (3,545,881 bp):
  mean read depth: 415.6x
  3 bp have a depth of zero (99.9999% coverage)
  3 positions changed (0.0001% of total positions)
  estimated pre-polishing sequence accuracy: 99.9999% (Q60.73)


[1;4;93mFinished![0m [2m(2026-03-23 19:35:26)[0m
Polished sequence (to stdout):
  1_polypolish (2,110,446 bp)
  contig_1_polypolish (3,545,880 bp)

Time to run: 0:01:09.855346

