/data/djs217/miniconda3/envs/hybracter_env/lib/python3.11/site-packages/hybracter/workflow/conda/7aafc1085ca44eee01942c03ca74ecad_/lib/python3.11/site-packages/medaka/common.py:16: UserWarning: pkg_resources is deprecated as an API. See https://setuptools.pypa.io/en/latest/pkg_resources.html. The pkg_resources package is slated for removal as early as 2025-11-30. Refrain from using this package or pin to Setuptools<81.
  from pkg_resources import resource_filename
/data/djs217/miniconda3/envs/hybracter_env/lib/python3.11/site-packages/hybracter/workflow/conda/7aafc1085ca44eee01942c03ca74ecad_/lib/python3.11/site-packages/medaka/common.py:16: UserWarning: pkg_resources is deprecated as an API. See https://setuptools.pypa.io/en/latest/pkg_resources.html. The pkg_resources package is slated for removal as early as 2025-11-30. Refrain from using this package or pin to Setuptools<81.
  from pkg_resources import resource_filename
/data/djs217/miniconda3/envs/hybracter_env/lib/python3.11/site-packages/hybracter/workflow/conda/7aafc1085ca44eee01942c03ca74ecad_/lib/python3.11/site-packages/medaka/common.py:16: UserWarning: pkg_resources is deprecated as an API. See https://setuptools.pypa.io/en/latest/pkg_resources.html. The pkg_resources package is slated for removal as early as 2025-11-30. Refrain from using this package or pin to Setuptools<81.
  from pkg_resources import resource_filename
[18:32:09 - MdlStrTGZ] Successfully removed temporary files from /tmp/tmpisyjwf7d.
/data/djs217/miniconda3/envs/hybracter_env/lib/python3.11/site-packages/hybracter/workflow/conda/7aafc1085ca44eee01942c03ca74ecad_/lib/python3.11/site-packages/medaka/common.py:16: UserWarning: pkg_resources is deprecated as an API. See https://setuptools.pypa.io/en/latest/pkg_resources.html. The pkg_resources package is slated for removal as early as 2025-11-30. Refrain from using this package or pin to Setuptools<81.
  from pkg_resources import resource_filename
[18:32:11 - MdlStrTGZ] Successfully removed temporary files from /tmp/tmpaw0oc9on.
Creating fai index file /data/djs217/PROJECTS/PRJNA1129555/hybracter-hybrid/processing/pre_polish/NCPPB_3441_chromosome_plus_plasmids.fasta.fai
Creating mmi index file /data/djs217/PROJECTS/PRJNA1129555/hybracter-hybrid/processing/pre_polish/NCPPB_3441_chromosome_plus_plasmids.fasta.map-ont.mmi
[M::mm_idx_gen::0.200*1.01] collected minimizers
[M::mm_idx_gen::0.262*1.42] sorted minimizers
[M::main::0.324*1.34] loaded/built the index for 2 target sequence(s)
[M::mm_idx_stat] kmer size: 15; skip: 10; is_hpc: 0; #seq: 2
[M::mm_idx_stat::0.340*1.33] distinct minimizers: 903696 (94.89% are singletons); average occurrences: 1.066; average spacing: 5.355; total length: 5160133
[M::main] Version: 2.30-r1287
[M::main] CMD: minimap2 -I 16G -x map-ont -d /data/djs217/PROJECTS/PRJNA1129555/hybracter-hybrid/processing/pre_polish/NCPPB_3441_chromosome_plus_plasmids.fasta.map-ont.mmi /data/djs217/PROJECTS/PRJNA1129555/hybracter-hybrid/processing/pre_polish/NCPPB_3441_chromosome_plus_plasmids.fasta
[M::main] Real time: 0.356 sec; CPU: 0.467 sec; Peak RSS: 0.055 GB
[M::main::0.076*1.02] loaded/built the index for 2 target sequence(s)
[M::mm_mapopt_update::0.098*1.02] mid_occ = 18
[M::mm_idx_stat] kmer size: 15; skip: 10; is_hpc: 0; #seq: 2
[M::mm_idx_stat::0.115*1.02] distinct minimizers: 903696 (94.89% are singletons); average occurrences: 1.066; average spacing: 5.355; total length: 5160133
[M::worker_pipeline::24.421*5.70] mapped 20780 sequences
[M::main] Version: 2.30-r1287
[M::main] CMD: minimap2 -x map-ont --secondary=no -L --MD -A 2 -B 4 -O 4,24 -E 2,1 -t 12 -a /data/djs217/PROJECTS/PRJNA1129555/hybracter-hybrid/processing/pre_polish/NCPPB_3441_chromosome_plus_plasmids.fasta.map-ont.mmi /data/djs217/PROJECTS/PRJNA1129555/hybracter-hybrid/processing/qc/NCPPB_3441_filt_trim.fastq.gz
[M::main] Real time: 24.433 sec; CPU: 139.186 sec; Peak RSS: 2.112 GB
[bam_sort_core] merging from 0 files and 12 in-memory blocks...
/data/djs217/miniconda3/envs/hybracter_env/lib/python3.11/site-packages/hybracter/workflow/conda/7aafc1085ca44eee01942c03ca74ecad_/lib/python3.11/site-packages/medaka/common.py:16: UserWarning: pkg_resources is deprecated as an API. See https://setuptools.pypa.io/en/latest/pkg_resources.html. The pkg_resources package is slated for removal as early as 2025-11-30. Refrain from using this package or pin to Setuptools<81.
  from pkg_resources import resource_filename
[18:32:45 - Predict] Processing region(s): contig_2:0-5042196 1:0-117937
[18:32:45 - Predict] Using model: /data/djs217/miniconda3/envs/hybracter_env/lib/python3.11/site-packages/hybracter/workflow/conda/7aafc1085ca44eee01942c03ca74ecad_/lib/python3.11/site-packages/medaka/data/r1041_e82_400bps_sup_v5.0.0_model_pt.tar.gz.
[18:32:45 - Predict] Using minimum mapQ threshold of 1 for read filtering.
[18:32:45 - MdlStrTGZ] Model GRUModel(
  (gru): GRU(10, 128, num_layers=2, batch_first=True, bidirectional=True)
  (linear): Linear(in_features=256, out_features=5, bias=True)
)
[18:32:45 - MdlStrTGZ] loading weights from /tmp/tmpc8767mp5/model/weights.pt
[18:32:45 - MdlStrTGZ] Successfully removed temporary files from /tmp/tmpc8767mp5.
[18:32:45 - Predict] Model device: cpu
[18:32:45 - Predict] Running prediction at full precision
[18:32:45 - BAMFile] Creating pool of 16 BAM file sets.
[18:32:45 - Predict] Processing 7 long region(s) with batching.
[18:32:45 - Sampler] Initializing sampler for consensus of region contig_2:0-1000000.
[18:32:45 - Sampler] Initializing sampler for consensus of region contig_2:999000-1999000.
[18:32:45 - PWorker] Running inference for 5.2M draft bases.
[18:32:46 - Feature] Processed contig_2:0.0-999999.0 (median depth 87.0)
[18:32:46 - Sampler] Took 1.63s to make features.
[18:32:46 - Sampler] Initializing sampler for consensus of region contig_2:1998000-2998000.
[18:32:47 - Feature] Processed contig_2:999000.0-1998999.1 (median depth 98.0)
[18:32:47 - Sampler] Took 1.99s to make features.
[18:32:47 - Sampler] Initializing sampler for consensus of region contig_2:2997000-3997000.
[18:32:47 - Feature] Processed contig_2:1998000.0-2997999.0 (median depth 90.0)
[18:32:47 - Sampler] Took 1.08s to make features.
[18:32:47 - Sampler] Initializing sampler for consensus of region contig_2:3996000-4996000.
[18:32:48 - Feature] Processed contig_2:2997000.0-3996999.1 (median depth 76.0)
[18:32:48 - Sampler] Took 1.21s to make features.
[18:32:48 - Sampler] Initializing sampler for consensus of region contig_2:4995000-5042196.
[18:32:48 - Feature] Processed contig_2:4995000.0-5042195.0 (median depth 65.0)
[18:32:48 - Sampler] Took 0.30s to make features.
[18:32:48 - Sampler] Initializing sampler for consensus of region 1:0-117937.
[18:32:49 - Feature] Processed 1:0.0-117936.0 (median depth 94.0)
[18:32:49 - Sampler] Took 0.45s to make features.
[18:32:49 - Feature] Processed contig_2:3996000.0-4995999.0 (median depth 73.0)
[18:32:49 - Sampler] Took 1.22s to make features.
[18:32:57 - PWorker] Batches in cache: 7.
[18:32:57 - PWorker] 15.2% Done (0.8/5.2 Mbases) in 12.3s
[18:33:05 - PWorker] Batches in cache: 6.
[18:33:13 - PWorker] Batches in cache: 5.
[18:33:14 - PWorker] 45.2% Done (2.3/5.2 Mbases) in 28.8s
[18:33:47 - PWorker] Batches in cache: 4.
[18:33:47 - PWorker] 60.1% Done (3.1/5.2 Mbases) in 62.6s
[18:34:08 - PWorker] Batches in cache: 3.
[18:34:08 - PWorker] 75.5% Done (3.9/5.2 Mbases) in 83.2s
[18:34:16 - PWorker] Batches in cache: 2.
[18:35:10 - PWorker] Batches in cache: 1.
[18:35:10 - PWorker] 100.0% Done (5.2/5.2 Mbases) in 145.2s
[18:35:10 - PWorker] Processed 7 batches
[18:35:10 - PWorker] All done, 0 remainder regions.
[18:35:10 - Predict] Finished processing all regions.
/data/djs217/miniconda3/envs/hybracter_env/lib/python3.11/site-packages/hybracter/workflow/conda/7aafc1085ca44eee01942c03ca74ecad_/lib/python3.11/site-packages/medaka/common.py:16: UserWarning: pkg_resources is deprecated as an API. See https://setuptools.pypa.io/en/latest/pkg_resources.html. The pkg_resources package is slated for removal as early as 2025-11-30. Refrain from using this package or pin to Setuptools<81.
  from pkg_resources import resource_filename
[18:35:12 - DataIndx] Loaded 1/1 (100.00%) sample files.
[18:35:12 - DataIndx] Loaded 1/1 (100.00%) sample files.
[18:35:12 - DataIndx] Loaded 1/1 (100.00%) sample files.
[18:35:12 - DataIndx] Loaded 1/1 (100.00%) sample files.
[18:35:12 - DataIndx] Loaded 1/1 (100.00%) sample files.
[18:35:12 - DataIndx] Loaded 1/1 (100.00%) sample files.
[18:35:12 - DataIndx] Loaded 1/1 (100.00%) sample files.
[18:35:12 - DataIndx] Loaded 1/1 (100.00%) sample files.
