/data/djs217/miniconda3/envs/hybracter_env/lib/python3.11/site-packages/hybracter/workflow/conda/7aafc1085ca44eee01942c03ca74ecad_/lib/python3.11/site-packages/medaka/common.py:16: UserWarning: pkg_resources is deprecated as an API. See https://setuptools.pypa.io/en/latest/pkg_resources.html. The pkg_resources package is slated for removal as early as 2025-11-30. Refrain from using this package or pin to Setuptools<81.
  from pkg_resources import resource_filename
/data/djs217/miniconda3/envs/hybracter_env/lib/python3.11/site-packages/hybracter/workflow/conda/7aafc1085ca44eee01942c03ca74ecad_/lib/python3.11/site-packages/medaka/common.py:16: UserWarning: pkg_resources is deprecated as an API. See https://setuptools.pypa.io/en/latest/pkg_resources.html. The pkg_resources package is slated for removal as early as 2025-11-30. Refrain from using this package or pin to Setuptools<81.
  from pkg_resources import resource_filename
/data/djs217/miniconda3/envs/hybracter_env/lib/python3.11/site-packages/hybracter/workflow/conda/7aafc1085ca44eee01942c03ca74ecad_/lib/python3.11/site-packages/medaka/common.py:16: UserWarning: pkg_resources is deprecated as an API. See https://setuptools.pypa.io/en/latest/pkg_resources.html. The pkg_resources package is slated for removal as early as 2025-11-30. Refrain from using this package or pin to Setuptools<81.
  from pkg_resources import resource_filename
[21:49:25 - MdlStrTGZ] Successfully removed temporary files from /tmp/tmpvd90ebm4.
/data/djs217/miniconda3/envs/hybracter_env/lib/python3.11/site-packages/hybracter/workflow/conda/7aafc1085ca44eee01942c03ca74ecad_/lib/python3.11/site-packages/medaka/common.py:16: UserWarning: pkg_resources is deprecated as an API. See https://setuptools.pypa.io/en/latest/pkg_resources.html. The pkg_resources package is slated for removal as early as 2025-11-30. Refrain from using this package or pin to Setuptools<81.
  from pkg_resources import resource_filename
[21:49:27 - MdlStrTGZ] Successfully removed temporary files from /tmp/tmp510onufv.
Creating fai index file /data/djs217/PROJECTS/PRJNA1129555/hybracter-hybrid/processing/pre_polish/NCPPB_1560_chromosome_plus_plasmids.fasta.fai
Creating mmi index file /data/djs217/PROJECTS/PRJNA1129555/hybracter-hybrid/processing/pre_polish/NCPPB_1560_chromosome_plus_plasmids.fasta.map-ont.mmi
[M::mm_idx_gen::0.183*1.01] collected minimizers
[M::mm_idx_gen::0.256*1.49] sorted minimizers
[M::main::0.322*1.39] loaded/built the index for 2 target sequence(s)
[M::mm_idx_stat] kmer size: 15; skip: 10; is_hpc: 0; #seq: 2
[M::mm_idx_stat::0.338*1.37] distinct minimizers: 922893 (94.39% are singletons); average occurrences: 1.075; average spacing: 5.360; total length: 5317861
[M::main] Version: 2.30-r1287
[M::main] CMD: minimap2 -I 16G -x map-ont -d /data/djs217/PROJECTS/PRJNA1129555/hybracter-hybrid/processing/pre_polish/NCPPB_1560_chromosome_plus_plasmids.fasta.map-ont.mmi /data/djs217/PROJECTS/PRJNA1129555/hybracter-hybrid/processing/pre_polish/NCPPB_1560_chromosome_plus_plasmids.fasta
[M::main] Real time: 0.347 sec; CPU: 0.473 sec; Peak RSS: 0.056 GB
[M::main::0.069*1.02] loaded/built the index for 2 target sequence(s)
[M::mm_mapopt_update::0.091*1.02] mid_occ = 13
[M::mm_idx_stat] kmer size: 15; skip: 10; is_hpc: 0; #seq: 2
[M::mm_idx_stat::0.107*1.01] distinct minimizers: 922893 (94.39% are singletons); average occurrences: 1.075; average spacing: 5.360; total length: 5317861
[M::worker_pipeline::20.929*7.00] mapped 19364 sequences
[M::main] Version: 2.30-r1287
[M::main] CMD: minimap2 -x map-ont --secondary=no -L --MD -A 2 -B 4 -O 4,24 -E 2,1 -t 12 -a /data/djs217/PROJECTS/PRJNA1129555/hybracter-hybrid/processing/pre_polish/NCPPB_1560_chromosome_plus_plasmids.fasta.map-ont.mmi /data/djs217/PROJECTS/PRJNA1129555/hybracter-hybrid/processing/qc/NCPPB_1560_filt_trim.fastq.gz
[M::main] Real time: 20.941 sec; CPU: 146.482 sec; Peak RSS: 2.270 GB
[bam_sort_core] merging from 0 files and 12 in-memory blocks...
/data/djs217/miniconda3/envs/hybracter_env/lib/python3.11/site-packages/hybracter/workflow/conda/7aafc1085ca44eee01942c03ca74ecad_/lib/python3.11/site-packages/medaka/common.py:16: UserWarning: pkg_resources is deprecated as an API. See https://setuptools.pypa.io/en/latest/pkg_resources.html. The pkg_resources package is slated for removal as early as 2025-11-30. Refrain from using this package or pin to Setuptools<81.
  from pkg_resources import resource_filename
[21:49:57 - Predict] Processing region(s): contig_1:0-5294549 1:0-23312
[21:49:57 - Predict] Using model: /data/djs217/miniconda3/envs/hybracter_env/lib/python3.11/site-packages/hybracter/workflow/conda/7aafc1085ca44eee01942c03ca74ecad_/lib/python3.11/site-packages/medaka/data/r1041_e82_400bps_sup_v5.0.0_model_pt.tar.gz.
[21:49:57 - Predict] Using minimum mapQ threshold of 1 for read filtering.
[21:49:57 - MdlStrTGZ] Model GRUModel(
  (gru): GRU(10, 128, num_layers=2, batch_first=True, bidirectional=True)
  (linear): Linear(in_features=256, out_features=5, bias=True)
)
[21:49:57 - MdlStrTGZ] loading weights from /tmp/tmppg8aza73/model/weights.pt
[21:49:57 - MdlStrTGZ] Successfully removed temporary files from /tmp/tmppg8aza73.
[21:49:57 - Predict] Model device: cpu
[21:49:57 - Predict] Running prediction at full precision
[21:49:57 - BAMFile] Creating pool of 16 BAM file sets.
[21:49:57 - Predict] Processing 7 long region(s) with batching.
[21:49:57 - Sampler] Initializing sampler for consensus of region contig_1:0-1000000.
[21:49:57 - Sampler] Initializing sampler for consensus of region contig_1:999000-1999000.
[21:49:57 - PWorker] Running inference for 5.3M draft bases.
[21:49:59 - Feature] Processed contig_1:0.0-999999.0 (median depth 73.0)
[21:49:59 - Sampler] Took 1.76s to make features.
[21:49:59 - Sampler] Initializing sampler for consensus of region contig_1:1998000-2998000.
[21:49:59 - Feature] Processed contig_1:999000.0-1998999.1 (median depth 63.0)
[21:49:59 - Sampler] Took 1.84s to make features.
[21:49:59 - Sampler] Initializing sampler for consensus of region contig_1:2997000-3997000.
[21:50:00 - Feature] Processed contig_1:1998000.0-2997999.0 (median depth 73.0)
[21:50:00 - Sampler] Took 1.24s to make features.
[21:50:00 - Sampler] Initializing sampler for consensus of region contig_1:3996000-4996000.
[21:50:00 - Feature] Processed contig_1:2997000.0-3996999.0 (median depth 98.0)
[21:50:00 - Sampler] Took 1.39s to make features.
[21:50:00 - Sampler] Initializing sampler for consensus of region contig_1:4995000-5294549.
[21:50:01 - Feature] Processed contig_1:4995000.0-5294548.0 (median depth 90.0)
[21:50:01 - Sampler] Took 0.94s to make features.
[21:50:01 - Sampler] Initializing sampler for consensus of region 1:0-23312.
[21:50:01 - Feature] Processed 1:0.0-23311.0 (median depth 29.0)
[21:50:01 - Sampler] Took 0.20s to make features.
[21:50:01 - Feature] Processed contig_1:3996000.0-4995999.0 (median depth 106.0)
[21:50:01 - Sampler] Took 1.49s to make features.
[21:50:08 - PWorker] Batches in cache: 7.
[21:50:08 - PWorker] 15.1% Done (0.8/5.3 Mbases) in 11.6s
[21:50:16 - PWorker] Batches in cache: 6.
[21:50:23 - PWorker] Batches in cache: 5.
[21:50:23 - PWorker] 45.7% Done (2.4/5.3 Mbases) in 26.4s
[21:50:31 - PWorker] Batches in cache: 4.
[21:50:38 - PWorker] Batches in cache: 3.
[21:50:38 - PWorker] 75.2% Done (4.0/5.3 Mbases) in 41.0s
[21:50:45 - PWorker] Batches in cache: 2.
[21:50:50 - PWorker] Batches in cache: 1.
[21:50:50 - PWorker] 100.0% Done (5.3/5.3 Mbases) in 53.7s
[21:50:51 - PWorker] Processed 7 batches
[21:50:51 - PWorker] All done, 0 remainder regions.
[21:50:51 - Predict] Finished processing all regions.
/data/djs217/miniconda3/envs/hybracter_env/lib/python3.11/site-packages/hybracter/workflow/conda/7aafc1085ca44eee01942c03ca74ecad_/lib/python3.11/site-packages/medaka/common.py:16: UserWarning: pkg_resources is deprecated as an API. See https://setuptools.pypa.io/en/latest/pkg_resources.html. The pkg_resources package is slated for removal as early as 2025-11-30. Refrain from using this package or pin to Setuptools<81.
  from pkg_resources import resource_filename
[21:50:53 - DataIndx] Loaded 1/1 (100.00%) sample files.
[21:50:53 - DataIndx] Loaded 1/1 (100.00%) sample files.
[21:50:53 - DataIndx] Loaded 1/1 (100.00%) sample files.
[21:50:53 - DataIndx] Loaded 1/1 (100.00%) sample files.
[21:50:53 - DataIndx] Loaded 1/1 (100.00%) sample files.
[21:50:53 - DataIndx] Loaded 1/1 (100.00%) sample files.
[21:50:53 - DataIndx] Loaded 1/1 (100.00%) sample files.
[21:50:53 - DataIndx] Loaded 1/1 (100.00%) sample files.
