/data/djs217/miniconda3/envs/hybracter_env/lib/python3.11/site-packages/hybracter/workflow/conda/7aafc1085ca44eee01942c03ca74ecad_/lib/python3.11/site-packages/medaka/common.py:16: UserWarning: pkg_resources is deprecated as an API. See https://setuptools.pypa.io/en/latest/pkg_resources.html. The pkg_resources package is slated for removal as early as 2025-11-30. Refrain from using this package or pin to Setuptools<81.
  from pkg_resources import resource_filename
/data/djs217/miniconda3/envs/hybracter_env/lib/python3.11/site-packages/hybracter/workflow/conda/7aafc1085ca44eee01942c03ca74ecad_/lib/python3.11/site-packages/medaka/common.py:16: UserWarning: pkg_resources is deprecated as an API. See https://setuptools.pypa.io/en/latest/pkg_resources.html. The pkg_resources package is slated for removal as early as 2025-11-30. Refrain from using this package or pin to Setuptools<81.
  from pkg_resources import resource_filename
/data/djs217/miniconda3/envs/hybracter_env/lib/python3.11/site-packages/hybracter/workflow/conda/7aafc1085ca44eee01942c03ca74ecad_/lib/python3.11/site-packages/medaka/common.py:16: UserWarning: pkg_resources is deprecated as an API. See https://setuptools.pypa.io/en/latest/pkg_resources.html. The pkg_resources package is slated for removal as early as 2025-11-30. Refrain from using this package or pin to Setuptools<81.
  from pkg_resources import resource_filename
[05:52:50 - MdlStrTGZ] Successfully removed temporary files from /tmp/tmpsjbhytv6.
/data/djs217/miniconda3/envs/hybracter_env/lib/python3.11/site-packages/hybracter/workflow/conda/7aafc1085ca44eee01942c03ca74ecad_/lib/python3.11/site-packages/medaka/common.py:16: UserWarning: pkg_resources is deprecated as an API. See https://setuptools.pypa.io/en/latest/pkg_resources.html. The pkg_resources package is slated for removal as early as 2025-11-30. Refrain from using this package or pin to Setuptools<81.
  from pkg_resources import resource_filename
[05:52:52 - MdlStrTGZ] Successfully removed temporary files from /tmp/tmpooummkdm.
Creating fai index file /data/djs217/PROJECTS/PRJNA1129555/hybracter-hybrid/processing/pre_polish/NCPPB_3442_chromosome_plus_plasmids.fasta.fai
Creating mmi index file /data/djs217/PROJECTS/PRJNA1129555/hybracter-hybrid/processing/pre_polish/NCPPB_3442_chromosome_plus_plasmids.fasta.map-ont.mmi
[M::mm_idx_gen::0.169*1.01] collected minimizers
[M::mm_idx_gen::0.227*1.50] sorted minimizers
[M::main::0.291*1.39] loaded/built the index for 2 target sequence(s)
[M::mm_idx_stat] kmer size: 15; skip: 10; is_hpc: 0; #seq: 2
[M::mm_idx_stat::0.305*1.37] distinct minimizers: 898747 (94.90% are singletons); average occurrences: 1.067; average spacing: 5.355; total length: 5133263
[M::main] Version: 2.30-r1287
[M::main] CMD: minimap2 -I 16G -x map-ont -d /data/djs217/PROJECTS/PRJNA1129555/hybracter-hybrid/processing/pre_polish/NCPPB_3442_chromosome_plus_plasmids.fasta.map-ont.mmi /data/djs217/PROJECTS/PRJNA1129555/hybracter-hybrid/processing/pre_polish/NCPPB_3442_chromosome_plus_plasmids.fasta
[M::main] Real time: 0.311 sec; CPU: 0.424 sec; Peak RSS: 0.050 GB
[M::main::0.076*1.04] loaded/built the index for 2 target sequence(s)
[M::mm_mapopt_update::0.094*1.03] mid_occ = 20
[M::mm_idx_stat] kmer size: 15; skip: 10; is_hpc: 0; #seq: 2
[M::mm_idx_stat::0.107*1.03] distinct minimizers: 898747 (94.90% are singletons); average occurrences: 1.067; average spacing: 5.355; total length: 5133263
[M::worker_pipeline::18.696*6.86] mapped 46293 sequences
[M::main] Version: 2.30-r1287
[M::main] CMD: minimap2 -x map-ont --secondary=no -L --MD -A 2 -B 4 -O 4,24 -E 2,1 -t 12 -a /data/djs217/PROJECTS/PRJNA1129555/hybracter-hybrid/processing/pre_polish/NCPPB_3442_chromosome_plus_plasmids.fasta.map-ont.mmi /data/djs217/PROJECTS/PRJNA1129555/hybracter-hybrid/processing/qc/NCPPB_3442_filt_trim.fastq.gz
[M::main] Real time: 18.710 sec; CPU: 128.190 sec; Peak RSS: 2.023 GB
[bam_sort_core] merging from 0 files and 12 in-memory blocks...
/data/djs217/miniconda3/envs/hybracter_env/lib/python3.11/site-packages/hybracter/workflow/conda/7aafc1085ca44eee01942c03ca74ecad_/lib/python3.11/site-packages/medaka/common.py:16: UserWarning: pkg_resources is deprecated as an API. See https://setuptools.pypa.io/en/latest/pkg_resources.html. The pkg_resources package is slated for removal as early as 2025-11-30. Refrain from using this package or pin to Setuptools<81.
  from pkg_resources import resource_filename
[05:53:18 - Predict] Processing region(s): contig_1:0-5015326 1:0-117937
[05:53:18 - Predict] Using model: /data/djs217/miniconda3/envs/hybracter_env/lib/python3.11/site-packages/hybracter/workflow/conda/7aafc1085ca44eee01942c03ca74ecad_/lib/python3.11/site-packages/medaka/data/r1041_e82_400bps_sup_v5.0.0_model_pt.tar.gz.
[05:53:18 - Predict] Using minimum mapQ threshold of 1 for read filtering.
[05:53:18 - MdlStrTGZ] Model GRUModel(
  (gru): GRU(10, 128, num_layers=2, batch_first=True, bidirectional=True)
  (linear): Linear(in_features=256, out_features=5, bias=True)
)
[05:53:18 - MdlStrTGZ] loading weights from /tmp/tmpqitqp741/model/weights.pt
[05:53:18 - MdlStrTGZ] Successfully removed temporary files from /tmp/tmpqitqp741.
[05:53:18 - Predict] Model device: cpu
[05:53:18 - Predict] Running prediction at full precision
[05:53:18 - BAMFile] Creating pool of 16 BAM file sets.
[05:53:18 - Predict] Processing 7 long region(s) with batching.
[05:53:18 - Sampler] Initializing sampler for consensus of region contig_1:0-1000000.
[05:53:18 - Sampler] Initializing sampler for consensus of region contig_1:999000-1999000.
[05:53:18 - PWorker] Running inference for 5.1M draft bases.
[05:53:21 - Feature] Processed contig_1:999000.0-1998999.0 (median depth 73.0)
[05:53:21 - Sampler] Took 3.12s to make features.
[05:53:21 - Sampler] Initializing sampler for consensus of region contig_1:1998000-2998000.
[05:53:21 - Feature] Processed contig_1:0.0-999999.0 (median depth 87.0)
[05:53:21 - Sampler] Took 3.14s to make features.
[05:53:21 - Sampler] Initializing sampler for consensus of region contig_1:2997000-3997000.
[05:53:22 - Feature] Processed contig_1:1998000.0-2997999.0 (median depth 62.0)
[05:53:22 - Sampler] Took 1.05s to make features.
[05:53:22 - Sampler] Initializing sampler for consensus of region contig_1:3996000-4996000.
[05:53:22 - Feature] Processed contig_1:2997000.0-3996999.0 (median depth 70.0)
[05:53:22 - Sampler] Took 1.23s to make features.
[05:53:22 - Sampler] Initializing sampler for consensus of region contig_1:4995000-5015326.
[05:53:22 - Feature] Processed contig_1:4995000.0-5015325.0 (median depth 84.0)
[05:53:22 - Sampler] Took 0.28s to make features.
[05:53:22 - Sampler] Initializing sampler for consensus of region 1:0-117937.
[05:53:23 - Feature] Processed 1:0.0-117936.0 (median depth 90.0)
[05:53:23 - Sampler] Took 0.54s to make features.
[05:53:23 - Feature] Processed contig_1:3996000.0-4995999.0 (median depth 83.0)
[05:53:23 - Sampler] Took 1.29s to make features.
[05:53:31 - PWorker] Batches in cache: 7.
[05:53:31 - PWorker] 14.3% Done (0.7/5.1 Mbases) in 13.3s
[05:53:38 - PWorker] Batches in cache: 6.
[05:53:46 - PWorker] Batches in cache: 5.
[05:53:46 - PWorker] 42.3% Done (2.2/5.1 Mbases) in 28.1s
[05:53:53 - PWorker] Batches in cache: 4.
[05:54:00 - PWorker] Batches in cache: 3.
[05:54:00 - PWorker] 72.3% Done (3.7/5.1 Mbases) in 42.5s
[05:54:08 - PWorker] Batches in cache: 2.
[05:54:15 - PWorker] Batches in cache: 1.
[05:54:15 - PWorker] 100.0% Done (5.1/5.1 Mbases) in 57.0s
[05:54:15 - PWorker] Processed 7 batches
[05:54:15 - PWorker] All done, 0 remainder regions.
[05:54:15 - Predict] Finished processing all regions.
/data/djs217/miniconda3/envs/hybracter_env/lib/python3.11/site-packages/hybracter/workflow/conda/7aafc1085ca44eee01942c03ca74ecad_/lib/python3.11/site-packages/medaka/common.py:16: UserWarning: pkg_resources is deprecated as an API. See https://setuptools.pypa.io/en/latest/pkg_resources.html. The pkg_resources package is slated for removal as early as 2025-11-30. Refrain from using this package or pin to Setuptools<81.
  from pkg_resources import resource_filename
[05:54:17 - DataIndx] Loaded 1/1 (100.00%) sample files.
[05:54:17 - DataIndx] Loaded 1/1 (100.00%) sample files.
[05:54:17 - DataIndx] Loaded 1/1 (100.00%) sample files.
[05:54:17 - DataIndx] Loaded 1/1 (100.00%) sample files.
[05:54:17 - DataIndx] Loaded 1/1 (100.00%) sample files.
[05:54:17 - DataIndx] Loaded 1/1 (100.00%) sample files.
[05:54:17 - DataIndx] Loaded 1/1 (100.00%) sample files.
[05:54:17 - DataIndx] Loaded 1/1 (100.00%) sample files.
