/data/djs217/miniconda3/envs/hybracter_env/lib/python3.11/site-packages/hybracter/workflow/conda/7aafc1085ca44eee01942c03ca74ecad_/lib/python3.11/site-packages/medaka/common.py:16: UserWarning: pkg_resources is deprecated as an API. See https://setuptools.pypa.io/en/latest/pkg_resources.html. The pkg_resources package is slated for removal as early as 2025-11-30. Refrain from using this package or pin to Setuptools<81.
  from pkg_resources import resource_filename
/data/djs217/miniconda3/envs/hybracter_env/lib/python3.11/site-packages/hybracter/workflow/conda/7aafc1085ca44eee01942c03ca74ecad_/lib/python3.11/site-packages/medaka/common.py:16: UserWarning: pkg_resources is deprecated as an API. See https://setuptools.pypa.io/en/latest/pkg_resources.html. The pkg_resources package is slated for removal as early as 2025-11-30. Refrain from using this package or pin to Setuptools<81.
  from pkg_resources import resource_filename
/data/djs217/miniconda3/envs/hybracter_env/lib/python3.11/site-packages/hybracter/workflow/conda/7aafc1085ca44eee01942c03ca74ecad_/lib/python3.11/site-packages/medaka/common.py:16: UserWarning: pkg_resources is deprecated as an API. See https://setuptools.pypa.io/en/latest/pkg_resources.html. The pkg_resources package is slated for removal as early as 2025-11-30. Refrain from using this package or pin to Setuptools<81.
  from pkg_resources import resource_filename
[06:59:27 - MdlStrTGZ] Successfully removed temporary files from /tmp/tmpxsibfrcn.
/data/djs217/miniconda3/envs/hybracter_env/lib/python3.11/site-packages/hybracter/workflow/conda/7aafc1085ca44eee01942c03ca74ecad_/lib/python3.11/site-packages/medaka/common.py:16: UserWarning: pkg_resources is deprecated as an API. See https://setuptools.pypa.io/en/latest/pkg_resources.html. The pkg_resources package is slated for removal as early as 2025-11-30. Refrain from using this package or pin to Setuptools<81.
  from pkg_resources import resource_filename
[06:59:29 - MdlStrTGZ] Successfully removed temporary files from /tmp/tmpti6rantt.
Creating fai index file /data/djs217/PROJECTS/PRJNA1129555/hybracter-hybrid/processing/pre_polish/NCPPB_3570_chromosome_plus_plasmids.fasta.fai
Creating mmi index file /data/djs217/PROJECTS/PRJNA1129555/hybracter-hybrid/processing/pre_polish/NCPPB_3570_chromosome_plus_plasmids.fasta.map-ont.mmi
[M::mm_idx_gen::0.164*1.02] collected minimizers
[M::mm_idx_gen::0.217*1.49] sorted minimizers
[M::main::0.275*1.38] loaded/built the index for 1 target sequence(s)
[M::mm_idx_stat] kmer size: 15; skip: 10; is_hpc: 0; #seq: 1
[M::mm_idx_stat::0.287*1.37] distinct minimizers: 800833 (90.65% are singletons); average occurrences: 1.142; average spacing: 5.362; total length: 4905533
[M::main] Version: 2.30-r1287
[M::main] CMD: minimap2 -I 16G -x map-ont -d /data/djs217/PROJECTS/PRJNA1129555/hybracter-hybrid/processing/pre_polish/NCPPB_3570_chromosome_plus_plasmids.fasta.map-ont.mmi /data/djs217/PROJECTS/PRJNA1129555/hybracter-hybrid/processing/pre_polish/NCPPB_3570_chromosome_plus_plasmids.fasta
[M::main] Real time: 0.292 sec; CPU: 0.398 sec; Peak RSS: 0.049 GB
[M::main::0.052*1.02] loaded/built the index for 1 target sequence(s)
[M::mm_mapopt_update::0.069*1.02] mid_occ = 14
[M::mm_idx_stat] kmer size: 15; skip: 10; is_hpc: 0; #seq: 1
[M::mm_idx_stat::0.080*1.01] distinct minimizers: 800833 (90.65% are singletons); average occurrences: 1.142; average spacing: 5.362; total length: 4905533
[M::worker_pipeline::15.565*6.99] mapped 29817 sequences
[M::main] Version: 2.30-r1287
[M::main] CMD: minimap2 -x map-ont --secondary=no -L --MD -A 2 -B 4 -O 4,24 -E 2,1 -t 12 -a /data/djs217/PROJECTS/PRJNA1129555/hybracter-hybrid/processing/pre_polish/NCPPB_3570_chromosome_plus_plasmids.fasta.map-ont.mmi /data/djs217/PROJECTS/PRJNA1129555/hybracter-hybrid/processing/qc/NCPPB_3570_filt_trim.fastq.gz
[M::main] Real time: 15.575 sec; CPU: 108.755 sec; Peak RSS: 2.696 GB
[bam_sort_core] merging from 0 files and 12 in-memory blocks...
/data/djs217/miniconda3/envs/hybracter_env/lib/python3.11/site-packages/hybracter/workflow/conda/7aafc1085ca44eee01942c03ca74ecad_/lib/python3.11/site-packages/medaka/common.py:16: UserWarning: pkg_resources is deprecated as an API. See https://setuptools.pypa.io/en/latest/pkg_resources.html. The pkg_resources package is slated for removal as early as 2025-11-30. Refrain from using this package or pin to Setuptools<81.
  from pkg_resources import resource_filename
[06:59:51 - Predict] Processing region(s): contig_1:0-4905533
[06:59:51 - Predict] Using model: /data/djs217/miniconda3/envs/hybracter_env/lib/python3.11/site-packages/hybracter/workflow/conda/7aafc1085ca44eee01942c03ca74ecad_/lib/python3.11/site-packages/medaka/data/r1041_e82_400bps_sup_v5.0.0_model_pt.tar.gz.
[06:59:51 - Predict] Using minimum mapQ threshold of 1 for read filtering.
[06:59:51 - MdlStrTGZ] Model GRUModel(
  (gru): GRU(10, 128, num_layers=2, batch_first=True, bidirectional=True)
  (linear): Linear(in_features=256, out_features=5, bias=True)
)
[06:59:51 - MdlStrTGZ] loading weights from /tmp/tmpxtwhzr2f/model/weights.pt
[06:59:51 - MdlStrTGZ] Successfully removed temporary files from /tmp/tmpxtwhzr2f.
[06:59:51 - Predict] Model device: cpu
[06:59:51 - Predict] Running prediction at full precision
[06:59:51 - BAMFile] Creating pool of 16 BAM file sets.
[06:59:51 - Predict] Processing 5 long region(s) with batching.
[06:59:51 - Sampler] Initializing sampler for consensus of region contig_1:0-1000000.
[06:59:51 - Sampler] Initializing sampler for consensus of region contig_1:999000-1999000.
[06:59:51 - PWorker] Running inference for 4.9M draft bases.
[06:59:53 - Feature] Processed contig_1:0.0-999999.0 (median depth 66.0)
[06:59:53 - Sampler] Took 1.52s to make features.
[06:59:53 - Sampler] Initializing sampler for consensus of region contig_1:1998000-2998000.
[06:59:53 - Feature] Processed contig_1:999000.0-1998999.0 (median depth 58.0)
[06:59:53 - Sampler] Took 1.67s to make features.
[06:59:53 - Sampler] Initializing sampler for consensus of region contig_1:2997000-3997000.
[06:59:54 - Feature] Processed contig_1:1998000.0-2997999.0 (median depth 55.0)
[06:59:54 - Sampler] Took 1.16s to make features.
[06:59:54 - Sampler] Initializing sampler for consensus of region contig_1:3996000-4905533.
[06:59:54 - Feature] Processed contig_1:2997000.0-3996999.0 (median depth 59.0)
[06:59:54 - Sampler] Took 1.15s to make features.
[06:59:55 - Feature] Processed contig_1:3996000.0-4905532.0 (median depth 66.0)
[06:59:55 - Sampler] Took 1.22s to make features.
[07:00:03 - PWorker] Batches in cache: 7.
[07:00:03 - PWorker] 15.5% Done (0.8/4.9 Mbases) in 11.5s
[07:00:10 - PWorker] Batches in cache: 6.
[07:00:16 - PWorker] Batches in cache: 5.
[07:00:16 - PWorker] 47.2% Done (2.3/4.9 Mbases) in 25.2s
[07:00:23 - PWorker] Batches in cache: 4.
[07:00:30 - PWorker] Batches in cache: 3.
[07:00:30 - PWorker] 78.6% Done (3.9/4.9 Mbases) in 38.9s
[07:00:37 - PWorker] Batches in cache: 2.
[07:00:40 - PWorker] Processed 7 batches
[07:00:40 - PWorker] All done, 0 remainder regions.
[07:00:40 - Predict] Finished processing all regions.
/data/djs217/miniconda3/envs/hybracter_env/lib/python3.11/site-packages/hybracter/workflow/conda/7aafc1085ca44eee01942c03ca74ecad_/lib/python3.11/site-packages/medaka/common.py:16: UserWarning: pkg_resources is deprecated as an API. See https://setuptools.pypa.io/en/latest/pkg_resources.html. The pkg_resources package is slated for removal as early as 2025-11-30. Refrain from using this package or pin to Setuptools<81.
  from pkg_resources import resource_filename
[07:00:43 - DataIndx] Loaded 1/1 (100.00%) sample files.
[07:00:43 - DataIndx] Loaded 1/1 (100.00%) sample files.
[07:00:43 - DataIndx] Loaded 1/1 (100.00%) sample files.
[07:00:43 - DataIndx] Loaded 1/1 (100.00%) sample files.
[07:00:43 - DataIndx] Loaded 1/1 (100.00%) sample files.
[07:00:43 - DataIndx] Loaded 1/1 (100.00%) sample files.
