/data/djs217/miniconda3/envs/quast_env/bin/quast NCPPB_1827.unicycler/assembly.fasta NCPPB_2060.unicycler/assembly.fasta NCPPB_2914.unicycler/assembly.fasta

Version: 5.0.2

System information:
  OS: Linux-6.8.0-87-generic-x86_64-with-debian-trixie-sid (linux_64)
  Python version: 3.6.13
  CPUs number: 16

Started: 2025-11-12 15:52:17

Logging to /data/djs217/PROJECTS/xanthomonas-genome-assemblies/PRJNA1130015-rhynchosiae/quast_results/results_2025_11_12_15_52_17/quast.log
NOTICE: Maximum number of threads is set to 4 (use --threads option to set it manually)

CWD: /data/djs217/PROJECTS/xanthomonas-genome-assemblies/PRJNA1130015-rhynchosiae
Main parameters: 
  MODE: default, threads: 4, minimum contig length: 500, minimum alignment length: 65, \
  ambiguity: one, threshold for extensive misassembly size: 1000

Contigs:
  Pre-processing...
  1  NCPPB_1827.unicycler/assembly.fasta ==> NCPPB_1827.unicycler_assembly
  2  NCPPB_2060.unicycler/assembly.fasta ==> NCPPB_2060.unicycler_assembly
  3  NCPPB_2914.unicycler/assembly.fasta ==> NCPPB_2914.unicycler_assembly

2025-11-12 15:52:18
Running Basic statistics processor...
  Contig files: 
    1  NCPPB_1827.unicycler_assembly
    2  NCPPB_2060.unicycler_assembly
    3  NCPPB_2914.unicycler_assembly
  Calculating N50 and L50...
    1  NCPPB_1827.unicycler_assembly, N50 = 170988, L50 = 10, Total length = 5178881, GC % = 64.57, # N's per 100 kbp =  0.00
    2  NCPPB_2060.unicycler_assembly, N50 = 285980, L50 = 7, Total length = 5211606, GC % = 64.54, # N's per 100 kbp =  0.00
    3  NCPPB_2914.unicycler_assembly, N50 = 277028, L50 = 6, Total length = 5016104, GC % = 64.62, # N's per 100 kbp =  0.00
  Drawing Nx plot...
    saved to /data/djs217/PROJECTS/xanthomonas-genome-assemblies/PRJNA1130015-rhynchosiae/quast_results/results_2025_11_12_15_52_17/basic_stats/Nx_plot.pdf
  Drawing cumulative plot...
    saved to /data/djs217/PROJECTS/xanthomonas-genome-assemblies/PRJNA1130015-rhynchosiae/quast_results/results_2025_11_12_15_52_17/basic_stats/cumulative_plot.pdf
  Drawing GC content plot...
    saved to /data/djs217/PROJECTS/xanthomonas-genome-assemblies/PRJNA1130015-rhynchosiae/quast_results/results_2025_11_12_15_52_17/basic_stats/GC_content_plot.pdf
  Drawing NCPPB_1827.unicycler_assembly GC content plot...
    saved to /data/djs217/PROJECTS/xanthomonas-genome-assemblies/PRJNA1130015-rhynchosiae/quast_results/results_2025_11_12_15_52_17/basic_stats/NCPPB_1827.unicycler_assembly_GC_content_plot.pdf
  Drawing NCPPB_2060.unicycler_assembly GC content plot...
    saved to /data/djs217/PROJECTS/xanthomonas-genome-assemblies/PRJNA1130015-rhynchosiae/quast_results/results_2025_11_12_15_52_17/basic_stats/NCPPB_2060.unicycler_assembly_GC_content_plot.pdf
  Drawing NCPPB_2914.unicycler_assembly GC content plot...
    saved to /data/djs217/PROJECTS/xanthomonas-genome-assemblies/PRJNA1130015-rhynchosiae/quast_results/results_2025_11_12_15_52_17/basic_stats/NCPPB_2914.unicycler_assembly_GC_content_plot.pdf
Done.

NOTICE: Genes are not predicted by default. Use --gene-finding or --glimmer option to enable it.

2025-11-12 15:52:20
Creating large visual summaries...
This may take a while: press Ctrl-C to skip this step..
  1 of 2: Creating Icarus viewers...
  2 of 2: Creating PDF with all tables and plots...
Done

2025-11-12 15:52:21
RESULTS:
  Text versions of total report are saved to /data/djs217/PROJECTS/xanthomonas-genome-assemblies/PRJNA1130015-rhynchosiae/quast_results/results_2025_11_12_15_52_17/report.txt, report.tsv, and report.tex
  Text versions of transposed total report are saved to /data/djs217/PROJECTS/xanthomonas-genome-assemblies/PRJNA1130015-rhynchosiae/quast_results/results_2025_11_12_15_52_17/transposed_report.txt, transposed_report.tsv, and transposed_report.tex
  HTML version (interactive tables and plots) is saved to /data/djs217/PROJECTS/xanthomonas-genome-assemblies/PRJNA1130015-rhynchosiae/quast_results/results_2025_11_12_15_52_17/report.html
  PDF version (tables and plots) is saved to /data/djs217/PROJECTS/xanthomonas-genome-assemblies/PRJNA1130015-rhynchosiae/quast_results/results_2025_11_12_15_52_17/report.pdf
  Icarus (contig browser) is saved to /data/djs217/PROJECTS/xanthomonas-genome-assemblies/PRJNA1130015-rhynchosiae/quast_results/results_2025_11_12_15_52_17/icarus.html
  Log is saved to /data/djs217/PROJECTS/xanthomonas-genome-assemblies/PRJNA1130015-rhynchosiae/quast_results/results_2025_11_12_15_52_17/quast.log

Finished: 2025-11-12 15:52:21
Elapsed time: 0:00:03.864625
NOTICEs: 2; WARNINGs: 0; non-fatal ERRORs: 0

Thank you for using QUAST!
