[M::bwa_idx_load_from_disk] read 0 ALT contigs
[M::process] read 609734 sequences (80000104 bp)...
[M::process] read 606510 sequences (80000179 bp)...
[M::mem_process_seqs] Processed 609734 reads in 37.147 CPU sec, 9.805 real sec
[M::process] read 604470 sequences (80000201 bp)...
[M::mem_process_seqs] Processed 606510 reads in 37.325 CPU sec, 7.216 real sec
[M::process] read 603398 sequences (80000093 bp)...
[M::mem_process_seqs] Processed 604470 reads in 37.552 CPU sec, 8.836 real sec
[M::process] read 608048 sequences (80000035 bp)...
[M::mem_process_seqs] Processed 603398 reads in 38.332 CPU sec, 9.036 real sec
[M::process] read 604882 sequences (80000200 bp)...
[M::mem_process_seqs] Processed 608048 reads in 38.401 CPU sec, 8.845 real sec
[M::process] read 603358 sequences (80000078 bp)...
[M::mem_process_seqs] Processed 604882 reads in 37.837 CPU sec, 8.200 real sec
[M::process] read 601918 sequences (80000047 bp)...
[M::mem_process_seqs] Processed 603358 reads in 37.950 CPU sec, 7.354 real sec
[M::process] read 605680 sequences (80000183 bp)...
[M::mem_process_seqs] Processed 601918 reads in 38.438 CPU sec, 8.725 real sec
[M::process] read 604156 sequences (80000210 bp)...
[M::mem_process_seqs] Processed 605680 reads in 38.710 CPU sec, 7.998 real sec
[M::process] read 602328 sequences (80000022 bp)...
[M::mem_process_seqs] Processed 604156 reads in 38.287 CPU sec, 8.220 real sec
[M::process] read 601504 sequences (80000108 bp)...
[M::mem_process_seqs] Processed 602328 reads in 38.198 CPU sec, 8.372 real sec
[M::process] read 604136 sequences (80000245 bp)...
[M::mem_process_seqs] Processed 601504 reads in 37.810 CPU sec, 8.775 real sec
[M::process] read 602018 sequences (80000105 bp)...
[M::mem_process_seqs] Processed 604136 reads in 37.833 CPU sec, 7.509 real sec
[M::process] read 601164 sequences (80000120 bp)...
[M::mem_process_seqs] Processed 602018 reads in 38.514 CPU sec, 5.058 real sec
[M::process] read 600730 sequences (80000139 bp)...
[M::mem_process_seqs] Processed 601164 reads in 38.858 CPU sec, 5.139 real sec
[M::process] read 612372 sequences (80000169 bp)...
[M::mem_process_seqs] Processed 600730 reads in 38.880 CPU sec, 5.119 real sec
[M::process] read 612662 sequences (80000177 bp)...
[M::mem_process_seqs] Processed 612372 reads in 39.176 CPU sec, 5.284 real sec
[M::process] read 611006 sequences (80000168 bp)...
[M::mem_process_seqs] Processed 612662 reads in 39.224 CPU sec, 5.256 real sec
[M::process] read 580593 sequences (76132241 bp)...
[M::mem_process_seqs] Processed 611006 reads in 38.156 CPU sec, 5.059 real sec
[M::mem_process_seqs] Processed 580593 reads in 36.055 CPU sec, 4.866 real sec
[main] Version: 0.7.19-r1273
[main] CMD: bwa mem -t 8 -a hybracter-hybrid/processing/complete/medaka_rd_2/NCPPB_3445/consensus.fasta hybracter-hybrid/processing/qc/fastp/NCPPB_3445_2.fastq.gz
[main] Real time: 153.384 sec; CPU: 765.121 sec
