[2026-04-10 16:33:54] INFO: Starting Flye 2.9.6-b1802
[2026-04-10 16:33:54] INFO: >>>STAGE: configure
[2026-04-10 16:33:54] INFO: Configuring run
[2026-04-10 16:33:58] INFO: Total read length: 184823711
[2026-04-10 16:33:58] INFO: Reads N50/N90: 16863 / 3619
[2026-04-10 16:33:58] INFO: Minimum overlap set to 4000
[2026-04-10 16:33:58] INFO: >>>STAGE: assembly
[2026-04-10 16:33:58] INFO: Assembling disjointigs
[2026-04-10 16:33:58] INFO: Reading sequences
[2026-04-10 16:34:01] INFO: Building minimizer index
[2026-04-10 16:34:01] INFO: Pre-calculating index storage
0% 10% 20% 30% 40% 50% 60% 70% 80% 90% 100% 
[2026-04-10 16:34:03] INFO: Filling index
0% 10% 20% 30% 40% 50% 60% 70% 80% 90% 100% 
[2026-04-10 16:34:11] INFO: Extending reads
[2026-04-10 16:35:06] INFO: Overlap-based coverage: 23
[2026-04-10 16:35:06] INFO: Median overlap divergence: 0.0943969
0% 80% 100% 
[2026-04-10 16:35:30] INFO: Assembled 1 disjointigs
[2026-04-10 16:35:30] INFO: Generating sequence
0% 10% 20% 30% 40% 50% 60% 70% 80% 90% 100% 
[2026-04-10 16:35:31] INFO: Filtering contained disjointigs
0% 100% 
[2026-04-10 16:35:32] INFO: Contained seqs: 0
[2026-04-10 16:35:32] INFO: >>>STAGE: consensus
[2026-04-10 16:35:32] INFO: Running Minimap2
[2026-04-10 16:35:44] INFO: Computing consensus
[2026-04-10 16:36:03] INFO: Alignment error rate: 0.103505
[2026-04-10 16:36:03] INFO: >>>STAGE: repeat
[2026-04-10 16:36:03] INFO: Building and resolving repeat graph
[2026-04-10 16:36:03] INFO: Parsing disjointigs
[2026-04-10 16:36:03] INFO: Building repeat graph
0% 100% 
[2026-04-10 16:36:05] INFO: Median overlap divergence: 0.00773233
[2026-04-10 16:36:05] INFO: Parsing reads
[2026-04-10 16:36:08] INFO: Aligning reads to the graph
0% 10% 20% 30% 40% 50% 60% 70% 80% 90% 100% 
[2026-04-10 16:36:14] INFO: Aligned read sequence: 151504756 / 163665599 (0.925697)
[2026-04-10 16:36:14] INFO: Median overlap divergence: 0.0484379
[2026-04-10 16:36:14] INFO: Mean edge coverage: 30
[2026-04-10 16:36:14] INFO: Simplifying the graph
[2026-04-10 16:36:14] INFO: >>>STAGE: contigger
[2026-04-10 16:36:14] INFO: Generating contigs
[2026-04-10 16:36:14] INFO: Reading sequences
[2026-04-10 16:36:17] INFO: Generated 1 contigs
[2026-04-10 16:36:17] INFO: Added 0 scaffold connections
[2026-04-10 16:36:17] INFO: >>>STAGE: polishing
[2026-04-10 16:36:17] INFO: Polishing genome (1/1)
[2026-04-10 16:36:17] INFO: Running minimap2
[2026-04-10 16:36:28] INFO: Separating alignment into bubbles
[2026-04-10 16:36:52] INFO: Alignment error rate: 0.063647
[2026-04-10 16:36:52] INFO: Correcting bubbles
0% 10% 20% 30% 40% 50% 60% 70% 80% 90% 100% 
[2026-04-10 16:37:10] INFO: >>>STAGE: finalize
[2026-04-10 16:37:10] INFO: Assembly statistics:

	Total length:	5055680
	Fragments:	1
	Fragments N50:	5055680
	Largest frg:	5055680
	Scaffolds:	0
	Mean coverage:	37

[2026-04-10 16:37:10] INFO: Final assembly: /data/djs217/PROJECTS/assembling-bacterial-genomes/PRJNA988133-Xcc/hybracter-hybrid/processing/assemblies/WHRI_8892A/assembly.fasta
