/data/djs217/miniconda3/envs/hybracter_env/lib/python3.11/site-packages/hybracter/workflow/conda/7aafc1085ca44eee01942c03ca74ecad_/lib/python3.11/site-packages/medaka/common.py:16: UserWarning: pkg_resources is deprecated as an API. See https://setuptools.pypa.io/en/latest/pkg_resources.html. The pkg_resources package is slated for removal as early as 2025-11-30. Refrain from using this package or pin to Setuptools<81.
  from pkg_resources import resource_filename
/data/djs217/miniconda3/envs/hybracter_env/lib/python3.11/site-packages/hybracter/workflow/conda/7aafc1085ca44eee01942c03ca74ecad_/lib/python3.11/site-packages/medaka/common.py:16: UserWarning: pkg_resources is deprecated as an API. See https://setuptools.pypa.io/en/latest/pkg_resources.html. The pkg_resources package is slated for removal as early as 2025-11-30. Refrain from using this package or pin to Setuptools<81.
  from pkg_resources import resource_filename
/data/djs217/miniconda3/envs/hybracter_env/lib/python3.11/site-packages/hybracter/workflow/conda/7aafc1085ca44eee01942c03ca74ecad_/lib/python3.11/site-packages/medaka/common.py:16: UserWarning: pkg_resources is deprecated as an API. See https://setuptools.pypa.io/en/latest/pkg_resources.html. The pkg_resources package is slated for removal as early as 2025-11-30. Refrain from using this package or pin to Setuptools<81.
  from pkg_resources import resource_filename
[14:06:47 - MdlStrTGZ] Successfully removed temporary files from /tmp/tmp5t0oc1b1.
/data/djs217/miniconda3/envs/hybracter_env/lib/python3.11/site-packages/hybracter/workflow/conda/7aafc1085ca44eee01942c03ca74ecad_/lib/python3.11/site-packages/medaka/common.py:16: UserWarning: pkg_resources is deprecated as an API. See https://setuptools.pypa.io/en/latest/pkg_resources.html. The pkg_resources package is slated for removal as early as 2025-11-30. Refrain from using this package or pin to Setuptools<81.
  from pkg_resources import resource_filename
[14:06:49 - MdlStrTGZ] Successfully removed temporary files from /tmp/tmpc2awkpti.
Creating fai index file /data/djs217/PROJECTS/xanthomonas-genome-assemblies/ralstonia_march_2026/hybracter-hybrid/processing/pre_polish/NCPPB_3983_chromosome_plus_plasmids.fasta.fai
Creating mmi index file /data/djs217/PROJECTS/xanthomonas-genome-assemblies/ralstonia_march_2026/hybracter-hybrid/processing/pre_polish/NCPPB_3983_chromosome_plus_plasmids.fasta.map-ont.mmi
[M::mm_idx_gen::0.153*0.94] collected minimizers
[M::mm_idx_gen::0.211*1.19] sorted minimizers
[M::main::0.257*1.12] loaded/built the index for 2 target sequence(s)
[M::mm_idx_stat] kmer size: 15; skip: 10; is_hpc: 0; #seq: 2
[M::mm_idx_stat::0.271*1.11] distinct minimizers: 974764 (93.62% are singletons); average occurrences: 1.083; average spacing: 5.359; total length: 5656328
[M::main] Version: 2.30-r1287
[M::main] CMD: minimap2 -I 16G -x map-ont -d /data/djs217/PROJECTS/xanthomonas-genome-assemblies/ralstonia_march_2026/hybracter-hybrid/processing/pre_polish/NCPPB_3983_chromosome_plus_plasmids.fasta.map-ont.mmi /data/djs217/PROJECTS/xanthomonas-genome-assemblies/ralstonia_march_2026/hybracter-hybrid/processing/pre_polish/NCPPB_3983_chromosome_plus_plasmids.fasta
[M::main] Real time: 0.277 sec; CPU: 0.305 sec; Peak RSS: 0.056 GB
[M::main::0.053*1.01] loaded/built the index for 2 target sequence(s)
[M::mm_mapopt_update::0.069*1.01] mid_occ = 10
[M::mm_idx_stat] kmer size: 15; skip: 10; is_hpc: 0; #seq: 2
[M::mm_idx_stat::0.081*1.01] distinct minimizers: 974764 (93.62% are singletons); average occurrences: 1.083; average spacing: 5.359; total length: 5656328
[M::worker_pipeline::20.747*4.31] mapped 14283 sequences
[M::main] Version: 2.30-r1287
[M::main] CMD: minimap2 -x map-ont --secondary=no -L --MD -A 2 -B 4 -O 4,24 -E 2,1 -t 12 -a /data/djs217/PROJECTS/xanthomonas-genome-assemblies/ralstonia_march_2026/hybracter-hybrid/processing/pre_polish/NCPPB_3983_chromosome_plus_plasmids.fasta.map-ont.mmi /data/djs217/PROJECTS/xanthomonas-genome-assemblies/ralstonia_march_2026/hybracter-hybrid/processing/qc/NCPPB_3983_filt_trim.fastq.gz
[M::main] Real time: 20.765 sec; CPU: 89.522 sec; Peak RSS: 0.809 GB
[bam_sort_core] merging from 0 files and 12 in-memory blocks...
/data/djs217/miniconda3/envs/hybracter_env/lib/python3.11/site-packages/hybracter/workflow/conda/7aafc1085ca44eee01942c03ca74ecad_/lib/python3.11/site-packages/medaka/common.py:16: UserWarning: pkg_resources is deprecated as an API. See https://setuptools.pypa.io/en/latest/pkg_resources.html. The pkg_resources package is slated for removal as early as 2025-11-30. Refrain from using this package or pin to Setuptools<81.
  from pkg_resources import resource_filename
[14:07:17 - Predict] Processing region(s): contig_1:0-3545882 1:0-2110446
[14:07:17 - Predict] Using model: /data/djs217/miniconda3/envs/hybracter_env/lib/python3.11/site-packages/hybracter/workflow/conda/7aafc1085ca44eee01942c03ca74ecad_/lib/python3.11/site-packages/medaka/data/r1041_e82_400bps_sup_v5.0.0_model_pt.tar.gz.
[14:07:17 - Predict] Using minimum mapQ threshold of 1 for read filtering.
[14:07:17 - MdlStrTGZ] Model GRUModel(
  (gru): GRU(10, 128, num_layers=2, batch_first=True, bidirectional=True)
  (linear): Linear(in_features=256, out_features=5, bias=True)
)
[14:07:17 - MdlStrTGZ] loading weights from /tmp/tmpp8nwebli/model/weights.pt
[14:07:17 - MdlStrTGZ] Successfully removed temporary files from /tmp/tmpp8nwebli.
[14:07:17 - Predict] Model device: cpu
[14:07:17 - Predict] Running prediction at full precision
[14:07:17 - BAMFile] Creating pool of 16 BAM file sets.
[14:07:17 - Predict] Processing 7 long region(s) with batching.
[14:07:17 - Sampler] Initializing sampler for consensus of region contig_1:0-1000000.
[14:07:17 - Sampler] Initializing sampler for consensus of region contig_1:999000-1999000.
[14:07:17 - PWorker] Running inference for 5.7M draft bases.
[14:07:18 - Feature] Processed contig_1:0.0-999999.0 (median depth 52.0)
[14:07:18 - Sampler] Took 1.48s to make features.
[14:07:18 - Sampler] Initializing sampler for consensus of region contig_1:1998000-2998000.
[14:07:19 - Feature] Processed contig_1:999000.0-1998999.0 (median depth 51.0)
[14:07:19 - Sampler] Took 1.79s to make features.
[14:07:19 - Sampler] Initializing sampler for consensus of region contig_1:2997000-3545882.
[14:07:20 - Feature] Processed contig_1:2997000.0-3545881.0 (median depth 52.0)
[14:07:20 - Sampler] Took 0.96s to make features.
[14:07:20 - Sampler] Initializing sampler for consensus of region 1:0-1000000.
[14:07:20 - Feature] Processed contig_1:1998000.0-2997999.0 (median depth 53.0)
[14:07:20 - Sampler] Took 1.36s to make features.
[14:07:20 - Sampler] Initializing sampler for consensus of region 1:999000-1999000.
[14:07:22 - Feature] Processed 1:0.0-999999.0 (median depth 51.0)
[14:07:22 - Sampler] Took 2.14s to make features.
[14:07:22 - Sampler] Initializing sampler for consensus of region 1:1998000-2110446.
[14:07:22 - Feature] Processed 1:999000.0-1998999.0 (median depth 52.0)
[14:07:22 - Sampler] Took 2.39s to make features.
[14:07:22 - Feature] Processed 1:1998000.0-2110445.0 (median depth 51.0)
[14:07:22 - Sampler] Took 0.43s to make features.
[14:28:51 - PWorker] Batches in cache: 7.
[14:28:51 - PWorker] 15.3% Done (0.9/5.7 Mbases) in 1293.8s
[14:50:36 - PWorker] Batches in cache: 6.
[14:50:36 - PWorker] 30.6% Done (1.7/5.7 Mbases) in 2598.9s
[15:13:08 - PWorker] Batches in cache: 5.
[15:13:08 - PWorker] 45.9% Done (2.6/5.7 Mbases) in 3951.3s
[15:32:54 - PWorker] Batches in cache: 4.
[15:32:54 - PWorker] 61.3% Done (3.5/5.7 Mbases) in 5136.7s
[15:36:19 - PWorker] Batches in cache: 3.
[15:36:19 - PWorker] 76.6% Done (4.3/5.7 Mbases) in 5341.8s
[15:56:11 - PWorker] Batches in cache: 2.
[15:56:11 - PWorker] 91.8% Done (5.2/5.7 Mbases) in 6534.5s
[16:09:26 - PWorker] Batches in cache: 1.
[16:09:26 - PWorker] 100.0% Done (5.7/5.7 Mbases) in 7328.9s
[16:09:26 - PWorker] Processed 7 batches
[16:09:26 - PWorker] All done, 0 remainder regions.
[16:09:26 - Predict] Finished processing all regions.
/data/djs217/miniconda3/envs/hybracter_env/lib/python3.11/site-packages/hybracter/workflow/conda/7aafc1085ca44eee01942c03ca74ecad_/lib/python3.11/site-packages/medaka/common.py:16: UserWarning: pkg_resources is deprecated as an API. See https://setuptools.pypa.io/en/latest/pkg_resources.html. The pkg_resources package is slated for removal as early as 2025-11-30. Refrain from using this package or pin to Setuptools<81.
  from pkg_resources import resource_filename
[16:09:28 - DataIndx] Loaded 1/1 (100.00%) sample files.
[16:09:28 - DataIndx] Loaded 1/1 (100.00%) sample files.
[16:09:28 - DataIndx] Loaded 1/1 (100.00%) sample files.
[16:09:28 - DataIndx] Loaded 1/1 (100.00%) sample files.
[16:09:28 - DataIndx] Loaded 1/1 (100.00%) sample files.
[16:09:29 - DataIndx] Loaded 1/1 (100.00%) sample files.
[16:09:29 - DataIndx] Loaded 1/1 (100.00%) sample files.
[16:09:29 - DataIndx] Loaded 1/1 (100.00%) sample files.
