[2025-11-10 08:22:10] INFO: Starting Flye 2.9.6-b1802
[2025-11-10 08:22:10] INFO: >>>STAGE: configure
[2025-11-10 08:22:10] INFO: Configuring run
[2025-11-10 08:22:22] INFO: Total read length: 314738748
[2025-11-10 08:22:22] INFO: Reads N50/N90: 4097 / 1306
[2025-11-10 08:22:22] INFO: Minimum overlap set to 1000
[2025-11-10 08:22:22] INFO: >>>STAGE: assembly
[2025-11-10 08:22:22] INFO: Assembling disjointigs
[2025-11-10 08:22:22] INFO: Reading sequences
[2025-11-10 08:22:27] INFO: Building minimizer index
[2025-11-10 08:22:27] INFO: Pre-calculating index storage
0% 10% 20% 30% 40% 50% 60% 70% 80% 90% 100% 
[2025-11-10 08:22:31] INFO: Filling index
0% 10% 20% 30% 40% 50% 60% 70% 80% 90% 100% 
[2025-11-10 08:22:35] INFO: Extending reads
[2025-11-10 08:22:47] INFO: Overlap-based coverage: 32
[2025-11-10 08:22:47] INFO: Median overlap divergence: 0.0305198
0% 60% 70% 80% 100% 
[2025-11-10 08:23:19] INFO: Assembled 4 disjointigs
[2025-11-10 08:23:19] INFO: Generating sequence
0% 10% 20% 30% 40% 50% 60% 70% 80% 90% 100% 
[2025-11-10 08:23:20] INFO: Filtering contained disjointigs
0% 20% 50% 70% 100% 
[2025-11-10 08:23:21] INFO: Contained seqs: 1
[2025-11-10 08:23:22] INFO: >>>STAGE: consensus
[2025-11-10 08:23:22] INFO: Running Minimap2
[2025-11-10 08:24:13] INFO: Computing consensus
[2025-11-10 08:24:43] INFO: Alignment error rate: 0.036241
[2025-11-10 08:24:43] INFO: >>>STAGE: repeat
[2025-11-10 08:24:43] INFO: Building and resolving repeat graph
[2025-11-10 08:24:43] INFO: Parsing disjointigs
[2025-11-10 08:24:43] INFO: Building repeat graph
0% 30% 60% 100% 
[2025-11-10 08:24:45] INFO: Median overlap divergence: 0.121739
[2025-11-10 08:24:45] INFO: Parsing reads
[2025-11-10 08:24:49] INFO: Aligning reads to the graph
0% 10% 20% 30% 40% 50% 60% 70% 80% 90% 100% 
[2025-11-10 08:25:09] INFO: Aligned read sequence: 245465414 / 305315904 (0.803972)
[2025-11-10 08:25:09] INFO: Median overlap divergence: 0.00895143
[2025-11-10 08:25:09] INFO: Mean edge coverage: 46
[2025-11-10 08:25:09] INFO: Simplifying the graph
[2025-11-10 08:25:09] INFO: >>>STAGE: contigger
[2025-11-10 08:25:09] INFO: Generating contigs
[2025-11-10 08:25:09] INFO: Reading sequences
[2025-11-10 08:25:14] INFO: Generated 8 contigs
[2025-11-10 08:25:14] INFO: Added 0 scaffold connections
[2025-11-10 08:25:14] INFO: >>>STAGE: polishing
[2025-11-10 08:25:14] INFO: Polishing genome (1/1)
[2025-11-10 08:25:14] INFO: Running minimap2
[2025-11-10 08:26:05] INFO: Separating alignment into bubbles
[2025-11-10 08:26:35] INFO: Alignment error rate: 0.028291
[2025-11-10 08:26:35] INFO: Correcting bubbles
0% 10% 20% 30% 40% 50% 60% 70% 80% 90% 100% 
[2025-11-10 08:27:26] INFO: >>>STAGE: finalize
[2025-11-10 08:27:27] INFO: Assembly statistics:

	Total length:	5203208
	Fragments:	8
	Fragments N50:	5005591
	Largest frg:	5005591
	Scaffolds:	0
	Mean coverage:	57

[2025-11-10 08:27:27] INFO: Final assembly: /data/djs217/PROJECTS/xanthomonas-genome-assemblies/PRJNA1131460-maculifoliigardeniae/hybracter-hybrid/processing/assemblies/NCPPB_2352/assembly.fasta
