[M::bwa_idx_load_from_disk] read 0 ALT contigs
[M::process] read 600232 sequences (80000108 bp)...
[M::process] read 597166 sequences (80000206 bp)...
[M::mem_process_seqs] Processed 600232 reads in 23.347 CPU sec, 7.003 real sec
[M::process] read 594990 sequences (80000014 bp)...
[M::mem_process_seqs] Processed 597166 reads in 23.571 CPU sec, 6.363 real sec
[M::process] read 594984 sequences (80000167 bp)...
[M::mem_process_seqs] Processed 594990 reads in 23.411 CPU sec, 6.985 real sec
[M::process] read 597832 sequences (80000119 bp)...
[M::mem_process_seqs] Processed 594984 reads in 23.816 CPU sec, 7.092 real sec
[M::process] read 595306 sequences (80000050 bp)...
[M::mem_process_seqs] Processed 597832 reads in 23.718 CPU sec, 7.146 real sec
[M::process] read 593702 sequences (80000203 bp)...
[M::mem_process_seqs] Processed 595306 reads in 23.846 CPU sec, 4.115 real sec
[M::process] read 593888 sequences (80000278 bp)...
[M::mem_process_seqs] Processed 593702 reads in 24.565 CPU sec, 3.413 real sec
[M::process] read 595720 sequences (80000176 bp)...
[M::mem_process_seqs] Processed 593888 reads in 24.711 CPU sec, 3.407 real sec
[M::process] read 594058 sequences (80000107 bp)...
[M::mem_process_seqs] Processed 595720 reads in 24.460 CPU sec, 3.462 real sec
[M::process] read 592556 sequences (80000115 bp)...
[M::mem_process_seqs] Processed 594058 reads in 24.208 CPU sec, 3.379 real sec
[M::process] read 593536 sequences (80000263 bp)...
[M::mem_process_seqs] Processed 592556 reads in 23.920 CPU sec, 3.409 real sec
[M::process] read 593566 sequences (80000288 bp)...
[M::mem_process_seqs] Processed 593536 reads in 24.040 CPU sec, 3.415 real sec
[M::process] read 592218 sequences (80000071 bp)...
[M::mem_process_seqs] Processed 593566 reads in 24.040 CPU sec, 3.294 real sec
[M::process] read 591636 sequences (80000030 bp)...
[M::mem_process_seqs] Processed 592218 reads in 24.294 CPU sec, 3.539 real sec
[M::process] read 600458 sequences (80000179 bp)...
[M::mem_process_seqs] Processed 591636 reads in 23.816 CPU sec, 3.338 real sec
[M::process] read 602982 sequences (80000143 bp)...
[M::mem_process_seqs] Processed 600458 reads in 23.695 CPU sec, 3.397 real sec
[M::process] read 601482 sequences (80000071 bp)...
[M::mem_process_seqs] Processed 602982 reads in 24.234 CPU sec, 3.398 real sec
[M::process] read 589795 sequences (78547375 bp)...
[M::mem_process_seqs] Processed 601482 reads in 23.952 CPU sec, 3.439 real sec
[M::mem_process_seqs] Processed 589795 reads in 22.991 CPU sec, 3.343 real sec
[main] Version: 0.7.19-r1273
[main] CMD: bwa mem -t 8 -a hybracter-hybrid-556/processing/complete/medaka_rd_2/NCPPB_556/consensus.fasta hybracter-hybrid-556/processing/qc/fastp/NCPPB_556_2.fastq.gz
[main] Real time: 91.511 sec; CPU: 456.336 sec
