[M::bwa_idx_load_from_disk] read 0 ALT contigs
[M::process] read 582472 sequences (80000056 bp)...
[M::process] read 579138 sequences (80000107 bp)...
[M::mem_process_seqs] Processed 582472 reads in 27.170 CPU sec, 3.338 real sec
[M::process] read 579650 sequences (80000210 bp)...
[M::mem_process_seqs] Processed 579138 reads in 24.463 CPU sec, 2.936 real sec
[M::process] read 579660 sequences (80000117 bp)...
[M::mem_process_seqs] Processed 579650 reads in 23.284 CPU sec, 2.788 real sec
[M::process] read 577224 sequences (80000288 bp)...
[M::mem_process_seqs] Processed 579660 reads in 23.604 CPU sec, 2.863 real sec
[M::process] read 578926 sequences (80000168 bp)...
[M::mem_process_seqs] Processed 577224 reads in 25.004 CPU sec, 3.004 real sec
[M::process] read 577732 sequences (80000178 bp)...
[M::mem_process_seqs] Processed 578926 reads in 24.309 CPU sec, 2.912 real sec
[M::process] read 576616 sequences (80000249 bp)...
[M::mem_process_seqs] Processed 577732 reads in 24.171 CPU sec, 2.905 real sec
[M::process] read 577564 sequences (80000162 bp)...
[M::mem_process_seqs] Processed 576616 reads in 23.406 CPU sec, 2.796 real sec
[M::process] read 576088 sequences (80000091 bp)...
[M::mem_process_seqs] Processed 577564 reads in 24.485 CPU sec, 2.948 real sec
[M::process] read 580566 sequences (80000111 bp)...
[M::mem_process_seqs] Processed 576088 reads in 23.906 CPU sec, 2.854 real sec
[M::process] read 585234 sequences (80000272 bp)...
[M::mem_process_seqs] Processed 580566 reads in 23.209 CPU sec, 2.779 real sec
[M::process] read 583472 sequences (80000096 bp)...
[M::mem_process_seqs] Processed 585234 reads in 24.333 CPU sec, 2.938 real sec
[M::process] read 49199 sequences (6766929 bp)...
[M::mem_process_seqs] Processed 583472 reads in 22.861 CPU sec, 2.856 real sec
[M::mem_process_seqs] Processed 49199 reads in 2.370 CPU sec, 0.283 real sec
[main] Version: 0.7.19-r1273
[main] CMD: bwa mem -t 8 -a hybracter-hybrid-misc/processing/complete/medaka_rd_2/NCPPB_1933_guizotiae/consensus.fasta hybracter-hybrid-misc/processing/qc/fastp/NCPPB_1933_guizotiae_2.fastq.gz
[main] Real time: 41.933 sec; CPU: 318.442 sec
