[M::bwa_idx_load_from_disk] read 0 ALT contigs
[M::process] read 604084 sequences (80000124 bp)...
[M::process] read 601090 sequences (80000145 bp)...
[M::mem_process_seqs] Processed 604084 reads in 20.907 CPU sec, 3.371 real sec
[M::process] read 599016 sequences (80000245 bp)...
[M::mem_process_seqs] Processed 601090 reads in 20.883 CPU sec, 3.222 real sec
[M::process] read 598890 sequences (80000210 bp)...
[M::mem_process_seqs] Processed 599016 reads in 20.793 CPU sec, 3.138 real sec
[M::process] read 602226 sequences (80000250 bp)...
[M::mem_process_seqs] Processed 598890 reads in 20.770 CPU sec, 3.085 real sec
[M::process] read 599954 sequences (80000099 bp)...
[M::mem_process_seqs] Processed 602226 reads in 20.752 CPU sec, 3.291 real sec
[M::process] read 597910 sequences (80000143 bp)...
[M::mem_process_seqs] Processed 599954 reads in 20.483 CPU sec, 3.187 real sec
[M::process] read 598082 sequences (80000295 bp)...
[M::mem_process_seqs] Processed 597910 reads in 20.969 CPU sec, 2.969 real sec
[M::process] read 599788 sequences (80000116 bp)...
[M::mem_process_seqs] Processed 598082 reads in 21.005 CPU sec, 2.982 real sec
[M::process] read 598024 sequences (80000280 bp)...
[M::mem_process_seqs] Processed 599788 reads in 20.851 CPU sec, 3.272 real sec
[M::process] read 596930 sequences (80000114 bp)...
[M::mem_process_seqs] Processed 598024 reads in 20.860 CPU sec, 3.164 real sec
[M::process] read 597766 sequences (80000104 bp)...
[M::mem_process_seqs] Processed 596930 reads in 21.471 CPU sec, 2.604 real sec
[M::process] read 597810 sequences (80000054 bp)...
[M::mem_process_seqs] Processed 597766 reads in 22.141 CPU sec, 2.667 real sec
[M::process] read 596312 sequences (80000149 bp)...
[M::mem_process_seqs] Processed 597810 reads in 22.157 CPU sec, 2.698 real sec
[M::process] read 596120 sequences (80000185 bp)...
[M::mem_process_seqs] Processed 596312 reads in 22.330 CPU sec, 2.670 real sec
[M::process] read 603176 sequences (80000067 bp)...
[M::mem_process_seqs] Processed 596120 reads in 21.977 CPU sec, 2.646 real sec
[M::process] read 607022 sequences (80000189 bp)...
[M::mem_process_seqs] Processed 603176 reads in 23.371 CPU sec, 2.791 real sec
[M::process] read 605634 sequences (80000155 bp)...
[M::mem_process_seqs] Processed 607022 reads in 23.938 CPU sec, 2.884 real sec
[M::process] read 604484 sequences (80000226 bp)...
[M::mem_process_seqs] Processed 605634 reads in 22.984 CPU sec, 2.786 real sec
[M::process] read 50367 sequences (6674387 bp)...
[M::mem_process_seqs] Processed 604484 reads in 22.393 CPU sec, 2.800 real sec
[M::mem_process_seqs] Processed 50367 reads in 2.254 CPU sec, 0.278 real sec
[main] Version: 0.7.19-r1273
[main] CMD: bwa mem -t 8 -a hybracter-hybrid-misc/processing/complete/medaka_rd_2/NCPPB_2190_esculenti/consensus.fasta hybracter-hybrid-misc/processing/qc/fastp/NCPPB_2190_esculenti_2.fastq.gz
[main] Real time: 58.605 sec; CPU: 414.660 sec
