[2025-11-10 15:44:57] INFO: Starting Flye 2.9.6-b1802
[2025-11-10 15:44:57] INFO: >>>STAGE: configure
[2025-11-10 15:44:57] INFO: Configuring run
[2025-11-10 15:44:57] INFO: Total read length: 14578321
[2025-11-10 15:44:57] INFO: Reads N50/N90: 12460 / 2329
[2025-11-10 15:44:57] INFO: Minimum overlap set to 2000
[2025-11-10 15:44:57] INFO: >>>STAGE: assembly
[2025-11-10 15:44:57] INFO: Assembling disjointigs
[2025-11-10 15:44:57] INFO: Reading sequences
[2025-11-10 15:44:57] INFO: Building minimizer index
[2025-11-10 15:44:57] INFO: Pre-calculating index storage
0% 10% 20% 30% 40% 50% 60% 70% 80% 90% 100% 
[2025-11-10 15:44:58] INFO: Filling index
0% 10% 20% 30% 40% 50% 60% 70% 80% 90% 100% 
[2025-11-10 15:44:59] INFO: Extending reads
[2025-11-10 15:45:02] INFO: Overlap-based coverage: 1
[2025-11-10 15:45:02] INFO: Median overlap divergence: 0.0902655
0% 10% 20% 30% 40% 50% 60% 70% 80% 90% 100% 
[2025-11-10 15:45:04] INFO: Assembled 161 disjointigs
[2025-11-10 15:45:04] INFO: Generating sequence
0% 10% 20% 30% 40% 50% 60% 70% 80% 90% 100% 
[2025-11-10 15:45:04] INFO: Filtering contained disjointigs
0% 10% 20% 30% 40% 50% 60% 70% 80% 90% 100% 
[2025-11-10 15:45:04] INFO: Contained seqs: 8
[2025-11-10 15:45:04] INFO: >>>STAGE: consensus
[2025-11-10 15:45:04] INFO: Running Minimap2
[2025-11-10 15:45:06] INFO: Computing consensus
[2025-11-10 15:45:08] INFO: Alignment error rate: 0.095679
[2025-11-10 15:45:08] INFO: >>>STAGE: repeat
[2025-11-10 15:45:08] INFO: Building and resolving repeat graph
[2025-11-10 15:45:08] INFO: Parsing disjointigs
[2025-11-10 15:45:08] INFO: Building repeat graph
0% 10% 20% 30% 40% 50% 60% 70% 80% 90% 100% 
[2025-11-10 15:45:09] INFO: Median overlap divergence: 0.144955
[2025-11-10 15:45:09] INFO: Parsing reads
[2025-11-10 15:45:09] INFO: Aligning reads to the graph
0% 10% 20% 30% 40% 50% 60% 70% 80% 90% 100% 
[2025-11-10 15:45:10] INFO: Aligned read sequence: 5225096 / 13386090 (0.390338)
[2025-11-10 15:45:10] INFO: Median overlap divergence: 0.0472469
[2025-11-10 15:45:10] INFO: Mean edge coverage: 1
[2025-11-10 15:45:10] INFO: Simplifying the graph
[2025-11-10 15:45:10] INFO: >>>STAGE: contigger
[2025-11-10 15:45:10] INFO: Generating contigs
[2025-11-10 15:45:10] INFO: Reading sequences
[2025-11-10 15:45:10] INFO: Generated 11 contigs
[2025-11-10 15:45:10] INFO: Added 0 scaffold connections
[2025-11-10 15:45:10] INFO: >>>STAGE: polishing
[2025-11-10 15:45:10] INFO: Polishing genome (1/1)
[2025-11-10 15:45:10] INFO: Running minimap2
[2025-11-10 15:45:12] INFO: Separating alignment into bubbles
[2025-11-10 15:45:12] INFO: Alignment error rate: 0.079073
[2025-11-10 15:45:12] INFO: Correcting bubbles
0% 10% 20% 30% 40% 50% 60% 70% 80% 90% 100% 
[2025-11-10 15:45:30] INFO: >>>STAGE: finalize
[2025-11-10 15:45:30] INFO: Assembly statistics:

	Total length:	278290
	Fragments:	10
	Fragments N50:	62705
	Largest frg:	90829
	Scaffolds:	0
	Mean coverage:	4

[2025-11-10 15:45:30] INFO: Final assembly: /data/djs217/PROJECTS/xanthomonas-genome-assemblies/PRJNA1129907-ricini/hybracter-hybrid/processing/assemblies/NCPPB_113/assembly.fasta
