[M::bwa_idx_load_from_disk] read 0 ALT contigs
[M::process] read 608760 sequences (80000230 bp)...
[M::process] read 606204 sequences (80000099 bp)...
[M::mem_process_seqs] Processed 608760 reads in 26.549 CPU sec, 3.267 real sec
[M::process] read 604488 sequences (80000232 bp)...
[M::mem_process_seqs] Processed 606204 reads in 24.403 CPU sec, 2.931 real sec
[M::process] read 602780 sequences (80000032 bp)...
[M::mem_process_seqs] Processed 604488 reads in 24.297 CPU sec, 2.915 real sec
[M::process] read 604054 sequences (80000018 bp)...
[M::mem_process_seqs] Processed 602780 reads in 23.476 CPU sec, 2.856 real sec
[M::process] read 606656 sequences (80000183 bp)...
[M::mem_process_seqs] Processed 604054 reads in 25.349 CPU sec, 3.043 real sec
[M::process] read 604220 sequences (80000002 bp)...
[M::mem_process_seqs] Processed 606656 reads in 24.194 CPU sec, 2.940 real sec
[M::process] read 602560 sequences (80000160 bp)...
[M::mem_process_seqs] Processed 604220 reads in 24.207 CPU sec, 2.900 real sec
[M::process] read 601328 sequences (80000007 bp)...
[M::mem_process_seqs] Processed 602560 reads in 24.877 CPU sec, 2.996 real sec
[M::process] read 603482 sequences (80000084 bp)...
[M::mem_process_seqs] Processed 601328 reads in 24.639 CPU sec, 2.957 real sec
[M::process] read 604218 sequences (80000169 bp)...
[M::mem_process_seqs] Processed 603482 reads in 25.334 CPU sec, 3.052 real sec
[M::process] read 602490 sequences (80000082 bp)...
[M::mem_process_seqs] Processed 604218 reads in 24.568 CPU sec, 2.943 real sec
[M::process] read 601336 sequences (80000215 bp)...
[M::mem_process_seqs] Processed 602490 reads in 24.262 CPU sec, 2.946 real sec
[M::process] read 600454 sequences (80000029 bp)...
[M::mem_process_seqs] Processed 601336 reads in 24.622 CPU sec, 2.947 real sec
[M::process] read 603228 sequences (80000128 bp)...
[M::mem_process_seqs] Processed 600454 reads in 24.584 CPU sec, 2.944 real sec
[M::process] read 601708 sequences (80000230 bp)...
[M::mem_process_seqs] Processed 603228 reads in 24.294 CPU sec, 2.923 real sec
[M::process] read 600574 sequences (80000039 bp)...
[M::mem_process_seqs] Processed 601708 reads in 24.872 CPU sec, 2.980 real sec
[M::process] read 600178 sequences (80000185 bp)...
[M::mem_process_seqs] Processed 600574 reads in 24.495 CPU sec, 2.945 real sec
[M::process] read 604898 sequences (80000209 bp)...
[M::mem_process_seqs] Processed 600178 reads in 23.799 CPU sec, 2.865 real sec
[M::process] read 612302 sequences (80000188 bp)...
[M::mem_process_seqs] Processed 604898 reads in 23.973 CPU sec, 2.875 real sec
[M::process] read 610808 sequences (80000152 bp)...
[M::mem_process_seqs] Processed 612302 reads in 24.510 CPU sec, 2.967 real sec
[M::process] read 609728 sequences (80000087 bp)...
[M::mem_process_seqs] Processed 610808 reads in 23.951 CPU sec, 2.884 real sec
[M::process] read 609486 sequences (80000197 bp)...
[M::mem_process_seqs] Processed 609728 reads in 24.315 CPU sec, 2.946 real sec
[M::process] read 36637 sequences (4820624 bp)...
[M::mem_process_seqs] Processed 609486 reads in 23.516 CPU sec, 2.946 real sec
[M::mem_process_seqs] Processed 36637 reads in 1.865 CPU sec, 0.225 real sec
[main] Version: 0.7.19-r1273
[main] CMD: bwa mem -t 8 -a hybracter-hybrid-Xcc/processing/complete/medaka_rd_2/NCPPB_4682_xcc/consensus.fasta hybracter-hybrid-Xcc/processing/qc/fastp/NCPPB_4682_xcc_2.fastq.gz
[main] Real time: 73.585 sec; CPU: 566.889 sec
