[M::bwa_idx_load_from_disk] read 0 ALT contigs
[M::process] read 600722 sequences (80000013 bp)...
[M::process] read 597374 sequences (80000220 bp)...
[M::mem_process_seqs] Processed 600722 reads in 20.996 CPU sec, 3.817 real sec
[M::process] read 595250 sequences (80000237 bp)...
[M::mem_process_seqs] Processed 597374 reads in 21.314 CPU sec, 3.486 real sec
[M::process] read 598878 sequences (80000194 bp)...
[M::mem_process_seqs] Processed 595250 reads in 21.481 CPU sec, 3.778 real sec
[M::process] read 596436 sequences (80000171 bp)...
[M::mem_process_seqs] Processed 598878 reads in 21.595 CPU sec, 3.230 real sec
[M::process] read 594746 sequences (80000167 bp)...
[M::mem_process_seqs] Processed 596436 reads in 21.064 CPU sec, 3.821 real sec
[M::process] read 596162 sequences (80000071 bp)...
[M::mem_process_seqs] Processed 594746 reads in 21.122 CPU sec, 3.324 real sec
[M::process] read 595448 sequences (80000265 bp)...
[M::mem_process_seqs] Processed 596162 reads in 21.297 CPU sec, 3.443 real sec
[M::process] read 593594 sequences (80000063 bp)...
[M::mem_process_seqs] Processed 595448 reads in 21.707 CPU sec, 2.848 real sec
[M::process] read 595420 sequences (80000044 bp)...
[M::mem_process_seqs] Processed 593594 reads in 22.607 CPU sec, 2.738 real sec
[M::process] read 593870 sequences (80000123 bp)...
[M::mem_process_seqs] Processed 595420 reads in 24.980 CPU sec, 2.998 real sec
[M::process] read 593244 sequences (80000084 bp)...
[M::mem_process_seqs] Processed 593870 reads in 24.781 CPU sec, 2.995 real sec
[M::process] read 600132 sequences (80000059 bp)...
[M::mem_process_seqs] Processed 593244 reads in 23.626 CPU sec, 2.816 real sec
[M::process] read 603698 sequences (80000297 bp)...
[M::mem_process_seqs] Processed 600132 reads in 23.721 CPU sec, 2.850 real sec
[M::process] read 602008 sequences (80000175 bp)...
[M::mem_process_seqs] Processed 603698 reads in 24.188 CPU sec, 2.934 real sec
[M::process] read 235665 sequences (31407357 bp)...
[M::mem_process_seqs] Processed 602008 reads in 23.884 CPU sec, 2.937 real sec
[M::mem_process_seqs] Processed 235665 reads in 9.974 CPU sec, 1.208 real sec
[main] Version: 0.7.19-r1273
[main] CMD: bwa mem -t 8 -a hybracter-hybrid-Xcc/processing/complete/medaka_rd_2/NCPPB_4679_xcc/consensus.fasta hybracter-hybrid-Xcc/processing/qc/fastp/NCPPB_4679_xcc_2.fastq.gz
[main] Real time: 53.108 sec; CPU: 349.834 sec
