[M::bwa_idx_load_from_disk] read 0 ALT contigs
[M::process] read 600990 sequences (80000139 bp)...
[M::process] read 598076 sequences (80000013 bp)...
[M::mem_process_seqs] Processed 600990 reads in 31.078 CPU sec, 3.848 real sec
[M::process] read 595698 sequences (80000226 bp)...
[M::mem_process_seqs] Processed 598076 reads in 25.631 CPU sec, 3.096 real sec
[M::process] read 598872 sequences (80000255 bp)...
[M::mem_process_seqs] Processed 595698 reads in 25.129 CPU sec, 3.028 real sec
[M::process] read 597474 sequences (80000141 bp)...
[M::mem_process_seqs] Processed 598872 reads in 25.204 CPU sec, 3.031 real sec
[M::process] read 595246 sequences (80000169 bp)...
[M::mem_process_seqs] Processed 597474 reads in 25.233 CPU sec, 3.038 real sec
[M::process] read 595982 sequences (80000011 bp)...
[M::mem_process_seqs] Processed 595246 reads in 24.532 CPU sec, 2.946 real sec
[M::process] read 596486 sequences (80000153 bp)...
[M::mem_process_seqs] Processed 595982 reads in 24.129 CPU sec, 2.891 real sec
[M::process] read 594398 sequences (80000133 bp)...
[M::mem_process_seqs] Processed 596486 reads in 24.437 CPU sec, 2.927 real sec
[M::process] read 594018 sequences (80000145 bp)...
[M::mem_process_seqs] Processed 594398 reads in 23.905 CPU sec, 2.895 real sec
[M::process] read 595706 sequences (80000093 bp)...
[M::mem_process_seqs] Processed 594018 reads in 24.616 CPU sec, 2.988 real sec
[M::process] read 593510 sequences (80000081 bp)...
[M::mem_process_seqs] Processed 595706 reads in 25.833 CPU sec, 3.144 real sec
[M::process] read 592802 sequences (80000042 bp)...
[M::mem_process_seqs] Processed 593510 reads in 25.091 CPU sec, 3.034 real sec
[M::process] read 604814 sequences (80000190 bp)...
[M::mem_process_seqs] Processed 592802 reads in 23.772 CPU sec, 2.852 real sec
[M::process] read 604138 sequences (80000010 bp)...
[M::mem_process_seqs] Processed 604814 reads in 25.339 CPU sec, 3.093 real sec
[M::process] read 602122 sequences (80000255 bp)...
[M::mem_process_seqs] Processed 604138 reads in 24.862 CPU sec, 3.004 real sec
[M::process] read 61454 sequences (8191690 bp)...
[M::mem_process_seqs] Processed 602122 reads in 25.760 CPU sec, 3.215 real sec
[M::mem_process_seqs] Processed 61454 reads in 2.992 CPU sec, 0.358 real sec
[main] Version: 0.7.19-r1273
[main] CMD: bwa mem -t 8 -a hybracter-hybrid-misc2/processing/complete/medaka_rd_2/NCPPB_1713_lablab/consensus.fasta hybracter-hybrid-misc2/processing/qc/fastp/NCPPB_1713_lablab_2.fastq.gz
[main] Real time: 51.733 sec; CPU: 409.268 sec
