
[1;4;93mStarting Polypolish polish[0m [2m(2026-04-01 14:07:57)[0m
[2m    Polypolish is a tool for polishing genome assemblies with short reads.
Unlike other tools in this category, Polypolish uses SAM files where each read
has been aligned to all possible locations (not just a single best location).
This allows it to repair errors in repeat regions that other alignment-based
polishers cannot fix.[0m

Polypolish version: 0.6.1

Input assembly:
  hybracter-hybrid-900/processing/complete/medaka_rd_2/NCPPB_900/consensus.fasta

Input short-read alignments:
  hybracter-hybrid-900/processing/complete/bwa/NCPPB_900_1.sam
  hybracter-hybrid-900/processing/complete/bwa/NCPPB_900_2.sam

Settings:
  --fraction_invalid 0.2
  --fraction_valid 0.5
  --max_errors 10
  --min_depth 5
  not logging debugging information


[1;4;93mLoading assembly[0m [2m(2026-04-01 14:07:57)[0m
contig_1 (4,860,225 bp)
2 (13,702 bp)
1 (127,146 bp)


[1;4;93mLoading alignments[0m [2m(2026-04-01 14:07:57)[0m
hybracter-hybrid-900/processing/complete/bwa/NCPPB_900_1.sam: 18,520,862 alignments from 10,645,769 reads
hybracter-hybrid-900/processing/complete/bwa/NCPPB_900_2.sam: 18,604,574 alignments from 10,647,628 reads

Filtering for high-quality end-to-end alignments:
  34,652,789 alignments kept
  2,472,647 alignments discarded


[1;4;93mPolishing assembly sequences[0m [2m(2026-04-01 14:09:58)[0m
[2m    For each position in the assembly, Polypolish determines the read depth
at that position and collects all aligned bases. It then polishes the assembly
by looking for positions where the pileup unambiguously supports a different
sequence than the assembly.[0m

Polishing contig_1 (4,860,225 bp):
  mean read depth: 561.9x
  22 bp have a depth of zero (99.9995% coverage)
  7 positions changed (0.0001% of total positions)
  estimated pre-polishing sequence accuracy: 99.9999% (Q58.42)

Polishing 2 (13,702 bp):
  mean read depth: 2660.8x
  2 bp have a depth of zero (99.9854% coverage)
  0 positions changed (0.0000% of total positions)
  estimated pre-polishing sequence accuracy: 100.0000% (Q∞)

Polishing 1 (127,146 bp):
  mean read depth: 529.6x
  2 bp have a depth of zero (99.9984% coverage)
  0 positions changed (0.0000% of total positions)
  estimated pre-polishing sequence accuracy: 100.0000% (Q∞)


[1;4;93mFinished![0m [2m(2026-04-01 14:09:59)[0m
Polished sequence (to stdout):
  contig_1_polypolish (4,860,225 bp)
  2_polypolish (13,702 bp)
  1_polypolish (127,146 bp)

Time to run: 0:02:02.530557

