Config file /data/djs217/miniconda3/envs/hybracter_env/lib/python3.11/site-packages/hybracter/workflow/../config/config.yaml is extended by additional config specified via the command line.
Assuming unrestricted shared filesystem usage.
host: studholme-training-server
Building DAG of jobs...
Your conda installation is not configured to use strict channel priorities. This is however important for having robust and correct environments (for details, see https://conda-forge.org/docs/user/tipsandtricks.html). Please consider to configure strict priorities by executing 'conda config --set channel_priority strict'.
Using shell: /usr/bin/bash
Provided cores: 8
Rules claiming more threads will be scaled down.
Job stats:
job                                           count
------------------------------------------  -------
aggr_assemble                                     1
aggr_combine_plassembler_info                     1
aggr_final_flag                                   1
aggr_long_qc                                      1
aggr_long_read_polish_flag                        1
aggr_plassembler_flag                             1
aggr_pyrodigal_plassembler_flag                   1
aggr_seqkit_long                                  1
aggregate_finalised_assemblies_rule               1
aggregate_long_read_polish_input_rule             1
aggregate_plassembler_input_rule                  1
aggregate_pyrodigal_plassembler_input_rule        1
all                                               1
assemble                                          1
check_completeness                                1
combine_plassembler_info                          1
create_final_summary                              1
estimate_lr_coverage                              1
filtlong                                          1
porechop_abi                                      1
run_seqkit_long                                   1
total                                            21

Select jobs to execute...
Execute 1 jobs...
[Fri Nov  7 15:39:19 2025]
localrule filtlong:
    input: SRR30041396_1.fastq.gz, hybracter-long/processing/chrom_size/NCPPB3200_lrge_estimated_chromosome_size.txt
    output: hybracter-long/processing/qc/NCPPB3200_filt.fastq.gz, hybracter-long/versions/NCPPB3200/filtlong.version
    log: hybracter-long/stderr/filtlong/NCPPB3200.log
    jobid: 3
    benchmark: hybracter-long/benchmarks/filtlong/NCPPB3200.txt
    reason: Forced execution
    wildcards: sample=NCPPB3200
    resources: tmpdir=/tmp, mem_mb=16000, mem_mib=15259, mem=16000MB, time=08:00:00
Shell command: 
        filtlong --target_bases 450000000 --min_mean_q 9 --min_length 1000 SRR30041396_1.fastq.gz | pigz > hybracter-long/processing/qc/NCPPB3200_filt.fastq.gz 2> hybracter-long/stderr/filtlong/NCPPB3200.log
        filtlong --version > hybracter-long/versions/NCPPB3200/filtlong.version
        
Activating conda environment: ../../miniconda3/envs/hybracter_env/lib/python3.11/site-packages/hybracter/workflow/conda/e29627940fc67a691bea045b2752a205_
[Fri Nov  7 15:39:55 2025]
Finished jobid: 3 (Rule: filtlong)
1 of 21 steps (5%) done
Select jobs to execute...
Execute 1 jobs...
[Fri Nov  7 15:39:55 2025]
localrule porechop_abi:
    input: hybracter-long/processing/qc/NCPPB3200_filt.fastq.gz
    output: hybracter-long/processing/qc/NCPPB3200_filt_trim.fastq.gz, hybracter-long/versions/NCPPB3200/porechop.version
    log: hybracter-long/stderr/porechop/NCPPB3200.log
    jobid: 2
    benchmark: hybracter-long/benchmarks/porechop/NCPPB3200.txt
    reason: Missing output files: hybracter-long/versions/NCPPB3200/porechop.version, hybracter-long/processing/qc/NCPPB3200_filt_trim.fastq.gz; Input files updated by another job: hybracter-long/processing/qc/NCPPB3200_filt.fastq.gz
    wildcards: sample=NCPPB3200
    threads: 8
    resources: tmpdir=/tmp, mem_mb=16000, mem_mib=15259, mem=16000MB, time=08:00:00
Shell command: 
        porechop_abi -i hybracter-long/processing/qc/NCPPB3200_filt.fastq.gz  -o hybracter-long/processing/qc/NCPPB3200_filt_trim.fastq.gz -t 8 2> hybracter-long/stderr/porechop/NCPPB3200.log
        porechop_abi --version > hybracter-long/versions/NCPPB3200/porechop.version
        
Activating conda environment: ../../miniconda3/envs/hybracter_env/lib/python3.11/site-packages/hybracter/workflow/conda/9e6a12a596af867d599204110ec25f2a_
[Fri Nov  7 15:48:47 2025]
Finished jobid: 2 (Rule: porechop_abi)
2 of 21 steps (10%) done
Select jobs to execute...
Failed to solve scheduling problem with ILP solver, falling back to greedy scheduler. You likely have to fix your ILP solver installation. Error message: PULP_CBC_CMD: Not Available (check permissions on cbc)
Execute 2 jobs...
[Fri Nov  7 15:48:47 2025]
localrule run_seqkit_long:
    input: hybracter-long/processing/qc/NCPPB3200_filt_trim.fastq.gz
    output: hybracter-long/processing/qc/seqkit/NCPPB3200_long.txt
    log: hybracter-long/stderr/seqkit/NCPPB3200_long.log
    jobid: 6
    benchmark: hybracter-long/benchmarks/seqkit/NCPPB3200_long.txt
    reason: Missing output files: hybracter-long/processing/qc/seqkit/NCPPB3200_long.txt; Input files updated by another job: hybracter-long/processing/qc/NCPPB3200_filt_trim.fastq.gz
    wildcards: sample=NCPPB3200
    resources: tmpdir=/tmp, mem_mb=4000, mem_mib=3815, mem=4000MB, time=00:00:05
Shell command: 
        seqkit stats hybracter-long/processing/qc/NCPPB3200_filt_trim.fastq.gz -T -N 50 -N 90 > hybracter-long/processing/qc/seqkit/NCPPB3200_long.txt
        
Activating conda environment: ../../miniconda3/envs/hybracter_env/lib/python3.11/site-packages/hybracter/workflow/conda/a8fea94bb79190b87077380117f14d7d_
[Fri Nov  7 15:48:47 2025]
localrule aggr_long_qc:
    input: hybracter-long/processing/qc/NCPPB3200_filt_trim.fastq.gz, hybracter-long/versions/NCPPB3200/filtlong.version, hybracter-long/versions/NCPPB3200/porechop.version
    output: hybracter-long/flags/aggr_long_qc.flag
    jobid: 1
    reason: Missing output files: hybracter-long/flags/aggr_long_qc.flag; Input files updated by another job: hybracter-long/versions/NCPPB3200/filtlong.version, hybracter-long/processing/qc/NCPPB3200_filt_trim.fastq.gz, hybracter-long/versions/NCPPB3200/porechop.version
    resources: tmpdir=/tmp, mem_mb=4000, mem_mib=3815, mem=4000MB, time=00:00:05
Shell command: 
        touch hybracter-long/flags/aggr_long_qc.flag
        
[Fri Nov  7 15:48:47 2025]
Finished jobid: 1 (Rule: aggr_long_qc)
3 of 21 steps (14%) done
[Fri Nov  7 15:48:56 2025]
Finished jobid: 6 (Rule: run_seqkit_long)
4 of 21 steps (19%) done
Select jobs to execute...
Execute 1 jobs...
[Fri Nov  7 15:48:56 2025]
localrule estimate_lr_coverage:
    input: hybracter-long/processing/qc/seqkit/NCPPB3200_long.txt, hybracter-long/processing/chrom_size/NCPPB3200_lrge_estimated_chromosome_size.txt
    output: hybracter-long/processing/qc/coverage/NCPPB3200_lr.txt
    jobid: 7
    reason: Missing output files: hybracter-long/processing/qc/coverage/NCPPB3200_lr.txt; Input files updated by another job: hybracter-long/processing/qc/seqkit/NCPPB3200_long.txt
    wildcards: sample=NCPPB3200
    resources: tmpdir=/tmp, mem_mb=4000, mem_mib=3815, mem=4000MB, time=00:00:05
Shell command: None
Activating conda environment: ../../miniconda3/envs/hybracter_env/lib/python3.11/site-packages/hybracter/workflow/conda/639f4bf04df38f7c8704ca26e9afdad8_
Activating conda environment: ../../miniconda3/envs/hybracter_env/lib/python3.11/site-packages/hybracter/workflow/conda/639f4bf04df38f7c8704ca26e9afdad8_
[Fri Nov  7 15:48:58 2025]
Finished jobid: 7 (Rule: estimate_lr_coverage)
5 of 21 steps (24%) done
Select jobs to execute...
Execute 2 jobs...
[Fri Nov  7 15:48:58 2025]
localrule assemble:
    input: hybracter-long/processing/qc/NCPPB3200_filt_trim.fastq.gz, hybracter-long/processing/qc/coverage/NCPPB3200_lr.txt
    output: hybracter-long/processing/assemblies/NCPPB3200/assembly.fasta, hybracter-long/processing/assemblies/NCPPB3200/assembly_info.txt, hybracter-long/versions/NCPPB3200/flye.version, hybracter-long/supplementary_results/flye_individual_summaries/NCPPB3200_assembly_info.txt
    log: hybracter-long/stderr/assemble/NCPPB3200.log
    jobid: 10
    benchmark: hybracter-long/benchmarks/assemble/NCPPB3200.txt
    reason: Missing output files: hybracter-long/supplementary_results/flye_individual_summaries/NCPPB3200_assembly_info.txt, hybracter-long/processing/assemblies/NCPPB3200/assembly_info.txt, hybracter-long/processing/assemblies/NCPPB3200/assembly.fasta, hybracter-long/versions/NCPPB3200/flye.version; Input files updated by another job: hybracter-long/processing/qc/coverage/NCPPB3200_lr.txt, hybracter-long/processing/qc/NCPPB3200_filt_trim.fastq.gz
    wildcards: sample=NCPPB3200
    threads: 8
    resources: tmpdir=/tmp, mem_mb=32000, mem_mib=30518, mem=32000MB, time=08:00:00
Shell command: 
        if [ "False" = "True" ]; then 
            flye --nano-hq hybracter-long/processing/qc/NCPPB3200_filt_trim.fastq.gz -t 8  --out-dir hybracter-long/processing/assemblies/NCPPB3200 None 2> hybracter-long/stderr/assemble/NCPPB3200.log
        else
            flye --nano-hq hybracter-long/processing/qc/NCPPB3200_filt_trim.fastq.gz -t 8  --out-dir hybracter-long/processing/assemblies/NCPPB3200  2> hybracter-long/stderr/assemble/NCPPB3200.log
        fi
        flye --version > hybracter-long/versions/NCPPB3200/flye.version   
        cp hybracter-long/processing/assemblies/NCPPB3200/assembly_info.txt hybracter-long/supplementary_results/flye_individual_summaries/NCPPB3200_assembly_info.txt
        
Activating conda environment: ../../miniconda3/envs/hybracter_env/lib/python3.11/site-packages/hybracter/workflow/conda/867e79b85cea33b7804e36b625a69929_
[Fri Nov  7 15:48:58 2025]
localrule aggr_seqkit_long:
    input: hybracter-long/processing/qc/seqkit/NCPPB3200_long.txt, hybracter-long/processing/qc/coverage/NCPPB3200_lr.txt
    output: hybracter-long/flags/aggr_seqkit_long.flag
    jobid: 5
    reason: Missing output files: hybracter-long/flags/aggr_seqkit_long.flag; Input files updated by another job: hybracter-long/processing/qc/coverage/NCPPB3200_lr.txt, hybracter-long/processing/qc/seqkit/NCPPB3200_long.txt
    resources: tmpdir=/tmp, mem_mb=4000, mem_mib=3815, mem=4000MB, time=00:00:05
Shell command: 
        touch hybracter-long/flags/aggr_seqkit_long.flag
        
[Fri Nov  7 15:48:58 2025]
Finished jobid: 5 (Rule: aggr_seqkit_long)
6 of 21 steps (29%) done
[Fri Nov  7 15:56:30 2025]
Finished jobid: 10 (Rule: assemble)
7 of 21 steps (33%) done
Select jobs to execute...
Execute 2 jobs...
[Fri Nov  7 15:56:30 2025]
localcheckpoint check_completeness:
    input: hybracter-long/processing/assemblies/NCPPB3200/assembly.fasta, hybracter-long/processing/assemblies/NCPPB3200/assembly_info.txt, hybracter-long/processing/chrom_size/NCPPB3200_lrge_estimated_chromosome_size.txt
    output: hybracter-long/completeness/NCPPB3200.txt
    jobid: 13
    reason: Missing output files: <TBD>; Input files updated by another job: hybracter-long/processing/assemblies/NCPPB3200/assembly_info.txt, hybracter-long/processing/assemblies/NCPPB3200/assembly.fasta
    wildcards: sample=NCPPB3200
    resources: tmpdir=/tmp, mem_mb=4000, mem_mib=3815, mem=4000MB, time=00:00:05
Shell command: None
DAG of jobs will be updated after completion.
[Fri Nov  7 15:56:30 2025]
localrule aggr_assemble:
    input: hybracter-long/processing/assemblies/NCPPB3200/assembly.fasta, hybracter-long/processing/assemblies/NCPPB3200/assembly_info.txt, hybracter-long/supplementary_results/flye_individual_summaries/NCPPB3200_assembly_info.txt, hybracter-long/versions/NCPPB3200/flye.version
    output: hybracter-long/flags/aggr_assemble.flag
    jobid: 9
    reason: Missing output files: hybracter-long/flags/aggr_assemble.flag; Input files updated by another job: hybracter-long/processing/assemblies/NCPPB3200/assembly_info.txt, hybracter-long/versions/NCPPB3200/flye.version, hybracter-long/processing/assemblies/NCPPB3200/assembly.fasta, hybracter-long/supplementary_results/flye_individual_summaries/NCPPB3200_assembly_info.txt
    resources: tmpdir=/tmp, mem_mb=4000, mem_mib=3815, mem=4000MB, time=00:00:05
Shell command: 
        touch hybracter-long/flags/aggr_assemble.flag
        
[Fri Nov  7 15:56:30 2025]
Finished jobid: 9 (Rule: aggr_assemble)
8 of 21 steps (38%) done
Activating conda environment: ../../miniconda3/envs/hybracter_env/lib/python3.11/site-packages/hybracter/workflow/conda/639f4bf04df38f7c8704ca26e9afdad8_
Activating conda environment: ../../miniconda3/envs/hybracter_env/lib/python3.11/site-packages/hybracter/workflow/conda/639f4bf04df38f7c8704ca26e9afdad8_
[Fri Nov  7 15:56:32 2025]
Finished jobid: 13 (Rule: check_completeness)
9 of 21 steps (43%) done
Updating checkpoint dependencies.
Creating conda environment /data/djs217/miniconda3/envs/hybracter_env/lib/python3.11/site-packages/hybracter/workflow/envs/pyrodigal.yaml...
Downloading and installing remote packages.
Cleaning up conda package tarballs.
Environment for /data/djs217/miniconda3/envs/hybracter_env/lib/python3.11/site-packages/hybracter/workflow/envs/pyrodigal.yaml created (location: ../../miniconda3/envs/hybracter_env/lib/python3.11/site-packages/hybracter/workflow/conda/474e4e1622549f89bad4f85cb93aba39_)
Removing temporary output hybracter-long/processing/qc/NCPPB3200_filt.fastq.gz.
Removing temporary output hybracter-long/processing/qc/NCPPB3200_filt.fastq.gz.
Select jobs to execute...
Execute 2 jobs...
[Fri Nov  7 15:57:20 2025]
localrule extract_chromosome_complete:
    input: hybracter-long/processing/assemblies/NCPPB3200/assembly.fasta, hybracter-long/processing/assemblies/NCPPB3200/assembly_info.txt, hybracter-long/completeness/NCPPB3200.txt, hybracter-long/processing/chrom_size/NCPPB3200_lrge_estimated_chromosome_size.txt
    output: hybracter-long/processing/pre_polish/NCPPB3200_chromosome.fasta, hybracter-long/processing/pre_polish/NCPPB3200_ignore_list.txt
    jobid: 36
    reason: Missing output files: hybracter-long/processing/pre_polish/NCPPB3200_ignore_list.txt, hybracter-long/processing/pre_polish/NCPPB3200_chromosome.fasta
    wildcards: sample=NCPPB3200
    resources: tmpdir=/tmp, mem_mb=4000, mem_mib=3815, mem=4000MB, time=00:00:05
Shell command: None
[Fri Nov  7 15:57:20 2025]
localrule plassembler_long:
    input: hybracter-long/processing/chrom_size/NCPPB3200_lrge_estimated_chromosome_size.txt, hybracter-long/processing/qc/NCPPB3200_filt_trim.fastq.gz
    output: hybracter-long/processing/plassembler/NCPPB3200/plassembler_plasmids.fasta, hybracter-long/processing/plassembler/NCPPB3200/plassembler_summary.tsv, hybracter-long/versions/NCPPB3200/plassembler.version
    log: hybracter-long/stderr/plassembler_long/NCPPB3200.log
    jobid: 37
    benchmark: hybracter-long/benchmarks/plassembler_long/NCPPB3200.txt
    reason: Missing output files: hybracter-long/processing/plassembler/NCPPB3200/plassembler_plasmids.fasta, hybracter-long/processing/plassembler/NCPPB3200/plassembler_summary.tsv
    wildcards: sample=NCPPB3200
    threads: 8
    resources: tmpdir=/tmp, mem_mb=32000, mem_mib=30518, mem=32000MB, time=08:00:00
Shell command: 
        plassembler long -l hybracter-long/processing/qc/NCPPB3200_filt_trim.fastq.gz -o hybracter-long/processing/plassembler/NCPPB3200 -d /data/djs217/miniconda3/envs/hybracter_env/lib/python3.11/site-packages/hybracter/workflow/../databases -t 8 -c 4500000 --skip_qc --flye_directory hybracter-long/processing/assemblies/NCPPB3200 --depth_filter 0.25 -f 2> hybracter-long/stderr/plassembler_long/NCPPB3200.log
        touch hybracter-long/processing/plassembler/NCPPB3200/plassembler_plasmids.fasta
        touch hybracter-long/processing/plassembler/NCPPB3200/plassembler_summary.tsv
        plassembler --version > hybracter-long/versions/NCPPB3200/plassembler.version

        
Activating conda environment: ../../miniconda3/envs/hybracter_env/lib/python3.11/site-packages/hybracter/workflow/conda/78019da34467f1ccbd2a1e2321558605_
Activating conda environment: ../../miniconda3/envs/hybracter_env/lib/python3.11/site-packages/hybracter/workflow/conda/639f4bf04df38f7c8704ca26e9afdad8_
Activating conda environment: ../../miniconda3/envs/hybracter_env/lib/python3.11/site-packages/hybracter/workflow/conda/639f4bf04df38f7c8704ca26e9afdad8_
[Fri Nov  7 15:57:21 2025]
Finished jobid: 36 (Rule: extract_chromosome_complete)
10 of 35 steps (29%) done
Select jobs to execute...
Execute 1 jobs...
[Fri Nov  7 15:57:21 2025]
localrule dnaapler_pre_chrom:
    input: hybracter-long/processing/pre_polish/NCPPB3200_chromosome.fasta, hybracter-long/processing/pre_polish/NCPPB3200_ignore_list.txt
    output: hybracter-long/processing/complete/dnaapler/NCPPB3200_pre_chrom/NCPPB3200_reoriented.fasta
    log: hybracter-long/stderr/dnaapler/NCPPB3200_pre_chrom.log
    jobid: 42
    benchmark: hybracter-long/benchmarks/dnaapler/NCPPB3200_pre_chrom.txt
    reason: Missing output files: hybracter-long/processing/complete/dnaapler/NCPPB3200_pre_chrom/NCPPB3200_reoriented.fasta; Input files updated by another job: hybracter-long/processing/pre_polish/NCPPB3200_chromosome.fasta, hybracter-long/processing/pre_polish/NCPPB3200_ignore_list.txt
    wildcards: sample=NCPPB3200
    threads: 8
    resources: tmpdir=/tmp, mem_mb=16000, mem_mib=15259, mem=16000MB, time=08:00:00
Shell command: 
        dnaapler all -i hybracter-long/processing/pre_polish/NCPPB3200_chromosome.fasta -o hybracter-long/processing/complete/dnaapler/NCPPB3200_pre_chrom --ignore hybracter-long/processing/pre_polish/NCPPB3200_ignore_list.txt -p NCPPB3200 -t 8 -a nearest --db dnaa,cog1474,repa -f 2> hybracter-long/stderr/dnaapler/NCPPB3200_pre_chrom.log
        
Activating conda environment: ../../miniconda3/envs/hybracter_env/lib/python3.11/site-packages/hybracter/workflow/conda/2e20c9685892c8c53c04f44043c92cbf_
[Fri Nov  7 15:57:59 2025]
Finished jobid: 42 (Rule: dnaapler_pre_chrom)
11 of 35 steps (31%) done
[Fri Nov  7 15:58:22 2025]
Finished jobid: 37 (Rule: plassembler_long)
12 of 35 steps (34%) done
Select jobs to execute...
Execute 3 jobs...
[Fri Nov  7 15:58:22 2025]
localrule concatenate_chrom_plassembler:
    input: hybracter-long/processing/pre_polish/NCPPB3200_chromosome.fasta, hybracter-long/processing/plassembler/NCPPB3200/plassembler_plasmids.fasta
    output: hybracter-long/processing/pre_polish/NCPPB3200_chromosome_plus_plasmids.fasta
    jobid: 35
    reason: Missing output files: hybracter-long/processing/pre_polish/NCPPB3200_chromosome_plus_plasmids.fasta; Input files updated by another job: hybracter-long/processing/pre_polish/NCPPB3200_chromosome.fasta, hybracter-long/processing/plassembler/NCPPB3200/plassembler_plasmids.fasta
    wildcards: sample=NCPPB3200
    resources: tmpdir=/tmp, mem_mb=4000, mem_mib=3815, mem=4000MB, time=00:00:05
Shell command: 
        cat hybracter-long/processing/pre_polish/NCPPB3200_chromosome.fasta hybracter-long/processing/plassembler/NCPPB3200/plassembler_plasmids.fasta > hybracter-long/processing/pre_polish/NCPPB3200_chromosome_plus_plasmids.fasta
        
[Fri Nov  7 15:58:22 2025]
localrule add_sample_plassembler:
    input: hybracter-long/processing/plassembler/NCPPB3200/plassembler_summary.tsv
    output: hybracter-long/supplementary_results/plassembler_individual_summaries/NCPPB3200_with_sample.tsv
    jobid: 43
    reason: Missing output files: hybracter-long/supplementary_results/plassembler_individual_summaries/NCPPB3200_with_sample.tsv; Input files updated by another job: hybracter-long/processing/plassembler/NCPPB3200/plassembler_summary.tsv
    wildcards: sample=NCPPB3200
    resources: tmpdir=/tmp, mem_mb=4000, mem_mib=3815, mem=4000MB, time=00:00:05
Shell command: None
[Fri Nov  7 15:58:22 2025]
localrule aggregate_plassembler_input_rule:
    input: hybracter-long/processing/plassembler/NCPPB3200/plassembler_plasmids.fasta
    output: hybracter-long/flags/aggr_plassembler/NCPPB3200.txt
    jobid: 15
    reason: Missing output files: hybracter-long/flags/aggr_plassembler/NCPPB3200.txt; Input files updated by another job: hybracter-long/processing/plassembler/NCPPB3200/plassembler_plasmids.fasta
    wildcards: sample=NCPPB3200
    resources: tmpdir=/tmp, mem_mb=4000, mem_mib=3815, mem=4000MB, time=00:00:05
Shell command: 
        echo hybracter-long/processing/plassembler/NCPPB3200/plassembler_plasmids.fasta
        touch hybracter-long/flags/aggr_plassembler/NCPPB3200.txt
        
[Fri Nov  7 15:58:22 2025]
Finished jobid: 15 (Rule: aggregate_plassembler_input_rule)
13 of 35 steps (37%) done
Select jobs to execute...
Execute 1 jobs...
[Fri Nov  7 15:58:22 2025]
localrule aggr_plassembler_flag:
    input: hybracter-long/flags/aggr_plassembler/NCPPB3200.txt
    output: hybracter-long/flags/aggr_plassembler.flag
    jobid: 14
    reason: Missing output files: hybracter-long/flags/aggr_plassembler.flag; Input files updated by another job: hybracter-long/flags/aggr_plassembler/NCPPB3200.txt
    resources: tmpdir=/tmp, mem_mb=4000, mem_mib=3815, mem=4000MB, time=00:00:05
Shell command: 
        touch hybracter-long/flags/aggr_plassembler.flag
        
[Fri Nov  7 15:58:22 2025]
Finished jobid: 35 (Rule: concatenate_chrom_plassembler)
14 of 35 steps (40%) done
Select jobs to execute...
Execute 1 jobs...
[Fri Nov  7 15:58:22 2025]
localrule medaka_round_1:
    input: hybracter-long/processing/pre_polish/NCPPB3200_chromosome_plus_plasmids.fasta, hybracter-long/processing/qc/NCPPB3200_filt_trim.fastq.gz
    output: hybracter-long/processing/complete/medaka_rd_1/NCPPB3200/consensus.fasta, hybracter-long/versions/NCPPB3200/medaka_complete.version
    log: hybracter-long/stderr/medaka_round_1/NCPPB3200.log
    jobid: 34
    benchmark: hybracter-long/benchmarks/medaka_round_1/NCPPB3200.txt
    reason: Missing output files: hybracter-long/processing/complete/medaka_rd_1/NCPPB3200/consensus.fasta; Input files updated by another job: hybracter-long/processing/pre_polish/NCPPB3200_chromosome_plus_plasmids.fasta
    wildcards: sample=NCPPB3200
    threads: 8
    resources: tmpdir=/tmp, mem_mb=32000, mem_mib=30518, mem=32000MB, time=08:00:00
Shell command: 
        if [ "True" = "True" ]; then
           # from v 0.10.0, hybracter supports --bacteria
            medaka_consensus -i hybracter-long/processing/qc/NCPPB3200_filt_trim.fastq.gz -d hybracter-long/processing/pre_polish/NCPPB3200_chromosome_plus_plasmids.fasta -o hybracter-long/processing/complete/medaka_rd_1/NCPPB3200 --bacteria  -t 8 2> hybracter-long/stderr/medaka_round_1/NCPPB3200.log
            medaka --version > hybracter-long/versions/NCPPB3200/medaka_complete.version
            touch hybracter-long/processing/complete/medaka_rd_1/NCPPB3200/calls_to_draft.bam
            rm hybracter-long/processing/complete/medaka_rd_1/NCPPB3200/calls_to_draft.bam
            touch hybracter-long/processing/complete/medaka_rd_1/NCPPB3200/consensus_probs.hdf
            rm hybracter-long/processing/complete/medaka_rd_1/NCPPB3200/consensus_probs.hdf
        else
           
            medaka_consensus -i hybracter-long/processing/qc/NCPPB3200_filt_trim.fastq.gz -d hybracter-long/processing/pre_polish/NCPPB3200_chromosome_plus_plasmids.fasta -o hybracter-long/processing/complete/medaka_rd_1/NCPPB3200 -m r1041_e82_400bps_sup_v5.0.0 -t 8 2> hybracter-long/stderr/medaka_round_1/NCPPB3200.log
            medaka --version > hybracter-long/versions/NCPPB3200/medaka_complete.version
            touch hybracter-long/processing/complete/medaka_rd_1/NCPPB3200/calls_to_draft.bam
            rm hybracter-long/processing/complete/medaka_rd_1/NCPPB3200/calls_to_draft.bam
            touch hybracter-long/processing/complete/medaka_rd_1/NCPPB3200/consensus_probs.hdf
            rm hybracter-long/processing/complete/medaka_rd_1/NCPPB3200/consensus_probs.hdf
        fi
        
Activating conda environment: ../../miniconda3/envs/hybracter_env/lib/python3.11/site-packages/hybracter/workflow/conda/639f4bf04df38f7c8704ca26e9afdad8_
Activating conda environment: ../../miniconda3/envs/hybracter_env/lib/python3.11/site-packages/hybracter/workflow/conda/7aafc1085ca44eee01942c03ca74ecad_
[Fri Nov  7 15:58:22 2025]
Finished jobid: 14 (Rule: aggr_plassembler_flag)
15 of 35 steps (43%) done
Select jobs to execute...
Execute 1 jobs...
[Fri Nov  7 15:58:22 2025]
localrule combine_plassembler_info:
    input: hybracter-long/flags/aggr_plassembler.flag
    output: hybracter-long/supplementary_results/plassembler_all_assembly_summary/plassembler_assembly_info.tsv
    jobid: 17
    reason: Missing output files: hybracter-long/supplementary_results/plassembler_all_assembly_summary/plassembler_assembly_info.tsv; Input files updated by another job: hybracter-long/flags/aggr_plassembler.flag
    resources: tmpdir=/tmp, mem_mb=4000, mem_mib=3815, mem=4000MB, time=00:00:05
Shell command: None
Activating conda environment: ../../miniconda3/envs/hybracter_env/lib/python3.11/site-packages/hybracter/workflow/conda/639f4bf04df38f7c8704ca26e9afdad8_
Activating conda environment: ../../miniconda3/envs/hybracter_env/lib/python3.11/site-packages/hybracter/workflow/conda/639f4bf04df38f7c8704ca26e9afdad8_
Activating conda environment: ../../miniconda3/envs/hybracter_env/lib/python3.11/site-packages/hybracter/workflow/conda/639f4bf04df38f7c8704ca26e9afdad8_
[Fri Nov  7 15:58:23 2025]
Finished jobid: 43 (Rule: add_sample_plassembler)
16 of 35 steps (46%) done
Select jobs to execute...
Execute 1 jobs...
[Fri Nov  7 15:58:23 2025]
localrule aggregate_pyrodigal_plassembler_input_rule:
    input: hybracter-long/supplementary_results/plassembler_individual_summaries/NCPPB3200_with_sample.tsv
    output: hybracter-long/flags/aggr_pyrodigal_plassembler/NCPPB3200.txt
    jobid: 19
    reason: Missing output files: hybracter-long/flags/aggr_pyrodigal_plassembler/NCPPB3200.txt; Input files updated by another job: hybracter-long/supplementary_results/plassembler_individual_summaries/NCPPB3200_with_sample.tsv
    wildcards: sample=NCPPB3200
    resources: tmpdir=/tmp, mem_mb=4000, mem_mib=3815, mem=4000MB, time=00:00:05
Shell command: 
        touch hybracter-long/flags/aggr_pyrodigal_plassembler/NCPPB3200.txt
        
[Fri Nov  7 15:58:23 2025]
Finished jobid: 17 (Rule: combine_plassembler_info)
17 of 35 steps (49%) done
Select jobs to execute...
Execute 1 jobs...
[Fri Nov  7 15:58:23 2025]
localrule aggr_combine_plassembler_info:
    input: hybracter-long/supplementary_results/plassembler_all_assembly_summary/plassembler_assembly_info.tsv
    output: hybracter-long/flags/aggr_combine_plassembler_info.flag
    jobid: 16
    reason: Missing output files: hybracter-long/flags/aggr_combine_plassembler_info.flag; Input files updated by another job: hybracter-long/supplementary_results/plassembler_all_assembly_summary/plassembler_assembly_info.tsv
    resources: tmpdir=/tmp, mem_mb=4000, mem_mib=3815, mem=4000MB, time=00:00:05
Shell command: 
        touch hybracter-long/flags/aggr_combine_plassembler_info.flag
        
[Fri Nov  7 15:58:23 2025]
Finished jobid: 19 (Rule: aggregate_pyrodigal_plassembler_input_rule)
18 of 35 steps (51%) done
Select jobs to execute...
Execute 1 jobs...
[Fri Nov  7 15:58:23 2025]
localrule aggr_pyrodigal_plassembler_flag:
    input: hybracter-long/flags/aggr_pyrodigal_plassembler/NCPPB3200.txt
    output: hybracter-long/flags/aggr_pyrodigal_plassembler.flag
    jobid: 18
    reason: Missing output files: hybracter-long/flags/aggr_pyrodigal_plassembler.flag; Input files updated by another job: hybracter-long/flags/aggr_pyrodigal_plassembler/NCPPB3200.txt
    resources: tmpdir=/tmp, mem_mb=4000, mem_mib=3815, mem=4000MB, time=00:00:05
Shell command: 
        touch hybracter-long/flags/aggr_pyrodigal_plassembler.flag
        
[Fri Nov  7 15:58:23 2025]
Finished jobid: 16 (Rule: aggr_combine_plassembler_info)
19 of 35 steps (54%) done
[Fri Nov  7 15:58:23 2025]
Finished jobid: 18 (Rule: aggr_pyrodigal_plassembler_flag)
20 of 35 steps (57%) done
[Fri Nov  7 16:00:25 2025]
Finished jobid: 34 (Rule: medaka_round_1)
21 of 35 steps (60%) done
Select jobs to execute...
Execute 1 jobs...
[Fri Nov  7 16:00:25 2025]
localrule medaka_round_1_extract_intermediate_assembly:
    input: hybracter-long/processing/complete/medaka_rd_1/NCPPB3200/consensus.fasta, hybracter-long/completeness/NCPPB3200.txt, hybracter-long/processing/assemblies/NCPPB3200/assembly_info.txt, hybracter-long/processing/chrom_size/NCPPB3200_lrge_estimated_chromosome_size.txt
    output: hybracter-long/supplementary_results/intermediate_chromosome_assemblies/NCPPB3200/NCPPB3200_medaka_rd_1.fasta, hybracter-long/processing/complete/medaka_rd_1/NCPPB3200_ignore_list.txt
    jobid: 33
    reason: Missing output files: hybracter-long/supplementary_results/intermediate_chromosome_assemblies/NCPPB3200/NCPPB3200_medaka_rd_1.fasta; Input files updated by another job: hybracter-long/processing/complete/medaka_rd_1/NCPPB3200/consensus.fasta
    wildcards: sample=NCPPB3200
    resources: tmpdir=/tmp, mem_mb=4000, mem_mib=3815, mem=4000MB, time=00:00:05
Shell command: None
Activating conda environment: ../../miniconda3/envs/hybracter_env/lib/python3.11/site-packages/hybracter/workflow/conda/639f4bf04df38f7c8704ca26e9afdad8_
Activating conda environment: ../../miniconda3/envs/hybracter_env/lib/python3.11/site-packages/hybracter/workflow/conda/639f4bf04df38f7c8704ca26e9afdad8_
[Fri Nov  7 16:00:26 2025]
Finished jobid: 33 (Rule: medaka_round_1_extract_intermediate_assembly)
22 of 35 steps (63%) done
Select jobs to execute...
Execute 1 jobs...
[Fri Nov  7 16:00:26 2025]
localrule dnaapler:
    input: hybracter-long/supplementary_results/intermediate_chromosome_assemblies/NCPPB3200/NCPPB3200_medaka_rd_1.fasta, hybracter-long/processing/pre_polish/NCPPB3200_ignore_list.txt
    output: hybracter-long/processing/complete/dnaapler/NCPPB3200/NCPPB3200_reoriented.fasta, hybracter-long/versions/NCPPB3200/dnaapler.version
    log: hybracter-long/stderr/dnaapler/NCPPB3200.log
    jobid: 32
    benchmark: hybracter-long/benchmarks/dnaapler/NCPPB3200.txt
    reason: Missing output files: hybracter-long/processing/complete/dnaapler/NCPPB3200/NCPPB3200_reoriented.fasta; Input files updated by another job: hybracter-long/supplementary_results/intermediate_chromosome_assemblies/NCPPB3200/NCPPB3200_medaka_rd_1.fasta, hybracter-long/processing/pre_polish/NCPPB3200_ignore_list.txt
    wildcards: sample=NCPPB3200
    threads: 8
    resources: tmpdir=/tmp, mem_mb=16000, mem_mib=15259, mem=16000MB, time=08:00:00
Shell command: 
        dnaapler all -i hybracter-long/supplementary_results/intermediate_chromosome_assemblies/NCPPB3200/NCPPB3200_medaka_rd_1.fasta -o hybracter-long/processing/complete/dnaapler/NCPPB3200 --ignore hybracter-long/processing/pre_polish/NCPPB3200_ignore_list.txt -p NCPPB3200 -t 8 -a nearest --db "dnaa,cog1474,repa" -f 2> hybracter-long/stderr/dnaapler/NCPPB3200.log
        dnaapler --version > hybracter-long/versions/NCPPB3200/dnaapler.version
        
Activating conda environment: ../../miniconda3/envs/hybracter_env/lib/python3.11/site-packages/hybracter/workflow/conda/2e20c9685892c8c53c04f44043c92cbf_
[Fri Nov  7 16:00:46 2025]
Finished jobid: 32 (Rule: dnaapler)
23 of 35 steps (66%) done
Select jobs to execute...
Execute 2 jobs...
[Fri Nov  7 16:00:46 2025]
localrule concatenate_intermediate_dnaapler_with_plassembler:
    input: hybracter-long/processing/complete/dnaapler/NCPPB3200/NCPPB3200_reoriented.fasta, hybracter-long/processing/plassembler/NCPPB3200/plassembler_plasmids.fasta
    output: hybracter-long/processing/complete/dnaapler/NCPPB3200/NCPPB3200_reoriented_chrom_and_plasmids.fasta
    jobid: 40
    reason: Missing output files: hybracter-long/processing/complete/dnaapler/NCPPB3200/NCPPB3200_reoriented_chrom_and_plasmids.fasta; Input files updated by another job: hybracter-long/processing/plassembler/NCPPB3200/plassembler_plasmids.fasta, hybracter-long/processing/complete/dnaapler/NCPPB3200/NCPPB3200_reoriented.fasta
    wildcards: sample=NCPPB3200
    resources: tmpdir=/tmp, mem_mb=4000, mem_mib=3815, mem=4000MB, time=00:00:05
Shell command: 
        cat hybracter-long/processing/complete/dnaapler/NCPPB3200/NCPPB3200_reoriented.fasta hybracter-long/processing/plassembler/NCPPB3200/plassembler_plasmids.fasta > hybracter-long/processing/complete/dnaapler/NCPPB3200/NCPPB3200_reoriented_chrom_and_plasmids.fasta
        
[Fri Nov  7 16:00:46 2025]
localrule compare_assemblies_medaka_round_1:
    input: hybracter-long/processing/complete/dnaapler/NCPPB3200_pre_chrom/NCPPB3200_reoriented.fasta, hybracter-long/processing/complete/dnaapler/NCPPB3200/NCPPB3200_reoriented.fasta
    output: hybracter-long/supplementary_results/comparisons/NCPPB3200/medaka_round_1_vs_pre_polish.txt
    jobid: 41
    reason: Missing output files: hybracter-long/supplementary_results/comparisons/NCPPB3200/medaka_round_1_vs_pre_polish.txt; Input files updated by another job: hybracter-long/processing/complete/dnaapler/NCPPB3200_pre_chrom/NCPPB3200_reoriented.fasta, hybracter-long/processing/complete/dnaapler/NCPPB3200/NCPPB3200_reoriented.fasta
    wildcards: sample=NCPPB3200
    resources: tmpdir=/tmp, mem_mb=16000, mem_mib=15259, mem=16000MB, time=08:00:00
Shell command: None
[Fri Nov  7 16:00:46 2025]
Finished jobid: 40 (Rule: concatenate_intermediate_dnaapler_with_plassembler)
24 of 35 steps (69%) done
Select jobs to execute...
Execute 1 jobs...
[Fri Nov  7 16:00:46 2025]
localrule medaka_round_2:
    input: hybracter-long/processing/complete/dnaapler/NCPPB3200/NCPPB3200_reoriented_chrom_and_plasmids.fasta, hybracter-long/processing/qc/NCPPB3200_filt_trim.fastq.gz
    output: hybracter-long/processing/complete/medaka_rd_2/NCPPB3200/consensus.fasta
    log: hybracter-long/stderr/medaka_round_2/NCPPB3200.log
    jobid: 39
    benchmark: hybracter-long/benchmarks/medaka_round_2/NCPPB3200.txt
    reason: Missing output files: hybracter-long/processing/complete/medaka_rd_2/NCPPB3200/consensus.fasta; Input files updated by another job: hybracter-long/processing/complete/dnaapler/NCPPB3200/NCPPB3200_reoriented_chrom_and_plasmids.fasta
    wildcards: sample=NCPPB3200
    threads: 8
    resources: tmpdir=/tmp, mem_mb=32000, mem_mib=30518, mem=32000MB, time=08:00:00
Shell command: 
        if [ "True" = "True" ]; then
           # from v 0.10.0, hybracter supports --bacteria
            medaka_consensus -i hybracter-long/processing/qc/NCPPB3200_filt_trim.fastq.gz -d hybracter-long/processing/complete/dnaapler/NCPPB3200/NCPPB3200_reoriented_chrom_and_plasmids.fasta -o hybracter-long/processing/complete/medaka_rd_2/NCPPB3200 --bacteria  -t 8 2> hybracter-long/stderr/medaka_round_2/NCPPB3200.log
            touch hybracter-long/processing/complete/medaka_rd_2/NCPPB3200/calls_to_draft.bam
            rm hybracter-long/processing/complete/medaka_rd_2/NCPPB3200/calls_to_draft.bam
            touch hybracter-long/processing/complete/medaka_rd_2/NCPPB3200/consensus_probs.hdf
            rm hybracter-long/processing/complete/medaka_rd_2/NCPPB3200/consensus_probs.hdf
        else
            medaka_consensus -i hybracter-long/processing/qc/NCPPB3200_filt_trim.fastq.gz -d hybracter-long/processing/complete/dnaapler/NCPPB3200/NCPPB3200_reoriented_chrom_and_plasmids.fasta -o hybracter-long/processing/complete/medaka_rd_2/NCPPB3200 -m r1041_e82_400bps_sup_v5.0.0 -t 8 2> hybracter-long/stderr/medaka_round_2/NCPPB3200.log
            touch hybracter-long/processing/complete/medaka_rd_2/NCPPB3200/calls_to_draft.bam
            rm hybracter-long/processing/complete/medaka_rd_2/NCPPB3200/calls_to_draft.bam
            touch hybracter-long/processing/complete/medaka_rd_2/NCPPB3200/consensus_probs.hdf
            rm hybracter-long/processing/complete/medaka_rd_2/NCPPB3200/consensus_probs.hdf
        fi
        
Activating conda environment: ../../miniconda3/envs/hybracter_env/lib/python3.11/site-packages/hybracter/workflow/conda/7aafc1085ca44eee01942c03ca74ecad_
Activating conda environment: ../../miniconda3/envs/hybracter_env/lib/python3.11/site-packages/hybracter/workflow/conda/639f4bf04df38f7c8704ca26e9afdad8_
Activating conda environment: ../../miniconda3/envs/hybracter_env/lib/python3.11/site-packages/hybracter/workflow/conda/639f4bf04df38f7c8704ca26e9afdad8_
[Fri Nov  7 16:00:51 2025]
Finished jobid: 41 (Rule: compare_assemblies_medaka_round_1)
25 of 35 steps (71%) done
[Fri Nov  7 16:02:48 2025]
Finished jobid: 39 (Rule: medaka_round_2)
26 of 35 steps (74%) done
Select jobs to execute...
Execute 1 jobs...
[Fri Nov  7 16:02:48 2025]
localrule medaka_round_2_extract_intermediate_assembly:
    input: hybracter-long/processing/complete/medaka_rd_2/NCPPB3200/consensus.fasta, hybracter-long/completeness/NCPPB3200.txt, hybracter-long/processing/assemblies/NCPPB3200/assembly_info.txt
    output: hybracter-long/supplementary_results/intermediate_chromosome_assemblies/NCPPB3200/NCPPB3200_medaka_rd_2.fasta, hybracter-long/processing/complete/medaka_rd_2/NCPPB3200_ignore_list.txt
    jobid: 38
    reason: Missing output files: hybracter-long/supplementary_results/intermediate_chromosome_assemblies/NCPPB3200/NCPPB3200_medaka_rd_2.fasta; Input files updated by another job: hybracter-long/processing/complete/medaka_rd_2/NCPPB3200/consensus.fasta
    wildcards: sample=NCPPB3200
    resources: tmpdir=/tmp, mem_mb=4000, mem_mib=3815, mem=4000MB, time=00:00:05
Shell command: None
Activating conda environment: ../../miniconda3/envs/hybracter_env/lib/python3.11/site-packages/hybracter/workflow/conda/639f4bf04df38f7c8704ca26e9afdad8_
Activating conda environment: ../../miniconda3/envs/hybracter_env/lib/python3.11/site-packages/hybracter/workflow/conda/639f4bf04df38f7c8704ca26e9afdad8_
[Fri Nov  7 16:02:49 2025]
Finished jobid: 38 (Rule: medaka_round_2_extract_intermediate_assembly)
27 of 35 steps (77%) done
Select jobs to execute...
Execute 1 jobs...
[Fri Nov  7 16:02:49 2025]
localrule compare_assemblies_medaka_round_2:
    input: hybracter-long/processing/complete/dnaapler/NCPPB3200/NCPPB3200_reoriented.fasta, hybracter-long/supplementary_results/intermediate_chromosome_assemblies/NCPPB3200/NCPPB3200_medaka_rd_2.fasta, hybracter-long/supplementary_results/comparisons/NCPPB3200/medaka_round_1_vs_pre_polish.txt
    output: hybracter-long/supplementary_results/comparisons/NCPPB3200/medaka_round_2_vs_medaka_round_1.txt
    jobid: 31
    reason: Missing output files: hybracter-long/supplementary_results/comparisons/NCPPB3200/medaka_round_2_vs_medaka_round_1.txt; Input files updated by another job: hybracter-long/supplementary_results/comparisons/NCPPB3200/medaka_round_1_vs_pre_polish.txt, hybracter-long/supplementary_results/intermediate_chromosome_assemblies/NCPPB3200/NCPPB3200_medaka_rd_2.fasta, hybracter-long/processing/complete/dnaapler/NCPPB3200/NCPPB3200_reoriented.fasta
    wildcards: sample=NCPPB3200
    resources: tmpdir=/tmp, mem_mb=16000, mem_mib=15259, mem=16000MB, time=08:00:00
Shell command: None
Activating conda environment: ../../miniconda3/envs/hybracter_env/lib/python3.11/site-packages/hybracter/workflow/conda/639f4bf04df38f7c8704ca26e9afdad8_
Activating conda environment: ../../miniconda3/envs/hybracter_env/lib/python3.11/site-packages/hybracter/workflow/conda/639f4bf04df38f7c8704ca26e9afdad8_
[Fri Nov  7 16:02:55 2025]
Finished jobid: 31 (Rule: compare_assemblies_medaka_round_2)
28 of 35 steps (80%) done
Select jobs to execute...
Execute 2 jobs...
[Fri Nov  7 16:02:55 2025]
localrule aggregate_long_read_polish_input_rule:
    input: hybracter-long/supplementary_results/comparisons/NCPPB3200/medaka_round_2_vs_medaka_round_1.txt
    output: hybracter-long/flags/aggr_long_read_polish/NCPPB3200.txt
    jobid: 12
    reason: Missing output files: hybracter-long/flags/aggr_long_read_polish/NCPPB3200.txt; Input files updated by another job: hybracter-long/supplementary_results/comparisons/NCPPB3200/medaka_round_2_vs_medaka_round_1.txt
    wildcards: sample=NCPPB3200
    resources: tmpdir=/tmp, mem_mb=4000, mem_mib=3815, mem=4000MB, time=00:00:05
Shell command: 
        echo hybracter-long/supplementary_results/comparisons/NCPPB3200/medaka_round_2_vs_medaka_round_1.txt
        touch hybracter-long/flags/aggr_long_read_polish/NCPPB3200.txt
        
[Fri Nov  7 16:02:55 2025]
localrule aggregate_finalise_complete:
    input: hybracter-long/processing/complete/dnaapler/NCPPB3200_pre_chrom/NCPPB3200_reoriented.fasta, hybracter-long/processing/complete/dnaapler/NCPPB3200/NCPPB3200_reoriented.fasta, hybracter-long/supplementary_results/intermediate_chromosome_assemblies/NCPPB3200/NCPPB3200_medaka_rd_2.fasta, hybracter-long/processing/plassembler/NCPPB3200/plassembler_plasmids.fasta, hybracter-long/supplementary_results/flye_individual_summaries/NCPPB3200_assembly_info.txt, hybracter-long/supplementary_results/comparisons/NCPPB3200/medaka_round_2_vs_medaka_round_1.txt, hybracter-long/processing/pre_polish/NCPPB3200_ignore_list.txt
    output: hybracter-long/FINAL_OUTPUT/complete/NCPPB3200_chromosome.fasta, hybracter-long/FINAL_OUTPUT/complete/NCPPB3200_final.fasta, hybracter-long/supplementary_results/pyrodigal_mean_length_summaries/complete/NCPPB3200_summary.tsv, hybracter-long/FINAL_OUTPUT/complete/NCPPB3200_summary.tsv, hybracter-long/FINAL_OUTPUT/complete/NCPPB3200_per_contig_stats.tsv, hybracter-long/FINAL_OUTPUT/complete/NCPPB3200_plasmid.fasta
    jobid: 44
    reason: Missing output files: hybracter-long/FINAL_OUTPUT/complete/NCPPB3200_final.fasta; Input files updated by another job: hybracter-long/processing/complete/dnaapler/NCPPB3200_pre_chrom/NCPPB3200_reoriented.fasta, hybracter-long/processing/plassembler/NCPPB3200/plassembler_plasmids.fasta, hybracter-long/processing/pre_polish/NCPPB3200_ignore_list.txt, hybracter-long/supplementary_results/comparisons/NCPPB3200/medaka_round_2_vs_medaka_round_1.txt, hybracter-long/supplementary_results/intermediate_chromosome_assemblies/NCPPB3200/NCPPB3200_medaka_rd_2.fasta, hybracter-long/processing/complete/dnaapler/NCPPB3200/NCPPB3200_reoriented.fasta
    wildcards: sample=NCPPB3200
    threads: 8
    resources: tmpdir=/tmp, mem_mb=4000, mem_mib=3815, mem=4000MB, time=00:00:05
Shell command: None
[Fri Nov  7 16:02:55 2025]
Finished jobid: 12 (Rule: aggregate_long_read_polish_input_rule)
29 of 35 steps (83%) done
Select jobs to execute...
Execute 1 jobs...
[Fri Nov  7 16:02:55 2025]
localrule aggr_long_read_polish_flag:
    input: hybracter-long/flags/aggr_long_read_polish/NCPPB3200.txt
    output: hybracter-long/flags/aggr_long_read_polish.flag
    jobid: 11
    reason: Missing output files: hybracter-long/flags/aggr_long_read_polish.flag; Input files updated by another job: hybracter-long/flags/aggr_long_read_polish/NCPPB3200.txt
    resources: tmpdir=/tmp, mem_mb=4000, mem_mib=3815, mem=4000MB, time=00:00:05
Shell command: 
        touch hybracter-long/flags/aggr_long_read_polish.flag
        
[Fri Nov  7 16:02:55 2025]
Finished jobid: 11 (Rule: aggr_long_read_polish_flag)
30 of 35 steps (86%) done
Activating conda environment: ../../miniconda3/envs/hybracter_env/lib/python3.11/site-packages/hybracter/workflow/conda/474e4e1622549f89bad4f85cb93aba39_
Activating conda environment: ../../miniconda3/envs/hybracter_env/lib/python3.11/site-packages/hybracter/workflow/conda/474e4e1622549f89bad4f85cb93aba39_
[Fri Nov  7 16:03:07 2025]
Finished jobid: 44 (Rule: aggregate_finalise_complete)
31 of 35 steps (89%) done
Select jobs to execute...
Execute 1 jobs...
[Fri Nov  7 16:03:07 2025]
localrule aggregate_finalised_assemblies_rule:
    input: hybracter-long/FINAL_OUTPUT/complete/NCPPB3200_final.fasta
    output: hybracter-long/flags/aggr_final/NCPPB3200.txt
    jobid: 22
    reason: Missing output files: hybracter-long/flags/aggr_final/NCPPB3200.txt; Input files updated by another job: hybracter-long/FINAL_OUTPUT/complete/NCPPB3200_final.fasta
    wildcards: sample=NCPPB3200
    resources: tmpdir=/tmp, mem_mb=4000, mem_mib=3815, mem=4000MB, time=00:00:05
Shell command: 
        touch hybracter-long/flags/aggr_final/NCPPB3200.txt
        
[Fri Nov  7 16:03:07 2025]
Finished jobid: 22 (Rule: aggregate_finalised_assemblies_rule)
32 of 35 steps (91%) done
Select jobs to execute...
Execute 1 jobs...
[Fri Nov  7 16:03:07 2025]
localrule create_final_summary:
    input: hybracter-long/flags/aggr_final/NCPPB3200.txt
    output: hybracter-long/FINAL_OUTPUT/hybracter_summary.tsv
    jobid: 21
    reason: Missing output files: hybracter-long/FINAL_OUTPUT/hybracter_summary.tsv; Input files updated by another job: hybracter-long/flags/aggr_final/NCPPB3200.txt
    resources: tmpdir=/tmp, mem_mb=4000, mem_mib=3815, mem=4000MB, time=00:00:05
Shell command: None
Activating conda environment: ../../miniconda3/envs/hybracter_env/lib/python3.11/site-packages/hybracter/workflow/conda/639f4bf04df38f7c8704ca26e9afdad8_
Activating conda environment: ../../miniconda3/envs/hybracter_env/lib/python3.11/site-packages/hybracter/workflow/conda/639f4bf04df38f7c8704ca26e9afdad8_
[Fri Nov  7 16:03:09 2025]
Finished jobid: 21 (Rule: create_final_summary)
33 of 35 steps (94%) done
Select jobs to execute...
Execute 1 jobs...
[Fri Nov  7 16:03:09 2025]
localrule aggr_final_flag:
    input: hybracter-long/FINAL_OUTPUT/hybracter_summary.tsv
    output: hybracter-long/flags/aggr_final.flag
    jobid: 20
    reason: Missing output files: hybracter-long/flags/aggr_final.flag; Input files updated by another job: hybracter-long/FINAL_OUTPUT/hybracter_summary.tsv
    resources: tmpdir=/tmp, mem_mb=4000, mem_mib=3815, mem=4000MB, time=00:00:05
Shell command: 
        touch hybracter-long/flags/aggr_final.flag
        
[Fri Nov  7 16:03:09 2025]
Finished jobid: 20 (Rule: aggr_final_flag)
34 of 35 steps (97%) done
Select jobs to execute...
Execute 1 jobs...
[Fri Nov  7 16:03:09 2025]
localrule all:
    input: hybracter-long/flags/aggr_long_qc.flag, hybracter-long/flags/aggr_seqkit_long.flag, hybracter-long/flags/aggr_lrge.flag, hybracter-long/flags/aggr_assemble.flag, hybracter-long/flags/aggr_long_read_polish.flag, hybracter-long/flags/aggr_plassembler.flag, hybracter-long/flags/aggr_combine_plassembler_info.flag, hybracter-long/flags/aggr_pyrodigal_plassembler.flag, hybracter-long/flags/aggr_final.flag
    jobid: 0
    reason: Input files updated by another job: hybracter-long/flags/aggr_long_qc.flag, hybracter-long/flags/aggr_plassembler.flag, hybracter-long/flags/aggr_assemble.flag, hybracter-long/flags/aggr_pyrodigal_plassembler.flag, hybracter-long/flags/aggr_final.flag, hybracter-long/flags/aggr_long_read_polish.flag, hybracter-long/flags/aggr_combine_plassembler_info.flag, hybracter-long/flags/aggr_seqkit_long.flag
    resources: tmpdir=/tmp
Shell command: None
[Fri Nov  7 16:03:09 2025]
Finished jobid: 0 (Rule: all)
35 of 35 steps (100%) done
Complete log(s): /data/djs217/PROJECTS/PRJNA1129555/.snakemake/log/2025-11-07T153918.257498.snakemake.log
