[M::bwa_idx_load_from_disk] read 0 ALT contigs
[M::process] read 602902 sequences (80000069 bp)...
[M::process] read 600162 sequences (80000238 bp)...
[M::mem_process_seqs] Processed 602902 reads in 19.844 CPU sec, 5.796 real sec
[M::process] read 597982 sequences (80000284 bp)...
[M::mem_process_seqs] Processed 600162 reads in 20.123 CPU sec, 3.930 real sec
[M::mem_process_seqs] Processed 597982 reads in 19.592 CPU sec, 3.939 real sec
[M::process] read 600872 sequences (80000022 bp)...
[M::process] read 599616 sequences (80000281 bp)...
[M::mem_process_seqs] Processed 600872 reads in 20.196 CPU sec, 3.537 real sec
[M::process] read 597620 sequences (80000234 bp)...
[M::mem_process_seqs] Processed 599616 reads in 19.996 CPU sec, 4.591 real sec
[M::process] read 597812 sequences (80000061 bp)...
[M::mem_process_seqs] Processed 597620 reads in 20.144 CPU sec, 6.111 real sec
[M::process] read 598946 sequences (80000228 bp)...
[M::mem_process_seqs] Processed 597812 reads in 19.902 CPU sec, 6.037 real sec
[M::process] read 597402 sequences (80000081 bp)...
[M::mem_process_seqs] Processed 598946 reads in 20.026 CPU sec, 5.925 real sec
[M::process] read 596306 sequences (80000056 bp)...
[M::mem_process_seqs] Processed 597402 reads in 20.181 CPU sec, 4.983 real sec
[M::process] read 597712 sequences (80000048 bp)...
[M::mem_process_seqs] Processed 596306 reads in 19.643 CPU sec, 3.477 real sec
[M::process] read 596164 sequences (80000013 bp)...
[M::mem_process_seqs] Processed 597712 reads in 19.983 CPU sec, 3.655 real sec
[M::mem_process_seqs] Processed 596164 reads in 19.675 CPU sec, 3.676 real sec
[M::process] read 595340 sequences (80000198 bp)...
[M::process] read 606588 sequences (80000005 bp)...
[M::mem_process_seqs] Processed 595340 reads in 19.211 CPU sec, 3.983 real sec
[M::process] read 606238 sequences (80000234 bp)...
[M::mem_process_seqs] Processed 606588 reads in 19.992 CPU sec, 3.810 real sec
[M::process] read 604460 sequences (80000081 bp)...
[M::mem_process_seqs] Processed 606238 reads in 21.130 CPU sec, 2.886 real sec
[M::process] read 149008 sequences (19792782 bp)...
[M::mem_process_seqs] Processed 604460 reads in 20.200 CPU sec, 2.583 real sec
[M::mem_process_seqs] Processed 149008 reads in 5.824 CPU sec, 0.704 real sec
[main] Version: 0.7.19-r1273
[main] CMD: bwa mem -t 8 -a hybracter-hybrid/processing/complete/medaka_rd_2/NCPPB_4800/consensus.fasta hybracter-hybrid/processing/qc/fastp/NCPPB_4800_2.fastq.gz
[main] Real time: 76.425 sec; CPU: 327.748 sec
