/data/djs217/miniconda3/envs/hybracter_env/lib/python3.11/site-packages/hybracter/workflow/conda/7aafc1085ca44eee01942c03ca74ecad_/lib/python3.11/site-packages/medaka/common.py:16: UserWarning: pkg_resources is deprecated as an API. See https://setuptools.pypa.io/en/latest/pkg_resources.html. The pkg_resources package is slated for removal as early as 2025-11-30. Refrain from using this package or pin to Setuptools<81.
  from pkg_resources import resource_filename
/data/djs217/miniconda3/envs/hybracter_env/lib/python3.11/site-packages/hybracter/workflow/conda/7aafc1085ca44eee01942c03ca74ecad_/lib/python3.11/site-packages/medaka/common.py:16: UserWarning: pkg_resources is deprecated as an API. See https://setuptools.pypa.io/en/latest/pkg_resources.html. The pkg_resources package is slated for removal as early as 2025-11-30. Refrain from using this package or pin to Setuptools<81.
  from pkg_resources import resource_filename
/data/djs217/miniconda3/envs/hybracter_env/lib/python3.11/site-packages/hybracter/workflow/conda/7aafc1085ca44eee01942c03ca74ecad_/lib/python3.11/site-packages/medaka/common.py:16: UserWarning: pkg_resources is deprecated as an API. See https://setuptools.pypa.io/en/latest/pkg_resources.html. The pkg_resources package is slated for removal as early as 2025-11-30. Refrain from using this package or pin to Setuptools<81.
  from pkg_resources import resource_filename
[02:31:02 - MdlStrTGZ] Successfully removed temporary files from /tmp/tmpcaysnndz.
/data/djs217/miniconda3/envs/hybracter_env/lib/python3.11/site-packages/hybracter/workflow/conda/7aafc1085ca44eee01942c03ca74ecad_/lib/python3.11/site-packages/medaka/common.py:16: UserWarning: pkg_resources is deprecated as an API. See https://setuptools.pypa.io/en/latest/pkg_resources.html. The pkg_resources package is slated for removal as early as 2025-11-30. Refrain from using this package or pin to Setuptools<81.
  from pkg_resources import resource_filename
[02:31:04 - MdlStrTGZ] Successfully removed temporary files from /tmp/tmpqiikxn6g.
Creating fai index file /data/djs217/PROJECTS/xanthomonas-genome-assemblies/xanthomonas_march_2026/hybracter-hybrid/processing/complete/dnaapler/NCPPB_2064/NCPPB_2064_reoriented_chrom_and_plasmids.fasta.fai
Creating mmi index file /data/djs217/PROJECTS/xanthomonas-genome-assemblies/xanthomonas_march_2026/hybracter-hybrid/processing/complete/dnaapler/NCPPB_2064/NCPPB_2064_reoriented_chrom_and_plasmids.fasta.map-ont.mmi
[M::mm_idx_gen::0.200*1.01] collected minimizers
[M::mm_idx_gen::0.259*1.43] sorted minimizers
[M::main::0.325*1.34] loaded/built the index for 3 target sequence(s)
[M::mm_idx_stat] kmer size: 15; skip: 10; is_hpc: 0; #seq: 3
[M::mm_idx_stat::0.341*1.33] distinct minimizers: 916969 (94.58% are singletons); average occurrences: 1.095; average spacing: 5.352; total length: 5374792
[M::main] Version: 2.30-r1287
[M::main] CMD: minimap2 -I 16G -x map-ont -d /data/djs217/PROJECTS/xanthomonas-genome-assemblies/xanthomonas_march_2026/hybracter-hybrid/processing/complete/dnaapler/NCPPB_2064/NCPPB_2064_reoriented_chrom_and_plasmids.fasta.map-ont.mmi /data/djs217/PROJECTS/xanthomonas-genome-assemblies/xanthomonas_march_2026/hybracter-hybrid/processing/complete/dnaapler/NCPPB_2064/NCPPB_2064_reoriented_chrom_and_plasmids.fasta
[M::main] Real time: 0.349 sec; CPU: 0.460 sec; Peak RSS: 0.051 GB
[M::main::0.091*1.03] loaded/built the index for 3 target sequence(s)
[M::mm_mapopt_update::0.114*1.03] mid_occ = 71
[M::mm_idx_stat] kmer size: 15; skip: 10; is_hpc: 0; #seq: 3
[M::mm_idx_stat::0.131*1.02] distinct minimizers: 916969 (94.58% are singletons); average occurrences: 1.095; average spacing: 5.352; total length: 5374792
[M::worker_pipeline::3.600*8.98] mapped 1203 sequences
[M::main] Version: 2.30-r1287
[M::main] CMD: minimap2 -x map-ont --secondary=no -L --MD -A 2 -B 4 -O 4,24 -E 2,1 -t 12 -a /data/djs217/PROJECTS/xanthomonas-genome-assemblies/xanthomonas_march_2026/hybracter-hybrid/processing/complete/dnaapler/NCPPB_2064/NCPPB_2064_reoriented_chrom_and_plasmids.fasta.map-ont.mmi /data/djs217/PROJECTS/xanthomonas-genome-assemblies/xanthomonas_march_2026/hybracter-hybrid/processing/qc/NCPPB_2064_filt_trim.fastq.gz
[M::main] Real time: 3.616 sec; CPU: 32.344 sec; Peak RSS: 0.393 GB
[bam_sort_core] merging from 0 files and 12 in-memory blocks...
/data/djs217/miniconda3/envs/hybracter_env/lib/python3.11/site-packages/hybracter/workflow/conda/7aafc1085ca44eee01942c03ca74ecad_/lib/python3.11/site-packages/medaka/common.py:16: UserWarning: pkg_resources is deprecated as an API. See https://setuptools.pypa.io/en/latest/pkg_resources.html. The pkg_resources package is slated for removal as early as 2025-11-30. Refrain from using this package or pin to Setuptools<81.
  from pkg_resources import resource_filename
[02:31:11 - Predict] Processing region(s): contig_3:0-5269050 1:0-77757 2:0-27985
[02:31:11 - Predict] Using model: /data/djs217/miniconda3/envs/hybracter_env/lib/python3.11/site-packages/hybracter/workflow/conda/7aafc1085ca44eee01942c03ca74ecad_/lib/python3.11/site-packages/medaka/data/r1041_e82_400bps_sup_v5.0.0_model_pt.tar.gz.
[02:31:11 - Predict] Using minimum mapQ threshold of 1 for read filtering.
[02:31:11 - MdlStrTGZ] Model GRUModel(
  (gru): GRU(10, 128, num_layers=2, batch_first=True, bidirectional=True)
  (linear): Linear(in_features=256, out_features=5, bias=True)
)
[02:31:11 - MdlStrTGZ] loading weights from /tmp/tmpiauoojld/model/weights.pt
[02:31:11 - MdlStrTGZ] Successfully removed temporary files from /tmp/tmpiauoojld.
[02:31:11 - Predict] Model device: cpu
[02:31:11 - Predict] Running prediction at full precision
[02:31:11 - BAMFile] Creating pool of 16 BAM file sets.
[02:31:11 - Predict] Processing 8 long region(s) with batching.
[02:31:11 - Sampler] Initializing sampler for consensus of region contig_3:0-1000000.
[02:31:11 - Sampler] Initializing sampler for consensus of region contig_3:999000-1999000.
[02:31:11 - PWorker] Running inference for 5.4M draft bases.
[02:31:13 - Feature] Processed contig_3:0.0-999999.0 (median depth 9.0)
[02:31:13 - Sampler] Took 1.32s to make features.
[02:31:13 - Sampler] Initializing sampler for consensus of region contig_3:1998000-2998000.
[02:31:13 - Feature] Processed contig_3:999000.0-1998999.0 (median depth 7.0)
[02:31:13 - Sampler] Took 1.49s to make features.
[02:31:13 - Sampler] Initializing sampler for consensus of region contig_3:2997000-3997000.
[02:31:14 - Feature] Processed contig_3:1998000.0-2997999.0 (median depth 9.0)
[02:31:14 - Sampler] Took 0.87s to make features.
[02:31:14 - Sampler] Initializing sampler for consensus of region contig_3:3996000-4996000.
[02:31:14 - Feature] Processed contig_3:2997000.0-3996999.0 (median depth 9.0)
[02:31:14 - Sampler] Took 0.88s to make features.
[02:31:14 - Sampler] Initializing sampler for consensus of region contig_3:4995000-5269050.
[02:31:14 - Feature] Processed contig_3:4995000.0-5269049.0 (median depth 8.0)
[02:31:14 - Sampler] Took 0.34s to make features.
[02:31:14 - Sampler] Initializing sampler for consensus of region 1:0-77757.
[02:31:14 - Feature] Processed contig_3:3996000.0-4995999.0 (median depth 7.0)
[02:31:14 - Sampler] Took 0.68s to make features.
[02:31:14 - Sampler] Initializing sampler for consensus of region 2:0-27985.
[02:31:14 - Feature] Pileup counts do not span requested region, requested 2:0-27985, received 0-20075.
[02:31:14 - Feature] Processed 2:0.0-20075.0 (median depth 1.0)
[02:31:14 - Sampler] Took 0.01s to make features.
[02:31:14 - Feature] Processed 1:0.0-77756.0 (median depth 12.0)
[02:31:14 - Sampler] Took 0.18s to make features.
[02:31:22 - PWorker] Batches in cache: 7.
[02:31:22 - PWorker] 16.6% Done (0.9/5.4 Mbases) in 11.0s
[02:31:30 - PWorker] Batches in cache: 6.
[02:31:36 - PWorker] Batches in cache: 5.
[02:31:36 - PWorker] 49.8% Done (2.7/5.4 Mbases) in 25.2s
[02:31:43 - PWorker] Batches in cache: 4.
[02:31:51 - PWorker] Batches in cache: 3.
[02:31:51 - PWorker] 83.1% Done (4.5/5.4 Mbases) in 39.2s
[02:31:57 - PWorker] Batches in cache: 2.
[02:31:59 - PWorker] Processed 7 batches
[02:31:59 - PWorker] All done, 0 remainder regions.
[02:31:59 - Predict] Finished processing all regions.
/data/djs217/miniconda3/envs/hybracter_env/lib/python3.11/site-packages/hybracter/workflow/conda/7aafc1085ca44eee01942c03ca74ecad_/lib/python3.11/site-packages/medaka/common.py:16: UserWarning: pkg_resources is deprecated as an API. See https://setuptools.pypa.io/en/latest/pkg_resources.html. The pkg_resources package is slated for removal as early as 2025-11-30. Refrain from using this package or pin to Setuptools<81.
  from pkg_resources import resource_filename
[02:32:01 - DataIndx] Loaded 1/1 (100.00%) sample files.
[02:32:01 - DataIndx] Loaded 1/1 (100.00%) sample files.
[02:32:01 - DataIndx] Loaded 1/1 (100.00%) sample files.
[02:32:01 - DataIndx] Loaded 1/1 (100.00%) sample files.
[02:32:01 - DataIndx] Loaded 1/1 (100.00%) sample files.
[02:32:01 - DataIndx] Loaded 1/1 (100.00%) sample files.
[02:32:01 - DataIndx] Loaded 1/1 (100.00%) sample files.
[02:32:01 - DataIndx] Loaded 1/1 (100.00%) sample files.
[02:32:01 - DataIndx] Loaded 1/1 (100.00%) sample files.
