/data/djs217/miniconda3/envs/hybracter_env/lib/python3.11/site-packages/hybracter/workflow/conda/7aafc1085ca44eee01942c03ca74ecad_/lib/python3.11/site-packages/medaka/common.py:16: UserWarning: pkg_resources is deprecated as an API. See https://setuptools.pypa.io/en/latest/pkg_resources.html. The pkg_resources package is slated for removal as early as 2025-11-30. Refrain from using this package or pin to Setuptools<81.
  from pkg_resources import resource_filename
/data/djs217/miniconda3/envs/hybracter_env/lib/python3.11/site-packages/hybracter/workflow/conda/7aafc1085ca44eee01942c03ca74ecad_/lib/python3.11/site-packages/medaka/common.py:16: UserWarning: pkg_resources is deprecated as an API. See https://setuptools.pypa.io/en/latest/pkg_resources.html. The pkg_resources package is slated for removal as early as 2025-11-30. Refrain from using this package or pin to Setuptools<81.
  from pkg_resources import resource_filename
/data/djs217/miniconda3/envs/hybracter_env/lib/python3.11/site-packages/hybracter/workflow/conda/7aafc1085ca44eee01942c03ca74ecad_/lib/python3.11/site-packages/medaka/common.py:16: UserWarning: pkg_resources is deprecated as an API. See https://setuptools.pypa.io/en/latest/pkg_resources.html. The pkg_resources package is slated for removal as early as 2025-11-30. Refrain from using this package or pin to Setuptools<81.
  from pkg_resources import resource_filename
[07:52:31 - MdlStrTGZ] Successfully removed temporary files from /tmp/tmp5cmw_f04.
/data/djs217/miniconda3/envs/hybracter_env/lib/python3.11/site-packages/hybracter/workflow/conda/7aafc1085ca44eee01942c03ca74ecad_/lib/python3.11/site-packages/medaka/common.py:16: UserWarning: pkg_resources is deprecated as an API. See https://setuptools.pypa.io/en/latest/pkg_resources.html. The pkg_resources package is slated for removal as early as 2025-11-30. Refrain from using this package or pin to Setuptools<81.
  from pkg_resources import resource_filename
[07:52:32 - MdlStrTGZ] Successfully removed temporary files from /tmp/tmpfpljdc3i.
Creating fai index file /data/djs217/PROJECTS/xanthomonas-genome-assemblies/xanthomonas_march_2026/hybracter-hybrid/processing/complete/dnaapler/NCPPB_4594/NCPPB_4594_reoriented_chrom_and_plasmids.fasta.fai
Creating mmi index file /data/djs217/PROJECTS/xanthomonas-genome-assemblies/xanthomonas_march_2026/hybracter-hybrid/processing/complete/dnaapler/NCPPB_4594/NCPPB_4594_reoriented_chrom_and_plasmids.fasta.map-ont.mmi
[M::mm_idx_gen::0.176*1.01] collected minimizers
[M::mm_idx_gen::0.233*1.46] sorted minimizers
[M::main::0.292*1.37] loaded/built the index for 1 target sequence(s)
[M::mm_idx_stat] kmer size: 15; skip: 10; is_hpc: 0; #seq: 1
[M::mm_idx_stat::0.304*1.36] distinct minimizers: 853842 (94.45% are singletons); average occurrences: 1.072; average spacing: 5.360; total length: 4905867
[M::main] Version: 2.30-r1287
[M::main] CMD: minimap2 -I 16G -x map-ont -d /data/djs217/PROJECTS/xanthomonas-genome-assemblies/xanthomonas_march_2026/hybracter-hybrid/processing/complete/dnaapler/NCPPB_4594/NCPPB_4594_reoriented_chrom_and_plasmids.fasta.map-ont.mmi /data/djs217/PROJECTS/xanthomonas-genome-assemblies/xanthomonas_march_2026/hybracter-hybrid/processing/complete/dnaapler/NCPPB_4594/NCPPB_4594_reoriented_chrom_and_plasmids.fasta
[M::main] Real time: 0.310 sec; CPU: 0.418 sec; Peak RSS: 0.050 GB
[M::main::0.072*1.04] loaded/built the index for 1 target sequence(s)
[M::mm_mapopt_update::0.089*1.03] mid_occ = 10
[M::mm_idx_stat] kmer size: 15; skip: 10; is_hpc: 0; #seq: 1
[M::mm_idx_stat::0.102*1.03] distinct minimizers: 853842 (94.45% are singletons); average occurrences: 1.072; average spacing: 5.360; total length: 4905867
[M::worker_pipeline::2.528*7.03] mapped 1182 sequences
[M::main] Version: 2.30-r1287
[M::main] CMD: minimap2 -x map-ont --secondary=no -L --MD -A 2 -B 4 -O 4,24 -E 2,1 -t 12 -a /data/djs217/PROJECTS/xanthomonas-genome-assemblies/xanthomonas_march_2026/hybracter-hybrid/processing/complete/dnaapler/NCPPB_4594/NCPPB_4594_reoriented_chrom_and_plasmids.fasta.map-ont.mmi /data/djs217/PROJECTS/xanthomonas-genome-assemblies/xanthomonas_march_2026/hybracter-hybrid/processing/qc/NCPPB_4594_filt_trim.fastq.gz
[M::main] Real time: 2.543 sec; CPU: 17.796 sec; Peak RSS: 0.199 GB
[bam_sort_core] merging from 0 files and 12 in-memory blocks...
/data/djs217/miniconda3/envs/hybracter_env/lib/python3.11/site-packages/hybracter/workflow/conda/7aafc1085ca44eee01942c03ca74ecad_/lib/python3.11/site-packages/medaka/common.py:16: UserWarning: pkg_resources is deprecated as an API. See https://setuptools.pypa.io/en/latest/pkg_resources.html. The pkg_resources package is slated for removal as early as 2025-11-30. Refrain from using this package or pin to Setuptools<81.
  from pkg_resources import resource_filename
[07:52:38 - Predict] Processing region(s): contig_1:0-4905867
[07:52:38 - Predict] Using model: /data/djs217/miniconda3/envs/hybracter_env/lib/python3.11/site-packages/hybracter/workflow/conda/7aafc1085ca44eee01942c03ca74ecad_/lib/python3.11/site-packages/medaka/data/r1041_e82_400bps_sup_v5.0.0_model_pt.tar.gz.
[07:52:38 - Predict] Using minimum mapQ threshold of 1 for read filtering.
[07:52:38 - MdlStrTGZ] Model GRUModel(
  (gru): GRU(10, 128, num_layers=2, batch_first=True, bidirectional=True)
  (linear): Linear(in_features=256, out_features=5, bias=True)
)
[07:52:38 - MdlStrTGZ] loading weights from /tmp/tmp70w53w6c/model/weights.pt
[07:52:38 - MdlStrTGZ] Successfully removed temporary files from /tmp/tmp70w53w6c.
[07:52:38 - Predict] Model device: cpu
[07:52:38 - Predict] Running prediction at full precision
[07:52:38 - BAMFile] Creating pool of 16 BAM file sets.
[07:52:38 - Predict] Processing 5 long region(s) with batching.
[07:52:38 - Sampler] Initializing sampler for consensus of region contig_1:0-1000000.
[07:52:38 - Sampler] Initializing sampler for consensus of region contig_1:999000-1999000.
[07:52:38 - PWorker] Running inference for 4.9M draft bases.
[07:52:39 - Feature] Processed contig_1:999000.0-1998999.0 (median depth 8.0)
[07:52:39 - Sampler] Took 1.14s to make features.
[07:52:39 - Sampler] Initializing sampler for consensus of region contig_1:1998000-2998000.
[07:52:39 - Feature] Processed contig_1:0.0-999999.0 (median depth 9.0)
[07:52:39 - Sampler] Took 1.27s to make features.
[07:52:39 - Sampler] Initializing sampler for consensus of region contig_1:2997000-3997000.
[07:52:40 - Feature] Processed contig_1:1998000.0-2997999.0 (median depth 8.0)
[07:52:40 - Sampler] Took 0.94s to make features.
[07:52:40 - Sampler] Initializing sampler for consensus of region contig_1:3996000-4905867.
[07:52:40 - Feature] Processed contig_1:2997000.0-3996999.0 (median depth 9.0)
[07:52:40 - Sampler] Took 1.03s to make features.
[07:52:41 - Feature] Processed contig_1:3996000.0-4905866.0 (median depth 10.0)
[07:52:41 - Sampler] Took 0.73s to make features.
[07:52:49 - PWorker] Batches in cache: 6.
[07:52:49 - PWorker] 18.2% Done (0.9/4.9 Mbases) in 10.7s
[07:52:56 - PWorker] Batches in cache: 5.
[07:53:04 - PWorker] Batches in cache: 4.
[07:53:04 - PWorker] 54.7% Done (2.7/4.9 Mbases) in 26.0s
[07:53:12 - PWorker] Batches in cache: 3.
[07:53:19 - PWorker] Batches in cache: 2.
[07:53:19 - PWorker] 91.2% Done (4.5/4.9 Mbases) in 40.7s
[07:53:23 - PWorker] Processed 6 batches
[07:53:23 - PWorker] All done, 0 remainder regions.
[07:53:23 - Predict] Finished processing all regions.
/data/djs217/miniconda3/envs/hybracter_env/lib/python3.11/site-packages/hybracter/workflow/conda/7aafc1085ca44eee01942c03ca74ecad_/lib/python3.11/site-packages/medaka/common.py:16: UserWarning: pkg_resources is deprecated as an API. See https://setuptools.pypa.io/en/latest/pkg_resources.html. The pkg_resources package is slated for removal as early as 2025-11-30. Refrain from using this package or pin to Setuptools<81.
  from pkg_resources import resource_filename
[07:53:25 - DataIndx] Loaded 1/1 (100.00%) sample files.
[07:53:25 - DataIndx] Loaded 1/1 (100.00%) sample files.
[07:53:25 - DataIndx] Loaded 1/1 (100.00%) sample files.
[07:53:25 - DataIndx] Loaded 1/1 (100.00%) sample files.
[07:53:25 - DataIndx] Loaded 1/1 (100.00%) sample files.
[07:53:25 - DataIndx] Loaded 1/1 (100.00%) sample files.
