/data/djs217/miniconda3/envs/hybracter_env/lib/python3.11/site-packages/hybracter/workflow/conda/7aafc1085ca44eee01942c03ca74ecad_/lib/python3.11/site-packages/medaka/common.py:16: UserWarning: pkg_resources is deprecated as an API. See https://setuptools.pypa.io/en/latest/pkg_resources.html. The pkg_resources package is slated for removal as early as 2025-11-30. Refrain from using this package or pin to Setuptools<81.
  from pkg_resources import resource_filename
/data/djs217/miniconda3/envs/hybracter_env/lib/python3.11/site-packages/hybracter/workflow/conda/7aafc1085ca44eee01942c03ca74ecad_/lib/python3.11/site-packages/medaka/common.py:16: UserWarning: pkg_resources is deprecated as an API. See https://setuptools.pypa.io/en/latest/pkg_resources.html. The pkg_resources package is slated for removal as early as 2025-11-30. Refrain from using this package or pin to Setuptools<81.
  from pkg_resources import resource_filename
/data/djs217/miniconda3/envs/hybracter_env/lib/python3.11/site-packages/hybracter/workflow/conda/7aafc1085ca44eee01942c03ca74ecad_/lib/python3.11/site-packages/medaka/common.py:16: UserWarning: pkg_resources is deprecated as an API. See https://setuptools.pypa.io/en/latest/pkg_resources.html. The pkg_resources package is slated for removal as early as 2025-11-30. Refrain from using this package or pin to Setuptools<81.
  from pkg_resources import resource_filename
[21:03:58 - MdlStrTGZ] Successfully removed temporary files from /tmp/tmp6yvx2flm.
/data/djs217/miniconda3/envs/hybracter_env/lib/python3.11/site-packages/hybracter/workflow/conda/7aafc1085ca44eee01942c03ca74ecad_/lib/python3.11/site-packages/medaka/common.py:16: UserWarning: pkg_resources is deprecated as an API. See https://setuptools.pypa.io/en/latest/pkg_resources.html. The pkg_resources package is slated for removal as early as 2025-11-30. Refrain from using this package or pin to Setuptools<81.
  from pkg_resources import resource_filename
[21:04:00 - MdlStrTGZ] Successfully removed temporary files from /tmp/tmpfwrul_ed.
Creating fai index file /data/djs217/PROJECTS/xanthomonas-genome-assemblies/xanthomonas_march_2026/hybracter-hybrid/processing/complete/dnaapler/NCPPB_1132/NCPPB_1132_reoriented_chrom_and_plasmids.fasta.fai
Creating mmi index file /data/djs217/PROJECTS/xanthomonas-genome-assemblies/xanthomonas_march_2026/hybracter-hybrid/processing/complete/dnaapler/NCPPB_1132/NCPPB_1132_reoriented_chrom_and_plasmids.fasta.map-ont.mmi
[M::mm_idx_gen::0.146*0.97] collected minimizers
[M::mm_idx_gen::0.199*1.29] sorted minimizers
[M::main::0.243*1.23] loaded/built the index for 2 target sequence(s)
[M::mm_idx_stat] kmer size: 15; skip: 10; is_hpc: 0; #seq: 2
[M::mm_idx_stat::0.255*1.22] distinct minimizers: 809281 (90.70% are singletons); average occurrences: 1.152; average spacing: 5.359; total length: 4994687
[M::main] Version: 2.30-r1287
[M::main] CMD: minimap2 -I 16G -x map-ont -d /data/djs217/PROJECTS/xanthomonas-genome-assemblies/xanthomonas_march_2026/hybracter-hybrid/processing/complete/dnaapler/NCPPB_1132/NCPPB_1132_reoriented_chrom_and_plasmids.fasta.map-ont.mmi /data/djs217/PROJECTS/xanthomonas-genome-assemblies/xanthomonas_march_2026/hybracter-hybrid/processing/complete/dnaapler/NCPPB_1132/NCPPB_1132_reoriented_chrom_and_plasmids.fasta
[M::main] Real time: 0.261 sec; CPU: 0.317 sec; Peak RSS: 0.051 GB
[M::main::0.106*0.84] loaded/built the index for 2 target sequence(s)
[M::mm_mapopt_update::0.123*0.86] mid_occ = 25
[M::mm_idx_stat] kmer size: 15; skip: 10; is_hpc: 0; #seq: 2
[M::mm_idx_stat::0.135*0.88] distinct minimizers: 809281 (90.70% are singletons); average occurrences: 1.152; average spacing: 5.359; total length: 4994687
[M::worker_pipeline::2.945*6.54] mapped 1401 sequences
[M::main] Version: 2.30-r1287
[M::main] CMD: minimap2 -x map-ont --secondary=no -L --MD -A 2 -B 4 -O 4,24 -E 2,1 -t 12 -a /data/djs217/PROJECTS/xanthomonas-genome-assemblies/xanthomonas_march_2026/hybracter-hybrid/processing/complete/dnaapler/NCPPB_1132/NCPPB_1132_reoriented_chrom_and_plasmids.fasta.map-ont.mmi /data/djs217/PROJECTS/xanthomonas-genome-assemblies/xanthomonas_march_2026/hybracter-hybrid/processing/qc/NCPPB_1132_filt_trim.fastq.gz
[M::main] Real time: 2.956 sec; CPU: 19.267 sec; Peak RSS: 0.271 GB
[bam_sort_core] merging from 0 files and 12 in-memory blocks...
/data/djs217/miniconda3/envs/hybracter_env/lib/python3.11/site-packages/hybracter/workflow/conda/7aafc1085ca44eee01942c03ca74ecad_/lib/python3.11/site-packages/medaka/common.py:16: UserWarning: pkg_resources is deprecated as an API. See https://setuptools.pypa.io/en/latest/pkg_resources.html. The pkg_resources package is slated for removal as early as 2025-11-30. Refrain from using this package or pin to Setuptools<81.
  from pkg_resources import resource_filename
[21:04:10 - Predict] Processing region(s): contig_1:0-4974901 1:0-19786
[21:04:10 - Predict] Using model: /data/djs217/miniconda3/envs/hybracter_env/lib/python3.11/site-packages/hybracter/workflow/conda/7aafc1085ca44eee01942c03ca74ecad_/lib/python3.11/site-packages/medaka/data/r1041_e82_400bps_sup_v5.0.0_model_pt.tar.gz.
[21:04:10 - Predict] Using minimum mapQ threshold of 1 for read filtering.
[21:04:10 - MdlStrTGZ] Model GRUModel(
  (gru): GRU(10, 128, num_layers=2, batch_first=True, bidirectional=True)
  (linear): Linear(in_features=256, out_features=5, bias=True)
)
[21:04:10 - MdlStrTGZ] loading weights from /tmp/tmp5nz11j6g/model/weights.pt
[21:04:10 - MdlStrTGZ] Successfully removed temporary files from /tmp/tmp5nz11j6g.
[21:04:10 - Predict] Model device: cpu
[21:04:10 - Predict] Running prediction at full precision
[21:04:10 - BAMFile] Creating pool of 16 BAM file sets.
[21:04:10 - Predict] Processing 6 long region(s) with batching.
[21:04:10 - Sampler] Initializing sampler for consensus of region contig_1:0-1000000.
[21:04:10 - Sampler] Initializing sampler for consensus of region contig_1:999000-1999000.
[21:04:10 - PWorker] Running inference for 5.0M draft bases.
[21:04:12 - Feature] Processed contig_1:999000.0-1998999.0 (median depth 8.0)
[21:04:12 - Sampler] Took 1.86s to make features.
[21:04:12 - Sampler] Initializing sampler for consensus of region contig_1:1998000-2998000.
[21:04:12 - Feature] Processed contig_1:0.0-999999.0 (median depth 9.0)
[21:04:12 - Sampler] Took 1.89s to make features.
[21:04:12 - Sampler] Initializing sampler for consensus of region contig_1:2997000-3997000.
[21:04:13 - Feature] Processed contig_1:1998000.0-2997999.0 (median depth 8.0)
[21:04:13 - Sampler] Took 0.92s to make features.
[21:04:13 - Sampler] Initializing sampler for consensus of region contig_1:3996000-4974901.
[21:04:13 - Feature] Processed contig_1:2997000.0-3996999.0 (median depth 8.0)
[21:04:13 - Sampler] Took 0.95s to make features.
[21:04:13 - Sampler] Initializing sampler for consensus of region 1:0-19786.
[21:04:13 - Feature] Processed 1:0.0-19785.0 (median depth 4.0)
[21:04:13 - Sampler] Took 0.02s to make features.
[21:04:14 - Feature] Processed contig_1:3996000.0-4974900.0 (median depth 9.0)
[21:04:14 - Sampler] Took 1.06s to make features.
[21:04:39 - PWorker] Batches in cache: 6.
[21:04:39 - PWorker] 17.9% Done (0.9/5.0 Mbases) in 28.8s
[21:04:55 - PWorker] Batches in cache: 5.
[21:04:55 - PWorker] 35.8% Done (1.8/5.0 Mbases) in 45.1s
[21:05:15 - PWorker] Batches in cache: 4.
[21:05:15 - PWorker] 53.6% Done (2.7/5.0 Mbases) in 65.6s
[21:07:24 - PWorker] Batches in cache: 3.
[21:07:24 - PWorker] 71.5% Done (3.6/5.0 Mbases) in 194.6s
[21:07:34 - PWorker] Batches in cache: 2.
[21:07:41 - PWorker] Batches in cache: 1.
[21:07:41 - PWorker] 100.0% Done (5.0/5.0 Mbases) in 211.7s
[21:07:42 - PWorker] Processed 6 batches
[21:07:42 - PWorker] All done, 0 remainder regions.
[21:07:42 - Predict] Finished processing all regions.
/data/djs217/miniconda3/envs/hybracter_env/lib/python3.11/site-packages/hybracter/workflow/conda/7aafc1085ca44eee01942c03ca74ecad_/lib/python3.11/site-packages/medaka/common.py:16: UserWarning: pkg_resources is deprecated as an API. See https://setuptools.pypa.io/en/latest/pkg_resources.html. The pkg_resources package is slated for removal as early as 2025-11-30. Refrain from using this package or pin to Setuptools<81.
  from pkg_resources import resource_filename
[21:07:44 - DataIndx] Loaded 1/1 (100.00%) sample files.
[21:07:44 - DataIndx] Loaded 1/1 (100.00%) sample files.
[21:07:44 - DataIndx] Loaded 1/1 (100.00%) sample files.
[21:07:44 - DataIndx] Loaded 1/1 (100.00%) sample files.
[21:07:44 - DataIndx] Loaded 1/1 (100.00%) sample files.
[21:07:44 - DataIndx] Loaded 1/1 (100.00%) sample files.
[21:07:44 - DataIndx] Loaded 1/1 (100.00%) sample files.
