/data/djs217/miniconda3/envs/hybracter_env/lib/python3.11/site-packages/hybracter/workflow/conda/7aafc1085ca44eee01942c03ca74ecad_/lib/python3.11/site-packages/medaka/common.py:16: UserWarning: pkg_resources is deprecated as an API. See https://setuptools.pypa.io/en/latest/pkg_resources.html. The pkg_resources package is slated for removal as early as 2025-11-30. Refrain from using this package or pin to Setuptools<81.
  from pkg_resources import resource_filename
/data/djs217/miniconda3/envs/hybracter_env/lib/python3.11/site-packages/hybracter/workflow/conda/7aafc1085ca44eee01942c03ca74ecad_/lib/python3.11/site-packages/medaka/common.py:16: UserWarning: pkg_resources is deprecated as an API. See https://setuptools.pypa.io/en/latest/pkg_resources.html. The pkg_resources package is slated for removal as early as 2025-11-30. Refrain from using this package or pin to Setuptools<81.
  from pkg_resources import resource_filename
/data/djs217/miniconda3/envs/hybracter_env/lib/python3.11/site-packages/hybracter/workflow/conda/7aafc1085ca44eee01942c03ca74ecad_/lib/python3.11/site-packages/medaka/common.py:16: UserWarning: pkg_resources is deprecated as an API. See https://setuptools.pypa.io/en/latest/pkg_resources.html. The pkg_resources package is slated for removal as early as 2025-11-30. Refrain from using this package or pin to Setuptools<81.
  from pkg_resources import resource_filename
[23:38:37 - MdlStrTGZ] Successfully removed temporary files from /tmp/tmp2lkrtzw3.
/data/djs217/miniconda3/envs/hybracter_env/lib/python3.11/site-packages/hybracter/workflow/conda/7aafc1085ca44eee01942c03ca74ecad_/lib/python3.11/site-packages/medaka/common.py:16: UserWarning: pkg_resources is deprecated as an API. See https://setuptools.pypa.io/en/latest/pkg_resources.html. The pkg_resources package is slated for removal as early as 2025-11-30. Refrain from using this package or pin to Setuptools<81.
  from pkg_resources import resource_filename
[23:38:39 - MdlStrTGZ] Successfully removed temporary files from /tmp/tmpbtxkmc8k.
Creating fai index file /data/djs217/PROJECTS/xanthomonas-genome-assemblies/xanthomonas_march_2026/hybracter-hybrid/processing/complete/dnaapler/NCPPB_1713/NCPPB_1713_reoriented_chrom_and_plasmids.fasta.fai
Creating mmi index file /data/djs217/PROJECTS/xanthomonas-genome-assemblies/xanthomonas_march_2026/hybracter-hybrid/processing/complete/dnaapler/NCPPB_1713/NCPPB_1713_reoriented_chrom_and_plasmids.fasta.map-ont.mmi
[M::mm_idx_gen::0.152*1.03] collected minimizers
[M::mm_idx_gen::0.210*1.56] sorted minimizers
[M::main::0.275*1.43] loaded/built the index for 3 target sequence(s)
[M::mm_idx_stat] kmer size: 15; skip: 10; is_hpc: 0; #seq: 3
[M::mm_idx_stat::0.291*1.41] distinct minimizers: 927663 (94.61% are singletons); average occurrences: 1.089; average spacing: 5.354; total length: 5410690
[M::main] Version: 2.30-r1287
[M::main] CMD: minimap2 -I 16G -x map-ont -d /data/djs217/PROJECTS/xanthomonas-genome-assemblies/xanthomonas_march_2026/hybracter-hybrid/processing/complete/dnaapler/NCPPB_1713/NCPPB_1713_reoriented_chrom_and_plasmids.fasta.map-ont.mmi /data/djs217/PROJECTS/xanthomonas-genome-assemblies/xanthomonas_march_2026/hybracter-hybrid/processing/complete/dnaapler/NCPPB_1713/NCPPB_1713_reoriented_chrom_and_plasmids.fasta
[M::main] Real time: 0.298 sec; CPU: 0.416 sec; Peak RSS: 0.054 GB
[M::main::0.063*1.03] loaded/built the index for 3 target sequence(s)
[M::mm_mapopt_update::0.082*1.03] mid_occ = 40
[M::mm_idx_stat] kmer size: 15; skip: 10; is_hpc: 0; #seq: 3
[M::mm_idx_stat::0.095*1.02] distinct minimizers: 927663 (94.61% are singletons); average occurrences: 1.089; average spacing: 5.354; total length: 5410690
[M::worker_pipeline::3.953*5.72] mapped 1221 sequences
[M::main] Version: 2.30-r1287
[M::main] CMD: minimap2 -x map-ont --secondary=no -L --MD -A 2 -B 4 -O 4,24 -E 2,1 -t 12 -a /data/djs217/PROJECTS/xanthomonas-genome-assemblies/xanthomonas_march_2026/hybracter-hybrid/processing/complete/dnaapler/NCPPB_1713/NCPPB_1713_reoriented_chrom_and_plasmids.fasta.map-ont.mmi /data/djs217/PROJECTS/xanthomonas-genome-assemblies/xanthomonas_march_2026/hybracter-hybrid/processing/qc/NCPPB_1713_filt_trim.fastq.gz
[M::main] Real time: 3.984 sec; CPU: 22.648 sec; Peak RSS: 0.235 GB
[bam_sort_core] merging from 0 files and 12 in-memory blocks...
/data/djs217/miniconda3/envs/hybracter_env/lib/python3.11/site-packages/hybracter/workflow/conda/7aafc1085ca44eee01942c03ca74ecad_/lib/python3.11/site-packages/medaka/common.py:16: UserWarning: pkg_resources is deprecated as an API. See https://setuptools.pypa.io/en/latest/pkg_resources.html. The pkg_resources package is slated for removal as early as 2025-11-30. Refrain from using this package or pin to Setuptools<81.
  from pkg_resources import resource_filename
[23:38:46 - Predict] Processing region(s): contig_1:0-5356913 1:0-40297 2:0-13480
[23:38:46 - Predict] Using model: /data/djs217/miniconda3/envs/hybracter_env/lib/python3.11/site-packages/hybracter/workflow/conda/7aafc1085ca44eee01942c03ca74ecad_/lib/python3.11/site-packages/medaka/data/r1041_e82_400bps_sup_v5.0.0_model_pt.tar.gz.
[23:38:46 - Predict] Using minimum mapQ threshold of 1 for read filtering.
[23:38:46 - MdlStrTGZ] Model GRUModel(
  (gru): GRU(10, 128, num_layers=2, batch_first=True, bidirectional=True)
  (linear): Linear(in_features=256, out_features=5, bias=True)
)
[23:38:46 - MdlStrTGZ] loading weights from /tmp/tmpwanj4drm/model/weights.pt
[23:38:46 - MdlStrTGZ] Successfully removed temporary files from /tmp/tmpwanj4drm.
[23:38:46 - Predict] Model device: cpu
[23:38:46 - Predict] Running prediction at full precision
[23:38:46 - BAMFile] Creating pool of 16 BAM file sets.
[23:38:46 - Predict] Processing 8 long region(s) with batching.
[23:38:46 - Sampler] Initializing sampler for consensus of region contig_1:0-1000000.
[23:38:46 - Sampler] Initializing sampler for consensus of region contig_1:999000-1999000.
[23:38:46 - PWorker] Running inference for 5.4M draft bases.
[23:38:47 - Feature] Processed contig_1:0.0-999999.0 (median depth 8.0)
[23:38:47 - Sampler] Took 1.25s to make features.
[23:38:47 - Sampler] Initializing sampler for consensus of region contig_1:1998000-2998000.
[23:38:48 - Feature] Processed contig_1:999000.0-1998999.0 (median depth 8.0)
[23:38:48 - Sampler] Took 1.44s to make features.
[23:38:48 - Sampler] Initializing sampler for consensus of region contig_1:2997000-3997000.
[23:38:48 - Feature] Processed contig_1:1998000.0-2997999.0 (median depth 9.0)
[23:38:48 - Sampler] Took 0.80s to make features.
[23:38:48 - Sampler] Initializing sampler for consensus of region contig_1:3996000-4996000.
[23:38:48 - Feature] Processed contig_1:2997000.0-3996999.0 (median depth 8.0)
[23:38:48 - Sampler] Took 0.81s to make features.
[23:38:48 - Sampler] Initializing sampler for consensus of region contig_1:4995000-5356913.
[23:38:49 - Feature] Processed contig_1:3996000.0-4995999.0 (median depth 8.0)
[23:38:49 - Sampler] Took 0.67s to make features.
[23:38:49 - Sampler] Initializing sampler for consensus of region 1:0-40297.
[23:38:49 - Feature] Processed contig_1:4995000.0-5356912.0 (median depth 8.0)
[23:38:49 - Sampler] Took 0.46s to make features.
[23:38:49 - Sampler] Initializing sampler for consensus of region 2:0-13480.
[23:38:49 - Sampler] Took 0.00s to make features.
[23:38:49 - Feature] Processed 1:0.0-40296.0 (median depth 8.0)
[23:38:49 - Sampler] Took 0.02s to make features.
[23:38:57 - PWorker] Batches in cache: 7.
[23:38:57 - PWorker] 16.6% Done (0.9/5.4 Mbases) in 10.5s
[23:39:04 - PWorker] Batches in cache: 6.
[23:39:11 - PWorker] Batches in cache: 5.
[23:39:11 - PWorker] 49.6% Done (2.7/5.4 Mbases) in 24.5s
[23:39:18 - PWorker] Batches in cache: 4.
[23:39:25 - PWorker] Batches in cache: 3.
[23:39:25 - PWorker] 82.7% Done (4.5/5.4 Mbases) in 38.4s
[23:39:32 - PWorker] Batches in cache: 2.
[23:39:33 - PWorker] Processed 7 batches
[23:39:33 - PWorker] All done, 0 remainder regions.
[23:39:33 - Predict] Finished processing all regions.
/data/djs217/miniconda3/envs/hybracter_env/lib/python3.11/site-packages/hybracter/workflow/conda/7aafc1085ca44eee01942c03ca74ecad_/lib/python3.11/site-packages/medaka/common.py:16: UserWarning: pkg_resources is deprecated as an API. See https://setuptools.pypa.io/en/latest/pkg_resources.html. The pkg_resources package is slated for removal as early as 2025-11-30. Refrain from using this package or pin to Setuptools<81.
  from pkg_resources import resource_filename
[23:39:36 - DataIndx] Loaded 1/1 (100.00%) sample files.
[23:39:36 - DataIndx] Loaded 1/1 (100.00%) sample files.
[23:39:36 - DataIndx] Loaded 1/1 (100.00%) sample files.
[23:39:36 - DataIndx] Loaded 1/1 (100.00%) sample files.
[23:39:36 - DataIndx] Loaded 1/1 (100.00%) sample files.
[23:39:36 - DataIndx] Loaded 1/1 (100.00%) sample files.
[23:39:36 - DataIndx] Loaded 1/1 (100.00%) sample files.
[23:39:36 - DataIndx] Loaded 1/1 (100.00%) sample files.
[23:39:37 - Stitcher] Copying contig '2' verbatim from input.
