/data/djs217/miniconda3/envs/hybracter_env/lib/python3.11/site-packages/hybracter/workflow/conda/7aafc1085ca44eee01942c03ca74ecad_/lib/python3.11/site-packages/medaka/common.py:16: UserWarning: pkg_resources is deprecated as an API. See https://setuptools.pypa.io/en/latest/pkg_resources.html. The pkg_resources package is slated for removal as early as 2025-11-30. Refrain from using this package or pin to Setuptools<81.
  from pkg_resources import resource_filename
/data/djs217/miniconda3/envs/hybracter_env/lib/python3.11/site-packages/hybracter/workflow/conda/7aafc1085ca44eee01942c03ca74ecad_/lib/python3.11/site-packages/medaka/common.py:16: UserWarning: pkg_resources is deprecated as an API. See https://setuptools.pypa.io/en/latest/pkg_resources.html. The pkg_resources package is slated for removal as early as 2025-11-30. Refrain from using this package or pin to Setuptools<81.
  from pkg_resources import resource_filename
/data/djs217/miniconda3/envs/hybracter_env/lib/python3.11/site-packages/hybracter/workflow/conda/7aafc1085ca44eee01942c03ca74ecad_/lib/python3.11/site-packages/medaka/common.py:16: UserWarning: pkg_resources is deprecated as an API. See https://setuptools.pypa.io/en/latest/pkg_resources.html. The pkg_resources package is slated for removal as early as 2025-11-30. Refrain from using this package or pin to Setuptools<81.
  from pkg_resources import resource_filename
[00:07:11 - MdlStrTGZ] Successfully removed temporary files from /tmp/tmp2ysqgrfs.
/data/djs217/miniconda3/envs/hybracter_env/lib/python3.11/site-packages/hybracter/workflow/conda/7aafc1085ca44eee01942c03ca74ecad_/lib/python3.11/site-packages/medaka/common.py:16: UserWarning: pkg_resources is deprecated as an API. See https://setuptools.pypa.io/en/latest/pkg_resources.html. The pkg_resources package is slated for removal as early as 2025-11-30. Refrain from using this package or pin to Setuptools<81.
  from pkg_resources import resource_filename
[00:07:13 - MdlStrTGZ] Successfully removed temporary files from /tmp/tmpqs963jmw.
Creating fai index file /data/djs217/PROJECTS/xanthomonas-genome-assemblies/xanthomonas_march_2026/hybracter-hybrid/processing/complete/dnaapler/NCPPB_1061/NCPPB_1061_reoriented_chrom_and_plasmids.fasta.fai
Creating mmi index file /data/djs217/PROJECTS/xanthomonas-genome-assemblies/xanthomonas_march_2026/hybracter-hybrid/processing/complete/dnaapler/NCPPB_1061/NCPPB_1061_reoriented_chrom_and_plasmids.fasta.map-ont.mmi
[M::mm_idx_gen::0.206*1.01] collected minimizers
[M::mm_idx_gen::0.268*1.43] sorted minimizers
[M::main::0.338*1.34] loaded/built the index for 1 target sequence(s)
[M::mm_idx_stat] kmer size: 15; skip: 10; is_hpc: 0; #seq: 1
[M::mm_idx_stat::0.354*1.33] distinct minimizers: 915067 (94.02% are singletons); average occurrences: 1.088; average spacing: 5.357; total length: 5333401
[M::main] Version: 2.30-r1287
[M::main] CMD: minimap2 -I 16G -x map-ont -d /data/djs217/PROJECTS/xanthomonas-genome-assemblies/xanthomonas_march_2026/hybracter-hybrid/processing/complete/dnaapler/NCPPB_1061/NCPPB_1061_reoriented_chrom_and_plasmids.fasta.map-ont.mmi /data/djs217/PROJECTS/xanthomonas-genome-assemblies/xanthomonas_march_2026/hybracter-hybrid/processing/complete/dnaapler/NCPPB_1061/NCPPB_1061_reoriented_chrom_and_plasmids.fasta
[M::main] Real time: 0.363 sec; CPU: 0.479 sec; Peak RSS: 0.052 GB
[M::main::0.069*1.02] loaded/built the index for 1 target sequence(s)
[M::mm_mapopt_update::0.090*1.02] mid_occ = 15
[M::mm_idx_stat] kmer size: 15; skip: 10; is_hpc: 0; #seq: 1
[M::mm_idx_stat::0.105*1.01] distinct minimizers: 915067 (94.02% are singletons); average occurrences: 1.088; average spacing: 5.357; total length: 5333401
[M::worker_pipeline::3.030*6.32] mapped 1142 sequences
[M::main] Version: 2.30-r1287
[M::main] CMD: minimap2 -x map-ont --secondary=no -L --MD -A 2 -B 4 -O 4,24 -E 2,1 -t 12 -a /data/djs217/PROJECTS/xanthomonas-genome-assemblies/xanthomonas_march_2026/hybracter-hybrid/processing/complete/dnaapler/NCPPB_1061/NCPPB_1061_reoriented_chrom_and_plasmids.fasta.map-ont.mmi /data/djs217/PROJECTS/xanthomonas-genome-assemblies/xanthomonas_march_2026/hybracter-hybrid/processing/qc/NCPPB_1061_filt_trim.fastq.gz
[M::main] Real time: 3.042 sec; CPU: 19.173 sec; Peak RSS: 0.203 GB
[bam_sort_core] merging from 0 files and 12 in-memory blocks...
/data/djs217/miniconda3/envs/hybracter_env/lib/python3.11/site-packages/hybracter/workflow/conda/7aafc1085ca44eee01942c03ca74ecad_/lib/python3.11/site-packages/medaka/common.py:16: UserWarning: pkg_resources is deprecated as an API. See https://setuptools.pypa.io/en/latest/pkg_resources.html. The pkg_resources package is slated for removal as early as 2025-11-30. Refrain from using this package or pin to Setuptools<81.
  from pkg_resources import resource_filename
[00:07:19 - Predict] Processing region(s): contig_1:0-5333401
[00:07:19 - Predict] Using model: /data/djs217/miniconda3/envs/hybracter_env/lib/python3.11/site-packages/hybracter/workflow/conda/7aafc1085ca44eee01942c03ca74ecad_/lib/python3.11/site-packages/medaka/data/r1041_e82_400bps_sup_v5.0.0_model_pt.tar.gz.
[00:07:19 - Predict] Using minimum mapQ threshold of 1 for read filtering.
[00:07:19 - MdlStrTGZ] Model GRUModel(
  (gru): GRU(10, 128, num_layers=2, batch_first=True, bidirectional=True)
  (linear): Linear(in_features=256, out_features=5, bias=True)
)
[00:07:19 - MdlStrTGZ] loading weights from /tmp/tmps9_firqi/model/weights.pt
[00:07:19 - MdlStrTGZ] Successfully removed temporary files from /tmp/tmps9_firqi.
[00:07:19 - Predict] Model device: cpu
[00:07:19 - Predict] Running prediction at full precision
[00:07:19 - BAMFile] Creating pool of 16 BAM file sets.
[00:07:19 - Predict] Processing 6 long region(s) with batching.
[00:07:19 - Sampler] Initializing sampler for consensus of region contig_1:0-1000000.
[00:07:19 - Sampler] Initializing sampler for consensus of region contig_1:999000-1999000.
[00:07:19 - PWorker] Running inference for 5.3M draft bases.
[00:07:21 - Feature] Processed contig_1:0.0-999999.0 (median depth 8.0)
[00:07:21 - Sampler] Took 1.34s to make features.
[00:07:21 - Sampler] Initializing sampler for consensus of region contig_1:1998000-2998000.
[00:07:21 - Feature] Processed contig_1:999000.0-1998999.0 (median depth 8.0)
[00:07:21 - Sampler] Took 1.40s to make features.
[00:07:21 - Sampler] Initializing sampler for consensus of region contig_1:2997000-3997000.
[00:07:22 - Feature] Processed contig_1:1998000.0-2997999.0 (median depth 8.0)
[00:07:22 - Sampler] Took 0.89s to make features.
[00:07:22 - Sampler] Initializing sampler for consensus of region contig_1:3996000-4996000.
[00:07:22 - Feature] Processed contig_1:2997000.0-3996999.0 (median depth 9.0)
[00:07:22 - Sampler] Took 0.86s to make features.
[00:07:22 - Sampler] Initializing sampler for consensus of region contig_1:4995000-5333401.
[00:07:22 - Feature] Processed contig_1:4995000.0-5333400.0 (median depth 8.0)
[00:07:22 - Sampler] Took 0.40s to make features.
[00:07:22 - Feature] Processed contig_1:3996000.0-4995999.0 (median depth 9.0)
[00:07:22 - Sampler] Took 0.69s to make features.
[00:07:30 - PWorker] Batches in cache: 6.
[00:07:30 - PWorker] 16.8% Done (0.9/5.3 Mbases) in 11.1s
[00:07:38 - PWorker] Batches in cache: 5.
[00:07:45 - PWorker] Batches in cache: 4.
[00:07:45 - PWorker] 50.4% Done (2.7/5.3 Mbases) in 25.6s
[00:07:52 - PWorker] Batches in cache: 3.
[00:07:59 - PWorker] Batches in cache: 2.
[00:07:59 - PWorker] 83.9% Done (4.5/5.3 Mbases) in 39.7s
[00:08:06 - PWorker] Batches in cache: 1.
[00:08:06 - PWorker] Processed 6 batches
[00:08:06 - PWorker] All done, 0 remainder regions.
[00:08:06 - Predict] Finished processing all regions.
/data/djs217/miniconda3/envs/hybracter_env/lib/python3.11/site-packages/hybracter/workflow/conda/7aafc1085ca44eee01942c03ca74ecad_/lib/python3.11/site-packages/medaka/common.py:16: UserWarning: pkg_resources is deprecated as an API. See https://setuptools.pypa.io/en/latest/pkg_resources.html. The pkg_resources package is slated for removal as early as 2025-11-30. Refrain from using this package or pin to Setuptools<81.
  from pkg_resources import resource_filename
[00:08:09 - DataIndx] Loaded 1/1 (100.00%) sample files.
[00:08:09 - DataIndx] Loaded 1/1 (100.00%) sample files.
[00:08:09 - DataIndx] Loaded 1/1 (100.00%) sample files.
[00:08:09 - DataIndx] Loaded 1/1 (100.00%) sample files.
[00:08:09 - DataIndx] Loaded 1/1 (100.00%) sample files.
[00:08:09 - DataIndx] Loaded 1/1 (100.00%) sample files.
[00:08:09 - DataIndx] Loaded 1/1 (100.00%) sample files.
