2026-03-29 10:06:14.020 | INFO     | pypolca.utils.validation:instantiate_dirs:23 - Checking the output directory hybracter-hybrid-misc/processing/complete/pypolca/NCPPB_1059_papavericola
2026-03-29 10:06:14.027 | INFO     | pypolca.utils.util:begin_pypolca:84 - pypolca: Standalone Python implementation of the POLCA polisher from MaSuRCA
2026-03-29 10:06:14.027 | INFO     | pypolca.utils.util:begin_pypolca:87 - You are using pypolca version 0.3.1

2026-03-29 10:06:14.027 | INFO     | pypolca.utils.util:begin_pypolca:88 - Repository homepage is https://github.com/gbouras13/pypolca.
2026-03-29 10:06:14.027 | INFO     | pypolca.utils.util:begin_pypolca:89 - Written by George Bouras: george.bouras@adelaide.edu.au adapting the original POLCA code by Aleksey Zimin.
2026-03-29 10:06:14.027 | INFO     | pypolca.utils.util:begin_pypolca:93 - Listing input parameters.
2026-03-29 10:06:14.027 | INFO     | pypolca.utils.util:begin_pypolca:95 - Parameter: --assembly hybracter-hybrid-misc/processing/complete/polypolish/NCPPB_1059_papavericola.fasta.
2026-03-29 10:06:14.027 | INFO     | pypolca.utils.util:begin_pypolca:95 - Parameter: --reads1 hybracter-hybrid-misc/processing/qc/fastp/NCPPB_1059_papavericola_1.fastq.gz.
2026-03-29 10:06:14.027 | INFO     | pypolca.utils.util:begin_pypolca:95 - Parameter: --reads2 hybracter-hybrid-misc/processing/qc/fastp/NCPPB_1059_papavericola_2.fastq.gz.
2026-03-29 10:06:14.027 | INFO     | pypolca.utils.util:begin_pypolca:95 - Parameter: --output hybracter-hybrid-misc/processing/complete/pypolca/NCPPB_1059_papavericola.
2026-03-29 10:06:14.027 | INFO     | pypolca.utils.util:begin_pypolca:95 - Parameter: --threads 8.
2026-03-29 10:06:14.027 | INFO     | pypolca.utils.util:begin_pypolca:95 - Parameter: --force True.
2026-03-29 10:06:14.027 | INFO     | pypolca.utils.util:begin_pypolca:95 - Parameter: --careful True.
2026-03-29 10:06:14.027 | INFO     | pypolca.utils.util:begin_pypolca:95 - Parameter: --min_alt 4.
2026-03-29 10:06:14.027 | INFO     | pypolca.utils.util:begin_pypolca:95 - Parameter: --min_ratio 3.
2026-03-29 10:06:14.027 | INFO     | pypolca.utils.util:begin_pypolca:95 - Parameter: --memory_limit 2G.
2026-03-29 10:06:14.027 | INFO     | pypolca.utils.util:begin_pypolca:95 - Parameter: --no_polish False.
2026-03-29 10:06:14.027 | INFO     | pypolca.utils.util:begin_pypolca:95 - Parameter: --prefix NCPPB_1059_papavericola.
2026-03-29 10:06:14.118 | INFO     | pypolca.utils.validation:check_dependencies:112 - Samtools v1.22.1 found.
2026-03-29 10:06:14.125 | INFO     | pypolca.utils.validation:check_dependencies:123 - freebayes v1.3.6 found.
2026-03-29 10:06:14.128 | INFO     | pypolca.utils.validation:check_dependencies:140 - bwa v0.7.19-r1273 found.
2026-03-29 10:06:14.129 | INFO     | pypolca.utils.validation:validate_fasta:46 - Checking that the input file hybracter-hybrid-misc/processing/complete/polypolish/NCPPB_1059_papavericola.fasta is in FASTA format.
2026-03-29 10:06:14.178 | INFO     | pypolca.utils.validation:validate_fasta:51 - hybracter-hybrid-misc/processing/complete/polypolish/NCPPB_1059_papavericola.fasta file checked.
2026-03-29 10:06:14.179 | INFO     | pypolca.utils.validation:validate_fastq:73 - FASTQ hybracter-hybrid-misc/processing/qc/fastp/NCPPB_1059_papavericola_1.fastq.gz checked
2026-03-29 10:06:14.179 | INFO     | pypolca.utils.validation:validate_fastq:73 - FASTQ hybracter-hybrid-misc/processing/qc/fastp/NCPPB_1059_papavericola_2.fastq.gz checked
2026-03-29 10:06:14.179 | INFO     | pypolca:run:219 - Checking memory limit of 2G.
2026-03-29 10:06:14.179 | INFO     | pypolca:run:224 - Creating BWA index
2026-03-29 10:06:14.183 | INFO     | pypolca.utils.external_tools:run:50 - Started running bwa index hybracter-hybrid-misc/processing/complete/pypolca/NCPPB_1059_papavericola/temp/assembly.fasta ...
2026-03-29 10:06:16.758 | INFO     | pypolca.utils.external_tools:run:52 - Done running bwa index hybracter-hybrid-misc/processing/complete/pypolca/NCPPB_1059_papavericola/temp/assembly.fasta
2026-03-29 10:06:16.758 | INFO     | pypolca:run:230 - Aligning reads with BWA
2026-03-29 10:06:16.759 | INFO     | pypolca.utils.external_tools:run_to_stdout:59 - Started running bwa mem -SP -t 8 hybracter-hybrid-misc/processing/complete/pypolca/NCPPB_1059_papavericola/temp/assembly.fasta hybracter-hybrid-misc/processing/qc/fastp/NCPPB_1059_papavericola_1.fastq.gz hybracter-hybrid-misc/processing/qc/fastp/NCPPB_1059_papavericola_2.fastq.gz ...
2026-03-29 10:08:20.848 | INFO     | pypolca.utils.external_tools:run_to_stdout:61 - Done running bwa mem -SP -t 8 hybracter-hybrid-misc/processing/complete/pypolca/NCPPB_1059_papavericola/temp/assembly.fasta hybracter-hybrid-misc/processing/qc/fastp/NCPPB_1059_papavericola_1.fastq.gz hybracter-hybrid-misc/processing/qc/fastp/NCPPB_1059_papavericola_2.fastq.gz
2026-03-29 10:08:21.053 | INFO     | pypolca:run:237 - Sorting and indexing alignment file
2026-03-29 10:08:21.054 | INFO     | pypolca.utils.external_tools:run:50 - Started running samtools view -h -@ 8 -b hybracter-hybrid-misc/processing/complete/pypolca/NCPPB_1059_papavericola/temp/temp_bwa.sam -o hybracter-hybrid-misc/processing/complete/pypolca/NCPPB_1059_papavericola/temp/temp_bwa.bam ...
2026-03-29 10:10:48.647 | INFO     | pypolca.utils.external_tools:run:52 - Done running samtools view -h -@ 8 -b hybracter-hybrid-misc/processing/complete/pypolca/NCPPB_1059_papavericola/temp/temp_bwa.sam -o hybracter-hybrid-misc/processing/complete/pypolca/NCPPB_1059_papavericola/temp/temp_bwa.bam
2026-03-29 10:10:48.809 | INFO     | pypolca.utils.external_tools:run:50 - Started running samtools sort -m 2G -@ 8 hybracter-hybrid-misc/processing/complete/pypolca/NCPPB_1059_papavericola/temp/temp_bwa.bam -o hybracter-hybrid-misc/processing/complete/pypolca/NCPPB_1059_papavericola/temp/temp_bwa_sorted.bam ...
2026-03-29 10:11:49.215 | INFO     | pypolca.utils.external_tools:run:52 - Done running samtools sort -m 2G -@ 8 hybracter-hybrid-misc/processing/complete/pypolca/NCPPB_1059_papavericola/temp/temp_bwa.bam -o hybracter-hybrid-misc/processing/complete/pypolca/NCPPB_1059_papavericola/temp/temp_bwa_sorted.bam
2026-03-29 10:11:49.216 | INFO     | pypolca.utils.external_tools:run:50 - Started running samtools index -@ hybracter-hybrid-misc/processing/complete/pypolca/NCPPB_1059_papavericola/temp/temp_bwa_sorted.bam ...
2026-03-29 10:11:49.218 | INFO     | pypolca.utils.external_tools:run:52 - Done running samtools index -@ hybracter-hybrid-misc/processing/complete/pypolca/NCPPB_1059_papavericola/temp/temp_bwa_sorted.bam
2026-03-29 10:11:49.218 | INFO     | pypolca:run:244 - Calling variants.
2026-03-29 10:11:49.219 | INFO     | pypolca.utils.external_tools:run:50 - Started running samtools faidx hybracter-hybrid-misc/processing/complete/pypolca/NCPPB_1059_papavericola/temp/assembly.fasta ...
2026-03-29 10:11:49.462 | INFO     | pypolca.utils.external_tools:run:52 - Done running samtools faidx hybracter-hybrid-misc/processing/complete/pypolca/NCPPB_1059_papavericola/temp/assembly.fasta
2026-03-29 10:11:49.464 | INFO     | pypolca.utils.external_tools:run:50 - Started running freebayes -m 0 --min-coverage 3 -R 0 -p 1 -F 0.2 -E 0 -b hybracter-hybrid-misc/processing/complete/pypolca/NCPPB_1059_papavericola/temp/temp_bwa_sorted.bam -f hybracter-hybrid-misc/processing/complete/pypolca/NCPPB_1059_papavericola/temp/assembly.fasta -v hybracter-hybrid-misc/processing/complete/pypolca/NCPPB_1059_papavericola/NCPPB_1059_papavericola.vcf ...
2026-03-29 10:16:49.297 | INFO     | pypolca.utils.external_tools:run:52 - Done running freebayes -m 0 --min-coverage 3 -R 0 -p 1 -F 0.2 -E 0 -b hybracter-hybrid-misc/processing/complete/pypolca/NCPPB_1059_papavericola/temp/temp_bwa_sorted.bam -f hybracter-hybrid-misc/processing/complete/pypolca/NCPPB_1059_papavericola/temp/assembly.fasta -v hybracter-hybrid-misc/processing/complete/pypolca/NCPPB_1059_papavericola/NCPPB_1059_papavericola.vcf
2026-03-29 10:16:49.384 | WARNING  | pypolca.utils.fix_consensus_from_vcf:fix_consensus_from_vcf:172 - POLCA has found 0 variants.
2026-03-29 10:16:49.384 | WARNING  | pypolca.utils.fix_consensus_from_vcf:fix_consensus_from_vcf:173 - The corrected FASTA hybracter-hybrid-misc/processing/complete/pypolca/NCPPB_1059_papavericola/NCPPB_1059_papavericola_corrected.fasta will be the same as the input FASTA hybracter-hybrid-misc/processing/complete/pypolca/NCPPB_1059_papavericola/temp/assembly.fasta.
2026-03-29 10:16:49.411 | INFO     | pypolca.utils.report:create_report:27 - Stats BEFORE polishing:
2026-03-29 10:16:49.411 | INFO     | pypolca.utils.report:create_report:29 - Substitution Errors Found: 0
2026-03-29 10:16:49.411 | INFO     | pypolca.utils.report:create_report:31 - Insertion/Deletion Errors Found: 0
2026-03-29 10:16:49.411 | INFO     | pypolca.utils.report:create_report:33 - Assembly Size: 4942809
2026-03-29 10:16:49.411 | INFO     | pypolca.utils.report:create_report:35 - Consensus Quality Before Polishing: 100.0
2026-03-29 10:16:49.411 | INFO     | pypolca.utils.report:create_report:37 - Consensus QV Before Polishing: 100.0
2026-03-29 10:16:49.412 | INFO     | pypolca:run:267 - Final report is in hybracter-hybrid-misc/processing/complete/pypolca/NCPPB_1059_papavericola/NCPPB_1059_papavericola.report; polished assembly is in hybracter-hybrid-misc/processing/complete/pypolca/NCPPB_1059_papavericola/NCPPB_1059_papavericola_corrected.fasta
2026-03-29 10:16:49.764 | INFO     | pypolca.utils.util:end_pypolca:110 - pypolca has finished
2026-03-29 10:16:49.764 | INFO     | pypolca.utils.util:end_pypolca:111 - Elapsed time: 635.74 seconds
