2026-03-29 07:07:05.443 | INFO     | pypolca.utils.validation:instantiate_dirs:23 - Checking the output directory hybracter-hybrid-misc/processing/complete/pypolca/NCPPB_1594_nakataecorchorii
2026-03-29 07:07:05.454 | INFO     | pypolca.utils.util:begin_pypolca:84 - pypolca: Standalone Python implementation of the POLCA polisher from MaSuRCA
2026-03-29 07:07:05.454 | INFO     | pypolca.utils.util:begin_pypolca:87 - You are using pypolca version 0.3.1

2026-03-29 07:07:05.454 | INFO     | pypolca.utils.util:begin_pypolca:88 - Repository homepage is https://github.com/gbouras13/pypolca.
2026-03-29 07:07:05.454 | INFO     | pypolca.utils.util:begin_pypolca:89 - Written by George Bouras: george.bouras@adelaide.edu.au adapting the original POLCA code by Aleksey Zimin.
2026-03-29 07:07:05.454 | INFO     | pypolca.utils.util:begin_pypolca:93 - Listing input parameters.
2026-03-29 07:07:05.454 | INFO     | pypolca.utils.util:begin_pypolca:95 - Parameter: --assembly hybracter-hybrid-misc/processing/complete/polypolish/NCPPB_1594_nakataecorchorii.fasta.
2026-03-29 07:07:05.454 | INFO     | pypolca.utils.util:begin_pypolca:95 - Parameter: --reads1 hybracter-hybrid-misc/processing/qc/fastp/NCPPB_1594_nakataecorchorii_1.fastq.gz.
2026-03-29 07:07:05.454 | INFO     | pypolca.utils.util:begin_pypolca:95 - Parameter: --reads2 hybracter-hybrid-misc/processing/qc/fastp/NCPPB_1594_nakataecorchorii_2.fastq.gz.
2026-03-29 07:07:05.454 | INFO     | pypolca.utils.util:begin_pypolca:95 - Parameter: --output hybracter-hybrid-misc/processing/complete/pypolca/NCPPB_1594_nakataecorchorii.
2026-03-29 07:07:05.454 | INFO     | pypolca.utils.util:begin_pypolca:95 - Parameter: --threads 8.
2026-03-29 07:07:05.454 | INFO     | pypolca.utils.util:begin_pypolca:95 - Parameter: --force True.
2026-03-29 07:07:05.454 | INFO     | pypolca.utils.util:begin_pypolca:95 - Parameter: --careful True.
2026-03-29 07:07:05.454 | INFO     | pypolca.utils.util:begin_pypolca:95 - Parameter: --min_alt 4.
2026-03-29 07:07:05.454 | INFO     | pypolca.utils.util:begin_pypolca:95 - Parameter: --min_ratio 3.
2026-03-29 07:07:05.454 | INFO     | pypolca.utils.util:begin_pypolca:95 - Parameter: --memory_limit 2G.
2026-03-29 07:07:05.454 | INFO     | pypolca.utils.util:begin_pypolca:95 - Parameter: --no_polish False.
2026-03-29 07:07:05.454 | INFO     | pypolca.utils.util:begin_pypolca:95 - Parameter: --prefix NCPPB_1594_nakataecorchorii.
2026-03-29 07:07:05.667 | INFO     | pypolca.utils.validation:check_dependencies:112 - Samtools v1.22.1 found.
2026-03-29 07:07:05.692 | INFO     | pypolca.utils.validation:check_dependencies:123 - freebayes v1.3.6 found.
2026-03-29 07:07:05.693 | INFO     | pypolca.utils.validation:check_dependencies:140 - bwa v0.7.19-r1273 found.
2026-03-29 07:07:05.693 | INFO     | pypolca.utils.validation:validate_fasta:46 - Checking that the input file hybracter-hybrid-misc/processing/complete/polypolish/NCPPB_1594_nakataecorchorii.fasta is in FASTA format.
2026-03-29 07:07:05.693 | INFO     | pypolca.utils.validation:validate_fasta:51 - hybracter-hybrid-misc/processing/complete/polypolish/NCPPB_1594_nakataecorchorii.fasta file checked.
2026-03-29 07:07:05.693 | INFO     | pypolca.utils.validation:validate_fastq:73 - FASTQ hybracter-hybrid-misc/processing/qc/fastp/NCPPB_1594_nakataecorchorii_1.fastq.gz checked
2026-03-29 07:07:05.693 | INFO     | pypolca.utils.validation:validate_fastq:73 - FASTQ hybracter-hybrid-misc/processing/qc/fastp/NCPPB_1594_nakataecorchorii_2.fastq.gz checked
2026-03-29 07:07:05.693 | INFO     | pypolca:run:219 - Checking memory limit of 2G.
2026-03-29 07:07:05.693 | INFO     | pypolca:run:224 - Creating BWA index
2026-03-29 07:07:05.699 | INFO     | pypolca.utils.external_tools:run:50 - Started running bwa index hybracter-hybrid-misc/processing/complete/pypolca/NCPPB_1594_nakataecorchorii/temp/assembly.fasta ...
2026-03-29 07:07:08.499 | INFO     | pypolca.utils.external_tools:run:52 - Done running bwa index hybracter-hybrid-misc/processing/complete/pypolca/NCPPB_1594_nakataecorchorii/temp/assembly.fasta
2026-03-29 07:07:08.499 | INFO     | pypolca:run:230 - Aligning reads with BWA
2026-03-29 07:07:08.500 | INFO     | pypolca.utils.external_tools:run_to_stdout:59 - Started running bwa mem -SP -t 8 hybracter-hybrid-misc/processing/complete/pypolca/NCPPB_1594_nakataecorchorii/temp/assembly.fasta hybracter-hybrid-misc/processing/qc/fastp/NCPPB_1594_nakataecorchorii_1.fastq.gz hybracter-hybrid-misc/processing/qc/fastp/NCPPB_1594_nakataecorchorii_2.fastq.gz ...
2026-03-29 07:09:33.981 | INFO     | pypolca.utils.external_tools:run_to_stdout:61 - Done running bwa mem -SP -t 8 hybracter-hybrid-misc/processing/complete/pypolca/NCPPB_1594_nakataecorchorii/temp/assembly.fasta hybracter-hybrid-misc/processing/qc/fastp/NCPPB_1594_nakataecorchorii_1.fastq.gz hybracter-hybrid-misc/processing/qc/fastp/NCPPB_1594_nakataecorchorii_2.fastq.gz
2026-03-29 07:09:33.981 | INFO     | pypolca:run:237 - Sorting and indexing alignment file
2026-03-29 07:09:33.983 | INFO     | pypolca.utils.external_tools:run:50 - Started running samtools view -h -@ 8 -b hybracter-hybrid-misc/processing/complete/pypolca/NCPPB_1594_nakataecorchorii/temp/temp_bwa.sam -o hybracter-hybrid-misc/processing/complete/pypolca/NCPPB_1594_nakataecorchorii/temp/temp_bwa.bam ...
2026-03-29 07:10:06.957 | INFO     | pypolca.utils.external_tools:run:52 - Done running samtools view -h -@ 8 -b hybracter-hybrid-misc/processing/complete/pypolca/NCPPB_1594_nakataecorchorii/temp/temp_bwa.sam -o hybracter-hybrid-misc/processing/complete/pypolca/NCPPB_1594_nakataecorchorii/temp/temp_bwa.bam
2026-03-29 07:10:06.959 | INFO     | pypolca.utils.external_tools:run:50 - Started running samtools sort -m 2G -@ 8 hybracter-hybrid-misc/processing/complete/pypolca/NCPPB_1594_nakataecorchorii/temp/temp_bwa.bam -o hybracter-hybrid-misc/processing/complete/pypolca/NCPPB_1594_nakataecorchorii/temp/temp_bwa_sorted.bam ...
2026-03-29 07:10:44.096 | INFO     | pypolca.utils.external_tools:run:52 - Done running samtools sort -m 2G -@ 8 hybracter-hybrid-misc/processing/complete/pypolca/NCPPB_1594_nakataecorchorii/temp/temp_bwa.bam -o hybracter-hybrid-misc/processing/complete/pypolca/NCPPB_1594_nakataecorchorii/temp/temp_bwa_sorted.bam
2026-03-29 07:10:44.098 | INFO     | pypolca.utils.external_tools:run:50 - Started running samtools index -@ hybracter-hybrid-misc/processing/complete/pypolca/NCPPB_1594_nakataecorchorii/temp/temp_bwa_sorted.bam ...
2026-03-29 07:10:44.105 | INFO     | pypolca.utils.external_tools:run:52 - Done running samtools index -@ hybracter-hybrid-misc/processing/complete/pypolca/NCPPB_1594_nakataecorchorii/temp/temp_bwa_sorted.bam
2026-03-29 07:10:44.105 | INFO     | pypolca:run:244 - Calling variants.
2026-03-29 07:10:44.106 | INFO     | pypolca.utils.external_tools:run:50 - Started running samtools faidx hybracter-hybrid-misc/processing/complete/pypolca/NCPPB_1594_nakataecorchorii/temp/assembly.fasta ...
2026-03-29 07:10:44.197 | INFO     | pypolca.utils.external_tools:run:52 - Done running samtools faidx hybracter-hybrid-misc/processing/complete/pypolca/NCPPB_1594_nakataecorchorii/temp/assembly.fasta
2026-03-29 07:10:44.200 | INFO     | pypolca.utils.external_tools:run:50 - Started running freebayes -m 0 --min-coverage 3 -R 0 -p 1 -F 0.2 -E 0 -b hybracter-hybrid-misc/processing/complete/pypolca/NCPPB_1594_nakataecorchorii/temp/temp_bwa_sorted.bam -f hybracter-hybrid-misc/processing/complete/pypolca/NCPPB_1594_nakataecorchorii/temp/assembly.fasta -v hybracter-hybrid-misc/processing/complete/pypolca/NCPPB_1594_nakataecorchorii/NCPPB_1594_nakataecorchorii.vcf ...
2026-03-29 07:16:15.692 | INFO     | pypolca.utils.external_tools:run:52 - Done running freebayes -m 0 --min-coverage 3 -R 0 -p 1 -F 0.2 -E 0 -b hybracter-hybrid-misc/processing/complete/pypolca/NCPPB_1594_nakataecorchorii/temp/temp_bwa_sorted.bam -f hybracter-hybrid-misc/processing/complete/pypolca/NCPPB_1594_nakataecorchorii/temp/assembly.fasta -v hybracter-hybrid-misc/processing/complete/pypolca/NCPPB_1594_nakataecorchorii/NCPPB_1594_nakataecorchorii.vcf
2026-03-29 07:16:15.717 | WARNING  | pypolca.utils.fix_consensus_from_vcf:fix_consensus_from_vcf:172 - POLCA has found 0 variants.
2026-03-29 07:16:15.717 | WARNING  | pypolca.utils.fix_consensus_from_vcf:fix_consensus_from_vcf:173 - The corrected FASTA hybracter-hybrid-misc/processing/complete/pypolca/NCPPB_1594_nakataecorchorii/NCPPB_1594_nakataecorchorii_corrected.fasta will be the same as the input FASTA hybracter-hybrid-misc/processing/complete/pypolca/NCPPB_1594_nakataecorchorii/temp/assembly.fasta.
2026-03-29 07:16:15.753 | INFO     | pypolca.utils.report:create_report:27 - Stats BEFORE polishing:
2026-03-29 07:16:15.753 | INFO     | pypolca.utils.report:create_report:29 - Substitution Errors Found: 0
2026-03-29 07:16:15.753 | INFO     | pypolca.utils.report:create_report:31 - Insertion/Deletion Errors Found: 0
2026-03-29 07:16:15.754 | INFO     | pypolca.utils.report:create_report:33 - Assembly Size: 5198063
2026-03-29 07:16:15.754 | INFO     | pypolca.utils.report:create_report:35 - Consensus Quality Before Polishing: 100.0
2026-03-29 07:16:15.754 | INFO     | pypolca.utils.report:create_report:37 - Consensus QV Before Polishing: 100.0
2026-03-29 07:16:15.756 | INFO     | pypolca:run:267 - Final report is in hybracter-hybrid-misc/processing/complete/pypolca/NCPPB_1594_nakataecorchorii/NCPPB_1594_nakataecorchorii.report; polished assembly is in hybracter-hybrid-misc/processing/complete/pypolca/NCPPB_1594_nakataecorchorii/NCPPB_1594_nakataecorchorii_corrected.fasta
2026-03-29 07:16:17.026 | INFO     | pypolca.utils.util:end_pypolca:110 - pypolca has finished
2026-03-29 07:16:17.026 | INFO     | pypolca.utils.util:end_pypolca:111 - Elapsed time: 551.58 seconds
