/data/djs217/miniconda3/envs/hybracter_env/lib/python3.11/site-packages/hybracter/workflow/conda/7aafc1085ca44eee01942c03ca74ecad_/lib/python3.11/site-packages/medaka/common.py:16: UserWarning: pkg_resources is deprecated as an API. See https://setuptools.pypa.io/en/latest/pkg_resources.html. The pkg_resources package is slated for removal as early as 2025-11-30. Refrain from using this package or pin to Setuptools<81.
  from pkg_resources import resource_filename
/data/djs217/miniconda3/envs/hybracter_env/lib/python3.11/site-packages/hybracter/workflow/conda/7aafc1085ca44eee01942c03ca74ecad_/lib/python3.11/site-packages/medaka/common.py:16: UserWarning: pkg_resources is deprecated as an API. See https://setuptools.pypa.io/en/latest/pkg_resources.html. The pkg_resources package is slated for removal as early as 2025-11-30. Refrain from using this package or pin to Setuptools<81.
  from pkg_resources import resource_filename
/data/djs217/miniconda3/envs/hybracter_env/lib/python3.11/site-packages/hybracter/workflow/conda/7aafc1085ca44eee01942c03ca74ecad_/lib/python3.11/site-packages/medaka/common.py:16: UserWarning: pkg_resources is deprecated as an API. See https://setuptools.pypa.io/en/latest/pkg_resources.html. The pkg_resources package is slated for removal as early as 2025-11-30. Refrain from using this package or pin to Setuptools<81.
  from pkg_resources import resource_filename
[19:44:00 - MdlStrTGZ] Successfully removed temporary files from /tmp/tmpph73oldr.
/data/djs217/miniconda3/envs/hybracter_env/lib/python3.11/site-packages/hybracter/workflow/conda/7aafc1085ca44eee01942c03ca74ecad_/lib/python3.11/site-packages/medaka/common.py:16: UserWarning: pkg_resources is deprecated as an API. See https://setuptools.pypa.io/en/latest/pkg_resources.html. The pkg_resources package is slated for removal as early as 2025-11-30. Refrain from using this package or pin to Setuptools<81.
  from pkg_resources import resource_filename
[19:44:01 - MdlStrTGZ] Successfully removed temporary files from /tmp/tmpn3doe7lp.
Creating fai index file /data/djs217/PROJECTS/xanthomonas-genome-assemblies/xanthomonas_march_2026/hybracter-hybrid/processing/pre_polish/NCPPB_4682_chromosome_plus_plasmids.fasta.fai
Creating mmi index file /data/djs217/PROJECTS/xanthomonas-genome-assemblies/xanthomonas_march_2026/hybracter-hybrid/processing/pre_polish/NCPPB_4682_chromosome_plus_plasmids.fasta.map-ont.mmi
[M::mm_idx_gen::0.164*1.02] collected minimizers
[M::mm_idx_gen::0.223*1.51] sorted minimizers
[M::main::0.283*1.40] loaded/built the index for 3 target sequence(s)
[M::mm_idx_stat] kmer size: 15; skip: 10; is_hpc: 0; #seq: 3
[M::mm_idx_stat::0.296*1.38] distinct minimizers: 876114 (94.50% are singletons); average occurrences: 1.082; average spacing: 5.361; total length: 5079532
[M::main] Version: 2.30-r1287
[M::main] CMD: minimap2 -I 16G -x map-ont -d /data/djs217/PROJECTS/xanthomonas-genome-assemblies/xanthomonas_march_2026/hybracter-hybrid/processing/pre_polish/NCPPB_4682_chromosome_plus_plasmids.fasta.map-ont.mmi /data/djs217/PROJECTS/xanthomonas-genome-assemblies/xanthomonas_march_2026/hybracter-hybrid/processing/pre_polish/NCPPB_4682_chromosome_plus_plasmids.fasta
[M::main] Real time: 0.301 sec; CPU: 0.414 sec; Peak RSS: 0.052 GB
[M::main::0.059*1.02] loaded/built the index for 3 target sequence(s)
[M::mm_mapopt_update::0.077*1.01] mid_occ = 16
[M::mm_idx_stat] kmer size: 15; skip: 10; is_hpc: 0; #seq: 3
[M::mm_idx_stat::0.089*1.01] distinct minimizers: 876114 (94.50% are singletons); average occurrences: 1.082; average spacing: 5.361; total length: 5079532
[M::worker_pipeline::3.060*6.04] mapped 1588 sequences
[M::main] Version: 2.30-r1287
[M::main] CMD: minimap2 -x map-ont --secondary=no -L --MD -A 2 -B 4 -O 4,24 -E 2,1 -t 12 -a /data/djs217/PROJECTS/xanthomonas-genome-assemblies/xanthomonas_march_2026/hybracter-hybrid/processing/pre_polish/NCPPB_4682_chromosome_plus_plasmids.fasta.map-ont.mmi /data/djs217/PROJECTS/xanthomonas-genome-assemblies/xanthomonas_march_2026/hybracter-hybrid/processing/qc/NCPPB_4682_filt_trim.fastq.gz
[M::main] Real time: 3.078 sec; CPU: 18.508 sec; Peak RSS: 0.220 GB
[bam_sort_core] merging from 0 files and 12 in-memory blocks...
/data/djs217/miniconda3/envs/hybracter_env/lib/python3.11/site-packages/hybracter/workflow/conda/7aafc1085ca44eee01942c03ca74ecad_/lib/python3.11/site-packages/medaka/common.py:16: UserWarning: pkg_resources is deprecated as an API. See https://setuptools.pypa.io/en/latest/pkg_resources.html. The pkg_resources package is slated for removal as early as 2025-11-30. Refrain from using this package or pin to Setuptools<81.
  from pkg_resources import resource_filename
[19:44:07 - Predict] Processing region(s): contig_1:0-5029926 1:0-48114 2:0-1492
[19:44:07 - Predict] Using model: /data/djs217/miniconda3/envs/hybracter_env/lib/python3.11/site-packages/hybracter/workflow/conda/7aafc1085ca44eee01942c03ca74ecad_/lib/python3.11/site-packages/medaka/data/r1041_e82_400bps_sup_v5.0.0_model_pt.tar.gz.
[19:44:07 - Predict] Using minimum mapQ threshold of 1 for read filtering.
[19:44:07 - MdlStrTGZ] Model GRUModel(
  (gru): GRU(10, 128, num_layers=2, batch_first=True, bidirectional=True)
  (linear): Linear(in_features=256, out_features=5, bias=True)
)
[19:44:07 - MdlStrTGZ] loading weights from /tmp/tmpgmgxk8b8/model/weights.pt
[19:44:07 - MdlStrTGZ] Successfully removed temporary files from /tmp/tmpgmgxk8b8.
[19:44:07 - Predict] Model device: cpu
[19:44:07 - Predict] Running prediction at full precision
[19:44:07 - BAMFile] Creating pool of 16 BAM file sets.
[19:44:07 - Predict] Processing 7 long region(s) with batching.
[19:44:07 - Sampler] Initializing sampler for consensus of region contig_1:0-1000000.
[19:44:07 - Sampler] Initializing sampler for consensus of region contig_1:999000-1999000.
[19:44:07 - PWorker] Running inference for 5.1M draft bases.
[19:44:09 - Feature] Processed contig_1:999000.0-1998999.0 (median depth 8.0)
[19:44:09 - Sampler] Took 1.59s to make features.
[19:44:09 - Feature] Processed contig_1:0.0-999999.0 (median depth 8.0)
[19:44:09 - Sampler] Took 1.66s to make features.
[19:44:09 - Sampler] Initializing sampler for consensus of region contig_1:1998000-2998000.
[19:44:09 - Sampler] Initializing sampler for consensus of region contig_1:2997000-3997000.
[19:44:10 - Feature] Processed contig_1:1998000.0-2997999.0 (median depth 8.0)
[19:44:10 - Sampler] Took 0.85s to make features.
[19:44:10 - Sampler] Initializing sampler for consensus of region contig_1:3996000-4996000.
[19:44:10 - Feature] Processed contig_1:2997000.0-3996999.0 (median depth 8.0)
[19:44:10 - Sampler] Took 0.79s to make features.
[19:44:10 - Sampler] Initializing sampler for consensus of region contig_1:4995000-5029926.
[19:44:10 - Feature] Processed contig_1:4995000.0-5029925.0 (median depth 7.0)
[19:44:10 - Sampler] Took 0.09s to make features.
[19:44:10 - Sampler] Initializing sampler for consensus of region 1:0-48114.
[19:44:10 - Feature] Processed 1:0.0-48113.0 (median depth 16.0)
[19:44:10 - Sampler] Took 0.09s to make features.
[19:44:10 - Feature] Processed contig_1:3996000.0-4995999.0 (median depth 9.0)
[19:44:10 - Sampler] Took 0.56s to make features.
[19:44:18 - PWorker] Batches in cache: 6.
[19:44:18 - PWorker] 17.6% Done (0.9/5.1 Mbases) in 11.0s
[19:44:26 - PWorker] Batches in cache: 5.
[19:44:33 - PWorker] Batches in cache: 4.
[19:44:33 - PWorker] 52.8% Done (2.7/5.1 Mbases) in 25.5s
[19:44:40 - PWorker] Batches in cache: 3.
[19:44:49 - PWorker] Batches in cache: 2.
[19:44:49 - PWorker] 87.8% Done (4.5/5.1 Mbases) in 42.0s
[19:45:44 - PWorker] Batches in cache: 1.
[19:45:44 - PWorker] 100.0% Done (5.1/5.1 Mbases) in 96.8s
[19:45:44 - PWorker] Processed 6 batches
[19:45:44 - PWorker] All done, 0 remainder regions.
[19:45:44 - Predict] Processing 1 short region(s).
[19:45:44 - Sampler] Initializing sampler for consensus of region 2:0-1492.
[19:45:44 - PWorker] Running inference for 0.0M draft bases.
[19:45:44 - Sampler] Took 0.04s to make features.
[19:45:44 - PWorker] Processed 0 batches
[19:45:44 - PWorker] All done, 0 remainder regions.
[19:45:44 - Predict] Finished processing all regions.
/data/djs217/miniconda3/envs/hybracter_env/lib/python3.11/site-packages/hybracter/workflow/conda/7aafc1085ca44eee01942c03ca74ecad_/lib/python3.11/site-packages/medaka/common.py:16: UserWarning: pkg_resources is deprecated as an API. See https://setuptools.pypa.io/en/latest/pkg_resources.html. The pkg_resources package is slated for removal as early as 2025-11-30. Refrain from using this package or pin to Setuptools<81.
  from pkg_resources import resource_filename
[19:45:47 - DataIndx] Loaded 1/1 (100.00%) sample files.
[19:45:47 - DataIndx] Loaded 1/1 (100.00%) sample files.
[19:45:47 - DataIndx] Loaded 1/1 (100.00%) sample files.
[19:45:47 - DataIndx] Loaded 1/1 (100.00%) sample files.
[19:45:47 - DataIndx] Loaded 1/1 (100.00%) sample files.
[19:45:47 - DataIndx] Loaded 1/1 (100.00%) sample files.
[19:45:47 - DataIndx] Loaded 1/1 (100.00%) sample files.
[19:45:47 - DataIndx] Loaded 1/1 (100.00%) sample files.
[19:45:47 - Stitcher] Copying contig '2' verbatim from input.
