/data/djs217/miniconda3/envs/hybracter_env/lib/python3.11/site-packages/hybracter/workflow/conda/7aafc1085ca44eee01942c03ca74ecad_/lib/python3.11/site-packages/medaka/common.py:16: UserWarning: pkg_resources is deprecated as an API. See https://setuptools.pypa.io/en/latest/pkg_resources.html. The pkg_resources package is slated for removal as early as 2025-11-30. Refrain from using this package or pin to Setuptools<81.
  from pkg_resources import resource_filename
/data/djs217/miniconda3/envs/hybracter_env/lib/python3.11/site-packages/hybracter/workflow/conda/7aafc1085ca44eee01942c03ca74ecad_/lib/python3.11/site-packages/medaka/common.py:16: UserWarning: pkg_resources is deprecated as an API. See https://setuptools.pypa.io/en/latest/pkg_resources.html. The pkg_resources package is slated for removal as early as 2025-11-30. Refrain from using this package or pin to Setuptools<81.
  from pkg_resources import resource_filename
/data/djs217/miniconda3/envs/hybracter_env/lib/python3.11/site-packages/hybracter/workflow/conda/7aafc1085ca44eee01942c03ca74ecad_/lib/python3.11/site-packages/medaka/common.py:16: UserWarning: pkg_resources is deprecated as an API. See https://setuptools.pypa.io/en/latest/pkg_resources.html. The pkg_resources package is slated for removal as early as 2025-11-30. Refrain from using this package or pin to Setuptools<81.
  from pkg_resources import resource_filename
[23:18:59 - MdlStrTGZ] Successfully removed temporary files from /tmp/tmpjw0jnkaf.
/data/djs217/miniconda3/envs/hybracter_env/lib/python3.11/site-packages/hybracter/workflow/conda/7aafc1085ca44eee01942c03ca74ecad_/lib/python3.11/site-packages/medaka/common.py:16: UserWarning: pkg_resources is deprecated as an API. See https://setuptools.pypa.io/en/latest/pkg_resources.html. The pkg_resources package is slated for removal as early as 2025-11-30. Refrain from using this package or pin to Setuptools<81.
  from pkg_resources import resource_filename
[23:19:01 - MdlStrTGZ] Successfully removed temporary files from /tmp/tmple1ijglq.
Creating fai index file /data/djs217/PROJECTS/xanthomonas-genome-assemblies/xanthomonas_march_2026/hybracter-hybrid/processing/pre_polish/NCPPB_900_chromosome_plus_plasmids.fasta.fai
Creating mmi index file /data/djs217/PROJECTS/xanthomonas-genome-assemblies/xanthomonas_march_2026/hybracter-hybrid/processing/pre_polish/NCPPB_900_chromosome_plus_plasmids.fasta.map-ont.mmi
[M::mm_idx_gen::0.169*1.02] collected minimizers
[M::mm_idx_gen::0.224*1.49] sorted minimizers
[M::main::0.282*1.39] loaded/built the index for 3 target sequence(s)
[M::mm_idx_stat] kmer size: 15; skip: 10; is_hpc: 0; #seq: 3
[M::mm_idx_stat::0.295*1.37] distinct minimizers: 839060 (94.41% are singletons); average occurrences: 1.116; average spacing: 5.350; total length: 5010546
[M::main] Version: 2.30-r1287
[M::main] CMD: minimap2 -I 16G -x map-ont -d /data/djs217/PROJECTS/xanthomonas-genome-assemblies/xanthomonas_march_2026/hybracter-hybrid/processing/pre_polish/NCPPB_900_chromosome_plus_plasmids.fasta.map-ont.mmi /data/djs217/PROJECTS/xanthomonas-genome-assemblies/xanthomonas_march_2026/hybracter-hybrid/processing/pre_polish/NCPPB_900_chromosome_plus_plasmids.fasta
[M::main] Real time: 0.301 sec; CPU: 0.411 sec; Peak RSS: 0.050 GB
[M::main::0.076*1.04] loaded/built the index for 3 target sequence(s)
[M::mm_mapopt_update::0.093*1.03] mid_occ = 52
[M::mm_idx_stat] kmer size: 15; skip: 10; is_hpc: 0; #seq: 3
[M::mm_idx_stat::0.105*1.03] distinct minimizers: 839060 (94.41% are singletons); average occurrences: 1.116; average spacing: 5.350; total length: 5010546
[M::worker_pipeline::2.840*7.83] mapped 1397 sequences
[M::main] Version: 2.30-r1287
[M::main] CMD: minimap2 -x map-ont --secondary=no -L --MD -A 2 -B 4 -O 4,24 -E 2,1 -t 12 -a /data/djs217/PROJECTS/xanthomonas-genome-assemblies/xanthomonas_march_2026/hybracter-hybrid/processing/pre_polish/NCPPB_900_chromosome_plus_plasmids.fasta.map-ont.mmi /data/djs217/PROJECTS/xanthomonas-genome-assemblies/xanthomonas_march_2026/hybracter-hybrid/processing/qc/NCPPB_900_filt_trim.fastq.gz
[M::main] Real time: 2.870 sec; CPU: 22.265 sec; Peak RSS: 0.255 GB
[bam_sort_core] merging from 0 files and 12 in-memory blocks...
/data/djs217/miniconda3/envs/hybracter_env/lib/python3.11/site-packages/hybracter/workflow/conda/7aafc1085ca44eee01942c03ca74ecad_/lib/python3.11/site-packages/medaka/common.py:16: UserWarning: pkg_resources is deprecated as an API. See https://setuptools.pypa.io/en/latest/pkg_resources.html. The pkg_resources package is slated for removal as early as 2025-11-30. Refrain from using this package or pin to Setuptools<81.
  from pkg_resources import resource_filename
[23:19:07 - Predict] Processing region(s): contig_1:0-4869698 1:0-127146 2:0-13702
[23:19:07 - Predict] Using model: /data/djs217/miniconda3/envs/hybracter_env/lib/python3.11/site-packages/hybracter/workflow/conda/7aafc1085ca44eee01942c03ca74ecad_/lib/python3.11/site-packages/medaka/data/r1041_e82_400bps_sup_v5.0.0_model_pt.tar.gz.
[23:19:07 - Predict] Using minimum mapQ threshold of 1 for read filtering.
[23:19:07 - MdlStrTGZ] Model GRUModel(
  (gru): GRU(10, 128, num_layers=2, batch_first=True, bidirectional=True)
  (linear): Linear(in_features=256, out_features=5, bias=True)
)
[23:19:07 - MdlStrTGZ] loading weights from /tmp/tmpkrwdgxfu/model/weights.pt
[23:19:07 - MdlStrTGZ] Successfully removed temporary files from /tmp/tmpkrwdgxfu.
[23:19:07 - Predict] Model device: cpu
[23:19:07 - Predict] Running prediction at full precision
[23:19:07 - BAMFile] Creating pool of 16 BAM file sets.
[23:19:07 - Predict] Processing 7 long region(s) with batching.
[23:19:07 - Sampler] Initializing sampler for consensus of region contig_1:0-1000000.
[23:19:07 - Sampler] Initializing sampler for consensus of region contig_1:999000-1999000.
[23:19:07 - PWorker] Running inference for 5.0M draft bases.
[23:19:09 - Feature] Processed contig_1:0.0-999999.0 (median depth 8.0)
[23:19:09 - Sampler] Took 1.49s to make features.
[23:19:09 - Sampler] Initializing sampler for consensus of region contig_1:1998000-2998000.
[23:19:09 - Feature] Processed contig_1:999000.0-1998999.0 (median depth 9.0)
[23:19:09 - Sampler] Took 1.51s to make features.
[23:19:09 - Sampler] Initializing sampler for consensus of region contig_1:2997000-3997000.
[23:19:10 - Feature] Processed contig_1:1998000.0-2997999.0 (median depth 8.0)
[23:19:10 - Sampler] Took 0.96s to make features.
[23:19:10 - Sampler] Initializing sampler for consensus of region contig_1:3996000-4869698.
[23:19:10 - Feature] Processed contig_1:2997000.0-3996999.0 (median depth 10.0)
[23:19:10 - Sampler] Took 0.98s to make features.
[23:19:10 - Sampler] Initializing sampler for consensus of region 1:0-127146.
[23:19:10 - Feature] Processed 1:0.0-127145.0 (median depth 9.0)
[23:19:10 - Sampler] Took 0.29s to make features.
[23:19:10 - Sampler] Initializing sampler for consensus of region 2:0-13702.
[23:19:10 - Sampler] Took 0.03s to make features.
[23:19:10 - Feature] Processed contig_1:3996000.0-4869697.0 (median depth 9.0)
[23:19:10 - Sampler] Took 0.72s to make features.
[23:19:19 - PWorker] Batches in cache: 6.
[23:19:19 - PWorker] 17.9% Done (0.9/5.0 Mbases) in 12.0s
[23:19:26 - PWorker] Batches in cache: 5.
[23:19:34 - PWorker] Batches in cache: 4.
[23:19:34 - PWorker] 53.6% Done (2.7/5.0 Mbases) in 26.5s
[23:19:41 - PWorker] Batches in cache: 3.
[23:19:48 - PWorker] Batches in cache: 2.
[23:19:48 - PWorker] 89.3% Done (4.5/5.0 Mbases) in 41.3s
[23:19:54 - PWorker] Processed 6 batches
[23:19:54 - PWorker] All done, 0 remainder regions.
[23:19:54 - Predict] Finished processing all regions.
/data/djs217/miniconda3/envs/hybracter_env/lib/python3.11/site-packages/hybracter/workflow/conda/7aafc1085ca44eee01942c03ca74ecad_/lib/python3.11/site-packages/medaka/common.py:16: UserWarning: pkg_resources is deprecated as an API. See https://setuptools.pypa.io/en/latest/pkg_resources.html. The pkg_resources package is slated for removal as early as 2025-11-30. Refrain from using this package or pin to Setuptools<81.
  from pkg_resources import resource_filename
[23:19:56 - DataIndx] Loaded 1/1 (100.00%) sample files.
[23:19:56 - DataIndx] Loaded 1/1 (100.00%) sample files.
[23:19:56 - DataIndx] Loaded 1/1 (100.00%) sample files.
[23:19:56 - DataIndx] Loaded 1/1 (100.00%) sample files.
[23:19:56 - DataIndx] Loaded 1/1 (100.00%) sample files.
[23:19:56 - DataIndx] Loaded 1/1 (100.00%) sample files.
[23:19:56 - DataIndx] Loaded 1/1 (100.00%) sample files.
[23:19:57 - Stitcher] Copying contig '2' verbatim from input.
