/data/djs217/miniconda3/envs/hybracter_env/lib/python3.11/site-packages/hybracter/workflow/conda/7aafc1085ca44eee01942c03ca74ecad_/lib/python3.11/site-packages/medaka/common.py:16: UserWarning: pkg_resources is deprecated as an API. See https://setuptools.pypa.io/en/latest/pkg_resources.html. The pkg_resources package is slated for removal as early as 2025-11-30. Refrain from using this package or pin to Setuptools<81.
  from pkg_resources import resource_filename
/data/djs217/miniconda3/envs/hybracter_env/lib/python3.11/site-packages/hybracter/workflow/conda/7aafc1085ca44eee01942c03ca74ecad_/lib/python3.11/site-packages/medaka/common.py:16: UserWarning: pkg_resources is deprecated as an API. See https://setuptools.pypa.io/en/latest/pkg_resources.html. The pkg_resources package is slated for removal as early as 2025-11-30. Refrain from using this package or pin to Setuptools<81.
  from pkg_resources import resource_filename
/data/djs217/miniconda3/envs/hybracter_env/lib/python3.11/site-packages/hybracter/workflow/conda/7aafc1085ca44eee01942c03ca74ecad_/lib/python3.11/site-packages/medaka/common.py:16: UserWarning: pkg_resources is deprecated as an API. See https://setuptools.pypa.io/en/latest/pkg_resources.html. The pkg_resources package is slated for removal as early as 2025-11-30. Refrain from using this package or pin to Setuptools<81.
  from pkg_resources import resource_filename
[09:44:24 - MdlStrTGZ] Successfully removed temporary files from /tmp/tmpo5od17zr.
/data/djs217/miniconda3/envs/hybracter_env/lib/python3.11/site-packages/hybracter/workflow/conda/7aafc1085ca44eee01942c03ca74ecad_/lib/python3.11/site-packages/medaka/common.py:16: UserWarning: pkg_resources is deprecated as an API. See https://setuptools.pypa.io/en/latest/pkg_resources.html. The pkg_resources package is slated for removal as early as 2025-11-30. Refrain from using this package or pin to Setuptools<81.
  from pkg_resources import resource_filename
[09:44:26 - MdlStrTGZ] Successfully removed temporary files from /tmp/tmp4rmbyc8f.
Creating fai index file /data/djs217/PROJECTS/xanthomonas-genome-assemblies/xanthomonas_march_2026/hybracter-hybrid/processing/pre_polish/NCPPB_2338_chromosome_plus_plasmids.fasta.fai
Creating mmi index file /data/djs217/PROJECTS/xanthomonas-genome-assemblies/xanthomonas_march_2026/hybracter-hybrid/processing/pre_polish/NCPPB_2338_chromosome_plus_plasmids.fasta.map-ont.mmi
[M::mm_idx_gen::0.197*1.02] collected minimizers
[M::mm_idx_gen::0.280*1.53] sorted minimizers
[M::main::0.345*1.43] loaded/built the index for 1 target sequence(s)
[M::mm_idx_stat] kmer size: 15; skip: 10; is_hpc: 0; #seq: 1
[M::mm_idx_stat::0.357*1.42] distinct minimizers: 918452 (94.26% are singletons); average occurrences: 1.077; average spacing: 5.360; total length: 5299475
[M::main] Version: 2.30-r1287
[M::main] CMD: minimap2 -I 16G -x map-ont -d /data/djs217/PROJECTS/xanthomonas-genome-assemblies/xanthomonas_march_2026/hybracter-hybrid/processing/pre_polish/NCPPB_2338_chromosome_plus_plasmids.fasta.map-ont.mmi /data/djs217/PROJECTS/xanthomonas-genome-assemblies/xanthomonas_march_2026/hybracter-hybrid/processing/pre_polish/NCPPB_2338_chromosome_plus_plasmids.fasta
[M::main] Real time: 0.363 sec; CPU: 0.512 sec; Peak RSS: 0.052 GB
[M::main::0.048*1.03] loaded/built the index for 1 target sequence(s)
[M::mm_mapopt_update::0.063*1.02] mid_occ = 17
[M::mm_idx_stat] kmer size: 15; skip: 10; is_hpc: 0; #seq: 1
[M::mm_idx_stat::0.074*1.02] distinct minimizers: 918452 (94.26% are singletons); average occurrences: 1.077; average spacing: 5.360; total length: 5299475
[M::worker_pipeline::2.514*7.35] mapped 1342 sequences
[M::main] Version: 2.30-r1287
[M::main] CMD: minimap2 -x map-ont --secondary=no -L --MD -A 2 -B 4 -O 4,24 -E 2,1 -t 12 -a /data/djs217/PROJECTS/xanthomonas-genome-assemblies/xanthomonas_march_2026/hybracter-hybrid/processing/pre_polish/NCPPB_2338_chromosome_plus_plasmids.fasta.map-ont.mmi /data/djs217/PROJECTS/xanthomonas-genome-assemblies/xanthomonas_march_2026/hybracter-hybrid/processing/qc/NCPPB_2338_filt_trim.fastq.gz
[M::main] Real time: 2.528 sec; CPU: 18.481 sec; Peak RSS: 0.244 GB
[bam_sort_core] merging from 0 files and 12 in-memory blocks...
/data/djs217/miniconda3/envs/hybracter_env/lib/python3.11/site-packages/hybracter/workflow/conda/7aafc1085ca44eee01942c03ca74ecad_/lib/python3.11/site-packages/medaka/common.py:16: UserWarning: pkg_resources is deprecated as an API. See https://setuptools.pypa.io/en/latest/pkg_resources.html. The pkg_resources package is slated for removal as early as 2025-11-30. Refrain from using this package or pin to Setuptools<81.
  from pkg_resources import resource_filename
[09:44:32 - Predict] Processing region(s): contig_1:0-5299475
[09:44:32 - Predict] Using model: /data/djs217/miniconda3/envs/hybracter_env/lib/python3.11/site-packages/hybracter/workflow/conda/7aafc1085ca44eee01942c03ca74ecad_/lib/python3.11/site-packages/medaka/data/r1041_e82_400bps_sup_v5.0.0_model_pt.tar.gz.
[09:44:32 - Predict] Using minimum mapQ threshold of 1 for read filtering.
[09:44:32 - MdlStrTGZ] Model GRUModel(
  (gru): GRU(10, 128, num_layers=2, batch_first=True, bidirectional=True)
  (linear): Linear(in_features=256, out_features=5, bias=True)
)
[09:44:32 - MdlStrTGZ] loading weights from /tmp/tmpc11a_y04/model/weights.pt
[09:44:33 - MdlStrTGZ] Successfully removed temporary files from /tmp/tmpc11a_y04.
[09:44:33 - Predict] Model device: cpu
[09:44:33 - Predict] Running prediction at full precision
[09:44:33 - BAMFile] Creating pool of 16 BAM file sets.
[09:44:33 - Predict] Processing 6 long region(s) with batching.
[09:44:33 - Sampler] Initializing sampler for consensus of region contig_1:0-1000000.
[09:44:33 - Sampler] Initializing sampler for consensus of region contig_1:999000-1999000.
[09:44:33 - PWorker] Running inference for 5.3M draft bases.
[09:44:34 - Feature] Processed contig_1:0.0-999999.0 (median depth 8.0)
[09:44:34 - Sampler] Took 1.53s to make features.
[09:44:34 - Sampler] Initializing sampler for consensus of region contig_1:1998000-2998000.
[09:44:34 - Feature] Processed contig_1:999000.0-1998999.0 (median depth 9.0)
[09:44:34 - Sampler] Took 1.80s to make features.
[09:44:34 - Sampler] Initializing sampler for consensus of region contig_1:2997000-3997000.
[09:44:35 - Feature] Processed contig_1:1998000.0-2997999.0 (median depth 8.0)
[09:44:35 - Sampler] Took 0.84s to make features.
[09:44:35 - Sampler] Initializing sampler for consensus of region contig_1:3996000-4996000.
[09:44:35 - Feature] Processed contig_1:2997000.0-3996999.0 (median depth 9.0)
[09:44:35 - Sampler] Took 0.81s to make features.
[09:44:35 - Sampler] Initializing sampler for consensus of region contig_1:4995000-5299475.
[09:44:35 - Feature] Pileup counts do not span requested region, requested contig_1:4995000-5299475, received 4995000-5297900.
[09:44:36 - Feature] Processed contig_1:3996000.0-4995999.0 (median depth 8.0)
[09:44:36 - Sampler] Took 0.68s to make features.
[09:44:36 - Feature] Processed contig_1:4995000.0-5297900.0 (median depth 7.0)
[09:44:36 - Sampler] Took 0.46s to make features.
[09:44:45 - PWorker] Batches in cache: 6.
[09:44:45 - PWorker] 16.9% Done (0.9/5.3 Mbases) in 12.9s
[09:44:52 - PWorker] Batches in cache: 5.
[09:44:59 - PWorker] Batches in cache: 4.
[09:44:59 - PWorker] 50.6% Done (2.7/5.3 Mbases) in 26.4s
[09:45:06 - PWorker] Batches in cache: 3.
[09:45:13 - PWorker] Batches in cache: 2.
[09:45:13 - PWorker] 84.3% Done (4.5/5.3 Mbases) in 40.0s
[09:45:19 - PWorker] Batches in cache: 1.
[09:45:19 - PWorker] Processed 6 batches
[09:45:19 - PWorker] All done, 0 remainder regions.
[09:45:19 - Predict] Finished processing all regions.
/data/djs217/miniconda3/envs/hybracter_env/lib/python3.11/site-packages/hybracter/workflow/conda/7aafc1085ca44eee01942c03ca74ecad_/lib/python3.11/site-packages/medaka/common.py:16: UserWarning: pkg_resources is deprecated as an API. See https://setuptools.pypa.io/en/latest/pkg_resources.html. The pkg_resources package is slated for removal as early as 2025-11-30. Refrain from using this package or pin to Setuptools<81.
  from pkg_resources import resource_filename
[09:45:22 - DataIndx] Loaded 1/1 (100.00%) sample files.
[09:45:22 - DataIndx] Loaded 1/1 (100.00%) sample files.
[09:45:22 - DataIndx] Loaded 1/1 (100.00%) sample files.
[09:45:22 - DataIndx] Loaded 1/1 (100.00%) sample files.
[09:45:22 - DataIndx] Loaded 1/1 (100.00%) sample files.
[09:45:22 - DataIndx] Loaded 1/1 (100.00%) sample files.
[09:45:22 - DataIndx] Loaded 1/1 (100.00%) sample files.
