/data/djs217/miniconda3/envs/hybracter_env/lib/python3.11/site-packages/hybracter/workflow/conda/7aafc1085ca44eee01942c03ca74ecad_/lib/python3.11/site-packages/medaka/common.py:16: UserWarning: pkg_resources is deprecated as an API. See https://setuptools.pypa.io/en/latest/pkg_resources.html. The pkg_resources package is slated for removal as early as 2025-11-30. Refrain from using this package or pin to Setuptools<81.
  from pkg_resources import resource_filename
/data/djs217/miniconda3/envs/hybracter_env/lib/python3.11/site-packages/hybracter/workflow/conda/7aafc1085ca44eee01942c03ca74ecad_/lib/python3.11/site-packages/medaka/common.py:16: UserWarning: pkg_resources is deprecated as an API. See https://setuptools.pypa.io/en/latest/pkg_resources.html. The pkg_resources package is slated for removal as early as 2025-11-30. Refrain from using this package or pin to Setuptools<81.
  from pkg_resources import resource_filename
/data/djs217/miniconda3/envs/hybracter_env/lib/python3.11/site-packages/hybracter/workflow/conda/7aafc1085ca44eee01942c03ca74ecad_/lib/python3.11/site-packages/medaka/common.py:16: UserWarning: pkg_resources is deprecated as an API. See https://setuptools.pypa.io/en/latest/pkg_resources.html. The pkg_resources package is slated for removal as early as 2025-11-30. Refrain from using this package or pin to Setuptools<81.
  from pkg_resources import resource_filename
[16:15:39 - MdlStrTGZ] Successfully removed temporary files from /tmp/tmpphcit60h.
/data/djs217/miniconda3/envs/hybracter_env/lib/python3.11/site-packages/hybracter/workflow/conda/7aafc1085ca44eee01942c03ca74ecad_/lib/python3.11/site-packages/medaka/common.py:16: UserWarning: pkg_resources is deprecated as an API. See https://setuptools.pypa.io/en/latest/pkg_resources.html. The pkg_resources package is slated for removal as early as 2025-11-30. Refrain from using this package or pin to Setuptools<81.
  from pkg_resources import resource_filename
[16:15:41 - MdlStrTGZ] Successfully removed temporary files from /tmp/tmpm835895f.
Creating fai index file /data/djs217/PROJECTS/assembling-bacterial-genomes/PRJNA988133-Xcc/hybracter-hybrid/processing/pre_polish/WHRI_8497_chromosome_plus_plasmids.fasta.fai
Creating mmi index file /data/djs217/PROJECTS/assembling-bacterial-genomes/PRJNA988133-Xcc/hybracter-hybrid/processing/pre_polish/WHRI_8497_chromosome_plus_plasmids.fasta.map-ont.mmi
[M::mm_idx_gen::0.190*1.02] collected minimizers
[M::mm_idx_gen::0.268*1.49] sorted minimizers
[M::main::0.327*1.40] loaded/built the index for 1 target sequence(s)
[M::mm_idx_stat] kmer size: 15; skip: 10; is_hpc: 0; #seq: 1
[M::mm_idx_stat::0.340*1.39] distinct minimizers: 899800 (94.23% are singletons); average occurrences: 1.082; average spacing: 5.363; total length: 5219659
[M::main] Version: 2.30-r1287
[M::main] CMD: minimap2 -I 16G -x map-ont -d /data/djs217/PROJECTS/assembling-bacterial-genomes/PRJNA988133-Xcc/hybracter-hybrid/processing/pre_polish/WHRI_8497_chromosome_plus_plasmids.fasta.map-ont.mmi /data/djs217/PROJECTS/assembling-bacterial-genomes/PRJNA988133-Xcc/hybracter-hybrid/processing/pre_polish/WHRI_8497_chromosome_plus_plasmids.fasta
[M::main] Real time: 0.347 sec; CPU: 0.479 sec; Peak RSS: 0.054 GB
[M::main::0.082*1.04] loaded/built the index for 1 target sequence(s)
[M::mm_mapopt_update::0.105*1.03] mid_occ = 11
[M::mm_idx_stat] kmer size: 15; skip: 10; is_hpc: 0; #seq: 1
[M::mm_idx_stat::0.122*1.03] distinct minimizers: 899800 (94.23% are singletons); average occurrences: 1.082; average spacing: 5.363; total length: 5219659
[M::worker_pipeline::10.964*6.50] mapped 23238 sequences
[M::main] Version: 2.30-r1287
[M::main] CMD: minimap2 -x map-ont --secondary=no -L --MD -A 2 -B 4 -O 4,24 -E 2,1 -t 12 -a /data/djs217/PROJECTS/assembling-bacterial-genomes/PRJNA988133-Xcc/hybracter-hybrid/processing/pre_polish/WHRI_8497_chromosome_plus_plasmids.fasta.map-ont.mmi /data/djs217/PROJECTS/assembling-bacterial-genomes/PRJNA988133-Xcc/hybracter-hybrid/processing/qc/WHRI_8497_filt_trim.fastq.gz
[M::main] Real time: 10.981 sec; CPU: 71.278 sec; Peak RSS: 2.187 GB
[bam_sort_core] merging from 0 files and 12 in-memory blocks...
/data/djs217/miniconda3/envs/hybracter_env/lib/python3.11/site-packages/hybracter/workflow/conda/7aafc1085ca44eee01942c03ca74ecad_/lib/python3.11/site-packages/medaka/common.py:16: UserWarning: pkg_resources is deprecated as an API. See https://setuptools.pypa.io/en/latest/pkg_resources.html. The pkg_resources package is slated for removal as early as 2025-11-30. Refrain from using this package or pin to Setuptools<81.
  from pkg_resources import resource_filename
[16:15:58 - Predict] Processing region(s): contig_1:0-5219659
[16:15:58 - Predict] Using model: /data/djs217/miniconda3/envs/hybracter_env/lib/python3.11/site-packages/hybracter/workflow/conda/7aafc1085ca44eee01942c03ca74ecad_/lib/python3.11/site-packages/medaka/data/r1041_e82_400bps_sup_v5.0.0_model_pt.tar.gz.
[16:15:58 - Predict] Using minimum mapQ threshold of 1 for read filtering.
[16:15:58 - MdlStrTGZ] Model GRUModel(
  (gru): GRU(10, 128, num_layers=2, batch_first=True, bidirectional=True)
  (linear): Linear(in_features=256, out_features=5, bias=True)
)
[16:15:58 - MdlStrTGZ] loading weights from /tmp/tmpd6fhlb0h/model/weights.pt
[16:15:58 - MdlStrTGZ] Successfully removed temporary files from /tmp/tmpd6fhlb0h.
[16:15:58 - Predict] Model device: cpu
[16:15:58 - Predict] Running prediction at full precision
[16:15:58 - BAMFile] Creating pool of 16 BAM file sets.
[16:15:58 - Predict] Processing 6 long region(s) with batching.
[16:15:58 - Sampler] Initializing sampler for consensus of region contig_1:0-1000000.
[16:15:58 - Sampler] Initializing sampler for consensus of region contig_1:999000-1999000.
[16:15:58 - PWorker] Running inference for 5.2M draft bases.
[16:16:02 - Feature] Processed contig_1:999000.0-1998999.0 (median depth 43.0)
[16:16:02 - Sampler] Took 3.21s to make features.
[16:16:02 - Feature] Processed contig_1:0.0-999999.0 (median depth 43.0)
[16:16:02 - Sampler] Took 3.21s to make features.
[16:16:02 - Sampler] Initializing sampler for consensus of region contig_1:1998000-2998000.
[16:16:02 - Sampler] Initializing sampler for consensus of region contig_1:2997000-3997000.
[16:16:03 - Feature] Processed contig_1:1998000.0-2997999.1 (median depth 38.0)
[16:16:03 - Sampler] Took 1.07s to make features.
[16:16:03 - Sampler] Initializing sampler for consensus of region contig_1:3996000-4996000.
[16:16:03 - Feature] Processed contig_1:2997000.0-3996999.0 (median depth 34.0)
[16:16:03 - Sampler] Took 1.12s to make features.
[16:16:03 - Sampler] Initializing sampler for consensus of region contig_1:4995000-5219659.
[16:16:03 - Feature] Processed contig_1:4995000.0-5219658.0 (median depth 41.0)
[16:16:03 - Sampler] Took 0.67s to make features.
[16:16:04 - Feature] Processed contig_1:3996000.0-4995999.0 (median depth 42.0)
[16:16:04 - Sampler] Took 1.34s to make features.
[16:16:12 - PWorker] Batches in cache: 8.
[16:16:12 - PWorker] 11.2% Done (0.6/5.2 Mbases) in 13.3s
[16:16:19 - PWorker] Batches in cache: 8.
[16:16:27 - PWorker] Batches in cache: 7.
[16:16:27 - PWorker] 33.4% Done (1.7/5.2 Mbases) in 28.2s
[16:16:34 - PWorker] Batches in cache: 6.
[16:16:41 - PWorker] Batches in cache: 5.
[16:16:41 - PWorker] 56.3% Done (2.9/5.2 Mbases) in 42.7s
[16:16:48 - PWorker] Batches in cache: 4.
[16:16:56 - PWorker] Batches in cache: 3.
[16:16:56 - PWorker] 79.8% Done (4.2/5.2 Mbases) in 57.2s
[16:17:03 - PWorker] Batches in cache: 2.
[16:17:09 - PWorker] Batches in cache: 1.
[16:17:09 - PWorker] 100.0% Done (5.2/5.2 Mbases) in 70.7s
[16:17:09 - PWorker] Processed 9 batches
[16:17:09 - PWorker] All done, 0 remainder regions.
[16:17:09 - Predict] Finished processing all regions.
/data/djs217/miniconda3/envs/hybracter_env/lib/python3.11/site-packages/hybracter/workflow/conda/7aafc1085ca44eee01942c03ca74ecad_/lib/python3.11/site-packages/medaka/common.py:16: UserWarning: pkg_resources is deprecated as an API. See https://setuptools.pypa.io/en/latest/pkg_resources.html. The pkg_resources package is slated for removal as early as 2025-11-30. Refrain from using this package or pin to Setuptools<81.
  from pkg_resources import resource_filename
[16:17:12 - DataIndx] Loaded 1/1 (100.00%) sample files.
[16:17:12 - DataIndx] Loaded 1/1 (100.00%) sample files.
[16:17:12 - DataIndx] Loaded 1/1 (100.00%) sample files.
[16:17:12 - DataIndx] Loaded 1/1 (100.00%) sample files.
[16:17:12 - DataIndx] Loaded 1/1 (100.00%) sample files.
[16:17:12 - DataIndx] Loaded 1/1 (100.00%) sample files.
[16:17:12 - DataIndx] Loaded 1/1 (100.00%) sample files.
