
[1;4;93mStarting Polypolish polish[0m [2m(2026-03-28 22:19:51)[0m
[2m    Polypolish is a tool for polishing genome assemblies with short reads.
Unlike other tools in this category, Polypolish uses SAM files where each read
has been aligned to all possible locations (not just a single best location).
This allows it to repair errors in repeat regions that other alignment-based
polishers cannot fix.[0m

Polypolish version: 0.6.1

Input assembly:
  hybracter-hybrid-Xcc/processing/complete/medaka_rd_2/NCPPB_4678_xcc/consensus.fasta

Input short-read alignments:
  hybracter-hybrid-Xcc/processing/complete/bwa/NCPPB_4678_xcc_1.sam
  hybracter-hybrid-Xcc/processing/complete/bwa/NCPPB_4678_xcc_2.sam

Settings:
  --fraction_invalid 0.2
  --fraction_valid 0.5
  --max_errors 10
  --min_depth 5
  not logging debugging information


[1;4;93mLoading assembly[0m [2m(2026-03-28 22:19:51)[0m
contig_2 (5,129,344 bp)
1 (48,374 bp)


[1;4;93mLoading alignments[0m [2m(2026-03-28 22:19:52)[0m
hybracter-hybrid-Xcc/processing/complete/bwa/NCPPB_4678_xcc_1.sam: 9,775,240 alignments from 8,517,882 reads
hybracter-hybrid-Xcc/processing/complete/bwa/NCPPB_4678_xcc_2.sam: 9,784,280 alignments from 8,518,817 reads

Filtering for high-quality end-to-end alignments:
  18,791,622 alignments kept
  767,898 alignments discarded


[1;4;93mPolishing assembly sequences[0m [2m(2026-03-28 22:20:58)[0m
[2m    For each position in the assembly, Polypolish determines the read depth
at that position and collects all aligned bases. It then polishes the assembly
by looking for positions where the pileup unambiguously supports a different
sequence than the assembly.[0m

Polishing contig_2 (5,129,344 bp):
  mean read depth: 423.4x
  2 bp have a depth of zero (100.0000% coverage)
  2 positions changed (0.0000% of total positions)
  estimated pre-polishing sequence accuracy: 100.0000% (Q64.09)

Polishing 1 (48,374 bp):
  mean read depth: 1136.9x
  2 bp have a depth of zero (99.9959% coverage)
  0 positions changed (0.0000% of total positions)
  estimated pre-polishing sequence accuracy: 100.0000% (Q∞)


[1;4;93mFinished![0m [2m(2026-03-28 22:20:59)[0m
Polished sequence (to stdout):
  contig_2_polypolish (5,129,342 bp)
  1_polypolish (48,374 bp)

Time to run: 0:01:07.262416

