[2026-03-23 11:19:47] INFO: Starting Flye 2.9.6-b1802
[2026-03-23 11:19:47] INFO: >>>STAGE: configure
[2026-03-23 11:19:47] INFO: Configuring run
[2026-03-23 11:19:53] INFO: Total read length: 397989392
[2026-03-23 11:19:53] INFO: Reads N50/N90: 24192 / 17337
[2026-03-23 11:19:53] INFO: Minimum overlap set to 10000
[2026-03-23 11:19:53] INFO: >>>STAGE: assembly
[2026-03-23 11:19:53] INFO: Assembling disjointigs
[2026-03-23 11:19:53] INFO: Reading sequences
[2026-03-23 11:19:58] INFO: Building minimizer index
[2026-03-23 11:19:58] INFO: Pre-calculating index storage
0% 10% 20% 30% 40% 50% 60% 70% 80% 90% 100% 
[2026-03-23 11:20:06] INFO: Filling index
0% 10% 20% 30% 40% 50% 60% 70% 80% 90% 100% 
[2026-03-23 11:20:34] INFO: Extending reads
[2026-03-23 11:22:22] INFO: Overlap-based coverage: 61
[2026-03-23 11:22:22] INFO: Median overlap divergence: 0.0047146
0% 90% 100% 
[2026-03-23 11:23:55] INFO: Assembled 3 disjointigs
[2026-03-23 11:23:55] INFO: Generating sequence
0% 10% 20% 30% 40% 50% 60% 70% 80% 90% 100% 
[2026-03-23 11:23:56] INFO: Filtering contained disjointigs
0% 30% 60% 100% 
[2026-03-23 11:23:58] INFO: Contained seqs: 0
[2026-03-23 11:23:58] INFO: >>>STAGE: consensus
[2026-03-23 11:23:58] INFO: Running Minimap2
[2026-03-23 11:24:42] INFO: Computing consensus
[2026-03-23 11:25:37] INFO: Alignment error rate: 0.007689
[2026-03-23 11:25:37] INFO: >>>STAGE: repeat
[2026-03-23 11:25:37] INFO: Building and resolving repeat graph
[2026-03-23 11:25:37] INFO: Parsing disjointigs
[2026-03-23 11:25:37] INFO: Building repeat graph
0% 30% 60% 100% 
[2026-03-23 11:25:41] INFO: Median overlap divergence: 0.000807972
[2026-03-23 11:25:41] INFO: Parsing reads
[2026-03-23 11:25:45] INFO: Aligning reads to the graph
0% 10% 20% 30% 40% 50% 60% 70% 80% 90% 100% 
[2026-03-23 11:26:02] INFO: Aligned read sequence: 394271270 / 397989392 (0.990658)
[2026-03-23 11:26:02] INFO: Median overlap divergence: 0.00216913
[2026-03-23 11:26:02] INFO: Mean edge coverage: 64
[2026-03-23 11:26:02] INFO: Simplifying the graph
[2026-03-23 11:26:03] INFO: >>>STAGE: contigger
[2026-03-23 11:26:03] INFO: Generating contigs
[2026-03-23 11:26:03] INFO: Reading sequences
[2026-03-23 11:26:07] INFO: Generated 3 contigs
[2026-03-23 11:26:07] INFO: Added 0 scaffold connections
[2026-03-23 11:26:07] INFO: >>>STAGE: polishing
[2026-03-23 11:26:07] INFO: Polishing genome (1/1)
[2026-03-23 11:26:07] INFO: Running minimap2
[2026-03-23 11:26:45] INFO: Separating alignment into bubbles
[2026-03-23 11:27:43] INFO: Alignment error rate: 0.003764
[2026-03-23 11:27:43] INFO: Correcting bubbles
0% 10% 20% 30% 40% 50% 60% 70% 80% 90% 100% 
[2026-03-23 11:28:47] INFO: >>>STAGE: finalize
[2026-03-23 11:28:47] INFO: Assembly statistics:

	Total length:	6036534
	Fragments:	3
	Fragments N50:	5900846
	Largest frg:	5900846
	Scaffolds:	0
	Mean coverage:	64

[2026-03-23 11:28:47] INFO: Final assembly: /data/djs217/PROJECTS/xanthomonas-genome-assemblies/pseudomonas/hybracter-hybrid/processing/assemblies/NCPPB_3693/assembly.fasta
