/data/djs217/miniconda3/envs/hybracter_env/lib/python3.11/site-packages/hybracter/workflow/conda/7aafc1085ca44eee01942c03ca74ecad_/lib/python3.11/site-packages/medaka/common.py:16: UserWarning: pkg_resources is deprecated as an API. See https://setuptools.pypa.io/en/latest/pkg_resources.html. The pkg_resources package is slated for removal as early as 2025-11-30. Refrain from using this package or pin to Setuptools<81.
  from pkg_resources import resource_filename
/data/djs217/miniconda3/envs/hybracter_env/lib/python3.11/site-packages/hybracter/workflow/conda/7aafc1085ca44eee01942c03ca74ecad_/lib/python3.11/site-packages/medaka/common.py:16: UserWarning: pkg_resources is deprecated as an API. See https://setuptools.pypa.io/en/latest/pkg_resources.html. The pkg_resources package is slated for removal as early as 2025-11-30. Refrain from using this package or pin to Setuptools<81.
  from pkg_resources import resource_filename
/data/djs217/miniconda3/envs/hybracter_env/lib/python3.11/site-packages/hybracter/workflow/conda/7aafc1085ca44eee01942c03ca74ecad_/lib/python3.11/site-packages/medaka/common.py:16: UserWarning: pkg_resources is deprecated as an API. See https://setuptools.pypa.io/en/latest/pkg_resources.html. The pkg_resources package is slated for removal as early as 2025-11-30. Refrain from using this package or pin to Setuptools<81.
  from pkg_resources import resource_filename
[20:55:24 - MdlStrTGZ] Successfully removed temporary files from /tmp/tmp1iy2dprj.
/data/djs217/miniconda3/envs/hybracter_env/lib/python3.11/site-packages/hybracter/workflow/conda/7aafc1085ca44eee01942c03ca74ecad_/lib/python3.11/site-packages/medaka/common.py:16: UserWarning: pkg_resources is deprecated as an API. See https://setuptools.pypa.io/en/latest/pkg_resources.html. The pkg_resources package is slated for removal as early as 2025-11-30. Refrain from using this package or pin to Setuptools<81.
  from pkg_resources import resource_filename
[20:55:26 - MdlStrTGZ] Successfully removed temporary files from /tmp/tmp220gisx5.
Creating fai index file /data/djs217/PROJECTS/xanthomonas-genome-assemblies/xanthomonas_march_2026/hybracter-hybrid/processing/complete/dnaapler/NCPPB_1131/NCPPB_1131_reoriented_chrom_and_plasmids.fasta.fai
Creating mmi index file /data/djs217/PROJECTS/xanthomonas-genome-assemblies/xanthomonas_march_2026/hybracter-hybrid/processing/complete/dnaapler/NCPPB_1131/NCPPB_1131_reoriented_chrom_and_plasmids.fasta.map-ont.mmi
[M::mm_idx_gen::0.176*1.01] collected minimizers
[M::mm_idx_gen::0.233*1.47] sorted minimizers
[M::main::0.285*1.38] loaded/built the index for 1 target sequence(s)
[M::mm_idx_stat] kmer size: 15; skip: 10; is_hpc: 0; #seq: 1
[M::mm_idx_stat::0.295*1.37] distinct minimizers: 799179 (90.83% are singletons); average occurrences: 1.137; average spacing: 5.358; total length: 4869465
[M::main] Version: 2.30-r1287
[M::main] CMD: minimap2 -I 16G -x map-ont -d /data/djs217/PROJECTS/xanthomonas-genome-assemblies/xanthomonas_march_2026/hybracter-hybrid/processing/complete/dnaapler/NCPPB_1131/NCPPB_1131_reoriented_chrom_and_plasmids.fasta.map-ont.mmi /data/djs217/PROJECTS/xanthomonas-genome-assemblies/xanthomonas_march_2026/hybracter-hybrid/processing/complete/dnaapler/NCPPB_1131/NCPPB_1131_reoriented_chrom_and_plasmids.fasta
[M::main] Real time: 0.301 sec; CPU: 0.409 sec; Peak RSS: 0.049 GB
[M::main::0.041*1.02] loaded/built the index for 1 target sequence(s)
[M::mm_mapopt_update::0.054*1.02] mid_occ = 13
[M::mm_idx_stat] kmer size: 15; skip: 10; is_hpc: 0; #seq: 1
[M::mm_idx_stat::0.063*1.01] distinct minimizers: 799179 (90.83% are singletons); average occurrences: 1.137; average spacing: 5.358; total length: 4869465
[M::worker_pipeline::3.418*5.57] mapped 1225 sequences
[M::main] Version: 2.30-r1287
[M::main] CMD: minimap2 -x map-ont --secondary=no -L --MD -A 2 -B 4 -O 4,24 -E 2,1 -t 12 -a /data/djs217/PROJECTS/xanthomonas-genome-assemblies/xanthomonas_march_2026/hybracter-hybrid/processing/complete/dnaapler/NCPPB_1131/NCPPB_1131_reoriented_chrom_and_plasmids.fasta.map-ont.mmi /data/djs217/PROJECTS/xanthomonas-genome-assemblies/xanthomonas_march_2026/hybracter-hybrid/processing/qc/NCPPB_1131_filt_trim.fastq.gz
[M::main] Real time: 3.435 sec; CPU: 19.065 sec; Peak RSS: 0.589 GB
[bam_sort_core] merging from 0 files and 12 in-memory blocks...
/data/djs217/miniconda3/envs/hybracter_env/lib/python3.11/site-packages/hybracter/workflow/conda/7aafc1085ca44eee01942c03ca74ecad_/lib/python3.11/site-packages/medaka/common.py:16: UserWarning: pkg_resources is deprecated as an API. See https://setuptools.pypa.io/en/latest/pkg_resources.html. The pkg_resources package is slated for removal as early as 2025-11-30. Refrain from using this package or pin to Setuptools<81.
  from pkg_resources import resource_filename
[20:55:34 - Predict] Processing region(s): contig_1:0-4869465
[20:55:34 - Predict] Using model: /data/djs217/miniconda3/envs/hybracter_env/lib/python3.11/site-packages/hybracter/workflow/conda/7aafc1085ca44eee01942c03ca74ecad_/lib/python3.11/site-packages/medaka/data/r1041_e82_400bps_sup_v5.0.0_model_pt.tar.gz.
[20:55:34 - Predict] Using minimum mapQ threshold of 1 for read filtering.
[20:55:34 - MdlStrTGZ] Model GRUModel(
  (gru): GRU(10, 128, num_layers=2, batch_first=True, bidirectional=True)
  (linear): Linear(in_features=256, out_features=5, bias=True)
)
[20:55:34 - MdlStrTGZ] loading weights from /tmp/tmp87w4oxdu/model/weights.pt
[20:55:34 - MdlStrTGZ] Successfully removed temporary files from /tmp/tmp87w4oxdu.
[20:55:34 - Predict] Model device: cpu
[20:55:34 - Predict] Running prediction at full precision
[20:55:34 - BAMFile] Creating pool of 16 BAM file sets.
[20:55:34 - Predict] Processing 5 long region(s) with batching.
[20:55:34 - Sampler] Initializing sampler for consensus of region contig_1:0-1000000.
[20:55:34 - Sampler] Initializing sampler for consensus of region contig_1:999000-1999000.
[20:55:34 - PWorker] Running inference for 4.9M draft bases.
[20:55:35 - Feature] Processed contig_1:0.0-999999.0 (median depth 9.0)
[20:55:35 - Sampler] Took 1.25s to make features.
[20:55:35 - Sampler] Initializing sampler for consensus of region contig_1:1998000-2998000.
[20:55:36 - Feature] Processed contig_1:999000.0-1998999.0 (median depth 8.0)
[20:55:36 - Sampler] Took 1.47s to make features.
[20:55:36 - Sampler] Initializing sampler for consensus of region contig_1:2997000-3997000.
[20:55:36 - Feature] Processed contig_1:1998000.0-2997999.0 (median depth 9.0)
[20:55:36 - Sampler] Took 0.93s to make features.
[20:55:36 - Sampler] Initializing sampler for consensus of region contig_1:3996000-4869465.
[20:55:36 - Feature] Processed contig_1:2997000.0-3996999.0 (median depth 10.0)
[20:55:36 - Sampler] Took 0.81s to make features.
[20:55:37 - Feature] Processed contig_1:3996000.0-4869464.0 (median depth 8.0)
[20:55:37 - Sampler] Took 0.62s to make features.
[20:55:55 - PWorker] Batches in cache: 6.
[20:55:55 - PWorker] 18.2% Done (0.9/4.9 Mbases) in 20.6s
[20:56:08 - PWorker] Batches in cache: 5.
[20:56:08 - PWorker] 36.3% Done (1.8/4.9 Mbases) in 34.4s
[20:56:17 - PWorker] Batches in cache: 4.
[20:56:25 - PWorker] Batches in cache: 3.
[20:56:25 - PWorker] 72.4% Done (3.5/4.9 Mbases) in 50.8s
[20:56:33 - PWorker] Batches in cache: 2.
[20:56:38 - PWorker] 100.0% Done (4.9/4.9 Mbases) in 63.9s
[20:56:38 - PWorker] Processed 6 batches
[20:56:38 - PWorker] All done, 0 remainder regions.
[20:56:38 - Predict] Finished processing all regions.
/data/djs217/miniconda3/envs/hybracter_env/lib/python3.11/site-packages/hybracter/workflow/conda/7aafc1085ca44eee01942c03ca74ecad_/lib/python3.11/site-packages/medaka/common.py:16: UserWarning: pkg_resources is deprecated as an API. See https://setuptools.pypa.io/en/latest/pkg_resources.html. The pkg_resources package is slated for removal as early as 2025-11-30. Refrain from using this package or pin to Setuptools<81.
  from pkg_resources import resource_filename
[20:56:40 - DataIndx] Loaded 1/1 (100.00%) sample files.
[20:56:41 - DataIndx] Loaded 1/1 (100.00%) sample files.
[20:56:41 - DataIndx] Loaded 1/1 (100.00%) sample files.
[20:56:41 - DataIndx] Loaded 1/1 (100.00%) sample files.
[20:56:41 - DataIndx] Loaded 1/1 (100.00%) sample files.
[20:56:41 - DataIndx] Loaded 1/1 (100.00%) sample files.
