/data/djs217/miniconda3/envs/hybracter_env/lib/python3.11/site-packages/hybracter/workflow/conda/7aafc1085ca44eee01942c03ca74ecad_/lib/python3.11/site-packages/medaka/common.py:16: UserWarning: pkg_resources is deprecated as an API. See https://setuptools.pypa.io/en/latest/pkg_resources.html. The pkg_resources package is slated for removal as early as 2025-11-30. Refrain from using this package or pin to Setuptools<81.
  from pkg_resources import resource_filename
/data/djs217/miniconda3/envs/hybracter_env/lib/python3.11/site-packages/hybracter/workflow/conda/7aafc1085ca44eee01942c03ca74ecad_/lib/python3.11/site-packages/medaka/common.py:16: UserWarning: pkg_resources is deprecated as an API. See https://setuptools.pypa.io/en/latest/pkg_resources.html. The pkg_resources package is slated for removal as early as 2025-11-30. Refrain from using this package or pin to Setuptools<81.
  from pkg_resources import resource_filename
/data/djs217/miniconda3/envs/hybracter_env/lib/python3.11/site-packages/hybracter/workflow/conda/7aafc1085ca44eee01942c03ca74ecad_/lib/python3.11/site-packages/medaka/common.py:16: UserWarning: pkg_resources is deprecated as an API. See https://setuptools.pypa.io/en/latest/pkg_resources.html. The pkg_resources package is slated for removal as early as 2025-11-30. Refrain from using this package or pin to Setuptools<81.
  from pkg_resources import resource_filename
[18:08:11 - MdlStrTGZ] Successfully removed temporary files from /tmp/tmpfqgxmjkz.
/data/djs217/miniconda3/envs/hybracter_env/lib/python3.11/site-packages/hybracter/workflow/conda/7aafc1085ca44eee01942c03ca74ecad_/lib/python3.11/site-packages/medaka/common.py:16: UserWarning: pkg_resources is deprecated as an API. See https://setuptools.pypa.io/en/latest/pkg_resources.html. The pkg_resources package is slated for removal as early as 2025-11-30. Refrain from using this package or pin to Setuptools<81.
  from pkg_resources import resource_filename
[18:08:13 - MdlStrTGZ] Successfully removed temporary files from /tmp/tmprjshseie.
Creating fai index file /data/djs217/PROJECTS/xanthomonas-genome-assemblies/xanthomonas_march_2026/hybracter-hybrid/processing/complete/dnaapler/NCPPB_4633_dyei/NCPPB_4633_dyei_reoriented_chrom_and_plasmids.fasta.fai
Creating mmi index file /data/djs217/PROJECTS/xanthomonas-genome-assemblies/xanthomonas_march_2026/hybracter-hybrid/processing/complete/dnaapler/NCPPB_4633_dyei/NCPPB_4633_dyei_reoriented_chrom_and_plasmids.fasta.map-ont.mmi
[M::mm_idx_gen::0.174*1.02] collected minimizers
[M::mm_idx_gen::0.230*1.50] sorted minimizers
[M::main::0.306*1.37] loaded/built the index for 2 target sequence(s)
[M::mm_idx_stat] kmer size: 15; skip: 10; is_hpc: 0; #seq: 2
[M::mm_idx_stat::0.320*1.36] distinct minimizers: 907974 (94.77% are singletons); average occurrences: 1.073; average spacing: 5.356; total length: 5215736
[M::main] Version: 2.30-r1287
[M::main] CMD: minimap2 -I 16G -x map-ont -d /data/djs217/PROJECTS/xanthomonas-genome-assemblies/xanthomonas_march_2026/hybracter-hybrid/processing/complete/dnaapler/NCPPB_4633_dyei/NCPPB_4633_dyei_reoriented_chrom_and_plasmids.fasta.map-ont.mmi /data/djs217/PROJECTS/xanthomonas-genome-assemblies/xanthomonas_march_2026/hybracter-hybrid/processing/complete/dnaapler/NCPPB_4633_dyei/NCPPB_4633_dyei_reoriented_chrom_and_plasmids.fasta
[M::main] Real time: 0.325 sec; CPU: 0.439 sec; Peak RSS: 0.052 GB
[M::main::0.081*1.03] loaded/built the index for 2 target sequence(s)
[M::mm_mapopt_update::0.100*1.03] mid_occ = 13
[M::mm_idx_stat] kmer size: 15; skip: 10; is_hpc: 0; #seq: 2
[M::mm_idx_stat::0.113*1.02] distinct minimizers: 907974 (94.77% are singletons); average occurrences: 1.073; average spacing: 5.356; total length: 5215736
[M::worker_pipeline::2.363*7.88] mapped 1429 sequences
[M::main] Version: 2.30-r1287
[M::main] CMD: minimap2 -x map-ont --secondary=no -L --MD -A 2 -B 4 -O 4,24 -E 2,1 -t 12 -a /data/djs217/PROJECTS/xanthomonas-genome-assemblies/xanthomonas_march_2026/hybracter-hybrid/processing/complete/dnaapler/NCPPB_4633_dyei/NCPPB_4633_dyei_reoriented_chrom_and_plasmids.fasta.map-ont.mmi /data/djs217/PROJECTS/xanthomonas-genome-assemblies/xanthomonas_march_2026/hybracter-hybrid/processing/qc/NCPPB_4633_dyei_filt_trim.fastq.gz
[M::main] Real time: 2.376 sec; CPU: 18.629 sec; Peak RSS: 0.222 GB
[bam_sort_core] merging from 0 files and 12 in-memory blocks...
/data/djs217/miniconda3/envs/hybracter_env/lib/python3.11/site-packages/hybracter/workflow/conda/7aafc1085ca44eee01942c03ca74ecad_/lib/python3.11/site-packages/medaka/common.py:16: UserWarning: pkg_resources is deprecated as an API. See https://setuptools.pypa.io/en/latest/pkg_resources.html. The pkg_resources package is slated for removal as early as 2025-11-30. Refrain from using this package or pin to Setuptools<81.
  from pkg_resources import resource_filename
[18:08:19 - Predict] Processing region(s): contig_1:0-4049149 contig_2:0-1166587
[18:08:19 - Predict] Using model: /data/djs217/miniconda3/envs/hybracter_env/lib/python3.11/site-packages/hybracter/workflow/conda/7aafc1085ca44eee01942c03ca74ecad_/lib/python3.11/site-packages/medaka/data/r1041_e82_400bps_sup_v5.0.0_model_pt.tar.gz.
[18:08:19 - Predict] Using minimum mapQ threshold of 1 for read filtering.
[18:08:19 - MdlStrTGZ] Model GRUModel(
  (gru): GRU(10, 128, num_layers=2, batch_first=True, bidirectional=True)
  (linear): Linear(in_features=256, out_features=5, bias=True)
)
[18:08:19 - MdlStrTGZ] loading weights from /tmp/tmphe_2s1zj/model/weights.pt
[18:08:19 - MdlStrTGZ] Successfully removed temporary files from /tmp/tmphe_2s1zj.
[18:08:19 - Predict] Model device: cpu
[18:08:19 - Predict] Running prediction at full precision
[18:08:19 - BAMFile] Creating pool of 16 BAM file sets.
[18:08:19 - Predict] Processing 7 long region(s) with batching.
[18:08:19 - Sampler] Initializing sampler for consensus of region contig_1:0-1000000.
[18:08:19 - Sampler] Initializing sampler for consensus of region contig_1:999000-1999000.
[18:08:19 - PWorker] Running inference for 5.2M draft bases.
[18:08:20 - Feature] Processed contig_1:999000.0-1998999.0 (median depth 10.0)
[18:08:20 - Sampler] Took 1.25s to make features.
[18:08:20 - Sampler] Initializing sampler for consensus of region contig_1:1998000-2998000.
[18:08:21 - Feature] Processed contig_1:0.0-999999.0 (median depth 8.0)
[18:08:21 - Sampler] Took 1.52s to make features.
[18:08:21 - Sampler] Initializing sampler for consensus of region contig_1:2997000-3997000.
[18:08:21 - Feature] Processed contig_1:1998000.0-2997999.0 (median depth 9.0)
[18:08:21 - Sampler] Took 0.94s to make features.
[18:08:21 - Sampler] Initializing sampler for consensus of region contig_1:3996000-4049149.
[18:08:21 - Feature] Processed contig_1:3996000.0-4049148.0 (median depth 6.0)
[18:08:21 - Sampler] Took 0.17s to make features.
[18:08:21 - Sampler] Initializing sampler for consensus of region contig_2:0-1000000.
[18:08:21 - Feature] Processed contig_1:2997000.0-3996999.0 (median depth 8.0)
[18:08:21 - Sampler] Took 0.88s to make features.
[18:08:21 - Sampler] Initializing sampler for consensus of region contig_2:999000-1166587.
[18:08:22 - Feature] Processed contig_2:999000.0-1166586.0 (median depth 7.0)
[18:08:22 - Sampler] Took 0.28s to make features.
[18:08:22 - Feature] Pileup counts do not span requested region, requested contig_2:0-1000000, received 118-999999.
[18:08:22 - Feature] Processed contig_2:118.0-999999.0 (median depth 7.0)
[18:08:22 - Sampler] Took 0.87s to make features.
[18:08:30 - PWorker] Batches in cache: 6.
[18:08:30 - PWorker] 17.1% Done (0.9/5.2 Mbases) in 10.7s
[18:08:37 - PWorker] Batches in cache: 5.
[18:08:45 - PWorker] Batches in cache: 4.
[18:08:45 - PWorker] 51.3% Done (2.7/5.2 Mbases) in 25.6s
[18:08:52 - PWorker] Batches in cache: 3.
[18:09:00 - PWorker] Batches in cache: 2.
[18:09:00 - PWorker] 85.6% Done (4.5/5.2 Mbases) in 40.6s
[18:09:06 - PWorker] Batches in cache: 1.
[18:09:06 - PWorker] Processed 6 batches
[18:09:06 - PWorker] All done, 0 remainder regions.
[18:09:06 - Predict] Finished processing all regions.
/data/djs217/miniconda3/envs/hybracter_env/lib/python3.11/site-packages/hybracter/workflow/conda/7aafc1085ca44eee01942c03ca74ecad_/lib/python3.11/site-packages/medaka/common.py:16: UserWarning: pkg_resources is deprecated as an API. See https://setuptools.pypa.io/en/latest/pkg_resources.html. The pkg_resources package is slated for removal as early as 2025-11-30. Refrain from using this package or pin to Setuptools<81.
  from pkg_resources import resource_filename
[18:09:09 - DataIndx] Loaded 1/1 (100.00%) sample files.
[18:09:09 - DataIndx] Loaded 1/1 (100.00%) sample files.
[18:09:09 - DataIndx] Loaded 1/1 (100.00%) sample files.
[18:09:09 - DataIndx] Loaded 1/1 (100.00%) sample files.
[18:09:09 - DataIndx] Loaded 1/1 (100.00%) sample files.
[18:09:09 - DataIndx] Loaded 1/1 (100.00%) sample files.
[18:09:09 - DataIndx] Loaded 1/1 (100.00%) sample files.
[18:09:09 - DataIndx] Loaded 1/1 (100.00%) sample files.
