[2025-11-07 19:38:41] INFO: Starting Flye 2.9.6-b1802
[2025-11-07 19:38:41] INFO: >>>STAGE: configure
[2025-11-07 19:38:41] INFO: Configuring run
[2025-11-07 19:38:53] INFO: Total read length: 447537783
[2025-11-07 19:38:53] INFO: Reads N50/N90: 22086 / 10498
[2025-11-07 19:38:53] INFO: Minimum overlap set to 10000
[2025-11-07 19:38:53] INFO: >>>STAGE: assembly
[2025-11-07 19:38:53] INFO: Assembling disjointigs
[2025-11-07 19:38:53] INFO: Reading sequences
[2025-11-07 19:38:59] INFO: Building minimizer index
[2025-11-07 19:38:59] INFO: Pre-calculating index storage
0% 10% 20% 30% 40% 50% 60% 70% 80% 90% 100% 
[2025-11-07 19:39:03] INFO: Filling index
0% 10% 20% 30% 40% 50% 60% 70% 80% 90% 100% 
[2025-11-07 19:39:24] INFO: Extending reads
[2025-11-07 19:41:40] INFO: Overlap-based coverage: 69
[2025-11-07 19:41:40] INFO: Median overlap divergence: 0.011088
0% 90% 100% 
[2025-11-07 19:42:45] INFO: Assembled 1 disjointigs
[2025-11-07 19:42:45] INFO: Generating sequence
0% 10% 20% 30% 40% 50% 60% 70% 80% 90% 100% 
[2025-11-07 19:42:46] INFO: Filtering contained disjointigs
0% 100% 
[2025-11-07 19:42:47] INFO: Contained seqs: 0
[2025-11-07 19:42:48] INFO: >>>STAGE: consensus
[2025-11-07 19:42:48] INFO: Running Minimap2
[2025-11-07 19:43:14] INFO: Computing consensus
[2025-11-07 19:44:01] INFO: Alignment error rate: 0.023448
[2025-11-07 19:44:01] INFO: >>>STAGE: repeat
[2025-11-07 19:44:01] INFO: Building and resolving repeat graph
[2025-11-07 19:44:01] INFO: Parsing disjointigs
[2025-11-07 19:44:01] INFO: Building repeat graph
0% 100% 
[2025-11-07 19:44:05] INFO: Median overlap divergence: 0.00671331
[2025-11-07 19:44:05] INFO: Parsing reads
[2025-11-07 19:44:11] INFO: Aligning reads to the graph
0% 10% 20% 30% 40% 50% 60% 70% 80% 90% 100% 
[2025-11-07 19:44:36] INFO: Aligned read sequence: 396623736 / 411430410 (0.964012)
[2025-11-07 19:44:36] INFO: Median overlap divergence: 0.00459373
[2025-11-07 19:44:36] INFO: Mean edge coverage: 74
[2025-11-07 19:44:36] INFO: Simplifying the graph
[2025-11-07 19:44:36] INFO: >>>STAGE: contigger
[2025-11-07 19:44:36] INFO: Generating contigs
[2025-11-07 19:44:36] INFO: Reading sequences
[2025-11-07 19:44:42] INFO: Generated 1 contigs
[2025-11-07 19:44:42] INFO: Added 0 scaffold connections
[2025-11-07 19:44:42] INFO: >>>STAGE: polishing
[2025-11-07 19:44:42] INFO: Polishing genome (1/1)
[2025-11-07 19:44:42] INFO: Running minimap2
[2025-11-07 19:45:14] INFO: Separating alignment into bubbles
[2025-11-07 19:46:12] INFO: Alignment error rate: 0.016197
[2025-11-07 19:46:12] INFO: Correcting bubbles
0% 10% 20% 30% 40% 50% 60% 70% 80% 90% 100% 
[2025-11-07 19:46:38] INFO: >>>STAGE: finalize
[2025-11-07 19:46:38] INFO: Assembly statistics:

	Total length:	5300556
	Fragments:	1
	Fragments N50:	5300556
	Largest frg:	5300556
	Scaffolds:	0
	Mean coverage:	84

[2025-11-07 19:46:38] INFO: Final assembly: /data/djs217/PROJECTS/PRJNA1129555/hybracter-hybrid/processing/assemblies/NCPPB_4467/assembly.fasta
