[2025-11-07 15:21:49] INFO: Starting Flye 2.9.6-b1802
[2025-11-07 15:21:49] INFO: >>>STAGE: configure
[2025-11-07 15:21:49] INFO: Configuring run
[2025-11-07 15:22:04] INFO: Total read length: 446922437
[2025-11-07 15:22:04] INFO: Reads N50/N90: 17597 / 7993
[2025-11-07 15:22:04] INFO: Minimum overlap set to 8000
[2025-11-07 15:22:04] INFO: >>>STAGE: assembly
[2025-11-07 15:22:04] INFO: Assembling disjointigs
[2025-11-07 15:22:04] INFO: Reading sequences
[2025-11-07 15:22:10] INFO: Building minimizer index
[2025-11-07 15:22:10] INFO: Pre-calculating index storage
0% 10% 20% 30% 40% 50% 60% 70% 80% 90% 100% 
[2025-11-07 15:22:14] INFO: Filling index
0% 10% 20% 30% 40% 50% 60% 70% 80% 90% 100% 
[2025-11-07 15:22:26] INFO: Extending reads
[2025-11-07 15:23:54] INFO: Overlap-based coverage: 68
[2025-11-07 15:23:54] INFO: Median overlap divergence: 0.0106766
0% 80% 90% 100% 
[2025-11-07 15:24:44] INFO: Assembled 2 disjointigs
[2025-11-07 15:24:44] INFO: Generating sequence
0% 10% 20% 30% 40% 50% 60% 70% 80% 90% 100% 
[2025-11-07 15:24:45] INFO: Filtering contained disjointigs
0% 50% 100% 
[2025-11-07 15:24:46] INFO: Contained seqs: 0
[2025-11-07 15:24:46] INFO: >>>STAGE: consensus
[2025-11-07 15:24:46] INFO: Running Minimap2
[2025-11-07 15:25:11] INFO: Computing consensus
[2025-11-07 15:25:44] INFO: Alignment error rate: 0.020031
[2025-11-07 15:25:44] INFO: >>>STAGE: repeat
[2025-11-07 15:25:44] INFO: Building and resolving repeat graph
[2025-11-07 15:25:44] INFO: Parsing disjointigs
[2025-11-07 15:25:44] INFO: Building repeat graph
0% 50% 100% 
[2025-11-07 15:25:46] INFO: Median overlap divergence: 0.0124677
[2025-11-07 15:25:46] INFO: Parsing reads
[2025-11-07 15:25:52] INFO: Aligning reads to the graph
0% 10% 20% 30% 40% 50% 60% 70% 80% 90% 100% 
[2025-11-07 15:26:03] INFO: Aligned read sequence: 390185173 / 402096473 (0.970377)
[2025-11-07 15:26:03] INFO: Median overlap divergence: 0.00459129
[2025-11-07 15:26:03] INFO: Mean edge coverage: 75
[2025-11-07 15:26:03] INFO: Simplifying the graph
[2025-11-07 15:26:03] INFO: >>>STAGE: contigger
[2025-11-07 15:26:03] INFO: Generating contigs
[2025-11-07 15:26:03] INFO: Reading sequences
[2025-11-07 15:26:10] INFO: Generated 2 contigs
[2025-11-07 15:26:10] INFO: Added 0 scaffold connections
[2025-11-07 15:26:10] INFO: >>>STAGE: polishing
[2025-11-07 15:26:10] INFO: Polishing genome (1/1)
[2025-11-07 15:26:10] INFO: Running minimap2
[2025-11-07 15:26:34] INFO: Separating alignment into bubbles
[2025-11-07 15:27:16] INFO: Alignment error rate: 0.013581
[2025-11-07 15:27:16] INFO: Correcting bubbles
0% 10% 20% 30% 40% 50% 60% 70% 80% 90% 100% 
[2025-11-07 15:27:38] INFO: >>>STAGE: finalize
[2025-11-07 15:27:38] INFO: Assembly statistics:

	Total length:	5203947
	Fragments:	2
	Fragments N50:	5001412
	Largest frg:	5001412
	Scaffolds:	0
	Mean coverage:	84

[2025-11-07 15:27:38] INFO: Final assembly: /data/djs217/PROJECTS/PRJNA1129555/hybracter-hybrid/processing/assemblies/NCPPB_3583/assembly.fasta
