[2025-11-07 15:27:38] INFO: Starting Flye 2.9.6-b1802
[2025-11-07 15:27:38] INFO: >>>STAGE: configure
[2025-11-07 15:27:38] INFO: Configuring run
[2025-11-07 15:27:52] INFO: Total read length: 447219598
[2025-11-07 15:27:52] INFO: Reads N50/N90: 17723 / 8533
[2025-11-07 15:27:52] INFO: Minimum overlap set to 9000
[2025-11-07 15:27:52] INFO: >>>STAGE: assembly
[2025-11-07 15:27:52] INFO: Assembling disjointigs
[2025-11-07 15:27:52] INFO: Reading sequences
[2025-11-07 15:27:59] INFO: Building minimizer index
[2025-11-07 15:27:59] INFO: Pre-calculating index storage
0% 10% 20% 30% 40% 50% 60% 70% 80% 90% 100% 
[2025-11-07 15:28:02] INFO: Filling index
0% 10% 20% 30% 40% 50% 60% 70% 80% 90% 100% 
[2025-11-07 15:28:14] INFO: Extending reads
[2025-11-07 15:29:58] INFO: Overlap-based coverage: 68
[2025-11-07 15:29:58] INFO: Median overlap divergence: 0.0103334
0% 90% 100% 
[2025-11-07 15:30:49] INFO: Assembled 2 disjointigs
[2025-11-07 15:30:49] INFO: Generating sequence
0% 10% 20% 30% 40% 50% 60% 70% 80% 90% 100% 
[2025-11-07 15:30:50] INFO: Filtering contained disjointigs
0% 50% 100% 
[2025-11-07 15:30:51] INFO: Contained seqs: 0
[2025-11-07 15:30:52] INFO: >>>STAGE: consensus
[2025-11-07 15:30:52] INFO: Running Minimap2
[2025-11-07 15:31:17] INFO: Computing consensus
[2025-11-07 15:31:55] INFO: Alignment error rate: 0.021355
[2025-11-07 15:31:55] INFO: >>>STAGE: repeat
[2025-11-07 15:31:55] INFO: Building and resolving repeat graph
[2025-11-07 15:31:55] INFO: Parsing disjointigs
[2025-11-07 15:31:55] INFO: Building repeat graph
0% 50% 100% 
[2025-11-07 15:31:58] INFO: Median overlap divergence: 0.00115936
[2025-11-07 15:31:58] INFO: Parsing reads
[2025-11-07 15:32:04] INFO: Aligning reads to the graph
0% 10% 20% 30% 40% 50% 60% 70% 80% 90% 100% 
[2025-11-07 15:32:17] INFO: Aligned read sequence: 381062590 / 394301196 (0.966425)
[2025-11-07 15:32:17] INFO: Median overlap divergence: 0.00466353
[2025-11-07 15:32:17] INFO: Mean edge coverage: 73
[2025-11-07 15:32:17] INFO: Simplifying the graph
[2025-11-07 15:32:17] INFO: >>>STAGE: contigger
[2025-11-07 15:32:17] INFO: Generating contigs
[2025-11-07 15:32:17] INFO: Reading sequences
[2025-11-07 15:32:23] INFO: Generated 2 contigs
[2025-11-07 15:32:23] INFO: Added 0 scaffold connections
[2025-11-07 15:32:23] INFO: >>>STAGE: polishing
[2025-11-07 15:32:23] INFO: Polishing genome (1/1)
[2025-11-07 15:32:23] INFO: Running minimap2
[2025-11-07 15:32:55] INFO: Separating alignment into bubbles
[2025-11-07 15:33:42] INFO: Alignment error rate: 0.014288
[2025-11-07 15:33:42] INFO: Correcting bubbles
0% 10% 20% 30% 40% 50% 60% 70% 80% 90% 100% 
[2025-11-07 15:34:11] INFO: >>>STAGE: finalize
[2025-11-07 15:34:11] INFO: Assembly statistics:

	Total length:	5138317
	Fragments:	2
	Fragments N50:	5094384
	Largest frg:	5094384
	Scaffolds:	0
	Mean coverage:	86

[2025-11-07 15:34:11] INFO: Final assembly: /data/djs217/PROJECTS/PRJNA1129555/hybracter-hybrid/processing/assemblies/NCPPB_3569/assembly.fasta
