
[1;4;93mStarting Polypolish polish[0m [2m(2026-01-27 14:30:39)[0m
[2m    Polypolish is a tool for polishing genome assemblies with short reads.
Unlike other tools in this category, Polypolish uses SAM files where each read
has been aligned to all possible locations (not just a single best location).
This allows it to repair errors in repeat regions that other alignment-based
polishers cannot fix.[0m

Polypolish version: 0.6.1

Input assembly:
  hybracter-hybrid/processing/complete/medaka_rd_2/NCPPB_2251/consensus.fasta

Input short-read alignments:
  hybracter-hybrid/processing/complete/bwa/NCPPB_2251_1.sam
  hybracter-hybrid/processing/complete/bwa/NCPPB_2251_2.sam

Settings:
  --fraction_invalid 0.2
  --fraction_valid 0.5
  --max_errors 10
  --min_depth 5
  not logging debugging information


[1;4;93mLoading assembly[0m [2m(2026-01-27 14:30:39)[0m
contig_1 (4,793,407 bp)


[1;4;93mLoading alignments[0m [2m(2026-01-27 14:30:39)[0m
hybracter-hybrid/processing/complete/bwa/NCPPB_2251_1.sam: 4,457,941 alignments from 3,379,689 reads
hybracter-hybrid/processing/complete/bwa/NCPPB_2251_2.sam: 4,451,323 alignments from 3,374,215 reads

Filtering for high-quality end-to-end alignments:
  8,640,758 alignments kept
  268,506 alignments discarded


[1;4;93mPolishing assembly sequences[0m [2m(2026-01-27 14:31:09)[0m
[2m    For each position in the assembly, Polypolish determines the read depth
at that position and collects all aligned bases. It then polishes the assembly
by looking for positions where the pileup unambiguously supports a different
sequence than the assembly.[0m

Polishing contig_1 (4,793,407 bp):
  mean read depth: 181.4x
  2 bp have a depth of zero (100.0000% coverage)
  9 positions changed (0.0002% of total positions)
  estimated pre-polishing sequence accuracy: 99.9998% (Q57.26)


[1;4;93mFinished![0m [2m(2026-01-27 14:31:09)[0m
Polished sequence (to stdout):
  contig_1_polypolish (4,793,408 bp)

Time to run: 0:00:30.423964

