
[1;4;93mStarting Polypolish polish[0m [2m(2026-03-25 04:27:38)[0m
[2m    Polypolish is a tool for polishing genome assemblies with short reads.
Unlike other tools in this category, Polypolish uses SAM files where each read
has been aligned to all possible locations (not just a single best location).
This allows it to repair errors in repeat regions that other alignment-based
polishers cannot fix.[0m

Polypolish version: 0.6.1

Input assembly:
  hybracter-hybrid/processing/complete/medaka_rd_2/NCPPB_557/consensus.fasta

Input short-read alignments:
  hybracter-hybrid/processing/complete/bwa/NCPPB_557_1.sam
  hybracter-hybrid/processing/complete/bwa/NCPPB_557_2.sam

Settings:
  --fraction_invalid 0.2
  --fraction_valid 0.5
  --max_errors 10
  --min_depth 5
  not logging debugging information


[1;4;93mLoading assembly[0m [2m(2026-03-25 04:27:38)[0m
2 (34,890 bp)
contig_2 (2,701,911 bp)
1 (77,757 bp)
contig_1 (458,415 bp)
contig_3 (2,073,787 bp)
6 (3,039 bp)
4 (27,985 bp)
7 (405 bp)
5 (6,531 bp)
8 (222 bp)
3 (31,465 bp)


[1;4;93mLoading alignments[0m [2m(2026-03-25 04:27:39)[0m
hybracter-hybrid/processing/complete/bwa/NCPPB_557_1.sam: 23,449,787 alignments from 9,178,568 reads
hybracter-hybrid/processing/complete/bwa/NCPPB_557_2.sam: 23,460,667 alignments from 9,179,797 reads

Filtering for high-quality end-to-end alignments:
  44,992,236 alignments kept
  1,918,218 alignments discarded


[1;4;93mPolishing assembly sequences[0m [2m(2026-03-25 04:29:45)[0m
[2m    For each position in the assembly, Polypolish determines the read depth
at that position and collects all aligned bases. It then polishes the assembly
by looking for positions where the pileup unambiguously supports a different
sequence than the assembly.[0m

Polishing 2 (34,890 bp):
  mean read depth: 861.1x
  2 bp have a depth of zero (99.9943% coverage)
  0 positions changed (0.0000% of total positions)
  estimated pre-polishing sequence accuracy: 100.0000% (Q‚ąě)

Polishing contig_2 (2,701,911 bp):
  mean read depth: 420.7x
  11 bp have a depth of zero (99.9996% coverage)
  132 positions changed (0.0049% of total positions)
  estimated pre-polishing sequence accuracy: 99.9951% (Q43.11)

Polishing 1 (77,757 bp):
  mean read depth: 765.6x
  3 bp have a depth of zero (99.9961% coverage)
  0 positions changed (0.0000% of total positions)
  estimated pre-polishing sequence accuracy: 100.0000% (Q‚ąě)

Polishing contig_1 (458,415 bp):
  mean read depth: 410.4x
  11 bp have a depth of zero (99.9976% coverage)
  16 positions changed (0.0035% of total positions)
  estimated pre-polishing sequence accuracy: 99.9965% (Q44.57)

Polishing contig_3 (2,073,787 bp):
  mean read depth: 401.0x
  10 bp have a depth of zero (99.9995% coverage)
  66 positions changed (0.0032% of total positions)
  estimated pre-polishing sequence accuracy: 99.9968% (Q44.97)

Polishing 6 (3,039 bp):
  mean read depth: 416.8x
  3 bp have a depth of zero (99.9013% coverage)
  0 positions changed (0.0000% of total positions)
  estimated pre-polishing sequence accuracy: 100.0000% (Q‚ąě)

Polishing 4 (27,985 bp):
  mean read depth: 1688.0x
  2 bp have a depth of zero (99.9929% coverage)
  0 positions changed (0.0000% of total positions)
  estimated pre-polishing sequence accuracy: 100.0000% (Q‚ąě)

Polishing 7 (405 bp):
  mean read depth: 312.3x
  2 bp have a depth of zero (99.5062% coverage)
  0 positions changed (0.0000% of total positions)
  estimated pre-polishing sequence accuracy: 100.0000% (Q‚ąě)

Polishing 5 (6,531 bp):
  mean read depth: 400.1x
  3 bp have a depth of zero (99.9541% coverage)
  0 positions changed (0.0000% of total positions)
  estimated pre-polishing sequence accuracy: 100.0000% (Q‚ąě)

Polishing 8 (222 bp):
  mean read depth: 193.2x
  2 bp have a depth of zero (99.0991% coverage)
  0 positions changed (0.0000% of total positions)
  estimated pre-polishing sequence accuracy: 100.0000% (Q‚ąě)

Polishing 3 (31,465 bp):
  mean read depth: 431.0x
  3 bp have a depth of zero (99.9905% coverage)
  0 positions changed (0.0000% of total positions)
  estimated pre-polishing sequence accuracy: 100.0000% (Q‚ąě)


[1;4;93mFinished![0m [2m(2026-03-25 04:29:46)[0m
Polished sequence (to stdout):
  2_polypolish (34,890 bp)
  contig_2_polypolish (2,701,885 bp)
  1_polypolish (77,757 bp)
  contig_1_polypolish (458,420 bp)
  contig_3_polypolish (2,073,797 bp)
  6_polypolish (3,039 bp)
  4_polypolish (27,985 bp)
  7_polypolish (405 bp)
  5_polypolish (6,531 bp)
  8_polypolish (222 bp)
  3_polypolish (31,465 bp)

Time to run: 0:02:07.528308

