
[1;4;93mStarting Polypolish polish[0m [2m(2026-03-27 07:55:17)[0m
[2m    Polypolish is a tool for polishing genome assemblies with short reads.
Unlike other tools in this category, Polypolish uses SAM files where each read
has been aligned to all possible locations (not just a single best location).
This allows it to repair errors in repeat regions that other alignment-based
polishers cannot fix.[0m

Polypolish version: 0.6.1

Input assembly:
  hybracter-hybrid/processing/complete/medaka_rd_2/NCPPB_4594/consensus.fasta

Input short-read alignments:
  hybracter-hybrid/processing/complete/bwa/NCPPB_4594_1.sam
  hybracter-hybrid/processing/complete/bwa/NCPPB_4594_2.sam

Settings:
  --fraction_invalid 0.2
  --fraction_valid 0.5
  --max_errors 10
  --min_depth 5
  not logging debugging information


[1;4;93mLoading assembly[0m [2m(2026-03-27 07:55:17)[0m
contig_1 (4,905,857 bp)


[1;4;93mLoading alignments[0m [2m(2026-03-27 07:55:17)[0m
hybracter-hybrid/processing/complete/bwa/NCPPB_4594_1.sam: 8,864,542 alignments from 8,494,688 reads
hybracter-hybrid/processing/complete/bwa/NCPPB_4594_2.sam: 8,865,509 alignments from 8,495,162 reads

Filtering for high-quality end-to-end alignments:
  17,228,914 alignments kept
  501,137 alignments discarded


[1;4;93mPolishing assembly sequences[0m [2m(2026-03-27 07:56:19)[0m
[2m    For each position in the assembly, Polypolish determines the read depth
at that position and collects all aligned bases. It then polishes the assembly
by looking for positions where the pileup unambiguously supports a different
sequence than the assembly.[0m

Polishing contig_1 (4,905,857 bp):
  mean read depth: 452.9x
  2 bp have a depth of zero (100.0000% coverage)
  691 positions changed (0.0141% of total positions)
  estimated pre-polishing sequence accuracy: 99.9859% (Q38.51)


[1;4;93mFinished![0m [2m(2026-03-27 07:56:19)[0m
Polished sequence (to stdout):
  contig_1_polypolish (4,905,848 bp)

Time to run: 0:01:02.519324

