/data/djs217/miniconda3/envs/hybracter_env/lib/python3.11/site-packages/hybracter/workflow/conda/78019da34467f1ccbd2a1e2321558605_/lib/python3.12/site-packages/click/core.py:1213: UserWarning: The parameter --flye_directory is used more than once. Remove its duplicate as parameters should be unique.
  parser = self.make_parser(ctx)
/data/djs217/miniconda3/envs/hybracter_env/lib/python3.11/site-packages/hybracter/workflow/conda/78019da34467f1ccbd2a1e2321558605_/lib/python3.12/site-packages/click/core.py:1206: UserWarning: The parameter --flye_directory is used more than once. Remove its duplicate as parameters should be unique.
  self.parse_args(ctx, args)
2025-11-10 08:34:46.539 | INFO     | plassembler:begin_plassembler:101 - You are using Plassembler version 1.8.1

2025-11-10 08:34:46.540 | INFO     | plassembler:begin_plassembler:102 - Repository homepage is https://github.com/gbouras13/plassembler
2025-11-10 08:34:46.540 | INFO     | plassembler:begin_plassembler:103 - Written by George Bouras: george.bouras@adelaide.edu.au
2025-11-10 08:34:46.540 | INFO     | plassembler:run:412 - Database directory is /data/djs217/miniconda3/envs/hybracter_env/lib/python3.11/site-packages/hybracter/workflow/../databases
2025-11-10 08:34:46.540 | INFO     | plassembler:run:413 - Longreads file is hybracter-hybrid/processing/qc/NCPPB_2352_filt_trim.fastq.gz
2025-11-10 08:34:46.540 | INFO     | plassembler:run:414 - R1 fasta file is hybracter-hybrid/processing/qc/fastp/NCPPB_2352_1.fastq.gz
2025-11-10 08:34:46.540 | INFO     | plassembler:run:415 - R2 fasta file is hybracter-hybrid/processing/qc/fastp/NCPPB_2352_2.fastq.gz
2025-11-10 08:34:46.540 | INFO     | plassembler:run:416 - Chromosome length threshold is 4500000
2025-11-10 08:34:46.540 | INFO     | plassembler:run:417 - Output directory is hybracter-hybrid/processing/plassembler/NCPPB_2352
2025-11-10 08:34:46.540 | INFO     | plassembler:run:418 - Min long read length is 500
2025-11-10 08:34:46.540 | INFO     | plassembler:run:419 - Min long read quality is 9
2025-11-10 08:34:46.540 | INFO     | plassembler:run:420 - Thread count is 12
2025-11-10 08:34:46.540 | INFO     | plassembler:run:421 - --force is True
2025-11-10 08:34:46.540 | INFO     | plassembler:run:422 - --skip_qc is True
2025-11-10 08:34:46.540 | INFO     | plassembler:run:423 - --raw_flag is False
2025-11-10 08:34:46.540 | INFO     | plassembler:run:424 - --pacbio_model is nothing
2025-11-10 08:34:46.540 | INFO     | plassembler:run:425 - --keep_fastqs is False
2025-11-10 08:34:46.540 | INFO     | plassembler:run:426 - --keep_chromosome is False
2025-11-10 08:34:46.540 | INFO     | plassembler:run:427 - --flye_directory is hybracter-hybrid/processing/assemblies/NCPPB_2352
2025-11-10 08:34:46.540 | INFO     | plassembler:run:428 - --flye_assembly is nothing
2025-11-10 08:34:46.540 | INFO     | plassembler:run:429 - --flye_info is nothing
2025-11-10 08:34:46.540 | INFO     | plassembler:run:430 - --no_chromosome is False
2025-11-10 08:34:46.540 | INFO     | plassembler:run:431 - --use_raven is False
2025-11-10 08:34:46.540 | INFO     | plassembler:run:432 - --depth_filter is 0.25
2025-11-10 08:34:46.540 | INFO     | plassembler:run:433 - --unicycler_options is None
2025-11-10 08:34:46.540 | INFO     | plassembler:run:434 - --spades_options is None
2025-11-10 08:34:46.541 | INFO     | plassembler:run:435 - --skip_mash is False
2025-11-10 08:34:46.541 | INFO     | plassembler:run:439 - Checking dependencies
2025-11-10 08:34:46.617 | INFO     | plassembler.utils.input_commands:check_dependencies:199 - Flye version found is v2.9.6-b1802.
2025-11-10 08:34:46.617 | INFO     | plassembler.utils.input_commands:check_dependencies:209 - Flye version is ok.
2025-11-10 08:34:46.634 | INFO     | plassembler.utils.input_commands:check_dependencies:218 - Raven v1.8.3 found.
2025-11-10 08:34:46.634 | INFO     | plassembler.utils.input_commands:check_dependencies:220 - Raven version is ok.
2025-11-10 08:34:46.691 | INFO     | plassembler.utils.input_commands:check_dependencies:242 - Unicycler version found is v0.5.1.
2025-11-10 08:34:46.692 | INFO     | plassembler.utils.input_commands:check_dependencies:255 - Unicycler version is ok.
2025-11-10 08:34:46.929 | INFO     | plassembler.utils.input_commands:check_dependencies:265 - SPAdes v4.2.0 found.
2025-11-10 08:34:46.935 | INFO     | plassembler.utils.input_commands:check_dependencies:278 - Samtools v1.22.1 found.
2025-11-10 08:34:46.937 | INFO     | plassembler.utils.input_commands:check_dependencies:289 - minimap2 v2.30-r1287 found.
2025-11-10 08:34:46.970 | INFO     | plassembler.utils.input_commands:check_dependencies:300 - fastp v1.0.1 found.
2025-11-10 08:34:46.985 | INFO     | plassembler.utils.input_commands:check_dependencies:311 - chopper v0.11.0 found.
2025-11-10 08:34:47.006 | INFO     | plassembler.utils.input_commands:check_dependencies:326 - mash v2.3 found.
2025-11-10 08:34:48.187 | INFO     | plassembler.utils.input_commands:check_dependencies:337 - canu v2.2 found.
2025-11-10 08:34:49.093 | INFO     | plassembler.utils.input_commands:check_dependencies:348 - dnaapler v1.3.0 found.
2025-11-10 08:34:49.211 | INFO     | plassembler.utils.input_commands:check_dependencies:365 - BLAST version found is v2.17.0.
2025-11-10 08:34:49.211 | INFO     | plassembler.utils.input_commands:check_dependencies:371 - All dependencies found.
2025-11-10 08:34:49.211 | INFO     | plassembler:run:448 - Checking database installation.
2025-11-10 08:34:49.212 | INFO     | plassembler.utils.db:check_db_installation:52 - PLSDB Database mash sketch at /data/djs217/miniconda3/envs/hybracter_env/lib/python3.11/site-packages/hybracter/workflow/../databases/plsdb_2023_11_03_v2.msh exists.
2025-11-10 08:34:49.212 | INFO     | plassembler.utils.db:check_db_installation:53 - PLSDB Database tsv metadata file at /data/djs217/miniconda3/envs/hybracter_env/lib/python3.11/site-packages/hybracter/workflow/../databases/plsdb_2023_11_03_v2.tsv exists.
2025-11-10 08:34:49.212 | INFO     | plassembler.utils.db:check_db_installation:54 - PLSDB Database at /data/djs217/miniconda3/envs/hybracter_env/lib/python3.11/site-packages/hybracter/workflow/../databases has already been downloaded
2025-11-10 08:34:49.212 | INFO     | plassembler:run:456 - Database successfully checked.
2025-11-10 08:34:49.212 | INFO     | plassembler:run:459 - Checking input fastqs.
2025-11-10 08:34:49.214 | INFO     | plassembler.utils.input_commands:validate_fastq:24 - FASTQ hybracter-hybrid/processing/qc/NCPPB_2352_filt_trim.fastq.gz checked
2025-11-10 08:34:49.233 | INFO     | plassembler.utils.input_commands:validate_fastq:24 - FASTQ hybracter-hybrid/processing/qc/fastp/NCPPB_2352_1.fastq.gz checked
2025-11-10 08:34:49.378 | INFO     | plassembler.utils.input_commands:validate_fastq:24 - FASTQ hybracter-hybrid/processing/qc/fastp/NCPPB_2352_2.fastq.gz checked
2025-11-10 08:34:49.378 | INFO     | plassembler:run:467 - FASTQ file hybracter-hybrid/processing/qc/NCPPB_2352_filt_trim.fastq.gz compression is True
2025-11-10 08:34:49.378 | INFO     | plassembler:run:468 - FASTQ file hybracter-hybrid/processing/qc/fastp/NCPPB_2352_1.fastq.gz compression is True
2025-11-10 08:34:49.379 | INFO     | plassembler:run:469 - FASTQ file hybracter-hybrid/processing/qc/fastp/NCPPB_2352_2.fastq.gz compression is True
2025-11-10 08:34:49.580 | INFO     | plassembler:run:518 - You have specified a hybracter-hybrid/processing/assemblies/NCPPB_2352 with an existing flye assembly.
2025-11-10 08:34:49.580 | INFO     | plassembler:run:521 - Copying files.
2025-11-10 08:34:49.583 | INFO     | plassembler:run:562 - Counting Contigs.
2025-11-10 08:34:49.612 | INFO     | plassembler.utils.plass_class:get_contig_count:87 - Assembled 8 contigs.
2025-11-10 08:34:49.612 | INFO     | plassembler:run:773 - More than one contig was assembled with Flye.
2025-11-10 08:34:49.612 | INFO     | plassembler:run:774 - Extracting Chromosome.
2025-11-10 08:34:49.670 | INFO     | plassembler:run:809 - Chromosome Identified. Plassembler will now use long and short reads to assemble plasmids accurately.
2025-11-10 08:34:49.670 | INFO     | plassembler:run:811 - Mapping long reads.
2025-11-10 08:34:49.670 | INFO     | plassembler.utils.external_tools:run_to_stdout:67 - Started running minimap2 -ax map-ont -t 12 hybracter-hybrid/processing/plassembler/NCPPB_2352/flye_renamed.fasta hybracter-hybrid/processing/plassembler/NCPPB_2352/chopper_long_reads.fastq.gz ...
2025-11-10 08:35:16.214 | INFO     | plassembler.utils.external_tools:run_to_stdout:69 - Done running minimap2 -ax map-ont -t 12 hybracter-hybrid/processing/plassembler/NCPPB_2352/flye_renamed.fasta hybracter-hybrid/processing/plassembler/NCPPB_2352/chopper_long_reads.fastq.gz
2025-11-10 08:35:16.214 | INFO     | plassembler:run:820 - Skipping short read trimming as --skip_qc is True
2025-11-10 08:35:46.404 | INFO     | plassembler:run:830 - Mapping short reads.
2025-11-10 08:35:46.404 | INFO     | plassembler.utils.external_tools:run_to_stdout:67 - Started running minimap2 -ax sr -t 12 hybracter-hybrid/processing/plassembler/NCPPB_2352/flye_renamed.fasta hybracter-hybrid/processing/plassembler/NCPPB_2352/trimmed_R1.fastq hybracter-hybrid/processing/plassembler/NCPPB_2352/trimmed_R2.fastq ...
2025-11-10 08:36:26.300 | INFO     | plassembler.utils.external_tools:run_to_stdout:69 - Done running minimap2 -ax sr -t 12 hybracter-hybrid/processing/plassembler/NCPPB_2352/flye_renamed.fasta hybracter-hybrid/processing/plassembler/NCPPB_2352/trimmed_R1.fastq hybracter-hybrid/processing/plassembler/NCPPB_2352/trimmed_R2.fastq
2025-11-10 08:36:26.300 | INFO     | plassembler:run:837 - Processing Sam/Bam Files and extracting Fastqs.
2025-11-10 08:36:27.239 | INFO     | plassembler.utils.external_tools:run_to_stdout:67 - Started running samtools view -h -@ 12 -b hybracter-hybrid/processing/plassembler/NCPPB_2352/short_read.sam ...
2025-11-10 08:36:46.889 | INFO     | plassembler.utils.external_tools:run_to_stdout:69 - Done running samtools view -h -@ 12 -b hybracter-hybrid/processing/plassembler/NCPPB_2352/short_read.sam
2025-11-10 08:36:46.890 | INFO     | plassembler.utils.external_tools:run_to_stdout:67 - Started running samtools view -b -h -@ 12 -L hybracter-hybrid/processing/plassembler/NCPPB_2352/non_chromosome.bed hybracter-hybrid/processing/plassembler/NCPPB_2352/short_read.bam ...
2025-11-10 08:36:53.275 | INFO     | plassembler.utils.external_tools:run_to_stdout:69 - Done running samtools view -b -h -@ 12 -L hybracter-hybrid/processing/plassembler/NCPPB_2352/non_chromosome.bed hybracter-hybrid/processing/plassembler/NCPPB_2352/short_read.bam
2025-11-10 08:36:53.276 | INFO     | plassembler.utils.external_tools:run_to_stdout:67 - Started running samtools view -b -h -f 4 -@ 12 hybracter-hybrid/processing/plassembler/NCPPB_2352/short_read.bam ...
2025-11-10 08:36:54.670 | INFO     | plassembler.utils.external_tools:run_to_stdout:69 - Done running samtools view -b -h -f 4 -@ 12 hybracter-hybrid/processing/plassembler/NCPPB_2352/short_read.bam
2025-11-10 08:36:54.670 | INFO     | plassembler.utils.external_tools:run_to_stdout:67 - Started running samtools view -b -h -@ 12 -L hybracter-hybrid/processing/plassembler/NCPPB_2352/chromosome.bed hybracter-hybrid/processing/plassembler/NCPPB_2352/short_read.bam ...
2025-11-10 08:37:13.308 | INFO     | plassembler.utils.external_tools:run_to_stdout:69 - Done running samtools view -b -h -@ 12 -L hybracter-hybrid/processing/plassembler/NCPPB_2352/chromosome.bed hybracter-hybrid/processing/plassembler/NCPPB_2352/short_read.bam
2025-11-10 08:37:13.309 | INFO     | plassembler.utils.external_tools:run:58 - Started running samtools fastq -@ 12 hybracter-hybrid/processing/plassembler/NCPPB_2352/unmapped_bam_file.bam -1 hybracter-hybrid/processing/plassembler/NCPPB_2352/unmapped_R1.fastq -2 hybracter-hybrid/processing/plassembler/NCPPB_2352/unmapped_R2.fastq -0 /dev/null -s /dev/null -n ...
2025-11-10 08:37:13.388 | INFO     | plassembler.utils.external_tools:run:60 - Done running samtools fastq -@ 12 hybracter-hybrid/processing/plassembler/NCPPB_2352/unmapped_bam_file.bam -1 hybracter-hybrid/processing/plassembler/NCPPB_2352/unmapped_R1.fastq -2 hybracter-hybrid/processing/plassembler/NCPPB_2352/unmapped_R2.fastq -0 /dev/null -s /dev/null -n
2025-11-10 08:37:13.389 | INFO     | plassembler.utils.external_tools:run:58 - Started running samtools fastq -@ 12 hybracter-hybrid/processing/plassembler/NCPPB_2352/non_chromosome.bam -1 hybracter-hybrid/processing/plassembler/NCPPB_2352/mapped_non_chromosome_R1.fastq -2 hybracter-hybrid/processing/plassembler/NCPPB_2352/mapped_non_chromosome_R2.fastq -0 /dev/null -s /dev/null -n ...
2025-11-10 08:37:14.644 | INFO     | plassembler.utils.external_tools:run:60 - Done running samtools fastq -@ 12 hybracter-hybrid/processing/plassembler/NCPPB_2352/non_chromosome.bam -1 hybracter-hybrid/processing/plassembler/NCPPB_2352/mapped_non_chromosome_R1.fastq -2 hybracter-hybrid/processing/plassembler/NCPPB_2352/mapped_non_chromosome_R2.fastq -0 /dev/null -s /dev/null -n
2025-11-10 08:37:23.642 | INFO     | plassembler:run:854 - Running Unicycler.
2025-11-10 08:37:23.643 | INFO     | plassembler.utils.external_tools:run:58 - Started running unicycler -1 hybracter-hybrid/processing/plassembler/NCPPB_2352/short_read_concat_R1.fastq -2 hybracter-hybrid/processing/plassembler/NCPPB_2352/short_read_concat_R2.fastq -l hybracter-hybrid/processing/plassembler/NCPPB_2352/plasmid_long.fastq -t 12 -o hybracter-hybrid/processing/plassembler/NCPPB_2352/unicycler_output ...
2025-11-10 08:45:24.928 | INFO     | plassembler.utils.external_tools:run:60 - Done running unicycler -1 hybracter-hybrid/processing/plassembler/NCPPB_2352/short_read_concat_R1.fastq -2 hybracter-hybrid/processing/plassembler/NCPPB_2352/short_read_concat_R2.fastq -l hybracter-hybrid/processing/plassembler/NCPPB_2352/plasmid_long.fastq -t 12 -o hybracter-hybrid/processing/plassembler/NCPPB_2352/unicycler_output
2025-11-10 08:45:24.928 | INFO     | plassembler:run:879 - Unicycler identified plasmids. Calculating Plasmid Copy Numbers.
2025-11-10 08:45:25.097 | INFO     | plassembler.utils.external_tools:run_to_stdout:67 - Started running minimap2 -ax map-ont -t 12 hybracter-hybrid/processing/plassembler/NCPPB_2352/combined.fasta hybracter-hybrid/processing/plassembler/NCPPB_2352/chopper_long_reads.fastq.gz ...
2025-11-10 08:45:56.928 | INFO     | plassembler.utils.external_tools:run_to_stdout:69 - Done running minimap2 -ax map-ont -t 12 hybracter-hybrid/processing/plassembler/NCPPB_2352/combined.fasta hybracter-hybrid/processing/plassembler/NCPPB_2352/chopper_long_reads.fastq.gz
2025-11-10 08:45:56.929 | INFO     | plassembler.utils.external_tools:run:58 - Started running samtools sort -@ 12 hybracter-hybrid/processing/plassembler/NCPPB_2352/combined_long.sam -o hybracter-hybrid/processing/plassembler/NCPPB_2352/combined_sorted_long.bam ...
2025-11-10 08:46:03.392 | INFO     | plassembler.utils.external_tools:run:60 - Done running samtools sort -@ 12 hybracter-hybrid/processing/plassembler/NCPPB_2352/combined_long.sam -o hybracter-hybrid/processing/plassembler/NCPPB_2352/combined_sorted_long.bam
2025-11-10 08:46:03.393 | INFO     | plassembler.utils.external_tools:run_to_stdout:67 - Started running minimap2 -ax sr -t 12 hybracter-hybrid/processing/plassembler/NCPPB_2352/combined.fasta hybracter-hybrid/processing/plassembler/NCPPB_2352/trimmed_R1.fastq hybracter-hybrid/processing/plassembler/NCPPB_2352/trimmed_R2.fastq ...
2025-11-10 08:47:35.891 | INFO     | plassembler.utils.external_tools:run_to_stdout:69 - Done running minimap2 -ax sr -t 12 hybracter-hybrid/processing/plassembler/NCPPB_2352/combined.fasta hybracter-hybrid/processing/plassembler/NCPPB_2352/trimmed_R1.fastq hybracter-hybrid/processing/plassembler/NCPPB_2352/trimmed_R2.fastq
2025-11-10 08:47:35.892 | INFO     | plassembler.utils.external_tools:run:58 - Started running samtools sort -@ 12 hybracter-hybrid/processing/plassembler/NCPPB_2352/combined_short.sam -o hybracter-hybrid/processing/plassembler/NCPPB_2352/combined_sorted_short.bam ...
2025-11-10 08:47:59.972 | INFO     | plassembler.utils.external_tools:run:60 - Done running samtools sort -@ 12 hybracter-hybrid/processing/plassembler/NCPPB_2352/combined_short.sam -o hybracter-hybrid/processing/plassembler/NCPPB_2352/combined_sorted_short.bam
2025-11-10 08:48:14.095 | INFO     | plassembler:run:887 - Calculating mash distances to PLSDB.
2025-11-10 08:48:14.095 | INFO     | plassembler:run:895 - Calculating mash distances to PLSDB.
2025-11-10 08:48:14.096 | INFO     | plassembler.utils.external_tools:run:58 - Started running mash sketch hybracter-hybrid/processing/plassembler/NCPPB_2352/plasmids.fasta -i ...
2025-11-10 08:48:14.139 | INFO     | plassembler.utils.external_tools:run:60 - Done running mash sketch hybracter-hybrid/processing/plassembler/NCPPB_2352/plasmids.fasta -i
2025-11-10 08:48:14.140 | INFO     | plassembler.utils.external_tools:run_to_stdout:67 - Started running mash dist hybracter-hybrid/processing/plassembler/NCPPB_2352/plasmids.fasta.msh /data/djs217/miniconda3/envs/hybracter_env/lib/python3.11/site-packages/hybracter/workflow/../databases/plsdb_2023_11_03_v2.msh -v 0.1 -d 0.1 -i ...
2025-11-10 08:48:16.572 | INFO     | plassembler.utils.external_tools:run_to_stdout:69 - Done running mash dist hybracter-hybrid/processing/plassembler/NCPPB_2352/plasmids.fasta.msh /data/djs217/miniconda3/envs/hybracter_env/lib/python3.11/site-packages/hybracter/workflow/../databases/plsdb_2023_11_03_v2.msh -v 0.1 -d 0.1 -i
2025-11-10 08:48:18.386 | INFO     | plassembler.utils.plass_class:combine_depth_mash_tsvs:754 - Filtering contigs below depth filter: 0.25.
2025-11-10 08:48:18.386 | INFO     | plassembler.utils.plass_class:combine_depth_mash_tsvs:756 - All plasmids whose short and long read copy numbers are both below 0.25 will be removed.
2025-11-10 08:48:18.386 | INFO     | plassembler.utils.plass_class:combine_depth_mash_tsvs:772 - No plasmids were filtered due to low depth.
2025-11-10 08:48:19.774 | INFO     | plassembler:end_plassembler:118 - Plassembler has finished
2025-11-10 08:48:19.775 | INFO     | plassembler:end_plassembler:119 - Elapsed time: 813.25 seconds
