/data/djs217/miniconda3/envs/hybracter_env/lib/python3.11/site-packages/hybracter/workflow/conda/78019da34467f1ccbd2a1e2321558605_/lib/python3.12/site-packages/click/core.py:1213: UserWarning: The parameter --flye_directory is used more than once. Remove its duplicate as parameters should be unique.
  parser = self.make_parser(ctx)
/data/djs217/miniconda3/envs/hybracter_env/lib/python3.11/site-packages/hybracter/workflow/conda/78019da34467f1ccbd2a1e2321558605_/lib/python3.12/site-packages/click/core.py:1206: UserWarning: The parameter --flye_directory is used more than once. Remove its duplicate as parameters should be unique.
  self.parse_args(ctx, args)
2026-03-28 19:07:53.305 | INFO     | plassembler:begin_plassembler:101 - You are using Plassembler version 1.8.1

2026-03-28 19:07:53.305 | INFO     | plassembler:begin_plassembler:102 - Repository homepage is https://github.com/gbouras13/plassembler
2026-03-28 19:07:53.305 | INFO     | plassembler:begin_plassembler:103 - Written by George Bouras: george.bouras@adelaide.edu.au
2026-03-28 19:07:53.305 | INFO     | plassembler:run:412 - Database directory is /data/djs217/miniconda3/envs/hybracter_env/lib/python3.11/site-packages/hybracter/workflow/../databases
2026-03-28 19:07:53.305 | INFO     | plassembler:run:413 - Longreads file is hybracter-hybrid-misc/processing/qc/NCPPB_1337_nakataecorchorii_filt_trim.fastq.gz
2026-03-28 19:07:53.305 | INFO     | plassembler:run:414 - R1 fasta file is hybracter-hybrid-misc/processing/qc/fastp/NCPPB_1337_nakataecorchorii_1.fastq.gz
2026-03-28 19:07:53.306 | INFO     | plassembler:run:415 - R2 fasta file is hybracter-hybrid-misc/processing/qc/fastp/NCPPB_1337_nakataecorchorii_2.fastq.gz
2026-03-28 19:07:53.306 | INFO     | plassembler:run:416 - Chromosome length threshold is 4500000
2026-03-28 19:07:53.306 | INFO     | plassembler:run:417 - Output directory is hybracter-hybrid-misc/processing/plassembler/NCPPB_1337_nakataecorchorii
2026-03-28 19:07:53.306 | INFO     | plassembler:run:418 - Min long read length is 500
2026-03-28 19:07:53.306 | INFO     | plassembler:run:419 - Min long read quality is 9
2026-03-28 19:07:53.306 | INFO     | plassembler:run:420 - Thread count is 12
2026-03-28 19:07:53.306 | INFO     | plassembler:run:421 - --force is True
2026-03-28 19:07:53.306 | INFO     | plassembler:run:422 - --skip_qc is True
2026-03-28 19:07:53.306 | INFO     | plassembler:run:423 - --raw_flag is False
2026-03-28 19:07:53.306 | INFO     | plassembler:run:424 - --pacbio_model is nothing
2026-03-28 19:07:53.306 | INFO     | plassembler:run:425 - --keep_fastqs is False
2026-03-28 19:07:53.306 | INFO     | plassembler:run:426 - --keep_chromosome is False
2026-03-28 19:07:53.306 | INFO     | plassembler:run:427 - --flye_directory is hybracter-hybrid-misc/processing/assemblies/NCPPB_1337_nakataecorchorii
2026-03-28 19:07:53.306 | INFO     | plassembler:run:428 - --flye_assembly is nothing
2026-03-28 19:07:53.306 | INFO     | plassembler:run:429 - --flye_info is nothing
2026-03-28 19:07:53.306 | INFO     | plassembler:run:430 - --no_chromosome is False
2026-03-28 19:07:53.306 | INFO     | plassembler:run:431 - --use_raven is False
2026-03-28 19:07:53.306 | INFO     | plassembler:run:432 - --depth_filter is 0.25
2026-03-28 19:07:53.306 | INFO     | plassembler:run:433 - --unicycler_options is None
2026-03-28 19:07:53.306 | INFO     | plassembler:run:434 - --spades_options is None
2026-03-28 19:07:53.306 | INFO     | plassembler:run:435 - --skip_mash is False
2026-03-28 19:07:53.306 | INFO     | plassembler:run:439 - Checking dependencies
2026-03-28 19:07:53.380 | INFO     | plassembler.utils.input_commands:check_dependencies:199 - Flye version found is v2.9.6-b1802.
2026-03-28 19:07:53.380 | INFO     | plassembler.utils.input_commands:check_dependencies:209 - Flye version is ok.
2026-03-28 19:07:53.382 | INFO     | plassembler.utils.input_commands:check_dependencies:218 - Raven v1.8.3 found.
2026-03-28 19:07:53.382 | INFO     | plassembler.utils.input_commands:check_dependencies:220 - Raven version is ok.
2026-03-28 19:07:53.647 | INFO     | plassembler.utils.input_commands:check_dependencies:242 - Unicycler version found is v0.5.1.
2026-03-28 19:07:53.648 | INFO     | plassembler.utils.input_commands:check_dependencies:255 - Unicycler version is ok.
2026-03-28 19:07:53.738 | INFO     | plassembler.utils.input_commands:check_dependencies:265 - SPAdes v4.2.0 found.
2026-03-28 19:07:53.785 | INFO     | plassembler.utils.input_commands:check_dependencies:278 - Samtools v1.22.1 found.
2026-03-28 19:07:53.788 | INFO     | plassembler.utils.input_commands:check_dependencies:289 - minimap2 v2.30-r1287 found.
2026-03-28 19:07:53.796 | INFO     | plassembler.utils.input_commands:check_dependencies:300 - fastp v1.0.1 found.
2026-03-28 19:07:53.826 | INFO     | plassembler.utils.input_commands:check_dependencies:311 - chopper v0.11.0 found.
2026-03-28 19:07:53.852 | INFO     | plassembler.utils.input_commands:check_dependencies:326 - mash v2.3 found.
2026-03-28 19:07:55.287 | INFO     | plassembler.utils.input_commands:check_dependencies:337 - canu v2.2 found.
2026-03-28 19:07:56.398 | INFO     | plassembler.utils.input_commands:check_dependencies:348 - dnaapler v1.3.0 found.
2026-03-28 19:07:56.995 | INFO     | plassembler.utils.input_commands:check_dependencies:365 - BLAST version found is v2.17.0.
2026-03-28 19:07:56.995 | INFO     | plassembler.utils.input_commands:check_dependencies:371 - All dependencies found.
2026-03-28 19:07:56.995 | INFO     | plassembler:run:448 - Checking database installation.
2026-03-28 19:07:56.996 | INFO     | plassembler.utils.db:check_db_installation:52 - PLSDB Database mash sketch at /data/djs217/miniconda3/envs/hybracter_env/lib/python3.11/site-packages/hybracter/workflow/../databases/plsdb_2023_11_03_v2.msh exists.
2026-03-28 19:07:56.996 | INFO     | plassembler.utils.db:check_db_installation:53 - PLSDB Database tsv metadata file at /data/djs217/miniconda3/envs/hybracter_env/lib/python3.11/site-packages/hybracter/workflow/../databases/plsdb_2023_11_03_v2.tsv exists.
2026-03-28 19:07:56.996 | INFO     | plassembler.utils.db:check_db_installation:54 - PLSDB Database at /data/djs217/miniconda3/envs/hybracter_env/lib/python3.11/site-packages/hybracter/workflow/../databases has already been downloaded
2026-03-28 19:07:56.996 | INFO     | plassembler:run:456 - Database successfully checked.
2026-03-28 19:07:56.996 | INFO     | plassembler:run:459 - Checking input fastqs.
2026-03-28 19:07:56.999 | INFO     | plassembler.utils.input_commands:validate_fastq:24 - FASTQ hybracter-hybrid-misc/processing/qc/NCPPB_1337_nakataecorchorii_filt_trim.fastq.gz checked
2026-03-28 19:07:57.040 | INFO     | plassembler.utils.input_commands:validate_fastq:24 - FASTQ hybracter-hybrid-misc/processing/qc/fastp/NCPPB_1337_nakataecorchorii_1.fastq.gz checked
2026-03-28 19:07:57.065 | INFO     | plassembler.utils.input_commands:validate_fastq:24 - FASTQ hybracter-hybrid-misc/processing/qc/fastp/NCPPB_1337_nakataecorchorii_2.fastq.gz checked
2026-03-28 19:07:57.066 | INFO     | plassembler:run:467 - FASTQ file hybracter-hybrid-misc/processing/qc/NCPPB_1337_nakataecorchorii_filt_trim.fastq.gz compression is True
2026-03-28 19:07:57.066 | INFO     | plassembler:run:468 - FASTQ file hybracter-hybrid-misc/processing/qc/fastp/NCPPB_1337_nakataecorchorii_1.fastq.gz compression is True
2026-03-28 19:07:57.066 | INFO     | plassembler:run:469 - FASTQ file hybracter-hybrid-misc/processing/qc/fastp/NCPPB_1337_nakataecorchorii_2.fastq.gz compression is True
2026-03-28 19:07:57.303 | INFO     | plassembler:run:518 - You have specified a hybracter-hybrid-misc/processing/assemblies/NCPPB_1337_nakataecorchorii with an existing flye assembly.
2026-03-28 19:07:57.303 | INFO     | plassembler:run:521 - Copying files.
2026-03-28 19:07:57.307 | INFO     | plassembler:run:562 - Counting Contigs.
2026-03-28 19:07:57.341 | INFO     | plassembler.utils.plass_class:get_contig_count:87 - Assembled 4 contigs.
2026-03-28 19:07:57.341 | INFO     | plassembler:run:773 - More than one contig was assembled with Flye.
2026-03-28 19:07:57.341 | INFO     | plassembler:run:774 - Extracting Chromosome.
2026-03-28 19:07:57.417 | INFO     | plassembler:run:809 - Chromosome Identified. Plassembler will now use long and short reads to assemble plasmids accurately.
2026-03-28 19:07:57.417 | INFO     | plassembler:run:811 - Mapping long reads.
2026-03-28 19:07:57.417 | INFO     | plassembler.utils.external_tools:run_to_stdout:67 - Started running minimap2 -ax map-ont -t 12 hybracter-hybrid-misc/processing/plassembler/NCPPB_1337_nakataecorchorii/flye_renamed.fasta hybracter-hybrid-misc/processing/plassembler/NCPPB_1337_nakataecorchorii/chopper_long_reads.fastq.gz ...
2026-03-28 19:08:20.848 | INFO     | plassembler.utils.external_tools:run_to_stdout:69 - Done running minimap2 -ax map-ont -t 12 hybracter-hybrid-misc/processing/plassembler/NCPPB_1337_nakataecorchorii/flye_renamed.fasta hybracter-hybrid-misc/processing/plassembler/NCPPB_1337_nakataecorchorii/chopper_long_reads.fastq.gz
2026-03-28 19:08:20.848 | INFO     | plassembler:run:820 - Skipping short read trimming as --skip_qc is True
2026-03-28 19:09:43.769 | INFO     | plassembler:run:830 - Mapping short reads.
2026-03-28 19:09:43.771 | INFO     | plassembler.utils.external_tools:run_to_stdout:67 - Started running minimap2 -ax sr -t 12 hybracter-hybrid-misc/processing/plassembler/NCPPB_1337_nakataecorchorii/flye_renamed.fasta hybracter-hybrid-misc/processing/plassembler/NCPPB_1337_nakataecorchorii/trimmed_R1.fastq hybracter-hybrid-misc/processing/plassembler/NCPPB_1337_nakataecorchorii/trimmed_R2.fastq ...
2026-03-28 19:10:37.141 | INFO     | plassembler.utils.external_tools:run_to_stdout:69 - Done running minimap2 -ax sr -t 12 hybracter-hybrid-misc/processing/plassembler/NCPPB_1337_nakataecorchorii/flye_renamed.fasta hybracter-hybrid-misc/processing/plassembler/NCPPB_1337_nakataecorchorii/trimmed_R1.fastq hybracter-hybrid-misc/processing/plassembler/NCPPB_1337_nakataecorchorii/trimmed_R2.fastq
2026-03-28 19:10:37.142 | INFO     | plassembler:run:837 - Processing Sam/Bam Files and extracting Fastqs.
2026-03-28 19:10:37.731 | INFO     | plassembler.utils.external_tools:run_to_stdout:67 - Started running samtools view -h -@ 12 -b hybracter-hybrid-misc/processing/plassembler/NCPPB_1337_nakataecorchorii/short_read.sam ...
2026-03-28 19:11:28.665 | INFO     | plassembler.utils.external_tools:run_to_stdout:69 - Done running samtools view -h -@ 12 -b hybracter-hybrid-misc/processing/plassembler/NCPPB_1337_nakataecorchorii/short_read.sam
2026-03-28 19:11:28.666 | INFO     | plassembler.utils.external_tools:run_to_stdout:67 - Started running samtools view -b -h -@ 12 -L hybracter-hybrid-misc/processing/plassembler/NCPPB_1337_nakataecorchorii/non_chromosome.bed hybracter-hybrid-misc/processing/plassembler/NCPPB_1337_nakataecorchorii/short_read.bam ...
2026-03-28 19:11:32.627 | INFO     | plassembler.utils.external_tools:run_to_stdout:69 - Done running samtools view -b -h -@ 12 -L hybracter-hybrid-misc/processing/plassembler/NCPPB_1337_nakataecorchorii/non_chromosome.bed hybracter-hybrid-misc/processing/plassembler/NCPPB_1337_nakataecorchorii/short_read.bam
2026-03-28 19:11:32.628 | INFO     | plassembler.utils.external_tools:run_to_stdout:67 - Started running samtools view -b -h -f 4 -@ 12 hybracter-hybrid-misc/processing/plassembler/NCPPB_1337_nakataecorchorii/short_read.bam ...
2026-03-28 19:11:34.562 | INFO     | plassembler.utils.external_tools:run_to_stdout:69 - Done running samtools view -b -h -f 4 -@ 12 hybracter-hybrid-misc/processing/plassembler/NCPPB_1337_nakataecorchorii/short_read.bam
2026-03-28 19:11:34.563 | INFO     | plassembler.utils.external_tools:run_to_stdout:67 - Started running samtools view -b -h -@ 12 -L hybracter-hybrid-misc/processing/plassembler/NCPPB_1337_nakataecorchorii/chromosome.bed hybracter-hybrid-misc/processing/plassembler/NCPPB_1337_nakataecorchorii/short_read.bam ...
2026-03-28 19:12:11.531 | INFO     | plassembler.utils.external_tools:run_to_stdout:69 - Done running samtools view -b -h -@ 12 -L hybracter-hybrid-misc/processing/plassembler/NCPPB_1337_nakataecorchorii/chromosome.bed hybracter-hybrid-misc/processing/plassembler/NCPPB_1337_nakataecorchorii/short_read.bam
2026-03-28 19:12:11.533 | INFO     | plassembler.utils.external_tools:run:58 - Started running samtools fastq -@ 12 hybracter-hybrid-misc/processing/plassembler/NCPPB_1337_nakataecorchorii/unmapped_bam_file.bam -1 hybracter-hybrid-misc/processing/plassembler/NCPPB_1337_nakataecorchorii/unmapped_R1.fastq -2 hybracter-hybrid-misc/processing/plassembler/NCPPB_1337_nakataecorchorii/unmapped_R2.fastq -0 /dev/null -s /dev/null -n ...
2026-03-28 19:12:11.806 | INFO     | plassembler.utils.external_tools:run:60 - Done running samtools fastq -@ 12 hybracter-hybrid-misc/processing/plassembler/NCPPB_1337_nakataecorchorii/unmapped_bam_file.bam -1 hybracter-hybrid-misc/processing/plassembler/NCPPB_1337_nakataecorchorii/unmapped_R1.fastq -2 hybracter-hybrid-misc/processing/plassembler/NCPPB_1337_nakataecorchorii/unmapped_R2.fastq -0 /dev/null -s /dev/null -n
2026-03-28 19:12:11.808 | INFO     | plassembler.utils.external_tools:run:58 - Started running samtools fastq -@ 12 hybracter-hybrid-misc/processing/plassembler/NCPPB_1337_nakataecorchorii/non_chromosome.bam -1 hybracter-hybrid-misc/processing/plassembler/NCPPB_1337_nakataecorchorii/mapped_non_chromosome_R1.fastq -2 hybracter-hybrid-misc/processing/plassembler/NCPPB_1337_nakataecorchorii/mapped_non_chromosome_R2.fastq -0 /dev/null -s /dev/null -n ...
2026-03-28 19:12:14.302 | INFO     | plassembler.utils.external_tools:run:60 - Done running samtools fastq -@ 12 hybracter-hybrid-misc/processing/plassembler/NCPPB_1337_nakataecorchorii/non_chromosome.bam -1 hybracter-hybrid-misc/processing/plassembler/NCPPB_1337_nakataecorchorii/mapped_non_chromosome_R1.fastq -2 hybracter-hybrid-misc/processing/plassembler/NCPPB_1337_nakataecorchorii/mapped_non_chromosome_R2.fastq -0 /dev/null -s /dev/null -n
2026-03-28 19:12:36.520 | INFO     | plassembler:run:854 - Running Unicycler.
2026-03-28 19:12:36.521 | INFO     | plassembler.utils.external_tools:run:58 - Started running unicycler -1 hybracter-hybrid-misc/processing/plassembler/NCPPB_1337_nakataecorchorii/short_read_concat_R1.fastq -2 hybracter-hybrid-misc/processing/plassembler/NCPPB_1337_nakataecorchorii/short_read_concat_R2.fastq -l hybracter-hybrid-misc/processing/plassembler/NCPPB_1337_nakataecorchorii/plasmid_long.fastq -t 12 -o hybracter-hybrid-misc/processing/plassembler/NCPPB_1337_nakataecorchorii/unicycler_output ...
2026-03-28 19:17:49.051 | INFO     | plassembler.utils.external_tools:run:60 - Done running unicycler -1 hybracter-hybrid-misc/processing/plassembler/NCPPB_1337_nakataecorchorii/short_read_concat_R1.fastq -2 hybracter-hybrid-misc/processing/plassembler/NCPPB_1337_nakataecorchorii/short_read_concat_R2.fastq -l hybracter-hybrid-misc/processing/plassembler/NCPPB_1337_nakataecorchorii/plasmid_long.fastq -t 12 -o hybracter-hybrid-misc/processing/plassembler/NCPPB_1337_nakataecorchorii/unicycler_output
2026-03-28 19:17:49.052 | INFO     | plassembler:run:879 - Unicycler identified plasmids. Calculating Plasmid Copy Numbers.
2026-03-28 19:17:49.116 | INFO     | plassembler.utils.external_tools:run_to_stdout:67 - Started running minimap2 -ax map-ont -t 12 hybracter-hybrid-misc/processing/plassembler/NCPPB_1337_nakataecorchorii/combined.fasta hybracter-hybrid-misc/processing/plassembler/NCPPB_1337_nakataecorchorii/chopper_long_reads.fastq.gz ...
2026-03-28 19:18:14.551 | INFO     | plassembler.utils.external_tools:run_to_stdout:69 - Done running minimap2 -ax map-ont -t 12 hybracter-hybrid-misc/processing/plassembler/NCPPB_1337_nakataecorchorii/combined.fasta hybracter-hybrid-misc/processing/plassembler/NCPPB_1337_nakataecorchorii/chopper_long_reads.fastq.gz
2026-03-28 19:18:14.553 | INFO     | plassembler.utils.external_tools:run:58 - Started running samtools sort -@ 12 hybracter-hybrid-misc/processing/plassembler/NCPPB_1337_nakataecorchorii/combined_long.sam -o hybracter-hybrid-misc/processing/plassembler/NCPPB_1337_nakataecorchorii/combined_sorted_long.bam ...
2026-03-28 19:18:25.124 | INFO     | plassembler.utils.external_tools:run:60 - Done running samtools sort -@ 12 hybracter-hybrid-misc/processing/plassembler/NCPPB_1337_nakataecorchorii/combined_long.sam -o hybracter-hybrid-misc/processing/plassembler/NCPPB_1337_nakataecorchorii/combined_sorted_long.bam
2026-03-28 19:18:25.125 | INFO     | plassembler.utils.external_tools:run_to_stdout:67 - Started running minimap2 -ax sr -t 12 hybracter-hybrid-misc/processing/plassembler/NCPPB_1337_nakataecorchorii/combined.fasta hybracter-hybrid-misc/processing/plassembler/NCPPB_1337_nakataecorchorii/trimmed_R1.fastq hybracter-hybrid-misc/processing/plassembler/NCPPB_1337_nakataecorchorii/trimmed_R2.fastq ...
2026-03-28 19:21:12.240 | INFO     | plassembler.utils.external_tools:run_to_stdout:69 - Done running minimap2 -ax sr -t 12 hybracter-hybrid-misc/processing/plassembler/NCPPB_1337_nakataecorchorii/combined.fasta hybracter-hybrid-misc/processing/plassembler/NCPPB_1337_nakataecorchorii/trimmed_R1.fastq hybracter-hybrid-misc/processing/plassembler/NCPPB_1337_nakataecorchorii/trimmed_R2.fastq
2026-03-28 19:21:12.259 | INFO     | plassembler.utils.external_tools:run:58 - Started running samtools sort -@ 12 hybracter-hybrid-misc/processing/plassembler/NCPPB_1337_nakataecorchorii/combined_short.sam -o hybracter-hybrid-misc/processing/plassembler/NCPPB_1337_nakataecorchorii/combined_sorted_short.bam ...
2026-03-28 19:23:13.896 | INFO     | plassembler.utils.external_tools:run:60 - Done running samtools sort -@ 12 hybracter-hybrid-misc/processing/plassembler/NCPPB_1337_nakataecorchorii/combined_short.sam -o hybracter-hybrid-misc/processing/plassembler/NCPPB_1337_nakataecorchorii/combined_sorted_short.bam
2026-03-28 19:23:43.565 | INFO     | plassembler:run:887 - Calculating mash distances to PLSDB.
2026-03-28 19:23:43.565 | INFO     | plassembler:run:895 - Calculating mash distances to PLSDB.
2026-03-28 19:23:43.600 | INFO     | plassembler.utils.external_tools:run:58 - Started running mash sketch hybracter-hybrid-misc/processing/plassembler/NCPPB_1337_nakataecorchorii/plasmids.fasta -i ...
2026-03-28 19:23:43.676 | INFO     | plassembler.utils.external_tools:run:60 - Done running mash sketch hybracter-hybrid-misc/processing/plassembler/NCPPB_1337_nakataecorchorii/plasmids.fasta -i
2026-03-28 19:23:43.677 | INFO     | plassembler.utils.external_tools:run_to_stdout:67 - Started running mash dist hybracter-hybrid-misc/processing/plassembler/NCPPB_1337_nakataecorchorii/plasmids.fasta.msh /data/djs217/miniconda3/envs/hybracter_env/lib/python3.11/site-packages/hybracter/workflow/../databases/plsdb_2023_11_03_v2.msh -v 0.1 -d 0.1 -i ...
2026-03-28 19:23:50.521 | INFO     | plassembler.utils.external_tools:run_to_stdout:69 - Done running mash dist hybracter-hybrid-misc/processing/plassembler/NCPPB_1337_nakataecorchorii/plasmids.fasta.msh /data/djs217/miniconda3/envs/hybracter_env/lib/python3.11/site-packages/hybracter/workflow/../databases/plsdb_2023_11_03_v2.msh -v 0.1 -d 0.1 -i
2026-03-28 19:23:51.806 | INFO     | plassembler.utils.plass_class:combine_depth_mash_tsvs:754 - Filtering contigs below depth filter: 0.25.
2026-03-28 19:23:51.806 | INFO     | plassembler.utils.plass_class:combine_depth_mash_tsvs:756 - All plasmids whose short and long read copy numbers are both below 0.25 will be removed.
2026-03-28 19:23:51.806 | INFO     | plassembler.utils.plass_class:combine_depth_mash_tsvs:772 - No plasmids were filtered due to low depth.
2026-03-28 19:23:53.175 | INFO     | plassembler:end_plassembler:118 - Plassembler has finished
2026-03-28 19:23:53.176 | INFO     | plassembler:end_plassembler:119 - Elapsed time: 959.89 seconds
