[2026-03-22 14:19:47] INFO: Starting Flye 2.9.6-b1802
[2026-03-22 14:19:47] INFO: >>>STAGE: configure
[2026-03-22 14:19:47] INFO: Configuring run
[2026-03-22 14:20:01] INFO: Total read length: 396497970
[2026-03-22 14:20:01] INFO: Reads N50/N90: 18892 / 14951
[2026-03-22 14:20:01] INFO: Minimum overlap set to 10000
[2026-03-22 14:20:01] INFO: >>>STAGE: assembly
[2026-03-22 14:20:01] INFO: Assembling disjointigs
[2026-03-22 14:20:01] INFO: Reading sequences
[2026-03-22 14:20:05] INFO: Building minimizer index
[2026-03-22 14:20:05] INFO: Pre-calculating index storage
0% 10% 20% 30% 40% 50% 60% 70% 80% 90% 100% 
[2026-03-22 14:20:10] INFO: Filling index
0% 10% 20% 30% 40% 50% 60% 70% 80% 90% 100% 
[2026-03-22 14:20:30] INFO: Extending reads
[2026-03-22 14:22:15] INFO: Overlap-based coverage: 78
[2026-03-22 14:22:15] INFO: Median overlap divergence: 0.00442952
0% 90% 100% 
[2026-03-22 14:24:53] INFO: Assembled 1 disjointigs
[2026-03-22 14:24:53] INFO: Generating sequence
0% 10% 20% 30% 40% 50% 60% 70% 80% 90% 100% 
[2026-03-22 14:24:54] INFO: Filtering contained disjointigs
0% 100% 
[2026-03-22 14:24:56] INFO: Contained seqs: 0
[2026-03-22 14:24:56] INFO: >>>STAGE: consensus
[2026-03-22 14:24:56] INFO: Running Minimap2
[2026-03-22 14:25:22] INFO: Computing consensus
[2026-03-22 14:26:13] INFO: Alignment error rate: 0.008362
[2026-03-22 14:26:13] INFO: >>>STAGE: repeat
[2026-03-22 14:26:13] INFO: Building and resolving repeat graph
[2026-03-22 14:26:13] INFO: Parsing disjointigs
[2026-03-22 14:26:13] INFO: Building repeat graph
0% 100% 
[2026-03-22 14:26:15] INFO: Median overlap divergence: 0.00188556
[2026-03-22 14:26:16] INFO: Parsing reads
[2026-03-22 14:26:20] INFO: Aligning reads to the graph
0% 10% 20% 30% 40% 50% 60% 70% 80% 90% 100% 
[2026-03-22 14:26:41] INFO: Aligned read sequence: 390401626 / 396497970 (0.984625)
[2026-03-22 14:26:41] INFO: Median overlap divergence: 0.00203818
[2026-03-22 14:26:41] INFO: Mean edge coverage: 81
[2026-03-22 14:26:41] INFO: Simplifying the graph
[2026-03-22 14:26:41] INFO: >>>STAGE: contigger
[2026-03-22 14:26:41] INFO: Generating contigs
[2026-03-22 14:26:41] INFO: Reading sequences
[2026-03-22 14:26:45] INFO: Generated 1 contigs
[2026-03-22 14:26:45] INFO: Added 0 scaffold connections
[2026-03-22 14:26:46] INFO: >>>STAGE: polishing
[2026-03-22 14:26:46] INFO: Polishing genome (1/1)
[2026-03-22 14:26:46] INFO: Running minimap2
[2026-03-22 14:27:18] INFO: Separating alignment into bubbles
[2026-03-22 14:28:23] INFO: Alignment error rate: 0.004235
[2026-03-22 14:28:23] INFO: Correcting bubbles
0% 10% 20% 30% 40% 50% 60% 70% 80% 90% 100% 
[2026-03-22 14:28:49] INFO: >>>STAGE: finalize
[2026-03-22 14:28:49] INFO: Assembly statistics:

	Total length:	4780818
	Fragments:	1
	Fragments N50:	4780818
	Largest frg:	4780818
	Scaffolds:	0
	Mean coverage:	83

[2026-03-22 14:28:49] INFO: Final assembly: /data/djs217/PROJECTS/xanthomonas-genome-assemblies/pectobacterium/hybracter-hybrid/processing/assemblies/NCPPB_1639/assembly.fasta
