[2026-04-01 12:59:48] INFO: Starting Flye 2.9.6-b1802
[2026-04-01 12:59:48] INFO: >>>STAGE: configure
[2026-04-01 12:59:48] INFO: Configuring run
[2026-04-01 12:59:55] INFO: Total read length: 496933885
[2026-04-01 12:59:55] INFO: Reads N50/N90: 22662 / 16401
[2026-04-01 12:59:55] INFO: Minimum overlap set to 10000
[2026-04-01 12:59:55] INFO: >>>STAGE: assembly
[2026-04-01 12:59:55] INFO: Assembling disjointigs
[2026-04-01 12:59:55] INFO: Reading sequences
[2026-04-01 13:00:02] INFO: Building minimizer index
[2026-04-01 13:00:02] INFO: Pre-calculating index storage
0% 10% 20% 30% 40% 50% 60% 70% 80% 90% 100% 
[2026-04-01 13:00:06] INFO: Filling index
0% 10% 20% 30% 40% 50% 60% 70% 80% 90% 100% 
[2026-04-01 13:00:22] INFO: Extending reads
[2026-04-01 13:02:40] INFO: Overlap-based coverage: 86
[2026-04-01 13:02:40] INFO: Median overlap divergence: 0.00437284
0% 90% 100% 
[2026-04-01 13:04:04] INFO: Assembled 14 disjointigs
[2026-04-01 13:04:04] INFO: Generating sequence
0% 10% 20% 30% 40% 50% 60% 70% 80% 90% 100% 
[2026-04-01 13:04:05] INFO: Filtering contained disjointigs
0% 10% 20% 30% 40% 50% 60% 70% 80% 90% 100% 
[2026-04-01 13:04:07] INFO: Contained seqs: 10
[2026-04-01 13:04:07] INFO: >>>STAGE: consensus
[2026-04-01 13:04:07] INFO: Running Minimap2
[2026-04-01 13:04:43] INFO: Computing consensus
[2026-04-01 13:05:21] INFO: Alignment error rate: 0.007319
[2026-04-01 13:05:22] INFO: >>>STAGE: repeat
[2026-04-01 13:05:22] INFO: Building and resolving repeat graph
[2026-04-01 13:05:22] INFO: Parsing disjointigs
[2026-04-01 13:05:22] INFO: Building repeat graph
0% 20% 50% 70% 100% 
[2026-04-01 13:05:25] INFO: Median overlap divergence: 0.00117693
[2026-04-01 13:05:25] INFO: Parsing reads
[2026-04-01 13:05:31] INFO: Aligning reads to the graph
0% 10% 20% 30% 40% 50% 60% 70% 80% 90% 100% 
[2026-04-01 13:05:47] INFO: Aligned read sequence: 493005960 / 496933885 (0.992096)
[2026-04-01 13:05:47] INFO: Median overlap divergence: 0.00192386
[2026-04-01 13:05:47] INFO: Mean edge coverage: 91
[2026-04-01 13:05:47] INFO: Simplifying the graph
[2026-04-01 13:05:47] INFO: >>>STAGE: contigger
[2026-04-01 13:05:47] INFO: Generating contigs
[2026-04-01 13:05:47] INFO: Reading sequences
[2026-04-01 13:05:52] INFO: Generated 3 contigs
[2026-04-01 13:05:52] INFO: Added 0 scaffold connections
[2026-04-01 13:05:52] INFO: >>>STAGE: polishing
[2026-04-01 13:05:52] INFO: Polishing genome (1/1)
[2026-04-01 13:05:52] INFO: Running minimap2
[2026-04-01 13:06:30] INFO: Separating alignment into bubbles
[2026-04-01 13:07:20] INFO: Alignment error rate: 0.004085
[2026-04-01 13:07:20] INFO: Correcting bubbles
0% 10% 20% 30% 40% 50% 60% 70% 80% 90% 100% 
[2026-04-01 13:07:50] INFO: >>>STAGE: finalize
[2026-04-01 13:07:50] INFO: Assembly statistics:

	Total length:	5373143
	Fragments:	3
	Fragments N50:	5260497
	Largest frg:	5260497
	Scaffolds:	0
	Mean coverage:	92

[2026-04-01 13:07:50] INFO: Final assembly: /data/djs217/PROJECTS/xanthomonas-genome-assemblies/xanthomonas_march_2026/hybracter-hybrid-556/processing/assemblies/NCPPB_556/assembly.fasta
