[M::bwa_idx_load_from_disk] read 0 ALT contigs
[M::process] read 611356 sequences (80000052 bp)...
[M::process] read 607756 sequences (80000077 bp)...
[M::mem_process_seqs] Processed 611356 reads in 29.574 CPU sec, 3.658 real sec
[M::process] read 605518 sequences (80000076 bp)...
[M::mem_process_seqs] Processed 607756 reads in 24.235 CPU sec, 2.922 real sec
[M::process] read 609772 sequences (80000203 bp)...
[M::mem_process_seqs] Processed 605518 reads in 24.609 CPU sec, 2.954 real sec
[M::process] read 606414 sequences (80000174 bp)...
[M::mem_process_seqs] Processed 609772 reads in 23.237 CPU sec, 2.794 real sec
[M::process] read 604062 sequences (80000254 bp)...
[M::mem_process_seqs] Processed 606414 reads in 23.228 CPU sec, 2.783 real sec
[M::process] read 607402 sequences (80000083 bp)...
[M::mem_process_seqs] Processed 604062 reads in 23.029 CPU sec, 2.742 real sec
[M::process] read 605324 sequences (80000183 bp)...
[M::mem_process_seqs] Processed 607402 reads in 23.223 CPU sec, 2.780 real sec
[M::process] read 603796 sequences (80000248 bp)...
[M::mem_process_seqs] Processed 605324 reads in 23.234 CPU sec, 2.766 real sec
[M::process] read 605654 sequences (80000025 bp)...
[M::mem_process_seqs] Processed 603796 reads in 22.584 CPU sec, 2.707 real sec
[M::process] read 604022 sequences (80000144 bp)...
[M::mem_process_seqs] Processed 605654 reads in 23.384 CPU sec, 2.811 real sec
[M::process] read 604192 sequences (80000031 bp)...
[M::mem_process_seqs] Processed 604022 reads in 23.794 CPU sec, 2.902 real sec
[M::process] read 614750 sequences (80000102 bp)...
[M::mem_process_seqs] Processed 604192 reads in 23.657 CPU sec, 2.819 real sec
[M::process] read 611850 sequences (80000047 bp)...
[M::mem_process_seqs] Processed 614750 reads in 22.853 CPU sec, 2.730 real sec
[M::process] read 458876 sequences (60078857 bp)...
[M::mem_process_seqs] Processed 611850 reads in 23.571 CPU sec, 2.840 real sec
[M::mem_process_seqs] Processed 458876 reads in 17.803 CPU sec, 2.208 real sec
[main] Version: 0.7.19-r1273
[main] CMD: bwa mem -t 8 -a hybracter-hybrid/processing/complete/medaka_rd_2/NCPPB_355/consensus.fasta hybracter-hybrid/processing/qc/fastp/NCPPB_355_2.fastq.gz
[main] Real time: 45.553 sec; CPU: 353.892 sec
