
Starting Unicycler (2026-04-18 16:00:51)
----------------------------------------
    Welcome to Unicycler, an assembly pipeline for bacterial genomes. Since you provided only short reads, Unicycler will essentially function as a SPAdes-optimiser. It will try many k-mer sizes, choose the best based on contig length and graph connectivity, and scaffold the graph using SPAdes repeat resolution.
    For more information, please see https://github.com/rrwick/Unicycler

Command: /data/djs217/miniconda3/envs/unicycler_env/bin/unicycler -1 N_2918_S114_R1_001_val_1.fq.gz -2 N_2918_S114_R2_001_val_2.fq.gz -o NCPPB_2918.unicycler

Unicycler version: v0.4.8
Using 8 threads

Making output directory:
  /data/djs217/PROJECTS/assembling-bacterial-genomes/PRJNA485808-ornamentals-april-2026/NCPPB_2918.unicycler

Dependencies:
  Program         Version   Status  
  spades.py       3.13.1    good    
  racon                     not used
  makeblastdb     2.12.0+   good    
  tblastn         2.12.0+   good    
  bowtie2-build   2.3.5.1   good    
  bowtie2         2.3.5.1   good    
  samtools        1.6       good    
  java            21.0.6    good    
  pilon           1.24      good    
  bcftools                  not used


SPAdes read error correction (2026-04-18 16:01:24)
--------------------------------------------------
    Unicycler uses the SPAdes read error correction module to reduce the number of errors in the short read before SPAdes assembly. This can make the assembly faster and simplify the assembly graph structure.

Command: /data/djs217/miniconda3/envs/unicycler_env/bin/spades.py -1 /data/djs217/PROJECTS/assembling-bacterial-genomes/PRJNA485808-ornamentals-april-2026/N_2918_S114_R1_001_val_1.fq.gz -2 /data/djs217/PROJECTS/assembling-bacterial-genomes/PRJNA485808-ornamentals-april-2026/N_2918_S114_R2_001_val_2.fq.gz -o /data/djs217/PROJECTS/assembling-bacterial-genomes/PRJNA485808-ornamentals-april-2026/NCPPB_2918.unicycler/spades_assembly/read_correction --threads 8 --only-error-correction

Corrected reads:
  /data/djs217/PROJECTS/assembling-bacterial-genomes/PRJNA485808-ornamentals-april-2026/NCPPB_2918.unicycler/spades_assembly/corrected_1.fastq.gz
  /data/djs217/PROJECTS/assembling-bacterial-genomes/PRJNA485808-ornamentals-april-2026/NCPPB_2918.unicycler/spades_assembly/corrected_2.fastq.gz


Choosing k-mer range for assembly (2026-04-18 16:09:34)
-------------------------------------------------------
    Unicycler chooses a k-mer range for SPAdes based on the length of the input reads. It uses a wide range of many k-mer sizes to maximise the chance of finding an ideal assembly.

SPAdes maximum k-mer: 127
Median read length: 150
K-mer range: 27, 47, 63, 77, 89, 99, 107, 115, 121, 127


SPAdes assemblies (2026-04-18 16:10:06)
---------------------------------------
    Unicycler now uses SPAdes to assemble the short reads. It scores the assembly graph for each k-mer using the number of contigs (fewer is better) and the number of dead ends (fewer is better). The score function is 1/(c*(d+2)), where c is the contig count and d is the dead end count.

K-mer   Contigs   Dead ends   Score   
   27                           failed
   47                           failed
   63                           failed
   77                           failed
   89                           failed
   99                           failed
  107                           failed
  115                           failed
  121                           failed
  127       259          35   1.04e-04 <-best

Read depth filter: removed 29 contigs totalling 9599 bp
Deleting /data/djs217/PROJECTS/assembling-bacterial-genomes/PRJNA485808-ornamentals-april-2026/NCPPB_2918.unicycler/spades_assembly/


Determining graph multiplicity (2026-04-18 16:17:23)
----------------------------------------------------
    Multiplicity is the number of times a sequence occurs in the underlying sequence. Single-copy contigs (those with a multiplicity of one, occurring only once in the underlying sequence) are particularly useful.

Saving /data/djs217/PROJECTS/assembling-bacterial-genomes/PRJNA485808-ornamentals-april-2026/NCPPB_2918.unicycler/001_best_spades_graph.gfa


Cleaning graph (2026-04-18 16:17:23)
------------------------------------
    Unicycler now performs various cleaning procedures on the graph to remove overlaps and simplify the graph structure. The end result is a graph ready for bridging.

Graph overlaps removed

Removed zero-length segments:
    145, 147, 149, 151, 152, 153, 154, 162, 173, 176, 177, 180, 182, 183, 185, 186, 187, 188, 202, 233, 235, 242, 244, 247

Removed zero-length segments:
    222, 253

Merged small segments:
    206, 215, 219, 221, 223, 225, 226, 227, 228, 229, 230, 231, 232, 236, 237, 238, 239, 240, 241, 243, 245, 246, 248, 249, 250, 251, 254, 255, 256

Saving /data/djs217/PROJECTS/assembling-bacterial-genomes/PRJNA485808-ornamentals-april-2026/NCPPB_2918.unicycler/002_overlaps_removed.gfa

    Unicycler now selects a set of anchor contigs from the single-copy contigs. These are the contigs which will be connected via bridges to form the final assembly.

82 anchor segments (4,929,836 bp) out of 204 total segments (4,986,647 bp)


Creating SPAdes contig bridges (2026-04-18 16:17:24)
----------------------------------------------------
    SPAdes uses paired-end information to perform repeat resolution (RR) and produce contigs from the assembly graph. SPAdes saves the graph paths corresponding to these contigs in the contigs.paths file. When one of these paths contains two or more anchor contigs, Unicycler can create a bridge from the path.

                                                                     Bridge
Start                          Path                         End     quality
  -33   -188 -> -170 -> -157 -> 164 -> 189 -> -141 -> 153   60         31.2
  -26                          -97                          55         19.6
    5                   -121 -> 95 -> -121                  -36        10.0
   12                    146 -> 85 -> 146                   74          8.6
   22                          145                          11         63.2
   25                          -128                         54         56.8
   29                          -145                         58         63.2
   30                          139                          61         63.2
   31                  -137 -> -126 -> -137                 53         22.4
   34                          151                          -70        62.6
   35                          -127                         65         56.4
   45                   -119 -> 96 -> -119                  8          10.2
   50                          -125                         64         54.3
   53                   138 -> 103 -> 138                   29         13.9
   54                          -128                         56         56.1
   55                          -97                          42         19.3
   62                          151                          12         62.5


Creating loop unrolling bridges (2026-04-18 16:17:24)
-----------------------------------------------------
    When a SPAdes contig path connects an anchor contig with the middle contig of a simple loop, Unicycler concludes that the sequences are contiguous (i.e. the loop is not a separate piece of DNA). It then uses the read depth of the middle and repeat contigs to guess the number of times to traverse the loop and makes a bridge.

                                  Loop count   Loop count    Loop    Bridge
Start   Repeat   Middle     End    by repeat    by middle   count   quality
   53      138      103      29         0.82         1.11       1      41.6
   12      146       85      74         1.18         1.04       1      42.1
  -26      -97       55      42         1.18         1.05       1      41.7
   25     -128       54      56         0.76         0.95       1      43.5
  -53      137      126     -31         0.80         0.99       1      43.0
   45     -119       96       8         0.93         1.03       1      44.3
    5     -121       95     -36         1.09         1.02       1      43.1


Applying bridges (2026-04-18 16:17:24)
--------------------------------------
    Unicycler now applies to the graph in decreasing order of quality. This ensures that when multiple, contradictory bridges exist, the most supported option is used.

Bridge type   Start -> end   Path                                    Quality
SPAdes          22 -> 11     145                                      63.244
SPAdes          29 -> 58     -145                                     63.241
SPAdes          30 -> 61     139                                      63.186
SPAdes          34 -> -70    151                                      62.551
SPAdes          62 -> 12     151                                      62.489
SPAdes          25 -> 54     -128                                     56.797
SPAdes          35 -> 65     -127                                     56.368
SPAdes          54 -> 56     -128                                     56.098
SPAdes          50 -> 64     -125                                     54.346
SPAdes         -33 -> 60     -188, -170, -157, 164, 189, -141, 153    31.173
SPAdes          31 -> 53     -137, -126, -137                         22.375
SPAdes         -26 -> 55     -97                                      19.565
SPAdes          55 -> 42     -97                                      19.283
SPAdes          53 -> 29     138, 103, 138                            13.932
SPAdes          45 -> 8      -119, 96, -119                           10.222
SPAdes           5 -> -36    -121, 95, -121                           10.016
loop            12 -> 74     146, 85, 146                             42.085

Saving /data/djs217/PROJECTS/assembling-bacterial-genomes/PRJNA485808-ornamentals-april-2026/NCPPB_2918.unicycler/003_bridges_applied.gfa


Bridged assembly graph (2026-04-18 16:17:24)
--------------------------------------------
    The assembly is now mostly finished and no more structural changes will be made. Ideally the assembly graph should now have one contig per replicon and no erroneous contigs (i.e a complete assembly). If there are more contigs, then the assembly is not complete.

Saving /data/djs217/PROJECTS/assembling-bacterial-genomes/PRJNA485808-ornamentals-april-2026/NCPPB_2918.unicycler/004_final_clean.gfa

Component   Segments   Links   Length      N50       Longest segment   Status    
    total        163     215   4,988,962   142,567           330,219             
        1        144     196   4,336,088   130,565           330,219   incomplete
        2          1       0     221,631   221,631           221,631   incomplete
        3          1       0     162,692   162,692           162,692   incomplete
        4          1       0     118,978   118,978           118,978   incomplete
        5          1       0      64,658    64,658            64,658   incomplete
        6          1       0      40,023    40,023            40,023   incomplete
        7         13      19      36,791    36,157            36,157   incomplete
        8          1       0       8,101     8,101             8,101   incomplete


Polishing assembly with Pilon (2026-04-18 16:17:24)
---------------------------------------------------
    Unicycler now conducts multiple rounds of Pilon in an attempt to repair any remaining small-scale errors with the assembly.

Aligning reads to find appropriate insert size range...
Insert size 1st percentile:  53
Insert size 99th percentile: 616

Pilon polish round 1
Total number of changes: 36

Pilon polish round 2
Total number of changes: 8

Pilon polish round 3
Total number of changes: 2

Pilon polish round 4
Total number of changes: 2

Pilon polish round 5
Total number of changes: 1

Pilon polish round 6
Total number of changes: 1

Pilon polish round 7
Total number of changes: 1

Pilon polish round 8
Total number of changes: 1

Pilon polish round 9
Total number of changes: 1

Pilon polish round 10
Total number of changes: 1

Saving /data/djs217/PROJECTS/assembling-bacterial-genomes/PRJNA485808-ornamentals-april-2026/NCPPB_2918.unicycler/005_polished.gfa


Assembly complete (2026-04-18 17:19:40)
---------------------------------------
Saving /data/djs217/PROJECTS/assembling-bacterial-genomes/PRJNA485808-ornamentals-april-2026/NCPPB_2918.unicycler/assembly.gfa
Saving /data/djs217/PROJECTS/assembling-bacterial-genomes/PRJNA485808-ornamentals-april-2026/NCPPB_2918.unicycler/assembly.fasta

