/data/djs217/miniconda3/envs/hybracter_env/lib/python3.11/site-packages/hybracter/workflow/conda/78019da34467f1ccbd2a1e2321558605_/lib/python3.12/site-packages/click/core.py:1213: UserWarning: The parameter --flye_directory is used more than once. Remove its duplicate as parameters should be unique.
  parser = self.make_parser(ctx)
/data/djs217/miniconda3/envs/hybracter_env/lib/python3.11/site-packages/hybracter/workflow/conda/78019da34467f1ccbd2a1e2321558605_/lib/python3.12/site-packages/click/core.py:1206: UserWarning: The parameter --flye_directory is used more than once. Remove its duplicate as parameters should be unique.
  self.parse_args(ctx, args)
2026-03-25 19:36:34.581 | INFO     | plassembler:begin_plassembler:101 - You are using Plassembler version 1.8.1

2026-03-25 19:36:34.581 | INFO     | plassembler:begin_plassembler:102 - Repository homepage is https://github.com/gbouras13/plassembler
2026-03-25 19:36:34.582 | INFO     | plassembler:begin_plassembler:103 - Written by George Bouras: george.bouras@adelaide.edu.au
2026-03-25 19:36:34.582 | INFO     | plassembler:run:412 - Database directory is /data/djs217/miniconda3/envs/hybracter_env/lib/python3.11/site-packages/hybracter/workflow/../databases
2026-03-25 19:36:34.582 | INFO     | plassembler:run:413 - Longreads file is hybracter-hybrid/processing/qc/NCPPB_4594_filt_trim.fastq.gz
2026-03-25 19:36:34.582 | INFO     | plassembler:run:414 - R1 fasta file is hybracter-hybrid/processing/qc/fastp/NCPPB_4594_1.fastq.gz
2026-03-25 19:36:34.582 | INFO     | plassembler:run:415 - R2 fasta file is hybracter-hybrid/processing/qc/fastp/NCPPB_4594_2.fastq.gz
2026-03-25 19:36:34.582 | INFO     | plassembler:run:416 - Chromosome length threshold is 450000
2026-03-25 19:36:34.582 | INFO     | plassembler:run:417 - Output directory is hybracter-hybrid/processing/plassembler/NCPPB_4594
2026-03-25 19:36:34.582 | INFO     | plassembler:run:418 - Min long read length is 500
2026-03-25 19:36:34.582 | INFO     | plassembler:run:419 - Min long read quality is 9
2026-03-25 19:36:34.582 | INFO     | plassembler:run:420 - Thread count is 12
2026-03-25 19:36:34.582 | INFO     | plassembler:run:421 - --force is True
2026-03-25 19:36:34.582 | INFO     | plassembler:run:422 - --skip_qc is True
2026-03-25 19:36:34.582 | INFO     | plassembler:run:423 - --raw_flag is False
2026-03-25 19:36:34.582 | INFO     | plassembler:run:424 - --pacbio_model is nothing
2026-03-25 19:36:34.582 | INFO     | plassembler:run:425 - --keep_fastqs is False
2026-03-25 19:36:34.582 | INFO     | plassembler:run:426 - --keep_chromosome is False
2026-03-25 19:36:34.582 | INFO     | plassembler:run:427 - --flye_directory is hybracter-hybrid/processing/assemblies/NCPPB_4594
2026-03-25 19:36:34.582 | INFO     | plassembler:run:428 - --flye_assembly is nothing
2026-03-25 19:36:34.582 | INFO     | plassembler:run:429 - --flye_info is nothing
2026-03-25 19:36:34.582 | INFO     | plassembler:run:430 - --no_chromosome is False
2026-03-25 19:36:34.582 | INFO     | plassembler:run:431 - --use_raven is False
2026-03-25 19:36:34.582 | INFO     | plassembler:run:432 - --depth_filter is 0.25
2026-03-25 19:36:34.582 | INFO     | plassembler:run:433 - --unicycler_options is None
2026-03-25 19:36:34.582 | INFO     | plassembler:run:434 - --spades_options is None
2026-03-25 19:36:34.582 | INFO     | plassembler:run:435 - --skip_mash is False
2026-03-25 19:36:34.582 | INFO     | plassembler:run:439 - Checking dependencies
2026-03-25 19:36:34.683 | INFO     | plassembler.utils.input_commands:check_dependencies:199 - Flye version found is v2.9.6-b1802.
2026-03-25 19:36:34.683 | INFO     | plassembler.utils.input_commands:check_dependencies:209 - Flye version is ok.
2026-03-25 19:36:34.686 | INFO     | plassembler.utils.input_commands:check_dependencies:218 - Raven v1.8.3 found.
2026-03-25 19:36:34.686 | INFO     | plassembler.utils.input_commands:check_dependencies:220 - Raven version is ok.
2026-03-25 19:36:34.739 | INFO     | plassembler.utils.input_commands:check_dependencies:242 - Unicycler version found is v0.5.1.
2026-03-25 19:36:34.739 | INFO     | plassembler.utils.input_commands:check_dependencies:255 - Unicycler version is ok.
2026-03-25 19:36:34.840 | INFO     | plassembler.utils.input_commands:check_dependencies:265 - SPAdes v4.2.0 found.
2026-03-25 19:36:34.856 | INFO     | plassembler.utils.input_commands:check_dependencies:278 - Samtools v1.22.1 found.
2026-03-25 19:36:34.859 | INFO     | plassembler.utils.input_commands:check_dependencies:289 - minimap2 v2.30-r1287 found.
2026-03-25 19:36:34.865 | INFO     | plassembler.utils.input_commands:check_dependencies:300 - fastp v1.0.1 found.
2026-03-25 19:36:34.869 | INFO     | plassembler.utils.input_commands:check_dependencies:311 - chopper v0.11.0 found.
2026-03-25 19:36:34.881 | INFO     | plassembler.utils.input_commands:check_dependencies:326 - mash v2.3 found.
2026-03-25 19:36:34.984 | INFO     | plassembler.utils.input_commands:check_dependencies:337 - canu v2.2 found.
2026-03-25 19:36:35.572 | INFO     | plassembler.utils.input_commands:check_dependencies:348 - dnaapler v1.3.0 found.
2026-03-25 19:36:35.668 | INFO     | plassembler.utils.input_commands:check_dependencies:365 - BLAST version found is v2.17.0.
2026-03-25 19:36:35.668 | INFO     | plassembler.utils.input_commands:check_dependencies:371 - All dependencies found.
2026-03-25 19:36:35.668 | INFO     | plassembler:run:448 - Checking database installation.
2026-03-25 19:36:35.669 | INFO     | plassembler.utils.db:check_db_installation:52 - PLSDB Database mash sketch at /data/djs217/miniconda3/envs/hybracter_env/lib/python3.11/site-packages/hybracter/workflow/../databases/plsdb_2023_11_03_v2.msh exists.
2026-03-25 19:36:35.669 | INFO     | plassembler.utils.db:check_db_installation:53 - PLSDB Database tsv metadata file at /data/djs217/miniconda3/envs/hybracter_env/lib/python3.11/site-packages/hybracter/workflow/../databases/plsdb_2023_11_03_v2.tsv exists.
2026-03-25 19:36:35.669 | INFO     | plassembler.utils.db:check_db_installation:54 - PLSDB Database at /data/djs217/miniconda3/envs/hybracter_env/lib/python3.11/site-packages/hybracter/workflow/../databases has already been downloaded
2026-03-25 19:36:35.669 | INFO     | plassembler:run:456 - Database successfully checked.
2026-03-25 19:36:35.669 | INFO     | plassembler:run:459 - Checking input fastqs.
2026-03-25 19:36:35.700 | INFO     | plassembler.utils.input_commands:validate_fastq:24 - FASTQ hybracter-hybrid/processing/qc/NCPPB_4594_filt_trim.fastq.gz checked
2026-03-25 19:36:35.750 | INFO     | plassembler.utils.input_commands:validate_fastq:24 - FASTQ hybracter-hybrid/processing/qc/fastp/NCPPB_4594_1.fastq.gz checked
2026-03-25 19:36:35.853 | INFO     | plassembler.utils.input_commands:validate_fastq:24 - FASTQ hybracter-hybrid/processing/qc/fastp/NCPPB_4594_2.fastq.gz checked
2026-03-25 19:36:35.853 | INFO     | plassembler:run:467 - FASTQ file hybracter-hybrid/processing/qc/NCPPB_4594_filt_trim.fastq.gz compression is True
2026-03-25 19:36:35.854 | INFO     | plassembler:run:468 - FASTQ file hybracter-hybrid/processing/qc/fastp/NCPPB_4594_1.fastq.gz compression is True
2026-03-25 19:36:35.854 | INFO     | plassembler:run:469 - FASTQ file hybracter-hybrid/processing/qc/fastp/NCPPB_4594_2.fastq.gz compression is True
2026-03-25 19:36:36.650 | WARNING  | plassembler.utils.input_commands:validate_flye_directory:126 - Flye directory hybracter-hybrid/processing/assemblies/NCPPB_4594 is not a directory or does not exist.
2026-03-25 19:36:36.650 | WARNING  | plassembler.utils.input_commands:validate_flye_directory:129 - Long read assembly will not be skipped.
2026-03-25 19:36:36.650 | WARNING  | plassembler.utils.input_commands:validate_flye_directory:134 - Flye assembly FASTA file hybracter-hybrid/processing/assemblies/NCPPB_4594/assembly.fasta does not exist.
2026-03-25 19:36:36.650 | WARNING  | plassembler.utils.input_commands:validate_flye_directory:135 - Long read assembly will not be skipped.
2026-03-25 19:36:36.650 | WARNING  | plassembler.utils.input_commands:validate_flye_directory:140 - Flye assembly info file hybracter-hybrid/processing/assemblies/NCPPB_4594/assembly_info.txt does not exist.
2026-03-25 19:36:36.651 | WARNING  | plassembler.utils.input_commands:validate_flye_directory:141 - Long read assembly will not be skipped.
2026-03-25 19:36:36.651 | INFO     | plassembler:run:511 - Running Flye.
2026-03-25 19:36:36.652 | INFO     | plassembler.utils.external_tools:run:58 - Started running flye --nano-hq hybracter-hybrid/processing/plassembler/NCPPB_4594/chopper_long_reads.fastq.gz --out-dir hybracter-hybrid/processing/plassembler/NCPPB_4594 --threads 12 ...
2026-03-25 19:37:59.595 | INFO     | plassembler.utils.external_tools:run:60 - Done running flye --nano-hq hybracter-hybrid/processing/plassembler/NCPPB_4594/chopper_long_reads.fastq.gz --out-dir hybracter-hybrid/processing/plassembler/NCPPB_4594 --threads 12
2026-03-25 19:37:59.596 | INFO     | plassembler:run:562 - Counting Contigs.
2026-03-25 19:37:59.643 | INFO     | plassembler.utils.plass_class:get_contig_count:87 - Assembled 1 contigs.
2026-03-25 19:37:59.643 | INFO     | plassembler:run:578 - Only one contig was assembled with Flye.
2026-03-25 19:37:59.693 | INFO     | plassembler:run:605 - Chromosome Identified. Plassembler will now use long and short reads to assemble plasmids accurately.
2026-03-25 19:37:59.693 | INFO     | plassembler:run:610 - Skipping short read trimming as --skip_qc was specified
