Read1 before filtering:
total reads: 2221565
total bases: 555391250
Q20 bases: 542035767(97.5953%)
Q30 bases: 521066640(93.8197%)
Q40 bases: 0(0%)

Read2 before filtering:
total reads: 2221565
total bases: 555391250
Q20 bases: 536721201(96.6384%)
Q30 bases: 512041992(92.1948%)
Q40 bases: 0(0%)

Read1 after filtering:
total reads: 2204751
total bases: 519883317
Q20 bases: 509729547(98.0469%)
Q30 bases: 491422651(94.5256%)
Q40 bases: 0(0%)

Read2 after filtering:
total reads: 2204751
total bases: 519883317
Q20 bases: 508350998(97.7817%)
Q30 bases: 487262398(93.7253%)
Q40 bases: 0(0%)

Filtering result:
reads passed filter: 4409502
reads failed due to low quality: 33560
reads failed due to too many N: 68
reads failed due to too short: 0
reads with adapter trimmed: 1269968
bases trimmed due to adapters: 62701730

Duplication rate: 8.25738%

Insert size peak (evaluated by paired-end reads): 264

JSON report: hybracter-hybrid/processing/qc/fastp/NCPPB_4037.json
HTML report: hybracter-hybrid/processing/qc/fastp/NCPPB_4037.html

fastp --in1 SRR29644154_1.fastq.gz --in2 SRR29644154_2.fastq.gz --out1 hybracter-hybrid/processing/qc/fastp/NCPPB_4037_1.fastq.gz --out2 hybracter-hybrid/processing/qc/fastp/NCPPB_4037_2.fastq.gz --html hybracter-hybrid/processing/qc/fastp/NCPPB_4037.html --json hybracter-hybrid/processing/qc/fastp/NCPPB_4037.json --thread 1 
fastp v1.0.1, time used: 47 seconds
