Read1 before filtering:
total reads: 2214814
total bases: 553703500
Q20 bases: 539150220(97.3716%)
Q30 bases: 518418992(93.6275%)
Q40 bases: 0(0%)

Read2 before filtering:
total reads: 2214814
total bases: 553703500
Q20 bases: 537874111(97.1412%)
Q30 bases: 513828978(92.7986%)
Q40 bases: 0(0%)

Read1 after filtering:
total reads: 2201146
total bases: 518691893
Q20 bases: 509117966(98.1542%)
Q30 bases: 491153475(94.6908%)
Q40 bases: 0(0%)

Read2 after filtering:
total reads: 2201146
total bases: 518691893
Q20 bases: 508134552(97.9646%)
Q30 bases: 487597258(94.0052%)
Q40 bases: 0(0%)

Filtering result:
reads passed filter: 4402292
reads failed due to low quality: 27254
reads failed due to too many N: 82
reads failed due to too short: 0
reads with adapter trimmed: 1307512
bases trimmed due to adapters: 63278730

Duplication rate: 8.03241%

Insert size peak (evaluated by paired-end reads): 261

JSON report: hybracter-hybrid/processing/qc/fastp/NCPPB_1062.json
HTML report: hybracter-hybrid/processing/qc/fastp/NCPPB_1062.html

fastp --in1 SRR29644179_1.fastq.gz --in2 SRR29644179_2.fastq.gz --out1 hybracter-hybrid/processing/qc/fastp/NCPPB_1062_1.fastq.gz --out2 hybracter-hybrid/processing/qc/fastp/NCPPB_1062_2.fastq.gz --html hybracter-hybrid/processing/qc/fastp/NCPPB_1062.html --json hybracter-hybrid/processing/qc/fastp/NCPPB_1062.json --thread 1 
fastp v1.0.1, time used: 37 seconds
