
[1;4;93mStarting Polypolish polish[0m [2m(2026-03-29 05:12:50)[0m
[2m    Polypolish is a tool for polishing genome assemblies with short reads.
Unlike other tools in this category, Polypolish uses SAM files where each read
has been aligned to all possible locations (not just a single best location).
This allows it to repair errors in repeat regions that other alignment-based
polishers cannot fix.[0m

Polypolish version: 0.6.1

Input assembly:
  hybracter-hybrid-misc/processing/complete/medaka_rd_2/NCPPB_4632_dyei/consensus.fasta

Input short-read alignments:
  hybracter-hybrid-misc/processing/complete/bwa/NCPPB_4632_dyei_1.sam
  hybracter-hybrid-misc/processing/complete/bwa/NCPPB_4632_dyei_2.sam

Settings:
  --fraction_invalid 0.2
  --fraction_valid 0.5
  --max_errors 10
  --min_depth 5
  not logging debugging information


[1;4;93mLoading assembly[0m [2m(2026-03-29 05:12:50)[0m
contig_2 (5,182,440 bp)
1 (44,159 bp)


[1;4;93mLoading alignments[0m [2m(2026-03-29 05:12:50)[0m
hybracter-hybrid-misc/processing/complete/bwa/NCPPB_4632_dyei_1.sam: 11,136,226 alignments from 10,098,636 reads
hybracter-hybrid-misc/processing/complete/bwa/NCPPB_4632_dyei_2.sam: 11,140,361 alignments from 10,100,295 reads

Filtering for high-quality end-to-end alignments:
  21,624,666 alignments kept
  651,921 alignments discarded


[1;4;93mPolishing assembly sequences[0m [2m(2026-03-29 05:14:08)[0m
[2m    For each position in the assembly, Polypolish determines the read depth
at that position and collects all aligned bases. It then polishes the assembly
by looking for positions where the pileup unambiguously supports a different
sequence than the assembly.[0m

Polishing contig_2 (5,182,440 bp):
  mean read depth: 490.9x
  2 bp have a depth of zero (100.0000% coverage)
  0 positions changed (0.0000% of total positions)
  estimated pre-polishing sequence accuracy: 100.0000% (Q∞)

Polishing 1 (44,159 bp):
  mean read depth: 2009.8x
  2 bp have a depth of zero (99.9955% coverage)
  0 positions changed (0.0000% of total positions)
  estimated pre-polishing sequence accuracy: 100.0000% (Q∞)


[1;4;93mFinished![0m [2m(2026-03-29 05:14:08)[0m
Polished sequence (to stdout):
  contig_2_polypolish (5,182,440 bp)
  1_polypolish (44,159 bp)

Time to run: 0:01:18.104842

