
[1;4;93mStarting Polypolish polish[0m [2m(2026-03-29 07:29:49)[0m
[2m    Polypolish is a tool for polishing genome assemblies with short reads.
Unlike other tools in this category, Polypolish uses SAM files where each read
has been aligned to all possible locations (not just a single best location).
This allows it to repair errors in repeat regions that other alignment-based
polishers cannot fix.[0m

Polypolish version: 0.6.1

Input assembly:
  hybracter-hybrid-misc/processing/complete/medaka_rd_2/NCPPB_1337_nakataecorchorii/consensus.fasta

Input short-read alignments:
  hybracter-hybrid-misc/processing/complete/bwa/NCPPB_1337_nakataecorchorii_1.sam
  hybracter-hybrid-misc/processing/complete/bwa/NCPPB_1337_nakataecorchorii_2.sam

Settings:
  --fraction_invalid 0.2
  --fraction_valid 0.5
  --max_errors 10
  --min_depth 5
  not logging debugging information


[1;4;93mLoading assembly[0m [2m(2026-03-29 07:29:49)[0m
contig_2 (5,097,319 bp)
1 (46,009 bp)
2 (31,298 bp)
3 (20,007 bp)


[1;4;93mLoading alignments[0m [2m(2026-03-29 07:29:49)[0m
hybracter-hybrid-misc/processing/complete/bwa/NCPPB_1337_nakataecorchorii_1.sam: 16,630,313 alignments from 9,854,850 reads
hybracter-hybrid-misc/processing/complete/bwa/NCPPB_1337_nakataecorchorii_2.sam: 16,669,655 alignments from 9,856,464 reads

Filtering for high-quality end-to-end alignments:
  31,982,937 alignments kept
  1,317,031 alignments discarded


[1;4;93mPolishing assembly sequences[0m [2m(2026-03-29 07:31:32)[0m
[2m    For each position in the assembly, Polypolish determines the read depth
at that position and collects all aligned bases. It then polishes the assembly
by looking for positions where the pileup unambiguously supports a different
sequence than the assembly.[0m

Polishing contig_2 (5,097,319 bp):
  mean read depth: 473.0x
  2 bp have a depth of zero (100.0000% coverage)
  15 positions changed (0.0003% of total positions)
  estimated pre-polishing sequence accuracy: 99.9997% (Q55.31)

Polishing 1 (46,009 bp):
  mean read depth: 740.3x
  2 bp have a depth of zero (99.9957% coverage)
  0 positions changed (0.0000% of total positions)
  estimated pre-polishing sequence accuracy: 100.0000% (Q‚ąě)

Polishing 2 (31,298 bp):
  mean read depth: 1680.5x
  2 bp have a depth of zero (99.9936% coverage)
  0 positions changed (0.0000% of total positions)
  estimated pre-polishing sequence accuracy: 100.0000% (Q‚ąě)

Polishing 3 (20,007 bp):
  mean read depth: 1654.7x
  2 bp have a depth of zero (99.9900% coverage)
  0 positions changed (0.0000% of total positions)
  estimated pre-polishing sequence accuracy: 100.0000% (Q‚ąě)


[1;4;93mFinished![0m [2m(2026-03-29 07:31:32)[0m
Polished sequence (to stdout):
  contig_2_polypolish (5,097,320 bp)
  1_polypolish (46,009 bp)
  2_polypolish (31,298 bp)
  3_polypolish (20,007 bp)

Time to run: 0:01:43.401530

