/data/djs217/miniconda3/envs/hybracter_env/lib/python3.11/site-packages/hybracter/workflow/conda/7aafc1085ca44eee01942c03ca74ecad_/lib/python3.11/site-packages/medaka/common.py:16: UserWarning: pkg_resources is deprecated as an API. See https://setuptools.pypa.io/en/latest/pkg_resources.html. The pkg_resources package is slated for removal as early as 2025-11-30. Refrain from using this package or pin to Setuptools<81.
  from pkg_resources import resource_filename
/data/djs217/miniconda3/envs/hybracter_env/lib/python3.11/site-packages/hybracter/workflow/conda/7aafc1085ca44eee01942c03ca74ecad_/lib/python3.11/site-packages/medaka/common.py:16: UserWarning: pkg_resources is deprecated as an API. See https://setuptools.pypa.io/en/latest/pkg_resources.html. The pkg_resources package is slated for removal as early as 2025-11-30. Refrain from using this package or pin to Setuptools<81.
  from pkg_resources import resource_filename
/data/djs217/miniconda3/envs/hybracter_env/lib/python3.11/site-packages/hybracter/workflow/conda/7aafc1085ca44eee01942c03ca74ecad_/lib/python3.11/site-packages/medaka/common.py:16: UserWarning: pkg_resources is deprecated as an API. See https://setuptools.pypa.io/en/latest/pkg_resources.html. The pkg_resources package is slated for removal as early as 2025-11-30. Refrain from using this package or pin to Setuptools<81.
  from pkg_resources import resource_filename
[14:26:23 - MdlStrTGZ] Successfully removed temporary files from /tmp/tmp13wbrdk5.
/data/djs217/miniconda3/envs/hybracter_env/lib/python3.11/site-packages/hybracter/workflow/conda/7aafc1085ca44eee01942c03ca74ecad_/lib/python3.11/site-packages/medaka/common.py:16: UserWarning: pkg_resources is deprecated as an API. See https://setuptools.pypa.io/en/latest/pkg_resources.html. The pkg_resources package is slated for removal as early as 2025-11-30. Refrain from using this package or pin to Setuptools<81.
  from pkg_resources import resource_filename
[14:26:25 - MdlStrTGZ] Successfully removed temporary files from /tmp/tmpe52fttqu.
Creating fai index file /data/djs217/PROJECTS/xanthomonas-genome-assemblies/PRJNA1280879-musacearum/hybracter-hybrid/processing/complete/dnaapler/NCPPB_2251/NCPPB_2251_reoriented_chrom_and_plasmids.fasta.fai
Creating mmi index file /data/djs217/PROJECTS/xanthomonas-genome-assemblies/PRJNA1280879-musacearum/hybracter-hybrid/processing/complete/dnaapler/NCPPB_2251/NCPPB_2251_reoriented_chrom_and_plasmids.fasta.map-ont.mmi
[M::mm_idx_gen::0.135*1.03] collected minimizers
[M::mm_idx_gen::0.193*1.56] sorted minimizers
[M::main::0.250*1.43] loaded/built the index for 1 target sequence(s)
[M::mm_idx_stat] kmer size: 15; skip: 10; is_hpc: 0; #seq: 1
[M::mm_idx_stat::0.260*1.41] distinct minimizers: 840167 (95.57% are singletons); average occurrences: 1.066; average spacing: 5.354; total length: 4793407
[M::main] Version: 2.30-r1287
[M::main] CMD: minimap2 -I 16G -x map-ont -d /data/djs217/PROJECTS/xanthomonas-genome-assemblies/PRJNA1280879-musacearum/hybracter-hybrid/processing/complete/dnaapler/NCPPB_2251/NCPPB_2251_reoriented_chrom_and_plasmids.fasta.map-ont.mmi /data/djs217/PROJECTS/xanthomonas-genome-assemblies/PRJNA1280879-musacearum/hybracter-hybrid/processing/complete/dnaapler/NCPPB_2251/NCPPB_2251_reoriented_chrom_and_plasmids.fasta
[M::main] Real time: 0.265 sec; CPU: 0.373 sec; Peak RSS: 0.049 GB
[M::main::0.075*1.04] loaded/built the index for 1 target sequence(s)
[M::mm_mapopt_update::0.092*1.03] mid_occ = 33
[M::mm_idx_stat] kmer size: 15; skip: 10; is_hpc: 0; #seq: 1
[M::mm_idx_stat::0.104*1.02] distinct minimizers: 840167 (95.57% are singletons); average occurrences: 1.066; average spacing: 5.354; total length: 4793407
[M::worker_pipeline::22.688*7.04] mapped 19960 sequences
[M::main] Version: 2.30-r1287
[M::main] CMD: minimap2 -x map-ont --secondary=no -L --MD -A 2 -B 4 -O 4,24 -E 2,1 -t 12 -a /data/djs217/PROJECTS/xanthomonas-genome-assemblies/PRJNA1280879-musacearum/hybracter-hybrid/processing/complete/dnaapler/NCPPB_2251/NCPPB_2251_reoriented_chrom_and_plasmids.fasta.map-ont.mmi /data/djs217/PROJECTS/xanthomonas-genome-assemblies/PRJNA1280879-musacearum/hybracter-hybrid/processing/qc/NCPPB_2251_filt_trim.fastq.gz
[M::main] Real time: 22.704 sec; CPU: 159.703 sec; Peak RSS: 1.941 GB
[bam_sort_core] merging from 0 files and 12 in-memory blocks...
/data/djs217/miniconda3/envs/hybracter_env/lib/python3.11/site-packages/hybracter/workflow/conda/7aafc1085ca44eee01942c03ca74ecad_/lib/python3.11/site-packages/medaka/common.py:16: UserWarning: pkg_resources is deprecated as an API. See https://setuptools.pypa.io/en/latest/pkg_resources.html. The pkg_resources package is slated for removal as early as 2025-11-30. Refrain from using this package or pin to Setuptools<81.
  from pkg_resources import resource_filename
[14:26:59 - Predict] Processing region(s): contig_1:0-4793407
[14:26:59 - Predict] Using model: /data/djs217/miniconda3/envs/hybracter_env/lib/python3.11/site-packages/hybracter/workflow/conda/7aafc1085ca44eee01942c03ca74ecad_/lib/python3.11/site-packages/medaka/data/r1041_e82_400bps_sup_v5.0.0_model_pt.tar.gz.
[14:26:59 - Predict] Using minimum mapQ threshold of 1 for read filtering.
[14:26:59 - MdlStrTGZ] Model GRUModel(
  (gru): GRU(10, 128, num_layers=2, batch_first=True, bidirectional=True)
  (linear): Linear(in_features=256, out_features=5, bias=True)
)
[14:26:59 - MdlStrTGZ] loading weights from /tmp/tmpimkkl_m7/model/weights.pt
[14:26:59 - MdlStrTGZ] Successfully removed temporary files from /tmp/tmpimkkl_m7.
[14:26:59 - Predict] Model device: cpu
[14:26:59 - Predict] Running prediction at full precision
[14:26:59 - BAMFile] Creating pool of 16 BAM file sets.
[14:26:59 - Predict] Processing 5 long region(s) with batching.
[14:26:59 - Sampler] Initializing sampler for consensus of region contig_1:0-1000000.
[14:26:59 - Sampler] Initializing sampler for consensus of region contig_1:999000-1999000.
[14:26:59 - PWorker] Running inference for 4.8M draft bases.
[14:27:02 - Feature] Processed contig_1:0.0-999999.0 (median depth 94.0)
[14:27:02 - Sampler] Took 2.28s to make features.
[14:27:02 - Sampler] Initializing sampler for consensus of region contig_1:1998000-2998000.
[14:27:02 - Feature] Processed contig_1:999000.0-1998999.0 (median depth 81.0)
[14:27:02 - Sampler] Took 2.55s to make features.
[14:27:02 - Sampler] Initializing sampler for consensus of region contig_1:2997000-3997000.
[14:27:03 - Feature] Processed contig_1:1998000.0-2997999.0 (median depth 75.0)
[14:27:03 - Sampler] Took 1.21s to make features.
[14:27:03 - Sampler] Initializing sampler for consensus of region contig_1:3996000-4793407.
[14:27:03 - Feature] Processed contig_1:2997000.0-3996999.0 (median depth 86.0)
[14:27:03 - Sampler] Took 1.44s to make features.
[14:27:04 - Feature] Processed contig_1:3996000.0-4793406.0 (median depth 102.0)
[14:27:04 - Sampler] Took 1.29s to make features.
[14:27:12 - PWorker] Batches in cache: 6.
[14:27:12 - PWorker] 16.7% Done (0.8/4.8 Mbases) in 12.6s
[14:27:19 - PWorker] Batches in cache: 5.
[14:27:25 - PWorker] Batches in cache: 4.
[14:27:25 - PWorker] 51.0% Done (2.4/4.8 Mbases) in 25.9s
[14:27:32 - PWorker] Batches in cache: 3.
[14:27:38 - PWorker] Batches in cache: 2.
[14:27:38 - PWorker] 84.7% Done (4.1/4.8 Mbases) in 38.8s
[14:27:44 - PWorker] Batches in cache: 1.
[14:27:45 - PWorker] Processed 6 batches
[14:27:45 - PWorker] All done, 0 remainder regions.
[14:27:45 - Predict] Finished processing all regions.
/data/djs217/miniconda3/envs/hybracter_env/lib/python3.11/site-packages/hybracter/workflow/conda/7aafc1085ca44eee01942c03ca74ecad_/lib/python3.11/site-packages/medaka/common.py:16: UserWarning: pkg_resources is deprecated as an API. See https://setuptools.pypa.io/en/latest/pkg_resources.html. The pkg_resources package is slated for removal as early as 2025-11-30. Refrain from using this package or pin to Setuptools<81.
  from pkg_resources import resource_filename
[14:27:47 - DataIndx] Loaded 1/1 (100.00%) sample files.
[14:27:48 - DataIndx] Loaded 1/1 (100.00%) sample files.
[14:27:48 - DataIndx] Loaded 1/1 (100.00%) sample files.
[14:27:48 - DataIndx] Loaded 1/1 (100.00%) sample files.
[14:27:48 - DataIndx] Loaded 1/1 (100.00%) sample files.
[14:27:48 - DataIndx] Loaded 1/1 (100.00%) sample files.
