/data/djs217/miniconda3/envs/quast_env/bin/quast NCPPB_2063.unfiltered.unicycler/assembly.fasta NCPPB_2063.unicycler/assembly.fasta NCPPB_573.unfiltered.unicycler/assembly.fasta NCPPB_573.unicycler/assembly.fasta

Version: 5.0.2

System information:
  OS: Linux-6.8.0-87-generic-x86_64-with-debian-trixie-sid (linux_64)
  Python version: 3.6.13
  CPUs number: 16

Started: 2025-11-12 15:53:01

Logging to /data/djs217/PROJECTS/xanthomonas-genome-assemblies/PRJNA1131453-cajani/quast_results/results_2025_11_12_15_53_01/quast.log
NOTICE: Maximum number of threads is set to 4 (use --threads option to set it manually)

CWD: /data/djs217/PROJECTS/xanthomonas-genome-assemblies/PRJNA1131453-cajani
Main parameters: 
  MODE: default, threads: 4, minimum contig length: 500, minimum alignment length: 65, \
  ambiguity: one, threshold for extensive misassembly size: 1000

Contigs:
  Pre-processing...
  1  NCPPB_2063.unfiltered.unicycler/assembly.fasta ==> NCPPB_2063.unfiltered.unicycler_assembly
  2  NCPPB_2063.unicycler/assembly.fasta ==> NCPPB_2063.unicycler_assembly
  3  NCPPB_573.unfiltered.unicycler/assembly.fasta ==> NCPPB_573.unfiltered.unicycler_assembly
  4  NCPPB_573.unicycler/assembly.fasta ==> NCPPB_573.unicycler_assembly

2025-11-12 15:53:02
Running Basic statistics processor...
  Contig files: 
    1  NCPPB_2063.unfiltered.unicycler_assembly
    2  NCPPB_2063.unicycler_assembly
    3  NCPPB_573.unfiltered.unicycler_assembly
    4  NCPPB_573.unicycler_assembly
  Calculating N50 and L50...
    1  NCPPB_2063.unfiltered.unicycler_assembly, N50 = 5092322, L50 = 1, Total length = 5238745, GC % = 64.58, # N's per 100 kbp =  0.00
    2  NCPPB_2063.unicycler_assembly, N50 = 5170570, L50 = 1, Total length = 5240188, GC % = 64.58, # N's per 100 kbp =  0.00
    3  NCPPB_573.unfiltered.unicycler_assembly, N50 = 380892, L50 = 5, Total length = 5491438, GC % = 64.56, # N's per 100 kbp =  0.00
    4  NCPPB_573.unicycler_assembly, N50 = 482437, L50 = 4, Total length = 5489865, GC % = 64.56, # N's per 100 kbp =  0.00
  Drawing Nx plot...
    saved to /data/djs217/PROJECTS/xanthomonas-genome-assemblies/PRJNA1131453-cajani/quast_results/results_2025_11_12_15_53_01/basic_stats/Nx_plot.pdf
  Drawing cumulative plot...
    saved to /data/djs217/PROJECTS/xanthomonas-genome-assemblies/PRJNA1131453-cajani/quast_results/results_2025_11_12_15_53_01/basic_stats/cumulative_plot.pdf
  Drawing GC content plot...
    saved to /data/djs217/PROJECTS/xanthomonas-genome-assemblies/PRJNA1131453-cajani/quast_results/results_2025_11_12_15_53_01/basic_stats/GC_content_plot.pdf
  Drawing NCPPB_2063.unfiltered.unicycler_assembly GC content plot...
    saved to /data/djs217/PROJECTS/xanthomonas-genome-assemblies/PRJNA1131453-cajani/quast_results/results_2025_11_12_15_53_01/basic_stats/NCPPB_2063.unfiltered.unicycler_assembly_GC_content_plot.pdf
  Drawing NCPPB_2063.unicycler_assembly GC content plot...
    saved to /data/djs217/PROJECTS/xanthomonas-genome-assemblies/PRJNA1131453-cajani/quast_results/results_2025_11_12_15_53_01/basic_stats/NCPPB_2063.unicycler_assembly_GC_content_plot.pdf
  Drawing NCPPB_573.unfiltered.unicycler_assembly GC content plot...
    saved to /data/djs217/PROJECTS/xanthomonas-genome-assemblies/PRJNA1131453-cajani/quast_results/results_2025_11_12_15_53_01/basic_stats/NCPPB_573.unfiltered.unicycler_assembly_GC_content_plot.pdf
  Drawing NCPPB_573.unicycler_assembly GC content plot...
    saved to /data/djs217/PROJECTS/xanthomonas-genome-assemblies/PRJNA1131453-cajani/quast_results/results_2025_11_12_15_53_01/basic_stats/NCPPB_573.unicycler_assembly_GC_content_plot.pdf
Done.

NOTICE: Genes are not predicted by default. Use --gene-finding or --glimmer option to enable it.

2025-11-12 15:53:04
Creating large visual summaries...
This may take a while: press Ctrl-C to skip this step..
  1 of 2: Creating Icarus viewers...
  2 of 2: Creating PDF with all tables and plots...
Done

2025-11-12 15:53:05
RESULTS:
  Text versions of total report are saved to /data/djs217/PROJECTS/xanthomonas-genome-assemblies/PRJNA1131453-cajani/quast_results/results_2025_11_12_15_53_01/report.txt, report.tsv, and report.tex
  Text versions of transposed total report are saved to /data/djs217/PROJECTS/xanthomonas-genome-assemblies/PRJNA1131453-cajani/quast_results/results_2025_11_12_15_53_01/transposed_report.txt, transposed_report.tsv, and transposed_report.tex
  HTML version (interactive tables and plots) is saved to /data/djs217/PROJECTS/xanthomonas-genome-assemblies/PRJNA1131453-cajani/quast_results/results_2025_11_12_15_53_01/report.html
  PDF version (tables and plots) is saved to /data/djs217/PROJECTS/xanthomonas-genome-assemblies/PRJNA1131453-cajani/quast_results/results_2025_11_12_15_53_01/report.pdf
  Icarus (contig browser) is saved to /data/djs217/PROJECTS/xanthomonas-genome-assemblies/PRJNA1131453-cajani/quast_results/results_2025_11_12_15_53_01/icarus.html
  Log is saved to /data/djs217/PROJECTS/xanthomonas-genome-assemblies/PRJNA1131453-cajani/quast_results/results_2025_11_12_15_53_01/quast.log

Finished: 2025-11-12 15:53:05
Elapsed time: 0:00:04.195400
NOTICEs: 2; WARNINGs: 0; non-fatal ERRORs: 0

Thank you for using QUAST!
