
Starting Unicycler (2026-04-18 19:50:40)
----------------------------------------
    Welcome to Unicycler, an assembly pipeline for bacterial genomes. Since you provided only short reads, Unicycler will essentially function as a SPAdes-optimiser. It will try many k-mer sizes, choose the best based on contig length and graph connectivity, and scaffold the graph using SPAdes repeat resolution.
    For more information, please see https://github.com/rrwick/Unicycler

Command: /data/djs217/miniconda3/envs/unicycler_env/bin/unicycler -1 N_3884_S116_R1_001_val_1.fq.gz -2 N_3884_S116_R2_001_val_2.fq.gz -o NCPPB_3884.unicycler

Unicycler version: v0.4.8
Using 8 threads

Making output directory:
  /data/djs217/PROJECTS/assembling-bacterial-genomes/PRJNA485808-ornamentals-april-2026/NCPPB_3884.unicycler

Dependencies:
  Program         Version   Status  
  spades.py       3.13.1    good    
  racon                     not used
  makeblastdb     2.12.0+   good    
  tblastn         2.12.0+   good    
  bowtie2-build   2.3.5.1   good    
  bowtie2         2.3.5.1   good    
  samtools        1.6       good    
  java            21.0.6    good    
  pilon           1.24      good    
  bcftools                  not used


SPAdes read error correction (2026-04-18 19:51:12)
--------------------------------------------------
    Unicycler uses the SPAdes read error correction module to reduce the number of errors in the short read before SPAdes assembly. This can make the assembly faster and simplify the assembly graph structure.

Command: /data/djs217/miniconda3/envs/unicycler_env/bin/spades.py -1 /data/djs217/PROJECTS/assembling-bacterial-genomes/PRJNA485808-ornamentals-april-2026/N_3884_S116_R1_001_val_1.fq.gz -2 /data/djs217/PROJECTS/assembling-bacterial-genomes/PRJNA485808-ornamentals-april-2026/N_3884_S116_R2_001_val_2.fq.gz -o /data/djs217/PROJECTS/assembling-bacterial-genomes/PRJNA485808-ornamentals-april-2026/NCPPB_3884.unicycler/spades_assembly/read_correction --threads 8 --only-error-correction

Corrected reads:
  /data/djs217/PROJECTS/assembling-bacterial-genomes/PRJNA485808-ornamentals-april-2026/NCPPB_3884.unicycler/spades_assembly/corrected_1.fastq.gz
  /data/djs217/PROJECTS/assembling-bacterial-genomes/PRJNA485808-ornamentals-april-2026/NCPPB_3884.unicycler/spades_assembly/corrected_2.fastq.gz


Choosing k-mer range for assembly (2026-04-18 19:58:21)
-------------------------------------------------------
    Unicycler chooses a k-mer range for SPAdes based on the length of the input reads. It uses a wide range of many k-mer sizes to maximise the chance of finding an ideal assembly.

SPAdes maximum k-mer: 127
Median read length: 150
K-mer range: 27, 47, 63, 77, 89, 99, 107, 115, 121, 127


SPAdes assemblies (2026-04-18 19:58:51)
---------------------------------------
    Unicycler now uses SPAdes to assemble the short reads. It scores the assembly graph for each k-mer using the number of contigs (fewer is better) and the number of dead ends (fewer is better). The score function is 1/(c*(d+2)), where c is the contig count and d is the dead end count.

K-mer   Contigs   Dead ends   Score   
   27                           failed
   47                           failed
   63                           failed
   77                           failed
   89                           failed
   99                           failed
  107                           failed
  115                           failed
  121                           failed
  127       272          41   8.55e-05 <-best

Read depth filter: removed 23 contigs totalling 6419 bp
Deleting /data/djs217/PROJECTS/assembling-bacterial-genomes/PRJNA485808-ornamentals-april-2026/NCPPB_3884.unicycler/spades_assembly/


Determining graph multiplicity (2026-04-18 20:05:44)
----------------------------------------------------
    Multiplicity is the number of times a sequence occurs in the underlying sequence. Single-copy contigs (those with a multiplicity of one, occurring only once in the underlying sequence) are particularly useful.

Saving /data/djs217/PROJECTS/assembling-bacterial-genomes/PRJNA485808-ornamentals-april-2026/NCPPB_3884.unicycler/001_best_spades_graph.gfa


Cleaning graph (2026-04-18 20:05:44)
------------------------------------
    Unicycler now performs various cleaning procedures on the graph to remove overlaps and simplify the graph structure. The end result is a graph ready for bridging.

Graph overlaps removed

Removed zero-length segments:
    157, 160, 162, 164, 165, 167, 187, 190, 192, 195, 197, 198, 200, 201, 202, 203, 216, 234, 255, 259, 263

Removed zero-length segments:
    239, 250, 267

Removed zero-length segments:
    253

Merged small segments:
    222, 223, 229, 230, 233, 236, 237, 238, 240, 242, 243, 244, 245, 246, 247, 248, 249, 251, 252, 254, 256, 257, 258, 261, 262, 264, 265, 266, 268, 269

Saving /data/djs217/PROJECTS/assembling-bacterial-genomes/PRJNA485808-ornamentals-april-2026/NCPPB_3884.unicycler/002_overlaps_removed.gfa

    Unicycler now selects a set of anchor contigs from the single-copy contigs. These are the contigs which will be connected via bridges to form the final assembly.

84 anchor segments (4,913,605 bp) out of 217 total segments (4,993,117 bp)


Creating SPAdes contig bridges (2026-04-18 20:05:44)
----------------------------------------------------
    SPAdes uses paired-end information to perform repeat resolution (RR) and produce contigs from the assembly graph. SPAdes saves the graph paths corresponding to these contigs in the contigs.paths file. When one of these paths contains two or more anchor contigs, Unicycler can create a bridge from the path.

                                                                                           Bridge
Start                                     Path                                    End     quality
  -73                                     -156                                    84         63.2
  -55                                     134                                     57         60.9
    1                             -146 -> 132 -> -146                             54         21.8
    7                               122 -> 98 -> 122                              47          7.5
   12   -179 -> -171 -> -200 -> -180 -> 165 -> 150 -> -164 -> 168 -> 182 -> 204   -47        26.3
   13                                     156                                     -84        62.6
   22                                     155                                     12         63.2
   26                                     134                                     -55        60.8
   30                                     -155                                    59         63.1
   33                                     148                                     -63        63.2
   35             -204 -> -182 -> -168 -> 175 -> -205 -> -150 -> -165             -61        34.2
   36                                     159                                     -71        63.2
   38                              -124 -> 95 -> -124                             10         10.6
   45                                      99                                     56         21.5
   50                                     -131                                    67         58.1
   54                             -147 -> 106 -> -147                             30         16.5
   56                                      99                                     27         21.7
   64                                     159                                     13         63.0
   66                                     133                                     37         59.9


Creating loop unrolling bridges (2026-04-18 20:05:44)
-----------------------------------------------------
    When a SPAdes contig path connects an anchor contig with the middle contig of a simple loop, Unicycler concludes that the sequences are contiguous (i.e. the loop is not a separate piece of DNA). It then uses the read depth of the middle and repeat contigs to guess the number of times to traverse the loop and makes a bridge.

                                  Loop count   Loop count    Loop    Bridge
Start   Repeat   Middle     End    by repeat    by middle   count   quality
   54     -147      106      30         0.58         1.10       1      43.2
  -73     -156       84     -13         1.06         1.05       1      42.0
   45       99       56      27         1.09         1.04       1      42.7
  -57     -134       55     -26         0.74         0.95       1      43.6
    1     -146      132      54         1.15         1.07       1      40.0
   38     -124       95      10         1.21         1.07       1      40.1
    7      122       98      47         0.44         0.33       1      26.7


Applying bridges (2026-04-18 20:05:44)
--------------------------------------
    Unicycler now applies to the graph in decreasing order of quality. This ensures that when multiple, contradictory bridges exist, the most supported option is used.

Bridge type   Start -> end   Path                                       Quality
SPAdes         -73 -> 84     -156                                        63.244
SPAdes          33 -> -63    148                                         63.221
SPAdes          36 -> -71    159                                         63.216
SPAdes          22 -> 12     155                                         63.174
SPAdes          30 -> 59     -155                                        63.102
SPAdes          64 -> 13     159                                         62.975
SPAdes          13 -> -84    156                                         62.593
SPAdes         -55 -> 57     134                                         60.852
SPAdes          26 -> -55    134                                         60.752
SPAdes          66 -> 37     133                                         59.907
SPAdes          50 -> 67     -131                                        58.129
SPAdes          35 -> -61    -204, -182, -168, 175, -205, -150, -165     34.175
SPAdes          12 -> -47    -179, -171, -200, -180, 165, 150, -164,     26.334
                             168, 182, 204                                     
SPAdes           1 -> 54     -146, 132, -146                             21.814
SPAdes          56 -> 27     99                                          21.741
SPAdes          45 -> 56     99                                          21.469
SPAdes          54 -> 30     -147, 106, -147                             16.496
SPAdes          38 -> 10     -124, 95, -124                              10.563
loop             7 -> 47     122, 98, 122                                26.667

Saving /data/djs217/PROJECTS/assembling-bacterial-genomes/PRJNA485808-ornamentals-april-2026/NCPPB_3884.unicycler/003_bridges_applied.gfa


Bridged assembly graph (2026-04-18 20:05:44)
--------------------------------------------
    The assembly is now mostly finished and no more structural changes will be made. Ideally the assembly graph should now have one contig per replicon and no erroneous contigs (i.e a complete assembly). If there are more contigs, then the assembly is not complete.

Saving /data/djs217/PROJECTS/assembling-bacterial-genomes/PRJNA485808-ornamentals-april-2026/NCPPB_3884.unicycler/004_final_clean.gfa

Component   Segments   Links   Length      N50       Longest segment   Status    
    total        164     213   4,994,969   130,587           405,816             
        1        144     197   4,211,841   130,587           405,816   incomplete
        2          1       0     212,663   212,663           212,663   incomplete
        3          1       0     178,223   178,223           178,223   incomplete
        4          1       0     113,206   113,206           113,206   incomplete
        5          1       0      67,478    67,478            67,478   incomplete
        6          1       0      64,670    64,670            64,670   incomplete
        7          1       0      43,588    43,588            43,588   incomplete
        8         11      16      36,606    36,156            36,156   incomplete
        9          1       0      31,688    31,688            31,688   incomplete
       10          1       0      26,836    26,836            26,836   incomplete
       11          1       0       8,170     8,170             8,170   incomplete


Polishing assembly with Pilon (2026-04-18 20:05:44)
---------------------------------------------------
    Unicycler now conducts multiple rounds of Pilon in an attempt to repair any remaining small-scale errors with the assembly.

Aligning reads to find appropriate insert size range...
Insert size 1st percentile:  46
Insert size 99th percentile: 695

Pilon polish round 1
Total number of changes: 27

Pilon polish round 2
Total number of changes: 11

Pilon polish round 3
Total number of changes: 1

Pilon polish round 4
No Pilon changes

Saving /data/djs217/PROJECTS/assembling-bacterial-genomes/PRJNA485808-ornamentals-april-2026/NCPPB_3884.unicycler/005_polished.gfa


Assembly complete (2026-04-18 20:30:46)
---------------------------------------
Saving /data/djs217/PROJECTS/assembling-bacterial-genomes/PRJNA485808-ornamentals-april-2026/NCPPB_3884.unicycler/assembly.gfa
Saving /data/djs217/PROJECTS/assembling-bacterial-genomes/PRJNA485808-ornamentals-april-2026/NCPPB_3884.unicycler/assembly.fasta

