
[1;4;93mStarting Polypolish polish[0m [2m(2026-03-23 14:45:02)[0m
[2m    Polypolish is a tool for polishing genome assemblies with short reads.
Unlike other tools in this category, Polypolish uses SAM files where each read
has been aligned to all possible locations (not just a single best location).
This allows it to repair errors in repeat regions that other alignment-based
polishers cannot fix.[0m

Polypolish version: 0.6.1

Input assembly:
  hybracter-hybrid/processing/complete/medaka_rd_2/NCPPB_3063/consensus.fasta

Input short-read alignments:
  hybracter-hybrid/processing/complete/bwa/NCPPB_3063_1.sam
  hybracter-hybrid/processing/complete/bwa/NCPPB_3063_2.sam

Settings:
  --fraction_invalid 0.2
  --fraction_valid 0.5
  --max_errors 10
  --min_depth 5
  not logging debugging information


[1;4;93mLoading assembly[0m [2m(2026-03-23 14:45:02)[0m
contig_1 (5,911,893 bp)


[1;4;93mLoading alignments[0m [2m(2026-03-23 14:45:03)[0m
hybracter-hybrid/processing/complete/bwa/NCPPB_3063_1.sam: 13,051,920 alignments from 12,178,390 reads
hybracter-hybrid/processing/complete/bwa/NCPPB_3063_2.sam: 13,052,342 alignments from 12,179,966 reads

Filtering for high-quality end-to-end alignments:
  25,218,045 alignments kept
  886,217 alignments discarded


[1;4;93mPolishing assembly sequences[0m [2m(2026-03-23 14:52:44)[0m
[2m    For each position in the assembly, Polypolish determines the read depth
at that position and collects all aligned bases. It then polishes the assembly
by looking for positions where the pileup unambiguously supports a different
sequence than the assembly.[0m

Polishing contig_1 (5,911,893 bp):
  mean read depth: 528.2x
  4 bp have a depth of zero (99.9999% coverage)
  0 positions changed (0.0000% of total positions)
  estimated pre-polishing sequence accuracy: 100.0000% (Q∞)


[1;4;93mFinished![0m [2m(2026-03-23 14:52:45)[0m
Polished sequence (to stdout):
  contig_1_polypolish (5,911,893 bp)

Time to run: 0:07:43.174964

