
[1;4;93mStarting Polypolish polish[0m [2m(2026-03-23 16:37:28)[0m
[2m    Polypolish is a tool for polishing genome assemblies with short reads.
Unlike other tools in this category, Polypolish uses SAM files where each read
has been aligned to all possible locations (not just a single best location).
This allows it to repair errors in repeat regions that other alignment-based
polishers cannot fix.[0m

Polypolish version: 0.6.1

Input assembly:
  hybracter-hybrid/processing/complete/medaka_rd_2/NCPPB_3693/consensus.fasta

Input short-read alignments:
  hybracter-hybrid/processing/complete/bwa/NCPPB_3693_1.sam
  hybracter-hybrid/processing/complete/bwa/NCPPB_3693_2.sam

Settings:
  --fraction_invalid 0.2
  --fraction_valid 0.5
  --max_errors 10
  --min_depth 5
  not logging debugging information


[1;4;93mLoading assembly[0m [2m(2026-03-23 16:37:28)[0m
2 (60,655 bp)
1 (75,504 bp)
contig_2 (5,900,848 bp)


[1;4;93mLoading alignments[0m [2m(2026-03-23 16:37:28)[0m
hybracter-hybrid/processing/complete/bwa/NCPPB_3693_1.sam: 37,703,387 alignments from 8,530,600 reads
hybracter-hybrid/processing/complete/bwa/NCPPB_3693_2.sam: 37,857,881 alignments from 8,531,025 reads

Filtering for high-quality end-to-end alignments:
  73,002,218 alignments kept
  2,559,050 alignments discarded


[1;4;93mPolishing assembly sequences[0m [2m(2026-03-23 16:41:18)[0m
[2m    For each position in the assembly, Polypolish determines the read depth
at that position and collects all aligned bases. It then polishes the assembly
by looking for positions where the pileup unambiguously supports a different
sequence than the assembly.[0m

Polishing 2 (60,655 bp):
  mean read depth: 480.3x
  3 bp have a depth of zero (99.9951% coverage)
  0 positions changed (0.0000% of total positions)
  estimated pre-polishing sequence accuracy: 100.0000% (Q∞)

Polishing 1 (75,504 bp):
  mean read depth: 448.2x
  2 bp have a depth of zero (99.9974% coverage)
  0 positions changed (0.0000% of total positions)
  estimated pre-polishing sequence accuracy: 100.0000% (Q∞)

Polishing contig_2 (5,900,848 bp):
  mean read depth: 369.3x
  3 bp have a depth of zero (99.9999% coverage)
  0 positions changed (0.0000% of total positions)
  estimated pre-polishing sequence accuracy: 100.0000% (Q∞)


[1;4;93mFinished![0m [2m(2026-03-23 16:41:19)[0m
Polished sequence (to stdout):
  2_polypolish (60,655 bp)
  1_polypolish (75,504 bp)
  contig_2_polypolish (5,900,848 bp)

Time to run: 0:03:51.558758

