Read1 before filtering:
total reads: 9206380
total bases: 1232048198
Q20 bases: 1228109431(99.6803%)
Q30 bases: 1207035330(97.9698%)
Q40 bases: 1207035330(97.9698%)

Read2 before filtering:
total reads: 9206380
total bases: 1233252893
Q20 bases: 1227299322(99.5172%)
Q30 bases: 1202557634(97.511%)
Q40 bases: 1202557634(97.511%)

Read1 after filtering:
total reads: 9206121
total bases: 1232012239
Q20 bases: 1228078622(99.6807%)
Q30 bases: 1207013770(97.9709%)
Q40 bases: 1207013770(97.9709%)

Read2 after filtering:
total reads: 9206121
total bases: 1233212078
Q20 bases: 1227272093(99.5183%)
Q30 bases: 1202546296(97.5133%)
Q40 bases: 1202546296(97.5133%)

Filtering result:
reads passed filter: 18412242
reads failed due to low quality: 518
reads failed due to too many N: 0
reads failed due to too short: 0
reads with adapter trimmed: 200
bases trimmed due to adapters: 10534

Duplication rate: 7.09604%

Insert size peak (evaluated by paired-end reads): 134

JSON report: hybracter-hybrid/processing/qc/fastp/NCPPB_4367.json
HTML report: hybracter-hybrid/processing/qc/fastp/NCPPB_4367.html

fastp --in1 12037_4367_S35_R1_001_fastp_val_1.fq.gz --in2 12037_4367_S35_R2_001_fastp_val_2.fq.gz --out1 hybracter-hybrid/processing/qc/fastp/NCPPB_4367_1.fastq.gz --out2 hybracter-hybrid/processing/qc/fastp/NCPPB_4367_2.fastq.gz --html hybracter-hybrid/processing/qc/fastp/NCPPB_4367.html --json hybracter-hybrid/processing/qc/fastp/NCPPB_4367.json --thread 1 
fastp v1.0.1, time used: 83 seconds
