Read1 before filtering:
total reads: 9909086
total bases: 1293259369
Q20 bases: 1288479192(99.6304%)
Q30 bases: 1263684426(97.7131%)
Q40 bases: 1263684426(97.7131%)

Read2 before filtering:
total reads: 9909086
total bases: 1295031526
Q20 bases: 1289598726(99.5805%)
Q30 bases: 1265600793(97.7274%)
Q40 bases: 1265600793(97.7274%)

Read1 after filtering:
total reads: 9908828
total bases: 1293224109
Q20 bases: 1288449505(99.6308%)
Q30 bases: 1263663770(97.7142%)
Q40 bases: 1263663770(97.7142%)

Read2 after filtering:
total reads: 9908828
total bases: 1294993488
Q20 bases: 1289573498(99.5815%)
Q30 bases: 1265590442(97.7295%)
Q40 bases: 1265590442(97.7295%)

Filtering result:
reads passed filter: 19817656
reads failed due to low quality: 516
reads failed due to too many N: 0
reads failed due to too short: 0
reads with adapter trimmed: 300
bases trimmed due to adapters: 8379

Duplication rate: 6.62969%

Insert size peak (evaluated by paired-end reads): 129

JSON report: hybracter-hybrid/processing/qc/fastp/NCPPB_1594.json
HTML report: hybracter-hybrid/processing/qc/fastp/NCPPB_1594.html

fastp --in1 12037_1594_S71_R1_001_fastp_val_1.fq.gz --in2 12037_1594_S71_R2_001_fastp_val_2.fq.gz --out1 hybracter-hybrid/processing/qc/fastp/NCPPB_1594_1.fastq.gz --out2 hybracter-hybrid/processing/qc/fastp/NCPPB_1594_2.fastq.gz --html hybracter-hybrid/processing/qc/fastp/NCPPB_1594.html --json hybracter-hybrid/processing/qc/fastp/NCPPB_1594.json --thread 1 
fastp v1.0.1, time used: 79 seconds
