[2026-03-28 18:11:48] INFO: Starting Flye 2.9.6-b1802
[2026-03-28 18:11:48] INFO: >>>STAGE: configure
[2026-03-28 18:11:48] INFO: Configuring run
[2026-03-28 18:11:54] INFO: Total read length: 444766536
[2026-03-28 18:11:54] INFO: Reads N50/N90: 11324 / 5584
[2026-03-28 18:11:54] INFO: Minimum overlap set to 6000
[2026-03-28 18:11:54] INFO: >>>STAGE: assembly
[2026-03-28 18:11:54] INFO: Assembling disjointigs
[2026-03-28 18:11:54] INFO: Reading sequences
[2026-03-28 18:11:59] INFO: Building minimizer index
[2026-03-28 18:11:59] INFO: Pre-calculating index storage
0% 10% 20% 30% 40% 50% 60% 70% 80% 90% 100% 
[2026-03-28 18:12:02] INFO: Filling index
0% 10% 20% 30% 40% 50% 60% 70% 80% 90% 100% 
[2026-03-28 18:12:11] INFO: Extending reads
[2026-03-28 18:13:15] INFO: Overlap-based coverage: 67
[2026-03-28 18:13:15] INFO: Median overlap divergence: 0.00552846
0% 90% 100% 
[2026-03-28 18:13:56] INFO: Assembled 2 disjointigs
[2026-03-28 18:13:56] INFO: Generating sequence
0% 10% 20% 30% 40% 50% 60% 70% 80% 90% 100% 
[2026-03-28 18:13:57] INFO: Filtering contained disjointigs
0% 50% 100% 
[2026-03-28 18:13:58] INFO: Contained seqs: 0
[2026-03-28 18:13:58] INFO: >>>STAGE: consensus
[2026-03-28 18:13:58] INFO: Running Minimap2
[2026-03-28 18:14:25] INFO: Computing consensus
[2026-03-28 18:14:55] INFO: Alignment error rate: 0.010361
[2026-03-28 18:14:55] INFO: >>>STAGE: repeat
[2026-03-28 18:14:55] INFO: Building and resolving repeat graph
[2026-03-28 18:14:55] INFO: Parsing disjointigs
[2026-03-28 18:14:55] INFO: Building repeat graph
0% 50% 100% 
[2026-03-28 18:14:57] INFO: Median overlap divergence: 0.00684192
[2026-03-28 18:14:57] INFO: Parsing reads
[2026-03-28 18:15:02] INFO: Aligning reads to the graph
0% 10% 20% 30% 40% 50% 60% 70% 80% 90% 100% 
[2026-03-28 18:15:12] INFO: Aligned read sequence: 373531878 / 383201355 (0.974767)
[2026-03-28 18:15:12] INFO: Median overlap divergence: 0.00234979
[2026-03-28 18:15:12] INFO: Mean edge coverage: 72
[2026-03-28 18:15:12] INFO: Simplifying the graph
[2026-03-28 18:15:13] INFO: >>>STAGE: contigger
[2026-03-28 18:15:13] INFO: Generating contigs
[2026-03-28 18:15:13] INFO: Reading sequences
[2026-03-28 18:15:18] INFO: Generated 2 contigs
[2026-03-28 18:15:18] INFO: Added 0 scaffold connections
[2026-03-28 18:15:18] INFO: >>>STAGE: polishing
[2026-03-28 18:15:18] INFO: Polishing genome (1/1)
[2026-03-28 18:15:18] INFO: Running minimap2
[2026-03-28 18:15:42] INFO: Separating alignment into bubbles
[2026-03-28 18:16:24] INFO: Alignment error rate: 0.006053
[2026-03-28 18:16:24] INFO: Correcting bubbles
0% 10% 20% 30% 40% 50% 60% 70% 80% 90% 100% 
[2026-03-28 18:16:57] INFO: >>>STAGE: finalize
[2026-03-28 18:16:57] INFO: Assembly statistics:

	Total length:	5079479
	Fragments:	2
	Fragments N50:	5031365
	Largest frg:	5031365
	Scaffolds:	0
	Mean coverage:	87

[2026-03-28 18:16:57] INFO: Final assembly: /data/djs217/PROJECTS/xanthomonas-genome-assemblies/xanthomonas_march_2026/hybracter-hybrid-Xcc/processing/assemblies/NCPPB_4682_xcc/assembly.fasta
