[2025-11-07 19:31:07] INFO: Starting Flye 2.9.6-b1802
[2025-11-07 19:31:07] INFO: >>>STAGE: configure
[2025-11-07 19:31:07] INFO: Configuring run
[2025-11-07 19:31:21] INFO: Total read length: 447840633
[2025-11-07 19:31:21] INFO: Reads N50/N90: 21759 / 13340
[2025-11-07 19:31:21] INFO: Minimum overlap set to 10000
[2025-11-07 19:31:21] INFO: >>>STAGE: assembly
[2025-11-07 19:31:21] INFO: Assembling disjointigs
[2025-11-07 19:31:21] INFO: Reading sequences
[2025-11-07 19:31:27] INFO: Building minimizer index
[2025-11-07 19:31:27] INFO: Pre-calculating index storage
0% 10% 20% 30% 40% 50% 60% 70% 80% 90% 100% 
[2025-11-07 19:31:31] INFO: Filling index
0% 10% 20% 30% 40% 50% 60% 70% 80% 90% 100% 
[2025-11-07 19:31:47] INFO: Extending reads
[2025-11-07 19:33:53] INFO: Overlap-based coverage: 80
[2025-11-07 19:33:53] INFO: Median overlap divergence: 0.00909581
0% 90% 100% 
[2025-11-07 19:34:52] INFO: Assembled 1 disjointigs
[2025-11-07 19:34:52] INFO: Generating sequence
0% 10% 20% 30% 40% 50% 60% 70% 80% 90% 100% 
[2025-11-07 19:34:53] INFO: Filtering contained disjointigs
0% 100% 
[2025-11-07 19:34:55] INFO: Contained seqs: 0
[2025-11-07 19:34:55] INFO: >>>STAGE: consensus
[2025-11-07 19:34:55] INFO: Running Minimap2
[2025-11-07 19:35:27] INFO: Computing consensus
[2025-11-07 19:36:11] INFO: Alignment error rate: 0.019074
[2025-11-07 19:36:11] INFO: >>>STAGE: repeat
[2025-11-07 19:36:11] INFO: Building and resolving repeat graph
[2025-11-07 19:36:11] INFO: Parsing disjointigs
[2025-11-07 19:36:11] INFO: Building repeat graph
0% 100% 
[2025-11-07 19:36:13] INFO: Median overlap divergence: 0.00338933
[2025-11-07 19:36:13] INFO: Parsing reads
[2025-11-07 19:36:19] INFO: Aligning reads to the graph
0% 10% 20% 30% 40% 50% 60% 70% 80% 90% 100% 
[2025-11-07 19:36:31] INFO: Aligned read sequence: 437755172 / 447281274 (0.978702)
[2025-11-07 19:36:31] INFO: Median overlap divergence: 0.00402403
[2025-11-07 19:36:31] INFO: Mean edge coverage: 82
[2025-11-07 19:36:31] INFO: Simplifying the graph
[2025-11-07 19:36:32] INFO: >>>STAGE: contigger
[2025-11-07 19:36:32] INFO: Generating contigs
[2025-11-07 19:36:32] INFO: Reading sequences
[2025-11-07 19:36:37] INFO: Generated 1 contigs
[2025-11-07 19:36:37] INFO: Added 0 scaffold connections
[2025-11-07 19:36:37] INFO: >>>STAGE: polishing
[2025-11-07 19:36:37] INFO: Polishing genome (1/1)
[2025-11-07 19:36:37] INFO: Running minimap2
[2025-11-07 19:37:05] INFO: Separating alignment into bubbles
[2025-11-07 19:38:04] INFO: Alignment error rate: 0.012139
[2025-11-07 19:38:04] INFO: Correcting bubbles
0% 10% 20% 30% 40% 50% 60% 70% 80% 90% 100% 
[2025-11-07 19:38:40] INFO: >>>STAGE: finalize
[2025-11-07 19:38:40] INFO: Assembly statistics:

	Total length:	5300556
	Fragments:	1
	Fragments N50:	5300556
	Largest frg:	5300556
	Scaffolds:	0
	Mean coverage:	83

[2025-11-07 19:38:40] INFO: Final assembly: /data/djs217/PROJECTS/PRJNA1129555/hybracter-hybrid/processing/assemblies/NCPPB_4468/assembly.fasta
