[2025-11-08 05:33:41] INFO: Starting Flye 2.9.6-b1802
[2025-11-08 05:33:41] INFO: >>>STAGE: configure
[2025-11-08 05:33:41] INFO: Configuring run
[2025-11-08 05:33:58] INFO: Total read length: 405997804
[2025-11-08 05:33:58] INFO: Reads N50/N90: 16315 / 5257
[2025-11-08 05:33:58] INFO: Minimum overlap set to 5000
[2025-11-08 05:33:58] INFO: >>>STAGE: assembly
[2025-11-08 05:33:58] INFO: Assembling disjointigs
[2025-11-08 05:33:58] INFO: Reading sequences
[2025-11-08 05:34:04] INFO: Building minimizer index
[2025-11-08 05:34:04] INFO: Pre-calculating index storage
0% 10% 20% 30% 40% 50% 60% 70% 80% 90% 100% 
[2025-11-08 05:34:07] INFO: Filling index
0% 10% 20% 30% 40% 50% 60% 70% 80% 90% 100% 
[2025-11-08 05:34:17] INFO: Extending reads
[2025-11-08 05:35:32] INFO: Overlap-based coverage: 64
[2025-11-08 05:35:32] INFO: Median overlap divergence: 0.011317
0% 90% 100% 
[2025-11-08 05:36:22] INFO: Assembled 1 disjointigs
[2025-11-08 05:36:22] INFO: Generating sequence
0% 10% 20% 30% 40% 50% 60% 70% 80% 90% 100% 
[2025-11-08 05:36:23] INFO: Filtering contained disjointigs
0% 100% 
[2025-11-08 05:36:24] INFO: Contained seqs: 0
[2025-11-08 05:36:24] INFO: >>>STAGE: consensus
[2025-11-08 05:36:24] INFO: Running Minimap2
[2025-11-08 05:36:47] INFO: Computing consensus
[2025-11-08 05:37:49] INFO: Alignment error rate: 0.025474
[2025-11-08 05:37:49] INFO: >>>STAGE: repeat
[2025-11-08 05:37:49] INFO: Building and resolving repeat graph
[2025-11-08 05:37:49] INFO: Parsing disjointigs
[2025-11-08 05:37:49] INFO: Building repeat graph
0% 100% 
[2025-11-08 05:37:51] INFO: Median overlap divergence: 0.00470073
[2025-11-08 05:37:51] INFO: Parsing reads
[2025-11-08 05:37:57] INFO: Aligning reads to the graph
0% 10% 20% 30% 40% 50% 60% 70% 80% 90% 100% 
[2025-11-08 05:38:07] INFO: Aligned read sequence: 355202917 / 368374076 (0.964245)
[2025-11-08 05:38:07] INFO: Median overlap divergence: 0.00486106
[2025-11-08 05:38:07] INFO: Mean edge coverage: 71
[2025-11-08 05:38:07] INFO: Simplifying the graph
[2025-11-08 05:38:07] INFO: >>>STAGE: contigger
[2025-11-08 05:38:07] INFO: Generating contigs
[2025-11-08 05:38:07] INFO: Reading sequences
[2025-11-08 05:38:13] INFO: Generated 1 contigs
[2025-11-08 05:38:13] INFO: Added 0 scaffold connections
[2025-11-08 05:38:13] INFO: >>>STAGE: polishing
[2025-11-08 05:38:13] INFO: Polishing genome (1/1)
[2025-11-08 05:38:13] INFO: Running minimap2
[2025-11-08 05:38:38] INFO: Separating alignment into bubbles
[2025-11-08 05:39:52] INFO: Alignment error rate: 0.017998
[2025-11-08 05:39:52] INFO: Correcting bubbles
0% 10% 20% 30% 40% 50% 60% 70% 80% 90% 100% 
[2025-11-08 05:40:13] INFO: >>>STAGE: finalize
[2025-11-08 05:40:13] INFO: Assembly statistics:

	Total length:	4917794
	Fragments:	1
	Fragments N50:	4917794
	Largest frg:	4917794
	Scaffolds:	0
	Mean coverage:	82

[2025-11-08 05:40:13] INFO: Final assembly: /data/djs217/PROJECTS/PRJNA1129555/hybracter-hybrid/processing/assemblies/NCPPB_1062/assembly.fasta
