/data/djs217/miniconda3/envs/hybracter_env/lib/python3.11/site-packages/hybracter/workflow/conda/7aafc1085ca44eee01942c03ca74ecad_/lib/python3.11/site-packages/medaka/common.py:16: UserWarning: pkg_resources is deprecated as an API. See https://setuptools.pypa.io/en/latest/pkg_resources.html. The pkg_resources package is slated for removal as early as 2025-11-30. Refrain from using this package or pin to Setuptools<81.
  from pkg_resources import resource_filename
/data/djs217/miniconda3/envs/hybracter_env/lib/python3.11/site-packages/hybracter/workflow/conda/7aafc1085ca44eee01942c03ca74ecad_/lib/python3.11/site-packages/medaka/common.py:16: UserWarning: pkg_resources is deprecated as an API. See https://setuptools.pypa.io/en/latest/pkg_resources.html. The pkg_resources package is slated for removal as early as 2025-11-30. Refrain from using this package or pin to Setuptools<81.
  from pkg_resources import resource_filename
/data/djs217/miniconda3/envs/hybracter_env/lib/python3.11/site-packages/hybracter/workflow/conda/7aafc1085ca44eee01942c03ca74ecad_/lib/python3.11/site-packages/medaka/common.py:16: UserWarning: pkg_resources is deprecated as an API. See https://setuptools.pypa.io/en/latest/pkg_resources.html. The pkg_resources package is slated for removal as early as 2025-11-30. Refrain from using this package or pin to Setuptools<81.
  from pkg_resources import resource_filename
[20:54:35 - MdlStrTGZ] Successfully removed temporary files from /tmp/tmp_1x5u375.
/data/djs217/miniconda3/envs/hybracter_env/lib/python3.11/site-packages/hybracter/workflow/conda/7aafc1085ca44eee01942c03ca74ecad_/lib/python3.11/site-packages/medaka/common.py:16: UserWarning: pkg_resources is deprecated as an API. See https://setuptools.pypa.io/en/latest/pkg_resources.html. The pkg_resources package is slated for removal as early as 2025-11-30. Refrain from using this package or pin to Setuptools<81.
  from pkg_resources import resource_filename
[20:54:37 - MdlStrTGZ] Successfully removed temporary files from /tmp/tmpsj6_ustz.
Creating fai index file /data/djs217/PROJECTS/xanthomonas-genome-assemblies/xanthomonas_march_2026/hybracter-hybrid-misc/processing/pre_polish/NCPPB_2439_zinniae_chromosome_plus_plasmids.fasta.fai
Creating mmi index file /data/djs217/PROJECTS/xanthomonas-genome-assemblies/xanthomonas_march_2026/hybracter-hybrid-misc/processing/pre_polish/NCPPB_2439_zinniae_chromosome_plus_plasmids.fasta.map-ont.mmi
[M::mm_idx_gen::0.194*0.95] collected minimizers
[M::mm_idx_gen::0.256*1.40] sorted minimizers
[M::main::0.317*1.32] loaded/built the index for 1 target sequence(s)
[M::mm_idx_stat] kmer size: 15; skip: 10; is_hpc: 0; #seq: 1
[M::mm_idx_stat::0.330*1.31] distinct minimizers: 893441 (94.54% are singletons); average occurrences: 1.071; average spacing: 5.357; total length: 5127958
[M::main] Version: 2.30-r1287
[M::main] CMD: minimap2 -I 16G -x map-ont -d /data/djs217/PROJECTS/xanthomonas-genome-assemblies/xanthomonas_march_2026/hybracter-hybrid-misc/processing/pre_polish/NCPPB_2439_zinniae_chromosome_plus_plasmids.fasta.map-ont.mmi /data/djs217/PROJECTS/xanthomonas-genome-assemblies/xanthomonas_march_2026/hybracter-hybrid-misc/processing/pre_polish/NCPPB_2439_zinniae_chromosome_plus_plasmids.fasta
[M::main] Real time: 0.336 sec; CPU: 0.438 sec; Peak RSS: 0.053 GB
[M::main::0.061*1.02] loaded/built the index for 1 target sequence(s)
[M::mm_mapopt_update::0.080*1.01] mid_occ = 10
[M::mm_idx_stat] kmer size: 15; skip: 10; is_hpc: 0; #seq: 1
[M::mm_idx_stat::0.094*1.01] distinct minimizers: 893441 (94.54% are singletons); average occurrences: 1.071; average spacing: 5.357; total length: 5127958
[M::worker_pipeline::22.850*5.73] mapped 30268 sequences
[M::main] Version: 2.30-r1287
[M::main] CMD: minimap2 -x map-ont --secondary=no -L --MD -A 2 -B 4 -O 4,24 -E 2,1 -t 12 -a /data/djs217/PROJECTS/xanthomonas-genome-assemblies/xanthomonas_march_2026/hybracter-hybrid-misc/processing/pre_polish/NCPPB_2439_zinniae_chromosome_plus_plasmids.fasta.map-ont.mmi /data/djs217/PROJECTS/xanthomonas-genome-assemblies/xanthomonas_march_2026/hybracter-hybrid-misc/processing/qc/NCPPB_2439_zinniae_filt_trim.fastq.gz
[M::main] Real time: 22.860 sec; CPU: 130.987 sec; Peak RSS: 1.125 GB
[bam_sort_core] merging from 0 files and 12 in-memory blocks...
/data/djs217/miniconda3/envs/hybracter_env/lib/python3.11/site-packages/hybracter/workflow/conda/7aafc1085ca44eee01942c03ca74ecad_/lib/python3.11/site-packages/medaka/common.py:16: UserWarning: pkg_resources is deprecated as an API. See https://setuptools.pypa.io/en/latest/pkg_resources.html. The pkg_resources package is slated for removal as early as 2025-11-30. Refrain from using this package or pin to Setuptools<81.
  from pkg_resources import resource_filename
[20:55:10 - Predict] Processing region(s): contig_1:0-5127958
[20:55:10 - Predict] Using model: /data/djs217/miniconda3/envs/hybracter_env/lib/python3.11/site-packages/hybracter/workflow/conda/7aafc1085ca44eee01942c03ca74ecad_/lib/python3.11/site-packages/medaka/data/r1041_e82_400bps_sup_v5.0.0_model_pt.tar.gz.
[20:55:10 - Predict] Using minimum mapQ threshold of 1 for read filtering.
[20:55:10 - MdlStrTGZ] Model GRUModel(
  (gru): GRU(10, 128, num_layers=2, batch_first=True, bidirectional=True)
  (linear): Linear(in_features=256, out_features=5, bias=True)
)
[20:55:10 - MdlStrTGZ] loading weights from /tmp/tmpoo26oilp/model/weights.pt
[20:55:10 - MdlStrTGZ] Successfully removed temporary files from /tmp/tmpoo26oilp.
[20:55:10 - Predict] Model device: cpu
[20:55:10 - Predict] Running prediction at full precision
[20:55:10 - BAMFile] Creating pool of 16 BAM file sets.
[20:55:10 - Predict] Processing 6 long region(s) with batching.
[20:55:10 - Sampler] Initializing sampler for consensus of region contig_1:0-1000000.
[20:55:10 - Sampler] Initializing sampler for consensus of region contig_1:999000-1999000.
[20:55:10 - PWorker] Running inference for 5.1M draft bases.
[20:55:12 - Feature] Processed contig_1:0.0-999999.0 (median depth 86.0)
[20:55:12 - Sampler] Took 1.55s to make features.
[20:55:12 - Sampler] Initializing sampler for consensus of region contig_1:1998000-2998000.
[20:55:12 - Feature] Processed contig_1:999000.0-1998999.0 (median depth 80.0)
[20:55:12 - Sampler] Took 1.73s to make features.
[20:55:12 - Sampler] Initializing sampler for consensus of region contig_1:2997000-3997000.
[20:55:13 - Feature] Processed contig_1:1998000.0-2997999.0 (median depth 83.0)
[20:55:13 - Sampler] Took 1.44s to make features.
[20:55:13 - Sampler] Initializing sampler for consensus of region contig_1:3996000-4996000.
[20:55:14 - Feature] Processed contig_1:2997000.0-3996999.0 (median depth 87.0)
[20:55:14 - Sampler] Took 1.61s to make features.
[20:55:14 - Sampler] Initializing sampler for consensus of region contig_1:4995000-5127958.
[20:55:14 - Feature] Processed contig_1:4995000.0-5127957.0 (median depth 90.0)
[20:55:14 - Sampler] Took 0.76s to make features.
[20:55:15 - Feature] Processed contig_1:3996000.0-4995999.0 (median depth 91.0)
[20:55:15 - Sampler] Took 1.59s to make features.
[20:57:48 - PWorker] Batches in cache: 7.
[20:57:48 - PWorker] 16.3% Done (0.8/5.1 Mbases) in 158.2s
[21:01:39 - PWorker] Batches in cache: 6.
[21:01:39 - PWorker] 32.5% Done (1.7/5.1 Mbases) in 388.6s
[21:04:16 - PWorker] Batches in cache: 5.
[21:04:16 - PWorker] 48.8% Done (2.5/5.1 Mbases) in 546.1s
[21:05:09 - PWorker] Batches in cache: 4.
[21:05:09 - PWorker] 65.1% Done (3.3/5.1 Mbases) in 599.0s
[21:05:44 - PWorker] Batches in cache: 3.
[21:05:44 - PWorker] 81.3% Done (4.2/5.1 Mbases) in 633.9s
[21:05:52 - PWorker] Batches in cache: 2.
[21:05:54 - PWorker] Processed 7 batches
[21:05:54 - PWorker] All done, 0 remainder regions.
[21:05:54 - Predict] Finished processing all regions.
/data/djs217/miniconda3/envs/hybracter_env/lib/python3.11/site-packages/hybracter/workflow/conda/7aafc1085ca44eee01942c03ca74ecad_/lib/python3.11/site-packages/medaka/common.py:16: UserWarning: pkg_resources is deprecated as an API. See https://setuptools.pypa.io/en/latest/pkg_resources.html. The pkg_resources package is slated for removal as early as 2025-11-30. Refrain from using this package or pin to Setuptools<81.
  from pkg_resources import resource_filename
[21:05:56 - DataIndx] Loaded 1/1 (100.00%) sample files.
[21:05:56 - DataIndx] Loaded 1/1 (100.00%) sample files.
[21:05:56 - DataIndx] Loaded 1/1 (100.00%) sample files.
[21:05:56 - DataIndx] Loaded 1/1 (100.00%) sample files.
[21:05:56 - DataIndx] Loaded 1/1 (100.00%) sample files.
[21:05:56 - DataIndx] Loaded 1/1 (100.00%) sample files.
[21:05:56 - DataIndx] Loaded 1/1 (100.00%) sample files.
