[2026-03-28 21:09:47] INFO: Starting Flye 2.9.6-b1802
[2026-03-28 21:09:47] INFO: >>>STAGE: configure
[2026-03-28 21:09:47] INFO: Configuring run
[2026-03-28 21:09:57] INFO: Total read length: 445623402
[2026-03-28 21:09:57] INFO: Reads N50/N90: 12355 / 5831
[2026-03-28 21:09:57] INFO: Minimum overlap set to 6000
[2026-03-28 21:09:57] INFO: >>>STAGE: assembly
[2026-03-28 21:09:57] INFO: Assembling disjointigs
[2026-03-28 21:09:57] INFO: Reading sequences
[2026-03-28 21:10:03] INFO: Building minimizer index
[2026-03-28 21:10:03] INFO: Pre-calculating index storage
0% 10% 20% 30% 40% 50% 60% 70% 80% 90% 100% 
[2026-03-28 21:10:08] INFO: Filling index
0% 10% 20% 30% 40% 50% 60% 70% 80% 90% 100% 
[2026-03-28 21:10:19] INFO: Extending reads
[2026-03-28 21:11:26] INFO: Overlap-based coverage: 73
[2026-03-28 21:11:26] INFO: Median overlap divergence: 0.00502102
0% 90% 100% 
[2026-03-28 21:12:13] INFO: Assembled 1 disjointigs
[2026-03-28 21:12:13] INFO: Generating sequence
0% 10% 20% 30% 40% 50% 60% 70% 80% 90% 100% 
[2026-03-28 21:12:14] INFO: Filtering contained disjointigs
0% 100% 
[2026-03-28 21:12:15] INFO: Contained seqs: 0
[2026-03-28 21:12:15] INFO: >>>STAGE: consensus
[2026-03-28 21:12:15] INFO: Running Minimap2
[2026-03-28 21:12:38] INFO: Computing consensus
[2026-03-28 21:13:09] INFO: Alignment error rate: 0.008872
[2026-03-28 21:13:09] INFO: >>>STAGE: repeat
[2026-03-28 21:13:09] INFO: Building and resolving repeat graph
[2026-03-28 21:13:09] INFO: Parsing disjointigs
[2026-03-28 21:13:09] INFO: Building repeat graph
0% 100% 
[2026-03-28 21:13:11] INFO: Median overlap divergence: 0.00404222
[2026-03-28 21:13:11] INFO: Parsing reads
[2026-03-28 21:13:17] INFO: Aligning reads to the graph
0% 10% 20% 30% 40% 50% 60% 70% 80% 90% 100% 
[2026-03-28 21:13:27] INFO: Aligned read sequence: 389739378 / 395228540 (0.986111)
[2026-03-28 21:13:27] INFO: Median overlap divergence: 0.00207686
[2026-03-28 21:13:27] INFO: Mean edge coverage: 77
[2026-03-28 21:13:27] INFO: Simplifying the graph
[2026-03-28 21:13:27] INFO: >>>STAGE: contigger
[2026-03-28 21:13:27] INFO: Generating contigs
[2026-03-28 21:13:27] INFO: Reading sequences
[2026-03-28 21:13:33] INFO: Generated 1 contigs
[2026-03-28 21:13:33] INFO: Added 0 scaffold connections
[2026-03-28 21:13:33] INFO: >>>STAGE: polishing
[2026-03-28 21:13:33] INFO: Polishing genome (1/1)
[2026-03-28 21:13:33] INFO: Running minimap2
[2026-03-28 21:13:56] INFO: Separating alignment into bubbles
[2026-03-28 21:14:41] INFO: Alignment error rate: 0.005052
[2026-03-28 21:14:41] INFO: Correcting bubbles
0% 10% 20% 30% 40% 50% 60% 70% 80% 90% 100% 
[2026-03-28 21:15:02] INFO: >>>STAGE: finalize
[2026-03-28 21:15:02] INFO: Assembly statistics:

	Total length:	5003621
	Fragments:	1
	Fragments N50:	5003621
	Largest frg:	5003621
	Scaffolds:	0
	Mean coverage:	89

[2026-03-28 21:15:02] INFO: Final assembly: /data/djs217/PROJECTS/xanthomonas-genome-assemblies/xanthomonas_march_2026/hybracter-hybrid-misc/processing/assemblies/NCPPB_151_papavericola/assembly.fasta
