[2026-03-29 03:03:29] INFO: Starting Flye 2.9.6-b1802
[2026-03-29 03:03:29] INFO: >>>STAGE: configure
[2026-03-29 03:03:29] INFO: Configuring run
[2026-03-29 03:03:40] INFO: Total read length: 445039622
[2026-03-29 03:03:40] INFO: Reads N50/N90: 23654 / 17092
[2026-03-29 03:03:40] INFO: Minimum overlap set to 10000
[2026-03-29 03:03:40] INFO: >>>STAGE: assembly
[2026-03-29 03:03:40] INFO: Assembling disjointigs
[2026-03-29 03:03:40] INFO: Reading sequences
[2026-03-29 03:03:45] INFO: Building minimizer index
[2026-03-29 03:03:45] INFO: Pre-calculating index storage
0% 10% 20% 30% 40% 50% 60% 70% 80% 90% 100% 
[2026-03-29 03:03:49] INFO: Filling index
0% 10% 20% 30% 40% 50% 60% 70% 80% 90% 100% 
[2026-03-29 03:04:04] INFO: Extending reads
[2026-03-29 03:06:23] INFO: Overlap-based coverage: 82
[2026-03-29 03:06:23] INFO: Median overlap divergence: 0.0039452
0% 90% 100% 
[2026-03-29 03:07:59] INFO: Assembled 1 disjointigs
[2026-03-29 03:07:59] INFO: Generating sequence
0% 10% 20% 30% 40% 50% 60% 70% 80% 90% 100% 
[2026-03-29 03:08:01] INFO: Filtering contained disjointigs
0% 100% 
[2026-03-29 03:08:01] INFO: Contained seqs: 0
[2026-03-29 03:08:02] INFO: >>>STAGE: consensus
[2026-03-29 03:08:02] INFO: Running Minimap2
[2026-03-29 03:08:27] INFO: Computing consensus
[2026-03-29 03:08:59] INFO: Alignment error rate: 0.007267
[2026-03-29 03:08:59] INFO: >>>STAGE: repeat
[2026-03-29 03:08:59] INFO: Building and resolving repeat graph
[2026-03-29 03:08:59] INFO: Parsing disjointigs
[2026-03-29 03:08:59] INFO: Building repeat graph
0% 100% 
[2026-03-29 03:09:01] INFO: Median overlap divergence: 0
[2026-03-29 03:09:01] INFO: Parsing reads
[2026-03-29 03:09:07] INFO: Aligning reads to the graph
0% 10% 20% 30% 40% 50% 60% 70% 80% 90% 100% 
[2026-03-29 03:09:19] INFO: Aligned read sequence: 441344756 / 445039622 (0.991698)
[2026-03-29 03:09:19] INFO: Median overlap divergence: 0.00174344
[2026-03-29 03:09:19] INFO: Mean edge coverage: 85
[2026-03-29 03:09:19] INFO: Simplifying the graph
[2026-03-29 03:09:19] INFO: >>>STAGE: contigger
[2026-03-29 03:09:19] INFO: Generating contigs
[2026-03-29 03:09:19] INFO: Reading sequences
[2026-03-29 03:09:25] INFO: Generated 1 contigs
[2026-03-29 03:09:25] INFO: Added 0 scaffold connections
[2026-03-29 03:09:25] INFO: >>>STAGE: polishing
[2026-03-29 03:09:25] INFO: Polishing genome (1/1)
[2026-03-29 03:09:25] INFO: Running minimap2
[2026-03-29 03:09:50] INFO: Separating alignment into bubbles
[2026-03-29 03:10:33] INFO: Alignment error rate: 0.003742
[2026-03-29 03:10:33] INFO: Correcting bubbles
0% 10% 20% 30% 40% 50% 60% 70% 80% 90% 100% 
[2026-03-29 03:10:55] INFO: >>>STAGE: finalize
[2026-03-29 03:10:55] INFO: Assembly statistics:

	Total length:	5109337
	Fragments:	1
	Fragments N50:	5109337
	Largest frg:	5109337
	Scaffolds:	0
	Mean coverage:	87

[2026-03-29 03:10:55] INFO: Final assembly: /data/djs217/PROJECTS/xanthomonas-genome-assemblies/xanthomonas_march_2026/hybracter-hybrid-misc/processing/assemblies/NCPPB_4350_codiaei/assembly.fasta
