
[1;4;93mStarting Polypolish polish[0m [2m(2026-03-23 19:46:45)[0m
[2m    Polypolish is a tool for polishing genome assemblies with short reads.
Unlike other tools in this category, Polypolish uses SAM files where each read
has been aligned to all possible locations (not just a single best location).
This allows it to repair errors in repeat regions that other alignment-based
polishers cannot fix.[0m

Polypolish version: 0.6.1

Input assembly:
  hybracter-hybrid/processing/complete/medaka_rd_2/NCPPB_3219/consensus.fasta

Input short-read alignments:
  hybracter-hybrid/processing/complete/bwa/NCPPB_3219_1.sam
  hybracter-hybrid/processing/complete/bwa/NCPPB_3219_2.sam

Settings:
  --fraction_invalid 0.2
  --fraction_valid 0.5
  --max_errors 10
  --min_depth 5
  not logging debugging information


[1;4;93mLoading assembly[0m [2m(2026-03-23 19:46:45)[0m
1 (1,749,894 bp)
contig_2 (3,708,372 bp)


[1;4;93mLoading alignments[0m [2m(2026-03-23 19:46:45)[0m
hybracter-hybrid/processing/complete/bwa/NCPPB_3219_1.sam: 11,791,940 alignments from 10,693,622 reads
hybracter-hybrid/processing/complete/bwa/NCPPB_3219_2.sam: 11,795,138 alignments from 10,694,985 reads

Filtering for high-quality end-to-end alignments:
  22,845,810 alignments kept
  741,268 alignments discarded


[1;4;93mPolishing assembly sequences[0m [2m(2026-03-23 19:48:16)[0m
[2m    For each position in the assembly, Polypolish determines the read depth
at that position and collects all aligned bases. It then polishes the assembly
by looking for positions where the pileup unambiguously supports a different
sequence than the assembly.[0m

Polishing 1 (1,749,894 bp):
  mean read depth: 507.2x
  3 bp have a depth of zero (99.9998% coverage)
  0 positions changed (0.0000% of total positions)
  estimated pre-polishing sequence accuracy: 100.0000% (Q∞)

Polishing contig_2 (3,708,372 bp):
  mean read depth: 509.9x
  2 bp have a depth of zero (99.9999% coverage)
  4 positions changed (0.0001% of total positions)
  estimated pre-polishing sequence accuracy: 99.9999% (Q59.67)


[1;4;93mFinished![0m [2m(2026-03-23 19:48:16)[0m
Polished sequence (to stdout):
  1_polypolish (1,749,894 bp)
  contig_2_polypolish (3,708,372 bp)

Time to run: 0:01:31.952180

