/data/djs217/miniconda3/envs/hybracter_env/lib/python3.11/site-packages/hybracter/workflow/conda/7aafc1085ca44eee01942c03ca74ecad_/lib/python3.11/site-packages/medaka/common.py:16: UserWarning: pkg_resources is deprecated as an API. See https://setuptools.pypa.io/en/latest/pkg_resources.html. The pkg_resources package is slated for removal as early as 2025-11-30. Refrain from using this package or pin to Setuptools<81.
  from pkg_resources import resource_filename
/data/djs217/miniconda3/envs/hybracter_env/lib/python3.11/site-packages/hybracter/workflow/conda/7aafc1085ca44eee01942c03ca74ecad_/lib/python3.11/site-packages/medaka/common.py:16: UserWarning: pkg_resources is deprecated as an API. See https://setuptools.pypa.io/en/latest/pkg_resources.html. The pkg_resources package is slated for removal as early as 2025-11-30. Refrain from using this package or pin to Setuptools<81.
  from pkg_resources import resource_filename
/data/djs217/miniconda3/envs/hybracter_env/lib/python3.11/site-packages/hybracter/workflow/conda/7aafc1085ca44eee01942c03ca74ecad_/lib/python3.11/site-packages/medaka/common.py:16: UserWarning: pkg_resources is deprecated as an API. See https://setuptools.pypa.io/en/latest/pkg_resources.html. The pkg_resources package is slated for removal as early as 2025-11-30. Refrain from using this package or pin to Setuptools<81.
  from pkg_resources import resource_filename
[16:20:27 - MdlStrTGZ] Successfully removed temporary files from /tmp/tmpa6sgtrs1.
/data/djs217/miniconda3/envs/hybracter_env/lib/python3.11/site-packages/hybracter/workflow/conda/7aafc1085ca44eee01942c03ca74ecad_/lib/python3.11/site-packages/medaka/common.py:16: UserWarning: pkg_resources is deprecated as an API. See https://setuptools.pypa.io/en/latest/pkg_resources.html. The pkg_resources package is slated for removal as early as 2025-11-30. Refrain from using this package or pin to Setuptools<81.
  from pkg_resources import resource_filename
[16:20:29 - MdlStrTGZ] Successfully removed temporary files from /tmp/tmpnkaef7gy.
Creating fai index file /data/djs217/PROJECTS/xanthomonas-genome-assemblies/xanthomonas_march_2026/hybracter-hybrid/processing/pre_polish/NCPPB_1933_guizotiae_chromosome_plus_plasmids.fasta.fai
Creating mmi index file /data/djs217/PROJECTS/xanthomonas-genome-assemblies/xanthomonas_march_2026/hybracter-hybrid/processing/pre_polish/NCPPB_1933_guizotiae_chromosome_plus_plasmids.fasta.map-ont.mmi
[M::mm_idx_gen::0.152*1.02] collected minimizers
[M::mm_idx_gen::0.214*1.53] sorted minimizers
[M::main::0.277*1.41] loaded/built the index for 2 target sequence(s)
[M::mm_idx_stat] kmer size: 15; skip: 10; is_hpc: 0; #seq: 2
[M::mm_idx_stat::0.290*1.39] distinct minimizers: 851250 (93.64% are singletons); average occurrences: 1.098; average spacing: 5.358; total length: 5010253
[M::main] Version: 2.30-r1287
[M::main] CMD: minimap2 -I 16G -x map-ont -d /data/djs217/PROJECTS/xanthomonas-genome-assemblies/xanthomonas_march_2026/hybracter-hybrid/processing/pre_polish/NCPPB_1933_guizotiae_chromosome_plus_plasmids.fasta.map-ont.mmi /data/djs217/PROJECTS/xanthomonas-genome-assemblies/xanthomonas_march_2026/hybracter-hybrid/processing/pre_polish/NCPPB_1933_guizotiae_chromosome_plus_plasmids.fasta
[M::main] Real time: 0.297 sec; CPU: 0.411 sec; Peak RSS: 0.052 GB
[M::main::0.063*1.02] loaded/built the index for 2 target sequence(s)
[M::mm_mapopt_update::0.084*1.02] mid_occ = 29
[M::mm_idx_stat] kmer size: 15; skip: 10; is_hpc: 0; #seq: 2
[M::mm_idx_stat::0.098*1.01] distinct minimizers: 851250 (93.64% are singletons); average occurrences: 1.098; average spacing: 5.358; total length: 5010253
[M::worker_pipeline::2.789*7.44] mapped 1204 sequences
[M::main] Version: 2.30-r1287
[M::main] CMD: minimap2 -x map-ont --secondary=no -L --MD -A 2 -B 4 -O 4,24 -E 2,1 -t 12 -a /data/djs217/PROJECTS/xanthomonas-genome-assemblies/xanthomonas_march_2026/hybracter-hybrid/processing/pre_polish/NCPPB_1933_guizotiae_chromosome_plus_plasmids.fasta.map-ont.mmi /data/djs217/PROJECTS/xanthomonas-genome-assemblies/xanthomonas_march_2026/hybracter-hybrid/processing/qc/NCPPB_1933_guizotiae_filt_trim.fastq.gz
[M::main] Real time: 2.801 sec; CPU: 20.764 sec; Peak RSS: 0.212 GB
[bam_sort_core] merging from 0 files and 12 in-memory blocks...
/data/djs217/miniconda3/envs/hybracter_env/lib/python3.11/site-packages/hybracter/workflow/conda/7aafc1085ca44eee01942c03ca74ecad_/lib/python3.11/site-packages/medaka/common.py:16: UserWarning: pkg_resources is deprecated as an API. See https://setuptools.pypa.io/en/latest/pkg_resources.html. The pkg_resources package is slated for removal as early as 2025-11-30. Refrain from using this package or pin to Setuptools<81.
  from pkg_resources import resource_filename
[16:20:35 - Predict] Processing region(s): contig_1:0-4950245 1:0-60008
[16:20:35 - Predict] Using model: /data/djs217/miniconda3/envs/hybracter_env/lib/python3.11/site-packages/hybracter/workflow/conda/7aafc1085ca44eee01942c03ca74ecad_/lib/python3.11/site-packages/medaka/data/r1041_e82_400bps_sup_v5.0.0_model_pt.tar.gz.
[16:20:36 - Predict] Using minimum mapQ threshold of 1 for read filtering.
[16:20:36 - MdlStrTGZ] Model GRUModel(
  (gru): GRU(10, 128, num_layers=2, batch_first=True, bidirectional=True)
  (linear): Linear(in_features=256, out_features=5, bias=True)
)
[16:20:36 - MdlStrTGZ] loading weights from /tmp/tmpkl9q_nen/model/weights.pt
[16:20:36 - MdlStrTGZ] Successfully removed temporary files from /tmp/tmpkl9q_nen.
[16:20:36 - Predict] Model device: cpu
[16:20:36 - Predict] Running prediction at full precision
[16:20:36 - BAMFile] Creating pool of 16 BAM file sets.
[16:20:36 - Predict] Processing 6 long region(s) with batching.
[16:20:36 - Sampler] Initializing sampler for consensus of region contig_1:0-1000000.
[16:20:36 - Sampler] Initializing sampler for consensus of region contig_1:999000-1999000.
[16:20:36 - PWorker] Running inference for 5.0M draft bases.
[16:20:38 - Feature] Processed contig_1:999000.0-1998999.0 (median depth 9.0)
[16:20:38 - Sampler] Took 2.47s to make features.
[16:20:38 - Sampler] Initializing sampler for consensus of region contig_1:1998000-2998000.
[16:20:38 - Feature] Processed contig_1:0.0-999999.0 (median depth 8.0)
[16:20:38 - Sampler] Took 2.61s to make features.
[16:20:38 - Sampler] Initializing sampler for consensus of region contig_1:2997000-3997000.
[16:20:39 - Feature] Processed contig_1:2997000.0-3996999.0 (median depth 9.0)
[16:20:39 - Sampler] Took 1.17s to make features.
[16:20:39 - Sampler] Initializing sampler for consensus of region contig_1:3996000-4950245.
[16:20:39 - Feature] Processed contig_1:1998000.0-2997999.0 (median depth 9.0)
[16:20:39 - Sampler] Took 1.31s to make features.
[16:20:39 - Sampler] Initializing sampler for consensus of region 1:0-60008.
[16:20:39 - Feature] Processed 1:0.0-60007.0 (median depth 9.0)
[16:20:39 - Sampler] Took 0.09s to make features.
[16:20:40 - Feature] Processed contig_1:3996000.0-4950244.0 (median depth 9.0)
[16:20:40 - Sampler] Took 0.99s to make features.
[16:20:48 - PWorker] Batches in cache: 6.
[16:20:48 - PWorker] 17.9% Done (0.9/5.0 Mbases) in 12.7s
[16:20:56 - PWorker] Batches in cache: 5.
[16:21:03 - PWorker] Batches in cache: 4.
[16:21:03 - PWorker] 53.6% Done (2.7/5.0 Mbases) in 27.2s
[16:21:10 - PWorker] Batches in cache: 3.
[16:21:17 - PWorker] Batches in cache: 2.
[16:21:17 - PWorker] 89.3% Done (4.5/5.0 Mbases) in 41.2s
[16:21:22 - PWorker] Processed 6 batches
[16:21:22 - PWorker] All done, 0 remainder regions.
[16:21:22 - Predict] Finished processing all regions.
/data/djs217/miniconda3/envs/hybracter_env/lib/python3.11/site-packages/hybracter/workflow/conda/7aafc1085ca44eee01942c03ca74ecad_/lib/python3.11/site-packages/medaka/common.py:16: UserWarning: pkg_resources is deprecated as an API. See https://setuptools.pypa.io/en/latest/pkg_resources.html. The pkg_resources package is slated for removal as early as 2025-11-30. Refrain from using this package or pin to Setuptools<81.
  from pkg_resources import resource_filename
[16:21:24 - DataIndx] Loaded 1/1 (100.00%) sample files.
[16:21:24 - DataIndx] Loaded 1/1 (100.00%) sample files.
[16:21:24 - DataIndx] Loaded 1/1 (100.00%) sample files.
[16:21:24 - DataIndx] Loaded 1/1 (100.00%) sample files.
[16:21:24 - DataIndx] Loaded 1/1 (100.00%) sample files.
[16:21:24 - DataIndx] Loaded 1/1 (100.00%) sample files.
[16:21:24 - DataIndx] Loaded 1/1 (100.00%) sample files.
