/data/djs217/miniconda3/envs/hybracter_env/lib/python3.11/site-packages/hybracter/workflow/conda/7aafc1085ca44eee01942c03ca74ecad_/lib/python3.11/site-packages/medaka/common.py:16: UserWarning: pkg_resources is deprecated as an API. See https://setuptools.pypa.io/en/latest/pkg_resources.html. The pkg_resources package is slated for removal as early as 2025-11-30. Refrain from using this package or pin to Setuptools<81.
  from pkg_resources import resource_filename
/data/djs217/miniconda3/envs/hybracter_env/lib/python3.11/site-packages/hybracter/workflow/conda/7aafc1085ca44eee01942c03ca74ecad_/lib/python3.11/site-packages/medaka/common.py:16: UserWarning: pkg_resources is deprecated as an API. See https://setuptools.pypa.io/en/latest/pkg_resources.html. The pkg_resources package is slated for removal as early as 2025-11-30. Refrain from using this package or pin to Setuptools<81.
  from pkg_resources import resource_filename
/data/djs217/miniconda3/envs/hybracter_env/lib/python3.11/site-packages/hybracter/workflow/conda/7aafc1085ca44eee01942c03ca74ecad_/lib/python3.11/site-packages/medaka/common.py:16: UserWarning: pkg_resources is deprecated as an API. See https://setuptools.pypa.io/en/latest/pkg_resources.html. The pkg_resources package is slated for removal as early as 2025-11-30. Refrain from using this package or pin to Setuptools<81.
  from pkg_resources import resource_filename
[12:11:47 - MdlStrTGZ] Successfully removed temporary files from /tmp/tmpyvn4lemj.
/data/djs217/miniconda3/envs/hybracter_env/lib/python3.11/site-packages/hybracter/workflow/conda/7aafc1085ca44eee01942c03ca74ecad_/lib/python3.11/site-packages/medaka/common.py:16: UserWarning: pkg_resources is deprecated as an API. See https://setuptools.pypa.io/en/latest/pkg_resources.html. The pkg_resources package is slated for removal as early as 2025-11-30. Refrain from using this package or pin to Setuptools<81.
  from pkg_resources import resource_filename
[12:11:50 - MdlStrTGZ] Successfully removed temporary files from /tmp/tmp_ij407zt.
Creating fai index file /data/djs217/PROJECTS/xanthomonas-genome-assemblies/xanthomonas_march_2026/hybracter-hybrid/processing/pre_polish/NCPPB_4682_xcc_chromosome_plus_plasmids.fasta.fai
Creating mmi index file /data/djs217/PROJECTS/xanthomonas-genome-assemblies/xanthomonas_march_2026/hybracter-hybrid/processing/pre_polish/NCPPB_4682_xcc_chromosome_plus_plasmids.fasta.map-ont.mmi
[M::mm_idx_gen::0.198*1.01] collected minimizers
[M::mm_idx_gen::0.277*1.49] sorted minimizers
[M::main::0.341*1.40] loaded/built the index for 3 target sequence(s)
[M::mm_idx_stat] kmer size: 15; skip: 10; is_hpc: 0; #seq: 3
[M::mm_idx_stat::0.356*1.38] distinct minimizers: 876109 (94.50% are singletons); average occurrences: 1.082; average spacing: 5.361; total length: 5079535
[M::main] Version: 2.30-r1287
[M::main] CMD: minimap2 -I 16G -x map-ont -d /data/djs217/PROJECTS/xanthomonas-genome-assemblies/xanthomonas_march_2026/hybracter-hybrid/processing/pre_polish/NCPPB_4682_xcc_chromosome_plus_plasmids.fasta.map-ont.mmi /data/djs217/PROJECTS/xanthomonas-genome-assemblies/xanthomonas_march_2026/hybracter-hybrid/processing/pre_polish/NCPPB_4682_xcc_chromosome_plus_plasmids.fasta
[M::main] Real time: 0.364 sec; CPU: 0.501 sec; Peak RSS: 0.053 GB
[M::main::0.081*1.04] loaded/built the index for 3 target sequence(s)
[M::mm_mapopt_update::0.102*1.03] mid_occ = 16
[M::mm_idx_stat] kmer size: 15; skip: 10; is_hpc: 0; #seq: 3
[M::mm_idx_stat::0.117*1.03] distinct minimizers: 876109 (94.50% are singletons); average occurrences: 1.082; average spacing: 5.361; total length: 5079535
[M::worker_pipeline::2.649*7.37] mapped 1588 sequences
[M::main] Version: 2.30-r1287
[M::main] CMD: minimap2 -x map-ont --secondary=no -L --MD -A 2 -B 4 -O 4,24 -E 2,1 -t 12 -a /data/djs217/PROJECTS/xanthomonas-genome-assemblies/xanthomonas_march_2026/hybracter-hybrid/processing/pre_polish/NCPPB_4682_xcc_chromosome_plus_plasmids.fasta.map-ont.mmi /data/djs217/PROJECTS/xanthomonas-genome-assemblies/xanthomonas_march_2026/hybracter-hybrid/processing/qc/NCPPB_4682_xcc_filt_trim.fastq.gz
[M::main] Real time: 2.670 sec; CPU: 19.552 sec; Peak RSS: 0.221 GB
[bam_sort_core] merging from 0 files and 12 in-memory blocks...
/data/djs217/miniconda3/envs/hybracter_env/lib/python3.11/site-packages/hybracter/workflow/conda/7aafc1085ca44eee01942c03ca74ecad_/lib/python3.11/site-packages/medaka/common.py:16: UserWarning: pkg_resources is deprecated as an API. See https://setuptools.pypa.io/en/latest/pkg_resources.html. The pkg_resources package is slated for removal as early as 2025-11-30. Refrain from using this package or pin to Setuptools<81.
  from pkg_resources import resource_filename
[12:11:56 - Predict] Processing region(s): contig_1:0-5029929 1:0-48114 2:0-1492
[12:11:56 - Predict] Using model: /data/djs217/miniconda3/envs/hybracter_env/lib/python3.11/site-packages/hybracter/workflow/conda/7aafc1085ca44eee01942c03ca74ecad_/lib/python3.11/site-packages/medaka/data/r1041_e82_400bps_sup_v5.0.0_model_pt.tar.gz.
[12:11:56 - Predict] Using minimum mapQ threshold of 1 for read filtering.
[12:11:56 - MdlStrTGZ] Model GRUModel(
  (gru): GRU(10, 128, num_layers=2, batch_first=True, bidirectional=True)
  (linear): Linear(in_features=256, out_features=5, bias=True)
)
[12:11:56 - MdlStrTGZ] loading weights from /tmp/tmp1kxhj8t_/model/weights.pt
[12:11:56 - MdlStrTGZ] Successfully removed temporary files from /tmp/tmp1kxhj8t_.
[12:11:56 - Predict] Model device: cpu
[12:11:56 - Predict] Running prediction at full precision
[12:11:56 - BAMFile] Creating pool of 16 BAM file sets.
[12:11:56 - Predict] Processing 7 long region(s) with batching.
[12:11:56 - Sampler] Initializing sampler for consensus of region contig_1:0-1000000.
[12:11:56 - Sampler] Initializing sampler for consensus of region contig_1:999000-1999000.
[12:11:56 - PWorker] Running inference for 5.1M draft bases.
[12:11:58 - Feature] Processed contig_1:0.0-999999.0 (median depth 8.0)
[12:11:58 - Sampler] Took 1.66s to make features.
[12:11:58 - Sampler] Initializing sampler for consensus of region contig_1:1998000-2998000.
[12:11:58 - Feature] Processed contig_1:999000.0-1998999.0 (median depth 8.0)
[12:11:58 - Sampler] Took 1.81s to make features.
[12:11:58 - Sampler] Initializing sampler for consensus of region contig_1:2997000-3997000.
[12:11:59 - Feature] Processed contig_1:1998000.0-2997999.0 (median depth 8.0)
[12:11:59 - Sampler] Took 1.36s to make features.
[12:11:59 - Sampler] Initializing sampler for consensus of region contig_1:3996000-4996000.
[12:11:59 - Feature] Processed contig_1:2997000.0-3996999.0 (median depth 8.0)
[12:11:59 - Sampler] Took 1.24s to make features.
[12:11:59 - Sampler] Initializing sampler for consensus of region contig_1:4995000-5029929.
[12:11:59 - Feature] Processed contig_1:4995000.0-5029928.0 (median depth 7.0)
[12:11:59 - Sampler] Took 0.02s to make features.
[12:11:59 - Sampler] Initializing sampler for consensus of region 1:0-48114.
[12:12:00 - Feature] Processed 1:0.0-48113.0 (median depth 16.0)
[12:12:00 - Sampler] Took 0.19s to make features.
[12:12:00 - Feature] Processed contig_1:3996000.0-4995999.0 (median depth 9.0)
[12:12:00 - Sampler] Took 0.73s to make features.
[12:12:10 - PWorker] Batches in cache: 6.
[12:12:10 - PWorker] 17.6% Done (0.9/5.1 Mbases) in 14.0s
[12:12:17 - PWorker] Batches in cache: 5.
[12:12:24 - PWorker] Batches in cache: 4.
[12:12:24 - PWorker] 52.8% Done (2.7/5.1 Mbases) in 27.9s
[12:12:31 - PWorker] Batches in cache: 3.
[12:12:37 - PWorker] Batches in cache: 2.
[12:12:37 - PWorker] 87.8% Done (4.5/5.1 Mbases) in 41.1s
[12:12:42 - PWorker] Processed 6 batches
[12:12:42 - PWorker] All done, 0 remainder regions.
[12:12:42 - Predict] Processing 1 short region(s).
[12:12:42 - Sampler] Initializing sampler for consensus of region 2:0-1492.
[12:12:42 - Sampler] Took 0.00s to make features.
[12:12:42 - PWorker] Running inference for 0.0M draft bases.
[12:12:42 - PWorker] Processed 0 batches
[12:12:42 - PWorker] All done, 0 remainder regions.
[12:12:42 - Predict] Finished processing all regions.
/data/djs217/miniconda3/envs/hybracter_env/lib/python3.11/site-packages/hybracter/workflow/conda/7aafc1085ca44eee01942c03ca74ecad_/lib/python3.11/site-packages/medaka/common.py:16: UserWarning: pkg_resources is deprecated as an API. See https://setuptools.pypa.io/en/latest/pkg_resources.html. The pkg_resources package is slated for removal as early as 2025-11-30. Refrain from using this package or pin to Setuptools<81.
  from pkg_resources import resource_filename
[12:12:45 - DataIndx] Loaded 1/1 (100.00%) sample files.
[12:12:45 - DataIndx] Loaded 1/1 (100.00%) sample files.
[12:12:45 - DataIndx] Loaded 1/1 (100.00%) sample files.
[12:12:45 - DataIndx] Loaded 1/1 (100.00%) sample files.
[12:12:45 - DataIndx] Loaded 1/1 (100.00%) sample files.
[12:12:45 - DataIndx] Loaded 1/1 (100.00%) sample files.
[12:12:45 - DataIndx] Loaded 1/1 (100.00%) sample files.
[12:12:45 - DataIndx] Loaded 1/1 (100.00%) sample files.
[12:12:45 - Stitcher] Copying contig '2' verbatim from input.
