/data/djs217/miniconda3/envs/hybracter_env/lib/python3.11/site-packages/hybracter/workflow/conda/7aafc1085ca44eee01942c03ca74ecad_/lib/python3.11/site-packages/medaka/common.py:16: UserWarning: pkg_resources is deprecated as an API. See https://setuptools.pypa.io/en/latest/pkg_resources.html. The pkg_resources package is slated for removal as early as 2025-11-30. Refrain from using this package or pin to Setuptools<81.
  from pkg_resources import resource_filename
/data/djs217/miniconda3/envs/hybracter_env/lib/python3.11/site-packages/hybracter/workflow/conda/7aafc1085ca44eee01942c03ca74ecad_/lib/python3.11/site-packages/medaka/common.py:16: UserWarning: pkg_resources is deprecated as an API. See https://setuptools.pypa.io/en/latest/pkg_resources.html. The pkg_resources package is slated for removal as early as 2025-11-30. Refrain from using this package or pin to Setuptools<81.
  from pkg_resources import resource_filename
/data/djs217/miniconda3/envs/hybracter_env/lib/python3.11/site-packages/hybracter/workflow/conda/7aafc1085ca44eee01942c03ca74ecad_/lib/python3.11/site-packages/medaka/common.py:16: UserWarning: pkg_resources is deprecated as an API. See https://setuptools.pypa.io/en/latest/pkg_resources.html. The pkg_resources package is slated for removal as early as 2025-11-30. Refrain from using this package or pin to Setuptools<81.
  from pkg_resources import resource_filename
[23:15:56 - MdlStrTGZ] Successfully removed temporary files from /tmp/tmpyjax8gqy.
/data/djs217/miniconda3/envs/hybracter_env/lib/python3.11/site-packages/hybracter/workflow/conda/7aafc1085ca44eee01942c03ca74ecad_/lib/python3.11/site-packages/medaka/common.py:16: UserWarning: pkg_resources is deprecated as an API. See https://setuptools.pypa.io/en/latest/pkg_resources.html. The pkg_resources package is slated for removal as early as 2025-11-30. Refrain from using this package or pin to Setuptools<81.
  from pkg_resources import resource_filename
[23:15:59 - MdlStrTGZ] Successfully removed temporary files from /tmp/tmpxo707san.
Creating fai index file /data/djs217/PROJECTS/xanthomonas-genome-assemblies/xanthomonas_march_2026/hybracter-hybrid/processing/pre_polish/NCPPB_1337_chromosome_plus_plasmids.fasta.fai
Creating mmi index file /data/djs217/PROJECTS/xanthomonas-genome-assemblies/xanthomonas_march_2026/hybracter-hybrid/processing/pre_polish/NCPPB_1337_chromosome_plus_plasmids.fasta.map-ont.mmi
[M::mm_idx_gen::0.183*1.01] collected minimizers
[M::mm_idx_gen::0.243*1.46] sorted minimizers
[M::main::0.298*1.38] loaded/built the index for 7 target sequence(s)
[M::mm_idx_stat] kmer size: 15; skip: 10; is_hpc: 0; #seq: 7
[M::mm_idx_stat::0.311*1.36] distinct minimizers: 889817 (94.51% are singletons); average occurrences: 1.090; average spacing: 5.353; total length: 5193926
[M::main] Version: 2.30-r1287
[M::main] CMD: minimap2 -I 16G -x map-ont -d /data/djs217/PROJECTS/xanthomonas-genome-assemblies/xanthomonas_march_2026/hybracter-hybrid/processing/pre_polish/NCPPB_1337_chromosome_plus_plasmids.fasta.map-ont.mmi /data/djs217/PROJECTS/xanthomonas-genome-assemblies/xanthomonas_march_2026/hybracter-hybrid/processing/pre_polish/NCPPB_1337_chromosome_plus_plasmids.fasta
[M::main] Real time: 0.316 sec; CPU: 0.429 sec; Peak RSS: 0.050 GB
[M::main::0.061*1.02] loaded/built the index for 7 target sequence(s)
[M::mm_mapopt_update::0.079*1.01] mid_occ = 43
[M::mm_idx_stat] kmer size: 15; skip: 10; is_hpc: 0; #seq: 7
[M::mm_idx_stat::0.091*1.01] distinct minimizers: 889817 (94.51% are singletons); average occurrences: 1.090; average spacing: 5.353; total length: 5193926
[M::worker_pipeline::3.065*7.51] mapped 1311 sequences
[M::main] Version: 2.30-r1287
[M::main] CMD: minimap2 -x map-ont --secondary=no -L --MD -A 2 -B 4 -O 4,24 -E 2,1 -t 12 -a /data/djs217/PROJECTS/xanthomonas-genome-assemblies/xanthomonas_march_2026/hybracter-hybrid/processing/pre_polish/NCPPB_1337_chromosome_plus_plasmids.fasta.map-ont.mmi /data/djs217/PROJECTS/xanthomonas-genome-assemblies/xanthomonas_march_2026/hybracter-hybrid/processing/qc/NCPPB_1337_filt_trim.fastq.gz
[M::main] Real time: 3.078 sec; CPU: 23.033 sec; Peak RSS: 0.263 GB
[bam_sort_core] merging from 0 files and 12 in-memory blocks...
/data/djs217/miniconda3/envs/hybracter_env/lib/python3.11/site-packages/hybracter/workflow/conda/7aafc1085ca44eee01942c03ca74ecad_/lib/python3.11/site-packages/medaka/common.py:16: UserWarning: pkg_resources is deprecated as an API. See https://setuptools.pypa.io/en/latest/pkg_resources.html. The pkg_resources package is slated for removal as early as 2025-11-30. Refrain from using this package or pin to Setuptools<81.
  from pkg_resources import resource_filename
[23:16:05 - Predict] Processing region(s): contig_1:0-2637053 contig_2:0-2455858 1:0-45298 2:0-31298 3:0-20007 4:0-3397 5:0-1015
[23:16:05 - Predict] Using model: /data/djs217/miniconda3/envs/hybracter_env/lib/python3.11/site-packages/hybracter/workflow/conda/7aafc1085ca44eee01942c03ca74ecad_/lib/python3.11/site-packages/medaka/data/r1041_e82_400bps_sup_v5.0.0_model_pt.tar.gz.
[23:16:05 - Predict] Using minimum mapQ threshold of 1 for read filtering.
[23:16:05 - MdlStrTGZ] Model GRUModel(
  (gru): GRU(10, 128, num_layers=2, batch_first=True, bidirectional=True)
  (linear): Linear(in_features=256, out_features=5, bias=True)
)
[23:16:05 - MdlStrTGZ] loading weights from /tmp/tmptsjgcusx/model/weights.pt
[23:16:05 - MdlStrTGZ] Successfully removed temporary files from /tmp/tmptsjgcusx.
[23:16:05 - Predict] Model device: cpu
[23:16:05 - Predict] Running prediction at full precision
[23:16:05 - BAMFile] Creating pool of 16 BAM file sets.
[23:16:05 - Predict] Processing 9 long region(s) with batching.
[23:16:05 - Sampler] Initializing sampler for consensus of region contig_1:0-1000000.
[23:16:05 - Sampler] Initializing sampler for consensus of region contig_1:999000-1999000.
[23:16:05 - PWorker] Running inference for 5.2M draft bases.
[23:16:06 - Feature] Processed contig_1:0.0-999999.0 (median depth 8.0)
[23:16:06 - Sampler] Took 1.05s to make features.
[23:16:06 - Sampler] Initializing sampler for consensus of region contig_1:1998000-2637053.
[23:16:06 - Feature] Processed contig_1:999000.0-1998999.0 (median depth 8.0)
[23:16:06 - Sampler] Took 1.30s to make features.
[23:16:06 - Sampler] Initializing sampler for consensus of region contig_2:0-1000000.
[23:16:07 - Feature] Processed contig_1:1998000.0-2637052.0 (median depth 9.0)
[23:16:07 - Sampler] Took 0.56s to make features.
[23:16:07 - Sampler] Initializing sampler for consensus of region contig_2:999000-1999000.
[23:16:07 - Feature] Processed contig_2:0.0-999999.0 (median depth 9.0)
[23:16:07 - Sampler] Took 0.63s to make features.
[23:16:07 - Sampler] Initializing sampler for consensus of region contig_2:1998000-2455858.
[23:16:07 - Feature] Processed contig_2:999000.0-1998999.0 (median depth 9.0)
[23:16:07 - Sampler] Took 0.54s to make features.
[23:16:07 - Sampler] Initializing sampler for consensus of region 1:0-45298.
[23:16:07 - Feature] Processed 1:0.0-45297.0 (median depth 4.0)
[23:16:07 - Sampler] Took 0.02s to make features.
[23:16:07 - Sampler] Initializing sampler for consensus of region 2:0-31298.
[23:16:07 - Feature] Processed 2:0.0-31297.0 (median depth 5.0)
[23:16:07 - Sampler] Took 0.06s to make features.
[23:16:07 - Sampler] Initializing sampler for consensus of region 3:0-20007.
[23:16:07 - Sampler] Took 0.03s to make features.
[23:16:07 - Feature] Processed contig_2:1998000.0-2455857.0 (median depth 8.0)
[23:16:07 - Sampler] Took 0.45s to make features.
[23:16:15 - PWorker] Batches in cache: 6.
[23:16:23 - PWorker] Batches in cache: 5.
[23:16:23 - PWorker] 34.5% Done (1.8/5.2 Mbases) in 17.6s
[23:16:29 - PWorker] Batches in cache: 4.
[23:16:36 - PWorker] Batches in cache: 3.
[23:16:36 - PWorker] 68.9% Done (3.6/5.2 Mbases) in 31.3s
[23:16:43 - PWorker] Batches in cache: 2.
[23:16:48 - PWorker] Batches in cache: 1.
[23:16:48 - PWorker] 100.0% Done (5.2/5.2 Mbases) in 43.3s
[23:16:49 - PWorker] Processed 6 batches
[23:16:49 - PWorker] All done, 0 remainder regions.
[23:16:49 - Predict] Processing 2 short region(s).
[23:16:49 - Sampler] Initializing sampler for consensus of region 4:0-3397.
[23:16:49 - Sampler] Initializing sampler for consensus of region 5:0-1015.
[23:16:49 - PWorker] Running inference for 0.0M draft bases.
[23:16:49 - Sampler] Took 0.03s to make features.
[23:16:49 - Sampler] Took 0.07s to make features.
[23:16:49 - PWorker] Processed 0 batches
[23:16:49 - PWorker] All done, 0 remainder regions.
[23:16:49 - Predict] Finished processing all regions.
/data/djs217/miniconda3/envs/hybracter_env/lib/python3.11/site-packages/hybracter/workflow/conda/7aafc1085ca44eee01942c03ca74ecad_/lib/python3.11/site-packages/medaka/common.py:16: UserWarning: pkg_resources is deprecated as an API. See https://setuptools.pypa.io/en/latest/pkg_resources.html. The pkg_resources package is slated for removal as early as 2025-11-30. Refrain from using this package or pin to Setuptools<81.
  from pkg_resources import resource_filename
[23:16:51 - DataIndx] Loaded 1/1 (100.00%) sample files.
[23:16:51 - DataIndx] Loaded 1/1 (100.00%) sample files.
[23:16:51 - DataIndx] Loaded 1/1 (100.00%) sample files.
[23:16:51 - DataIndx] Loaded 1/1 (100.00%) sample files.
[23:16:51 - DataIndx] Loaded 1/1 (100.00%) sample files.
[23:16:51 - DataIndx] Loaded 1/1 (100.00%) sample files.
[23:16:51 - DataIndx] Loaded 1/1 (100.00%) sample files.
[23:16:51 - DataIndx] Loaded 1/1 (100.00%) sample files.
[23:16:51 - DataIndx] Loaded 1/1 (100.00%) sample files.
[23:16:51 - Stitcher] Copying contig '5' verbatim from input.
[23:16:51 - Stitcher] Copying contig '3' verbatim from input.
[23:16:51 - Stitcher] Copying contig '4' verbatim from input.
