/data/djs217/miniconda3/envs/hybracter_env/lib/python3.11/site-packages/hybracter/workflow/conda/7aafc1085ca44eee01942c03ca74ecad_/lib/python3.11/site-packages/medaka/common.py:16: UserWarning: pkg_resources is deprecated as an API. See https://setuptools.pypa.io/en/latest/pkg_resources.html. The pkg_resources package is slated for removal as early as 2025-11-30. Refrain from using this package or pin to Setuptools<81.
  from pkg_resources import resource_filename
/data/djs217/miniconda3/envs/hybracter_env/lib/python3.11/site-packages/hybracter/workflow/conda/7aafc1085ca44eee01942c03ca74ecad_/lib/python3.11/site-packages/medaka/common.py:16: UserWarning: pkg_resources is deprecated as an API. See https://setuptools.pypa.io/en/latest/pkg_resources.html. The pkg_resources package is slated for removal as early as 2025-11-30. Refrain from using this package or pin to Setuptools<81.
  from pkg_resources import resource_filename
/data/djs217/miniconda3/envs/hybracter_env/lib/python3.11/site-packages/hybracter/workflow/conda/7aafc1085ca44eee01942c03ca74ecad_/lib/python3.11/site-packages/medaka/common.py:16: UserWarning: pkg_resources is deprecated as an API. See https://setuptools.pypa.io/en/latest/pkg_resources.html. The pkg_resources package is slated for removal as early as 2025-11-30. Refrain from using this package or pin to Setuptools<81.
  from pkg_resources import resource_filename
[12:25:52 - MdlStrTGZ] Successfully removed temporary files from /tmp/tmp09fai6hy.
/data/djs217/miniconda3/envs/hybracter_env/lib/python3.11/site-packages/hybracter/workflow/conda/7aafc1085ca44eee01942c03ca74ecad_/lib/python3.11/site-packages/medaka/common.py:16: UserWarning: pkg_resources is deprecated as an API. See https://setuptools.pypa.io/en/latest/pkg_resources.html. The pkg_resources package is slated for removal as early as 2025-11-30. Refrain from using this package or pin to Setuptools<81.
  from pkg_resources import resource_filename
[12:25:54 - MdlStrTGZ] Successfully removed temporary files from /tmp/tmp7bi8dmvh.
Creating fai index file /data/djs217/PROJECTS/xanthomonas-genome-assemblies/xanthomonas_march_2026/hybracter-hybrid/processing/pre_polish/NCPPB_4682_chromosome_plus_plasmids.fasta.fai
Creating mmi index file /data/djs217/PROJECTS/xanthomonas-genome-assemblies/xanthomonas_march_2026/hybracter-hybrid/processing/pre_polish/NCPPB_4682_chromosome_plus_plasmids.fasta.map-ont.mmi
[M::mm_idx_gen::0.172*1.02] collected minimizers
[M::mm_idx_gen::0.230*1.47] sorted minimizers
[M::main::0.296*1.36] loaded/built the index for 3 target sequence(s)
[M::mm_idx_stat] kmer size: 15; skip: 10; is_hpc: 0; #seq: 3
[M::mm_idx_stat::0.312*1.34] distinct minimizers: 876110 (94.50% are singletons); average occurrences: 1.082; average spacing: 5.361; total length: 5079535
[M::main] Version: 2.30-r1287
[M::main] CMD: minimap2 -I 16G -x map-ont -d /data/djs217/PROJECTS/xanthomonas-genome-assemblies/xanthomonas_march_2026/hybracter-hybrid/processing/pre_polish/NCPPB_4682_chromosome_plus_plasmids.fasta.map-ont.mmi /data/djs217/PROJECTS/xanthomonas-genome-assemblies/xanthomonas_march_2026/hybracter-hybrid/processing/pre_polish/NCPPB_4682_chromosome_plus_plasmids.fasta
[M::main] Real time: 0.321 sec; CPU: 0.428 sec; Peak RSS: 0.050 GB
[M::main::0.067*1.02] loaded/built the index for 3 target sequence(s)
[M::mm_mapopt_update::0.087*1.02] mid_occ = 16
[M::mm_idx_stat] kmer size: 15; skip: 10; is_hpc: 0; #seq: 3
[M::mm_idx_stat::0.102*1.02] distinct minimizers: 876110 (94.50% are singletons); average occurrences: 1.082; average spacing: 5.361; total length: 5079535
[M::worker_pipeline::2.544*7.28] mapped 1588 sequences
[M::main] Version: 2.30-r1287
[M::main] CMD: minimap2 -x map-ont --secondary=no -L --MD -A 2 -B 4 -O 4,24 -E 2,1 -t 12 -a /data/djs217/PROJECTS/xanthomonas-genome-assemblies/xanthomonas_march_2026/hybracter-hybrid/processing/pre_polish/NCPPB_4682_chromosome_plus_plasmids.fasta.map-ont.mmi /data/djs217/PROJECTS/xanthomonas-genome-assemblies/xanthomonas_march_2026/hybracter-hybrid/processing/qc/NCPPB_4682_filt_trim.fastq.gz
[M::main] Real time: 2.556 sec; CPU: 18.534 sec; Peak RSS: 0.222 GB
[bam_sort_core] merging from 0 files and 12 in-memory blocks...
/data/djs217/miniconda3/envs/hybracter_env/lib/python3.11/site-packages/hybracter/workflow/conda/7aafc1085ca44eee01942c03ca74ecad_/lib/python3.11/site-packages/medaka/common.py:16: UserWarning: pkg_resources is deprecated as an API. See https://setuptools.pypa.io/en/latest/pkg_resources.html. The pkg_resources package is slated for removal as early as 2025-11-30. Refrain from using this package or pin to Setuptools<81.
  from pkg_resources import resource_filename
[12:25:59 - Predict] Processing region(s): contig_1:0-5029929 1:0-48114 2:0-1492
[12:25:59 - Predict] Using model: /data/djs217/miniconda3/envs/hybracter_env/lib/python3.11/site-packages/hybracter/workflow/conda/7aafc1085ca44eee01942c03ca74ecad_/lib/python3.11/site-packages/medaka/data/r1041_e82_400bps_sup_v5.0.0_model_pt.tar.gz.
[12:25:59 - Predict] Using minimum mapQ threshold of 1 for read filtering.
[12:25:59 - MdlStrTGZ] Model GRUModel(
  (gru): GRU(10, 128, num_layers=2, batch_first=True, bidirectional=True)
  (linear): Linear(in_features=256, out_features=5, bias=True)
)
[12:25:59 - MdlStrTGZ] loading weights from /tmp/tmpwc1eyhgt/model/weights.pt
[12:25:59 - MdlStrTGZ] Successfully removed temporary files from /tmp/tmpwc1eyhgt.
[12:25:59 - Predict] Model device: cpu
[12:25:59 - Predict] Running prediction at full precision
[12:25:59 - BAMFile] Creating pool of 16 BAM file sets.
[12:25:59 - Predict] Processing 7 long region(s) with batching.
[12:25:59 - Sampler] Initializing sampler for consensus of region contig_1:0-1000000.
[12:25:59 - Sampler] Initializing sampler for consensus of region contig_1:999000-1999000.
[12:25:59 - PWorker] Running inference for 5.1M draft bases.
[12:26:02 - Feature] Processed contig_1:999000.0-1998999.0 (median depth 8.0)
[12:26:02 - Sampler] Took 2.05s to make features.
[12:26:02 - Feature] Processed contig_1:0.0-999999.0 (median depth 8.0)
[12:26:02 - Sampler] Initializing sampler for consensus of region contig_1:1998000-2998000.
[12:26:02 - Sampler] Took 2.09s to make features.
[12:26:02 - Sampler] Initializing sampler for consensus of region contig_1:2997000-3997000.
[12:26:03 - Feature] Processed contig_1:1998000.0-2997999.0 (median depth 8.0)
[12:26:03 - Sampler] Took 0.92s to make features.
[12:26:03 - Sampler] Initializing sampler for consensus of region contig_1:3996000-4996000.
[12:26:03 - Feature] Processed contig_1:2997000.0-3996999.0 (median depth 8.0)
[12:26:03 - Sampler] Took 0.93s to make features.
[12:26:03 - Sampler] Initializing sampler for consensus of region contig_1:4995000-5029929.
[12:26:03 - Feature] Processed contig_1:4995000.0-5029928.0 (median depth 7.0)
[12:26:03 - Sampler] Took 0.07s to make features.
[12:26:03 - Sampler] Initializing sampler for consensus of region 1:0-48114.
[12:26:03 - Feature] Processed 1:0.0-48113.0 (median depth 16.0)
[12:26:03 - Sampler] Took 0.19s to make features.
[12:26:03 - Feature] Processed contig_1:3996000.0-4995999.0 (median depth 9.0)
[12:26:03 - Sampler] Took 0.68s to make features.
[12:26:12 - PWorker] Batches in cache: 6.
[12:26:12 - PWorker] 17.6% Done (0.9/5.1 Mbases) in 12.2s
[12:26:19 - PWorker] Batches in cache: 5.
[12:26:26 - PWorker] Batches in cache: 4.
[12:26:26 - PWorker] 52.8% Done (2.7/5.1 Mbases) in 26.6s
[12:26:34 - PWorker] Batches in cache: 3.
[12:26:41 - PWorker] Batches in cache: 2.
[12:26:41 - PWorker] 87.8% Done (4.5/5.1 Mbases) in 41.2s
[12:26:46 - PWorker] Batches in cache: 1.
[12:26:46 - PWorker] Processed 6 batches
[12:26:46 - PWorker] All done, 0 remainder regions.
[12:26:46 - Predict] Processing 1 short region(s).
[12:26:46 - Sampler] Initializing sampler for consensus of region 2:0-1492.
[12:26:46 - Sampler] Took 0.01s to make features.
[12:26:46 - PWorker] Running inference for 0.0M draft bases.
[12:26:46 - PWorker] Processed 0 batches
[12:26:46 - PWorker] All done, 0 remainder regions.
[12:26:46 - Predict] Finished processing all regions.
/data/djs217/miniconda3/envs/hybracter_env/lib/python3.11/site-packages/hybracter/workflow/conda/7aafc1085ca44eee01942c03ca74ecad_/lib/python3.11/site-packages/medaka/common.py:16: UserWarning: pkg_resources is deprecated as an API. See https://setuptools.pypa.io/en/latest/pkg_resources.html. The pkg_resources package is slated for removal as early as 2025-11-30. Refrain from using this package or pin to Setuptools<81.
  from pkg_resources import resource_filename
[12:26:49 - DataIndx] Loaded 1/1 (100.00%) sample files.
[12:26:49 - DataIndx] Loaded 1/1 (100.00%) sample files.
[12:26:49 - DataIndx] Loaded 1/1 (100.00%) sample files.
[12:26:49 - DataIndx] Loaded 1/1 (100.00%) sample files.
[12:26:49 - DataIndx] Loaded 1/1 (100.00%) sample files.
[12:26:49 - DataIndx] Loaded 1/1 (100.00%) sample files.
[12:26:49 - DataIndx] Loaded 1/1 (100.00%) sample files.
[12:26:49 - DataIndx] Loaded 1/1 (100.00%) sample files.
[12:26:49 - Stitcher] Copying contig '2' verbatim from input.
