/data/djs217/miniconda3/envs/hybracter_env/lib/python3.11/site-packages/hybracter/workflow/conda/7aafc1085ca44eee01942c03ca74ecad_/lib/python3.11/site-packages/medaka/common.py:16: UserWarning: pkg_resources is deprecated as an API. See https://setuptools.pypa.io/en/latest/pkg_resources.html. The pkg_resources package is slated for removal as early as 2025-11-30. Refrain from using this package or pin to Setuptools<81.
  from pkg_resources import resource_filename
/data/djs217/miniconda3/envs/hybracter_env/lib/python3.11/site-packages/hybracter/workflow/conda/7aafc1085ca44eee01942c03ca74ecad_/lib/python3.11/site-packages/medaka/common.py:16: UserWarning: pkg_resources is deprecated as an API. See https://setuptools.pypa.io/en/latest/pkg_resources.html. The pkg_resources package is slated for removal as early as 2025-11-30. Refrain from using this package or pin to Setuptools<81.
  from pkg_resources import resource_filename
/data/djs217/miniconda3/envs/hybracter_env/lib/python3.11/site-packages/hybracter/workflow/conda/7aafc1085ca44eee01942c03ca74ecad_/lib/python3.11/site-packages/medaka/common.py:16: UserWarning: pkg_resources is deprecated as an API. See https://setuptools.pypa.io/en/latest/pkg_resources.html. The pkg_resources package is slated for removal as early as 2025-11-30. Refrain from using this package or pin to Setuptools<81.
  from pkg_resources import resource_filename
[08:55:46 - MdlStrTGZ] Successfully removed temporary files from /tmp/tmpdna54url.
/data/djs217/miniconda3/envs/hybracter_env/lib/python3.11/site-packages/hybracter/workflow/conda/7aafc1085ca44eee01942c03ca74ecad_/lib/python3.11/site-packages/medaka/common.py:16: UserWarning: pkg_resources is deprecated as an API. See https://setuptools.pypa.io/en/latest/pkg_resources.html. The pkg_resources package is slated for removal as early as 2025-11-30. Refrain from using this package or pin to Setuptools<81.
  from pkg_resources import resource_filename
[08:55:48 - MdlStrTGZ] Successfully removed temporary files from /tmp/tmp064yhdz6.
Creating fai index file /data/djs217/PROJECTS/xanthomonas-genome-assemblies/xanthomonas_march_2026/hybracter-hybrid/processing/pre_polish/NNCPPB_900_chromosome_plus_plasmids.fasta.fai
Creating mmi index file /data/djs217/PROJECTS/xanthomonas-genome-assemblies/xanthomonas_march_2026/hybracter-hybrid/processing/pre_polish/NNCPPB_900_chromosome_plus_plasmids.fasta.map-ont.mmi
[M::mm_idx_gen::0.173*1.01] collected minimizers
[M::mm_idx_gen::0.248*1.17] sorted minimizers
[M::main::0.314*1.08] loaded/built the index for 3 target sequence(s)
[M::mm_idx_stat] kmer size: 15; skip: 10; is_hpc: 0; #seq: 3
[M::mm_idx_stat::0.327*1.07] distinct minimizers: 839059 (94.41% are singletons); average occurrences: 1.116; average spacing: 5.350; total length: 5010547
[M::main] Version: 2.30-r1287
[M::main] CMD: minimap2 -I 16G -x map-ont -d /data/djs217/PROJECTS/xanthomonas-genome-assemblies/xanthomonas_march_2026/hybracter-hybrid/processing/pre_polish/NNCPPB_900_chromosome_plus_plasmids.fasta.map-ont.mmi /data/djs217/PROJECTS/xanthomonas-genome-assemblies/xanthomonas_march_2026/hybracter-hybrid/processing/pre_polish/NNCPPB_900_chromosome_plus_plasmids.fasta
[M::main] Real time: 0.333 sec; CPU: 0.357 sec; Peak RSS: 0.048 GB
[M::main::0.058*0.99] loaded/built the index for 3 target sequence(s)
[M::mm_mapopt_update::0.075*0.99] mid_occ = 52
[M::mm_idx_stat] kmer size: 15; skip: 10; is_hpc: 0; #seq: 3
[M::mm_idx_stat::0.086*0.99] distinct minimizers: 839059 (94.41% are singletons); average occurrences: 1.116; average spacing: 5.350; total length: 5010547
[M::worker_pipeline::3.720*5.00] mapped 1397 sequences
[M::main] Version: 2.30-r1287
[M::main] CMD: minimap2 -x map-ont --secondary=no -L --MD -A 2 -B 4 -O 4,24 -E 2,1 -t 12 -a /data/djs217/PROJECTS/xanthomonas-genome-assemblies/xanthomonas_march_2026/hybracter-hybrid/processing/pre_polish/NNCPPB_900_chromosome_plus_plasmids.fasta.map-ont.mmi /data/djs217/PROJECTS/xanthomonas-genome-assemblies/xanthomonas_march_2026/hybracter-hybrid/processing/qc/NNCPPB_900_filt_trim.fastq.gz
[M::main] Real time: 3.752 sec; CPU: 18.614 sec; Peak RSS: 0.234 GB
[bam_sort_core] merging from 0 files and 12 in-memory blocks...
/data/djs217/miniconda3/envs/hybracter_env/lib/python3.11/site-packages/hybracter/workflow/conda/7aafc1085ca44eee01942c03ca74ecad_/lib/python3.11/site-packages/medaka/common.py:16: UserWarning: pkg_resources is deprecated as an API. See https://setuptools.pypa.io/en/latest/pkg_resources.html. The pkg_resources package is slated for removal as early as 2025-11-30. Refrain from using this package or pin to Setuptools<81.
  from pkg_resources import resource_filename
[08:55:57 - Predict] Processing region(s): contig_1:0-4869699 1:0-127146 2:0-13702
[08:55:57 - Predict] Using model: /data/djs217/miniconda3/envs/hybracter_env/lib/python3.11/site-packages/hybracter/workflow/conda/7aafc1085ca44eee01942c03ca74ecad_/lib/python3.11/site-packages/medaka/data/r1041_e82_400bps_sup_v5.0.0_model_pt.tar.gz.
[08:55:57 - Predict] Using minimum mapQ threshold of 1 for read filtering.
[08:55:57 - MdlStrTGZ] Model GRUModel(
  (gru): GRU(10, 128, num_layers=2, batch_first=True, bidirectional=True)
  (linear): Linear(in_features=256, out_features=5, bias=True)
)
[08:55:57 - MdlStrTGZ] loading weights from /tmp/tmpgfg0q_jd/model/weights.pt
[08:55:57 - MdlStrTGZ] Successfully removed temporary files from /tmp/tmpgfg0q_jd.
[08:55:57 - Predict] Model device: cpu
[08:55:57 - Predict] Running prediction at full precision
[08:55:57 - BAMFile] Creating pool of 16 BAM file sets.
[08:55:57 - Predict] Processing 7 long region(s) with batching.
[08:55:57 - Sampler] Initializing sampler for consensus of region contig_1:0-1000000.
[08:55:57 - Sampler] Initializing sampler for consensus of region contig_1:999000-1999000.
[08:55:57 - PWorker] Running inference for 5.0M draft bases.
[08:55:58 - Feature] Processed contig_1:0.0-999999.0 (median depth 9.0)
[08:55:58 - Sampler] Took 1.12s to make features.
[08:55:58 - Sampler] Initializing sampler for consensus of region contig_1:1998000-2998000.
[08:55:58 - Feature] Processed contig_1:999000.0-1998999.0 (median depth 9.0)
[08:55:58 - Sampler] Took 1.19s to make features.
[08:55:58 - Sampler] Initializing sampler for consensus of region contig_1:2997000-3997000.
[08:55:59 - Feature] Processed contig_1:2997000.0-3996999.0 (median depth 9.0)
[08:55:59 - Sampler] Took 0.92s to make features.
[08:55:59 - Sampler] Initializing sampler for consensus of region contig_1:3996000-4869699.
[08:55:59 - Feature] Processed contig_1:1998000.0-2997999.0 (median depth 9.0)
[08:55:59 - Sampler] Took 1.11s to make features.
[08:55:59 - Sampler] Initializing sampler for consensus of region 1:0-127146.
[08:55:59 - Feature] Processed 1:0.0-127145.0 (median depth 9.0)
[08:55:59 - Sampler] Took 0.29s to make features.
[08:55:59 - Sampler] Initializing sampler for consensus of region 2:0-13702.
[08:55:59 - Sampler] Took 0.02s to make features.
[08:56:00 - Feature] Processed contig_1:3996000.0-4869698.0 (median depth 8.0)
[08:56:00 - Sampler] Took 0.64s to make features.
[08:57:44 - PWorker] Batches in cache: 6.
[08:57:44 - PWorker] 17.8% Done (0.9/5.0 Mbases) in 107.2s
[08:57:52 - PWorker] Batches in cache: 5.
[08:57:59 - PWorker] Batches in cache: 4.
[08:57:59 - PWorker] 53.5% Done (2.7/5.0 Mbases) in 122.7s
[08:58:07 - PWorker] Batches in cache: 3.
[08:58:15 - PWorker] Batches in cache: 2.
[08:58:15 - PWorker] 89.2% Done (4.5/5.0 Mbases) in 137.8s
[08:58:20 - PWorker] Processed 6 batches
[08:58:20 - PWorker] All done, 0 remainder regions.
[08:58:20 - Predict] Finished processing all regions.
/data/djs217/miniconda3/envs/hybracter_env/lib/python3.11/site-packages/hybracter/workflow/conda/7aafc1085ca44eee01942c03ca74ecad_/lib/python3.11/site-packages/medaka/common.py:16: UserWarning: pkg_resources is deprecated as an API. See https://setuptools.pypa.io/en/latest/pkg_resources.html. The pkg_resources package is slated for removal as early as 2025-11-30. Refrain from using this package or pin to Setuptools<81.
  from pkg_resources import resource_filename
[08:58:22 - DataIndx] Loaded 1/1 (100.00%) sample files.
[08:58:22 - DataIndx] Loaded 1/1 (100.00%) sample files.
[08:58:22 - DataIndx] Loaded 1/1 (100.00%) sample files.
[08:58:22 - DataIndx] Loaded 1/1 (100.00%) sample files.
[08:58:22 - DataIndx] Loaded 1/1 (100.00%) sample files.
[08:58:22 - DataIndx] Loaded 1/1 (100.00%) sample files.
[08:58:22 - DataIndx] Loaded 1/1 (100.00%) sample files.
[08:58:22 - Stitcher] Copying contig '2' verbatim from input.
