[2025-11-09 10:53:45] INFO: Starting Flye 2.9.6-b1802
[2025-11-09 10:53:45] INFO: >>>STAGE: configure
[2025-11-09 10:53:45] INFO: Configuring run
[2025-11-09 10:53:52] INFO: Total read length: 438477694
[2025-11-09 10:53:52] INFO: Reads N50/N90: 5639 / 1713
[2025-11-09 10:53:52] INFO: Minimum overlap set to 2000
[2025-11-09 10:53:52] INFO: >>>STAGE: assembly
[2025-11-09 10:53:52] INFO: Assembling disjointigs
[2025-11-09 10:53:52] INFO: Reading sequences
[2025-11-09 10:53:59] INFO: Building minimizer index
[2025-11-09 10:53:59] INFO: Pre-calculating index storage
0% 10% 20% 30% 40% 50% 60% 70% 80% 90% 100% 
[2025-11-09 10:54:11] INFO: Filling index
0% 10% 20% 30% 40% 50% 60% 70% 80% 90% 100% 
[2025-11-09 10:54:34] INFO: Extending reads
[2025-11-09 10:55:11] INFO: Overlap-based coverage: 52
[2025-11-09 10:55:11] INFO: Median overlap divergence: 0.0155075
0% 70% 80% 100% 
[2025-11-09 10:57:50] INFO: Assembled 6 disjointigs
[2025-11-09 10:57:50] INFO: Generating sequence
0% 10% 20% 30% 40% 50% 60% 70% 80% 90% 100% 
[2025-11-09 10:57:52] INFO: Filtering contained disjointigs
0% 10% 30% 50% 60% 80% 100% 
[2025-11-09 10:57:54] INFO: Contained seqs: 2
[2025-11-09 10:57:54] INFO: >>>STAGE: consensus
[2025-11-09 10:57:54] INFO: Running Minimap2
[2025-11-09 10:59:22] INFO: Computing consensus
[2025-11-09 11:00:27] INFO: Alignment error rate: 0.028140
[2025-11-09 11:00:27] INFO: >>>STAGE: repeat
[2025-11-09 11:00:27] INFO: Building and resolving repeat graph
[2025-11-09 11:00:27] INFO: Parsing disjointigs
[2025-11-09 11:00:27] INFO: Building repeat graph
0% 20% 50% 70% 100% 
[2025-11-09 11:00:30] INFO: Median overlap divergence: 0.0657846
[2025-11-09 11:00:30] INFO: Parsing reads
[2025-11-09 11:00:37] INFO: Aligning reads to the graph
0% 10% 20% 30% 40% 50% 60% 70% 80% 90% 100% 
[2025-11-09 11:01:43] INFO: Aligned read sequence: 340285058 / 379634079 (0.89635)
[2025-11-09 11:01:43] INFO: Median overlap divergence: 0.00688386
[2025-11-09 11:01:43] INFO: Mean edge coverage: 64
[2025-11-09 11:01:43] INFO: Simplifying the graph
[2025-11-09 11:01:44] INFO: >>>STAGE: contigger
[2025-11-09 11:01:44] INFO: Generating contigs
[2025-11-09 11:01:44] INFO: Reading sequences
[2025-11-09 11:01:51] INFO: Generated 5 contigs
[2025-11-09 11:01:51] INFO: Added 0 scaffold connections
[2025-11-09 11:01:51] INFO: >>>STAGE: polishing
[2025-11-09 11:01:51] INFO: Polishing genome (1/1)
[2025-11-09 11:01:51] INFO: Running minimap2
[2025-11-09 11:03:44] INFO: Separating alignment into bubbles
[2025-11-09 11:05:09] INFO: Alignment error rate: 0.020297
[2025-11-09 11:05:09] INFO: Correcting bubbles
0% 10% 20% 30% 40% 50% 60% 70% 80% 90% 100% 
[2025-11-09 11:06:42] INFO: >>>STAGE: finalize
[2025-11-09 11:06:42] INFO: Assembly statistics:

	Total length:	5269704
	Fragments:	5
	Fragments N50:	5174215
	Largest frg:	5174215
	Scaffolds:	0
	Mean coverage:	80

[2025-11-09 11:06:42] INFO: Final assembly: /data/djs217/PROJECTS/xanthomonas-genome-assemblies/PRJNA1131453/hybracter-hybrid/processing/assemblies/NCPPB_2063/assembly.fasta
