/data/djs217/miniconda3/envs/hybracter_env/lib/python3.11/site-packages/hybracter/workflow/conda/7aafc1085ca44eee01942c03ca74ecad_/lib/python3.11/site-packages/medaka/common.py:16: UserWarning: pkg_resources is deprecated as an API. See https://setuptools.pypa.io/en/latest/pkg_resources.html. The pkg_resources package is slated for removal as early as 2025-11-30. Refrain from using this package or pin to Setuptools<81.
  from pkg_resources import resource_filename
/data/djs217/miniconda3/envs/hybracter_env/lib/python3.11/site-packages/hybracter/workflow/conda/7aafc1085ca44eee01942c03ca74ecad_/lib/python3.11/site-packages/medaka/common.py:16: UserWarning: pkg_resources is deprecated as an API. See https://setuptools.pypa.io/en/latest/pkg_resources.html. The pkg_resources package is slated for removal as early as 2025-11-30. Refrain from using this package or pin to Setuptools<81.
  from pkg_resources import resource_filename
/data/djs217/miniconda3/envs/hybracter_env/lib/python3.11/site-packages/hybracter/workflow/conda/7aafc1085ca44eee01942c03ca74ecad_/lib/python3.11/site-packages/medaka/common.py:16: UserWarning: pkg_resources is deprecated as an API. See https://setuptools.pypa.io/en/latest/pkg_resources.html. The pkg_resources package is slated for removal as early as 2025-11-30. Refrain from using this package or pin to Setuptools<81.
  from pkg_resources import resource_filename
[08:44:40 - MdlStrTGZ] Successfully removed temporary files from /tmp/tmp9gpwmm_r.
/data/djs217/miniconda3/envs/hybracter_env/lib/python3.11/site-packages/hybracter/workflow/conda/7aafc1085ca44eee01942c03ca74ecad_/lib/python3.11/site-packages/medaka/common.py:16: UserWarning: pkg_resources is deprecated as an API. See https://setuptools.pypa.io/en/latest/pkg_resources.html. The pkg_resources package is slated for removal as early as 2025-11-30. Refrain from using this package or pin to Setuptools<81.
  from pkg_resources import resource_filename
[08:44:43 - MdlStrTGZ] Successfully removed temporary files from /tmp/tmp3ahxcx2d.
Creating fai index file /data/djs217/PROJECTS/PRJNA1129555/hybracter-hybrid/processing/complete/dnaapler/NCPPB_3569/NCPPB_3569_reoriented_chrom_and_plasmids.fasta.fai
Creating mmi index file /data/djs217/PROJECTS/PRJNA1129555/hybracter-hybrid/processing/complete/dnaapler/NCPPB_3569/NCPPB_3569_reoriented_chrom_and_plasmids.fasta.map-ont.mmi
[M::mm_idx_gen::0.173*1.01] collected minimizers
[M::mm_idx_gen::0.229*1.44] sorted minimizers
[M::main::0.292*1.35] loaded/built the index for 2 target sequence(s)
[M::mm_idx_stat] kmer size: 15; skip: 10; is_hpc: 0; #seq: 2
[M::mm_idx_stat::0.306*1.33] distinct minimizers: 882569 (94.75% are singletons); average occurrences: 1.088; average spacing: 5.353; total length: 5138317
[M::main] Version: 2.30-r1287
[M::main] CMD: minimap2 -I 16G -x map-ont -d /data/djs217/PROJECTS/PRJNA1129555/hybracter-hybrid/processing/complete/dnaapler/NCPPB_3569/NCPPB_3569_reoriented_chrom_and_plasmids.fasta.map-ont.mmi /data/djs217/PROJECTS/PRJNA1129555/hybracter-hybrid/processing/complete/dnaapler/NCPPB_3569/NCPPB_3569_reoriented_chrom_and_plasmids.fasta
[M::main] Real time: 0.312 sec; CPU: 0.413 sec; Peak RSS: 0.050 GB
[M::main::0.076*1.04] loaded/built the index for 2 target sequence(s)
[M::mm_mapopt_update::0.093*1.03] mid_occ = 73
[M::mm_idx_stat] kmer size: 15; skip: 10; is_hpc: 0; #seq: 2
[M::mm_idx_stat::0.105*1.03] distinct minimizers: 882569 (94.75% are singletons); average occurrences: 1.088; average spacing: 5.353; total length: 5138317
[M::worker_pipeline::31.897*6.94] mapped 29334 sequences
[M::main] Version: 2.30-r1287
[M::main] CMD: minimap2 -x map-ont --secondary=no -L --MD -A 2 -B 4 -O 4,24 -E 2,1 -t 12 -a /data/djs217/PROJECTS/PRJNA1129555/hybracter-hybrid/processing/complete/dnaapler/NCPPB_3569/NCPPB_3569_reoriented_chrom_and_plasmids.fasta.map-ont.mmi /data/djs217/PROJECTS/PRJNA1129555/hybracter-hybrid/processing/qc/NCPPB_3569_filt_trim.fastq.gz
[M::main] Real time: 31.907 sec; CPU: 221.298 sec; Peak RSS: 2.626 GB
[bam_sort_core] merging from 0 files and 12 in-memory blocks...
/data/djs217/miniconda3/envs/hybracter_env/lib/python3.11/site-packages/hybracter/workflow/conda/7aafc1085ca44eee01942c03ca74ecad_/lib/python3.11/site-packages/medaka/common.py:16: UserWarning: pkg_resources is deprecated as an API. See https://setuptools.pypa.io/en/latest/pkg_resources.html. The pkg_resources package is slated for removal as early as 2025-11-30. Refrain from using this package or pin to Setuptools<81.
  from pkg_resources import resource_filename
[08:45:22 - Predict] Processing region(s): contig_1:0-5094384 1:0-43933
[08:45:22 - Predict] Using model: /data/djs217/miniconda3/envs/hybracter_env/lib/python3.11/site-packages/hybracter/workflow/conda/7aafc1085ca44eee01942c03ca74ecad_/lib/python3.11/site-packages/medaka/data/r1041_e82_400bps_sup_v5.0.0_model_pt.tar.gz.
[08:45:22 - Predict] Using minimum mapQ threshold of 1 for read filtering.
[08:45:22 - MdlStrTGZ] Model GRUModel(
  (gru): GRU(10, 128, num_layers=2, batch_first=True, bidirectional=True)
  (linear): Linear(in_features=256, out_features=5, bias=True)
)
[08:45:22 - MdlStrTGZ] loading weights from /tmp/tmpmgb_sipx/model/weights.pt
[08:45:22 - MdlStrTGZ] Successfully removed temporary files from /tmp/tmpmgb_sipx.
[08:45:22 - Predict] Model device: cpu
[08:45:22 - Predict] Running prediction at full precision
[08:45:22 - BAMFile] Creating pool of 16 BAM file sets.
[08:45:22 - Predict] Processing 7 long region(s) with batching.
[08:45:22 - Sampler] Initializing sampler for consensus of region contig_1:0-1000000.
[08:45:22 - Sampler] Initializing sampler for consensus of region contig_1:999000-1999000.
[08:45:22 - PWorker] Running inference for 5.1M draft bases.
[08:45:24 - Feature] Processed contig_1:999000.0-1998999.0 (median depth 78.0)
[08:45:24 - Sampler] Took 2.27s to make features.
[08:45:24 - Sampler] Initializing sampler for consensus of region contig_1:1998000-2998000.
[08:45:24 - Feature] Processed contig_1:0.0-999999.0 (median depth 100.0)
[08:45:24 - Sampler] Took 2.48s to make features.
[08:45:24 - Sampler] Initializing sampler for consensus of region contig_1:2997000-3997000.
[08:45:26 - Feature] Processed contig_1:1998000.0-2997999.0 (median depth 67.0)
[08:45:26 - Sampler] Took 1.30s to make features.
[08:45:26 - Sampler] Initializing sampler for consensus of region contig_1:3996000-4996000.
[08:45:26 - Feature] Processed contig_1:2997000.0-3996999.9 (median depth 79.0)
[08:45:26 - Sampler] Took 1.30s to make features.
[08:45:26 - Sampler] Initializing sampler for consensus of region contig_1:4995000-5094384.
[08:45:26 - Feature] Processed contig_1:4995000.0-5094383.0 (median depth 111.0)
[08:45:26 - Sampler] Took 0.51s to make features.
[08:45:26 - Sampler] Initializing sampler for consensus of region 1:0-43933.
[08:45:26 - Feature] Processed 1:0.0-43932.0 (median depth 54.0)
[08:45:26 - Sampler] Took 0.17s to make features.
[08:45:27 - Feature] Processed contig_1:3996000.0-4995999.0 (median depth 98.0)
[08:45:27 - Sampler] Took 1.52s to make features.
[08:45:34 - PWorker] Batches in cache: 7.
[08:45:34 - PWorker] 14.8% Done (0.8/5.1 Mbases) in 12.4s
[08:45:41 - PWorker] Batches in cache: 6.
[08:45:48 - PWorker] Batches in cache: 5.
[08:45:48 - PWorker] 43.9% Done (2.3/5.1 Mbases) in 26.1s
[08:45:55 - PWorker] Batches in cache: 4.
[08:46:02 - PWorker] Batches in cache: 3.
[08:46:02 - PWorker] 73.6% Done (3.8/5.1 Mbases) in 40.1s
[08:46:09 - PWorker] Batches in cache: 2.
[08:46:15 - PWorker] Batches in cache: 1.
[08:46:15 - PWorker] 100.0% Done (5.1/5.1 Mbases) in 52.6s
[08:46:15 - PWorker] Processed 7 batches
[08:46:15 - PWorker] All done, 0 remainder regions.
[08:46:15 - Predict] Finished processing all regions.
/data/djs217/miniconda3/envs/hybracter_env/lib/python3.11/site-packages/hybracter/workflow/conda/7aafc1085ca44eee01942c03ca74ecad_/lib/python3.11/site-packages/medaka/common.py:16: UserWarning: pkg_resources is deprecated as an API. See https://setuptools.pypa.io/en/latest/pkg_resources.html. The pkg_resources package is slated for removal as early as 2025-11-30. Refrain from using this package or pin to Setuptools<81.
  from pkg_resources import resource_filename
[08:46:17 - DataIndx] Loaded 1/1 (100.00%) sample files.
[08:46:17 - DataIndx] Loaded 1/1 (100.00%) sample files.
[08:46:17 - DataIndx] Loaded 1/1 (100.00%) sample files.
[08:46:17 - DataIndx] Loaded 1/1 (100.00%) sample files.
[08:46:17 - DataIndx] Loaded 1/1 (100.00%) sample files.
[08:46:17 - DataIndx] Loaded 1/1 (100.00%) sample files.
[08:46:17 - DataIndx] Loaded 1/1 (100.00%) sample files.
[08:46:17 - DataIndx] Loaded 1/1 (100.00%) sample files.
