/data/djs217/miniconda3/envs/hybracter_env/lib/python3.11/site-packages/hybracter/workflow/conda/7aafc1085ca44eee01942c03ca74ecad_/lib/python3.11/site-packages/medaka/common.py:16: UserWarning: pkg_resources is deprecated as an API. See https://setuptools.pypa.io/en/latest/pkg_resources.html. The pkg_resources package is slated for removal as early as 2025-11-30. Refrain from using this package or pin to Setuptools<81.
  from pkg_resources import resource_filename
/data/djs217/miniconda3/envs/hybracter_env/lib/python3.11/site-packages/hybracter/workflow/conda/7aafc1085ca44eee01942c03ca74ecad_/lib/python3.11/site-packages/medaka/common.py:16: UserWarning: pkg_resources is deprecated as an API. See https://setuptools.pypa.io/en/latest/pkg_resources.html. The pkg_resources package is slated for removal as early as 2025-11-30. Refrain from using this package or pin to Setuptools<81.
  from pkg_resources import resource_filename
/data/djs217/miniconda3/envs/hybracter_env/lib/python3.11/site-packages/hybracter/workflow/conda/7aafc1085ca44eee01942c03ca74ecad_/lib/python3.11/site-packages/medaka/common.py:16: UserWarning: pkg_resources is deprecated as an API. See https://setuptools.pypa.io/en/latest/pkg_resources.html. The pkg_resources package is slated for removal as early as 2025-11-30. Refrain from using this package or pin to Setuptools<81.
  from pkg_resources import resource_filename
[12:18:42 - MdlStrTGZ] Successfully removed temporary files from /tmp/tmprivzptho.
/data/djs217/miniconda3/envs/hybracter_env/lib/python3.11/site-packages/hybracter/workflow/conda/7aafc1085ca44eee01942c03ca74ecad_/lib/python3.11/site-packages/medaka/common.py:16: UserWarning: pkg_resources is deprecated as an API. See https://setuptools.pypa.io/en/latest/pkg_resources.html. The pkg_resources package is slated for removal as early as 2025-11-30. Refrain from using this package or pin to Setuptools<81.
  from pkg_resources import resource_filename
[12:18:44 - MdlStrTGZ] Successfully removed temporary files from /tmp/tmpvc0mjnqo.
Creating fai index file /data/djs217/PROJECTS/PRJNA1129555/hybracter-hybrid/processing/complete/dnaapler/NCPPB_2866/NCPPB_2866_reoriented_chrom_and_plasmids.fasta.fai
Creating mmi index file /data/djs217/PROJECTS/PRJNA1129555/hybracter-hybrid/processing/complete/dnaapler/NCPPB_2866/NCPPB_2866_reoriented_chrom_and_plasmids.fasta.map-ont.mmi
[M::mm_idx_gen::0.185*1.01] collected minimizers
[M::mm_idx_gen::0.264*1.50] sorted minimizers
[M::main::0.331*1.40] loaded/built the index for 2 target sequence(s)
[M::mm_idx_stat] kmer size: 15; skip: 10; is_hpc: 0; #seq: 2
[M::mm_idx_stat::0.346*1.38] distinct minimizers: 846857 (94.06% are singletons); average occurrences: 1.076; average spacing: 5.355; total length: 4879547
[M::main] Version: 2.30-r1287
[M::main] CMD: minimap2 -I 16G -x map-ont -d /data/djs217/PROJECTS/PRJNA1129555/hybracter-hybrid/processing/complete/dnaapler/NCPPB_2866/NCPPB_2866_reoriented_chrom_and_plasmids.fasta.map-ont.mmi /data/djs217/PROJECTS/PRJNA1129555/hybracter-hybrid/processing/complete/dnaapler/NCPPB_2866/NCPPB_2866_reoriented_chrom_and_plasmids.fasta
[M::main] Real time: 0.354 sec; CPU: 0.486 sec; Peak RSS: 0.051 GB
[M::main::0.064*1.02] loaded/built the index for 2 target sequence(s)
[M::mm_mapopt_update::0.083*1.01] mid_occ = 10
[M::mm_idx_stat] kmer size: 15; skip: 10; is_hpc: 0; #seq: 2
[M::mm_idx_stat::0.097*1.01] distinct minimizers: 846857 (94.06% are singletons); average occurrences: 1.076; average spacing: 5.355; total length: 4879547
[M::worker_pipeline::48.207*3.29] mapped 16822 sequences
[M::main] Version: 2.30-r1287
[M::main] CMD: minimap2 -x map-ont --secondary=no -L --MD -A 2 -B 4 -O 4,24 -E 2,1 -t 12 -a /data/djs217/PROJECTS/PRJNA1129555/hybracter-hybrid/processing/complete/dnaapler/NCPPB_2866/NCPPB_2866_reoriented_chrom_and_plasmids.fasta.map-ont.mmi /data/djs217/PROJECTS/PRJNA1129555/hybracter-hybrid/processing/qc/NCPPB_2866_filt_trim.fastq.gz
[M::main] Real time: 48.221 sec; CPU: 158.460 sec; Peak RSS: 2.280 GB
[bam_sort_core] merging from 0 files and 12 in-memory blocks...
/data/djs217/miniconda3/envs/hybracter_env/lib/python3.11/site-packages/hybracter/workflow/conda/7aafc1085ca44eee01942c03ca74ecad_/lib/python3.11/site-packages/medaka/common.py:16: UserWarning: pkg_resources is deprecated as an API. See https://setuptools.pypa.io/en/latest/pkg_resources.html. The pkg_resources package is slated for removal as early as 2025-11-30. Refrain from using this package or pin to Setuptools<81.
  from pkg_resources import resource_filename
[12:19:40 - Predict] Processing region(s): contig_1:0-4856627 1:0-22920
[12:19:40 - Predict] Using model: /data/djs217/miniconda3/envs/hybracter_env/lib/python3.11/site-packages/hybracter/workflow/conda/7aafc1085ca44eee01942c03ca74ecad_/lib/python3.11/site-packages/medaka/data/r1041_e82_400bps_sup_v5.0.0_model_pt.tar.gz.
[12:19:40 - Predict] Using minimum mapQ threshold of 1 for read filtering.
[12:19:40 - MdlStrTGZ] Model GRUModel(
  (gru): GRU(10, 128, num_layers=2, batch_first=True, bidirectional=True)
  (linear): Linear(in_features=256, out_features=5, bias=True)
)
[12:19:40 - MdlStrTGZ] loading weights from /tmp/tmp_3kx9gso/model/weights.pt
[12:19:40 - MdlStrTGZ] Successfully removed temporary files from /tmp/tmp_3kx9gso.
[12:19:40 - Predict] Model device: cpu
[12:19:40 - Predict] Running prediction at full precision
[12:19:40 - BAMFile] Creating pool of 16 BAM file sets.
[12:19:40 - Predict] Processing 6 long region(s) with batching.
[12:19:40 - Sampler] Initializing sampler for consensus of region contig_1:0-1000000.
[12:19:40 - Sampler] Initializing sampler for consensus of region contig_1:999000-1999000.
[12:19:40 - PWorker] Running inference for 4.9M draft bases.
[12:19:42 - Feature] Processed contig_1:0.0-999999.0 (median depth 104.0)
[12:19:42 - Sampler] Took 1.69s to make features.
[12:19:42 - Sampler] Initializing sampler for consensus of region contig_1:1998000-2998000.
[12:19:42 - Feature] Processed contig_1:999000.0-1998999.0 (median depth 81.0)
[12:19:42 - Sampler] Took 1.79s to make features.
[12:19:42 - Sampler] Initializing sampler for consensus of region contig_1:2997000-3997000.
[12:19:43 - Feature] Processed contig_1:1998000.0-2997999.2 (median depth 74.0)
[12:19:43 - Sampler] Took 1.13s to make features.
[12:19:43 - Sampler] Initializing sampler for consensus of region contig_1:3996000-4856627.
[12:19:43 - Feature] Processed contig_1:2997000.0-3996999.0 (median depth 85.0)
[12:19:43 - Sampler] Took 1.09s to make features.
[12:19:43 - Sampler] Initializing sampler for consensus of region 1:0-22920.
[12:19:44 - Feature] Processed 1:0.0-22919.0 (median depth 66.0)
[12:19:44 - Sampler] Took 0.23s to make features.
[12:19:45 - Feature] Processed contig_1:3996000.0-4856626.0 (median depth 107.0)
[12:19:45 - Sampler] Took 1.24s to make features.
[12:19:53 - PWorker] Batches in cache: 7.
[12:19:53 - PWorker] 15.5% Done (0.8/4.9 Mbases) in 12.5s
[12:20:01 - PWorker] Batches in cache: 6.
[12:20:08 - PWorker] Batches in cache: 5.
[12:20:08 - PWorker] 47.4% Done (2.3/4.9 Mbases) in 27.9s
[12:20:16 - PWorker] Batches in cache: 4.
[12:20:23 - PWorker] Batches in cache: 3.
[12:20:23 - PWorker] 79.7% Done (3.9/4.9 Mbases) in 42.5s
[12:20:30 - PWorker] Batches in cache: 2.
[12:20:34 - PWorker] 100.0% Done (4.9/4.9 Mbases) in 53.1s
[12:20:34 - PWorker] Processed 7 batches
[12:20:34 - PWorker] All done, 0 remainder regions.
[12:20:34 - Predict] Finished processing all regions.
/data/djs217/miniconda3/envs/hybracter_env/lib/python3.11/site-packages/hybracter/workflow/conda/7aafc1085ca44eee01942c03ca74ecad_/lib/python3.11/site-packages/medaka/common.py:16: UserWarning: pkg_resources is deprecated as an API. See https://setuptools.pypa.io/en/latest/pkg_resources.html. The pkg_resources package is slated for removal as early as 2025-11-30. Refrain from using this package or pin to Setuptools<81.
  from pkg_resources import resource_filename
[12:20:36 - DataIndx] Loaded 1/1 (100.00%) sample files.
[12:20:36 - DataIndx] Loaded 1/1 (100.00%) sample files.
[12:20:36 - DataIndx] Loaded 1/1 (100.00%) sample files.
[12:20:36 - DataIndx] Loaded 1/1 (100.00%) sample files.
[12:20:36 - DataIndx] Loaded 1/1 (100.00%) sample files.
[12:20:36 - DataIndx] Loaded 1/1 (100.00%) sample files.
[12:20:36 - DataIndx] Loaded 1/1 (100.00%) sample files.
