/data/djs217/miniconda3/envs/hybracter_env/lib/python3.11/site-packages/hybracter/workflow/conda/7aafc1085ca44eee01942c03ca74ecad_/lib/python3.11/site-packages/medaka/common.py:16: UserWarning: pkg_resources is deprecated as an API. See https://setuptools.pypa.io/en/latest/pkg_resources.html. The pkg_resources package is slated for removal as early as 2025-11-30. Refrain from using this package or pin to Setuptools<81.
  from pkg_resources import resource_filename
/data/djs217/miniconda3/envs/hybracter_env/lib/python3.11/site-packages/hybracter/workflow/conda/7aafc1085ca44eee01942c03ca74ecad_/lib/python3.11/site-packages/medaka/common.py:16: UserWarning: pkg_resources is deprecated as an API. See https://setuptools.pypa.io/en/latest/pkg_resources.html. The pkg_resources package is slated for removal as early as 2025-11-30. Refrain from using this package or pin to Setuptools<81.
  from pkg_resources import resource_filename
/data/djs217/miniconda3/envs/hybracter_env/lib/python3.11/site-packages/hybracter/workflow/conda/7aafc1085ca44eee01942c03ca74ecad_/lib/python3.11/site-packages/medaka/common.py:16: UserWarning: pkg_resources is deprecated as an API. See https://setuptools.pypa.io/en/latest/pkg_resources.html. The pkg_resources package is slated for removal as early as 2025-11-30. Refrain from using this package or pin to Setuptools<81.
  from pkg_resources import resource_filename
[12:44:42 - MdlStrTGZ] Successfully removed temporary files from /tmp/tmpeb0i2b1w.
/data/djs217/miniconda3/envs/hybracter_env/lib/python3.11/site-packages/hybracter/workflow/conda/7aafc1085ca44eee01942c03ca74ecad_/lib/python3.11/site-packages/medaka/common.py:16: UserWarning: pkg_resources is deprecated as an API. See https://setuptools.pypa.io/en/latest/pkg_resources.html. The pkg_resources package is slated for removal as early as 2025-11-30. Refrain from using this package or pin to Setuptools<81.
  from pkg_resources import resource_filename
[12:44:45 - MdlStrTGZ] Successfully removed temporary files from /tmp/tmpqantv5km.
Creating fai index file /data/djs217/PROJECTS/PRJNA1129555/hybracter-hybrid/processing/complete/dnaapler/NCPPB_1638/NCPPB_1638_reoriented_chrom_and_plasmids.fasta.fai
Creating mmi index file /data/djs217/PROJECTS/PRJNA1129555/hybracter-hybrid/processing/complete/dnaapler/NCPPB_1638/NCPPB_1638_reoriented_chrom_and_plasmids.fasta.map-ont.mmi
[M::mm_idx_gen::0.180*1.02] collected minimizers
[M::mm_idx_gen::0.249*1.47] sorted minimizers
[M::main::0.311*1.38] loaded/built the index for 2 target sequence(s)
[M::mm_idx_stat] kmer size: 15; skip: 10; is_hpc: 0; #seq: 2
[M::mm_idx_stat::0.324*1.36] distinct minimizers: 794540 (93.91% are singletons); average occurrences: 1.110; average spacing: 5.361; total length: 4726229
[M::main] Version: 2.30-r1287
[M::main] CMD: minimap2 -I 16G -x map-ont -d /data/djs217/PROJECTS/PRJNA1129555/hybracter-hybrid/processing/complete/dnaapler/NCPPB_1638/NCPPB_1638_reoriented_chrom_and_plasmids.fasta.map-ont.mmi /data/djs217/PROJECTS/PRJNA1129555/hybracter-hybrid/processing/complete/dnaapler/NCPPB_1638/NCPPB_1638_reoriented_chrom_and_plasmids.fasta
[M::main] Real time: 0.331 sec; CPU: 0.448 sec; Peak RSS: 0.048 GB
[M::main::0.074*1.04] loaded/built the index for 2 target sequence(s)
[M::mm_mapopt_update::0.092*1.03] mid_occ = 42
[M::mm_idx_stat] kmer size: 15; skip: 10; is_hpc: 0; #seq: 2
[M::mm_idx_stat::0.104*1.03] distinct minimizers: 794540 (93.91% are singletons); average occurrences: 1.110; average spacing: 5.361; total length: 4726229
[M::worker_pipeline::29.683*6.01] mapped 20304 sequences
[M::main] Version: 2.30-r1287
[M::main] CMD: minimap2 -x map-ont --secondary=no -L --MD -A 2 -B 4 -O 4,24 -E 2,1 -t 12 -a /data/djs217/PROJECTS/PRJNA1129555/hybracter-hybrid/processing/complete/dnaapler/NCPPB_1638/NCPPB_1638_reoriented_chrom_and_plasmids.fasta.map-ont.mmi /data/djs217/PROJECTS/PRJNA1129555/hybracter-hybrid/processing/qc/NCPPB_1638_filt_trim.fastq.gz
[M::main] Real time: 29.693 sec; CPU: 178.506 sec; Peak RSS: 3.016 GB
[bam_sort_core] merging from 0 files and 12 in-memory blocks...
/data/djs217/miniconda3/envs/hybracter_env/lib/python3.11/site-packages/hybracter/workflow/conda/7aafc1085ca44eee01942c03ca74ecad_/lib/python3.11/site-packages/medaka/common.py:16: UserWarning: pkg_resources is deprecated as an API. See https://setuptools.pypa.io/en/latest/pkg_resources.html. The pkg_resources package is slated for removal as early as 2025-11-30. Refrain from using this package or pin to Setuptools<81.
  from pkg_resources import resource_filename
[12:45:23 - Predict] Processing region(s): contig_1:0-4712107 1:0-14122
[12:45:23 - Predict] Using model: /data/djs217/miniconda3/envs/hybracter_env/lib/python3.11/site-packages/hybracter/workflow/conda/7aafc1085ca44eee01942c03ca74ecad_/lib/python3.11/site-packages/medaka/data/r1041_e82_400bps_sup_v5.0.0_model_pt.tar.gz.
[12:45:23 - Predict] Using minimum mapQ threshold of 1 for read filtering.
[12:45:23 - MdlStrTGZ] Model GRUModel(
  (gru): GRU(10, 128, num_layers=2, batch_first=True, bidirectional=True)
  (linear): Linear(in_features=256, out_features=5, bias=True)
)
[12:45:23 - MdlStrTGZ] loading weights from /tmp/tmpxy1x8tr8/model/weights.pt
[12:45:23 - MdlStrTGZ] Successfully removed temporary files from /tmp/tmpxy1x8tr8.
[12:45:23 - Predict] Model device: cpu
[12:45:23 - Predict] Running prediction at full precision
[12:45:23 - BAMFile] Creating pool of 16 BAM file sets.
[12:45:23 - Predict] Processing 6 long region(s) with batching.
[12:45:23 - Sampler] Initializing sampler for consensus of region contig_1:0-1000000.
[12:45:23 - Sampler] Initializing sampler for consensus of region contig_1:999000-1999000.
[12:45:23 - PWorker] Running inference for 4.7M draft bases.
[12:45:24 - Feature] Processed contig_1:0.0-999999.0 (median depth 104.0)
[12:45:24 - Sampler] Took 1.69s to make features.
[12:45:24 - Sampler] Initializing sampler for consensus of region contig_1:1998000-2998000.
[12:45:24 - Feature] Processed contig_1:999000.0-1998999.0 (median depth 89.0)
[12:45:24 - Sampler] Took 1.75s to make features.
[12:45:25 - Sampler] Initializing sampler for consensus of region contig_1:2997000-3997000.
[12:45:26 - Feature] Processed contig_1:1998000.0-2997999.0 (median depth 74.0)
[12:45:26 - Sampler] Took 1.26s to make features.
[12:45:26 - Sampler] Initializing sampler for consensus of region contig_1:3996000-4712107.
[12:45:26 - Feature] Processed contig_1:2997000.0-3996999.0 (median depth 93.0)
[12:45:26 - Sampler] Took 1.36s to make features.
[12:45:26 - Sampler] Initializing sampler for consensus of region 1:0-14122.
[12:45:26 - Feature] Processed 1:0.0-14121.0 (median depth 9.0)
[12:45:26 - Sampler] Took 0.02s to make features.
[12:45:27 - Feature] Processed contig_1:3996000.0-4712106.0 (median depth 107.0)
[12:45:27 - Sampler] Took 1.26s to make features.
[12:45:35 - PWorker] Batches in cache: 7.
[12:45:35 - PWorker] 15.4% Done (0.7/4.7 Mbases) in 11.9s
[12:45:42 - PWorker] Batches in cache: 6.
[12:45:50 - PWorker] Batches in cache: 5.
[12:45:50 - PWorker] 47.1% Done (2.2/4.7 Mbases) in 27.4s
[12:45:58 - PWorker] Batches in cache: 4.
[12:46:06 - PWorker] Batches in cache: 3.
[12:46:06 - PWorker] 80.1% Done (3.8/4.7 Mbases) in 43.0s
[12:46:14 - PWorker] Batches in cache: 2.
[12:46:17 - PWorker] 100.0% Done (4.7/4.7 Mbases) in 54.0s
[12:46:17 - PWorker] Processed 7 batches
[12:46:17 - PWorker] All done, 0 remainder regions.
[12:46:17 - Predict] Finished processing all regions.
/data/djs217/miniconda3/envs/hybracter_env/lib/python3.11/site-packages/hybracter/workflow/conda/7aafc1085ca44eee01942c03ca74ecad_/lib/python3.11/site-packages/medaka/common.py:16: UserWarning: pkg_resources is deprecated as an API. See https://setuptools.pypa.io/en/latest/pkg_resources.html. The pkg_resources package is slated for removal as early as 2025-11-30. Refrain from using this package or pin to Setuptools<81.
  from pkg_resources import resource_filename
[12:46:19 - DataIndx] Loaded 1/1 (100.00%) sample files.
[12:46:19 - DataIndx] Loaded 1/1 (100.00%) sample files.
[12:46:19 - DataIndx] Loaded 1/1 (100.00%) sample files.
[12:46:19 - DataIndx] Loaded 1/1 (100.00%) sample files.
[12:46:19 - DataIndx] Loaded 1/1 (100.00%) sample files.
[12:46:19 - DataIndx] Loaded 1/1 (100.00%) sample files.
[12:46:19 - DataIndx] Loaded 1/1 (100.00%) sample files.
